2025-11-15 17:28:07,229 - ================================================================================
2025-11-15 17:28:07,229 - SEED-VIG Training Summary (FP1/FP2 channels only)
2025-11-15 17:28:07,229 - Start time: 2025-11-15 17:28:07
2025-11-15 17:28:07,229 - ================================================================================
2025-11-15 17:28:07,229 - Starting Trial 1
2025-11-15 17:50:56,389 -   Trial 1 CV 0 completed successfully
2025-11-15 18:09:39,498 -   Trial 1 CV 1 completed successfully
2025-11-15 18:22:41,205 -   Trial 1 CV 2 completed successfully
2025-11-15 18:46:19,107 -   Trial 1 CV 3 completed successfully
2025-11-15 19:07:50,758 -   Trial 1 CV 4 completed successfully
2025-11-15 19:07:50,758 - Trial 1 - Test MSE: 0.012678, Test Correlation: 0.924988
2025-11-15 19:07:50,758 - Starting Trial 2
2025-11-15 19:29:28,428 -   Trial 2 CV 0 completed successfully
2025-11-15 19:33:30,897 -   Trial 2 CV 1 completed successfully
2025-11-15 19:52:01,353 -   Trial 2 CV 2 completed successfully
2025-11-15 20:06:42,250 -   Trial 2 CV 3 completed successfully
2025-11-15 20:24:15,388 -   Trial 2 CV 4 completed successfully
2025-11-15 20:24:15,389 - Trial 2 - Test MSE: 0.024056, Test Correlation: 0.347262
2025-11-15 20:24:15,389 - Starting Trial 3
2025-11-15 20:47:10,526 -   Trial 3 CV 0 completed successfully
2025-11-15 21:12:55,597 -   Trial 3 CV 1 completed successfully
2025-11-15 21:18:08,041 -   Trial 3 CV 2 completed successfully
2025-11-15 21:43:36,465 -   Trial 3 CV 3 completed successfully
2025-11-15 21:59:49,650 -   Trial 3 CV 4 completed successfully
2025-11-15 21:59:49,651 - Trial 3 - Test MSE: 0.021153, Test Correlation: 0.499726
2025-11-15 21:59:49,652 - Starting Trial 4
2025-11-15 22:06:57,847 -   Trial 4 CV 0 completed successfully
2025-11-15 22:41:52,959 -   Trial 4 CV 1 completed successfully
2025-11-15 23:18:37,413 -   Trial 4 CV 2 completed successfully
2025-11-15 23:27:42,333 -   Trial 4 CV 3 completed successfully
2025-11-15 23:32:23,771 -   Trial 4 CV 4 completed successfully
2025-11-15 23:32:23,772 - Trial 4 - Test MSE: 0.029161, Test Correlation: 0.213003
2025-11-15 23:32:23,773 - Starting Trial 5
