2025-11-15 20:24:15,389 - INFO - ================================================================================
2025-11-15 20:24:15,389 - INFO - TRIAL 3 - Task: RGS (FP1/FP2 only)
2025-11-15 20:24:15,389 - INFO - Log file: ./logs_fp/trial3_RGS_20251115_172807.log
2025-11-15 20:24:15,389 - INFO - Start time: 2025-11-15 20:24:15
2025-11-15 20:24:15,389 - INFO - ================================================================================
2025-11-15 20:24:15,389 - INFO - 
--------------------------------------------------------------------------------
2025-11-15 20:24:15,389 - INFO - CV Fold 0
2025-11-15 20:24:15,389 - INFO - --------------------------------------------------------------------------------
2025-11-15 20:24:15,392 - INFO - START TRAINING CV 0 - Task: RGS (FP1/FP2 only)
2025-11-15 20:24:15,392 - INFO - Learning rate: 0.001, Epochs: 500, Batches: 5
2025-11-15 20:24:15,392 - INFO - Loading dataset (FP1/FP2 channels only)...
2025-11-15 20:24:15,406 - INFO - Dataset shapes - Train: (567, 2, 25, 1), Valid: (141, 2, 25, 1), Test: (177, 2, 25, 1)
2025-11-15 20:24:15,413 - INFO - Initializing VIGNet-FP model (2 channels)...
2025-11-15 20:24:15,417 - INFO - Number of batch iterations per epoch: 113
2025-11-15 20:24:29,085 - INFO - Epoch: 1, Training Loss: 0.0769, Validation Loss: 0.0269
2025-11-15 20:24:29,085 - INFO -   → New best validation loss: 0.0269
2025-11-15 20:24:41,887 - INFO - Epoch: 2, Training Loss: 0.0268, Validation Loss: 0.0284
2025-11-15 20:24:54,480 - INFO - Epoch: 3, Training Loss: 0.0281, Validation Loss: 0.0272
2025-11-15 20:25:07,588 - INFO - Epoch: 4, Training Loss: 0.0275, Validation Loss: 0.0266
2025-11-15 20:25:07,590 - INFO -   → New best validation loss: 0.0266
2025-11-15 20:25:20,499 - INFO - Epoch: 5, Training Loss: 0.0268, Validation Loss: 0.0271
2025-11-15 20:25:33,197 - INFO - Epoch: 6, Training Loss: 0.0271, Validation Loss: 0.0266
2025-11-15 20:25:33,198 - INFO -   → New best validation loss: 0.0266
2025-11-15 20:25:45,440 - INFO - Epoch: 7, Training Loss: 0.0263, Validation Loss: 0.0266
2025-11-15 20:25:58,064 - INFO - Epoch: 8, Training Loss: 0.0272, Validation Loss: 0.0265
2025-11-15 20:25:58,068 - INFO -   → New best validation loss: 0.0265
2025-11-15 20:26:11,683 - INFO - Epoch: 9, Training Loss: 0.0272, Validation Loss: 0.0267
2025-11-15 20:26:25,013 - INFO - Epoch: 10, Training Loss: 0.0270, Validation Loss: 0.0266
2025-11-15 20:26:38,053 - INFO - Epoch: 11, Training Loss: 0.0266, Validation Loss: 0.0271
2025-11-15 20:26:50,887 - INFO - Epoch: 12, Training Loss: 0.0265, Validation Loss: 0.0273
2025-11-15 20:27:03,718 - INFO - Epoch: 13, Training Loss: 0.0274, Validation Loss: 0.0312
2025-11-15 20:27:17,217 - INFO - Epoch: 14, Training Loss: 0.0271, Validation Loss: 0.0268
2025-11-15 20:27:30,641 - INFO - Epoch: 15, Training Loss: 0.0268, Validation Loss: 0.0266
2025-11-15 20:27:43,852 - INFO - Epoch: 16, Training Loss: 0.0269, Validation Loss: 0.0266
2025-11-15 20:27:56,055 - INFO - Epoch: 17, Training Loss: 0.0266, Validation Loss: 0.0266
2025-11-15 20:28:08,865 - INFO - Epoch: 18, Training Loss: 0.0269, Validation Loss: 0.0271
2025-11-15 20:28:22,615 - INFO - Epoch: 19, Training Loss: 0.0270, Validation Loss: 0.0275
2025-11-15 20:28:36,330 - INFO - Epoch: 20, Training Loss: 0.0269, Validation Loss: 0.0265
2025-11-15 20:28:36,331 - INFO -   → New best validation loss: 0.0265
2025-11-15 20:28:47,728 - INFO - Epoch: 21, Training Loss: 0.0270, Validation Loss: 0.0267
2025-11-15 20:29:00,092 - INFO - Epoch: 22, Training Loss: 0.0265, Validation Loss: 0.0267
2025-11-15 20:29:11,353 - INFO - Epoch: 23, Training Loss: 0.0271, Validation Loss: 0.0265
2025-11-15 20:29:11,353 - INFO -   → New best validation loss: 0.0265
2025-11-15 20:29:24,615 - INFO - Epoch: 24, Training Loss: 0.0269, Validation Loss: 0.0267
2025-11-15 20:29:38,834 - INFO - Epoch: 25, Training Loss: 0.0272, Validation Loss: 0.0266
2025-11-15 20:29:50,033 - INFO - Epoch: 26, Training Loss: 0.0270, Validation Loss: 0.0264
2025-11-15 20:29:50,034 - INFO -   → New best validation loss: 0.0264
2025-11-15 20:30:01,919 - INFO - Epoch: 27, Training Loss: 0.0270, Validation Loss: 0.0268
2025-11-15 20:30:11,996 - INFO - Epoch: 28, Training Loss: 0.0266, Validation Loss: 0.0268
2025-11-15 20:30:25,460 - INFO - Epoch: 29, Training Loss: 0.0269, Validation Loss: 0.0268
2025-11-15 20:30:37,993 - INFO - Epoch: 30, Training Loss: 0.0270, Validation Loss: 0.0266
2025-11-15 20:30:51,399 - INFO - Epoch: 31, Training Loss: 0.0267, Validation Loss: 0.0265
2025-11-15 20:31:04,532 - INFO - Epoch: 32, Training Loss: 0.0266, Validation Loss: 0.0265
2025-11-15 20:31:17,829 - INFO - Epoch: 33, Training Loss: 0.0263, Validation Loss: 0.0264
2025-11-15 20:31:30,301 - INFO - Epoch: 34, Training Loss: 0.0265, Validation Loss: 0.0252
2025-11-15 20:31:30,301 - INFO -   → New best validation loss: 0.0252
2025-11-15 20:31:40,841 - INFO - Epoch: 35, Training Loss: 0.0272, Validation Loss: 0.0254
2025-11-15 20:31:50,743 - INFO - Epoch: 36, Training Loss: 0.0272, Validation Loss: 0.0262
2025-11-15 20:32:02,124 - INFO - Epoch: 37, Training Loss: 0.0268, Validation Loss: 0.0266
2025-11-15 20:32:11,916 - INFO - Epoch: 38, Training Loss: 0.0267, Validation Loss: 0.0259
2025-11-15 20:32:24,469 - INFO - Epoch: 39, Training Loss: 0.0262, Validation Loss: 0.0254
2025-11-15 20:32:35,470 - INFO - Epoch: 40, Training Loss: 0.0267, Validation Loss: 0.0263
2025-11-15 20:32:45,591 - INFO - Epoch: 41, Training Loss: 0.0262, Validation Loss: 0.0258
2025-11-15 20:32:56,373 - INFO - Epoch: 42, Training Loss: 0.0266, Validation Loss: 0.0255
2025-11-15 20:33:07,376 - INFO - Epoch: 43, Training Loss: 0.0265, Validation Loss: 0.0296
2025-11-15 20:33:19,846 - INFO - Epoch: 44, Training Loss: 0.0262, Validation Loss: 0.0266
2025-11-15 20:33:32,333 - INFO - Epoch: 45, Training Loss: 0.0261, Validation Loss: 0.0265
2025-11-15 20:33:44,480 - INFO - Epoch: 46, Training Loss: 0.0257, Validation Loss: 0.0247
2025-11-15 20:33:44,481 - INFO -   → New best validation loss: 0.0247
2025-11-15 20:33:58,274 - INFO - Epoch: 47, Training Loss: 0.0262, Validation Loss: 0.0259
2025-11-15 20:34:10,717 - INFO - Epoch: 48, Training Loss: 0.0256, Validation Loss: 0.0245
2025-11-15 20:34:10,721 - INFO -   → New best validation loss: 0.0245
2025-11-15 20:34:22,235 - INFO - Epoch: 49, Training Loss: 0.0253, Validation Loss: 0.0247
2025-11-15 20:34:35,311 - INFO - Epoch: 50, Training Loss: 0.0256, Validation Loss: 0.0242
2025-11-15 20:34:35,313 - INFO -   → New best validation loss: 0.0242
2025-11-15 20:34:47,694 - INFO - Epoch: 51, Training Loss: 0.0252, Validation Loss: 0.0240
2025-11-15 20:34:47,696 - INFO -   → New best validation loss: 0.0240
2025-11-15 20:34:58,533 - INFO - Epoch: 52, Training Loss: 0.0265, Validation Loss: 0.0253
2025-11-15 20:35:11,027 - INFO - Epoch: 53, Training Loss: 0.0255, Validation Loss: 0.0296
2025-11-15 20:35:23,189 - INFO - Epoch: 54, Training Loss: 0.0254, Validation Loss: 0.0235
2025-11-15 20:35:23,190 - INFO -   → New best validation loss: 0.0235
2025-11-15 20:35:32,008 - INFO - Epoch: 55, Training Loss: 0.0246, Validation Loss: 0.0230
2025-11-15 20:35:32,008 - INFO -   → New best validation loss: 0.0230
2025-11-15 20:35:45,555 - INFO - Epoch: 56, Training Loss: 0.0251, Validation Loss: 0.0236
2025-11-15 20:35:55,748 - INFO - Epoch: 57, Training Loss: 0.0248, Validation Loss: 0.0244
2025-11-15 20:36:08,943 - INFO - Epoch: 58, Training Loss: 0.0241, Validation Loss: 0.0229
2025-11-15 20:36:08,945 - INFO -   → New best validation loss: 0.0229
2025-11-15 20:36:19,816 - INFO - Epoch: 59, Training Loss: 0.0240, Validation Loss: 0.0294
2025-11-15 20:36:30,370 - INFO - Epoch: 60, Training Loss: 0.0247, Validation Loss: 0.0221
2025-11-15 20:36:30,371 - INFO -   → New best validation loss: 0.0221
2025-11-15 20:36:44,026 - INFO - Epoch: 61, Training Loss: 0.0226, Validation Loss: 0.0208
2025-11-15 20:36:44,027 - INFO -   → New best validation loss: 0.0208
2025-11-15 20:36:53,716 - INFO - Epoch: 62, Training Loss: 0.0233, Validation Loss: 0.0223
2025-11-15 20:37:05,496 - INFO - Epoch: 63, Training Loss: 0.0232, Validation Loss: 0.0198
2025-11-15 20:37:05,497 - INFO -   → New best validation loss: 0.0198
2025-11-15 20:37:18,291 - INFO - Epoch: 64, Training Loss: 0.0214, Validation Loss: 0.0181
2025-11-15 20:37:18,293 - INFO -   → New best validation loss: 0.0181
2025-11-15 20:37:28,357 - INFO - Epoch: 65, Training Loss: 0.0220, Validation Loss: 0.0211
2025-11-15 20:37:41,139 - INFO - Epoch: 66, Training Loss: 0.0216, Validation Loss: 0.0168
2025-11-15 20:37:41,140 - INFO -   → New best validation loss: 0.0168
2025-11-15 20:37:52,130 - INFO - Epoch: 67, Training Loss: 0.0206, Validation Loss: 0.0192
2025-11-15 20:38:02,426 - INFO - Epoch: 68, Training Loss: 0.0220, Validation Loss: 0.0177
2025-11-15 20:38:13,708 - INFO - Epoch: 69, Training Loss: 0.0180, Validation Loss: 0.0154
2025-11-15 20:38:13,709 - INFO -   → New best validation loss: 0.0154
2025-11-15 20:38:26,934 - INFO - Epoch: 70, Training Loss: 0.0193, Validation Loss: 0.0152
2025-11-15 20:38:26,936 - INFO -   → New best validation loss: 0.0152
2025-11-15 20:38:39,952 - INFO - Epoch: 71, Training Loss: 0.0184, Validation Loss: 0.0174
2025-11-15 20:38:53,026 - INFO - Epoch: 72, Training Loss: 0.0172, Validation Loss: 0.0193
2025-11-15 20:39:05,437 - INFO - Epoch: 73, Training Loss: 0.0169, Validation Loss: 0.0165
2025-11-15 20:39:17,646 - INFO - Epoch: 74, Training Loss: 0.0196, Validation Loss: 0.0153
2025-11-15 20:39:29,683 - INFO - Epoch: 75, Training Loss: 0.0155, Validation Loss: 0.0183
2025-11-15 20:39:39,784 - INFO - Epoch: 76, Training Loss: 0.0175, Validation Loss: 0.0135
2025-11-15 20:39:39,784 - INFO -   → New best validation loss: 0.0135
2025-11-15 20:39:49,933 - INFO - Epoch: 77, Training Loss: 0.0159, Validation Loss: 0.0161
2025-11-15 20:40:00,950 - INFO - Epoch: 78, Training Loss: 0.0140, Validation Loss: 0.0134
2025-11-15 20:40:00,950 - INFO -   → New best validation loss: 0.0134
2025-11-15 20:40:13,128 - INFO - Epoch: 79, Training Loss: 0.0151, Validation Loss: 0.0138
2025-11-15 20:40:22,882 - INFO - Epoch: 80, Training Loss: 0.0163, Validation Loss: 0.0141
2025-11-15 20:40:35,139 - INFO - Epoch: 81, Training Loss: 0.0130, Validation Loss: 0.0121
2025-11-15 20:40:35,140 - INFO -   → New best validation loss: 0.0121
2025-11-15 20:40:48,091 - INFO - Epoch: 82, Training Loss: 0.0161, Validation Loss: 0.0170
2025-11-15 20:41:01,840 - INFO - Epoch: 83, Training Loss: 0.0149, Validation Loss: 0.0155
2025-11-15 20:41:12,292 - INFO - Epoch: 84, Training Loss: 0.0136, Validation Loss: 0.0416
2025-11-15 20:41:21,596 - INFO - Epoch: 85, Training Loss: 0.0130, Validation Loss: 0.0125
2025-11-15 20:41:30,856 - INFO - Epoch: 86, Training Loss: 0.0128, Validation Loss: 0.0133
2025-11-15 20:41:42,041 - INFO - Epoch: 87, Training Loss: 0.0155, Validation Loss: 0.0118
2025-11-15 20:41:42,046 - INFO -   → New best validation loss: 0.0118
2025-11-15 20:41:53,668 - INFO - Epoch: 88, Training Loss: 0.0166, Validation Loss: 0.0114
2025-11-15 20:41:53,672 - INFO -   → New best validation loss: 0.0114
2025-11-15 20:42:05,242 - INFO - Epoch: 89, Training Loss: 0.0145, Validation Loss: 0.0169
2025-11-15 20:42:19,159 - INFO - Epoch: 90, Training Loss: 0.0140, Validation Loss: 0.0111
2025-11-15 20:42:19,160 - INFO -   → New best validation loss: 0.0111
2025-11-15 20:42:29,682 - INFO - Epoch: 91, Training Loss: 0.0134, Validation Loss: 0.0117
2025-11-15 20:42:42,940 - INFO - Epoch: 92, Training Loss: 0.0141, Validation Loss: 0.0177
2025-11-15 20:42:55,407 - INFO - Epoch: 93, Training Loss: 0.0138, Validation Loss: 0.0114
2025-11-15 20:43:10,633 - INFO - Epoch: 94, Training Loss: 0.0133, Validation Loss: 0.0105
2025-11-15 20:43:10,637 - INFO -   → New best validation loss: 0.0105
2025-11-15 20:43:24,074 - INFO - Epoch: 95, Training Loss: 0.0122, Validation Loss: 0.0145
2025-11-15 20:43:37,120 - INFO - Epoch: 96, Training Loss: 0.0138, Validation Loss: 0.0125
2025-11-15 20:43:49,089 - INFO - Epoch: 97, Training Loss: 0.0139, Validation Loss: 0.0120
2025-11-15 20:44:01,329 - INFO - Epoch: 98, Training Loss: 0.0130, Validation Loss: 0.0165
2025-11-15 20:44:12,656 - INFO - Epoch: 99, Training Loss: 0.0147, Validation Loss: 0.0120
2025-11-15 20:44:24,722 - INFO - Epoch: 100, Training Loss: 0.0133, Validation Loss: 0.0144
2025-11-15 20:44:36,012 - INFO - Epoch: 101, Training Loss: 0.0143, Validation Loss: 0.0108
2025-11-15 20:44:48,078 - INFO - Epoch: 102, Training Loss: 0.0126, Validation Loss: 0.0117
2025-11-15 20:44:59,773 - INFO - Epoch: 103, Training Loss: 0.0142, Validation Loss: 0.0125
2025-11-15 20:45:09,962 - INFO - Epoch: 104, Training Loss: 0.0129, Validation Loss: 0.0129
2025-11-15 20:45:22,227 - INFO - Epoch: 105, Training Loss: 0.0118, Validation Loss: 0.0113
2025-11-15 20:45:34,877 - INFO - Epoch: 106, Training Loss: 0.0126, Validation Loss: 0.0138
2025-11-15 20:45:47,124 - INFO - Epoch: 107, Training Loss: 0.0125, Validation Loss: 0.0117
2025-11-15 20:45:59,392 - INFO - Epoch: 108, Training Loss: 0.0125, Validation Loss: 0.0118
2025-11-15 20:46:09,052 - INFO - Epoch: 109, Training Loss: 0.0123, Validation Loss: 0.0111
2025-11-15 20:46:22,168 - INFO - Epoch: 110, Training Loss: 0.0128, Validation Loss: 0.0117
2025-11-15 20:46:35,001 - INFO - Epoch: 111, Training Loss: 0.0130, Validation Loss: 0.0116
2025-11-15 20:46:45,752 - INFO - Epoch: 112, Training Loss: 0.0126, Validation Loss: 0.0122
2025-11-15 20:46:57,882 - INFO - Epoch: 113, Training Loss: 0.0147, Validation Loss: 0.0114
2025-11-15 20:47:10,385 - INFO - Epoch: 114, Training Loss: 0.0129, Validation Loss: 0.0115
2025-11-15 20:47:10,385 - INFO - Early stopping triggered at epoch 114
2025-11-15 20:47:10,385 - INFO - Best validation loss: 0.0105
2025-11-15 20:47:10,389 - INFO - Restored best model weights
2025-11-15 20:47:10,389 - INFO - 
============================================================
2025-11-15 20:47:10,389 - INFO - EVALUATION RESULTS
2025-11-15 20:47:10,389 - INFO - ============================================================
2025-11-15 20:47:10,482 - INFO - Validation Set - MSE: 0.011379, MAE: 0.087011, RMSE: 0.106672, Pearson Correlation: 0.766479 (p=0.000000)
2025-11-15 20:47:10,526 - INFO - Test Set - MSE: 0.012931, MAE: 0.093321, RMSE: 0.113717, Pearson Correlation: 0.741748 (p=0.000000)
2025-11-15 20:47:10,526 - INFO - ============================================================

2025-11-15 20:47:10,526 - INFO - CV Fold 0 completed successfully
2025-11-15 20:47:10,526 - INFO - 
--------------------------------------------------------------------------------
2025-11-15 20:47:10,526 - INFO - CV Fold 1
2025-11-15 20:47:10,526 - INFO - --------------------------------------------------------------------------------
2025-11-15 20:47:10,528 - INFO - START TRAINING CV 1 - Task: RGS (FP1/FP2 only)
2025-11-15 20:47:10,528 - INFO - Learning rate: 0.001, Epochs: 500, Batches: 5
2025-11-15 20:47:10,529 - INFO - Loading dataset (FP1/FP2 channels only)...
2025-11-15 20:47:10,540 - INFO - Dataset shapes - Train: (567, 2, 25, 1), Valid: (141, 2, 25, 1), Test: (177, 2, 25, 1)
2025-11-15 20:47:10,541 - INFO - Initializing VIGNet-FP model (2 channels)...
2025-11-15 20:47:10,543 - INFO - Number of batch iterations per epoch: 113
2025-11-15 20:47:24,299 - INFO - Epoch: 1, Training Loss: 0.0736, Validation Loss: 0.0373
2025-11-15 20:47:24,301 - INFO -   → New best validation loss: 0.0373
2025-11-15 20:47:33,995 - INFO - Epoch: 2, Training Loss: 0.0257, Validation Loss: 0.0350
2025-11-15 20:47:33,995 - INFO -   → New best validation loss: 0.0350
2025-11-15 20:47:43,382 - INFO - Epoch: 3, Training Loss: 0.0260, Validation Loss: 0.0349
2025-11-15 20:47:43,383 - INFO -   → New best validation loss: 0.0349
2025-11-15 20:47:52,394 - INFO - Epoch: 4, Training Loss: 0.0249, Validation Loss: 0.0354
2025-11-15 20:48:02,324 - INFO - Epoch: 5, Training Loss: 0.0251, Validation Loss: 0.0355
2025-11-15 20:48:14,224 - INFO - Epoch: 6, Training Loss: 0.0245, Validation Loss: 0.0357
2025-11-15 20:48:25,643 - INFO - Epoch: 7, Training Loss: 0.0253, Validation Loss: 0.0349
2025-11-15 20:48:25,644 - INFO -   → New best validation loss: 0.0349
2025-11-15 20:48:36,105 - INFO - Epoch: 8, Training Loss: 0.0252, Validation Loss: 0.0342
2025-11-15 20:48:36,106 - INFO -   → New best validation loss: 0.0342
2025-11-15 20:48:47,474 - INFO - Epoch: 9, Training Loss: 0.0253, Validation Loss: 0.0348
2025-11-15 20:48:57,773 - INFO - Epoch: 10, Training Loss: 0.0250, Validation Loss: 0.0343
2025-11-15 20:49:08,444 - INFO - Epoch: 11, Training Loss: 0.0247, Validation Loss: 0.0387
2025-11-15 20:49:20,374 - INFO - Epoch: 12, Training Loss: 0.0250, Validation Loss: 0.0371
2025-11-15 20:49:30,559 - INFO - Epoch: 13, Training Loss: 0.0251, Validation Loss: 0.0340
2025-11-15 20:49:30,560 - INFO -   → New best validation loss: 0.0340
2025-11-15 20:49:42,684 - INFO - Epoch: 14, Training Loss: 0.0250, Validation Loss: 0.0351
2025-11-15 20:49:52,372 - INFO - Epoch: 15, Training Loss: 0.0250, Validation Loss: 0.0344
2025-11-15 20:50:04,386 - INFO - Epoch: 16, Training Loss: 0.0248, Validation Loss: 0.0341
2025-11-15 20:50:19,487 - INFO - Epoch: 17, Training Loss: 0.0247, Validation Loss: 0.0338
2025-11-15 20:50:19,490 - INFO -   → New best validation loss: 0.0338
2025-11-15 20:50:33,405 - INFO - Epoch: 18, Training Loss: 0.0250, Validation Loss: 0.0335
2025-11-15 20:50:33,406 - INFO -   → New best validation loss: 0.0335
2025-11-15 20:50:45,899 - INFO - Epoch: 19, Training Loss: 0.0254, Validation Loss: 0.0357
2025-11-15 20:50:57,878 - INFO - Epoch: 20, Training Loss: 0.0251, Validation Loss: 0.0348
2025-11-15 20:51:09,488 - INFO - Epoch: 21, Training Loss: 0.0247, Validation Loss: 0.0360
2025-11-15 20:51:23,328 - INFO - Epoch: 22, Training Loss: 0.0249, Validation Loss: 0.0357
2025-11-15 20:51:33,361 - INFO - Epoch: 23, Training Loss: 0.0254, Validation Loss: 0.0357
2025-11-15 20:51:43,840 - INFO - Epoch: 24, Training Loss: 0.0248, Validation Loss: 0.0341
2025-11-15 20:51:56,134 - INFO - Epoch: 25, Training Loss: 0.0250, Validation Loss: 0.0337
2025-11-15 20:52:10,344 - INFO - Epoch: 26, Training Loss: 0.0248, Validation Loss: 0.0352
2025-11-15 20:52:22,994 - INFO - Epoch: 27, Training Loss: 0.0246, Validation Loss: 0.0364
2025-11-15 20:52:35,602 - INFO - Epoch: 28, Training Loss: 0.0251, Validation Loss: 0.0337
2025-11-15 20:52:45,966 - INFO - Epoch: 29, Training Loss: 0.0245, Validation Loss: 0.0346
2025-11-15 20:52:58,432 - INFO - Epoch: 30, Training Loss: 0.0248, Validation Loss: 0.0359
2025-11-15 20:53:09,852 - INFO - Epoch: 31, Training Loss: 0.0241, Validation Loss: 0.0362
2025-11-15 20:53:19,600 - INFO - Epoch: 32, Training Loss: 0.0251, Validation Loss: 0.0373
2025-11-15 20:53:30,290 - INFO - Epoch: 33, Training Loss: 0.0248, Validation Loss: 0.0323
2025-11-15 20:53:30,290 - INFO -   → New best validation loss: 0.0323
2025-11-15 20:53:39,524 - INFO - Epoch: 34, Training Loss: 0.0249, Validation Loss: 0.0332
2025-11-15 20:53:51,270 - INFO - Epoch: 35, Training Loss: 0.0255, Validation Loss: 0.0340
2025-11-15 20:54:00,583 - INFO - Epoch: 36, Training Loss: 0.0247, Validation Loss: 0.0365
2025-11-15 20:54:13,692 - INFO - Epoch: 37, Training Loss: 0.0250, Validation Loss: 0.0340
2025-11-15 20:54:23,917 - INFO - Epoch: 38, Training Loss: 0.0245, Validation Loss: 0.0325
2025-11-15 20:54:35,170 - INFO - Epoch: 39, Training Loss: 0.0242, Validation Loss: 0.0340
2025-11-15 20:54:45,617 - INFO - Epoch: 40, Training Loss: 0.0245, Validation Loss: 0.0343
2025-11-15 20:54:56,109 - INFO - Epoch: 41, Training Loss: 0.0241, Validation Loss: 0.0332
2025-11-15 20:55:08,820 - INFO - Epoch: 42, Training Loss: 0.0237, Validation Loss: 0.0313
2025-11-15 20:55:08,821 - INFO -   → New best validation loss: 0.0313
2025-11-15 20:55:21,665 - INFO - Epoch: 43, Training Loss: 0.0248, Validation Loss: 0.0320
2025-11-15 20:55:33,204 - INFO - Epoch: 44, Training Loss: 0.0235, Validation Loss: 0.0330
2025-11-15 20:55:44,902 - INFO - Epoch: 45, Training Loss: 0.0235, Validation Loss: 0.0305
2025-11-15 20:55:44,902 - INFO -   → New best validation loss: 0.0305
2025-11-15 20:55:56,334 - INFO - Epoch: 46, Training Loss: 0.0238, Validation Loss: 0.0338
2025-11-15 20:56:08,443 - INFO - Epoch: 47, Training Loss: 0.0239, Validation Loss: 0.0318
2025-11-15 20:56:19,877 - INFO - Epoch: 48, Training Loss: 0.0229, Validation Loss: 0.0295
2025-11-15 20:56:19,877 - INFO -   → New best validation loss: 0.0295
2025-11-15 20:56:31,393 - INFO - Epoch: 49, Training Loss: 0.0230, Validation Loss: 0.0296
2025-11-15 20:56:43,185 - INFO - Epoch: 50, Training Loss: 0.0235, Validation Loss: 0.0294
2025-11-15 20:56:43,185 - INFO -   → New best validation loss: 0.0294
2025-11-15 20:56:55,442 - INFO - Epoch: 51, Training Loss: 0.0241, Validation Loss: 0.0317
2025-11-15 20:57:04,339 - INFO - Epoch: 52, Training Loss: 0.0234, Validation Loss: 0.0296
2025-11-15 20:57:18,096 - INFO - Epoch: 53, Training Loss: 0.0230, Validation Loss: 0.0349
2025-11-15 20:57:31,501 - INFO - Epoch: 54, Training Loss: 0.0232, Validation Loss: 0.0330
2025-11-15 20:57:42,621 - INFO - Epoch: 55, Training Loss: 0.0222, Validation Loss: 0.0312
2025-11-15 20:57:56,183 - INFO - Epoch: 56, Training Loss: 0.0232, Validation Loss: 0.0314
2025-11-15 20:58:09,453 - INFO - Epoch: 57, Training Loss: 0.0233, Validation Loss: 0.0286
2025-11-15 20:58:09,457 - INFO -   → New best validation loss: 0.0286
2025-11-15 20:58:20,068 - INFO - Epoch: 58, Training Loss: 0.0223, Validation Loss: 0.0312
2025-11-15 20:58:29,479 - INFO - Epoch: 59, Training Loss: 0.0229, Validation Loss: 0.0270
2025-11-15 20:58:29,483 - INFO -   → New best validation loss: 0.0270
2025-11-15 20:58:42,873 - INFO - Epoch: 60, Training Loss: 0.0213, Validation Loss: 0.0340
2025-11-15 20:58:55,765 - INFO - Epoch: 61, Training Loss: 0.0213, Validation Loss: 0.0335
2025-11-15 20:59:06,492 - INFO - Epoch: 62, Training Loss: 0.0213, Validation Loss: 0.0248
2025-11-15 20:59:06,493 - INFO -   → New best validation loss: 0.0248
2025-11-15 20:59:18,916 - INFO - Epoch: 63, Training Loss: 0.0217, Validation Loss: 0.0247
2025-11-15 20:59:18,917 - INFO -   → New best validation loss: 0.0247
2025-11-15 20:59:30,261 - INFO - Epoch: 64, Training Loss: 0.0208, Validation Loss: 0.0243
2025-11-15 20:59:30,262 - INFO -   → New best validation loss: 0.0243
2025-11-15 20:59:41,859 - INFO - Epoch: 65, Training Loss: 0.0198, Validation Loss: 0.0252
2025-11-15 20:59:53,078 - INFO - Epoch: 66, Training Loss: 0.0216, Validation Loss: 0.0461
2025-11-15 21:00:06,701 - INFO - Epoch: 67, Training Loss: 0.0208, Validation Loss: 0.0301
2025-11-15 21:00:18,033 - INFO - Epoch: 68, Training Loss: 0.0202, Validation Loss: 0.0218
2025-11-15 21:00:18,033 - INFO -   → New best validation loss: 0.0218
2025-11-15 21:00:29,677 - INFO - Epoch: 69, Training Loss: 0.0200, Validation Loss: 0.0297
2025-11-15 21:00:44,284 - INFO - Epoch: 70, Training Loss: 0.0193, Validation Loss: 0.0298
2025-11-15 21:00:57,721 - INFO - Epoch: 71, Training Loss: 0.0194, Validation Loss: 0.0360
2025-11-15 21:01:11,525 - INFO - Epoch: 72, Training Loss: 0.0204, Validation Loss: 0.0214
2025-11-15 21:01:11,526 - INFO -   → New best validation loss: 0.0214
2025-11-15 21:01:23,665 - INFO - Epoch: 73, Training Loss: 0.0177, Validation Loss: 0.0208
2025-11-15 21:01:23,667 - INFO -   → New best validation loss: 0.0208
2025-11-15 21:01:36,505 - INFO - Epoch: 74, Training Loss: 0.0202, Validation Loss: 0.0224
2025-11-15 21:01:48,277 - INFO - Epoch: 75, Training Loss: 0.0190, Validation Loss: 0.0169
2025-11-15 21:01:48,279 - INFO -   → New best validation loss: 0.0169
2025-11-15 21:01:59,204 - INFO - Epoch: 76, Training Loss: 0.0158, Validation Loss: 0.0215
2025-11-15 21:02:10,657 - INFO - Epoch: 77, Training Loss: 0.0222, Validation Loss: 0.0253
2025-11-15 21:02:23,077 - INFO - Epoch: 78, Training Loss: 0.0174, Validation Loss: 0.0188
2025-11-15 21:02:35,372 - INFO - Epoch: 79, Training Loss: 0.0156, Validation Loss: 0.0211
2025-11-15 21:02:45,558 - INFO - Epoch: 80, Training Loss: 0.0163, Validation Loss: 0.0376
2025-11-15 21:02:57,619 - INFO - Epoch: 81, Training Loss: 0.0181, Validation Loss: 0.0313
2025-11-15 21:03:10,299 - INFO - Epoch: 82, Training Loss: 0.0167, Validation Loss: 0.0190
2025-11-15 21:03:21,336 - INFO - Epoch: 83, Training Loss: 0.0174, Validation Loss: 0.0195
2025-11-15 21:03:33,180 - INFO - Epoch: 84, Training Loss: 0.0150, Validation Loss: 0.0177
2025-11-15 21:03:45,148 - INFO - Epoch: 85, Training Loss: 0.0153, Validation Loss: 0.0133
2025-11-15 21:03:45,150 - INFO -   → New best validation loss: 0.0133
2025-11-15 21:03:57,913 - INFO - Epoch: 86, Training Loss: 0.0167, Validation Loss: 0.0168
2025-11-15 21:04:07,842 - INFO - Epoch: 87, Training Loss: 0.0143, Validation Loss: 0.0127
2025-11-15 21:04:07,843 - INFO -   → New best validation loss: 0.0127
2025-11-15 21:04:19,895 - INFO - Epoch: 88, Training Loss: 0.0156, Validation Loss: 0.0275
2025-11-15 21:04:31,953 - INFO - Epoch: 89, Training Loss: 0.0154, Validation Loss: 0.0143
2025-11-15 21:04:45,063 - INFO - Epoch: 90, Training Loss: 0.0131, Validation Loss: 0.0122
2025-11-15 21:04:45,064 - INFO -   → New best validation loss: 0.0122
2025-11-15 21:04:56,893 - INFO - Epoch: 91, Training Loss: 0.0150, Validation Loss: 0.0135
2025-11-15 21:05:10,558 - INFO - Epoch: 92, Training Loss: 0.0138, Validation Loss: 0.0161
2025-11-15 21:05:22,506 - INFO - Epoch: 93, Training Loss: 0.0136, Validation Loss: 0.0117
2025-11-15 21:05:22,509 - INFO -   → New best validation loss: 0.0117
2025-11-15 21:05:35,672 - INFO - Epoch: 94, Training Loss: 0.0145, Validation Loss: 0.0128
2025-11-15 21:05:50,893 - INFO - Epoch: 95, Training Loss: 0.0143, Validation Loss: 0.0123
2025-11-15 21:06:02,788 - INFO - Epoch: 96, Training Loss: 0.0141, Validation Loss: 0.0157
2025-11-15 21:06:16,459 - INFO - Epoch: 97, Training Loss: 0.0126, Validation Loss: 0.0121
2025-11-15 21:06:28,141 - INFO - Epoch: 98, Training Loss: 0.0135, Validation Loss: 0.0210
2025-11-15 21:06:38,002 - INFO - Epoch: 99, Training Loss: 0.0132, Validation Loss: 0.0126
2025-11-15 21:06:50,268 - INFO - Epoch: 100, Training Loss: 0.0138, Validation Loss: 0.0150
2025-11-15 21:07:01,120 - INFO - Epoch: 101, Training Loss: 0.0163, Validation Loss: 0.0313
2025-11-15 21:07:13,738 - INFO - Epoch: 102, Training Loss: 0.0141, Validation Loss: 0.0113
2025-11-15 21:07:13,738 - INFO -   → New best validation loss: 0.0113
2025-11-15 21:07:26,249 - INFO - Epoch: 103, Training Loss: 0.0131, Validation Loss: 0.0124
2025-11-15 21:07:33,870 - INFO - Epoch: 104, Training Loss: 0.0125, Validation Loss: 0.0142
2025-11-15 21:07:47,223 - INFO - Epoch: 105, Training Loss: 0.0135, Validation Loss: 0.0141
2025-11-15 21:07:58,362 - INFO - Epoch: 106, Training Loss: 0.0130, Validation Loss: 0.0155
2025-11-15 21:08:08,555 - INFO - Epoch: 107, Training Loss: 0.0140, Validation Loss: 0.0172
2025-11-15 21:08:20,246 - INFO - Epoch: 108, Training Loss: 0.0143, Validation Loss: 0.0112
2025-11-15 21:08:20,248 - INFO -   → New best validation loss: 0.0112
2025-11-15 21:08:31,765 - INFO - Epoch: 109, Training Loss: 0.0134, Validation Loss: 0.0125
2025-11-15 21:08:45,244 - INFO - Epoch: 110, Training Loss: 0.0123, Validation Loss: 0.0107
2025-11-15 21:08:45,244 - INFO -   → New best validation loss: 0.0107
2025-11-15 21:08:55,379 - INFO - Epoch: 111, Training Loss: 0.0140, Validation Loss: 0.0123
2025-11-15 21:09:07,746 - INFO - Epoch: 112, Training Loss: 0.0139, Validation Loss: 0.0231
2025-11-15 21:09:19,624 - INFO - Epoch: 113, Training Loss: 0.0124, Validation Loss: 0.0112
2025-11-15 21:09:33,018 - INFO - Epoch: 114, Training Loss: 0.0139, Validation Loss: 0.0126
2025-11-15 21:09:45,315 - INFO - Epoch: 115, Training Loss: 0.0125, Validation Loss: 0.0161
2025-11-15 21:09:59,980 - INFO - Epoch: 116, Training Loss: 0.0133, Validation Loss: 0.0146
2025-11-15 21:10:12,345 - INFO - Epoch: 117, Training Loss: 0.0135, Validation Loss: 0.0121
2025-11-15 21:10:25,080 - INFO - Epoch: 118, Training Loss: 0.0126, Validation Loss: 0.0152
2025-11-15 21:10:37,877 - INFO - Epoch: 119, Training Loss: 0.0151, Validation Loss: 0.0119
2025-11-15 21:10:50,342 - INFO - Epoch: 120, Training Loss: 0.0128, Validation Loss: 0.0130
2025-11-15 21:11:03,632 - INFO - Epoch: 121, Training Loss: 0.0130, Validation Loss: 0.0138
2025-11-15 21:11:16,986 - INFO - Epoch: 122, Training Loss: 0.0129, Validation Loss: 0.0117
2025-11-15 21:11:30,174 - INFO - Epoch: 123, Training Loss: 0.0123, Validation Loss: 0.0110
2025-11-15 21:11:42,691 - INFO - Epoch: 124, Training Loss: 0.0124, Validation Loss: 0.0117
2025-11-15 21:11:55,577 - INFO - Epoch: 125, Training Loss: 0.0128, Validation Loss: 0.0228
2025-11-15 21:12:08,188 - INFO - Epoch: 126, Training Loss: 0.0119, Validation Loss: 0.0144
2025-11-15 21:12:21,147 - INFO - Epoch: 127, Training Loss: 0.0129, Validation Loss: 0.0123
2025-11-15 21:12:33,705 - INFO - Epoch: 128, Training Loss: 0.0121, Validation Loss: 0.0114
2025-11-15 21:12:45,552 - INFO - Epoch: 129, Training Loss: 0.0129, Validation Loss: 0.0153
2025-11-15 21:12:55,385 - INFO - Epoch: 130, Training Loss: 0.0127, Validation Loss: 0.0167
2025-11-15 21:12:55,386 - INFO - Early stopping triggered at epoch 130
2025-11-15 21:12:55,386 - INFO - Best validation loss: 0.0107
2025-11-15 21:12:55,399 - INFO - Restored best model weights
2025-11-15 21:12:55,399 - INFO - 
============================================================
2025-11-15 21:12:55,400 - INFO - EVALUATION RESULTS
2025-11-15 21:12:55,400 - INFO - ============================================================
2025-11-15 21:12:55,481 - INFO - Validation Set - MSE: 0.010914, MAE: 0.083368, RMSE: 0.104471, Pearson Correlation: 0.830286 (p=0.000000)
2025-11-15 21:12:55,597 - INFO - Test Set - MSE: 0.011023, MAE: 0.084520, RMSE: 0.104990, Pearson Correlation: 0.795193 (p=0.000000)
2025-11-15 21:12:55,597 - INFO - ============================================================

2025-11-15 21:12:55,597 - INFO - CV Fold 1 completed successfully
2025-11-15 21:12:55,597 - INFO - 
--------------------------------------------------------------------------------
2025-11-15 21:12:55,597 - INFO - CV Fold 2
2025-11-15 21:12:55,597 - INFO - --------------------------------------------------------------------------------
2025-11-15 21:12:55,599 - INFO - START TRAINING CV 2 - Task: RGS (FP1/FP2 only)
2025-11-15 21:12:55,599 - INFO - Learning rate: 0.001, Epochs: 500, Batches: 5
2025-11-15 21:12:55,599 - INFO - Loading dataset (FP1/FP2 channels only)...
2025-11-15 21:12:55,630 - INFO - Dataset shapes - Train: (567, 2, 25, 1), Valid: (141, 2, 25, 1), Test: (177, 2, 25, 1)
2025-11-15 21:12:55,632 - INFO - Initializing VIGNet-FP model (2 channels)...
2025-11-15 21:12:55,641 - INFO - Number of batch iterations per epoch: 113
2025-11-15 21:13:04,559 - INFO - Epoch: 1, Training Loss: 0.0826, Validation Loss: 0.0313
2025-11-15 21:13:04,561 - INFO -   → New best validation loss: 0.0313
2025-11-15 21:13:16,291 - INFO - Epoch: 2, Training Loss: 0.0269, Validation Loss: 0.0301
2025-11-15 21:13:16,292 - INFO -   → New best validation loss: 0.0301
2025-11-15 21:13:28,398 - INFO - Epoch: 3, Training Loss: 0.0258, Validation Loss: 0.0307
2025-11-15 21:13:38,357 - INFO - Epoch: 4, Training Loss: 0.0262, Validation Loss: 0.0292
2025-11-15 21:13:38,357 - INFO -   → New best validation loss: 0.0292
2025-11-15 21:13:49,374 - INFO - Epoch: 5, Training Loss: 0.0259, Validation Loss: 0.0296
2025-11-15 21:14:00,234 - INFO - Epoch: 6, Training Loss: 0.0268, Validation Loss: 0.0301
2025-11-15 21:14:11,292 - INFO - Epoch: 7, Training Loss: 0.0266, Validation Loss: 0.0281
2025-11-15 21:14:11,293 - INFO -   → New best validation loss: 0.0281
2025-11-15 21:14:19,259 - INFO - Epoch: 8, Training Loss: 0.0262, Validation Loss: 0.0284
2025-11-15 21:14:27,942 - INFO - Epoch: 9, Training Loss: 0.0261, Validation Loss: 0.0283
2025-11-15 21:14:37,575 - INFO - Epoch: 10, Training Loss: 0.0261, Validation Loss: 0.0305
2025-11-15 21:14:46,192 - INFO - Epoch: 11, Training Loss: 0.0264, Validation Loss: 0.0311
2025-11-15 21:14:57,488 - INFO - Epoch: 12, Training Loss: 0.0260, Validation Loss: 0.0286
2025-11-15 21:15:09,700 - INFO - Epoch: 13, Training Loss: 0.0260, Validation Loss: 0.0292
2025-11-15 21:15:22,184 - INFO - Epoch: 14, Training Loss: 0.0260, Validation Loss: 0.0285
2025-11-15 21:15:35,309 - INFO - Epoch: 15, Training Loss: 0.0262, Validation Loss: 0.0287
2025-11-15 21:15:48,552 - INFO - Epoch: 16, Training Loss: 0.0261, Validation Loss: 0.0285
2025-11-15 21:16:02,146 - INFO - Epoch: 17, Training Loss: 0.0263, Validation Loss: 0.0286
2025-11-15 21:16:15,351 - INFO - Epoch: 18, Training Loss: 0.0262, Validation Loss: 0.0293
2025-11-15 21:16:27,994 - INFO - Epoch: 19, Training Loss: 0.0264, Validation Loss: 0.0287
2025-11-15 21:16:41,005 - INFO - Epoch: 20, Training Loss: 0.0259, Validation Loss: 0.0301
2025-11-15 21:16:53,833 - INFO - Epoch: 21, Training Loss: 0.0266, Validation Loss: 0.0301
2025-11-15 21:17:07,420 - INFO - Epoch: 22, Training Loss: 0.0266, Validation Loss: 0.0309
2025-11-15 21:17:19,636 - INFO - Epoch: 23, Training Loss: 0.0262, Validation Loss: 0.0282
2025-11-15 21:17:32,467 - INFO - Epoch: 24, Training Loss: 0.0260, Validation Loss: 0.0285
2025-11-15 21:17:45,192 - INFO - Epoch: 25, Training Loss: 0.0264, Validation Loss: 0.0293
2025-11-15 21:17:55,014 - INFO - Epoch: 26, Training Loss: 0.0254, Validation Loss: 0.0307
2025-11-15 21:18:07,783 - INFO - Epoch: 27, Training Loss: 0.0267, Validation Loss: 0.0283
2025-11-15 21:18:07,783 - INFO - Early stopping triggered at epoch 27
2025-11-15 21:18:07,783 - INFO - Best validation loss: 0.0281
2025-11-15 21:18:07,788 - INFO - Restored best model weights
2025-11-15 21:18:07,788 - INFO - 
============================================================
2025-11-15 21:18:07,788 - INFO - EVALUATION RESULTS
2025-11-15 21:18:07,788 - INFO - ============================================================
2025-11-15 21:18:07,917 - INFO - Validation Set - MSE: 0.028809, MAE: 0.126744, RMSE: 0.169731, Pearson Correlation: 0.675991 (p=0.000000)
2025-11-15 21:18:08,040 - INFO - Test Set - MSE: 0.028929, MAE: 0.129511, RMSE: 0.170084, Pearson Correlation: -0.452443 (p=0.000000)
2025-11-15 21:18:08,040 - INFO - ============================================================

2025-11-15 21:18:08,041 - INFO - CV Fold 2 completed successfully
2025-11-15 21:18:08,041 - INFO - 
--------------------------------------------------------------------------------
2025-11-15 21:18:08,041 - INFO - CV Fold 3
2025-11-15 21:18:08,042 - INFO - --------------------------------------------------------------------------------
2025-11-15 21:18:08,049 - INFO - START TRAINING CV 3 - Task: RGS (FP1/FP2 only)
2025-11-15 21:18:08,049 - INFO - Learning rate: 0.001, Epochs: 500, Batches: 5
2025-11-15 21:18:08,049 - INFO - Loading dataset (FP1/FP2 channels only)...
2025-11-15 21:18:08,085 - INFO - Dataset shapes - Train: (567, 2, 25, 1), Valid: (141, 2, 25, 1), Test: (177, 2, 25, 1)
2025-11-15 21:18:08,087 - INFO - Initializing VIGNet-FP model (2 channels)...
2025-11-15 21:18:08,091 - INFO - Number of batch iterations per epoch: 113
2025-11-15 21:18:18,891 - INFO - Epoch: 1, Training Loss: 0.0699, Validation Loss: 0.0393
2025-11-15 21:18:18,894 - INFO -   → New best validation loss: 0.0393
2025-11-15 21:18:30,592 - INFO - Epoch: 2, Training Loss: 0.0262, Validation Loss: 0.0391
2025-11-15 21:18:30,594 - INFO -   → New best validation loss: 0.0391
2025-11-15 21:18:43,435 - INFO - Epoch: 3, Training Loss: 0.0247, Validation Loss: 0.0387
2025-11-15 21:18:43,437 - INFO -   → New best validation loss: 0.0387
2025-11-15 21:18:57,760 - INFO - Epoch: 4, Training Loss: 0.0253, Validation Loss: 0.0393
2025-11-15 21:19:07,838 - INFO - Epoch: 5, Training Loss: 0.0244, Validation Loss: 0.0382
2025-11-15 21:19:07,839 - INFO -   → New best validation loss: 0.0382
2025-11-15 21:19:19,022 - INFO - Epoch: 6, Training Loss: 0.0250, Validation Loss: 0.0386
2025-11-15 21:19:32,613 - INFO - Epoch: 7, Training Loss: 0.0245, Validation Loss: 0.0386
2025-11-15 21:19:43,284 - INFO - Epoch: 8, Training Loss: 0.0248, Validation Loss: 0.0381
2025-11-15 21:19:43,285 - INFO -   → New best validation loss: 0.0381
2025-11-15 21:19:54,306 - INFO - Epoch: 9, Training Loss: 0.0241, Validation Loss: 0.0403
2025-11-15 21:20:05,683 - INFO - Epoch: 10, Training Loss: 0.0248, Validation Loss: 0.0401
2025-11-15 21:20:16,926 - INFO - Epoch: 11, Training Loss: 0.0248, Validation Loss: 0.0381
2025-11-15 21:20:16,928 - INFO -   → New best validation loss: 0.0381
2025-11-15 21:20:28,670 - INFO - Epoch: 12, Training Loss: 0.0247, Validation Loss: 0.0400
2025-11-15 21:20:40,768 - INFO - Epoch: 13, Training Loss: 0.0246, Validation Loss: 0.0394
2025-11-15 21:20:53,103 - INFO - Epoch: 14, Training Loss: 0.0243, Validation Loss: 0.0383
2025-11-15 21:21:05,684 - INFO - Epoch: 15, Training Loss: 0.0246, Validation Loss: 0.0382
2025-11-15 21:21:18,977 - INFO - Epoch: 16, Training Loss: 0.0245, Validation Loss: 0.0380
2025-11-15 21:21:18,978 - INFO -   → New best validation loss: 0.0380
2025-11-15 21:21:32,808 - INFO - Epoch: 17, Training Loss: 0.0248, Validation Loss: 0.0381
2025-11-15 21:21:45,687 - INFO - Epoch: 18, Training Loss: 0.0245, Validation Loss: 0.0382
2025-11-15 21:21:58,545 - INFO - Epoch: 19, Training Loss: 0.0242, Validation Loss: 0.0395
2025-11-15 21:22:11,648 - INFO - Epoch: 20, Training Loss: 0.0249, Validation Loss: 0.0382
2025-11-15 21:22:24,782 - INFO - Epoch: 21, Training Loss: 0.0250, Validation Loss: 0.0403
2025-11-15 21:22:37,880 - INFO - Epoch: 22, Training Loss: 0.0246, Validation Loss: 0.0391
2025-11-15 21:22:50,850 - INFO - Epoch: 23, Training Loss: 0.0246, Validation Loss: 0.0385
2025-11-15 21:23:03,667 - INFO - Epoch: 24, Training Loss: 0.0249, Validation Loss: 0.0418
2025-11-15 21:23:16,326 - INFO - Epoch: 25, Training Loss: 0.0243, Validation Loss: 0.0404
2025-11-15 21:23:29,681 - INFO - Epoch: 26, Training Loss: 0.0246, Validation Loss: 0.0383
2025-11-15 21:23:42,579 - INFO - Epoch: 27, Training Loss: 0.0246, Validation Loss: 0.0381
2025-11-15 21:23:55,153 - INFO - Epoch: 28, Training Loss: 0.0246, Validation Loss: 0.0379
2025-11-15 21:23:55,154 - INFO -   → New best validation loss: 0.0379
2025-11-15 21:24:07,526 - INFO - Epoch: 29, Training Loss: 0.0243, Validation Loss: 0.0380
2025-11-15 21:24:20,706 - INFO - Epoch: 30, Training Loss: 0.0245, Validation Loss: 0.0385
2025-11-15 21:24:33,616 - INFO - Epoch: 31, Training Loss: 0.0247, Validation Loss: 0.0371
2025-11-15 21:24:33,618 - INFO -   → New best validation loss: 0.0371
2025-11-15 21:24:46,809 - INFO - Epoch: 32, Training Loss: 0.0244, Validation Loss: 0.0374
2025-11-15 21:24:59,221 - INFO - Epoch: 33, Training Loss: 0.0244, Validation Loss: 0.0370
2025-11-15 21:24:59,222 - INFO -   → New best validation loss: 0.0370
2025-11-15 21:25:11,955 - INFO - Epoch: 34, Training Loss: 0.0239, Validation Loss: 0.0370
2025-11-15 21:25:24,655 - INFO - Epoch: 35, Training Loss: 0.0245, Validation Loss: 0.0372
2025-11-15 21:25:37,307 - INFO - Epoch: 36, Training Loss: 0.0246, Validation Loss: 0.0384
2025-11-15 21:25:50,643 - INFO - Epoch: 37, Training Loss: 0.0240, Validation Loss: 0.0364
2025-11-15 21:25:50,644 - INFO -   → New best validation loss: 0.0364
2025-11-15 21:26:03,709 - INFO - Epoch: 38, Training Loss: 0.0233, Validation Loss: 0.0372
2025-11-15 21:26:16,531 - INFO - Epoch: 39, Training Loss: 0.0240, Validation Loss: 0.0384
2025-11-15 21:26:29,440 - INFO - Epoch: 40, Training Loss: 0.0239, Validation Loss: 0.0363
2025-11-15 21:26:29,442 - INFO -   → New best validation loss: 0.0363
2025-11-15 21:26:42,618 - INFO - Epoch: 41, Training Loss: 0.0237, Validation Loss: 0.0357
2025-11-15 21:26:42,619 - INFO -   → New best validation loss: 0.0357
2025-11-15 21:26:56,363 - INFO - Epoch: 42, Training Loss: 0.0229, Validation Loss: 0.0339
2025-11-15 21:26:56,363 - INFO -   → New best validation loss: 0.0339
2025-11-15 21:27:09,065 - INFO - Epoch: 43, Training Loss: 0.0230, Validation Loss: 0.0344
2025-11-15 21:27:21,579 - INFO - Epoch: 44, Training Loss: 0.0227, Validation Loss: 0.0324
2025-11-15 21:27:21,580 - INFO -   → New best validation loss: 0.0324
2025-11-15 21:27:34,124 - INFO - Epoch: 45, Training Loss: 0.0226, Validation Loss: 0.0307
2025-11-15 21:27:34,125 - INFO -   → New best validation loss: 0.0307
2025-11-15 21:27:47,078 - INFO - Epoch: 46, Training Loss: 0.0228, Validation Loss: 0.0368
2025-11-15 21:28:00,573 - INFO - Epoch: 47, Training Loss: 0.0214, Validation Loss: 0.0278
2025-11-15 21:28:00,574 - INFO -   → New best validation loss: 0.0278
2025-11-15 21:28:13,372 - INFO - Epoch: 48, Training Loss: 0.0205, Validation Loss: 0.0279
2025-11-15 21:28:26,372 - INFO - Epoch: 49, Training Loss: 0.0224, Validation Loss: 0.0302
2025-11-15 21:28:39,712 - INFO - Epoch: 50, Training Loss: 0.0203, Validation Loss: 0.0262
2025-11-15 21:28:39,712 - INFO -   → New best validation loss: 0.0262
2025-11-15 21:28:52,547 - INFO - Epoch: 51, Training Loss: 0.0207, Validation Loss: 0.0313
2025-11-15 21:29:05,113 - INFO - Epoch: 52, Training Loss: 0.0217, Validation Loss: 0.0268
2025-11-15 21:29:18,176 - INFO - Epoch: 53, Training Loss: 0.0197, Validation Loss: 0.0263
2025-11-15 21:29:31,104 - INFO - Epoch: 54, Training Loss: 0.0209, Validation Loss: 0.0262
2025-11-15 21:29:44,131 - INFO - Epoch: 55, Training Loss: 0.0195, Validation Loss: 0.0276
2025-11-15 21:29:56,508 - INFO - Epoch: 56, Training Loss: 0.0175, Validation Loss: 0.0199
2025-11-15 21:29:56,508 - INFO -   → New best validation loss: 0.0199
2025-11-15 21:30:09,585 - INFO - Epoch: 57, Training Loss: 0.0192, Validation Loss: 0.0200
2025-11-15 21:30:22,741 - INFO - Epoch: 58, Training Loss: 0.0166, Validation Loss: 0.0170
2025-11-15 21:30:22,741 - INFO -   → New best validation loss: 0.0170
2025-11-15 21:30:35,475 - INFO - Epoch: 59, Training Loss: 0.0172, Validation Loss: 0.0215
2025-11-15 21:30:49,101 - INFO - Epoch: 60, Training Loss: 0.0154, Validation Loss: 0.0180
2025-11-15 21:31:02,866 - INFO - Epoch: 61, Training Loss: 0.0192, Validation Loss: 0.0172
2025-11-15 21:31:15,028 - INFO - Epoch: 62, Training Loss: 0.0169, Validation Loss: 0.0231
2025-11-15 21:31:27,314 - INFO - Epoch: 63, Training Loss: 0.0153, Validation Loss: 0.0160
2025-11-15 21:31:27,316 - INFO -   → New best validation loss: 0.0160
2025-11-15 21:31:39,236 - INFO - Epoch: 64, Training Loss: 0.0147, Validation Loss: 0.0165
2025-11-15 21:31:47,342 - INFO - Epoch: 65, Training Loss: 0.0154, Validation Loss: 0.0145
2025-11-15 21:31:47,342 - INFO -   → New best validation loss: 0.0145
2025-11-15 21:31:58,817 - INFO - Epoch: 66, Training Loss: 0.0164, Validation Loss: 0.0175
2025-11-15 21:32:09,473 - INFO - Epoch: 67, Training Loss: 0.0155, Validation Loss: 0.0164
2025-11-15 21:32:19,582 - INFO - Epoch: 68, Training Loss: 0.0137, Validation Loss: 0.0134
2025-11-15 21:32:19,582 - INFO -   → New best validation loss: 0.0134
2025-11-15 21:32:29,067 - INFO - Epoch: 69, Training Loss: 0.0157, Validation Loss: 0.0246
2025-11-15 21:32:40,906 - INFO - Epoch: 70, Training Loss: 0.0152, Validation Loss: 0.0243
2025-11-15 21:32:52,571 - INFO - Epoch: 71, Training Loss: 0.0148, Validation Loss: 0.0138
2025-11-15 21:33:03,316 - INFO - Epoch: 72, Training Loss: 0.0164, Validation Loss: 0.0212
2025-11-15 21:33:13,275 - INFO - Epoch: 73, Training Loss: 0.0141, Validation Loss: 0.0160
2025-11-15 21:33:26,272 - INFO - Epoch: 74, Training Loss: 0.0140, Validation Loss: 0.0153
2025-11-15 21:33:36,967 - INFO - Epoch: 75, Training Loss: 0.0140, Validation Loss: 0.0131
2025-11-15 21:33:36,968 - INFO -   → New best validation loss: 0.0131
2025-11-15 21:33:50,420 - INFO - Epoch: 76, Training Loss: 0.0144, Validation Loss: 0.0137
2025-11-15 21:34:03,260 - INFO - Epoch: 77, Training Loss: 0.0139, Validation Loss: 0.0121
2025-11-15 21:34:03,261 - INFO -   → New best validation loss: 0.0121
2025-11-15 21:34:14,123 - INFO - Epoch: 78, Training Loss: 0.0157, Validation Loss: 0.0162
2025-11-15 21:34:27,656 - INFO - Epoch: 79, Training Loss: 0.0136, Validation Loss: 0.0144
2025-11-15 21:34:39,428 - INFO - Epoch: 80, Training Loss: 0.0134, Validation Loss: 0.0187
2025-11-15 21:34:50,416 - INFO - Epoch: 81, Training Loss: 0.0140, Validation Loss: 0.0161
2025-11-15 21:35:02,177 - INFO - Epoch: 82, Training Loss: 0.0150, Validation Loss: 0.0139
2025-11-15 21:35:15,236 - INFO - Epoch: 83, Training Loss: 0.0132, Validation Loss: 0.0120
2025-11-15 21:35:15,238 - INFO -   → New best validation loss: 0.0120
2025-11-15 21:35:25,676 - INFO - Epoch: 84, Training Loss: 0.0132, Validation Loss: 0.0115
2025-11-15 21:35:25,678 - INFO -   → New best validation loss: 0.0115
2025-11-15 21:35:37,618 - INFO - Epoch: 85, Training Loss: 0.0138, Validation Loss: 0.0131
2025-11-15 21:35:49,522 - INFO - Epoch: 86, Training Loss: 0.0141, Validation Loss: 0.0215
2025-11-15 21:36:00,412 - INFO - Epoch: 87, Training Loss: 0.0127, Validation Loss: 0.0123
2025-11-15 21:36:12,482 - INFO - Epoch: 88, Training Loss: 0.0140, Validation Loss: 0.0179
2025-11-15 21:36:22,714 - INFO - Epoch: 89, Training Loss: 0.0135, Validation Loss: 0.0128
2025-11-15 21:36:32,870 - INFO - Epoch: 90, Training Loss: 0.0128, Validation Loss: 0.0139
2025-11-15 21:36:45,271 - INFO - Epoch: 91, Training Loss: 0.0131, Validation Loss: 0.0139
2025-11-15 21:36:54,993 - INFO - Epoch: 92, Training Loss: 0.0141, Validation Loss: 0.0156
2025-11-15 21:37:06,589 - INFO - Epoch: 93, Training Loss: 0.0137, Validation Loss: 0.0129
2025-11-15 21:37:19,147 - INFO - Epoch: 94, Training Loss: 0.0139, Validation Loss: 0.0128
2025-11-15 21:37:30,128 - INFO - Epoch: 95, Training Loss: 0.0129, Validation Loss: 0.0123
2025-11-15 21:37:43,235 - INFO - Epoch: 96, Training Loss: 0.0127, Validation Loss: 0.0118
2025-11-15 21:37:55,751 - INFO - Epoch: 97, Training Loss: 0.0135, Validation Loss: 0.0134
2025-11-15 21:38:07,527 - INFO - Epoch: 98, Training Loss: 0.0153, Validation Loss: 0.0145
2025-11-15 21:38:20,620 - INFO - Epoch: 99, Training Loss: 0.0143, Validation Loss: 0.0127
2025-11-15 21:38:31,820 - INFO - Epoch: 100, Training Loss: 0.0134, Validation Loss: 0.0143
2025-11-15 21:38:42,907 - INFO - Epoch: 101, Training Loss: 0.0129, Validation Loss: 0.0139
2025-11-15 21:38:51,680 - INFO - Epoch: 102, Training Loss: 0.0131, Validation Loss: 0.0125
2025-11-15 21:39:03,557 - INFO - Epoch: 103, Training Loss: 0.0128, Validation Loss: 0.0117
2025-11-15 21:39:12,999 - INFO - Epoch: 104, Training Loss: 0.0123, Validation Loss: 0.0110
2025-11-15 21:39:13,001 - INFO -   → New best validation loss: 0.0110
2025-11-15 21:39:23,520 - INFO - Epoch: 105, Training Loss: 0.0127, Validation Loss: 0.0131
2025-11-15 21:39:33,926 - INFO - Epoch: 106, Training Loss: 0.0139, Validation Loss: 0.0176
2025-11-15 21:39:44,234 - INFO - Epoch: 107, Training Loss: 0.0136, Validation Loss: 0.0118
2025-11-15 21:39:54,682 - INFO - Epoch: 108, Training Loss: 0.0138, Validation Loss: 0.0108
2025-11-15 21:39:54,682 - INFO -   → New best validation loss: 0.0108
2025-11-15 21:40:06,139 - INFO - Epoch: 109, Training Loss: 0.0134, Validation Loss: 0.0161
2025-11-15 21:40:16,966 - INFO - Epoch: 110, Training Loss: 0.0128, Validation Loss: 0.0137
2025-11-15 21:40:27,533 - INFO - Epoch: 111, Training Loss: 0.0135, Validation Loss: 0.0136
2025-11-15 21:40:38,645 - INFO - Epoch: 112, Training Loss: 0.0126, Validation Loss: 0.0127
2025-11-15 21:40:50,628 - INFO - Epoch: 113, Training Loss: 0.0134, Validation Loss: 0.0141
2025-11-15 21:41:00,422 - INFO - Epoch: 114, Training Loss: 0.0132, Validation Loss: 0.0117
2025-11-15 21:41:12,741 - INFO - Epoch: 115, Training Loss: 0.0126, Validation Loss: 0.0117
2025-11-15 21:41:23,760 - INFO - Epoch: 116, Training Loss: 0.0121, Validation Loss: 0.0130
2025-11-15 21:41:35,157 - INFO - Epoch: 117, Training Loss: 0.0122, Validation Loss: 0.0139
2025-11-15 21:41:45,808 - INFO - Epoch: 118, Training Loss: 0.0120, Validation Loss: 0.0116
2025-11-15 21:41:56,762 - INFO - Epoch: 119, Training Loss: 0.0131, Validation Loss: 0.0140
2025-11-15 21:42:08,867 - INFO - Epoch: 120, Training Loss: 0.0134, Validation Loss: 0.0118
2025-11-15 21:42:19,925 - INFO - Epoch: 121, Training Loss: 0.0117, Validation Loss: 0.0147
2025-11-15 21:42:31,151 - INFO - Epoch: 122, Training Loss: 0.0120, Validation Loss: 0.0119
2025-11-15 21:42:41,489 - INFO - Epoch: 123, Training Loss: 0.0137, Validation Loss: 0.0126
2025-11-15 21:42:54,396 - INFO - Epoch: 124, Training Loss: 0.0123, Validation Loss: 0.0162
2025-11-15 21:43:04,834 - INFO - Epoch: 125, Training Loss: 0.0129, Validation Loss: 0.0132
2025-11-15 21:43:15,336 - INFO - Epoch: 126, Training Loss: 0.0128, Validation Loss: 0.0217
2025-11-15 21:43:26,402 - INFO - Epoch: 127, Training Loss: 0.0121, Validation Loss: 0.0139
2025-11-15 21:43:36,237 - INFO - Epoch: 128, Training Loss: 0.0125, Validation Loss: 0.0119
2025-11-15 21:43:36,237 - INFO - Early stopping triggered at epoch 128
2025-11-15 21:43:36,237 - INFO - Best validation loss: 0.0108
2025-11-15 21:43:36,243 - INFO - Restored best model weights
2025-11-15 21:43:36,243 - INFO - 
============================================================
2025-11-15 21:43:36,243 - INFO - EVALUATION RESULTS
2025-11-15 21:43:36,243 - INFO - ============================================================
2025-11-15 21:43:36,412 - INFO - Validation Set - MSE: 0.016927, MAE: 0.104175, RMSE: 0.130104, Pearson Correlation: 0.831108 (p=0.000000)
2025-11-15 21:43:36,464 - INFO - Test Set - MSE: 0.012246, MAE: 0.085675, RMSE: 0.110664, Pearson Correlation: 0.752641 (p=0.000000)
2025-11-15 21:43:36,464 - INFO - ============================================================

2025-11-15 21:43:36,465 - INFO - CV Fold 3 completed successfully
2025-11-15 21:43:36,465 - INFO - 
--------------------------------------------------------------------------------
2025-11-15 21:43:36,465 - INFO - CV Fold 4
2025-11-15 21:43:36,465 - INFO - --------------------------------------------------------------------------------
2025-11-15 21:43:36,467 - INFO - START TRAINING CV 4 - Task: RGS (FP1/FP2 only)
2025-11-15 21:43:36,467 - INFO - Learning rate: 0.001, Epochs: 500, Batches: 5
2025-11-15 21:43:36,467 - INFO - Loading dataset (FP1/FP2 channels only)...
2025-11-15 21:43:36,479 - INFO - Dataset shapes - Train: (567, 2, 25, 1), Valid: (141, 2, 25, 1), Test: (177, 2, 25, 1)
2025-11-15 21:43:36,480 - INFO - Initializing VIGNet-FP model (2 channels)...
2025-11-15 21:43:36,483 - INFO - Number of batch iterations per epoch: 113
2025-11-15 21:43:47,078 - INFO - Epoch: 1, Training Loss: 0.0891, Validation Loss: 0.0389
2025-11-15 21:43:47,079 - INFO -   → New best validation loss: 0.0389
2025-11-15 21:43:57,978 - INFO - Epoch: 2, Training Loss: 0.0276, Validation Loss: 0.0348
2025-11-15 21:43:57,979 - INFO -   → New best validation loss: 0.0348
2025-11-15 21:44:07,343 - INFO - Epoch: 3, Training Loss: 0.0249, Validation Loss: 0.0349
2025-11-15 21:44:18,381 - INFO - Epoch: 4, Training Loss: 0.0258, Validation Loss: 0.0348
2025-11-15 21:44:18,381 - INFO -   → New best validation loss: 0.0348
2025-11-15 21:44:28,048 - INFO - Epoch: 5, Training Loss: 0.0256, Validation Loss: 0.0342
2025-11-15 21:44:28,048 - INFO -   → New best validation loss: 0.0342
2025-11-15 21:44:38,539 - INFO - Epoch: 6, Training Loss: 0.0258, Validation Loss: 0.0345
2025-11-15 21:44:49,267 - INFO - Epoch: 7, Training Loss: 0.0254, Validation Loss: 0.0347
2025-11-15 21:45:00,726 - INFO - Epoch: 8, Training Loss: 0.0251, Validation Loss: 0.0396
2025-11-15 21:45:10,350 - INFO - Epoch: 9, Training Loss: 0.0256, Validation Loss: 0.0378
2025-11-15 21:45:22,201 - INFO - Epoch: 10, Training Loss: 0.0252, Validation Loss: 0.0340
2025-11-15 21:45:22,202 - INFO -   → New best validation loss: 0.0340
2025-11-15 21:45:33,289 - INFO - Epoch: 11, Training Loss: 0.0256, Validation Loss: 0.0362
2025-11-15 21:45:47,649 - INFO - Epoch: 12, Training Loss: 0.0253, Validation Loss: 0.0347
2025-11-15 21:46:00,110 - INFO - Epoch: 13, Training Loss: 0.0250, Validation Loss: 0.0357
2025-11-15 21:46:09,787 - INFO - Epoch: 14, Training Loss: 0.0250, Validation Loss: 0.0341
2025-11-15 21:46:19,278 - INFO - Epoch: 15, Training Loss: 0.0257, Validation Loss: 0.0340
2025-11-15 21:46:31,298 - INFO - Epoch: 16, Training Loss: 0.0253, Validation Loss: 0.0349
2025-11-15 21:46:42,741 - INFO - Epoch: 17, Training Loss: 0.0260, Validation Loss: 0.0341
2025-11-15 21:46:55,881 - INFO - Epoch: 18, Training Loss: 0.0252, Validation Loss: 0.0357
2025-11-15 21:47:05,268 - INFO - Epoch: 19, Training Loss: 0.0258, Validation Loss: 0.0349
2025-11-15 21:47:17,118 - INFO - Epoch: 20, Training Loss: 0.0255, Validation Loss: 0.0364
2025-11-15 21:47:29,098 - INFO - Epoch: 21, Training Loss: 0.0253, Validation Loss: 0.0347
2025-11-15 21:47:39,435 - INFO - Epoch: 22, Training Loss: 0.0253, Validation Loss: 0.0346
2025-11-15 21:47:49,862 - INFO - Epoch: 23, Training Loss: 0.0256, Validation Loss: 0.0356
2025-11-15 21:48:00,122 - INFO - Epoch: 24, Training Loss: 0.0250, Validation Loss: 0.0358
2025-11-15 21:48:10,590 - INFO - Epoch: 25, Training Loss: 0.0253, Validation Loss: 0.0340
2025-11-15 21:48:19,547 - INFO - Epoch: 26, Training Loss: 0.0255, Validation Loss: 0.0344
2025-11-15 21:48:28,528 - INFO - Epoch: 27, Training Loss: 0.0250, Validation Loss: 0.0338
2025-11-15 21:48:28,530 - INFO -   → New best validation loss: 0.0338
2025-11-15 21:48:39,992 - INFO - Epoch: 28, Training Loss: 0.0249, Validation Loss: 0.0364
2025-11-15 21:48:51,329 - INFO - Epoch: 29, Training Loss: 0.0255, Validation Loss: 0.0354
2025-11-15 21:49:02,946 - INFO - Epoch: 30, Training Loss: 0.0256, Validation Loss: 0.0345
2025-11-15 21:49:14,427 - INFO - Epoch: 31, Training Loss: 0.0253, Validation Loss: 0.0333
2025-11-15 21:49:14,428 - INFO -   → New best validation loss: 0.0333
2025-11-15 21:49:25,223 - INFO - Epoch: 32, Training Loss: 0.0254, Validation Loss: 0.0342
2025-11-15 21:49:35,609 - INFO - Epoch: 33, Training Loss: 0.0251, Validation Loss: 0.0357
2025-11-15 21:49:47,146 - INFO - Epoch: 34, Training Loss: 0.0250, Validation Loss: 0.0338
2025-11-15 21:49:56,973 - INFO - Epoch: 35, Training Loss: 0.0247, Validation Loss: 0.0362
2025-11-15 21:50:07,320 - INFO - Epoch: 36, Training Loss: 0.0247, Validation Loss: 0.0347
2025-11-15 21:50:16,166 - INFO - Epoch: 37, Training Loss: 0.0252, Validation Loss: 0.0355
2025-11-15 21:50:25,487 - INFO - Epoch: 38, Training Loss: 0.0245, Validation Loss: 0.0330
2025-11-15 21:50:25,488 - INFO -   → New best validation loss: 0.0330
2025-11-15 21:50:34,775 - INFO - Epoch: 39, Training Loss: 0.0242, Validation Loss: 0.0318
2025-11-15 21:50:34,776 - INFO -   → New best validation loss: 0.0318
2025-11-15 21:50:45,377 - INFO - Epoch: 40, Training Loss: 0.0246, Validation Loss: 0.0330
2025-11-15 21:50:56,722 - INFO - Epoch: 41, Training Loss: 0.0237, Validation Loss: 0.0319
2025-11-15 21:51:09,051 - INFO - Epoch: 42, Training Loss: 0.0237, Validation Loss: 0.0308
2025-11-15 21:51:09,052 - INFO -   → New best validation loss: 0.0308
2025-11-15 21:51:20,007 - INFO - Epoch: 43, Training Loss: 0.0229, Validation Loss: 0.0401
2025-11-15 21:51:30,770 - INFO - Epoch: 44, Training Loss: 0.0235, Validation Loss: 0.0279
2025-11-15 21:51:30,772 - INFO -   → New best validation loss: 0.0279
2025-11-15 21:51:42,956 - INFO - Epoch: 45, Training Loss: 0.0225, Validation Loss: 0.0273
2025-11-15 21:51:42,956 - INFO -   → New best validation loss: 0.0273
2025-11-15 21:51:54,835 - INFO - Epoch: 46, Training Loss: 0.0217, Validation Loss: 0.0311
2025-11-15 21:52:06,342 - INFO - Epoch: 47, Training Loss: 0.0220, Validation Loss: 0.0254
2025-11-15 21:52:06,342 - INFO -   → New best validation loss: 0.0254
2025-11-15 21:52:17,537 - INFO - Epoch: 48, Training Loss: 0.0227, Validation Loss: 0.0270
2025-11-15 21:52:28,730 - INFO - Epoch: 49, Training Loss: 0.0208, Validation Loss: 0.0261
2025-11-15 21:52:40,121 - INFO - Epoch: 50, Training Loss: 0.0213, Validation Loss: 0.0243
2025-11-15 21:52:40,122 - INFO -   → New best validation loss: 0.0243
2025-11-15 21:52:52,477 - INFO - Epoch: 51, Training Loss: 0.0216, Validation Loss: 0.0230
2025-11-15 21:52:52,478 - INFO -   → New best validation loss: 0.0230
2025-11-15 21:53:05,747 - INFO - Epoch: 52, Training Loss: 0.0183, Validation Loss: 0.0231
2025-11-15 21:53:19,282 - INFO - Epoch: 53, Training Loss: 0.0189, Validation Loss: 0.0202
2025-11-15 21:53:19,284 - INFO -   → New best validation loss: 0.0202
2025-11-15 21:53:30,296 - INFO - Epoch: 54, Training Loss: 0.0182, Validation Loss: 0.0187
2025-11-15 21:53:30,299 - INFO -   → New best validation loss: 0.0187
2025-11-15 21:53:39,153 - INFO - Epoch: 55, Training Loss: 0.0177, Validation Loss: 0.0213
2025-11-15 21:53:49,862 - INFO - Epoch: 56, Training Loss: 0.0167, Validation Loss: 0.0201
2025-11-15 21:53:59,243 - INFO - Epoch: 57, Training Loss: 0.0181, Validation Loss: 0.0179
2025-11-15 21:53:59,243 - INFO -   → New best validation loss: 0.0179
2025-11-15 21:54:09,297 - INFO - Epoch: 58, Training Loss: 0.0166, Validation Loss: 0.0175
2025-11-15 21:54:09,297 - INFO -   → New best validation loss: 0.0175
2025-11-15 21:54:18,477 - INFO - Epoch: 59, Training Loss: 0.0158, Validation Loss: 0.0181
2025-11-15 21:54:28,736 - INFO - Epoch: 60, Training Loss: 0.0169, Validation Loss: 0.0241
2025-11-15 21:54:38,485 - INFO - Epoch: 61, Training Loss: 0.0159, Validation Loss: 0.0151
2025-11-15 21:54:38,486 - INFO -   → New best validation loss: 0.0151
2025-11-15 21:54:48,104 - INFO - Epoch: 62, Training Loss: 0.0152, Validation Loss: 0.0154
2025-11-15 21:54:59,517 - INFO - Epoch: 63, Training Loss: 0.0148, Validation Loss: 0.0144
2025-11-15 21:54:59,518 - INFO -   → New best validation loss: 0.0144
2025-11-15 21:55:09,341 - INFO - Epoch: 64, Training Loss: 0.0151, Validation Loss: 0.0157
2025-11-15 21:55:19,442 - INFO - Epoch: 65, Training Loss: 0.0147, Validation Loss: 0.0146
2025-11-15 21:55:30,457 - INFO - Epoch: 66, Training Loss: 0.0134, Validation Loss: 0.0145
2025-11-15 21:55:43,476 - INFO - Epoch: 67, Training Loss: 0.0144, Validation Loss: 0.0149
2025-11-15 21:55:54,903 - INFO - Epoch: 68, Training Loss: 0.0128, Validation Loss: 0.0192
2025-11-15 21:56:05,801 - INFO - Epoch: 69, Training Loss: 0.0134, Validation Loss: 0.0125
2025-11-15 21:56:05,804 - INFO -   → New best validation loss: 0.0125
2025-11-15 21:56:17,517 - INFO - Epoch: 70, Training Loss: 0.0154, Validation Loss: 0.0162
2025-11-15 21:56:27,782 - INFO - Epoch: 71, Training Loss: 0.0152, Validation Loss: 0.0163
2025-11-15 21:56:38,572 - INFO - Epoch: 72, Training Loss: 0.0143, Validation Loss: 0.0165
2025-11-15 21:56:48,983 - INFO - Epoch: 73, Training Loss: 0.0145, Validation Loss: 0.0184
2025-11-15 21:56:59,940 - INFO - Epoch: 74, Training Loss: 0.0133, Validation Loss: 0.0198
2025-11-15 21:57:13,221 - INFO - Epoch: 75, Training Loss: 0.0135, Validation Loss: 0.0154
2025-11-15 21:57:24,320 - INFO - Epoch: 76, Training Loss: 0.0143, Validation Loss: 0.0135
2025-11-15 21:57:34,694 - INFO - Epoch: 77, Training Loss: 0.0130, Validation Loss: 0.0130
2025-11-15 21:57:45,803 - INFO - Epoch: 78, Training Loss: 0.0153, Validation Loss: 0.0190
2025-11-15 21:57:55,960 - INFO - Epoch: 79, Training Loss: 0.0138, Validation Loss: 0.0154
2025-11-15 21:58:08,704 - INFO - Epoch: 80, Training Loss: 0.0124, Validation Loss: 0.0133
2025-11-15 21:58:20,527 - INFO - Epoch: 81, Training Loss: 0.0132, Validation Loss: 0.0143
2025-11-15 21:58:29,962 - INFO - Epoch: 82, Training Loss: 0.0138, Validation Loss: 0.0139
2025-11-15 21:58:42,008 - INFO - Epoch: 83, Training Loss: 0.0138, Validation Loss: 0.0126
2025-11-15 21:58:53,477 - INFO - Epoch: 84, Training Loss: 0.0133, Validation Loss: 0.0135
2025-11-15 21:59:04,903 - INFO - Epoch: 85, Training Loss: 0.0121, Validation Loss: 0.0206
2025-11-15 21:59:15,211 - INFO - Epoch: 86, Training Loss: 0.0127, Validation Loss: 0.0128
2025-11-15 21:59:25,175 - INFO - Epoch: 87, Training Loss: 0.0120, Validation Loss: 0.0161
2025-11-15 21:59:38,376 - INFO - Epoch: 88, Training Loss: 0.0152, Validation Loss: 0.0172
2025-11-15 21:59:49,291 - INFO - Epoch: 89, Training Loss: 0.0129, Validation Loss: 0.0146
2025-11-15 21:59:49,291 - INFO - Early stopping triggered at epoch 89
2025-11-15 21:59:49,291 - INFO - Best validation loss: 0.0125
2025-11-15 21:59:49,306 - INFO - Restored best model weights
2025-11-15 21:59:49,306 - INFO - 
============================================================
2025-11-15 21:59:49,306 - INFO - EVALUATION RESULTS
2025-11-15 21:59:49,306 - INFO - ============================================================
2025-11-15 21:59:49,467 - INFO - Validation Set - MSE: 0.015471, MAE: 0.100282, RMSE: 0.124384, Pearson Correlation: 0.767806 (p=0.000000)
2025-11-15 21:59:49,648 - INFO - Test Set - MSE: 0.040636, MAE: 0.171501, RMSE: 0.201584, Pearson Correlation: 0.661493 (p=0.000000)
2025-11-15 21:59:49,649 - INFO - ============================================================

2025-11-15 21:59:49,650 - INFO - CV Fold 4 completed successfully
2025-11-15 21:59:49,650 - INFO - 
================================================================================
2025-11-15 21:59:49,650 - INFO - CROSS-VALIDATION SUMMARY - TRIAL 3
2025-11-15 21:59:49,650 - INFO - ================================================================================
2025-11-15 21:59:49,650 - INFO - Validation Set (Average across 5 CV folds):
2025-11-15 21:59:49,650 - INFO -   MSE: 0.016700 ± 0.006480
2025-11-15 21:59:49,650 - INFO -   MAE: 0.100316 ± 0.015347
2025-11-15 21:59:49,650 - INFO -   RMSE: 0.127072 ± 0.023508
2025-11-15 21:59:49,651 - INFO -   Pearson Correlation: 0.774334 ± 0.056797
2025-11-15 21:59:49,651 - INFO - 
Test Set (Average across 5 CV folds):
2025-11-15 21:59:49,651 - INFO -   MSE: 0.021153 ± 0.011744
2025-11-15 21:59:49,651 - INFO -   MAE: 0.112906 ± 0.033586
2025-11-15 21:59:49,651 - INFO -   RMSE: 0.140208 ± 0.038664
2025-11-15 21:59:49,651 - INFO -   Pearson Correlation: 0.499726 ± 0.478045
2025-11-15 21:59:49,651 - INFO - ================================================================================
2025-11-15 21:59:49,651 - INFO - ================================================================================
2025-11-15 21:59:49,651 - INFO - Trial 3 completed. End time: 2025-11-15 21:59:49
2025-11-15 21:59:49,651 - INFO - ================================================================================
