2025-11-15 23:32:23,773 - INFO - ================================================================================
2025-11-15 23:32:23,773 - INFO - TRIAL 5 - Task: RGS (FP1/FP2 only)
2025-11-15 23:32:23,773 - INFO - Log file: ./logs_fp/trial5_RGS_20251115_172807.log
2025-11-15 23:32:23,773 - INFO - Start time: 2025-11-15 23:32:23
2025-11-15 23:32:23,773 - INFO - ================================================================================
2025-11-15 23:32:23,773 - INFO - 
--------------------------------------------------------------------------------
2025-11-15 23:32:23,773 - INFO - CV Fold 0
2025-11-15 23:32:23,773 - INFO - --------------------------------------------------------------------------------
2025-11-15 23:32:23,781 - INFO - START TRAINING CV 0 - Task: RGS (FP1/FP2 only)
2025-11-15 23:32:23,781 - INFO - Learning rate: 0.001, Epochs: 500, Batches: 5
2025-11-15 23:32:23,781 - INFO - Loading dataset (FP1/FP2 channels only)...
2025-11-15 23:32:23,821 - INFO - Dataset shapes - Train: (567, 2, 25, 1), Valid: (141, 2, 25, 1), Test: (177, 2, 25, 1)
2025-11-15 23:32:23,821 - INFO - Initializing VIGNet-FP model (2 channels)...
2025-11-15 23:32:23,826 - INFO - Number of batch iterations per epoch: 113
2025-11-15 23:32:37,189 - INFO - Epoch: 1, Training Loss: 0.1522, Validation Loss: 0.0996
2025-11-15 23:32:37,191 - INFO -   → New best validation loss: 0.0996
2025-11-15 23:32:49,411 - INFO - Epoch: 2, Training Loss: 0.1113, Validation Loss: 0.0977
2025-11-15 23:32:49,412 - INFO -   → New best validation loss: 0.0977
2025-11-15 23:32:59,237 - INFO - Epoch: 3, Training Loss: 0.1092, Validation Loss: 0.0979
2025-11-15 23:33:13,076 - INFO - Epoch: 4, Training Loss: 0.1082, Validation Loss: 0.0965
2025-11-15 23:33:13,078 - INFO -   → New best validation loss: 0.0965
2025-11-15 23:33:24,311 - INFO - Epoch: 5, Training Loss: 0.1082, Validation Loss: 0.0934
2025-11-15 23:33:24,311 - INFO -   → New best validation loss: 0.0934
2025-11-15 23:33:33,708 - INFO - Epoch: 6, Training Loss: 0.1077, Validation Loss: 0.0994
2025-11-15 23:33:45,767 - INFO - Epoch: 7, Training Loss: 0.1084, Validation Loss: 0.0920
2025-11-15 23:33:45,767 - INFO -   → New best validation loss: 0.0920
2025-11-15 23:33:56,878 - INFO - Epoch: 8, Training Loss: 0.1060, Validation Loss: 0.0985
2025-11-15 23:34:09,066 - INFO - Epoch: 9, Training Loss: 0.1051, Validation Loss: 0.0963
2025-11-15 23:34:21,070 - INFO - Epoch: 10, Training Loss: 0.1036, Validation Loss: 0.0886
2025-11-15 23:34:21,071 - INFO -   → New best validation loss: 0.0886
2025-11-15 23:34:32,442 - INFO - Epoch: 11, Training Loss: 0.0977, Validation Loss: 0.0863
2025-11-15 23:34:32,445 - INFO -   → New best validation loss: 0.0863
2025-11-15 23:34:45,013 - INFO - Epoch: 12, Training Loss: 0.0981, Validation Loss: 0.0746
2025-11-15 23:34:45,014 - INFO -   → New best validation loss: 0.0746
2025-11-15 23:34:58,136 - INFO - Epoch: 13, Training Loss: 0.0962, Validation Loss: 0.0773
2025-11-15 23:35:09,412 - INFO - Epoch: 14, Training Loss: 0.0903, Validation Loss: 0.0713
2025-11-15 23:35:09,413 - INFO -   → New best validation loss: 0.0713
2025-11-15 23:35:21,087 - INFO - Epoch: 15, Training Loss: 0.0832, Validation Loss: 0.0699
2025-11-15 23:35:21,089 - INFO -   → New best validation loss: 0.0699
2025-11-15 23:35:31,294 - INFO - Epoch: 16, Training Loss: 0.0798, Validation Loss: 0.1443
2025-11-15 23:35:43,027 - INFO - Epoch: 17, Training Loss: 0.0777, Validation Loss: 0.0587
2025-11-15 23:35:43,028 - INFO -   → New best validation loss: 0.0587
2025-11-15 23:35:54,473 - INFO - Epoch: 18, Training Loss: 0.0639, Validation Loss: 0.6304
2025-11-15 23:36:05,961 - INFO - Epoch: 19, Training Loss: 0.0666, Validation Loss: 0.0503
2025-11-15 23:36:05,962 - INFO -   → New best validation loss: 0.0503
2025-11-15 23:36:15,871 - INFO - Epoch: 20, Training Loss: 0.0615, Validation Loss: 0.0461
2025-11-15 23:36:15,871 - INFO -   → New best validation loss: 0.0461
2025-11-15 23:36:25,567 - INFO - Epoch: 21, Training Loss: 0.0505, Validation Loss: 0.0387
2025-11-15 23:36:25,568 - INFO -   → New best validation loss: 0.0387
2025-11-15 23:36:34,776 - INFO - Epoch: 22, Training Loss: 0.0510, Validation Loss: 0.0812
2025-11-15 23:36:46,783 - INFO - Epoch: 23, Training Loss: 0.0461, Validation Loss: 0.1366
2025-11-15 23:36:58,518 - INFO - Epoch: 24, Training Loss: 0.0411, Validation Loss: 0.0425
2025-11-15 23:37:07,712 - INFO - Epoch: 25, Training Loss: 0.0419, Validation Loss: 0.0932
2025-11-15 23:37:16,871 - INFO - Epoch: 26, Training Loss: 0.0379, Validation Loss: 0.0347
2025-11-15 23:37:16,872 - INFO -   → New best validation loss: 0.0347
2025-11-15 23:37:28,911 - INFO - Epoch: 27, Training Loss: 0.0351, Validation Loss: 0.0390
2025-11-15 23:37:38,661 - INFO - Epoch: 28, Training Loss: 0.0342, Validation Loss: 0.0479
2025-11-15 23:37:49,071 - INFO - Epoch: 29, Training Loss: 0.0357, Validation Loss: 0.0745
2025-11-15 23:38:01,777 - INFO - Epoch: 30, Training Loss: 0.0330, Validation Loss: 0.0381
2025-11-15 23:38:13,465 - INFO - Epoch: 31, Training Loss: 0.0352, Validation Loss: 0.0332
2025-11-15 23:38:13,465 - INFO -   → New best validation loss: 0.0332
2025-11-15 23:38:24,986 - INFO - Epoch: 32, Training Loss: 0.0321, Validation Loss: 0.0500
2025-11-15 23:38:38,755 - INFO - Epoch: 33, Training Loss: 0.0350, Validation Loss: 0.0653
2025-11-15 23:38:51,411 - INFO - Epoch: 34, Training Loss: 0.0299, Validation Loss: 0.0422
2025-11-15 23:39:03,601 - INFO - Epoch: 35, Training Loss: 0.0304, Validation Loss: 0.0478
2025-11-15 23:39:15,950 - INFO - Epoch: 36, Training Loss: 0.0310, Validation Loss: 0.0373
2025-11-15 23:39:29,524 - INFO - Epoch: 37, Training Loss: 0.0307, Validation Loss: 0.0335
2025-11-15 23:39:39,378 - INFO - Epoch: 38, Training Loss: 0.0301, Validation Loss: 0.0335
2025-11-15 23:39:49,718 - INFO - Epoch: 39, Training Loss: 0.0298, Validation Loss: 0.0405
2025-11-15 23:40:01,756 - INFO - Epoch: 40, Training Loss: 0.0295, Validation Loss: 0.0331
2025-11-15 23:40:01,757 - INFO -   → New best validation loss: 0.0331
2025-11-15 23:40:15,616 - INFO - Epoch: 41, Training Loss: 0.0314, Validation Loss: 0.0319
2025-11-15 23:40:15,618 - INFO -   → New best validation loss: 0.0319
2025-11-15 23:40:26,669 - INFO - Epoch: 42, Training Loss: 0.0321, Validation Loss: 0.0329
2025-11-15 23:40:38,631 - INFO - Epoch: 43, Training Loss: 0.0299, Validation Loss: 0.0373
2025-11-15 23:40:51,503 - INFO - Epoch: 44, Training Loss: 0.0276, Validation Loss: 0.0354
2025-11-15 23:41:02,780 - INFO - Epoch: 45, Training Loss: 0.0291, Validation Loss: 0.0429
2025-11-15 23:41:14,334 - INFO - Epoch: 46, Training Loss: 0.0288, Validation Loss: 0.0352
2025-11-15 23:41:25,091 - INFO - Epoch: 47, Training Loss: 0.0288, Validation Loss: 0.0313
2025-11-15 23:41:25,091 - INFO -   → New best validation loss: 0.0313
2025-11-15 23:41:39,169 - INFO - Epoch: 48, Training Loss: 0.0278, Validation Loss: 0.0336
2025-11-15 23:41:50,333 - INFO - Epoch: 49, Training Loss: 0.0286, Validation Loss: 0.0328
2025-11-15 23:42:02,016 - INFO - Epoch: 50, Training Loss: 0.0284, Validation Loss: 0.0442
2025-11-15 23:42:14,110 - INFO - Epoch: 51, Training Loss: 0.0302, Validation Loss: 0.0328
2025-11-15 23:42:27,008 - INFO - Epoch: 52, Training Loss: 0.0284, Validation Loss: 0.0338
2025-11-15 23:42:42,814 - INFO - Epoch: 53, Training Loss: 0.0283, Validation Loss: 0.0320
2025-11-15 23:42:54,431 - INFO - Epoch: 54, Training Loss: 0.0290, Validation Loss: 0.0312
2025-11-15 23:42:54,431 - INFO -   → New best validation loss: 0.0312
2025-11-15 23:43:04,683 - INFO - Epoch: 55, Training Loss: 0.0277, Validation Loss: 0.0353
2025-11-15 23:43:18,191 - INFO - Epoch: 56, Training Loss: 0.0269, Validation Loss: 0.0432
2025-11-15 23:43:30,845 - INFO - Epoch: 57, Training Loss: 0.0281, Validation Loss: 0.0329
2025-11-15 23:43:42,836 - INFO - Epoch: 58, Training Loss: 0.0278, Validation Loss: 0.0319
2025-11-15 23:43:55,693 - INFO - Epoch: 59, Training Loss: 0.0277, Validation Loss: 0.0318
2025-11-15 23:44:05,360 - INFO - Epoch: 60, Training Loss: 0.0304, Validation Loss: 0.0311
2025-11-15 23:44:05,360 - INFO -   → New best validation loss: 0.0311
2025-11-15 23:44:18,051 - INFO - Epoch: 61, Training Loss: 0.0288, Validation Loss: 0.0338
2025-11-15 23:44:29,154 - INFO - Epoch: 62, Training Loss: 0.0286, Validation Loss: 0.0308
2025-11-15 23:44:29,155 - INFO -   → New best validation loss: 0.0308
2025-11-15 23:44:41,613 - INFO - Epoch: 63, Training Loss: 0.0295, Validation Loss: 0.0316
2025-11-15 23:44:53,439 - INFO - Epoch: 64, Training Loss: 0.0300, Validation Loss: 0.0321
2025-11-15 23:45:05,845 - INFO - Epoch: 65, Training Loss: 0.0282, Validation Loss: 0.0360
2025-11-15 23:45:15,277 - INFO - Epoch: 66, Training Loss: 0.0287, Validation Loss: 0.0334
2025-11-15 23:45:26,539 - INFO - Epoch: 67, Training Loss: 0.0269, Validation Loss: 0.0354
