2025-11-15 13:13:45,158 - INFO - ================================================================================
2025-11-15 13:13:45,158 - INFO - TRIAL 1 - Task: RGS (FP1/FP2 only)
2025-11-15 13:13:45,158 - INFO - Log file: ./logs_fp/trial1_RGS_20251115_131345.log
2025-11-15 13:13:45,158 - INFO - Start time: 2025-11-15 13:13:45
2025-11-15 13:13:45,158 - INFO - ================================================================================
2025-11-15 13:13:45,158 - INFO - 
--------------------------------------------------------------------------------
2025-11-15 13:13:45,158 - INFO - CV Fold 0
2025-11-15 13:13:45,158 - INFO - --------------------------------------------------------------------------------
2025-11-15 13:13:45,542 - INFO - START TRAINING CV 0 - Task: RGS (FP1/FP2 only)
2025-11-15 13:13:45,542 - INFO - Learning rate: 0.001, Epochs: 500, Batches: 5
2025-11-15 13:13:45,542 - INFO - Loading dataset (FP1/FP2 channels only)...
2025-11-15 13:13:45,554 - INFO - Dataset shapes - Train: (567, 2, 25, 1), Valid: (141, 2, 25, 1), Test: (177, 2, 25, 1)
2025-11-15 13:13:45,555 - INFO - Initializing VIGNet-FP model (2 channels)...
2025-11-15 13:13:45,561 - INFO - Number of batch iterations per epoch: 113
2025-11-15 13:13:55,259 - INFO - Epoch: 1, Training Loss: 0.1905, Validation Loss: 0.0812
2025-11-15 13:13:55,261 - INFO -   → New best validation loss: 0.0812
2025-11-15 13:14:05,482 - INFO - Epoch: 2, Training Loss: 0.0865, Validation Loss: 0.0794
2025-11-15 13:14:05,484 - INFO -   → New best validation loss: 0.0794
2025-11-15 13:14:16,934 - INFO - Epoch: 3, Training Loss: 0.0869, Validation Loss: 0.0836
2025-11-15 13:14:25,712 - INFO - Epoch: 4, Training Loss: 0.0843, Validation Loss: 0.0809
2025-11-15 13:14:37,350 - INFO - Epoch: 5, Training Loss: 0.0850, Validation Loss: 0.0858
2025-11-15 13:14:48,898 - INFO - Epoch: 6, Training Loss: 0.0866, Validation Loss: 0.0840
2025-11-15 13:15:00,932 - INFO - Epoch: 7, Training Loss: 0.0843, Validation Loss: 0.0819
2025-11-15 13:15:12,105 - INFO - Epoch: 8, Training Loss: 0.0852, Validation Loss: 0.0793
2025-11-15 13:15:12,106 - INFO -   → New best validation loss: 0.0793
2025-11-15 13:15:24,128 - INFO - Epoch: 9, Training Loss: 0.0842, Validation Loss: 0.0836
2025-11-15 13:15:34,847 - INFO - Epoch: 10, Training Loss: 0.0841, Validation Loss: 0.0793
2025-11-15 13:15:34,848 - INFO -   → New best validation loss: 0.0793
2025-11-15 13:15:45,558 - INFO - Epoch: 11, Training Loss: 0.0851, Validation Loss: 0.0796
2025-11-15 13:16:00,030 - INFO - Epoch: 12, Training Loss: 0.0842, Validation Loss: 0.0813
2025-11-15 13:16:11,123 - INFO - Epoch: 13, Training Loss: 0.0841, Validation Loss: 0.0812
2025-11-15 13:16:24,602 - INFO - Epoch: 14, Training Loss: 0.0833, Validation Loss: 0.0837
2025-11-15 13:16:36,391 - INFO - Epoch: 15, Training Loss: 0.0831, Validation Loss: 0.0802
2025-11-15 13:16:47,451 - INFO - Epoch: 16, Training Loss: 0.0828, Validation Loss: 0.0806
2025-11-15 13:17:03,367 - INFO - Epoch: 17, Training Loss: 0.0814, Validation Loss: 0.0773
2025-11-15 13:17:03,367 - INFO -   → New best validation loss: 0.0773
2025-11-15 13:17:16,999 - INFO - Epoch: 18, Training Loss: 0.0806, Validation Loss: 0.0690
2025-11-15 13:17:17,000 - INFO -   → New best validation loss: 0.0690
2025-11-15 13:17:27,467 - INFO - Epoch: 19, Training Loss: 0.0789, Validation Loss: 0.0740
2025-11-15 13:17:40,975 - INFO - Epoch: 20, Training Loss: 0.0781, Validation Loss: 0.0849
2025-11-15 13:17:54,790 - INFO - Epoch: 21, Training Loss: 0.0724, Validation Loss: 0.0706
2025-11-15 13:18:08,613 - INFO - Epoch: 22, Training Loss: 0.0666, Validation Loss: 0.0702
2025-11-15 13:18:18,282 - INFO - Epoch: 23, Training Loss: 0.0634, Validation Loss: 0.0707
2025-11-15 13:18:28,849 - INFO - Epoch: 24, Training Loss: 0.0533, Validation Loss: 0.0693
2025-11-15 13:18:38,636 - INFO - Epoch: 25, Training Loss: 0.0489, Validation Loss: 0.0943
2025-11-15 13:18:50,132 - INFO - Epoch: 26, Training Loss: 0.0423, Validation Loss: 0.0268
2025-11-15 13:18:50,136 - INFO -   → New best validation loss: 0.0268
2025-11-15 13:19:00,021 - INFO - Epoch: 27, Training Loss: 0.0388, Validation Loss: 0.0313
2025-11-15 13:19:14,979 - INFO - Epoch: 28, Training Loss: 0.0338, Validation Loss: 0.0219
2025-11-15 13:19:14,980 - INFO -   → New best validation loss: 0.0219
2025-11-15 13:19:31,312 - INFO - Epoch: 29, Training Loss: 0.0313, Validation Loss: 0.0311
2025-11-15 13:19:43,849 - INFO - Epoch: 30, Training Loss: 0.0265, Validation Loss: 0.0251
2025-11-15 13:19:57,745 - INFO - Epoch: 31, Training Loss: 0.0301, Validation Loss: 0.0210
2025-11-15 13:19:57,746 - INFO -   → New best validation loss: 0.0210
2025-11-15 13:20:07,074 - INFO - Epoch: 32, Training Loss: 0.0249, Validation Loss: 0.0169
2025-11-15 13:20:07,075 - INFO -   → New best validation loss: 0.0169
2025-11-15 13:20:17,879 - INFO - Epoch: 33, Training Loss: 0.0199, Validation Loss: 0.0165
2025-11-15 13:20:17,882 - INFO -   → New best validation loss: 0.0165
2025-11-15 13:20:29,174 - INFO - Epoch: 34, Training Loss: 0.0204, Validation Loss: 0.0420
2025-11-15 13:20:40,222 - INFO - Epoch: 35, Training Loss: 0.0275, Validation Loss: 0.0174
2025-11-15 13:20:50,553 - INFO - Epoch: 36, Training Loss: 0.0275, Validation Loss: 0.0181
2025-11-15 13:21:01,984 - INFO - Epoch: 37, Training Loss: 0.0227, Validation Loss: 0.0170
2025-11-15 13:21:16,463 - INFO - Epoch: 38, Training Loss: 0.0275, Validation Loss: 0.0144
2025-11-15 13:21:16,465 - INFO -   → New best validation loss: 0.0144
2025-11-15 13:21:28,602 - INFO - Epoch: 39, Training Loss: 0.0279, Validation Loss: 0.0219
2025-11-15 13:21:40,667 - INFO - Epoch: 40, Training Loss: 0.0211, Validation Loss: 0.0179
2025-11-15 13:21:49,874 - INFO - Epoch: 41, Training Loss: 0.0213, Validation Loss: 0.0178
2025-11-15 13:22:02,275 - INFO - Epoch: 42, Training Loss: 0.0223, Validation Loss: 0.0179
2025-11-15 13:22:14,855 - INFO - Epoch: 43, Training Loss: 0.0229, Validation Loss: 0.0217
2025-11-15 13:22:25,436 - INFO - Epoch: 44, Training Loss: 0.0225, Validation Loss: 0.0188
2025-11-15 13:22:36,801 - INFO - Epoch: 45, Training Loss: 0.0215, Validation Loss: 0.0276
2025-11-15 13:22:48,417 - INFO - Epoch: 46, Training Loss: 0.0209, Validation Loss: 0.0256
2025-11-15 13:23:01,935 - INFO - Epoch: 47, Training Loss: 0.0202, Validation Loss: 0.0227
2025-11-15 13:23:14,188 - INFO - Epoch: 48, Training Loss: 0.0188, Validation Loss: 0.0220
2025-11-15 13:23:26,126 - INFO - Epoch: 49, Training Loss: 0.0208, Validation Loss: 0.0184
2025-11-15 13:23:37,658 - INFO - Epoch: 50, Training Loss: 0.0191, Validation Loss: 0.0193
2025-11-15 13:23:49,032 - INFO - Epoch: 51, Training Loss: 0.0205, Validation Loss: 0.0322
2025-11-15 13:24:00,857 - INFO - Epoch: 52, Training Loss: 0.0189, Validation Loss: 0.0267
2025-11-15 13:24:14,577 - INFO - Epoch: 53, Training Loss: 0.0170, Validation Loss: 0.0242
2025-11-15 13:24:28,246 - INFO - Epoch: 54, Training Loss: 0.0186, Validation Loss: 0.0155
2025-11-15 13:24:39,220 - INFO - Epoch: 55, Training Loss: 0.0179, Validation Loss: 0.0158
2025-11-15 13:24:51,690 - INFO - Epoch: 56, Training Loss: 0.0187, Validation Loss: 0.0259
2025-11-15 13:25:01,923 - INFO - Epoch: 57, Training Loss: 0.0170, Validation Loss: 0.0139
2025-11-15 13:25:01,923 - INFO -   → New best validation loss: 0.0139
2025-11-15 13:25:12,530 - INFO - Epoch: 58, Training Loss: 0.0173, Validation Loss: 0.0187
2025-11-15 13:25:22,744 - INFO - Epoch: 59, Training Loss: 0.0175, Validation Loss: 0.0165
2025-11-15 13:25:32,287 - INFO - Epoch: 60, Training Loss: 0.0167, Validation Loss: 0.0318
2025-11-15 13:25:47,865 - INFO - Epoch: 61, Training Loss: 0.0163, Validation Loss: 0.0147
2025-11-15 13:25:59,672 - INFO - Epoch: 62, Training Loss: 0.0158, Validation Loss: 0.0134
2025-11-15 13:25:59,672 - INFO -   → New best validation loss: 0.0134
2025-11-15 13:26:12,735 - INFO - Epoch: 63, Training Loss: 0.0161, Validation Loss: 0.0171
2025-11-15 13:26:23,906 - INFO - Epoch: 64, Training Loss: 0.0161, Validation Loss: 0.0169
2025-11-15 13:26:38,909 - INFO - Epoch: 65, Training Loss: 0.0156, Validation Loss: 0.0125
2025-11-15 13:26:38,910 - INFO -   → New best validation loss: 0.0125
2025-11-15 13:26:51,992 - INFO - Epoch: 66, Training Loss: 0.0171, Validation Loss: 0.0146
2025-11-15 13:27:03,739 - INFO - Epoch: 67, Training Loss: 0.0174, Validation Loss: 0.0235
2025-11-15 13:27:16,308 - INFO - Epoch: 68, Training Loss: 0.0170, Validation Loss: 0.0160
2025-11-15 13:27:27,140 - INFO - Epoch: 69, Training Loss: 0.0156, Validation Loss: 0.0187
2025-11-15 13:27:37,876 - INFO - Epoch: 70, Training Loss: 0.0144, Validation Loss: 0.0129
2025-11-15 13:27:49,112 - INFO - Epoch: 71, Training Loss: 0.0163, Validation Loss: 0.0301
2025-11-15 13:28:02,147 - INFO - Epoch: 72, Training Loss: 0.0151, Validation Loss: 0.0242
2025-11-15 13:28:16,458 - INFO - Epoch: 73, Training Loss: 0.0144, Validation Loss: 0.0175
2025-11-15 13:28:26,697 - INFO - Epoch: 74, Training Loss: 0.0147, Validation Loss: 0.0173
2025-11-15 13:28:41,411 - INFO - Epoch: 75, Training Loss: 0.0146, Validation Loss: 0.0150
2025-11-15 13:28:52,686 - INFO - Epoch: 76, Training Loss: 0.0153, Validation Loss: 0.0178
2025-11-15 13:29:04,549 - INFO - Epoch: 77, Training Loss: 0.0141, Validation Loss: 0.0131
2025-11-15 13:29:17,894 - INFO - Epoch: 78, Training Loss: 0.0136, Validation Loss: 0.0144
2025-11-15 13:29:30,190 - INFO - Epoch: 79, Training Loss: 0.0146, Validation Loss: 0.0180
2025-11-15 13:29:39,348 - INFO - Epoch: 80, Training Loss: 0.0145, Validation Loss: 0.0162
2025-11-15 13:29:53,951 - INFO - Epoch: 81, Training Loss: 0.0165, Validation Loss: 0.0150
2025-11-15 13:30:06,346 - INFO - Epoch: 82, Training Loss: 0.0145, Validation Loss: 0.0140
2025-11-15 13:30:19,862 - INFO - Epoch: 83, Training Loss: 0.0152, Validation Loss: 0.0150
2025-11-15 13:30:34,618 - INFO - Epoch: 84, Training Loss: 0.0146, Validation Loss: 0.0149
2025-11-15 13:30:44,266 - INFO - Epoch: 85, Training Loss: 0.0143, Validation Loss: 0.0143
2025-11-15 13:30:44,266 - INFO - Early stopping triggered at epoch 85
2025-11-15 13:30:44,266 - INFO - Best validation loss: 0.0125
2025-11-15 13:30:44,270 - INFO - Restored best model weights
2025-11-15 13:30:44,295 - INFO - 
============================================================
2025-11-15 13:30:44,295 - INFO - EVALUATION RESULTS
2025-11-15 13:30:44,295 - INFO - ============================================================
2025-11-15 13:30:44,355 - INFO - Validation Set - MSE: 0.014354, MAE: 0.093722, RMSE: 0.119806, Pearson Correlation: 0.907114 (p=0.000000)
2025-11-15 13:30:44,402 - INFO - Test Set - MSE: 0.013618, MAE: 0.091777, RMSE: 0.116696, Pearson Correlation: 0.913912 (p=0.000000)
2025-11-15 13:30:44,402 - INFO - ============================================================

2025-11-15 13:30:44,402 - INFO - CV Fold 0 completed successfully
2025-11-15 13:30:44,403 - INFO - 
--------------------------------------------------------------------------------
2025-11-15 13:30:44,403 - INFO - CV Fold 1
2025-11-15 13:30:44,403 - INFO - --------------------------------------------------------------------------------
2025-11-15 13:30:44,404 - INFO - START TRAINING CV 1 - Task: RGS (FP1/FP2 only)
2025-11-15 13:30:44,404 - INFO - Learning rate: 0.001, Epochs: 500, Batches: 5
2025-11-15 13:30:44,405 - INFO - Loading dataset (FP1/FP2 channels only)...
2025-11-15 13:30:44,416 - INFO - Dataset shapes - Train: (567, 2, 25, 1), Valid: (141, 2, 25, 1), Test: (177, 2, 25, 1)
2025-11-15 13:30:44,416 - INFO - Initializing VIGNet-FP model (2 channels)...
2025-11-15 13:30:44,419 - INFO - Number of batch iterations per epoch: 113
2025-11-15 13:30:55,535 - INFO - Epoch: 1, Training Loss: 0.2131, Validation Loss: 0.0878
2025-11-15 13:30:55,536 - INFO -   → New best validation loss: 0.0878
2025-11-15 13:31:06,843 - INFO - Epoch: 2, Training Loss: 0.0854, Validation Loss: 0.0879
2025-11-15 13:31:17,746 - INFO - Epoch: 3, Training Loss: 0.0822, Validation Loss: 0.0844
2025-11-15 13:31:17,746 - INFO -   → New best validation loss: 0.0844
2025-11-15 13:31:24,632 - INFO - Epoch: 4, Training Loss: 0.0843, Validation Loss: 0.0877
2025-11-15 13:31:34,280 - INFO - Epoch: 5, Training Loss: 0.0847, Validation Loss: 0.0860
2025-11-15 13:31:48,232 - INFO - Epoch: 6, Training Loss: 0.0820, Validation Loss: 0.0848
2025-11-15 13:31:58,724 - INFO - Epoch: 7, Training Loss: 0.0840, Validation Loss: 0.0823
2025-11-15 13:31:58,724 - INFO -   → New best validation loss: 0.0823
2025-11-15 13:32:10,993 - INFO - Epoch: 8, Training Loss: 0.0845, Validation Loss: 0.0869
2025-11-15 13:32:22,986 - INFO - Epoch: 9, Training Loss: 0.0835, Validation Loss: 0.0838
2025-11-15 13:32:32,520 - INFO - Epoch: 10, Training Loss: 0.0829, Validation Loss: 0.0863
2025-11-15 13:32:47,512 - INFO - Epoch: 11, Training Loss: 0.0830, Validation Loss: 0.0878
2025-11-15 13:32:58,966 - INFO - Epoch: 12, Training Loss: 0.0833, Validation Loss: 0.0856
2025-11-15 13:33:09,673 - INFO - Epoch: 13, Training Loss: 0.0832, Validation Loss: 0.0852
2025-11-15 13:33:20,940 - INFO - Epoch: 14, Training Loss: 0.0820, Validation Loss: 0.0837
2025-11-15 13:33:33,292 - INFO - Epoch: 15, Training Loss: 0.0842, Validation Loss: 0.0823
2025-11-15 13:33:43,737 - INFO - Epoch: 16, Training Loss: 0.0830, Validation Loss: 0.0879
2025-11-15 13:33:55,562 - INFO - Epoch: 17, Training Loss: 0.0836, Validation Loss: 0.0897
2025-11-15 13:34:07,227 - INFO - Epoch: 18, Training Loss: 0.0830, Validation Loss: 0.0856
2025-11-15 13:34:19,558 - INFO - Epoch: 19, Training Loss: 0.0832, Validation Loss: 0.0799
2025-11-15 13:34:19,561 - INFO -   → New best validation loss: 0.0799
2025-11-15 13:34:34,209 - INFO - Epoch: 20, Training Loss: 0.0830, Validation Loss: 0.0856
2025-11-15 13:34:41,902 - INFO - Epoch: 21, Training Loss: 0.0826, Validation Loss: 0.0828
2025-11-15 13:34:55,240 - INFO - Epoch: 22, Training Loss: 0.0827, Validation Loss: 0.0804
2025-11-15 13:35:05,874 - INFO - Epoch: 23, Training Loss: 0.0837, Validation Loss: 0.0840
2025-11-15 13:35:19,191 - INFO - Epoch: 24, Training Loss: 0.0818, Validation Loss: 0.1033
2025-11-15 13:35:30,971 - INFO - Epoch: 25, Training Loss: 0.0815, Validation Loss: 0.0787
2025-11-15 13:35:30,972 - INFO -   → New best validation loss: 0.0787
2025-11-15 13:35:39,970 - INFO - Epoch: 26, Training Loss: 0.0806, Validation Loss: 0.0904
2025-11-15 13:35:52,797 - INFO - Epoch: 27, Training Loss: 0.0820, Validation Loss: 0.0906
2025-11-15 13:36:05,112 - INFO - Epoch: 28, Training Loss: 0.0802, Validation Loss: 0.0912
2025-11-15 13:36:17,125 - INFO - Epoch: 29, Training Loss: 0.0775, Validation Loss: 0.0783
2025-11-15 13:36:17,126 - INFO -   → New best validation loss: 0.0783
2025-11-15 13:36:32,097 - INFO - Epoch: 30, Training Loss: 0.0768, Validation Loss: 0.0592
2025-11-15 13:36:32,098 - INFO -   → New best validation loss: 0.0592
2025-11-15 13:36:44,022 - INFO - Epoch: 31, Training Loss: 0.0710, Validation Loss: 0.0589
2025-11-15 13:36:44,022 - INFO -   → New best validation loss: 0.0589
2025-11-15 13:36:54,700 - INFO - Epoch: 32, Training Loss: 0.0612, Validation Loss: 0.0280
2025-11-15 13:36:54,703 - INFO -   → New best validation loss: 0.0280
2025-11-15 13:37:06,489 - INFO - Epoch: 33, Training Loss: 0.0512, Validation Loss: 0.0503
2025-11-15 13:37:18,254 - INFO - Epoch: 34, Training Loss: 0.0554, Validation Loss: 0.0424
2025-11-15 13:37:31,111 - INFO - Epoch: 35, Training Loss: 0.0406, Validation Loss: 0.0490
2025-11-15 13:37:43,989 - INFO - Epoch: 36, Training Loss: 0.0456, Validation Loss: 0.0179
2025-11-15 13:37:43,989 - INFO -   → New best validation loss: 0.0179
2025-11-15 13:37:55,445 - INFO - Epoch: 37, Training Loss: 0.0328, Validation Loss: 0.0425
2025-11-15 13:38:08,628 - INFO - Epoch: 38, Training Loss: 0.0280, Validation Loss: 0.0225
2025-11-15 13:38:20,278 - INFO - Epoch: 39, Training Loss: 0.0307, Validation Loss: 0.0281
2025-11-15 13:38:35,941 - INFO - Epoch: 40, Training Loss: 0.0282, Validation Loss: 0.0269
2025-11-15 13:38:48,804 - INFO - Epoch: 41, Training Loss: 0.0218, Validation Loss: 0.0198
2025-11-15 13:39:00,737 - INFO - Epoch: 42, Training Loss: 0.0251, Validation Loss: 0.0213
2025-11-15 13:39:12,741 - INFO - Epoch: 43, Training Loss: 0.0222, Validation Loss: 0.0120
2025-11-15 13:39:12,743 - INFO -   → New best validation loss: 0.0120
2025-11-15 13:39:25,161 - INFO - Epoch: 44, Training Loss: 0.0257, Validation Loss: 0.0195
2025-11-15 13:39:38,056 - INFO - Epoch: 45, Training Loss: 0.0211, Validation Loss: 0.0157
2025-11-15 13:39:52,423 - INFO - Epoch: 46, Training Loss: 0.0212, Validation Loss: 0.0172
2025-11-15 13:40:07,022 - INFO - Epoch: 47, Training Loss: 0.0201, Validation Loss: 0.0188
2025-11-15 13:40:18,983 - INFO - Epoch: 48, Training Loss: 0.0204, Validation Loss: 0.0249
2025-11-15 13:40:33,612 - INFO - Epoch: 49, Training Loss: 0.0231, Validation Loss: 0.0174
2025-11-15 13:40:44,744 - INFO - Epoch: 50, Training Loss: 0.0207, Validation Loss: 0.0579
2025-11-15 13:40:54,663 - INFO - Epoch: 51, Training Loss: 0.0195, Validation Loss: 0.0170
2025-11-15 13:41:09,043 - INFO - Epoch: 52, Training Loss: 0.0173, Validation Loss: 0.0145
2025-11-15 13:41:18,100 - INFO - Epoch: 53, Training Loss: 0.0186, Validation Loss: 0.0121
2025-11-15 13:41:33,419 - INFO - Epoch: 54, Training Loss: 0.0198, Validation Loss: 0.0169
2025-11-15 13:41:45,987 - INFO - Epoch: 55, Training Loss: 0.0182, Validation Loss: 0.0184
2025-11-15 13:41:58,222 - INFO - Epoch: 56, Training Loss: 0.0185, Validation Loss: 0.0141
2025-11-15 13:42:10,574 - INFO - Epoch: 57, Training Loss: 0.0192, Validation Loss: 0.0171
2025-11-15 13:42:21,147 - INFO - Epoch: 58, Training Loss: 0.0175, Validation Loss: 0.0145
2025-11-15 13:42:33,044 - INFO - Epoch: 59, Training Loss: 0.0182, Validation Loss: 0.0127
2025-11-15 13:42:43,052 - INFO - Epoch: 60, Training Loss: 0.0174, Validation Loss: 0.0153
2025-11-15 13:42:56,262 - INFO - Epoch: 61, Training Loss: 0.0182, Validation Loss: 0.0152
2025-11-15 13:43:06,026 - INFO - Epoch: 62, Training Loss: 0.0171, Validation Loss: 0.0111
2025-11-15 13:43:06,029 - INFO -   → New best validation loss: 0.0111
2025-11-15 13:43:16,522 - INFO - Epoch: 63, Training Loss: 0.0172, Validation Loss: 0.0134
2025-11-15 13:43:28,876 - INFO - Epoch: 64, Training Loss: 0.0157, Validation Loss: 0.0122
2025-11-15 13:43:39,443 - INFO - Epoch: 65, Training Loss: 0.0167, Validation Loss: 0.0116
2025-11-15 13:43:51,621 - INFO - Epoch: 66, Training Loss: 0.0162, Validation Loss: 0.0127
2025-11-15 13:44:06,138 - INFO - Epoch: 67, Training Loss: 0.0167, Validation Loss: 0.0177
2025-11-15 13:44:14,100 - INFO - Epoch: 68, Training Loss: 0.0164, Validation Loss: 0.0240
2025-11-15 13:44:26,213 - INFO - Epoch: 69, Training Loss: 0.0162, Validation Loss: 0.0307
2025-11-15 13:44:35,990 - INFO - Epoch: 70, Training Loss: 0.0159, Validation Loss: 0.0134
2025-11-15 13:44:50,394 - INFO - Epoch: 71, Training Loss: 0.0152, Validation Loss: 0.0127
2025-11-15 13:45:02,006 - INFO - Epoch: 72, Training Loss: 0.0144, Validation Loss: 0.0141
2025-11-15 13:45:14,132 - INFO - Epoch: 73, Training Loss: 0.0151, Validation Loss: 0.0112
2025-11-15 13:45:27,513 - INFO - Epoch: 74, Training Loss: 0.0166, Validation Loss: 0.0172
2025-11-15 13:45:41,406 - INFO - Epoch: 75, Training Loss: 0.0147, Validation Loss: 0.0160
2025-11-15 13:45:54,121 - INFO - Epoch: 76, Training Loss: 0.0145, Validation Loss: 0.0110
2025-11-15 13:45:54,122 - INFO -   → New best validation loss: 0.0110
2025-11-15 13:46:09,457 - INFO - Epoch: 77, Training Loss: 0.0162, Validation Loss: 0.0167
2025-11-15 13:46:27,849 - INFO - Epoch: 78, Training Loss: 0.0145, Validation Loss: 0.0108
2025-11-15 13:46:27,854 - INFO -   → New best validation loss: 0.0108
2025-11-15 13:46:38,029 - INFO - Epoch: 79, Training Loss: 0.0142, Validation Loss: 0.0141
2025-11-15 13:46:48,337 - INFO - Epoch: 80, Training Loss: 0.0140, Validation Loss: 0.0153
2025-11-15 13:47:01,295 - INFO - Epoch: 81, Training Loss: 0.0140, Validation Loss: 0.0121
2025-11-15 13:47:13,582 - INFO - Epoch: 82, Training Loss: 0.0140, Validation Loss: 0.0115
2025-11-15 13:47:26,134 - INFO - Epoch: 83, Training Loss: 0.0143, Validation Loss: 0.0108
2025-11-15 13:47:26,134 - INFO -   → New best validation loss: 0.0108
2025-11-15 13:47:36,652 - INFO - Epoch: 84, Training Loss: 0.0129, Validation Loss: 0.0114
2025-11-15 13:47:48,930 - INFO - Epoch: 85, Training Loss: 0.0146, Validation Loss: 0.0119
2025-11-15 13:48:01,518 - INFO - Epoch: 86, Training Loss: 0.0130, Validation Loss: 0.0127
2025-11-15 13:48:15,799 - INFO - Epoch: 87, Training Loss: 0.0130, Validation Loss: 0.0107
2025-11-15 13:48:15,803 - INFO -   → New best validation loss: 0.0107
2025-11-15 13:48:26,700 - INFO - Epoch: 88, Training Loss: 0.0126, Validation Loss: 0.0128
2025-11-15 13:48:40,854 - INFO - Epoch: 89, Training Loss: 0.0132, Validation Loss: 0.0120
2025-11-15 13:48:54,108 - INFO - Epoch: 90, Training Loss: 0.0130, Validation Loss: 0.0108
2025-11-15 13:49:07,223 - INFO - Epoch: 91, Training Loss: 0.0118, Validation Loss: 0.0105
2025-11-15 13:49:07,223 - INFO -   → New best validation loss: 0.0105
2025-11-15 13:49:18,535 - INFO - Epoch: 92, Training Loss: 0.0128, Validation Loss: 0.0111
2025-11-15 13:49:29,713 - INFO - Epoch: 93, Training Loss: 0.0130, Validation Loss: 0.0140
2025-11-15 13:49:40,944 - INFO - Epoch: 94, Training Loss: 0.0124, Validation Loss: 0.0116
2025-11-15 13:49:52,707 - INFO - Epoch: 95, Training Loss: 0.0132, Validation Loss: 0.0117
2025-11-15 13:50:05,926 - INFO - Epoch: 96, Training Loss: 0.0150, Validation Loss: 0.0152
2025-11-15 13:50:18,628 - INFO - Epoch: 97, Training Loss: 0.0127, Validation Loss: 0.0131
2025-11-15 13:50:29,956 - INFO - Epoch: 98, Training Loss: 0.0132, Validation Loss: 0.0107
2025-11-15 13:50:43,565 - INFO - Epoch: 99, Training Loss: 0.0129, Validation Loss: 0.0105
2025-11-15 13:50:56,589 - INFO - Epoch: 100, Training Loss: 0.0114, Validation Loss: 0.0096
2025-11-15 13:50:56,590 - INFO -   → New best validation loss: 0.0096
2025-11-15 13:51:09,360 - INFO - Epoch: 101, Training Loss: 0.0123, Validation Loss: 0.0111
2025-11-15 13:51:22,252 - INFO - Epoch: 102, Training Loss: 0.0126, Validation Loss: 0.0106
2025-11-15 13:51:36,341 - INFO - Epoch: 103, Training Loss: 0.0131, Validation Loss: 0.0114
2025-11-15 13:51:49,720 - INFO - Epoch: 104, Training Loss: 0.0116, Validation Loss: 0.0101
2025-11-15 13:52:01,428 - INFO - Epoch: 105, Training Loss: 0.0120, Validation Loss: 0.0135
2025-11-15 13:52:14,603 - INFO - Epoch: 106, Training Loss: 0.0118, Validation Loss: 0.0135
2025-11-15 13:52:30,630 - INFO - Epoch: 107, Training Loss: 0.0124, Validation Loss: 0.0082
2025-11-15 13:52:30,631 - INFO -   → New best validation loss: 0.0082
2025-11-15 13:52:43,101 - INFO - Epoch: 108, Training Loss: 0.0112, Validation Loss: 0.0207
2025-11-15 13:52:55,153 - INFO - Epoch: 109, Training Loss: 0.0113, Validation Loss: 0.0088
2025-11-15 13:53:09,790 - INFO - Epoch: 110, Training Loss: 0.0113, Validation Loss: 0.0089
2025-11-15 13:53:25,381 - INFO - Epoch: 111, Training Loss: 0.0114, Validation Loss: 0.0118
2025-11-15 13:53:39,167 - INFO - Epoch: 112, Training Loss: 0.0115, Validation Loss: 0.0096
2025-11-15 13:53:51,058 - INFO - Epoch: 113, Training Loss: 0.0115, Validation Loss: 0.0096
2025-11-15 13:54:04,871 - INFO - Epoch: 114, Training Loss: 0.0122, Validation Loss: 0.0101
2025-11-15 13:54:16,125 - INFO - Epoch: 115, Training Loss: 0.0111, Validation Loss: 0.0084
2025-11-15 13:54:27,888 - INFO - Epoch: 116, Training Loss: 0.0105, Validation Loss: 0.0101
2025-11-15 13:54:40,290 - INFO - Epoch: 117, Training Loss: 0.0122, Validation Loss: 0.0090
2025-11-15 13:54:54,155 - INFO - Epoch: 118, Training Loss: 0.0114, Validation Loss: 0.0092
2025-11-15 13:55:07,087 - INFO - Epoch: 119, Training Loss: 0.0108, Validation Loss: 0.0081
2025-11-15 13:55:07,091 - INFO -   → New best validation loss: 0.0081
2025-11-15 13:55:18,722 - INFO - Epoch: 120, Training Loss: 0.0122, Validation Loss: 0.0125
2025-11-15 13:55:32,995 - INFO - Epoch: 121, Training Loss: 0.0111, Validation Loss: 0.0117
2025-11-15 13:55:46,302 - INFO - Epoch: 122, Training Loss: 0.0110, Validation Loss: 0.0086
2025-11-15 13:55:55,973 - INFO - Epoch: 123, Training Loss: 0.0110, Validation Loss: 0.0100
2025-11-15 13:56:07,277 - INFO - Epoch: 124, Training Loss: 0.0103, Validation Loss: 0.0092
2025-11-15 13:56:22,119 - INFO - Epoch: 125, Training Loss: 0.0106, Validation Loss: 0.0104
2025-11-15 13:56:35,229 - INFO - Epoch: 126, Training Loss: 0.0129, Validation Loss: 0.0107
2025-11-15 13:56:49,150 - INFO - Epoch: 127, Training Loss: 0.0127, Validation Loss: 0.0089
2025-11-15 13:57:01,985 - INFO - Epoch: 128, Training Loss: 0.0103, Validation Loss: 0.0081
2025-11-15 13:57:01,986 - INFO -   → New best validation loss: 0.0081
2025-11-15 13:57:11,723 - INFO - Epoch: 129, Training Loss: 0.0099, Validation Loss: 0.0117
2025-11-15 13:57:23,720 - INFO - Epoch: 130, Training Loss: 0.0121, Validation Loss: 0.0092
2025-11-15 13:57:34,760 - INFO - Epoch: 131, Training Loss: 0.0122, Validation Loss: 0.0113
2025-11-15 13:57:46,972 - INFO - Epoch: 132, Training Loss: 0.0120, Validation Loss: 0.0091
2025-11-15 13:57:56,646 - INFO - Epoch: 133, Training Loss: 0.0111, Validation Loss: 0.0088
2025-11-15 13:58:07,920 - INFO - Epoch: 134, Training Loss: 0.0115, Validation Loss: 0.0098
2025-11-15 13:58:21,730 - INFO - Epoch: 135, Training Loss: 0.0102, Validation Loss: 0.0094
2025-11-15 13:58:33,941 - INFO - Epoch: 136, Training Loss: 0.0110, Validation Loss: 0.0089
2025-11-15 13:58:46,614 - INFO - Epoch: 137, Training Loss: 0.0104, Validation Loss: 0.0099
2025-11-15 13:58:58,481 - INFO - Epoch: 138, Training Loss: 0.0108, Validation Loss: 0.0078
2025-11-15 13:58:58,483 - INFO -   → New best validation loss: 0.0078
2025-11-15 13:59:09,464 - INFO - Epoch: 139, Training Loss: 0.0104, Validation Loss: 0.0088
2025-11-15 13:59:21,278 - INFO - Epoch: 140, Training Loss: 0.0106, Validation Loss: 0.0105
2025-11-15 13:59:34,486 - INFO - Epoch: 141, Training Loss: 0.0106, Validation Loss: 0.0099
2025-11-15 13:59:45,395 - INFO - Epoch: 142, Training Loss: 0.0103, Validation Loss: 0.0080
2025-11-15 13:59:57,131 - INFO - Epoch: 143, Training Loss: 0.0108, Validation Loss: 0.0104
2025-11-15 14:00:06,635 - INFO - Epoch: 144, Training Loss: 0.0101, Validation Loss: 0.0115
2025-11-15 14:00:18,108 - INFO - Epoch: 145, Training Loss: 0.0108, Validation Loss: 0.0082
2025-11-15 14:00:27,528 - INFO - Epoch: 146, Training Loss: 0.0113, Validation Loss: 0.0104
2025-11-15 14:00:38,374 - INFO - Epoch: 147, Training Loss: 0.0111, Validation Loss: 0.0105
2025-11-15 14:00:50,233 - INFO - Epoch: 148, Training Loss: 0.0104, Validation Loss: 0.0103
2025-11-15 14:01:00,382 - INFO - Epoch: 149, Training Loss: 0.0110, Validation Loss: 0.0117
2025-11-15 14:01:14,693 - INFO - Epoch: 150, Training Loss: 0.0110, Validation Loss: 0.0094
2025-11-15 14:01:27,067 - INFO - Epoch: 151, Training Loss: 0.0101, Validation Loss: 0.0110
2025-11-15 14:01:38,674 - INFO - Epoch: 152, Training Loss: 0.0111, Validation Loss: 0.0085
2025-11-15 14:01:51,155 - INFO - Epoch: 153, Training Loss: 0.0102, Validation Loss: 0.0108
2025-11-15 14:02:00,726 - INFO - Epoch: 154, Training Loss: 0.0111, Validation Loss: 0.0083
2025-11-15 14:02:14,529 - INFO - Epoch: 155, Training Loss: 0.0103, Validation Loss: 0.0077
2025-11-15 14:02:14,530 - INFO -   → New best validation loss: 0.0077
2025-11-15 14:02:26,888 - INFO - Epoch: 156, Training Loss: 0.0106, Validation Loss: 0.0100
2025-11-15 14:02:38,942 - INFO - Epoch: 157, Training Loss: 0.0105, Validation Loss: 0.0105
2025-11-15 14:02:52,710 - INFO - Epoch: 158, Training Loss: 0.0104, Validation Loss: 0.0085
2025-11-15 14:03:04,425 - INFO - Epoch: 159, Training Loss: 0.0103, Validation Loss: 0.0113
2025-11-15 14:03:16,368 - INFO - Epoch: 160, Training Loss: 0.0118, Validation Loss: 0.0085
2025-11-15 14:03:26,367 - INFO - Epoch: 161, Training Loss: 0.0115, Validation Loss: 0.0138
2025-11-15 14:03:39,802 - INFO - Epoch: 162, Training Loss: 0.0117, Validation Loss: 0.0093
2025-11-15 14:03:51,651 - INFO - Epoch: 163, Training Loss: 0.0107, Validation Loss: 0.0107
2025-11-15 14:04:03,213 - INFO - Epoch: 164, Training Loss: 0.0099, Validation Loss: 0.0105
2025-11-15 14:04:17,354 - INFO - Epoch: 165, Training Loss: 0.0098, Validation Loss: 0.0099
2025-11-15 14:04:30,174 - INFO - Epoch: 166, Training Loss: 0.0110, Validation Loss: 0.0120
2025-11-15 14:04:44,715 - INFO - Epoch: 167, Training Loss: 0.0115, Validation Loss: 0.0078
2025-11-15 14:04:56,598 - INFO - Epoch: 168, Training Loss: 0.0102, Validation Loss: 0.0106
2025-11-15 14:05:09,655 - INFO - Epoch: 169, Training Loss: 0.0101, Validation Loss: 0.0094
2025-11-15 14:05:23,254 - INFO - Epoch: 170, Training Loss: 0.0109, Validation Loss: 0.0112
2025-11-15 14:05:37,138 - INFO - Epoch: 171, Training Loss: 0.0108, Validation Loss: 0.0119
2025-11-15 14:05:48,187 - INFO - Epoch: 172, Training Loss: 0.0102, Validation Loss: 0.0080
2025-11-15 14:06:00,079 - INFO - Epoch: 173, Training Loss: 0.0099, Validation Loss: 0.0086
2025-11-15 14:06:14,855 - INFO - Epoch: 174, Training Loss: 0.0099, Validation Loss: 0.0115
2025-11-15 14:06:26,575 - INFO - Epoch: 175, Training Loss: 0.0104, Validation Loss: 0.0096
2025-11-15 14:06:26,575 - INFO - Early stopping triggered at epoch 175
2025-11-15 14:06:26,575 - INFO - Best validation loss: 0.0077
2025-11-15 14:06:26,578 - INFO - Restored best model weights
2025-11-15 14:06:26,578 - INFO - 
============================================================
2025-11-15 14:06:26,578 - INFO - EVALUATION RESULTS
2025-11-15 14:06:26,578 - INFO - ============================================================
2025-11-15 14:06:26,621 - INFO - Validation Set - MSE: 0.008680, MAE: 0.073522, RMSE: 0.093167, Pearson Correlation: 0.947183 (p=0.000000)
2025-11-15 14:06:26,664 - INFO - Test Set - MSE: 0.009261, MAE: 0.073820, RMSE: 0.096235, Pearson Correlation: 0.942472 (p=0.000000)
2025-11-15 14:06:26,664 - INFO - ============================================================

2025-11-15 14:06:26,664 - INFO - CV Fold 1 completed successfully
2025-11-15 14:06:26,664 - INFO - 
--------------------------------------------------------------------------------
2025-11-15 14:06:26,664 - INFO - CV Fold 2
2025-11-15 14:06:26,664 - INFO - --------------------------------------------------------------------------------
2025-11-15 14:06:26,666 - INFO - START TRAINING CV 2 - Task: RGS (FP1/FP2 only)
2025-11-15 14:06:26,666 - INFO - Learning rate: 0.001, Epochs: 500, Batches: 5
2025-11-15 14:06:26,666 - INFO - Loading dataset (FP1/FP2 channels only)...
2025-11-15 14:06:26,678 - INFO - Dataset shapes - Train: (567, 2, 25, 1), Valid: (141, 2, 25, 1), Test: (177, 2, 25, 1)
2025-11-15 14:06:26,678 - INFO - Initializing VIGNet-FP model (2 channels)...
2025-11-15 14:06:26,681 - INFO - Number of batch iterations per epoch: 113
2025-11-15 14:06:39,589 - INFO - Epoch: 1, Training Loss: 0.1937, Validation Loss: 0.0834
2025-11-15 14:06:39,593 - INFO -   → New best validation loss: 0.0834
2025-11-15 14:06:52,140 - INFO - Epoch: 2, Training Loss: 0.0841, Validation Loss: 0.0837
2025-11-15 14:07:03,048 - INFO - Epoch: 3, Training Loss: 0.0835, Validation Loss: 0.0833
2025-11-15 14:07:03,048 - INFO -   → New best validation loss: 0.0833
2025-11-15 14:07:15,371 - INFO - Epoch: 4, Training Loss: 0.0850, Validation Loss: 0.0831
2025-11-15 14:07:15,374 - INFO -   → New best validation loss: 0.0831
2025-11-15 14:07:25,818 - INFO - Epoch: 5, Training Loss: 0.0830, Validation Loss: 0.0831
2025-11-15 14:07:25,819 - INFO -   → New best validation loss: 0.0831
2025-11-15 14:07:37,297 - INFO - Epoch: 6, Training Loss: 0.0840, Validation Loss: 0.0878
2025-11-15 14:07:51,656 - INFO - Epoch: 7, Training Loss: 0.0833, Validation Loss: 0.0831
2025-11-15 14:08:06,065 - INFO - Epoch: 8, Training Loss: 0.0828, Validation Loss: 0.0848
2025-11-15 14:08:16,441 - INFO - Epoch: 9, Training Loss: 0.0837, Validation Loss: 0.0830
2025-11-15 14:08:16,445 - INFO -   → New best validation loss: 0.0830
2025-11-15 14:08:30,203 - INFO - Epoch: 10, Training Loss: 0.0828, Validation Loss: 0.0827
2025-11-15 14:08:30,203 - INFO -   → New best validation loss: 0.0827
2025-11-15 14:08:37,637 - INFO - Epoch: 11, Training Loss: 0.0832, Validation Loss: 0.0828
2025-11-15 14:08:52,341 - INFO - Epoch: 12, Training Loss: 0.0828, Validation Loss: 0.0832
2025-11-15 14:09:03,077 - INFO - Epoch: 13, Training Loss: 0.0829, Validation Loss: 0.0828
2025-11-15 14:09:15,914 - INFO - Epoch: 14, Training Loss: 0.0833, Validation Loss: 0.0829
2025-11-15 14:09:30,105 - INFO - Epoch: 15, Training Loss: 0.0827, Validation Loss: 0.0832
2025-11-15 14:09:41,979 - INFO - Epoch: 16, Training Loss: 0.0825, Validation Loss: 0.0834
2025-11-15 14:09:55,653 - INFO - Epoch: 17, Training Loss: 0.0826, Validation Loss: 0.0832
2025-11-15 14:10:06,635 - INFO - Epoch: 18, Training Loss: 0.0826, Validation Loss: 0.0832
2025-11-15 14:10:18,960 - INFO - Epoch: 19, Training Loss: 0.0832, Validation Loss: 0.0831
2025-11-15 14:10:29,079 - INFO - Epoch: 20, Training Loss: 0.0829, Validation Loss: 0.0826
2025-11-15 14:10:29,079 - INFO -   → New best validation loss: 0.0826
2025-11-15 14:10:42,379 - INFO - Epoch: 21, Training Loss: 0.0825, Validation Loss: 0.0824
2025-11-15 14:10:42,382 - INFO -   → New best validation loss: 0.0824
2025-11-15 14:10:55,662 - INFO - Epoch: 22, Training Loss: 0.0830, Validation Loss: 0.0829
2025-11-15 14:11:04,527 - INFO - Epoch: 23, Training Loss: 0.0827, Validation Loss: 0.0856
2025-11-15 14:11:15,460 - INFO - Epoch: 24, Training Loss: 0.0821, Validation Loss: 0.0833
2025-11-15 14:11:26,785 - INFO - Epoch: 25, Training Loss: 0.0826, Validation Loss: 0.0827
2025-11-15 14:11:35,602 - INFO - Epoch: 26, Training Loss: 0.0821, Validation Loss: 0.0795
2025-11-15 14:11:35,603 - INFO -   → New best validation loss: 0.0795
2025-11-15 14:11:47,030 - INFO - Epoch: 27, Training Loss: 0.0813, Validation Loss: 0.0830
2025-11-15 14:11:58,977 - INFO - Epoch: 28, Training Loss: 0.0812, Validation Loss: 0.0831
2025-11-15 14:12:12,366 - INFO - Epoch: 29, Training Loss: 0.0827, Validation Loss: 0.0810
2025-11-15 14:12:22,701 - INFO - Epoch: 30, Training Loss: 0.0797, Validation Loss: 0.0815
2025-11-15 14:12:34,991 - INFO - Epoch: 31, Training Loss: 0.0813, Validation Loss: 0.0818
2025-11-15 14:12:46,691 - INFO - Epoch: 32, Training Loss: 0.0837, Validation Loss: 0.0840
2025-11-15 14:12:57,730 - INFO - Epoch: 33, Training Loss: 0.0807, Validation Loss: 0.0830
2025-11-15 14:13:08,701 - INFO - Epoch: 34, Training Loss: 0.0803, Validation Loss: 0.0797
2025-11-15 14:13:19,886 - INFO - Epoch: 35, Training Loss: 0.0782, Validation Loss: 0.0713
2025-11-15 14:13:19,886 - INFO -   → New best validation loss: 0.0713
2025-11-15 14:13:30,709 - INFO - Epoch: 36, Training Loss: 0.0782, Validation Loss: 0.0797
2025-11-15 14:13:42,650 - INFO - Epoch: 37, Training Loss: 0.0764, Validation Loss: 0.0690
2025-11-15 14:13:42,651 - INFO -   → New best validation loss: 0.0690
2025-11-15 14:13:52,277 - INFO - Epoch: 38, Training Loss: 0.0762, Validation Loss: 0.0776
2025-11-15 14:14:05,661 - INFO - Epoch: 39, Training Loss: 0.0690, Validation Loss: 0.0729
2025-11-15 14:14:17,159 - INFO - Epoch: 40, Training Loss: 0.0666, Validation Loss: 0.0679
2025-11-15 14:14:17,164 - INFO -   → New best validation loss: 0.0679
2025-11-15 14:14:29,550 - INFO - Epoch: 41, Training Loss: 0.0599, Validation Loss: 0.1148
2025-11-15 14:14:40,519 - INFO - Epoch: 42, Training Loss: 0.0551, Validation Loss: 0.0480
2025-11-15 14:14:40,523 - INFO -   → New best validation loss: 0.0480
2025-11-15 14:14:53,799 - INFO - Epoch: 43, Training Loss: 0.0404, Validation Loss: 0.0417
2025-11-15 14:14:53,800 - INFO -   → New best validation loss: 0.0417
2025-11-15 14:15:05,911 - INFO - Epoch: 44, Training Loss: 0.0289, Validation Loss: 0.0285
2025-11-15 14:15:05,915 - INFO -   → New best validation loss: 0.0285
2025-11-15 14:15:16,312 - INFO - Epoch: 45, Training Loss: 0.0244, Validation Loss: 0.0213
2025-11-15 14:15:16,313 - INFO -   → New best validation loss: 0.0213
2025-11-15 14:15:31,582 - INFO - Epoch: 46, Training Loss: 0.0244, Validation Loss: 0.0181
2025-11-15 14:15:31,584 - INFO -   → New best validation loss: 0.0181
2025-11-15 14:15:44,680 - INFO - Epoch: 47, Training Loss: 0.0210, Validation Loss: 0.0232
2025-11-15 14:15:56,066 - INFO - Epoch: 48, Training Loss: 0.0195, Validation Loss: 0.0273
2025-11-15 14:16:07,445 - INFO - Epoch: 49, Training Loss: 0.0170, Validation Loss: 0.0258
2025-11-15 14:16:18,130 - INFO - Epoch: 50, Training Loss: 0.0196, Validation Loss: 0.0211
2025-11-15 14:16:29,763 - INFO - Epoch: 51, Training Loss: 0.0177, Validation Loss: 0.0142
2025-11-15 14:16:29,765 - INFO -   → New best validation loss: 0.0142
2025-11-15 14:16:41,223 - INFO - Epoch: 52, Training Loss: 0.0205, Validation Loss: 0.0154
2025-11-15 14:16:53,143 - INFO - Epoch: 53, Training Loss: 0.0172, Validation Loss: 0.0198
2025-11-15 14:17:07,664 - INFO - Epoch: 54, Training Loss: 0.0168, Validation Loss: 0.0132
2025-11-15 14:17:07,668 - INFO -   → New best validation loss: 0.0132
2025-11-15 14:17:21,750 - INFO - Epoch: 55, Training Loss: 0.0169, Validation Loss: 0.0118
2025-11-15 14:17:21,751 - INFO -   → New best validation loss: 0.0118
2025-11-15 14:17:35,230 - INFO - Epoch: 56, Training Loss: 0.0163, Validation Loss: 0.0200
2025-11-15 14:17:49,447 - INFO - Epoch: 57, Training Loss: 0.0168, Validation Loss: 0.0175
2025-11-15 14:18:01,756 - INFO - Epoch: 58, Training Loss: 0.0152, Validation Loss: 0.0162
2025-11-15 14:18:14,680 - INFO - Epoch: 59, Training Loss: 0.0164, Validation Loss: 0.0128
2025-11-15 14:18:25,108 - INFO - Epoch: 60, Training Loss: 0.0161, Validation Loss: 0.0145
2025-11-15 14:18:36,119 - INFO - Epoch: 61, Training Loss: 0.0143, Validation Loss: 0.0160
2025-11-15 14:18:48,038 - INFO - Epoch: 62, Training Loss: 0.0149, Validation Loss: 0.0130
2025-11-15 14:18:59,162 - INFO - Epoch: 63, Training Loss: 0.0133, Validation Loss: 0.0163
2025-11-15 14:19:11,854 - INFO - Epoch: 64, Training Loss: 0.0158, Validation Loss: 0.0143
2025-11-15 14:19:25,500 - INFO - Epoch: 65, Training Loss: 0.0138, Validation Loss: 0.0189
2025-11-15 14:19:37,038 - INFO - Epoch: 66, Training Loss: 0.0143, Validation Loss: 0.0146
2025-11-15 14:19:49,584 - INFO - Epoch: 67, Training Loss: 0.0128, Validation Loss: 0.0141
2025-11-15 14:20:02,233 - INFO - Epoch: 68, Training Loss: 0.0143, Validation Loss: 0.0144
2025-11-15 14:20:13,666 - INFO - Epoch: 69, Training Loss: 0.0138, Validation Loss: 0.0112
2025-11-15 14:20:13,667 - INFO -   → New best validation loss: 0.0112
2025-11-15 14:20:25,615 - INFO - Epoch: 70, Training Loss: 0.0137, Validation Loss: 0.0116
2025-11-15 14:20:35,379 - INFO - Epoch: 71, Training Loss: 0.0145, Validation Loss: 0.0141
2025-11-15 14:20:49,777 - INFO - Epoch: 72, Training Loss: 0.0126, Validation Loss: 0.0162
2025-11-15 14:21:00,624 - INFO - Epoch: 73, Training Loss: 0.0144, Validation Loss: 0.0132
2025-11-15 14:21:14,653 - INFO - Epoch: 74, Training Loss: 0.0140, Validation Loss: 0.0206
2025-11-15 14:21:26,758 - INFO - Epoch: 75, Training Loss: 0.0131, Validation Loss: 0.0223
2025-11-15 14:21:36,774 - INFO - Epoch: 76, Training Loss: 0.0147, Validation Loss: 0.0135
2025-11-15 14:21:50,827 - INFO - Epoch: 77, Training Loss: 0.0128, Validation Loss: 0.0200
2025-11-15 14:22:02,673 - INFO - Epoch: 78, Training Loss: 0.0131, Validation Loss: 0.0129
2025-11-15 14:22:17,037 - INFO - Epoch: 79, Training Loss: 0.0146, Validation Loss: 0.0151
2025-11-15 14:22:27,058 - INFO - Epoch: 80, Training Loss: 0.0140, Validation Loss: 0.0157
2025-11-15 14:22:41,245 - INFO - Epoch: 81, Training Loss: 0.0129, Validation Loss: 0.0149
2025-11-15 14:22:51,986 - INFO - Epoch: 82, Training Loss: 0.0142, Validation Loss: 0.0177
2025-11-15 14:23:02,539 - INFO - Epoch: 83, Training Loss: 0.0125, Validation Loss: 0.0180
2025-11-15 14:23:13,290 - INFO - Epoch: 84, Training Loss: 0.0126, Validation Loss: 0.0123
2025-11-15 14:23:27,730 - INFO - Epoch: 85, Training Loss: 0.0116, Validation Loss: 0.0130
2025-11-15 14:23:39,778 - INFO - Epoch: 86, Training Loss: 0.0129, Validation Loss: 0.0125
2025-11-15 14:23:48,794 - INFO - Epoch: 87, Training Loss: 0.0116, Validation Loss: 0.0125
2025-11-15 14:24:03,178 - INFO - Epoch: 88, Training Loss: 0.0118, Validation Loss: 0.0136
2025-11-15 14:24:12,058 - INFO - Epoch: 89, Training Loss: 0.0135, Validation Loss: 0.0142
2025-11-15 14:24:12,058 - INFO - Early stopping triggered at epoch 89
2025-11-15 14:24:12,058 - INFO - Best validation loss: 0.0112
2025-11-15 14:24:12,062 - INFO - Restored best model weights
2025-11-15 14:24:12,062 - INFO - 
============================================================
2025-11-15 14:24:12,062 - INFO - EVALUATION RESULTS
2025-11-15 14:24:12,062 - INFO - ============================================================
2025-11-15 14:24:12,105 - INFO - Validation Set - MSE: 0.014321, MAE: 0.093363, RMSE: 0.119672, Pearson Correlation: 0.917097 (p=0.000000)
2025-11-15 14:24:12,148 - INFO - Test Set - MSE: 0.015100, MAE: 0.099794, RMSE: 0.122884, Pearson Correlation: 0.920098 (p=0.000000)
2025-11-15 14:24:12,148 - INFO - ============================================================

2025-11-15 14:24:12,148 - INFO - CV Fold 2 completed successfully
2025-11-15 14:24:12,148 - INFO - 
--------------------------------------------------------------------------------
2025-11-15 14:24:12,148 - INFO - CV Fold 3
2025-11-15 14:24:12,148 - INFO - --------------------------------------------------------------------------------
2025-11-15 14:24:12,150 - INFO - START TRAINING CV 3 - Task: RGS (FP1/FP2 only)
2025-11-15 14:24:12,150 - INFO - Learning rate: 0.001, Epochs: 500, Batches: 5
2025-11-15 14:24:12,151 - INFO - Loading dataset (FP1/FP2 channels only)...
2025-11-15 14:24:12,162 - INFO - Dataset shapes - Train: (567, 2, 25, 1), Valid: (141, 2, 25, 1), Test: (177, 2, 25, 1)
2025-11-15 14:24:12,163 - INFO - Initializing VIGNet-FP model (2 channels)...
2025-11-15 14:24:12,165 - INFO - Number of batch iterations per epoch: 113
2025-11-15 14:24:23,105 - INFO - Epoch: 1, Training Loss: 0.1856, Validation Loss: 0.0846
2025-11-15 14:24:23,106 - INFO -   → New best validation loss: 0.0846
2025-11-15 14:24:31,683 - INFO - Epoch: 2, Training Loss: 0.0817, Validation Loss: 0.0860
2025-11-15 14:24:45,354 - INFO - Epoch: 3, Training Loss: 0.0825, Validation Loss: 0.0839
2025-11-15 14:24:45,356 - INFO -   → New best validation loss: 0.0839
2025-11-15 14:25:00,712 - INFO - Epoch: 4, Training Loss: 0.0805, Validation Loss: 0.0840
2025-11-15 14:25:11,452 - INFO - Epoch: 5, Training Loss: 0.0822, Validation Loss: 0.0885
2025-11-15 14:25:24,587 - INFO - Epoch: 6, Training Loss: 0.0811, Validation Loss: 0.0829
2025-11-15 14:25:24,588 - INFO -   → New best validation loss: 0.0829
2025-11-15 14:25:38,053 - INFO - Epoch: 7, Training Loss: 0.0808, Validation Loss: 0.0839
2025-11-15 14:25:48,130 - INFO - Epoch: 8, Training Loss: 0.0804, Validation Loss: 0.0822
2025-11-15 14:25:48,135 - INFO -   → New best validation loss: 0.0822
2025-11-15 14:25:59,356 - INFO - Epoch: 9, Training Loss: 0.0805, Validation Loss: 0.0846
2025-11-15 14:26:14,169 - INFO - Epoch: 10, Training Loss: 0.0818, Validation Loss: 0.0838
2025-11-15 14:26:27,727 - INFO - Epoch: 11, Training Loss: 0.0812, Validation Loss: 0.0833
2025-11-15 14:26:39,123 - INFO - Epoch: 12, Training Loss: 0.0807, Validation Loss: 0.0830
2025-11-15 14:26:51,554 - INFO - Epoch: 13, Training Loss: 0.0803, Validation Loss: 0.0807
2025-11-15 14:26:51,554 - INFO -   → New best validation loss: 0.0807
2025-11-15 14:27:02,368 - INFO - Epoch: 14, Training Loss: 0.0798, Validation Loss: 0.0828
2025-11-15 14:27:16,430 - INFO - Epoch: 15, Training Loss: 0.0804, Validation Loss: 0.0842
2025-11-15 14:27:26,745 - INFO - Epoch: 16, Training Loss: 0.0803, Validation Loss: 0.0810
2025-11-15 14:27:36,915 - INFO - Epoch: 17, Training Loss: 0.0807, Validation Loss: 0.0822
2025-11-15 14:27:49,407 - INFO - Epoch: 18, Training Loss: 0.0799, Validation Loss: 0.0826
2025-11-15 14:28:01,478 - INFO - Epoch: 19, Training Loss: 0.0796, Validation Loss: 0.0813
2025-11-15 14:28:15,293 - INFO - Epoch: 20, Training Loss: 0.0788, Validation Loss: 0.0883
2025-11-15 14:28:28,181 - INFO - Epoch: 21, Training Loss: 0.0772, Validation Loss: 0.0894
2025-11-15 14:28:39,273 - INFO - Epoch: 22, Training Loss: 0.0763, Validation Loss: 0.0765
2025-11-15 14:28:39,275 - INFO -   → New best validation loss: 0.0765
2025-11-15 14:28:54,650 - INFO - Epoch: 23, Training Loss: 0.0701, Validation Loss: 0.0749
2025-11-15 14:28:54,654 - INFO -   → New best validation loss: 0.0749
2025-11-15 14:29:06,173 - INFO - Epoch: 24, Training Loss: 0.0629, Validation Loss: 0.0689
2025-11-15 14:29:06,173 - INFO -   → New best validation loss: 0.0689
2025-11-15 14:29:15,986 - INFO - Epoch: 25, Training Loss: 0.0504, Validation Loss: 0.0376
2025-11-15 14:29:15,986 - INFO -   → New best validation loss: 0.0376
2025-11-15 14:29:28,246 - INFO - Epoch: 26, Training Loss: 0.0394, Validation Loss: 0.0249
2025-11-15 14:29:28,247 - INFO -   → New best validation loss: 0.0249
2025-11-15 14:29:38,796 - INFO - Epoch: 27, Training Loss: 0.0302, Validation Loss: 0.0314
2025-11-15 14:29:47,984 - INFO - Epoch: 28, Training Loss: 0.0218, Validation Loss: 0.0218
2025-11-15 14:29:47,985 - INFO -   → New best validation loss: 0.0218
2025-11-15 14:30:01,779 - INFO - Epoch: 29, Training Loss: 0.0260, Validation Loss: 0.0241
2025-11-15 14:30:14,267 - INFO - Epoch: 30, Training Loss: 0.0219, Validation Loss: 0.0230
2025-11-15 14:30:24,835 - INFO - Epoch: 31, Training Loss: 0.0216, Validation Loss: 0.0217
2025-11-15 14:30:24,839 - INFO -   → New best validation loss: 0.0217
2025-11-15 14:30:37,933 - INFO - Epoch: 32, Training Loss: 0.0180, Validation Loss: 0.0200
2025-11-15 14:30:37,934 - INFO -   → New best validation loss: 0.0200
2025-11-15 14:30:48,612 - INFO - Epoch: 33, Training Loss: 0.0180, Validation Loss: 0.0283
2025-11-15 14:31:02,485 - INFO - Epoch: 34, Training Loss: 0.0182, Validation Loss: 0.0165
2025-11-15 14:31:02,490 - INFO -   → New best validation loss: 0.0165
2025-11-15 14:31:15,463 - INFO - Epoch: 35, Training Loss: 0.0178, Validation Loss: 0.0208
2025-11-15 14:31:24,532 - INFO - Epoch: 36, Training Loss: 0.0168, Validation Loss: 0.0159
2025-11-15 14:31:24,533 - INFO -   → New best validation loss: 0.0159
2025-11-15 14:31:37,629 - INFO - Epoch: 37, Training Loss: 0.0173, Validation Loss: 0.0213
2025-11-15 14:31:49,183 - INFO - Epoch: 38, Training Loss: 0.0204, Validation Loss: 0.0214
2025-11-15 14:32:02,373 - INFO - Epoch: 39, Training Loss: 0.0173, Validation Loss: 0.0170
2025-11-15 14:32:14,885 - INFO - Epoch: 40, Training Loss: 0.0162, Validation Loss: 0.0178
2025-11-15 14:32:30,162 - INFO - Epoch: 41, Training Loss: 0.0167, Validation Loss: 0.0179
2025-11-15 14:32:44,396 - INFO - Epoch: 42, Training Loss: 0.0165, Validation Loss: 0.0182
2025-11-15 14:32:57,627 - INFO - Epoch: 43, Training Loss: 0.0165, Validation Loss: 0.0316
2025-11-15 14:33:09,432 - INFO - Epoch: 44, Training Loss: 0.0157, Validation Loss: 0.0182
2025-11-15 14:33:20,393 - INFO - Epoch: 45, Training Loss: 0.0154, Validation Loss: 0.0229
2025-11-15 14:33:30,157 - INFO - Epoch: 46, Training Loss: 0.0169, Validation Loss: 0.0153
2025-11-15 14:33:30,157 - INFO -   → New best validation loss: 0.0153
2025-11-15 14:33:40,090 - INFO - Epoch: 47, Training Loss: 0.0158, Validation Loss: 0.0221
2025-11-15 14:33:52,533 - INFO - Epoch: 48, Training Loss: 0.0155, Validation Loss: 0.0186
2025-11-15 14:34:01,565 - INFO - Epoch: 49, Training Loss: 0.0150, Validation Loss: 0.0168
2025-11-15 14:34:15,286 - INFO - Epoch: 50, Training Loss: 0.0153, Validation Loss: 0.0148
2025-11-15 14:34:15,286 - INFO -   → New best validation loss: 0.0148
2025-11-15 14:34:25,741 - INFO - Epoch: 51, Training Loss: 0.0156, Validation Loss: 0.0156
2025-11-15 14:34:38,318 - INFO - Epoch: 52, Training Loss: 0.0142, Validation Loss: 0.0172
2025-11-15 14:34:50,872 - INFO - Epoch: 53, Training Loss: 0.0151, Validation Loss: 0.0164
2025-11-15 14:35:03,569 - INFO - Epoch: 54, Training Loss: 0.0146, Validation Loss: 0.0172
2025-11-15 14:35:16,519 - INFO - Epoch: 55, Training Loss: 0.0147, Validation Loss: 0.0168
2025-11-15 14:35:28,127 - INFO - Epoch: 56, Training Loss: 0.0145, Validation Loss: 0.0165
2025-11-15 14:35:41,402 - INFO - Epoch: 57, Training Loss: 0.0139, Validation Loss: 0.0184
2025-11-15 14:35:54,310 - INFO - Epoch: 58, Training Loss: 0.0143, Validation Loss: 0.0167
2025-11-15 14:36:04,609 - INFO - Epoch: 59, Training Loss: 0.0158, Validation Loss: 0.0195
2025-11-15 14:36:17,492 - INFO - Epoch: 60, Training Loss: 0.0148, Validation Loss: 0.0154
2025-11-15 14:36:32,961 - INFO - Epoch: 61, Training Loss: 0.0134, Validation Loss: 0.0166
2025-11-15 14:36:46,816 - INFO - Epoch: 62, Training Loss: 0.0142, Validation Loss: 0.0145
2025-11-15 14:36:46,817 - INFO -   → New best validation loss: 0.0145
2025-11-15 14:36:58,921 - INFO - Epoch: 63, Training Loss: 0.0144, Validation Loss: 0.0159
2025-11-15 14:37:10,051 - INFO - Epoch: 64, Training Loss: 0.0138, Validation Loss: 0.0168
2025-11-15 14:37:22,095 - INFO - Epoch: 65, Training Loss: 0.0141, Validation Loss: 0.0156
2025-11-15 14:37:33,120 - INFO - Epoch: 66, Training Loss: 0.0135, Validation Loss: 0.0156
2025-11-15 14:37:45,256 - INFO - Epoch: 67, Training Loss: 0.0133, Validation Loss: 0.0157
2025-11-15 14:37:57,412 - INFO - Epoch: 68, Training Loss: 0.0142, Validation Loss: 0.0144
2025-11-15 14:37:57,413 - INFO -   → New best validation loss: 0.0144
2025-11-15 14:38:10,605 - INFO - Epoch: 69, Training Loss: 0.0135, Validation Loss: 0.0162
2025-11-15 14:38:20,425 - INFO - Epoch: 70, Training Loss: 0.0143, Validation Loss: 0.0149
2025-11-15 14:38:32,596 - INFO - Epoch: 71, Training Loss: 0.0136, Validation Loss: 0.0145
2025-11-15 14:38:46,532 - INFO - Epoch: 72, Training Loss: 0.0132, Validation Loss: 0.0145
2025-11-15 14:39:00,474 - INFO - Epoch: 73, Training Loss: 0.0129, Validation Loss: 0.0148
2025-11-15 14:39:09,618 - INFO - Epoch: 74, Training Loss: 0.0133, Validation Loss: 0.0199
2025-11-15 14:39:23,234 - INFO - Epoch: 75, Training Loss: 0.0144, Validation Loss: 0.0150
2025-11-15 14:39:35,014 - INFO - Epoch: 76, Training Loss: 0.0131, Validation Loss: 0.0190
2025-11-15 14:39:46,547 - INFO - Epoch: 77, Training Loss: 0.0126, Validation Loss: 0.0155
2025-11-15 14:39:57,122 - INFO - Epoch: 78, Training Loss: 0.0135, Validation Loss: 0.0168
2025-11-15 14:40:09,912 - INFO - Epoch: 79, Training Loss: 0.0136, Validation Loss: 0.0142
2025-11-15 14:40:09,913 - INFO -   → New best validation loss: 0.0142
2025-11-15 14:40:24,446 - INFO - Epoch: 80, Training Loss: 0.0126, Validation Loss: 0.0159
2025-11-15 14:40:34,934 - INFO - Epoch: 81, Training Loss: 0.0129, Validation Loss: 0.0160
2025-11-15 14:40:47,001 - INFO - Epoch: 82, Training Loss: 0.0120, Validation Loss: 0.0146
2025-11-15 14:40:58,471 - INFO - Epoch: 83, Training Loss: 0.0123, Validation Loss: 0.0138
2025-11-15 14:40:58,472 - INFO -   → New best validation loss: 0.0138
2025-11-15 14:41:10,889 - INFO - Epoch: 84, Training Loss: 0.0123, Validation Loss: 0.0117
2025-11-15 14:41:10,890 - INFO -   → New best validation loss: 0.0117
2025-11-15 14:41:21,411 - INFO - Epoch: 85, Training Loss: 0.0116, Validation Loss: 0.0135
2025-11-15 14:41:32,066 - INFO - Epoch: 86, Training Loss: 0.0122, Validation Loss: 0.0106
2025-11-15 14:41:32,067 - INFO -   → New best validation loss: 0.0106
2025-11-15 14:41:46,917 - INFO - Epoch: 87, Training Loss: 0.0119, Validation Loss: 0.0158
2025-11-15 14:41:57,959 - INFO - Epoch: 88, Training Loss: 0.0120, Validation Loss: 0.0159
2025-11-15 14:42:08,328 - INFO - Epoch: 89, Training Loss: 0.0125, Validation Loss: 0.0132
2025-11-15 14:42:21,274 - INFO - Epoch: 90, Training Loss: 0.0125, Validation Loss: 0.0151
2025-11-15 14:42:31,504 - INFO - Epoch: 91, Training Loss: 0.0119, Validation Loss: 0.0118
2025-11-15 14:42:47,071 - INFO - Epoch: 92, Training Loss: 0.0114, Validation Loss: 0.0128
2025-11-15 14:42:57,489 - INFO - Epoch: 93, Training Loss: 0.0115, Validation Loss: 0.0123
2025-11-15 14:43:11,167 - INFO - Epoch: 94, Training Loss: 0.0121, Validation Loss: 0.0152
2025-11-15 14:43:23,542 - INFO - Epoch: 95, Training Loss: 0.0118, Validation Loss: 0.0147
2025-11-15 14:43:34,688 - INFO - Epoch: 96, Training Loss: 0.0118, Validation Loss: 0.0118
2025-11-15 14:43:50,349 - INFO - Epoch: 97, Training Loss: 0.0113, Validation Loss: 0.0162
2025-11-15 14:44:03,301 - INFO - Epoch: 98, Training Loss: 0.0113, Validation Loss: 0.0115
2025-11-15 14:44:17,542 - INFO - Epoch: 99, Training Loss: 0.0113, Validation Loss: 0.0112
2025-11-15 14:44:29,656 - INFO - Epoch: 100, Training Loss: 0.0105, Validation Loss: 0.0111
2025-11-15 14:44:41,233 - INFO - Epoch: 101, Training Loss: 0.0113, Validation Loss: 0.0129
2025-11-15 14:44:51,550 - INFO - Epoch: 102, Training Loss: 0.0108, Validation Loss: 0.0132
2025-11-15 14:45:01,961 - INFO - Epoch: 103, Training Loss: 0.0118, Validation Loss: 0.0139
2025-11-15 14:45:13,858 - INFO - Epoch: 104, Training Loss: 0.0110, Validation Loss: 0.0140
2025-11-15 14:45:24,620 - INFO - Epoch: 105, Training Loss: 0.0128, Validation Loss: 0.0131
2025-11-15 14:45:39,031 - INFO - Epoch: 106, Training Loss: 0.0111, Validation Loss: 0.0152
2025-11-15 14:45:39,031 - INFO - Early stopping triggered at epoch 106
2025-11-15 14:45:39,031 - INFO - Best validation loss: 0.0106
2025-11-15 14:45:39,046 - INFO - Restored best model weights
2025-11-15 14:45:39,046 - INFO - 
============================================================
2025-11-15 14:45:39,046 - INFO - EVALUATION RESULTS
2025-11-15 14:45:39,046 - INFO - ============================================================
2025-11-15 14:45:39,143 - INFO - Validation Set - MSE: 0.012399, MAE: 0.087145, RMSE: 0.111351, Pearson Correlation: 0.928335 (p=0.000000)
2025-11-15 14:45:39,188 - INFO - Test Set - MSE: 0.010131, MAE: 0.078135, RMSE: 0.100652, Pearson Correlation: 0.944048 (p=0.000000)
2025-11-15 14:45:39,188 - INFO - ============================================================

2025-11-15 14:45:39,189 - INFO - CV Fold 3 completed successfully
2025-11-15 14:45:39,189 - INFO - 
--------------------------------------------------------------------------------
2025-11-15 14:45:39,189 - INFO - CV Fold 4
2025-11-15 14:45:39,189 - INFO - --------------------------------------------------------------------------------
2025-11-15 14:45:39,191 - INFO - START TRAINING CV 4 - Task: RGS (FP1/FP2 only)
2025-11-15 14:45:39,191 - INFO - Learning rate: 0.001, Epochs: 500, Batches: 5
2025-11-15 14:45:39,191 - INFO - Loading dataset (FP1/FP2 channels only)...
2025-11-15 14:45:39,203 - INFO - Dataset shapes - Train: (567, 2, 25, 1), Valid: (141, 2, 25, 1), Test: (177, 2, 25, 1)
2025-11-15 14:45:39,203 - INFO - Initializing VIGNet-FP model (2 channels)...
2025-11-15 14:45:39,206 - INFO - Number of batch iterations per epoch: 113
2025-11-15 14:45:52,588 - INFO - Epoch: 1, Training Loss: 0.1891, Validation Loss: 0.0844
2025-11-15 14:45:52,592 - INFO -   → New best validation loss: 0.0844
2025-11-15 14:46:07,905 - INFO - Epoch: 2, Training Loss: 0.0866, Validation Loss: 0.0838
2025-11-15 14:46:07,906 - INFO -   → New best validation loss: 0.0838
2025-11-15 14:46:20,918 - INFO - Epoch: 3, Training Loss: 0.0850, Validation Loss: 0.0840
2025-11-15 14:46:34,981 - INFO - Epoch: 4, Training Loss: 0.0866, Validation Loss: 0.0865
2025-11-15 14:46:45,084 - INFO - Epoch: 5, Training Loss: 0.0858, Validation Loss: 0.0867
2025-11-15 14:46:59,055 - INFO - Epoch: 6, Training Loss: 0.0854, Validation Loss: 0.0839
2025-11-15 14:47:10,157 - INFO - Epoch: 7, Training Loss: 0.0856, Validation Loss: 0.0839
2025-11-15 14:47:24,008 - INFO - Epoch: 8, Training Loss: 0.0857, Validation Loss: 0.0834
2025-11-15 14:47:24,010 - INFO -   → New best validation loss: 0.0834
2025-11-15 14:47:31,600 - INFO - Epoch: 9, Training Loss: 0.0838, Validation Loss: 0.0846
2025-11-15 14:47:41,712 - INFO - Epoch: 10, Training Loss: 0.0856, Validation Loss: 0.0842
2025-11-15 14:47:57,656 - INFO - Epoch: 11, Training Loss: 0.0849, Validation Loss: 0.0839
2025-11-15 14:48:11,332 - INFO - Epoch: 12, Training Loss: 0.0856, Validation Loss: 0.0843
2025-11-15 14:48:25,132 - INFO - Epoch: 13, Training Loss: 0.0846, Validation Loss: 0.0835
2025-11-15 14:48:36,437 - INFO - Epoch: 14, Training Loss: 0.0848, Validation Loss: 0.0845
2025-11-15 14:48:49,072 - INFO - Epoch: 15, Training Loss: 0.0845, Validation Loss: 0.0831
2025-11-15 14:48:49,075 - INFO -   → New best validation loss: 0.0831
2025-11-15 14:49:03,960 - INFO - Epoch: 16, Training Loss: 0.0853, Validation Loss: 0.0836
2025-11-15 14:49:16,850 - INFO - Epoch: 17, Training Loss: 0.0850, Validation Loss: 0.0839
2025-11-15 14:49:29,160 - INFO - Epoch: 18, Training Loss: 0.0850, Validation Loss: 0.0848
2025-11-15 14:49:42,522 - INFO - Epoch: 19, Training Loss: 0.0852, Validation Loss: 0.0833
2025-11-15 14:49:52,821 - INFO - Epoch: 20, Training Loss: 0.0857, Validation Loss: 0.0834
2025-11-15 14:50:02,940 - INFO - Epoch: 21, Training Loss: 0.0853, Validation Loss: 0.0872
2025-11-15 14:50:15,120 - INFO - Epoch: 22, Training Loss: 0.0837, Validation Loss: 0.0830
2025-11-15 14:50:15,120 - INFO -   → New best validation loss: 0.0830
2025-11-15 14:50:24,825 - INFO - Epoch: 23, Training Loss: 0.0844, Validation Loss: 0.0864
2025-11-15 14:50:39,010 - INFO - Epoch: 24, Training Loss: 0.0841, Validation Loss: 0.0816
2025-11-15 14:50:39,011 - INFO -   → New best validation loss: 0.0816
2025-11-15 14:50:52,205 - INFO - Epoch: 25, Training Loss: 0.0835, Validation Loss: 0.0810
2025-11-15 14:50:52,207 - INFO -   → New best validation loss: 0.0810
2025-11-15 14:51:04,597 - INFO - Epoch: 26, Training Loss: 0.0824, Validation Loss: 0.0827
2025-11-15 14:51:16,589 - INFO - Epoch: 27, Training Loss: 0.0828, Validation Loss: 0.0811
2025-11-15 14:51:30,088 - INFO - Epoch: 28, Training Loss: 0.0825, Validation Loss: 0.0799
2025-11-15 14:51:30,089 - INFO -   → New best validation loss: 0.0799
2025-11-15 14:51:38,391 - INFO - Epoch: 29, Training Loss: 0.0814, Validation Loss: 0.0783
2025-11-15 14:51:38,392 - INFO -   → New best validation loss: 0.0783
2025-11-15 14:51:47,275 - INFO - Epoch: 30, Training Loss: 0.0823, Validation Loss: 0.0805
2025-11-15 14:51:56,728 - INFO - Epoch: 31, Training Loss: 0.0765, Validation Loss: 0.0761
2025-11-15 14:51:56,730 - INFO -   → New best validation loss: 0.0761
2025-11-15 14:52:08,230 - INFO - Epoch: 32, Training Loss: 0.0736, Validation Loss: 0.0762
2025-11-15 14:52:25,470 - INFO - Epoch: 33, Training Loss: 0.0621, Validation Loss: 0.0520
2025-11-15 14:52:25,472 - INFO -   → New best validation loss: 0.0520
2025-11-15 14:52:35,794 - INFO - Epoch: 34, Training Loss: 0.0526, Validation Loss: 0.0453
2025-11-15 14:52:35,795 - INFO -   → New best validation loss: 0.0453
2025-11-15 14:52:47,925 - INFO - Epoch: 35, Training Loss: 0.0410, Validation Loss: 0.0424
2025-11-15 14:52:47,926 - INFO -   → New best validation loss: 0.0424
2025-11-15 14:53:02,462 - INFO - Epoch: 36, Training Loss: 0.0337, Validation Loss: 0.0304
2025-11-15 14:53:02,463 - INFO -   → New best validation loss: 0.0304
2025-11-15 14:53:16,756 - INFO - Epoch: 37, Training Loss: 0.0300, Validation Loss: 0.0292
2025-11-15 14:53:16,756 - INFO -   → New best validation loss: 0.0292
2025-11-15 14:53:27,895 - INFO - Epoch: 38, Training Loss: 0.0250, Validation Loss: 0.0196
2025-11-15 14:53:27,899 - INFO -   → New best validation loss: 0.0196
2025-11-15 14:53:41,346 - INFO - Epoch: 39, Training Loss: 0.0237, Validation Loss: 0.0156
2025-11-15 14:53:41,347 - INFO -   → New best validation loss: 0.0156
2025-11-15 14:53:55,553 - INFO - Epoch: 40, Training Loss: 0.0229, Validation Loss: 0.0388
2025-11-15 14:54:09,929 - INFO - Epoch: 41, Training Loss: 0.0218, Validation Loss: 0.0334
2025-11-15 14:54:21,673 - INFO - Epoch: 42, Training Loss: 0.0216, Validation Loss: 0.0166
2025-11-15 14:54:37,622 - INFO - Epoch: 43, Training Loss: 0.0203, Validation Loss: 0.0184
2025-11-15 14:54:48,479 - INFO - Epoch: 44, Training Loss: 0.0224, Validation Loss: 0.0169
2025-11-15 14:55:01,013 - INFO - Epoch: 45, Training Loss: 0.0191, Validation Loss: 0.0125
2025-11-15 14:55:01,014 - INFO -   → New best validation loss: 0.0125
2025-11-15 14:55:13,257 - INFO - Epoch: 46, Training Loss: 0.0188, Validation Loss: 0.0173
2025-11-15 14:55:24,762 - INFO - Epoch: 47, Training Loss: 0.0206, Validation Loss: 0.0106
2025-11-15 14:55:24,765 - INFO -   → New best validation loss: 0.0106
2025-11-15 14:55:38,474 - INFO - Epoch: 48, Training Loss: 0.0154, Validation Loss: 0.0187
2025-11-15 14:55:50,624 - INFO - Epoch: 49, Training Loss: 0.0168, Validation Loss: 0.0140
2025-11-15 14:56:01,871 - INFO - Epoch: 50, Training Loss: 0.0169, Validation Loss: 0.0189
2025-11-15 14:56:13,502 - INFO - Epoch: 51, Training Loss: 0.0189, Validation Loss: 0.0149
2025-11-15 14:56:25,016 - INFO - Epoch: 52, Training Loss: 0.0180, Validation Loss: 0.0139
2025-11-15 14:56:39,425 - INFO - Epoch: 53, Training Loss: 0.0176, Validation Loss: 0.0126
2025-11-15 14:56:48,240 - INFO - Epoch: 54, Training Loss: 0.0186, Validation Loss: 0.0126
2025-11-15 14:57:00,718 - INFO - Epoch: 55, Training Loss: 0.0179, Validation Loss: 0.0155
2025-11-15 14:57:14,017 - INFO - Epoch: 56, Training Loss: 0.0163, Validation Loss: 0.0147
2025-11-15 14:57:27,471 - INFO - Epoch: 57, Training Loss: 0.0156, Validation Loss: 0.0114
2025-11-15 14:57:37,259 - INFO - Epoch: 58, Training Loss: 0.0165, Validation Loss: 0.0125
2025-11-15 14:57:47,545 - INFO - Epoch: 59, Training Loss: 0.0166, Validation Loss: 0.0173
2025-11-15 14:58:00,452 - INFO - Epoch: 60, Training Loss: 0.0156, Validation Loss: 0.0169
2025-11-15 14:58:12,756 - INFO - Epoch: 61, Training Loss: 0.0168, Validation Loss: 0.0101
2025-11-15 14:58:12,757 - INFO -   → New best validation loss: 0.0101
2025-11-15 14:58:23,535 - INFO - Epoch: 62, Training Loss: 0.0177, Validation Loss: 0.0135
2025-11-15 14:58:36,175 - INFO - Epoch: 63, Training Loss: 0.0156, Validation Loss: 0.0116
2025-11-15 14:58:47,869 - INFO - Epoch: 64, Training Loss: 0.0164, Validation Loss: 0.0101
2025-11-15 14:59:04,283 - INFO - Epoch: 65, Training Loss: 0.0147, Validation Loss: 0.0115
2025-11-15 14:59:14,916 - INFO - Epoch: 66, Training Loss: 0.0146, Validation Loss: 0.0102
2025-11-15 14:59:26,961 - INFO - Epoch: 67, Training Loss: 0.0149, Validation Loss: 0.0127
2025-11-15 14:59:37,816 - INFO - Epoch: 68, Training Loss: 0.0142, Validation Loss: 0.0174
2025-11-15 14:59:48,839 - INFO - Epoch: 69, Training Loss: 0.0141, Validation Loss: 0.0118
2025-11-15 15:00:01,547 - INFO - Epoch: 70, Training Loss: 0.0152, Validation Loss: 0.0120
2025-11-15 15:00:11,844 - INFO - Epoch: 71, Training Loss: 0.0145, Validation Loss: 0.0095
2025-11-15 15:00:11,845 - INFO -   → New best validation loss: 0.0095
2025-11-15 15:00:23,484 - INFO - Epoch: 72, Training Loss: 0.0159, Validation Loss: 0.0125
2025-11-15 15:00:38,265 - INFO - Epoch: 73, Training Loss: 0.0139, Validation Loss: 0.0108
2025-11-15 15:00:51,256 - INFO - Epoch: 74, Training Loss: 0.0133, Validation Loss: 0.0100
2025-11-15 15:01:04,578 - INFO - Epoch: 75, Training Loss: 0.0149, Validation Loss: 0.0094
2025-11-15 15:01:04,579 - INFO -   → New best validation loss: 0.0094
2025-11-15 15:01:19,893 - INFO - Epoch: 76, Training Loss: 0.0148, Validation Loss: 0.0123
2025-11-15 15:01:32,264 - INFO - Epoch: 77, Training Loss: 0.0153, Validation Loss: 0.0148
2025-11-15 15:01:45,982 - INFO - Epoch: 78, Training Loss: 0.0142, Validation Loss: 0.0143
2025-11-15 15:01:55,912 - INFO - Epoch: 79, Training Loss: 0.0146, Validation Loss: 0.0106
2025-11-15 15:02:05,660 - INFO - Epoch: 80, Training Loss: 0.0151, Validation Loss: 0.0102
2025-11-15 15:02:16,794 - INFO - Epoch: 81, Training Loss: 0.0149, Validation Loss: 0.0111
2025-11-15 15:02:29,923 - INFO - Epoch: 82, Training Loss: 0.0133, Validation Loss: 0.0359
2025-11-15 15:02:43,044 - INFO - Epoch: 83, Training Loss: 0.0133, Validation Loss: 0.0139
2025-11-15 15:02:55,627 - INFO - Epoch: 84, Training Loss: 0.0123, Validation Loss: 0.0117
2025-11-15 15:03:06,771 - INFO - Epoch: 85, Training Loss: 0.0129, Validation Loss: 0.0115
2025-11-15 15:03:21,650 - INFO - Epoch: 86, Training Loss: 0.0135, Validation Loss: 0.0158
2025-11-15 15:03:34,037 - INFO - Epoch: 87, Training Loss: 0.0137, Validation Loss: 0.0099
2025-11-15 15:03:44,668 - INFO - Epoch: 88, Training Loss: 0.0121, Validation Loss: 0.0103
2025-11-15 15:03:55,653 - INFO - Epoch: 89, Training Loss: 0.0121, Validation Loss: 0.0104
2025-11-15 15:04:11,310 - INFO - Epoch: 90, Training Loss: 0.0128, Validation Loss: 0.0102
2025-11-15 15:04:25,195 - INFO - Epoch: 91, Training Loss: 0.0122, Validation Loss: 0.0091
2025-11-15 15:04:25,196 - INFO -   → New best validation loss: 0.0091
2025-11-15 15:04:39,723 - INFO - Epoch: 92, Training Loss: 0.0117, Validation Loss: 0.0104
2025-11-15 15:04:51,092 - INFO - Epoch: 93, Training Loss: 0.0118, Validation Loss: 0.0084
2025-11-15 15:04:51,094 - INFO -   → New best validation loss: 0.0084
2025-11-15 15:05:04,398 - INFO - Epoch: 94, Training Loss: 0.0124, Validation Loss: 0.0104
2025-11-15 15:05:15,594 - INFO - Epoch: 95, Training Loss: 0.0125, Validation Loss: 0.0090
2025-11-15 15:05:27,282 - INFO - Epoch: 96, Training Loss: 0.0115, Validation Loss: 0.0093
2025-11-15 15:05:39,822 - INFO - Epoch: 97, Training Loss: 0.0123, Validation Loss: 0.0109
2025-11-15 15:05:53,414 - INFO - Epoch: 98, Training Loss: 0.0121, Validation Loss: 0.0093
2025-11-15 15:06:07,491 - INFO - Epoch: 99, Training Loss: 0.0126, Validation Loss: 0.0097
2025-11-15 15:06:19,712 - INFO - Epoch: 100, Training Loss: 0.0131, Validation Loss: 0.0085
2025-11-15 15:06:31,763 - INFO - Epoch: 101, Training Loss: 0.0125, Validation Loss: 0.0151
2025-11-15 15:06:43,201 - INFO - Epoch: 102, Training Loss: 0.0123, Validation Loss: 0.0086
2025-11-15 15:06:59,960 - INFO - Epoch: 103, Training Loss: 0.0146, Validation Loss: 0.0084
2025-11-15 15:06:59,960 - INFO -   → New best validation loss: 0.0084
2025-11-15 15:07:12,325 - INFO - Epoch: 104, Training Loss: 0.0121, Validation Loss: 0.0092
2025-11-15 15:07:24,190 - INFO - Epoch: 105, Training Loss: 0.0113, Validation Loss: 0.0099
2025-11-15 15:07:38,976 - INFO - Epoch: 106, Training Loss: 0.0116, Validation Loss: 0.0111
2025-11-15 15:07:51,958 - INFO - Epoch: 107, Training Loss: 0.0129, Validation Loss: 0.0082
2025-11-15 15:07:51,961 - INFO -   → New best validation loss: 0.0082
2025-11-15 15:08:01,955 - INFO - Epoch: 108, Training Loss: 0.0117, Validation Loss: 0.0104
2025-11-15 15:08:16,224 - INFO - Epoch: 109, Training Loss: 0.0113, Validation Loss: 0.0105
2025-11-15 15:08:29,548 - INFO - Epoch: 110, Training Loss: 0.0115, Validation Loss: 0.0147
2025-11-15 15:08:40,616 - INFO - Epoch: 111, Training Loss: 0.0124, Validation Loss: 0.0110
2025-11-15 15:08:52,664 - INFO - Epoch: 112, Training Loss: 0.0122, Validation Loss: 0.0090
2025-11-15 15:09:04,032 - INFO - Epoch: 113, Training Loss: 0.0112, Validation Loss: 0.0087
2025-11-15 15:09:16,311 - INFO - Epoch: 114, Training Loss: 0.0106, Validation Loss: 0.0092
2025-11-15 15:09:29,169 - INFO - Epoch: 115, Training Loss: 0.0114, Validation Loss: 0.0082
2025-11-15 15:09:29,174 - INFO -   → New best validation loss: 0.0082
2025-11-15 15:09:43,641 - INFO - Epoch: 116, Training Loss: 0.0126, Validation Loss: 0.0144
2025-11-15 15:09:54,066 - INFO - Epoch: 117, Training Loss: 0.0121, Validation Loss: 0.0103
2025-11-15 15:10:06,263 - INFO - Epoch: 118, Training Loss: 0.0128, Validation Loss: 0.0116
2025-11-15 15:10:17,121 - INFO - Epoch: 119, Training Loss: 0.0117, Validation Loss: 0.0097
2025-11-15 15:10:30,130 - INFO - Epoch: 120, Training Loss: 0.0128, Validation Loss: 0.0081
2025-11-15 15:10:30,131 - INFO -   → New best validation loss: 0.0081
2025-11-15 15:10:40,947 - INFO - Epoch: 121, Training Loss: 0.0124, Validation Loss: 0.0103
2025-11-15 15:10:51,549 - INFO - Epoch: 122, Training Loss: 0.0126, Validation Loss: 0.0107
2025-11-15 15:10:59,465 - INFO - Epoch: 123, Training Loss: 0.0119, Validation Loss: 0.0109
2025-11-15 15:11:09,881 - INFO - Epoch: 124, Training Loss: 0.0107, Validation Loss: 0.0084
2025-11-15 15:11:23,891 - INFO - Epoch: 125, Training Loss: 0.0105, Validation Loss: 0.0090
2025-11-15 15:11:36,376 - INFO - Epoch: 126, Training Loss: 0.0114, Validation Loss: 0.0154
2025-11-15 15:11:51,733 - INFO - Epoch: 127, Training Loss: 0.0113, Validation Loss: 0.0094
2025-11-15 15:12:03,185 - INFO - Epoch: 128, Training Loss: 0.0129, Validation Loss: 0.0139
2025-11-15 15:12:16,529 - INFO - Epoch: 129, Training Loss: 0.0128, Validation Loss: 0.0119
2025-11-15 15:12:28,175 - INFO - Epoch: 130, Training Loss: 0.0112, Validation Loss: 0.0099
2025-11-15 15:12:37,530 - INFO - Epoch: 131, Training Loss: 0.0111, Validation Loss: 0.0089
2025-11-15 15:12:50,941 - INFO - Epoch: 132, Training Loss: 0.0103, Validation Loss: 0.0118
2025-11-15 15:12:59,712 - INFO - Epoch: 133, Training Loss: 0.0110, Validation Loss: 0.0086
2025-11-15 15:13:09,989 - INFO - Epoch: 134, Training Loss: 0.0109, Validation Loss: 0.0116
2025-11-15 15:13:20,635 - INFO - Epoch: 135, Training Loss: 0.0109, Validation Loss: 0.0090
2025-11-15 15:13:32,861 - INFO - Epoch: 136, Training Loss: 0.0124, Validation Loss: 0.0088
2025-11-15 15:13:41,344 - INFO - Epoch: 137, Training Loss: 0.0118, Validation Loss: 0.0083
2025-11-15 15:13:54,700 - INFO - Epoch: 138, Training Loss: 0.0102, Validation Loss: 0.0093
2025-11-15 15:14:05,398 - INFO - Epoch: 139, Training Loss: 0.0114, Validation Loss: 0.0088
2025-11-15 15:14:16,610 - INFO - Epoch: 140, Training Loss: 0.0111, Validation Loss: 0.0107
2025-11-15 15:14:16,610 - INFO - Early stopping triggered at epoch 140
2025-11-15 15:14:16,610 - INFO - Best validation loss: 0.0081
2025-11-15 15:14:16,614 - INFO - Restored best model weights
2025-11-15 15:14:16,614 - INFO - 
============================================================
2025-11-15 15:14:16,614 - INFO - EVALUATION RESULTS
2025-11-15 15:14:16,614 - INFO - ============================================================
2025-11-15 15:14:16,657 - INFO - Validation Set - MSE: 0.008933, MAE: 0.071766, RMSE: 0.094517, Pearson Correlation: 0.949112 (p=0.000000)
2025-11-15 15:14:16,701 - INFO - Test Set - MSE: 0.009484, MAE: 0.074683, RMSE: 0.097387, Pearson Correlation: 0.938073 (p=0.000000)
2025-11-15 15:14:16,701 - INFO - ============================================================

2025-11-15 15:14:16,701 - INFO - CV Fold 4 completed successfully
2025-11-15 15:14:16,701 - INFO - 
================================================================================
2025-11-15 15:14:16,701 - INFO - CROSS-VALIDATION SUMMARY - TRIAL 1
2025-11-15 15:14:16,701 - INFO - ================================================================================
2025-11-15 15:14:16,701 - INFO - Validation Set (Average across 5 CV folds):
2025-11-15 15:14:16,701 - INFO -   MSE: 0.011737 ± 0.002497
2025-11-15 15:14:16,701 - INFO -   MAE: 0.083904 ± 0.009502
2025-11-15 15:14:16,701 - INFO -   RMSE: 0.107703 ± 0.011732
2025-11-15 15:14:16,701 - INFO -   Pearson Correlation: 0.929768 ± 0.016452
2025-11-15 15:14:16,701 - INFO - 
Test Set (Average across 5 CV folds):
2025-11-15 15:14:16,701 - INFO -   MSE: 0.011519 ± 0.002383
2025-11-15 15:14:16,701 - INFO -   MAE: 0.083642 ± 0.010335
2025-11-15 15:14:16,701 - INFO -   RMSE: 0.106771 ± 0.010905
2025-11-15 15:14:16,701 - INFO -   Pearson Correlation: 0.931721 ± 0.012330
2025-11-15 15:14:16,701 - INFO - ================================================================================
2025-11-15 15:14:16,701 - INFO - ================================================================================
2025-11-15 15:14:16,701 - INFO - Trial 1 completed. End time: 2025-11-15 15:14:16
2025-11-15 15:14:16,701 - INFO - ================================================================================
