2025-11-15 15:14:16,701 - INFO - ================================================================================
2025-11-15 15:14:16,701 - INFO - TRIAL 2 - Task: RGS (FP1/FP2 only)
2025-11-15 15:14:16,701 - INFO - Log file: ./logs_fp/trial2_RGS_20251115_131345.log
2025-11-15 15:14:16,701 - INFO - Start time: 2025-11-15 15:14:16
2025-11-15 15:14:16,701 - INFO - ================================================================================
2025-11-15 15:14:16,701 - INFO - 
--------------------------------------------------------------------------------
2025-11-15 15:14:16,701 - INFO - CV Fold 0
2025-11-15 15:14:16,702 - INFO - --------------------------------------------------------------------------------
2025-11-15 15:14:16,703 - INFO - START TRAINING CV 0 - Task: RGS (FP1/FP2 only)
2025-11-15 15:14:16,703 - INFO - Learning rate: 0.001, Epochs: 500, Batches: 5
2025-11-15 15:14:16,704 - INFO - Loading dataset (FP1/FP2 channels only)...
2025-11-15 15:14:16,715 - INFO - Dataset shapes - Train: (567, 2, 25, 1), Valid: (141, 2, 25, 1), Test: (177, 2, 25, 1)
2025-11-15 15:14:16,716 - INFO - Initializing VIGNet-FP model (2 channels)...
2025-11-15 15:14:16,718 - INFO - Number of batch iterations per epoch: 113
2025-11-15 15:14:28,746 - INFO - Epoch: 1, Training Loss: 0.0377, Validation Loss: 0.0251
2025-11-15 15:14:28,747 - INFO -   → New best validation loss: 0.0251
2025-11-15 15:14:40,745 - INFO - Epoch: 2, Training Loss: 0.0255, Validation Loss: 0.0260
2025-11-15 15:14:54,730 - INFO - Epoch: 3, Training Loss: 0.0264, Validation Loss: 0.0253
2025-11-15 15:15:06,992 - INFO - Epoch: 4, Training Loss: 0.0255, Validation Loss: 0.0254
2025-11-15 15:15:18,433 - INFO - Epoch: 5, Training Loss: 0.0257, Validation Loss: 0.0262
2025-11-15 15:15:29,782 - INFO - Epoch: 6, Training Loss: 0.0264, Validation Loss: 0.0279
2025-11-15 15:15:46,466 - INFO - Epoch: 7, Training Loss: 0.0266, Validation Loss: 0.0252
2025-11-15 15:15:56,419 - INFO - Epoch: 8, Training Loss: 0.0261, Validation Loss: 0.0255
2025-11-15 15:16:11,171 - INFO - Epoch: 9, Training Loss: 0.0264, Validation Loss: 0.0257
2025-11-15 15:16:24,680 - INFO - Epoch: 10, Training Loss: 0.0262, Validation Loss: 0.0251
2025-11-15 15:16:33,862 - INFO - Epoch: 11, Training Loss: 0.0261, Validation Loss: 0.0255
2025-11-15 15:16:45,476 - INFO - Epoch: 12, Training Loss: 0.0261, Validation Loss: 0.0251
2025-11-15 15:16:54,495 - INFO - Epoch: 13, Training Loss: 0.0261, Validation Loss: 0.0251
2025-11-15 15:17:06,501 - INFO - Epoch: 14, Training Loss: 0.0263, Validation Loss: 0.0252
2025-11-15 15:17:18,865 - INFO - Epoch: 15, Training Loss: 0.0262, Validation Loss: 0.0261
2025-11-15 15:17:27,774 - INFO - Epoch: 16, Training Loss: 0.0264, Validation Loss: 0.0252
2025-11-15 15:17:39,118 - INFO - Epoch: 17, Training Loss: 0.0259, Validation Loss: 0.0259
2025-11-15 15:17:50,708 - INFO - Epoch: 18, Training Loss: 0.0261, Validation Loss: 0.0252
2025-11-15 15:18:02,596 - INFO - Epoch: 19, Training Loss: 0.0262, Validation Loss: 0.0253
2025-11-15 15:18:20,292 - INFO - Epoch: 20, Training Loss: 0.0267, Validation Loss: 0.0256
2025-11-15 15:18:32,823 - INFO - Epoch: 21, Training Loss: 0.0260, Validation Loss: 0.0252
2025-11-15 15:18:32,823 - INFO - Early stopping triggered at epoch 21
2025-11-15 15:18:32,823 - INFO - Best validation loss: 0.0251
2025-11-15 15:18:32,826 - INFO - Restored best model weights
2025-11-15 15:18:32,827 - INFO - 
============================================================
2025-11-15 15:18:32,827 - INFO - EVALUATION RESULTS
2025-11-15 15:18:32,827 - INFO - ============================================================
2025-11-15 15:18:32,872 - INFO - Validation Set - MSE: 0.025254, MAE: 0.084757, RMSE: 0.158915, Pearson Correlation: -0.194079 (p=0.021110)
2025-11-15 15:18:32,942 - INFO - Test Set - MSE: 0.031737, MAE: 0.098280, RMSE: 0.178148, Pearson Correlation: 0.182522 (p=0.015034)
2025-11-15 15:18:32,942 - INFO - ============================================================

2025-11-15 15:18:32,942 - INFO - CV Fold 0 completed successfully
2025-11-15 15:18:32,942 - INFO - 
--------------------------------------------------------------------------------
2025-11-15 15:18:32,942 - INFO - CV Fold 1
2025-11-15 15:18:32,942 - INFO - --------------------------------------------------------------------------------
2025-11-15 15:18:32,944 - INFO - START TRAINING CV 1 - Task: RGS (FP1/FP2 only)
2025-11-15 15:18:32,944 - INFO - Learning rate: 0.001, Epochs: 500, Batches: 5
2025-11-15 15:18:32,944 - INFO - Loading dataset (FP1/FP2 channels only)...
2025-11-15 15:18:32,956 - INFO - Dataset shapes - Train: (567, 2, 25, 1), Valid: (141, 2, 25, 1), Test: (177, 2, 25, 1)
2025-11-15 15:18:32,957 - INFO - Initializing VIGNet-FP model (2 channels)...
2025-11-15 15:18:32,959 - INFO - Number of batch iterations per epoch: 113
2025-11-15 15:18:44,154 - INFO - Epoch: 1, Training Loss: 0.0400, Validation Loss: 0.0277
2025-11-15 15:18:44,154 - INFO -   → New best validation loss: 0.0277
2025-11-15 15:18:55,608 - INFO - Epoch: 2, Training Loss: 0.0259, Validation Loss: 0.0276
2025-11-15 15:18:55,609 - INFO -   → New best validation loss: 0.0276
2025-11-15 15:19:09,045 - INFO - Epoch: 3, Training Loss: 0.0250, Validation Loss: 0.0282
2025-11-15 15:19:22,173 - INFO - Epoch: 4, Training Loss: 0.0246, Validation Loss: 0.0293
2025-11-15 15:19:33,781 - INFO - Epoch: 5, Training Loss: 0.0246, Validation Loss: 0.0284
2025-11-15 15:19:44,527 - INFO - Epoch: 6, Training Loss: 0.0250, Validation Loss: 0.0285
2025-11-15 15:19:55,744 - INFO - Epoch: 7, Training Loss: 0.0246, Validation Loss: 0.0277
2025-11-15 15:20:10,761 - INFO - Epoch: 8, Training Loss: 0.0253, Validation Loss: 0.0303
2025-11-15 15:20:24,081 - INFO - Epoch: 9, Training Loss: 0.0249, Validation Loss: 0.0277
2025-11-15 15:20:35,250 - INFO - Epoch: 10, Training Loss: 0.0248, Validation Loss: 0.0277
2025-11-15 15:20:47,191 - INFO - Epoch: 11, Training Loss: 0.0249, Validation Loss: 0.0281
2025-11-15 15:21:02,682 - INFO - Epoch: 12, Training Loss: 0.0250, Validation Loss: 0.0279
2025-11-15 15:21:13,839 - INFO - Epoch: 13, Training Loss: 0.0251, Validation Loss: 0.0280
2025-11-15 15:21:22,529 - INFO - Epoch: 14, Training Loss: 0.0248, Validation Loss: 0.0297
2025-11-15 15:21:33,135 - INFO - Epoch: 15, Training Loss: 0.0251, Validation Loss: 0.0278
2025-11-15 15:21:44,120 - INFO - Epoch: 16, Training Loss: 0.0246, Validation Loss: 0.0278
2025-11-15 15:21:55,924 - INFO - Epoch: 17, Training Loss: 0.0247, Validation Loss: 0.0276
2025-11-15 15:22:07,033 - INFO - Epoch: 18, Training Loss: 0.0249, Validation Loss: 0.0283
2025-11-15 15:22:21,583 - INFO - Epoch: 19, Training Loss: 0.0254, Validation Loss: 0.0294
2025-11-15 15:22:32,219 - INFO - Epoch: 20, Training Loss: 0.0249, Validation Loss: 0.0277
2025-11-15 15:22:43,167 - INFO - Epoch: 21, Training Loss: 0.0255, Validation Loss: 0.0281
2025-11-15 15:22:56,876 - INFO - Epoch: 22, Training Loss: 0.0249, Validation Loss: 0.0277
2025-11-15 15:22:56,876 - INFO - Early stopping triggered at epoch 22
2025-11-15 15:22:56,876 - INFO - Best validation loss: 0.0276
2025-11-15 15:22:56,891 - INFO - Restored best model weights
2025-11-15 15:22:56,891 - INFO - 
============================================================
2025-11-15 15:22:56,891 - INFO - EVALUATION RESULTS
2025-11-15 15:22:56,891 - INFO - ============================================================
2025-11-15 15:22:56,966 - INFO - Validation Set - MSE: 0.027637, MAE: 0.105160, RMSE: 0.166244, Pearson Correlation: 0.236631 (p=0.004727)
2025-11-15 15:22:57,011 - INFO - Test Set - MSE: 0.033449, MAE: 0.108562, RMSE: 0.182892, Pearson Correlation: -0.197030 (p=0.008575)
2025-11-15 15:22:57,011 - INFO - ============================================================

2025-11-15 15:22:57,011 - INFO - CV Fold 1 completed successfully
2025-11-15 15:22:57,011 - INFO - 
--------------------------------------------------------------------------------
2025-11-15 15:22:57,011 - INFO - CV Fold 2
2025-11-15 15:22:57,011 - INFO - --------------------------------------------------------------------------------
2025-11-15 15:22:57,013 - INFO - START TRAINING CV 2 - Task: RGS (FP1/FP2 only)
2025-11-15 15:22:57,013 - INFO - Learning rate: 0.001, Epochs: 500, Batches: 5
2025-11-15 15:22:57,013 - INFO - Loading dataset (FP1/FP2 channels only)...
2025-11-15 15:22:57,028 - INFO - Dataset shapes - Train: (567, 2, 25, 1), Valid: (141, 2, 25, 1), Test: (177, 2, 25, 1)
2025-11-15 15:22:57,029 - INFO - Initializing VIGNet-FP model (2 channels)...
2025-11-15 15:22:57,035 - INFO - Number of batch iterations per epoch: 113
2025-11-15 15:23:12,361 - INFO - Epoch: 1, Training Loss: 0.0433, Validation Loss: 0.0339
2025-11-15 15:23:12,364 - INFO -   → New best validation loss: 0.0339
2025-11-15 15:23:22,219 - INFO - Epoch: 2, Training Loss: 0.0304, Validation Loss: 0.0344
2025-11-15 15:23:34,669 - INFO - Epoch: 3, Training Loss: 0.0316, Validation Loss: 0.0343
2025-11-15 15:23:44,983 - INFO - Epoch: 4, Training Loss: 0.0299, Validation Loss: 0.0353
2025-11-15 15:23:57,640 - INFO - Epoch: 5, Training Loss: 0.0309, Validation Loss: 0.0339
2025-11-15 15:24:06,404 - INFO - Epoch: 6, Training Loss: 0.0301, Validation Loss: 0.0340
2025-11-15 15:24:17,277 - INFO - Epoch: 7, Training Loss: 0.0304, Validation Loss: 0.0353
2025-11-15 15:24:26,684 - INFO - Epoch: 8, Training Loss: 0.0307, Validation Loss: 0.0363
2025-11-15 15:24:40,158 - INFO - Epoch: 9, Training Loss: 0.0299, Validation Loss: 0.0339
2025-11-15 15:24:51,315 - INFO - Epoch: 10, Training Loss: 0.0304, Validation Loss: 0.0343
2025-11-15 15:25:05,897 - INFO - Epoch: 11, Training Loss: 0.0307, Validation Loss: 0.0341
2025-11-15 15:25:16,327 - INFO - Epoch: 12, Training Loss: 0.0307, Validation Loss: 0.0337
2025-11-15 15:25:16,328 - INFO -   → New best validation loss: 0.0337
2025-11-15 15:25:28,197 - INFO - Epoch: 13, Training Loss: 0.0302, Validation Loss: 0.0350
2025-11-15 15:25:38,566 - INFO - Epoch: 14, Training Loss: 0.0303, Validation Loss: 0.0337
2025-11-15 15:25:50,487 - INFO - Epoch: 15, Training Loss: 0.0299, Validation Loss: 0.0346
2025-11-15 15:26:02,450 - INFO - Epoch: 16, Training Loss: 0.0300, Validation Loss: 0.0345
2025-11-15 15:26:17,454 - INFO - Epoch: 17, Training Loss: 0.0302, Validation Loss: 0.0339
2025-11-15 15:26:26,483 - INFO - Epoch: 18, Training Loss: 0.0308, Validation Loss: 0.0346
2025-11-15 15:26:37,220 - INFO - Epoch: 19, Training Loss: 0.0304, Validation Loss: 0.0335
2025-11-15 15:26:37,220 - INFO -   → New best validation loss: 0.0335
2025-11-15 15:26:53,125 - INFO - Epoch: 20, Training Loss: 0.0309, Validation Loss: 0.0339
2025-11-15 15:27:05,257 - INFO - Epoch: 21, Training Loss: 0.0304, Validation Loss: 0.0337
2025-11-15 15:27:15,669 - INFO - Epoch: 22, Training Loss: 0.0300, Validation Loss: 0.0370
2025-11-15 15:27:27,723 - INFO - Epoch: 23, Training Loss: 0.0308, Validation Loss: 0.0340
2025-11-15 15:27:43,003 - INFO - Epoch: 24, Training Loss: 0.0303, Validation Loss: 0.0344
2025-11-15 15:27:55,201 - INFO - Epoch: 25, Training Loss: 0.0304, Validation Loss: 0.0355
2025-11-15 15:28:08,510 - INFO - Epoch: 26, Training Loss: 0.0304, Validation Loss: 0.0341
2025-11-15 15:28:23,509 - INFO - Epoch: 27, Training Loss: 0.0299, Validation Loss: 0.0337
2025-11-15 15:28:36,155 - INFO - Epoch: 28, Training Loss: 0.0302, Validation Loss: 0.0350
2025-11-15 15:28:47,686 - INFO - Epoch: 29, Training Loss: 0.0300, Validation Loss: 0.0340
2025-11-15 15:28:57,972 - INFO - Epoch: 30, Training Loss: 0.0300, Validation Loss: 0.0349
2025-11-15 15:29:12,329 - INFO - Epoch: 31, Training Loss: 0.0303, Validation Loss: 0.0344
2025-11-15 15:29:24,235 - INFO - Epoch: 32, Training Loss: 0.0303, Validation Loss: 0.0335
2025-11-15 15:29:24,237 - INFO -   → New best validation loss: 0.0335
2025-11-15 15:29:38,236 - INFO - Epoch: 33, Training Loss: 0.0305, Validation Loss: 0.0334
2025-11-15 15:29:38,237 - INFO -   → New best validation loss: 0.0334
2025-11-15 15:29:49,738 - INFO - Epoch: 34, Training Loss: 0.0301, Validation Loss: 0.0336
2025-11-15 15:30:04,266 - INFO - Epoch: 35, Training Loss: 0.0300, Validation Loss: 0.0337
2025-11-15 15:30:17,409 - INFO - Epoch: 36, Training Loss: 0.0300, Validation Loss: 0.0349
2025-11-15 15:30:30,831 - INFO - Epoch: 37, Training Loss: 0.0302, Validation Loss: 0.0337
2025-11-15 15:30:43,525 - INFO - Epoch: 38, Training Loss: 0.0297, Validation Loss: 0.0331
2025-11-15 15:30:43,527 - INFO -   → New best validation loss: 0.0331
2025-11-15 15:30:54,909 - INFO - Epoch: 39, Training Loss: 0.0294, Validation Loss: 0.0349
2025-11-15 15:31:08,528 - INFO - Epoch: 40, Training Loss: 0.0289, Validation Loss: 0.0337
2025-11-15 15:31:21,607 - INFO - Epoch: 41, Training Loss: 0.0298, Validation Loss: 0.0344
2025-11-15 15:31:33,074 - INFO - Epoch: 42, Training Loss: 0.0297, Validation Loss: 0.0332
2025-11-15 15:31:45,652 - INFO - Epoch: 43, Training Loss: 0.0295, Validation Loss: 0.0338
2025-11-15 15:31:59,735 - INFO - Epoch: 44, Training Loss: 0.0294, Validation Loss: 0.0336
2025-11-15 15:32:11,887 - INFO - Epoch: 45, Training Loss: 0.0299, Validation Loss: 0.0330
2025-11-15 15:32:11,891 - INFO -   → New best validation loss: 0.0330
2025-11-15 15:32:25,551 - INFO - Epoch: 46, Training Loss: 0.0298, Validation Loss: 0.0336
2025-11-15 15:32:37,406 - INFO - Epoch: 47, Training Loss: 0.0294, Validation Loss: 0.0337
2025-11-15 15:32:52,501 - INFO - Epoch: 48, Training Loss: 0.0296, Validation Loss: 0.0323
2025-11-15 15:32:52,503 - INFO -   → New best validation loss: 0.0323
2025-11-15 15:33:05,021 - INFO - Epoch: 49, Training Loss: 0.0300, Validation Loss: 0.0327
2025-11-15 15:33:15,347 - INFO - Epoch: 50, Training Loss: 0.0291, Validation Loss: 0.0320
2025-11-15 15:33:15,348 - INFO -   → New best validation loss: 0.0320
2025-11-15 15:33:26,189 - INFO - Epoch: 51, Training Loss: 0.0289, Validation Loss: 0.0316
2025-11-15 15:33:26,194 - INFO -   → New best validation loss: 0.0316
2025-11-15 15:33:38,333 - INFO - Epoch: 52, Training Loss: 0.0294, Validation Loss: 0.0345
2025-11-15 15:33:50,061 - INFO - Epoch: 53, Training Loss: 0.0287, Validation Loss: 0.0306
2025-11-15 15:33:50,062 - INFO -   → New best validation loss: 0.0306
2025-11-15 15:34:03,398 - INFO - Epoch: 54, Training Loss: 0.0291, Validation Loss: 0.0324
2025-11-15 15:34:14,425 - INFO - Epoch: 55, Training Loss: 0.0291, Validation Loss: 0.0340
2025-11-15 15:34:24,795 - INFO - Epoch: 56, Training Loss: 0.0293, Validation Loss: 0.0329
2025-11-15 15:34:36,054 - INFO - Epoch: 57, Training Loss: 0.0287, Validation Loss: 0.0309
2025-11-15 15:34:46,437 - INFO - Epoch: 58, Training Loss: 0.0295, Validation Loss: 0.0334
2025-11-15 15:35:00,676 - INFO - Epoch: 59, Training Loss: 0.0286, Validation Loss: 0.0329
2025-11-15 15:35:10,146 - INFO - Epoch: 60, Training Loss: 0.0284, Validation Loss: 0.0310
2025-11-15 15:35:18,889 - INFO - Epoch: 61, Training Loss: 0.0286, Validation Loss: 0.0312
2025-11-15 15:35:31,384 - INFO - Epoch: 62, Training Loss: 0.0286, Validation Loss: 0.0309
2025-11-15 15:35:43,083 - INFO - Epoch: 63, Training Loss: 0.0274, Validation Loss: 0.0291
2025-11-15 15:35:43,085 - INFO -   → New best validation loss: 0.0291
2025-11-15 15:35:55,015 - INFO - Epoch: 64, Training Loss: 0.0284, Validation Loss: 0.0284
2025-11-15 15:35:55,015 - INFO -   → New best validation loss: 0.0284
2025-11-15 15:36:08,046 - INFO - Epoch: 65, Training Loss: 0.0273, Validation Loss: 0.0287
2025-11-15 15:36:16,041 - INFO - Epoch: 66, Training Loss: 0.0281, Validation Loss: 0.0309
2025-11-15 15:36:25,597 - INFO - Epoch: 67, Training Loss: 0.0270, Validation Loss: 0.0305
2025-11-15 15:36:37,885 - INFO - Epoch: 68, Training Loss: 0.0273, Validation Loss: 0.0291
2025-11-15 15:36:46,577 - INFO - Epoch: 69, Training Loss: 0.0269, Validation Loss: 0.0286
2025-11-15 15:36:59,010 - INFO - Epoch: 70, Training Loss: 0.0277, Validation Loss: 0.0286
2025-11-15 15:37:10,463 - INFO - Epoch: 71, Training Loss: 0.0268, Validation Loss: 0.0288
2025-11-15 15:37:19,930 - INFO - Epoch: 72, Training Loss: 0.0267, Validation Loss: 0.0290
2025-11-15 15:37:32,341 - INFO - Epoch: 73, Training Loss: 0.0262, Validation Loss: 0.0304
2025-11-15 15:37:45,068 - INFO - Epoch: 74, Training Loss: 0.0266, Validation Loss: 0.0304
2025-11-15 15:37:55,633 - INFO - Epoch: 75, Training Loss: 0.0271, Validation Loss: 0.0266
2025-11-15 15:37:55,635 - INFO -   → New best validation loss: 0.0266
2025-11-15 15:38:06,091 - INFO - Epoch: 76, Training Loss: 0.0256, Validation Loss: 0.0256
2025-11-15 15:38:06,091 - INFO -   → New best validation loss: 0.0256
2025-11-15 15:38:19,291 - INFO - Epoch: 77, Training Loss: 0.0263, Validation Loss: 0.0272
2025-11-15 15:38:32,323 - INFO - Epoch: 78, Training Loss: 0.0255, Validation Loss: 0.0331
2025-11-15 15:38:43,592 - INFO - Epoch: 79, Training Loss: 0.0272, Validation Loss: 0.0291
2025-11-15 15:38:57,699 - INFO - Epoch: 80, Training Loss: 0.0260, Validation Loss: 0.0281
2025-11-15 15:39:12,836 - INFO - Epoch: 81, Training Loss: 0.0256, Validation Loss: 0.0283
2025-11-15 15:39:23,883 - INFO - Epoch: 82, Training Loss: 0.0260, Validation Loss: 0.0314
2025-11-15 15:39:36,008 - INFO - Epoch: 83, Training Loss: 0.0248, Validation Loss: 0.0279
2025-11-15 15:39:49,612 - INFO - Epoch: 84, Training Loss: 0.0256, Validation Loss: 0.0288
2025-11-15 15:40:00,249 - INFO - Epoch: 85, Training Loss: 0.0256, Validation Loss: 0.0285
2025-11-15 15:40:12,654 - INFO - Epoch: 86, Training Loss: 0.0260, Validation Loss: 0.0291
2025-11-15 15:40:27,086 - INFO - Epoch: 87, Training Loss: 0.0257, Validation Loss: 0.0286
2025-11-15 15:40:39,237 - INFO - Epoch: 88, Training Loss: 0.0252, Validation Loss: 0.0261
2025-11-15 15:40:52,973 - INFO - Epoch: 89, Training Loss: 0.0261, Validation Loss: 0.0270
2025-11-15 15:41:05,102 - INFO - Epoch: 90, Training Loss: 0.0262, Validation Loss: 0.0263
2025-11-15 15:41:15,501 - INFO - Epoch: 91, Training Loss: 0.0264, Validation Loss: 0.0279
2025-11-15 15:41:28,224 - INFO - Epoch: 92, Training Loss: 0.0246, Validation Loss: 0.0276
2025-11-15 15:41:42,979 - INFO - Epoch: 93, Training Loss: 0.0259, Validation Loss: 0.0298
2025-11-15 15:41:54,462 - INFO - Epoch: 94, Training Loss: 0.0248, Validation Loss: 0.0280
2025-11-15 15:42:09,388 - INFO - Epoch: 95, Training Loss: 0.0258, Validation Loss: 0.0362
2025-11-15 15:42:17,836 - INFO - Epoch: 96, Training Loss: 0.0256, Validation Loss: 0.0272
2025-11-15 15:42:17,836 - INFO - Early stopping triggered at epoch 96
2025-11-15 15:42:17,836 - INFO - Best validation loss: 0.0256
2025-11-15 15:42:17,840 - INFO - Restored best model weights
2025-11-15 15:42:17,840 - INFO - 
============================================================
2025-11-15 15:42:17,840 - INFO - EVALUATION RESULTS
2025-11-15 15:42:17,840 - INFO - ============================================================
2025-11-15 15:42:17,883 - INFO - Validation Set - MSE: 0.027466, MAE: 0.108097, RMSE: 0.165729, Pearson Correlation: 0.505826 (p=0.000000)
2025-11-15 15:42:17,927 - INFO - Test Set - MSE: 0.009805, MAE: 0.067670, RMSE: 0.099023, Pearson Correlation: 0.405681 (p=0.000000)
2025-11-15 15:42:17,927 - INFO - ============================================================

2025-11-15 15:42:17,928 - INFO - CV Fold 2 completed successfully
2025-11-15 15:42:17,928 - INFO - 
--------------------------------------------------------------------------------
2025-11-15 15:42:17,928 - INFO - CV Fold 3
2025-11-15 15:42:17,928 - INFO - --------------------------------------------------------------------------------
2025-11-15 15:42:17,930 - INFO - START TRAINING CV 3 - Task: RGS (FP1/FP2 only)
2025-11-15 15:42:17,930 - INFO - Learning rate: 0.001, Epochs: 500, Batches: 5
2025-11-15 15:42:17,930 - INFO - Loading dataset (FP1/FP2 channels only)...
2025-11-15 15:42:17,941 - INFO - Dataset shapes - Train: (567, 2, 25, 1), Valid: (141, 2, 25, 1), Test: (177, 2, 25, 1)
2025-11-15 15:42:17,942 - INFO - Initializing VIGNet-FP model (2 channels)...
2025-11-15 15:42:17,945 - INFO - Number of batch iterations per epoch: 113
2025-11-15 15:42:26,887 - INFO - Epoch: 1, Training Loss: 0.0398, Validation Loss: 0.0273
2025-11-15 15:42:26,888 - INFO -   → New best validation loss: 0.0273
2025-11-15 15:42:39,245 - INFO - Epoch: 2, Training Loss: 0.0274, Validation Loss: 0.0293
2025-11-15 15:42:51,287 - INFO - Epoch: 3, Training Loss: 0.0278, Validation Loss: 0.0279
2025-11-15 15:43:03,053 - INFO - Epoch: 4, Training Loss: 0.0278, Validation Loss: 0.0275
2025-11-15 15:43:14,948 - INFO - Epoch: 5, Training Loss: 0.0273, Validation Loss: 0.0273
2025-11-15 15:43:14,948 - INFO -   → New best validation loss: 0.0273
2025-11-15 15:43:25,822 - INFO - Epoch: 6, Training Loss: 0.0277, Validation Loss: 0.0279
2025-11-15 15:43:38,246 - INFO - Epoch: 7, Training Loss: 0.0274, Validation Loss: 0.0272
2025-11-15 15:43:38,246 - INFO -   → New best validation loss: 0.0272
2025-11-15 15:43:50,117 - INFO - Epoch: 8, Training Loss: 0.0272, Validation Loss: 0.0273
2025-11-15 15:44:03,053 - INFO - Epoch: 9, Training Loss: 0.0273, Validation Loss: 0.0276
2025-11-15 15:44:15,002 - INFO - Epoch: 10, Training Loss: 0.0277, Validation Loss: 0.0278
2025-11-15 15:44:28,977 - INFO - Epoch: 11, Training Loss: 0.0277, Validation Loss: 0.0269
2025-11-15 15:44:28,977 - INFO -   → New best validation loss: 0.0269
2025-11-15 15:44:43,505 - INFO - Epoch: 12, Training Loss: 0.0275, Validation Loss: 0.0290
2025-11-15 15:44:54,468 - INFO - Epoch: 13, Training Loss: 0.0275, Validation Loss: 0.0273
2025-11-15 15:45:10,721 - INFO - Epoch: 14, Training Loss: 0.0273, Validation Loss: 0.0276
2025-11-15 15:45:22,646 - INFO - Epoch: 15, Training Loss: 0.0274, Validation Loss: 0.0276
2025-11-15 15:45:36,989 - INFO - Epoch: 16, Training Loss: 0.0276, Validation Loss: 0.0275
2025-11-15 15:45:49,743 - INFO - Epoch: 17, Training Loss: 0.0276, Validation Loss: 0.0292
2025-11-15 15:46:00,206 - INFO - Epoch: 18, Training Loss: 0.0274, Validation Loss: 0.0275
2025-11-15 15:46:11,118 - INFO - Epoch: 19, Training Loss: 0.0279, Validation Loss: 0.0280
2025-11-15 15:46:24,857 - INFO - Epoch: 20, Training Loss: 0.0273, Validation Loss: 0.0273
2025-11-15 15:46:37,078 - INFO - Epoch: 21, Training Loss: 0.0272, Validation Loss: 0.0305
2025-11-15 15:46:47,194 - INFO - Epoch: 22, Training Loss: 0.0280, Validation Loss: 0.0285
2025-11-15 15:46:59,759 - INFO - Epoch: 23, Training Loss: 0.0277, Validation Loss: 0.0276
2025-11-15 15:47:12,201 - INFO - Epoch: 24, Training Loss: 0.0274, Validation Loss: 0.0275
2025-11-15 15:47:21,626 - INFO - Epoch: 25, Training Loss: 0.0277, Validation Loss: 0.0271
2025-11-15 15:47:33,610 - INFO - Epoch: 26, Training Loss: 0.0273, Validation Loss: 0.0275
2025-11-15 15:47:46,798 - INFO - Epoch: 27, Training Loss: 0.0272, Validation Loss: 0.0277
2025-11-15 15:47:56,998 - INFO - Epoch: 28, Training Loss: 0.0270, Validation Loss: 0.0269
2025-11-15 15:47:56,998 - INFO -   → New best validation loss: 0.0269
2025-11-15 15:48:09,721 - INFO - Epoch: 29, Training Loss: 0.0272, Validation Loss: 0.0274
2025-11-15 15:48:21,477 - INFO - Epoch: 30, Training Loss: 0.0272, Validation Loss: 0.0274
2025-11-15 15:48:31,994 - INFO - Epoch: 31, Training Loss: 0.0273, Validation Loss: 0.0274
2025-11-15 15:48:45,266 - INFO - Epoch: 32, Training Loss: 0.0273, Validation Loss: 0.0271
2025-11-15 15:48:56,762 - INFO - Epoch: 33, Training Loss: 0.0273, Validation Loss: 0.0268
2025-11-15 15:48:56,763 - INFO -   → New best validation loss: 0.0268
2025-11-15 15:49:10,000 - INFO - Epoch: 34, Training Loss: 0.0274, Validation Loss: 0.0275
2025-11-15 15:49:22,366 - INFO - Epoch: 35, Training Loss: 0.0272, Validation Loss: 0.0280
2025-11-15 15:49:33,964 - INFO - Epoch: 36, Training Loss: 0.0272, Validation Loss: 0.0267
2025-11-15 15:49:33,964 - INFO -   → New best validation loss: 0.0267
2025-11-15 15:49:44,716 - INFO - Epoch: 37, Training Loss: 0.0264, Validation Loss: 0.0273
2025-11-15 15:49:54,418 - INFO - Epoch: 38, Training Loss: 0.0262, Validation Loss: 0.0278
2025-11-15 15:50:05,891 - INFO - Epoch: 39, Training Loss: 0.0262, Validation Loss: 0.0257
2025-11-15 15:50:05,892 - INFO -   → New best validation loss: 0.0257
2025-11-15 15:50:16,912 - INFO - Epoch: 40, Training Loss: 0.0272, Validation Loss: 0.0269
2025-11-15 15:50:29,301 - INFO - Epoch: 41, Training Loss: 0.0269, Validation Loss: 0.0267
2025-11-15 15:50:43,584 - INFO - Epoch: 42, Training Loss: 0.0264, Validation Loss: 0.0266
2025-11-15 15:50:56,902 - INFO - Epoch: 43, Training Loss: 0.0267, Validation Loss: 0.0261
2025-11-15 15:51:08,218 - INFO - Epoch: 44, Training Loss: 0.0257, Validation Loss: 0.0290
2025-11-15 15:51:17,629 - INFO - Epoch: 45, Training Loss: 0.0258, Validation Loss: 0.0261
2025-11-15 15:51:31,656 - INFO - Epoch: 46, Training Loss: 0.0269, Validation Loss: 0.0258
2025-11-15 15:51:41,699 - INFO - Epoch: 47, Training Loss: 0.0266, Validation Loss: 0.0272
2025-11-15 15:51:53,923 - INFO - Epoch: 48, Training Loss: 0.0262, Validation Loss: 0.0255
2025-11-15 15:51:53,925 - INFO -   → New best validation loss: 0.0255
2025-11-15 15:52:07,234 - INFO - Epoch: 49, Training Loss: 0.0256, Validation Loss: 0.0288
2025-11-15 15:52:22,136 - INFO - Epoch: 50, Training Loss: 0.0258, Validation Loss: 0.0236
2025-11-15 15:52:22,136 - INFO -   → New best validation loss: 0.0236
2025-11-15 15:52:31,889 - INFO - Epoch: 51, Training Loss: 0.0252, Validation Loss: 0.0238
2025-11-15 15:52:42,852 - INFO - Epoch: 52, Training Loss: 0.0256, Validation Loss: 0.0278
2025-11-15 15:52:51,481 - INFO - Epoch: 53, Training Loss: 0.0254, Validation Loss: 0.0253
2025-11-15 15:53:00,923 - INFO - Epoch: 54, Training Loss: 0.0261, Validation Loss: 0.0255
2025-11-15 15:53:12,042 - INFO - Epoch: 55, Training Loss: 0.0255, Validation Loss: 0.0245
2025-11-15 15:53:25,370 - INFO - Epoch: 56, Training Loss: 0.0254, Validation Loss: 0.0268
2025-11-15 15:53:40,335 - INFO - Epoch: 57, Training Loss: 0.0257, Validation Loss: 0.0243
2025-11-15 15:53:51,876 - INFO - Epoch: 58, Training Loss: 0.0247, Validation Loss: 0.0238
2025-11-15 15:54:04,572 - INFO - Epoch: 59, Training Loss: 0.0250, Validation Loss: 0.0247
2025-11-15 15:54:16,374 - INFO - Epoch: 60, Training Loss: 0.0240, Validation Loss: 0.0264
2025-11-15 15:54:27,167 - INFO - Epoch: 61, Training Loss: 0.0238, Validation Loss: 0.0240
2025-11-15 15:54:39,280 - INFO - Epoch: 62, Training Loss: 0.0240, Validation Loss: 0.0247
2025-11-15 15:54:54,926 - INFO - Epoch: 63, Training Loss: 0.0242, Validation Loss: 0.0230
2025-11-15 15:54:54,929 - INFO -   → New best validation loss: 0.0230
2025-11-15 15:55:10,588 - INFO - Epoch: 64, Training Loss: 0.0248, Validation Loss: 0.0231
2025-11-15 15:55:23,225 - INFO - Epoch: 65, Training Loss: 0.0243, Validation Loss: 0.0227
2025-11-15 15:55:23,225 - INFO -   → New best validation loss: 0.0227
2025-11-15 15:55:35,198 - INFO - Epoch: 66, Training Loss: 0.0242, Validation Loss: 0.0246
2025-11-15 15:55:47,319 - INFO - Epoch: 67, Training Loss: 0.0243, Validation Loss: 0.0242
2025-11-15 15:55:57,653 - INFO - Epoch: 68, Training Loss: 0.0239, Validation Loss: 0.0248
2025-11-15 15:56:10,622 - INFO - Epoch: 69, Training Loss: 0.0233, Validation Loss: 0.0223
2025-11-15 15:56:10,625 - INFO -   → New best validation loss: 0.0223
2025-11-15 15:56:26,505 - INFO - Epoch: 70, Training Loss: 0.0233, Validation Loss: 0.0245
2025-11-15 15:56:38,872 - INFO - Epoch: 71, Training Loss: 0.0247, Validation Loss: 0.0254
2025-11-15 15:56:51,085 - INFO - Epoch: 72, Training Loss: 0.0234, Validation Loss: 0.0221
2025-11-15 15:56:51,085 - INFO -   → New best validation loss: 0.0221
2025-11-15 15:57:02,545 - INFO - Epoch: 73, Training Loss: 0.0242, Validation Loss: 0.0223
2025-11-15 15:57:15,150 - INFO - Epoch: 74, Training Loss: 0.0223, Validation Loss: 0.0213
2025-11-15 15:57:15,155 - INFO -   → New best validation loss: 0.0213
2025-11-15 15:57:28,696 - INFO - Epoch: 75, Training Loss: 0.0225, Validation Loss: 0.0229
2025-11-15 15:57:41,118 - INFO - Epoch: 76, Training Loss: 0.0231, Validation Loss: 0.0230
2025-11-15 15:57:54,232 - INFO - Epoch: 77, Training Loss: 0.0231, Validation Loss: 0.0246
2025-11-15 15:58:05,296 - INFO - Epoch: 78, Training Loss: 0.0233, Validation Loss: 0.0236
2025-11-15 15:58:18,865 - INFO - Epoch: 79, Training Loss: 0.0233, Validation Loss: 0.0251
2025-11-15 15:58:31,861 - INFO - Epoch: 80, Training Loss: 0.0233, Validation Loss: 0.0225
2025-11-15 15:58:45,129 - INFO - Epoch: 81, Training Loss: 0.0223, Validation Loss: 0.0232
2025-11-15 15:58:58,946 - INFO - Epoch: 82, Training Loss: 0.0228, Validation Loss: 0.0227
2025-11-15 15:59:08,960 - INFO - Epoch: 83, Training Loss: 0.0232, Validation Loss: 0.0215
2025-11-15 15:59:23,314 - INFO - Epoch: 84, Training Loss: 0.0226, Validation Loss: 0.0223
2025-11-15 15:59:36,308 - INFO - Epoch: 85, Training Loss: 0.0228, Validation Loss: 0.0223
2025-11-15 15:59:48,011 - INFO - Epoch: 86, Training Loss: 0.0221, Validation Loss: 0.0234
2025-11-15 15:59:58,713 - INFO - Epoch: 87, Training Loss: 0.0222, Validation Loss: 0.0209
2025-11-15 15:59:58,715 - INFO -   → New best validation loss: 0.0209
2025-11-15 16:00:10,350 - INFO - Epoch: 88, Training Loss: 0.0233, Validation Loss: 0.0222
2025-11-15 16:00:20,778 - INFO - Epoch: 89, Training Loss: 0.0225, Validation Loss: 0.0244
2025-11-15 16:00:31,802 - INFO - Epoch: 90, Training Loss: 0.0216, Validation Loss: 0.0219
2025-11-15 16:00:42,588 - INFO - Epoch: 91, Training Loss: 0.0217, Validation Loss: 0.0255
2025-11-15 16:00:56,233 - INFO - Epoch: 92, Training Loss: 0.0232, Validation Loss: 0.0236
2025-11-15 16:01:10,112 - INFO - Epoch: 93, Training Loss: 0.0223, Validation Loss: 0.0210
2025-11-15 16:01:23,057 - INFO - Epoch: 94, Training Loss: 0.0226, Validation Loss: 0.0217
2025-11-15 16:01:32,600 - INFO - Epoch: 95, Training Loss: 0.0225, Validation Loss: 0.0214
2025-11-15 16:01:47,463 - INFO - Epoch: 96, Training Loss: 0.0227, Validation Loss: 0.0211
2025-11-15 16:02:00,496 - INFO - Epoch: 97, Training Loss: 0.0225, Validation Loss: 0.0218
2025-11-15 16:02:13,963 - INFO - Epoch: 98, Training Loss: 0.0220, Validation Loss: 0.0204
2025-11-15 16:02:13,964 - INFO -   → New best validation loss: 0.0204
2025-11-15 16:02:26,917 - INFO - Epoch: 99, Training Loss: 0.0222, Validation Loss: 0.0213
2025-11-15 16:02:39,245 - INFO - Epoch: 100, Training Loss: 0.0222, Validation Loss: 0.0254
2025-11-15 16:02:48,859 - INFO - Epoch: 101, Training Loss: 0.0223, Validation Loss: 0.0235
2025-11-15 16:03:01,764 - INFO - Epoch: 102, Training Loss: 0.0217, Validation Loss: 0.0232
2025-11-15 16:03:14,984 - INFO - Epoch: 103, Training Loss: 0.0230, Validation Loss: 0.0222
2025-11-15 16:03:26,711 - INFO - Epoch: 104, Training Loss: 0.0215, Validation Loss: 0.0218
2025-11-15 16:03:39,525 - INFO - Epoch: 105, Training Loss: 0.0223, Validation Loss: 0.0252
2025-11-15 16:03:51,136 - INFO - Epoch: 106, Training Loss: 0.0219, Validation Loss: 0.0205
2025-11-15 16:03:59,365 - INFO - Epoch: 107, Training Loss: 0.0224, Validation Loss: 0.0209
2025-11-15 16:04:10,337 - INFO - Epoch: 108, Training Loss: 0.0222, Validation Loss: 0.0222
2025-11-15 16:04:25,940 - INFO - Epoch: 109, Training Loss: 0.0221, Validation Loss: 0.0229
2025-11-15 16:04:39,061 - INFO - Epoch: 110, Training Loss: 0.0219, Validation Loss: 0.0203
2025-11-15 16:04:39,062 - INFO -   → New best validation loss: 0.0203
2025-11-15 16:04:54,917 - INFO - Epoch: 111, Training Loss: 0.0229, Validation Loss: 0.0235
2025-11-15 16:05:04,250 - INFO - Epoch: 112, Training Loss: 0.0221, Validation Loss: 0.0223
2025-11-15 16:05:15,398 - INFO - Epoch: 113, Training Loss: 0.0227, Validation Loss: 0.0213
2025-11-15 16:05:25,317 - INFO - Epoch: 114, Training Loss: 0.0220, Validation Loss: 0.0275
2025-11-15 16:05:36,349 - INFO - Epoch: 115, Training Loss: 0.0214, Validation Loss: 0.0207
2025-11-15 16:05:51,842 - INFO - Epoch: 116, Training Loss: 0.0229, Validation Loss: 0.0197
2025-11-15 16:05:51,842 - INFO -   → New best validation loss: 0.0197
2025-11-15 16:06:03,539 - INFO - Epoch: 117, Training Loss: 0.0220, Validation Loss: 0.0220
2025-11-15 16:06:21,623 - INFO - Epoch: 118, Training Loss: 0.0218, Validation Loss: 0.0217
2025-11-15 16:06:37,081 - INFO - Epoch: 119, Training Loss: 0.0228, Validation Loss: 0.0222
2025-11-15 16:06:47,839 - INFO - Epoch: 120, Training Loss: 0.0216, Validation Loss: 0.0200
2025-11-15 16:07:01,922 - INFO - Epoch: 121, Training Loss: 0.0223, Validation Loss: 0.0263
2025-11-15 16:07:12,399 - INFO - Epoch: 122, Training Loss: 0.0204, Validation Loss: 0.0221
2025-11-15 16:07:23,925 - INFO - Epoch: 123, Training Loss: 0.0206, Validation Loss: 0.0283
2025-11-15 16:07:36,427 - INFO - Epoch: 124, Training Loss: 0.0221, Validation Loss: 0.0211
2025-11-15 16:07:48,982 - INFO - Epoch: 125, Training Loss: 0.0214, Validation Loss: 0.0228
2025-11-15 16:08:01,182 - INFO - Epoch: 126, Training Loss: 0.0213, Validation Loss: 0.0205
2025-11-15 16:08:15,185 - INFO - Epoch: 127, Training Loss: 0.0222, Validation Loss: 0.0196
2025-11-15 16:08:15,187 - INFO -   → New best validation loss: 0.0196
2025-11-15 16:08:30,727 - INFO - Epoch: 128, Training Loss: 0.0223, Validation Loss: 0.0212
2025-11-15 16:08:42,510 - INFO - Epoch: 129, Training Loss: 0.0217, Validation Loss: 0.0191
2025-11-15 16:08:42,511 - INFO -   → New best validation loss: 0.0191
2025-11-15 16:08:55,449 - INFO - Epoch: 130, Training Loss: 0.0219, Validation Loss: 0.0203
2025-11-15 16:09:05,624 - INFO - Epoch: 131, Training Loss: 0.0225, Validation Loss: 0.0246
2025-11-15 16:09:17,648 - INFO - Epoch: 132, Training Loss: 0.0214, Validation Loss: 0.0209
2025-11-15 16:09:28,078 - INFO - Epoch: 133, Training Loss: 0.0219, Validation Loss: 0.0186
2025-11-15 16:09:28,080 - INFO -   → New best validation loss: 0.0186
2025-11-15 16:09:37,425 - INFO - Epoch: 134, Training Loss: 0.0219, Validation Loss: 0.0215
2025-11-15 16:09:49,417 - INFO - Epoch: 135, Training Loss: 0.0213, Validation Loss: 0.0277
2025-11-15 16:10:01,233 - INFO - Epoch: 136, Training Loss: 0.0213, Validation Loss: 0.0201
2025-11-15 16:10:14,018 - INFO - Epoch: 137, Training Loss: 0.0216, Validation Loss: 0.0184
2025-11-15 16:10:14,022 - INFO -   → New best validation loss: 0.0184
2025-11-15 16:10:24,717 - INFO - Epoch: 138, Training Loss: 0.0209, Validation Loss: 0.0202
2025-11-15 16:10:40,199 - INFO - Epoch: 139, Training Loss: 0.0211, Validation Loss: 0.0207
2025-11-15 16:10:53,514 - INFO - Epoch: 140, Training Loss: 0.0219, Validation Loss: 0.0210
2025-11-15 16:11:04,321 - INFO - Epoch: 141, Training Loss: 0.0216, Validation Loss: 0.0216
2025-11-15 16:11:16,344 - INFO - Epoch: 142, Training Loss: 0.0217, Validation Loss: 0.0220
2025-11-15 16:11:30,338 - INFO - Epoch: 143, Training Loss: 0.0211, Validation Loss: 0.0205
2025-11-15 16:11:41,077 - INFO - Epoch: 144, Training Loss: 0.0222, Validation Loss: 0.0206
2025-11-15 16:11:51,687 - INFO - Epoch: 145, Training Loss: 0.0209, Validation Loss: 0.0214
2025-11-15 16:12:01,404 - INFO - Epoch: 146, Training Loss: 0.0228, Validation Loss: 0.0219
2025-11-15 16:12:13,397 - INFO - Epoch: 147, Training Loss: 0.0213, Validation Loss: 0.0232
2025-11-15 16:12:30,011 - INFO - Epoch: 148, Training Loss: 0.0204, Validation Loss: 0.0195
2025-11-15 16:12:43,945 - INFO - Epoch: 149, Training Loss: 0.0214, Validation Loss: 0.0212
2025-11-15 16:12:56,827 - INFO - Epoch: 150, Training Loss: 0.0211, Validation Loss: 0.0205
2025-11-15 16:13:06,040 - INFO - Epoch: 151, Training Loss: 0.0213, Validation Loss: 0.0237
2025-11-15 16:13:17,794 - INFO - Epoch: 152, Training Loss: 0.0216, Validation Loss: 0.0208
2025-11-15 16:13:31,985 - INFO - Epoch: 153, Training Loss: 0.0205, Validation Loss: 0.0215
2025-11-15 16:13:44,185 - INFO - Epoch: 154, Training Loss: 0.0206, Validation Loss: 0.0202
2025-11-15 16:13:56,247 - INFO - Epoch: 155, Training Loss: 0.0209, Validation Loss: 0.0213
2025-11-15 16:14:09,010 - INFO - Epoch: 156, Training Loss: 0.0209, Validation Loss: 0.0205
2025-11-15 16:14:21,227 - INFO - Epoch: 157, Training Loss: 0.0212, Validation Loss: 0.0196
2025-11-15 16:14:21,228 - INFO - Early stopping triggered at epoch 157
2025-11-15 16:14:21,228 - INFO - Best validation loss: 0.0184
2025-11-15 16:14:21,232 - INFO - Restored best model weights
2025-11-15 16:14:21,232 - INFO - 
============================================================
2025-11-15 16:14:21,232 - INFO - EVALUATION RESULTS
2025-11-15 16:14:21,232 - INFO - ============================================================
2025-11-15 16:14:21,276 - INFO - Validation Set - MSE: 0.019198, MAE: 0.082446, RMSE: 0.138556, Pearson Correlation: 0.582911 (p=0.000000)
2025-11-15 16:14:21,319 - INFO - Test Set - MSE: 0.019146, MAE: 0.081557, RMSE: 0.138371, Pearson Correlation: 0.547496 (p=0.000000)
2025-11-15 16:14:21,319 - INFO - ============================================================

2025-11-15 16:14:21,320 - INFO - CV Fold 3 completed successfully
2025-11-15 16:14:21,320 - INFO - 
--------------------------------------------------------------------------------
2025-11-15 16:14:21,320 - INFO - CV Fold 4
2025-11-15 16:14:21,320 - INFO - --------------------------------------------------------------------------------
2025-11-15 16:14:21,322 - INFO - START TRAINING CV 4 - Task: RGS (FP1/FP2 only)
2025-11-15 16:14:21,322 - INFO - Learning rate: 0.001, Epochs: 500, Batches: 5
2025-11-15 16:14:21,322 - INFO - Loading dataset (FP1/FP2 channels only)...
2025-11-15 16:14:21,333 - INFO - Dataset shapes - Train: (567, 2, 25, 1), Valid: (141, 2, 25, 1), Test: (177, 2, 25, 1)
2025-11-15 16:14:21,334 - INFO - Initializing VIGNet-FP model (2 channels)...
2025-11-15 16:14:21,337 - INFO - Number of batch iterations per epoch: 113
2025-11-15 16:14:35,359 - INFO - Epoch: 1, Training Loss: 0.0381, Validation Loss: 0.0290
2025-11-15 16:14:35,363 - INFO -   → New best validation loss: 0.0290
2025-11-15 16:14:50,726 - INFO - Epoch: 2, Training Loss: 0.0266, Validation Loss: 0.0283
2025-11-15 16:14:50,729 - INFO -   → New best validation loss: 0.0283
2025-11-15 16:15:01,554 - INFO - Epoch: 3, Training Loss: 0.0258, Validation Loss: 0.0276
2025-11-15 16:15:01,555 - INFO -   → New best validation loss: 0.0276
2025-11-15 16:15:14,708 - INFO - Epoch: 4, Training Loss: 0.0259, Validation Loss: 0.0284
2025-11-15 16:15:28,642 - INFO - Epoch: 5, Training Loss: 0.0260, Validation Loss: 0.0296
2025-11-15 16:15:43,791 - INFO - Epoch: 6, Training Loss: 0.0260, Validation Loss: 0.0275
2025-11-15 16:15:43,792 - INFO -   → New best validation loss: 0.0275
2025-11-15 16:15:57,203 - INFO - Epoch: 7, Training Loss: 0.0256, Validation Loss: 0.0274
2025-11-15 16:15:57,204 - INFO -   → New best validation loss: 0.0274
2025-11-15 16:16:09,617 - INFO - Epoch: 8, Training Loss: 0.0257, Validation Loss: 0.0275
2025-11-15 16:16:20,123 - INFO - Epoch: 9, Training Loss: 0.0255, Validation Loss: 0.0277
2025-11-15 16:16:31,597 - INFO - Epoch: 10, Training Loss: 0.0258, Validation Loss: 0.0277
2025-11-15 16:16:42,774 - INFO - Epoch: 11, Training Loss: 0.0256, Validation Loss: 0.0297
2025-11-15 16:16:56,493 - INFO - Epoch: 12, Training Loss: 0.0258, Validation Loss: 0.0278
2025-11-15 16:17:08,965 - INFO - Epoch: 13, Training Loss: 0.0255, Validation Loss: 0.0277
2025-11-15 16:17:20,249 - INFO - Epoch: 14, Training Loss: 0.0255, Validation Loss: 0.0274
2025-11-15 16:17:30,533 - INFO - Epoch: 15, Training Loss: 0.0256, Validation Loss: 0.0286
2025-11-15 16:17:41,775 - INFO - Epoch: 16, Training Loss: 0.0263, Validation Loss: 0.0287
2025-11-15 16:17:53,542 - INFO - Epoch: 17, Training Loss: 0.0255, Validation Loss: 0.0274
2025-11-15 16:18:06,573 - INFO - Epoch: 18, Training Loss: 0.0261, Validation Loss: 0.0281
2025-11-15 16:18:17,790 - INFO - Epoch: 19, Training Loss: 0.0257, Validation Loss: 0.0274
2025-11-15 16:18:31,632 - INFO - Epoch: 20, Training Loss: 0.0256, Validation Loss: 0.0306
2025-11-15 16:18:42,578 - INFO - Epoch: 21, Training Loss: 0.0260, Validation Loss: 0.0288
2025-11-15 16:18:53,970 - INFO - Epoch: 22, Training Loss: 0.0257, Validation Loss: 0.0281
2025-11-15 16:19:07,081 - INFO - Epoch: 23, Training Loss: 0.0258, Validation Loss: 0.0279
2025-11-15 16:19:20,396 - INFO - Epoch: 24, Training Loss: 0.0256, Validation Loss: 0.0300
2025-11-15 16:19:32,396 - INFO - Epoch: 25, Training Loss: 0.0256, Validation Loss: 0.0272
2025-11-15 16:19:32,397 - INFO -   → New best validation loss: 0.0272
2025-11-15 16:19:41,438 - INFO - Epoch: 26, Training Loss: 0.0260, Validation Loss: 0.0288
2025-11-15 16:19:54,766 - INFO - Epoch: 27, Training Loss: 0.0255, Validation Loss: 0.0277
2025-11-15 16:20:06,753 - INFO - Epoch: 28, Training Loss: 0.0252, Validation Loss: 0.0283
2025-11-15 16:20:20,322 - INFO - Epoch: 29, Training Loss: 0.0256, Validation Loss: 0.0275
2025-11-15 16:20:32,646 - INFO - Epoch: 30, Training Loss: 0.0255, Validation Loss: 0.0269
2025-11-15 16:20:32,646 - INFO -   → New best validation loss: 0.0269
2025-11-15 16:20:46,399 - INFO - Epoch: 31, Training Loss: 0.0256, Validation Loss: 0.0269
2025-11-15 16:20:46,402 - INFO -   → New best validation loss: 0.0269
2025-11-15 16:21:01,788 - INFO - Epoch: 32, Training Loss: 0.0255, Validation Loss: 0.0269
2025-11-15 16:21:01,789 - INFO -   → New best validation loss: 0.0269
2025-11-15 16:21:10,348 - INFO - Epoch: 33, Training Loss: 0.0253, Validation Loss: 0.0267
2025-11-15 16:21:10,349 - INFO -   → New best validation loss: 0.0267
2025-11-15 16:21:21,852 - INFO - Epoch: 34, Training Loss: 0.0252, Validation Loss: 0.0272
2025-11-15 16:21:32,502 - INFO - Epoch: 35, Training Loss: 0.0254, Validation Loss: 0.0267
2025-11-15 16:21:32,503 - INFO -   → New best validation loss: 0.0267
2025-11-15 16:21:42,410 - INFO - Epoch: 36, Training Loss: 0.0245, Validation Loss: 0.0267
2025-11-15 16:21:54,571 - INFO - Epoch: 37, Training Loss: 0.0246, Validation Loss: 0.0287
2025-11-15 16:22:06,537 - INFO - Epoch: 38, Training Loss: 0.0242, Validation Loss: 0.0261
2025-11-15 16:22:06,539 - INFO -   → New best validation loss: 0.0261
2025-11-15 16:22:17,471 - INFO - Epoch: 39, Training Loss: 0.0241, Validation Loss: 0.0256
2025-11-15 16:22:17,472 - INFO -   → New best validation loss: 0.0256
2025-11-15 16:22:30,386 - INFO - Epoch: 40, Training Loss: 0.0240, Validation Loss: 0.0254
2025-11-15 16:22:30,386 - INFO -   → New best validation loss: 0.0254
2025-11-15 16:22:39,629 - INFO - Epoch: 41, Training Loss: 0.0243, Validation Loss: 0.0247
2025-11-15 16:22:39,630 - INFO -   → New best validation loss: 0.0247
2025-11-15 16:22:52,584 - INFO - Epoch: 42, Training Loss: 0.0241, Validation Loss: 0.0261
2025-11-15 16:23:05,478 - INFO - Epoch: 43, Training Loss: 0.0246, Validation Loss: 0.0256
2025-11-15 16:23:14,595 - INFO - Epoch: 44, Training Loss: 0.0237, Validation Loss: 0.0256
2025-11-15 16:23:25,336 - INFO - Epoch: 45, Training Loss: 0.0245, Validation Loss: 0.0263
2025-11-15 16:23:37,081 - INFO - Epoch: 46, Training Loss: 0.0237, Validation Loss: 0.0251
2025-11-15 16:23:47,414 - INFO - Epoch: 47, Training Loss: 0.0240, Validation Loss: 0.0247
2025-11-15 16:24:00,123 - INFO - Epoch: 48, Training Loss: 0.0244, Validation Loss: 0.0298
2025-11-15 16:24:16,361 - INFO - Epoch: 49, Training Loss: 0.0231, Validation Loss: 0.0255
2025-11-15 16:24:26,689 - INFO - Epoch: 50, Training Loss: 0.0232, Validation Loss: 0.0261
2025-11-15 16:24:38,144 - INFO - Epoch: 51, Training Loss: 0.0228, Validation Loss: 0.0238
2025-11-15 16:24:38,146 - INFO -   → New best validation loss: 0.0238
2025-11-15 16:24:50,910 - INFO - Epoch: 52, Training Loss: 0.0227, Validation Loss: 0.0252
2025-11-15 16:25:00,786 - INFO - Epoch: 53, Training Loss: 0.0236, Validation Loss: 0.0250
2025-11-15 16:25:10,701 - INFO - Epoch: 54, Training Loss: 0.0229, Validation Loss: 0.0252
2025-11-15 16:25:21,758 - INFO - Epoch: 55, Training Loss: 0.0233, Validation Loss: 0.0340
2025-11-15 16:25:32,787 - INFO - Epoch: 56, Training Loss: 0.0228, Validation Loss: 0.0360
2025-11-15 16:25:43,485 - INFO - Epoch: 57, Training Loss: 0.0227, Validation Loss: 0.0242
2025-11-15 16:25:55,972 - INFO - Epoch: 58, Training Loss: 0.0225, Validation Loss: 0.0255
2025-11-15 16:26:08,547 - INFO - Epoch: 59, Training Loss: 0.0221, Validation Loss: 0.0228
2025-11-15 16:26:08,550 - INFO -   → New best validation loss: 0.0228
2025-11-15 16:26:20,976 - INFO - Epoch: 60, Training Loss: 0.0218, Validation Loss: 0.0233
2025-11-15 16:26:33,391 - INFO - Epoch: 61, Training Loss: 0.0219, Validation Loss: 0.0225
2025-11-15 16:26:33,393 - INFO -   → New best validation loss: 0.0225
2025-11-15 16:26:46,359 - INFO - Epoch: 62, Training Loss: 0.0222, Validation Loss: 0.0275
2025-11-15 16:26:58,527 - INFO - Epoch: 63, Training Loss: 0.0227, Validation Loss: 0.0242
2025-11-15 16:27:10,795 - INFO - Epoch: 64, Training Loss: 0.0233, Validation Loss: 0.0267
2025-11-15 16:27:22,541 - INFO - Epoch: 65, Training Loss: 0.0235, Validation Loss: 0.0257
2025-11-15 16:27:35,855 - INFO - Epoch: 66, Training Loss: 0.0225, Validation Loss: 0.0277
2025-11-15 16:27:48,799 - INFO - Epoch: 67, Training Loss: 0.0229, Validation Loss: 0.0268
2025-11-15 16:28:01,810 - INFO - Epoch: 68, Training Loss: 0.0221, Validation Loss: 0.0234
2025-11-15 16:28:15,046 - INFO - Epoch: 69, Training Loss: 0.0218, Validation Loss: 0.0228
2025-11-15 16:28:26,307 - INFO - Epoch: 70, Training Loss: 0.0229, Validation Loss: 0.0233
2025-11-15 16:28:38,571 - INFO - Epoch: 71, Training Loss: 0.0223, Validation Loss: 0.0238
2025-11-15 16:28:49,077 - INFO - Epoch: 72, Training Loss: 0.0225, Validation Loss: 0.0226
2025-11-15 16:29:00,761 - INFO - Epoch: 73, Training Loss: 0.0223, Validation Loss: 0.0238
2025-11-15 16:29:12,039 - INFO - Epoch: 74, Training Loss: 0.0230, Validation Loss: 0.0229
2025-11-15 16:29:27,005 - INFO - Epoch: 75, Training Loss: 0.0213, Validation Loss: 0.0278
2025-11-15 16:29:39,158 - INFO - Epoch: 76, Training Loss: 0.0218, Validation Loss: 0.0248
2025-11-15 16:29:51,869 - INFO - Epoch: 77, Training Loss: 0.0218, Validation Loss: 0.0237
2025-11-15 16:30:02,454 - INFO - Epoch: 78, Training Loss: 0.0217, Validation Loss: 0.0248
2025-11-15 16:30:14,167 - INFO - Epoch: 79, Training Loss: 0.0218, Validation Loss: 0.0235
2025-11-15 16:30:26,235 - INFO - Epoch: 80, Training Loss: 0.0215, Validation Loss: 0.0258
2025-11-15 16:30:40,202 - INFO - Epoch: 81, Training Loss: 0.0223, Validation Loss: 0.0221
2025-11-15 16:30:40,205 - INFO -   → New best validation loss: 0.0221
2025-11-15 16:30:53,941 - INFO - Epoch: 82, Training Loss: 0.0218, Validation Loss: 0.0225
2025-11-15 16:31:06,411 - INFO - Epoch: 83, Training Loss: 0.0213, Validation Loss: 0.0239
2025-11-15 16:31:19,782 - INFO - Epoch: 84, Training Loss: 0.0214, Validation Loss: 0.0236
2025-11-15 16:31:30,714 - INFO - Epoch: 85, Training Loss: 0.0209, Validation Loss: 0.0255
2025-11-15 16:31:46,476 - INFO - Epoch: 86, Training Loss: 0.0214, Validation Loss: 0.0238
2025-11-15 16:31:57,218 - INFO - Epoch: 87, Training Loss: 0.0216, Validation Loss: 0.0242
2025-11-15 16:32:08,302 - INFO - Epoch: 88, Training Loss: 0.0220, Validation Loss: 0.0229
2025-11-15 16:32:19,136 - INFO - Epoch: 89, Training Loss: 0.0211, Validation Loss: 0.0263
2025-11-15 16:32:32,245 - INFO - Epoch: 90, Training Loss: 0.0209, Validation Loss: 0.0243
2025-11-15 16:32:47,779 - INFO - Epoch: 91, Training Loss: 0.0208, Validation Loss: 0.0217
2025-11-15 16:32:47,779 - INFO -   → New best validation loss: 0.0217
2025-11-15 16:33:00,965 - INFO - Epoch: 92, Training Loss: 0.0210, Validation Loss: 0.0216
2025-11-15 16:33:00,966 - INFO -   → New best validation loss: 0.0216
2025-11-15 16:33:12,381 - INFO - Epoch: 93, Training Loss: 0.0215, Validation Loss: 0.0220
2025-11-15 16:33:25,149 - INFO - Epoch: 94, Training Loss: 0.0209, Validation Loss: 0.0235
2025-11-15 16:33:37,079 - INFO - Epoch: 95, Training Loss: 0.0206, Validation Loss: 0.0230
2025-11-15 16:33:49,005 - INFO - Epoch: 96, Training Loss: 0.0207, Validation Loss: 0.0220
2025-11-15 16:34:01,176 - INFO - Epoch: 97, Training Loss: 0.0213, Validation Loss: 0.0236
2025-11-15 16:34:12,922 - INFO - Epoch: 98, Training Loss: 0.0210, Validation Loss: 0.0235
2025-11-15 16:34:25,136 - INFO - Epoch: 99, Training Loss: 0.0204, Validation Loss: 0.0248
2025-11-15 16:34:36,043 - INFO - Epoch: 100, Training Loss: 0.0207, Validation Loss: 0.0228
2025-11-15 16:34:48,944 - INFO - Epoch: 101, Training Loss: 0.0205, Validation Loss: 0.0223
2025-11-15 16:35:01,657 - INFO - Epoch: 102, Training Loss: 0.0206, Validation Loss: 0.0221
2025-11-15 16:35:16,482 - INFO - Epoch: 103, Training Loss: 0.0212, Validation Loss: 0.0263
2025-11-15 16:35:29,429 - INFO - Epoch: 104, Training Loss: 0.0212, Validation Loss: 0.0237
2025-11-15 16:35:40,914 - INFO - Epoch: 105, Training Loss: 0.0218, Validation Loss: 0.0236
2025-11-15 16:35:51,701 - INFO - Epoch: 106, Training Loss: 0.0210, Validation Loss: 0.0235
2025-11-15 16:36:03,500 - INFO - Epoch: 107, Training Loss: 0.0206, Validation Loss: 0.0219
2025-11-15 16:36:17,851 - INFO - Epoch: 108, Training Loss: 0.0205, Validation Loss: 0.0222
2025-11-15 16:36:29,508 - INFO - Epoch: 109, Training Loss: 0.0214, Validation Loss: 0.0226
2025-11-15 16:36:42,611 - INFO - Epoch: 110, Training Loss: 0.0214, Validation Loss: 0.0220
2025-11-15 16:36:56,057 - INFO - Epoch: 111, Training Loss: 0.0210, Validation Loss: 0.0218
2025-11-15 16:37:07,235 - INFO - Epoch: 112, Training Loss: 0.0204, Validation Loss: 0.0214
2025-11-15 16:37:07,241 - INFO -   → New best validation loss: 0.0214
2025-11-15 16:37:19,178 - INFO - Epoch: 113, Training Loss: 0.0205, Validation Loss: 0.0221
2025-11-15 16:37:32,235 - INFO - Epoch: 114, Training Loss: 0.0203, Validation Loss: 0.0238
2025-11-15 16:37:44,125 - INFO - Epoch: 115, Training Loss: 0.0205, Validation Loss: 0.0237
2025-11-15 16:37:55,813 - INFO - Epoch: 116, Training Loss: 0.0208, Validation Loss: 0.0232
2025-11-15 16:38:06,384 - INFO - Epoch: 117, Training Loss: 0.0211, Validation Loss: 0.0232
2025-11-15 16:38:17,066 - INFO - Epoch: 118, Training Loss: 0.0213, Validation Loss: 0.0223
2025-11-15 16:38:28,659 - INFO - Epoch: 119, Training Loss: 0.0203, Validation Loss: 0.0215
2025-11-15 16:38:42,037 - INFO - Epoch: 120, Training Loss: 0.0204, Validation Loss: 0.0236
2025-11-15 16:38:53,616 - INFO - Epoch: 121, Training Loss: 0.0204, Validation Loss: 0.0208
2025-11-15 16:38:53,616 - INFO -   → New best validation loss: 0.0208
2025-11-15 16:39:05,749 - INFO - Epoch: 122, Training Loss: 0.0203, Validation Loss: 0.0222
2025-11-15 16:39:17,621 - INFO - Epoch: 123, Training Loss: 0.0204, Validation Loss: 0.0205
2025-11-15 16:39:17,621 - INFO -   → New best validation loss: 0.0205
2025-11-15 16:39:26,419 - INFO - Epoch: 124, Training Loss: 0.0197, Validation Loss: 0.0232
2025-11-15 16:39:38,982 - INFO - Epoch: 125, Training Loss: 0.0208, Validation Loss: 0.0209
2025-11-15 16:39:51,329 - INFO - Epoch: 126, Training Loss: 0.0205, Validation Loss: 0.0207
2025-11-15 16:40:04,947 - INFO - Epoch: 127, Training Loss: 0.0200, Validation Loss: 0.0237
2025-11-15 16:40:15,568 - INFO - Epoch: 128, Training Loss: 0.0198, Validation Loss: 0.0218
2025-11-15 16:40:27,816 - INFO - Epoch: 129, Training Loss: 0.0192, Validation Loss: 0.0205
2025-11-15 16:40:27,821 - INFO -   → New best validation loss: 0.0205
2025-11-15 16:40:42,210 - INFO - Epoch: 130, Training Loss: 0.0204, Validation Loss: 0.0213
2025-11-15 16:40:53,677 - INFO - Epoch: 131, Training Loss: 0.0209, Validation Loss: 0.0211
2025-11-15 16:41:04,428 - INFO - Epoch: 132, Training Loss: 0.0212, Validation Loss: 0.0239
2025-11-15 16:41:19,392 - INFO - Epoch: 133, Training Loss: 0.0198, Validation Loss: 0.0248
2025-11-15 16:41:29,158 - INFO - Epoch: 134, Training Loss: 0.0206, Validation Loss: 0.0223
2025-11-15 16:41:41,409 - INFO - Epoch: 135, Training Loss: 0.0208, Validation Loss: 0.0247
2025-11-15 16:41:53,155 - INFO - Epoch: 136, Training Loss: 0.0198, Validation Loss: 0.0223
2025-11-15 16:42:04,386 - INFO - Epoch: 137, Training Loss: 0.0203, Validation Loss: 0.0207
2025-11-15 16:42:15,417 - INFO - Epoch: 138, Training Loss: 0.0200, Validation Loss: 0.0247
2025-11-15 16:42:28,234 - INFO - Epoch: 139, Training Loss: 0.0199, Validation Loss: 0.0206
2025-11-15 16:42:38,935 - INFO - Epoch: 140, Training Loss: 0.0199, Validation Loss: 0.0204
2025-11-15 16:42:38,937 - INFO -   → New best validation loss: 0.0204
2025-11-15 16:42:52,210 - INFO - Epoch: 141, Training Loss: 0.0202, Validation Loss: 0.0210
2025-11-15 16:43:02,960 - INFO - Epoch: 142, Training Loss: 0.0201, Validation Loss: 0.0224
2025-11-15 16:43:13,416 - INFO - Epoch: 143, Training Loss: 0.0202, Validation Loss: 0.0207
2025-11-15 16:43:31,174 - INFO - Epoch: 144, Training Loss: 0.0198, Validation Loss: 0.0209
2025-11-15 16:43:45,944 - INFO - Epoch: 145, Training Loss: 0.0198, Validation Loss: 0.0211
2025-11-15 16:44:01,598 - INFO - Epoch: 146, Training Loss: 0.0197, Validation Loss: 0.0207
2025-11-15 16:44:12,480 - INFO - Epoch: 147, Training Loss: 0.0207, Validation Loss: 0.0205
2025-11-15 16:44:24,172 - INFO - Epoch: 148, Training Loss: 0.0194, Validation Loss: 0.0207
2025-11-15 16:44:37,847 - INFO - Epoch: 149, Training Loss: 0.0195, Validation Loss: 0.0229
2025-11-15 16:44:54,153 - INFO - Epoch: 150, Training Loss: 0.0192, Validation Loss: 0.0223
2025-11-15 16:45:08,586 - INFO - Epoch: 151, Training Loss: 0.0197, Validation Loss: 0.0210
2025-11-15 16:45:23,297 - INFO - Epoch: 152, Training Loss: 0.0183, Validation Loss: 0.0216
2025-11-15 16:45:37,261 - INFO - Epoch: 153, Training Loss: 0.0193, Validation Loss: 0.0203
2025-11-15 16:45:37,263 - INFO -   → New best validation loss: 0.0203
2025-11-15 16:45:49,841 - INFO - Epoch: 154, Training Loss: 0.0200, Validation Loss: 0.0206
2025-11-15 16:46:01,330 - INFO - Epoch: 155, Training Loss: 0.0208, Validation Loss: 0.0209
2025-11-15 16:46:12,622 - INFO - Epoch: 156, Training Loss: 0.0203, Validation Loss: 0.0210
2025-11-15 16:46:24,895 - INFO - Epoch: 157, Training Loss: 0.0194, Validation Loss: 0.0200
2025-11-15 16:46:24,896 - INFO -   → New best validation loss: 0.0200
2025-11-15 16:46:37,411 - INFO - Epoch: 158, Training Loss: 0.0203, Validation Loss: 0.0211
2025-11-15 16:46:49,702 - INFO - Epoch: 159, Training Loss: 0.0190, Validation Loss: 0.0253
2025-11-15 16:47:03,093 - INFO - Epoch: 160, Training Loss: 0.0195, Validation Loss: 0.0222
2025-11-15 16:47:16,984 - INFO - Epoch: 161, Training Loss: 0.0193, Validation Loss: 0.0200
2025-11-15 16:47:16,987 - INFO -   → New best validation loss: 0.0200
2025-11-15 16:47:30,018 - INFO - Epoch: 162, Training Loss: 0.0197, Validation Loss: 0.0206
2025-11-15 16:47:43,006 - INFO - Epoch: 163, Training Loss: 0.0190, Validation Loss: 0.0215
2025-11-15 16:47:50,753 - INFO - Epoch: 164, Training Loss: 0.0197, Validation Loss: 0.0207
2025-11-15 16:48:04,784 - INFO - Epoch: 165, Training Loss: 0.0205, Validation Loss: 0.0212
2025-11-15 16:48:15,056 - INFO - Epoch: 166, Training Loss: 0.0193, Validation Loss: 0.0214
2025-11-15 16:48:28,638 - INFO - Epoch: 167, Training Loss: 0.0198, Validation Loss: 0.0210
2025-11-15 16:48:43,294 - INFO - Epoch: 168, Training Loss: 0.0197, Validation Loss: 0.0204
2025-11-15 16:48:55,338 - INFO - Epoch: 169, Training Loss: 0.0201, Validation Loss: 0.0197
2025-11-15 16:48:55,341 - INFO -   → New best validation loss: 0.0197
2025-11-15 16:49:05,540 - INFO - Epoch: 170, Training Loss: 0.0195, Validation Loss: 0.0217
2025-11-15 16:49:19,371 - INFO - Epoch: 171, Training Loss: 0.0195, Validation Loss: 0.0202
2025-11-15 16:49:29,016 - INFO - Epoch: 172, Training Loss: 0.0189, Validation Loss: 0.0204
2025-11-15 16:49:40,981 - INFO - Epoch: 173, Training Loss: 0.0189, Validation Loss: 0.0196
2025-11-15 16:49:40,982 - INFO -   → New best validation loss: 0.0196
2025-11-15 16:49:55,236 - INFO - Epoch: 174, Training Loss: 0.0205, Validation Loss: 0.0200
2025-11-15 16:50:06,102 - INFO - Epoch: 175, Training Loss: 0.0199, Validation Loss: 0.0223
2025-11-15 16:50:17,051 - INFO - Epoch: 176, Training Loss: 0.0198, Validation Loss: 0.0242
2025-11-15 16:50:30,239 - INFO - Epoch: 177, Training Loss: 0.0193, Validation Loss: 0.0225
2025-11-15 16:50:42,062 - INFO - Epoch: 178, Training Loss: 0.0185, Validation Loss: 0.0266
2025-11-15 16:50:54,447 - INFO - Epoch: 179, Training Loss: 0.0200, Validation Loss: 0.0205
2025-11-15 16:51:06,002 - INFO - Epoch: 180, Training Loss: 0.0199, Validation Loss: 0.0238
2025-11-15 16:51:18,305 - INFO - Epoch: 181, Training Loss: 0.0195, Validation Loss: 0.0204
2025-11-15 16:51:29,744 - INFO - Epoch: 182, Training Loss: 0.0184, Validation Loss: 0.0206
2025-11-15 16:51:40,868 - INFO - Epoch: 183, Training Loss: 0.0196, Validation Loss: 0.0222
2025-11-15 16:51:53,403 - INFO - Epoch: 184, Training Loss: 0.0190, Validation Loss: 0.0217
2025-11-15 16:52:03,379 - INFO - Epoch: 185, Training Loss: 0.0194, Validation Loss: 0.0205
2025-11-15 16:52:14,756 - INFO - Epoch: 186, Training Loss: 0.0196, Validation Loss: 0.0206
2025-11-15 16:52:28,627 - INFO - Epoch: 187, Training Loss: 0.0197, Validation Loss: 0.0332
2025-11-15 16:52:39,033 - INFO - Epoch: 188, Training Loss: 0.0190, Validation Loss: 0.0380
2025-11-15 16:52:52,742 - INFO - Epoch: 189, Training Loss: 0.0192, Validation Loss: 0.0215
2025-11-15 16:53:01,134 - INFO - Epoch: 190, Training Loss: 0.0182, Validation Loss: 0.0212
2025-11-15 16:53:11,535 - INFO - Epoch: 191, Training Loss: 0.0185, Validation Loss: 0.0202
2025-11-15 16:53:25,492 - INFO - Epoch: 192, Training Loss: 0.0202, Validation Loss: 0.0204
2025-11-15 16:53:38,296 - INFO - Epoch: 193, Training Loss: 0.0195, Validation Loss: 0.0291
2025-11-15 16:53:38,296 - INFO - Early stopping triggered at epoch 193
2025-11-15 16:53:38,296 - INFO - Best validation loss: 0.0196
2025-11-15 16:53:38,299 - INFO - Restored best model weights
2025-11-15 16:53:38,299 - INFO - 
============================================================
2025-11-15 16:53:38,300 - INFO - EVALUATION RESULTS
2025-11-15 16:53:38,300 - INFO - ============================================================
2025-11-15 16:53:38,343 - INFO - Validation Set - MSE: 0.022021, MAE: 0.080837, RMSE: 0.148395, Pearson Correlation: 0.528937 (p=0.000000)
2025-11-15 16:53:38,386 - INFO - Test Set - MSE: 0.025426, MAE: 0.082881, RMSE: 0.159454, Pearson Correlation: 0.599397 (p=0.000000)
2025-11-15 16:53:38,386 - INFO - ============================================================

2025-11-15 16:53:38,386 - INFO - CV Fold 4 completed successfully
2025-11-15 16:53:38,386 - INFO - 
================================================================================
2025-11-15 16:53:38,386 - INFO - CROSS-VALIDATION SUMMARY - TRIAL 2
2025-11-15 16:53:38,386 - INFO - ================================================================================
2025-11-15 16:53:38,386 - INFO - Validation Set (Average across 5 CV folds):
2025-11-15 16:53:38,386 - INFO -   MSE: 0.024315 ± 0.003265
2025-11-15 16:53:38,386 - INFO -   MAE: 0.092259 ± 0.011835
2025-11-15 16:53:38,386 - INFO -   RMSE: 0.155568 ± 0.010671
2025-11-15 16:53:38,386 - INFO -   Pearson Correlation: 0.332045 ± 0.289071
2025-11-15 16:53:38,386 - INFO - 
Test Set (Average across 5 CV folds):
2025-11-15 16:53:38,386 - INFO -   MSE: 0.023913 ± 0.008674
2025-11-15 16:53:38,386 - INFO -   MAE: 0.087790 ± 0.014208
2025-11-15 16:53:38,386 - INFO -   RMSE: 0.151577 ± 0.030611
2025-11-15 16:53:38,386 - INFO -   Pearson Correlation: 0.307613 ± 0.290727
2025-11-15 16:53:38,387 - INFO - ================================================================================
2025-11-15 16:53:38,387 - INFO - ================================================================================
2025-11-15 16:53:38,387 - INFO - Trial 2 completed. End time: 2025-11-15 16:53:38
2025-11-15 16:53:38,387 - INFO - ================================================================================
