2025-11-16 19:18:43,462 - ================================================================================
2025-11-16 19:18:43,462 - SEED-VIG Training Summary (FP1/FP2 channels only, de_LDS_f21-25, no CV)
2025-11-16 19:18:43,462 - Start time: 2025-11-16 19:18:43
2025-11-16 19:18:43,462 - Features: de_LDS_f21-25 (41Hz, 43Hz, 45Hz, 47Hz, 49Hz)
2025-11-16 19:18:43,462 - Data split: 70% train / 15% validation / 15% test
2025-11-16 19:18:43,462 - ================================================================================
2025-11-16 19:18:43,462 - Starting Trial 1
2025-11-16 19:27:29,351 -   Trial 1 completed successfully
2025-11-16 19:27:29,351 -   Trial 1 - Test MSE: 0.005807, Test RMSE: 0.076203, Test Correlation: 0.967473
2025-11-16 19:27:29,351 - Starting Trial 2
2025-11-16 19:42:48,728 -   Trial 2 completed successfully
2025-11-16 19:42:48,728 -   Trial 2 - Test MSE: 0.003211, Test RMSE: 0.056664, Test Correlation: 0.949011
2025-11-16 19:42:48,729 - Starting Trial 3
2025-11-16 19:56:33,277 -   Trial 3 completed successfully
2025-11-16 19:56:33,277 -   Trial 3 - Test MSE: 0.008589, Test RMSE: 0.092677, Test Correlation: 0.834165
2025-11-16 19:56:33,278 - Starting Trial 4
2025-11-16 20:20:10,907 -   Trial 4 completed successfully
2025-11-16 20:20:10,907 -   Trial 4 - Test MSE: 0.004452, Test RMSE: 0.066727, Test Correlation: 0.942383
2025-11-16 20:20:10,908 - Starting Trial 5
2025-11-16 20:39:45,454 -   Trial 5 completed successfully
2025-11-16 20:39:45,454 -   Trial 5 - Test MSE: 0.017195, Test RMSE: 0.131130, Test Correlation: 0.927984
2025-11-16 20:39:45,454 - Starting Trial 6
2025-11-16 21:04:22,194 -   Trial 6 completed successfully
2025-11-16 21:04:22,194 -   Trial 6 - Test MSE: 0.001736, Test RMSE: 0.041668, Test Correlation: 0.946078
2025-11-16 21:04:22,194 - Starting Trial 7
2025-11-16 21:32:05,869 -   Trial 7 completed successfully
2025-11-16 21:32:05,869 -   Trial 7 - Test MSE: 0.002411, Test RMSE: 0.049102, Test Correlation: 0.916898
2025-11-16 21:32:05,870 - Starting Trial 8
2025-11-16 21:53:01,080 -   Trial 8 completed successfully
2025-11-16 21:53:01,080 -   Trial 8 - Test MSE: 0.006452, Test RMSE: 0.080327, Test Correlation: 0.951149
2025-11-16 21:53:01,080 - Starting Trial 9
2025-11-16 22:14:29,555 -   Trial 9 completed successfully
2025-11-16 22:14:29,555 -   Trial 9 - Test MSE: 0.003346, Test RMSE: 0.057844, Test Correlation: 0.899864
2025-11-16 22:14:29,556 - Starting Trial 10
2025-11-16 22:28:02,561 -   Trial 10 completed successfully
2025-11-16 22:28:02,561 -   Trial 10 - Test MSE: 0.009318, Test RMSE: 0.096532, Test Correlation: 0.758653
2025-11-16 22:28:02,562 - Starting Trial 11
2025-11-16 22:52:00,123 -   Trial 11 completed successfully
2025-11-16 22:52:00,123 -   Trial 11 - Test MSE: 0.006724, Test RMSE: 0.082001, Test Correlation: 0.804422
2025-11-16 22:52:00,123 - Starting Trial 12
2025-11-16 22:56:27,284 -   Trial 12 completed successfully
2025-11-16 22:56:27,284 -   Trial 12 - Test MSE: 0.011520, Test RMSE: 0.107333, Test Correlation: 0.960193
2025-11-16 22:56:27,285 - Starting Trial 13
2025-11-16 23:05:46,207 -   Trial 13 completed successfully
2025-11-16 23:05:46,207 -   Trial 13 - Test MSE: 0.006201, Test RMSE: 0.078748, Test Correlation: 0.921627
2025-11-16 23:05:46,208 - Starting Trial 14
2025-11-16 23:25:09,233 -   Trial 14 completed successfully
2025-11-16 23:25:09,233 -   Trial 14 - Test MSE: 0.012052, Test RMSE: 0.109779, Test Correlation: 0.882476
2025-11-16 23:25:09,233 - Starting Trial 15
2025-11-16 23:55:24,159 -   Trial 15 completed successfully
2025-11-16 23:55:24,159 -   Trial 15 - Test MSE: 0.008655, Test RMSE: 0.093032, Test Correlation: 0.852249
2025-11-16 23:55:24,160 - Starting Trial 16
2025-11-17 00:24:48,975 -   Trial 16 completed successfully
2025-11-17 00:24:48,975 -   Trial 16 - Test MSE: 0.020036, Test RMSE: 0.141548, Test Correlation: 0.906620
2025-11-17 00:24:48,975 - Starting Trial 17
2025-11-17 00:41:19,802 -   Trial 17 completed successfully
2025-11-17 00:41:19,802 -   Trial 17 - Test MSE: 0.001898, Test RMSE: 0.043569, Test Correlation: 0.983593
2025-11-17 00:41:19,803 - Starting Trial 18
2025-11-17 00:59:48,972 -   Trial 18 completed successfully
2025-11-17 00:59:48,972 -   Trial 18 - Test MSE: 0.020276, Test RMSE: 0.142395, Test Correlation: 0.909158
2025-11-17 00:59:48,973 - Starting Trial 19
2025-11-17 01:26:32,168 -   Trial 19 completed successfully
2025-11-17 01:26:32,168 -   Trial 19 - Test MSE: 0.002119, Test RMSE: 0.046027, Test Correlation: 0.920825
2025-11-17 01:26:32,168 - Starting Trial 20
2025-11-17 01:34:30,315 -   Trial 20 completed successfully
2025-11-17 01:34:30,315 -   Trial 20 - Test MSE: 0.024162, Test RMSE: 0.155443, Test Correlation: 0.905200
2025-11-17 01:34:30,315 - Starting Trial 21
2025-11-17 02:04:22,083 -   Trial 21 completed successfully
2025-11-17 02:04:22,083 -   Trial 21 - Test MSE: 0.014743, Test RMSE: 0.121421, Test Correlation: 0.929327
2025-11-17 02:04:22,083 - ================================================================================
2025-11-17 02:04:22,083 - All training completed. End time: 2025-11-17 02:04:22
2025-11-17 02:04:22,083 - Total duration: 6:45:38.621765
2025-11-17 02:04:22,083 - ================================================================================
