2025-11-16 17:54:23,445 - INFO - ================================================================================
2025-11-16 17:54:23,445 - INFO - TRIAL 2 - Task: RGS (FP1/FP2 only, de_LDS_f21-25, no CV)
2025-11-16 17:54:23,445 - INFO - Log file: ./logs_fp_f21_25/trial2_RGS_20251116_175423.log
2025-11-16 17:54:23,445 - INFO - Start time: 2025-11-16 17:54:23
2025-11-16 17:54:23,445 - INFO - ================================================================================
2025-11-16 17:54:23,832 - INFO - START TRAINING - Task: RGS (FP1/FP2 only, de_LDS_f21-25, no CV)
2025-11-16 17:54:23,832 - INFO - Features: de_LDS_f21-25 (41Hz, 43Hz, 45Hz, 47Hz, 49Hz)
2025-11-16 17:54:23,832 - INFO - Learning rate: 0.005, Epochs: 500, Batches: 8
2025-11-16 17:54:23,832 - INFO - Data split: 70% train / 15% validation / 15% test
2025-11-16 17:54:23,832 - INFO - Loading dataset (FP1/FP2 channels, de_LDS_f21-25 only, fixed split)...
2025-11-16 17:54:23,844 - INFO - Dataset shapes - Train: (616, 2, 5, 1), Valid: (130, 2, 5, 1), Test: (139, 2, 5, 1)
2025-11-16 17:54:23,844 - INFO - Applied feature normalization (StandardScaler)
2025-11-16 17:54:23,846 - INFO - Initializing VIGNet-FP model (2 channels, 5 frequency features)...
2025-11-16 17:54:23,905 - INFO - Number of batch iterations per epoch: 77
2025-11-16 17:54:30,140 - INFO - Epoch: 1, Training Loss: 0.0320, Validation Loss: 0.0255
2025-11-16 17:54:30,141 - INFO -   → New best validation loss: 0.0255
2025-11-16 17:54:35,777 - INFO - Epoch: 2, Training Loss: 0.0256, Validation Loss: 0.0272
2025-11-16 17:54:41,690 - INFO - Epoch: 3, Training Loss: 0.0256, Validation Loss: 0.0317
2025-11-16 17:54:47,834 - INFO - Epoch: 4, Training Loss: 0.0260, Validation Loss: 0.0239
2025-11-16 17:54:47,835 - INFO -   → New best validation loss: 0.0239
2025-11-16 17:54:53,839 - INFO - Epoch: 5, Training Loss: 0.0252, Validation Loss: 0.0243
2025-11-16 17:55:00,582 - INFO - Epoch: 6, Training Loss: 0.0245, Validation Loss: 0.0237
2025-11-16 17:55:00,583 - INFO -   → New best validation loss: 0.0237
2025-11-16 17:55:06,363 - INFO - Epoch: 7, Training Loss: 0.0246, Validation Loss: 0.0231
2025-11-16 17:55:06,364 - INFO -   → New best validation loss: 0.0231
2025-11-16 17:55:12,086 - INFO - Epoch: 8, Training Loss: 0.0245, Validation Loss: 0.0237
2025-11-16 17:55:18,218 - INFO - Epoch: 9, Training Loss: 0.0243, Validation Loss: 0.0238
2025-11-16 17:55:24,471 - INFO - Epoch: 10, Training Loss: 0.0247, Validation Loss: 0.0230
2025-11-16 17:55:24,472 - INFO -   → New best validation loss: 0.0230
2025-11-16 17:55:29,890 - INFO - Epoch: 11, Training Loss: 0.0238, Validation Loss: 0.0226
2025-11-16 17:55:29,891 - INFO -   → New best validation loss: 0.0226
2025-11-16 17:55:36,176 - INFO - Epoch: 12, Training Loss: 0.0237, Validation Loss: 0.0229
2025-11-16 17:55:42,147 - INFO - Epoch: 13, Training Loss: 0.0234, Validation Loss: 0.0208
2025-11-16 17:55:42,148 - INFO -   → New best validation loss: 0.0208
2025-11-16 17:55:47,798 - INFO - Epoch: 14, Training Loss: 0.0220, Validation Loss: 0.0202
2025-11-16 17:55:47,799 - INFO -   → New best validation loss: 0.0202
2025-11-16 17:55:53,812 - INFO - Epoch: 15, Training Loss: 0.0210, Validation Loss: 0.0264
2025-11-16 17:55:59,479 - INFO - Epoch: 16, Training Loss: 0.0220, Validation Loss: 0.0184
2025-11-16 17:55:59,480 - INFO -   → New best validation loss: 0.0184
2025-11-16 17:56:05,629 - INFO - Epoch: 17, Training Loss: 0.0195, Validation Loss: 0.0156
2025-11-16 17:56:05,630 - INFO -   → New best validation loss: 0.0156
2025-11-16 17:56:11,096 - INFO - Epoch: 18, Training Loss: 0.0184, Validation Loss: 0.0148
2025-11-16 17:56:11,097 - INFO -   → New best validation loss: 0.0148
2025-11-16 17:56:16,563 - INFO - Epoch: 19, Training Loss: 0.0174, Validation Loss: 0.0154
2025-11-16 17:56:22,227 - INFO - Epoch: 20, Training Loss: 0.0163, Validation Loss: 0.0173
2025-11-16 17:56:28,363 - INFO - Epoch: 21, Training Loss: 0.0150, Validation Loss: 0.0122
2025-11-16 17:56:28,364 - INFO -   → New best validation loss: 0.0122
2025-11-16 17:56:34,329 - INFO - Epoch: 22, Training Loss: 0.0163, Validation Loss: 0.0141
2025-11-16 17:56:40,774 - INFO - Epoch: 23, Training Loss: 0.0142, Validation Loss: 0.0149
2025-11-16 17:56:47,847 - INFO - Epoch: 24, Training Loss: 0.0130, Validation Loss: 0.0119
2025-11-16 17:56:47,848 - INFO -   → New best validation loss: 0.0119
2025-11-16 17:56:54,321 - INFO - Epoch: 25, Training Loss: 0.0129, Validation Loss: 0.0150
2025-11-16 17:57:00,222 - INFO - Epoch: 26, Training Loss: 0.0140, Validation Loss: 0.0124
2025-11-16 17:57:06,695 - INFO - Epoch: 27, Training Loss: 0.0114, Validation Loss: 0.0201
2025-11-16 17:57:12,853 - INFO - Epoch: 28, Training Loss: 0.0116, Validation Loss: 0.0116
2025-11-16 17:57:12,854 - INFO -   → New best validation loss: 0.0116
2025-11-16 17:57:18,726 - INFO - Epoch: 29, Training Loss: 0.0108, Validation Loss: 0.0098
2025-11-16 17:57:18,727 - INFO -   → New best validation loss: 0.0098
2025-11-16 17:57:24,914 - INFO - Epoch: 30, Training Loss: 0.0101, Validation Loss: 0.0092
2025-11-16 17:57:24,915 - INFO -   → New best validation loss: 0.0092
2025-11-16 17:57:30,567 - INFO - Epoch: 31, Training Loss: 0.0091, Validation Loss: 0.0082
2025-11-16 17:57:30,568 - INFO -   → New best validation loss: 0.0082
2025-11-16 17:57:37,207 - INFO - Epoch: 32, Training Loss: 0.0093, Validation Loss: 0.0075
2025-11-16 17:57:37,208 - INFO -   → New best validation loss: 0.0075
2025-11-16 17:57:42,754 - INFO - Epoch: 33, Training Loss: 0.0086, Validation Loss: 0.0077
2025-11-16 17:57:48,285 - INFO - Epoch: 34, Training Loss: 0.0088, Validation Loss: 0.0074
2025-11-16 17:57:48,289 - INFO -   → New best validation loss: 0.0074
2025-11-16 17:57:54,493 - INFO - Epoch: 35, Training Loss: 0.0073, Validation Loss: 0.0074
2025-11-16 17:57:54,494 - INFO -   → New best validation loss: 0.0074
2025-11-16 17:58:00,255 - INFO - Epoch: 36, Training Loss: 0.0072, Validation Loss: 0.0089
2025-11-16 17:58:05,996 - INFO - Epoch: 37, Training Loss: 0.0070, Validation Loss: 0.0089
2025-11-16 17:58:11,839 - INFO - Epoch: 38, Training Loss: 0.0076, Validation Loss: 0.0056
2025-11-16 17:58:11,840 - INFO -   → New best validation loss: 0.0056
2025-11-16 17:58:17,465 - INFO - Epoch: 39, Training Loss: 0.0063, Validation Loss: 0.0049
2025-11-16 17:58:17,466 - INFO -   → New best validation loss: 0.0049
2025-11-16 17:58:23,070 - INFO - Epoch: 40, Training Loss: 0.0064, Validation Loss: 0.0066
2025-11-16 17:58:29,407 - INFO - Epoch: 41, Training Loss: 0.0088, Validation Loss: 0.0060
2025-11-16 17:58:35,454 - INFO - Epoch: 42, Training Loss: 0.0062, Validation Loss: 0.0059
2025-11-16 17:58:40,715 - INFO - Epoch: 43, Training Loss: 0.0061, Validation Loss: 0.0071
2025-11-16 17:58:45,972 - INFO - Epoch: 44, Training Loss: 0.0062, Validation Loss: 0.0059
2025-11-16 17:58:51,574 - INFO - Epoch: 45, Training Loss: 0.0061, Validation Loss: 0.0064
2025-11-16 17:58:58,257 - INFO - Epoch: 46, Training Loss: 0.0051, Validation Loss: 0.0045
2025-11-16 17:58:58,258 - INFO -   → New best validation loss: 0.0045
2025-11-16 17:59:04,924 - INFO - Epoch: 47, Training Loss: 0.0053, Validation Loss: 0.0071
2025-11-16 17:59:10,588 - INFO - Epoch: 48, Training Loss: 0.0055, Validation Loss: 0.0041
2025-11-16 17:59:10,589 - INFO -   → New best validation loss: 0.0041
2025-11-16 17:59:16,319 - INFO - Epoch: 49, Training Loss: 0.0045, Validation Loss: 0.0058
2025-11-16 17:59:21,813 - INFO - Epoch: 50, Training Loss: 0.0045, Validation Loss: 0.0080
2025-11-16 17:59:27,221 - INFO - Epoch: 51, Training Loss: 0.0043, Validation Loss: 0.0222
2025-11-16 17:59:33,074 - INFO - Epoch: 52, Training Loss: 0.0052, Validation Loss: 0.0053
2025-11-16 17:59:39,159 - INFO - Epoch: 53, Training Loss: 0.0044, Validation Loss: 0.0045
2025-11-16 17:59:45,094 - INFO - Epoch: 54, Training Loss: 0.0054, Validation Loss: 0.0032
2025-11-16 17:59:45,096 - INFO -   → New best validation loss: 0.0032
2025-11-16 17:59:51,347 - INFO - Epoch: 55, Training Loss: 0.0043, Validation Loss: 0.0030
2025-11-16 17:59:51,348 - INFO -   → New best validation loss: 0.0030
2025-11-16 17:59:56,809 - INFO - Epoch: 56, Training Loss: 0.0042, Validation Loss: 0.0070
2025-11-16 18:00:02,700 - INFO - Epoch: 57, Training Loss: 0.0038, Validation Loss: 0.0048
2025-11-16 18:00:08,500 - INFO - Epoch: 58, Training Loss: 0.0041, Validation Loss: 0.0044
2025-11-16 18:00:14,220 - INFO - Epoch: 59, Training Loss: 0.0041, Validation Loss: 0.0061
2025-11-16 18:00:20,113 - INFO - Epoch: 60, Training Loss: 0.0035, Validation Loss: 0.0052
2025-11-16 18:00:26,412 - INFO - Epoch: 61, Training Loss: 0.0036, Validation Loss: 0.0054
2025-11-16 18:00:32,248 - INFO - Epoch: 62, Training Loss: 0.0034, Validation Loss: 0.0033
2025-11-16 18:00:38,089 - INFO - Epoch: 63, Training Loss: 0.0034, Validation Loss: 0.0044
2025-11-16 18:00:43,777 - INFO - Epoch: 64, Training Loss: 0.0038, Validation Loss: 0.0033
2025-11-16 18:00:49,902 - INFO - Epoch: 65, Training Loss: 0.0036, Validation Loss: 0.0034
2025-11-16 18:00:56,045 - INFO - Epoch: 66, Training Loss: 0.0033, Validation Loss: 0.0043
2025-11-16 18:01:02,304 - INFO - Epoch: 67, Training Loss: 0.0041, Validation Loss: 0.0033
2025-11-16 18:01:07,723 - INFO - Epoch: 68, Training Loss: 0.0036, Validation Loss: 0.0068
2025-11-16 18:01:13,836 - INFO - Epoch: 69, Training Loss: 0.0074, Validation Loss: 0.0029
2025-11-16 18:01:13,838 - INFO -   → New best validation loss: 0.0029
2025-11-16 18:01:20,177 - INFO - Epoch: 70, Training Loss: 0.0030, Validation Loss: 0.0029
2025-11-16 18:01:26,196 - INFO - Epoch: 71, Training Loss: 0.0035, Validation Loss: 0.0042
2025-11-16 18:01:31,926 - INFO - Epoch: 72, Training Loss: 0.0032, Validation Loss: 0.0022
2025-11-16 18:01:31,926 - INFO -   → New best validation loss: 0.0022
2025-11-16 18:01:37,663 - INFO - Epoch: 73, Training Loss: 0.0025, Validation Loss: 0.0050
2025-11-16 18:01:43,197 - INFO - Epoch: 74, Training Loss: 0.0039, Validation Loss: 0.0037
2025-11-16 18:01:48,841 - INFO - Epoch: 75, Training Loss: 0.0034, Validation Loss: 0.0061
2025-11-16 18:01:54,707 - INFO - Epoch: 76, Training Loss: 0.0068, Validation Loss: 0.0452
2025-11-16 18:02:01,610 - INFO - Epoch: 77, Training Loss: 0.0029, Validation Loss: 0.0022
2025-11-16 18:02:01,611 - INFO -   → New best validation loss: 0.0022
2025-11-16 18:02:07,902 - INFO - Epoch: 78, Training Loss: 0.0031, Validation Loss: 0.0051
2025-11-16 18:02:13,661 - INFO - Epoch: 79, Training Loss: 0.0027, Validation Loss: 0.0023
2025-11-16 18:02:19,408 - INFO - Epoch: 80, Training Loss: 0.0028, Validation Loss: 0.0035
2025-11-16 18:02:24,671 - INFO - Epoch: 81, Training Loss: 0.0026, Validation Loss: 0.0018
2025-11-16 18:02:24,672 - INFO -   → New best validation loss: 0.0018
2025-11-16 18:02:30,430 - INFO - Epoch: 82, Training Loss: 0.0032, Validation Loss: 0.0022
2025-11-16 18:02:35,951 - INFO - Epoch: 83, Training Loss: 0.0039, Validation Loss: 0.0018
2025-11-16 18:02:35,952 - INFO -   → New best validation loss: 0.0018
2025-11-16 18:02:42,250 - INFO - Epoch: 84, Training Loss: 0.0031, Validation Loss: 0.0023
2025-11-16 18:02:48,355 - INFO - Epoch: 85, Training Loss: 0.0026, Validation Loss: 0.0022
2025-11-16 18:02:54,020 - INFO - Epoch: 86, Training Loss: 0.0029, Validation Loss: 0.0025
2025-11-16 18:02:59,684 - INFO - Epoch: 87, Training Loss: 0.0031, Validation Loss: 0.0026
2025-11-16 18:03:05,906 - INFO - Epoch: 88, Training Loss: 0.0027, Validation Loss: 0.0026
2025-11-16 18:03:12,153 - INFO - Epoch: 89, Training Loss: 0.0033, Validation Loss: 0.0027
2025-11-16 18:03:18,310 - INFO - Epoch: 90, Training Loss: 0.0026, Validation Loss: 0.0018
2025-11-16 18:03:18,311 - INFO -   → New best validation loss: 0.0018
2025-11-16 18:03:25,354 - INFO - Epoch: 91, Training Loss: 0.0031, Validation Loss: 0.0029
2025-11-16 18:03:31,676 - INFO - Epoch: 92, Training Loss: 0.0023, Validation Loss: 0.0020
2025-11-16 18:03:38,210 - INFO - Epoch: 93, Training Loss: 0.0030, Validation Loss: 0.0018
2025-11-16 18:03:43,974 - INFO - Epoch: 94, Training Loss: 0.0026, Validation Loss: 0.0018
2025-11-16 18:03:50,365 - INFO - Epoch: 95, Training Loss: 0.0027, Validation Loss: 0.0018
2025-11-16 18:03:55,919 - INFO - Epoch: 96, Training Loss: 0.0022, Validation Loss: 0.0020
2025-11-16 18:04:01,998 - INFO - Epoch: 97, Training Loss: 0.0025, Validation Loss: 0.0027
2025-11-16 18:04:07,918 - INFO - Epoch: 98, Training Loss: 0.0026, Validation Loss: 0.0025
2025-11-16 18:04:14,620 - INFO - Epoch: 99, Training Loss: 0.0025, Validation Loss: 0.0027
2025-11-16 18:04:20,021 - INFO - Epoch: 100, Training Loss: 0.0021, Validation Loss: 0.0016
2025-11-16 18:04:20,022 - INFO -   → New best validation loss: 0.0016
2025-11-16 18:04:25,810 - INFO - Epoch: 101, Training Loss: 0.0026, Validation Loss: 0.0010
2025-11-16 18:04:25,811 - INFO -   → New best validation loss: 0.0010
2025-11-16 18:04:31,658 - INFO - Epoch: 102, Training Loss: 0.0026, Validation Loss: 0.0025
2025-11-16 18:04:38,038 - INFO - Epoch: 103, Training Loss: 0.0027, Validation Loss: 0.0034
2025-11-16 18:04:43,938 - INFO - Epoch: 104, Training Loss: 0.0022, Validation Loss: 0.0039
2025-11-16 18:04:50,079 - INFO - Epoch: 105, Training Loss: 0.0021, Validation Loss: 0.0017
2025-11-16 18:04:56,456 - INFO - Epoch: 106, Training Loss: 0.0019, Validation Loss: 0.0017
2025-11-16 18:05:02,600 - INFO - Epoch: 107, Training Loss: 0.0020, Validation Loss: 0.0017
2025-11-16 18:05:08,570 - INFO - Epoch: 108, Training Loss: 0.0022, Validation Loss: 0.0019
2025-11-16 18:05:14,286 - INFO - Epoch: 109, Training Loss: 0.0025, Validation Loss: 0.0016
2025-11-16 18:05:19,777 - INFO - Epoch: 110, Training Loss: 0.0022, Validation Loss: 0.0013
2025-11-16 18:05:25,727 - INFO - Epoch: 111, Training Loss: 0.0021, Validation Loss: 0.0016
2025-11-16 18:05:31,598 - INFO - Epoch: 112, Training Loss: 0.0023, Validation Loss: 0.0020
2025-11-16 18:05:37,342 - INFO - Epoch: 113, Training Loss: 0.0028, Validation Loss: 0.0023
2025-11-16 18:05:43,607 - INFO - Epoch: 114, Training Loss: 0.0024, Validation Loss: 0.0023
2025-11-16 18:05:49,808 - INFO - Epoch: 115, Training Loss: 0.0021, Validation Loss: 0.0024
2025-11-16 18:05:55,788 - INFO - Epoch: 116, Training Loss: 0.0027, Validation Loss: 0.0024
2025-11-16 18:06:01,905 - INFO - Epoch: 117, Training Loss: 0.0023, Validation Loss: 0.0032
2025-11-16 18:06:08,408 - INFO - Epoch: 118, Training Loss: 0.0033, Validation Loss: 0.0040
2025-11-16 18:06:13,988 - INFO - Epoch: 119, Training Loss: 0.0025, Validation Loss: 0.0033
2025-11-16 18:06:20,202 - INFO - Epoch: 120, Training Loss: 0.0021, Validation Loss: 0.0022
2025-11-16 18:06:26,335 - INFO - Epoch: 121, Training Loss: 0.0018, Validation Loss: 0.0009
2025-11-16 18:06:26,336 - INFO -   → New best validation loss: 0.0009
2025-11-16 18:06:31,958 - INFO - Epoch: 122, Training Loss: 0.0018, Validation Loss: 0.0018
2025-11-16 18:06:37,668 - INFO - Epoch: 123, Training Loss: 0.0021, Validation Loss: 0.0026
2025-11-16 18:06:43,385 - INFO - Epoch: 124, Training Loss: 0.0026, Validation Loss: 0.0018
2025-11-16 18:06:49,326 - INFO - Epoch: 125, Training Loss: 0.0019, Validation Loss: 0.0014
2025-11-16 18:06:55,105 - INFO - Epoch: 126, Training Loss: 0.0018, Validation Loss: 0.0020
2025-11-16 18:07:01,154 - INFO - Epoch: 127, Training Loss: 0.0016, Validation Loss: 0.0014
2025-11-16 18:07:06,610 - INFO - Epoch: 128, Training Loss: 0.0020, Validation Loss: 0.0014
2025-11-16 18:07:12,513 - INFO - Epoch: 129, Training Loss: 0.0022, Validation Loss: 0.0027
2025-11-16 18:07:18,401 - INFO - Epoch: 130, Training Loss: 0.0023, Validation Loss: 0.0019
2025-11-16 18:07:24,587 - INFO - Epoch: 131, Training Loss: 0.0019, Validation Loss: 0.0014
2025-11-16 18:07:31,131 - INFO - Epoch: 132, Training Loss: 0.0018, Validation Loss: 0.0012
2025-11-16 18:07:37,097 - INFO - Epoch: 133, Training Loss: 0.0023, Validation Loss: 0.0063
2025-11-16 18:07:44,017 - INFO - Epoch: 134, Training Loss: 0.0023, Validation Loss: 0.0021
2025-11-16 18:07:50,698 - INFO - Epoch: 135, Training Loss: 0.0018, Validation Loss: 0.0012
2025-11-16 18:07:56,503 - INFO - Epoch: 136, Training Loss: 0.0020, Validation Loss: 0.0021
2025-11-16 18:08:02,545 - INFO - Epoch: 137, Training Loss: 0.0017, Validation Loss: 0.0011
2025-11-16 18:08:08,399 - INFO - Epoch: 138, Training Loss: 0.0020, Validation Loss: 0.0018
2025-11-16 18:08:15,077 - INFO - Epoch: 139, Training Loss: 0.0018, Validation Loss: 0.0013
2025-11-16 18:08:21,673 - INFO - Epoch: 140, Training Loss: 0.0017, Validation Loss: 0.0013
2025-11-16 18:08:27,827 - INFO - Epoch: 141, Training Loss: 0.0033, Validation Loss: 0.0019
2025-11-16 18:08:34,386 - INFO - Epoch: 142, Training Loss: 0.0020, Validation Loss: 0.0016
2025-11-16 18:08:40,060 - INFO - Epoch: 143, Training Loss: 0.0023, Validation Loss: 0.0016
2025-11-16 18:08:46,707 - INFO - Epoch: 144, Training Loss: 0.0017, Validation Loss: 0.0029
2025-11-16 18:08:52,862 - INFO - Epoch: 145, Training Loss: 0.0016, Validation Loss: 0.0008
2025-11-16 18:08:52,864 - INFO -   → New best validation loss: 0.0008
2025-11-16 18:08:58,926 - INFO - Epoch: 146, Training Loss: 0.0044, Validation Loss: 0.0017
2025-11-16 18:09:04,338 - INFO - Epoch: 147, Training Loss: 0.0022, Validation Loss: 0.0015
2025-11-16 18:09:09,638 - INFO - Epoch: 148, Training Loss: 0.0021, Validation Loss: 0.0052
2025-11-16 18:09:15,345 - INFO - Epoch: 149, Training Loss: 0.0023, Validation Loss: 0.0016
2025-11-16 18:09:21,201 - INFO - Epoch: 150, Training Loss: 0.0017, Validation Loss: 0.0011
2025-11-16 18:09:27,330 - INFO - Epoch: 151, Training Loss: 0.0016, Validation Loss: 0.0014
2025-11-16 18:09:32,961 - INFO - Epoch: 152, Training Loss: 0.0018, Validation Loss: 0.0026
2025-11-16 18:09:38,749 - INFO - Epoch: 153, Training Loss: 0.0026, Validation Loss: 0.0029
2025-11-16 18:09:44,743 - INFO - Epoch: 154, Training Loss: 0.0034, Validation Loss: 0.0018
2025-11-16 18:09:50,632 - INFO - Epoch: 155, Training Loss: 0.0018, Validation Loss: 0.0015
2025-11-16 18:09:56,750 - INFO - Epoch: 156, Training Loss: 0.0018, Validation Loss: 0.0016
2025-11-16 18:10:02,889 - INFO - Epoch: 157, Training Loss: 0.0019, Validation Loss: 0.0017
2025-11-16 18:10:08,743 - INFO - Epoch: 158, Training Loss: 0.0017, Validation Loss: 0.0019
2025-11-16 18:10:15,096 - INFO - Epoch: 159, Training Loss: 0.0019, Validation Loss: 0.0015
2025-11-16 18:10:21,293 - INFO - Epoch: 160, Training Loss: 0.0021, Validation Loss: 0.0021
2025-11-16 18:10:27,235 - INFO - Epoch: 161, Training Loss: 0.0020, Validation Loss: 0.0025
2025-11-16 18:10:33,197 - INFO - Epoch: 162, Training Loss: 0.0017, Validation Loss: 0.0017
2025-11-16 18:10:38,953 - INFO - Epoch: 163, Training Loss: 0.0018, Validation Loss: 0.0016
2025-11-16 18:10:45,251 - INFO - Epoch: 164, Training Loss: 0.0021, Validation Loss: 0.0025
2025-11-16 18:10:50,875 - INFO - Epoch: 165, Training Loss: 0.0020, Validation Loss: 0.0017
2025-11-16 18:10:56,945 - INFO - Epoch: 166, Training Loss: 0.0017, Validation Loss: 0.0014
2025-11-16 18:11:02,700 - INFO - Epoch: 167, Training Loss: 0.0019, Validation Loss: 0.0018
2025-11-16 18:11:08,224 - INFO - Epoch: 168, Training Loss: 0.0021, Validation Loss: 0.0012
2025-11-16 18:11:14,379 - INFO - Epoch: 169, Training Loss: 0.0016, Validation Loss: 0.0011
2025-11-16 18:11:20,492 - INFO - Epoch: 170, Training Loss: 0.0014, Validation Loss: 0.0010
2025-11-16 18:11:26,277 - INFO - Epoch: 171, Training Loss: 0.0014, Validation Loss: 0.0015
2025-11-16 18:11:32,485 - INFO - Epoch: 172, Training Loss: 0.0020, Validation Loss: 0.0025
2025-11-16 18:11:38,351 - INFO - Epoch: 173, Training Loss: 0.0014, Validation Loss: 0.0019
2025-11-16 18:11:44,084 - INFO - Epoch: 174, Training Loss: 0.0024, Validation Loss: 0.0022
2025-11-16 18:11:50,848 - INFO - Epoch: 175, Training Loss: 0.0016, Validation Loss: 0.0021
2025-11-16 18:11:57,189 - INFO - Epoch: 176, Training Loss: 0.0015, Validation Loss: 0.0013
2025-11-16 18:12:02,880 - INFO - Epoch: 177, Training Loss: 0.0019, Validation Loss: 0.0015
2025-11-16 18:12:08,864 - INFO - Epoch: 178, Training Loss: 0.0015, Validation Loss: 0.0018
2025-11-16 18:12:14,741 - INFO - Epoch: 179, Training Loss: 0.0018, Validation Loss: 0.0018
2025-11-16 18:12:20,610 - INFO - Epoch: 180, Training Loss: 0.0019, Validation Loss: 0.0016
2025-11-16 18:12:26,825 - INFO - Epoch: 181, Training Loss: 0.0020, Validation Loss: 0.0015
2025-11-16 18:12:32,488 - INFO - Epoch: 182, Training Loss: 0.0015, Validation Loss: 0.0017
2025-11-16 18:12:38,180 - INFO - Epoch: 183, Training Loss: 0.0017, Validation Loss: 0.0014
2025-11-16 18:12:44,423 - INFO - Epoch: 184, Training Loss: 0.0015, Validation Loss: 0.0020
2025-11-16 18:12:50,871 - INFO - Epoch: 185, Training Loss: 0.0015, Validation Loss: 0.0015
2025-11-16 18:12:56,996 - INFO - Epoch: 186, Training Loss: 0.0019, Validation Loss: 0.0032
2025-11-16 18:13:02,871 - INFO - Epoch: 187, Training Loss: 0.0018, Validation Loss: 0.0012
2025-11-16 18:13:08,814 - INFO - Epoch: 188, Training Loss: 0.0015, Validation Loss: 0.0012
2025-11-16 18:13:15,019 - INFO - Epoch: 189, Training Loss: 0.0012, Validation Loss: 0.0015
2025-11-16 18:13:21,225 - INFO - Epoch: 190, Training Loss: 0.0019, Validation Loss: 0.0014
2025-11-16 18:13:27,140 - INFO - Epoch: 191, Training Loss: 0.0017, Validation Loss: 0.0026
2025-11-16 18:13:32,826 - INFO - Epoch: 192, Training Loss: 0.0019, Validation Loss: 0.0016
2025-11-16 18:13:38,245 - INFO - Epoch: 193, Training Loss: 0.0016, Validation Loss: 0.0016
2025-11-16 18:13:44,497 - INFO - Epoch: 194, Training Loss: 0.0019, Validation Loss: 0.0013
2025-11-16 18:13:50,308 - INFO - Epoch: 195, Training Loss: 0.0016, Validation Loss: 0.0154
2025-11-16 18:13:50,308 - INFO - Early stopping triggered at epoch 195
2025-11-16 18:13:50,309 - INFO - Best validation loss: 0.0008
2025-11-16 18:13:50,314 - INFO - Restored best model weights
2025-11-16 18:13:50,314 - INFO - 
============================================================
2025-11-16 18:13:50,314 - INFO - EVALUATION RESULTS
2025-11-16 18:13:50,314 - INFO - ============================================================
2025-11-16 18:13:50,360 - INFO - Validation Prediction Stats:
2025-11-16 18:13:50,360 - INFO -   Std: 0.161029, Range: 0.881940, Unique ratio: 0.7308
2025-11-16 18:13:50,361 - INFO - Validation Set - MSE: 0.001202, MAE: 0.027605, RMSE: 0.034670, Pearson Correlation: 0.977387 (p=0.000000)
2025-11-16 18:13:50,410 - INFO - Test Prediction Stats:
2025-11-16 18:13:50,410 - INFO -   Std: 0.180143, Range: 0.894033, Unique ratio: 0.6978
2025-11-16 18:13:50,411 - INFO - Test Set - MSE: 0.001466, MAE: 0.030572, RMSE: 0.038283, Pearson Correlation: 0.977679 (p=0.000000)
2025-11-16 18:13:50,411 - INFO - ============================================================

2025-11-16 18:13:50,411 - INFO - Trial completed successfully
2025-11-16 18:13:50,411 - INFO - ================================================================================
2025-11-16 18:13:50,411 - INFO - Trial 2 completed. End time: 2025-11-16 18:1350
2025-11-16 18:13:50,411 - INFO - ================================================================================
