2025-11-16 15:59:26,629 - INFO - ================================================================================
2025-11-16 15:59:26,629 - INFO - TRIAL 2 - Task: RGS (FP1/FP2 only, de_LDS_f21-25, no CV)
2025-11-16 15:59:26,629 - INFO - Log file: ./logs_fp_f21_25/trial2_RGS_20251116_152357.log
2025-11-16 15:59:26,629 - INFO - Start time: 2025-11-16 15:59:26
2025-11-16 15:59:26,629 - INFO - ================================================================================
2025-11-16 15:59:26,631 - INFO - START TRAINING - Task: RGS (FP1/FP2 only, de_LDS_f21-25, no CV)
2025-11-16 15:59:26,631 - INFO - Features: de_LDS_f21-25 (41Hz, 43Hz, 45Hz, 47Hz, 49Hz)
2025-11-16 15:59:26,631 - INFO - Learning rate: 0.005, Epochs: 500, Batches: 8
2025-11-16 15:59:26,631 - INFO - Data split: 70% train / 15% validation / 15% test
2025-11-16 15:59:26,632 - INFO - Loading dataset (FP1/FP2 channels, de_LDS_f21-25 only, fixed split)...
2025-11-16 15:59:26,667 - INFO - Dataset shapes - Train: (619, 2, 5, 1), Valid: (132, 2, 5, 1), Test: (134, 2, 5, 1)
2025-11-16 15:59:26,668 - INFO - Initializing VIGNet-FP model (2 channels, 5 frequency features)...
2025-11-16 15:59:26,678 - INFO - Number of batch iterations per epoch: 77
2025-11-16 15:59:37,216 - INFO - Epoch: 1, Training Loss: 0.0311, Validation Loss: 0.0263
2025-11-16 15:59:37,220 - INFO -   → New best validation loss: 0.0263
2025-11-16 15:59:48,561 - INFO - Epoch: 2, Training Loss: 0.0274, Validation Loss: 0.0266
2025-11-16 15:59:56,414 - INFO - Epoch: 3, Training Loss: 0.0256, Validation Loss: 0.0281
2025-11-16 16:00:03,496 - INFO - Epoch: 4, Training Loss: 0.0257, Validation Loss: 0.0263
2025-11-16 16:00:03,497 - INFO -   → New best validation loss: 0.0263
2025-11-16 16:00:13,451 - INFO - Epoch: 5, Training Loss: 0.0264, Validation Loss: 0.0301
2025-11-16 16:00:23,358 - INFO - Epoch: 6, Training Loss: 0.0256, Validation Loss: 0.0264
2025-11-16 16:00:33,174 - INFO - Epoch: 7, Training Loss: 0.0265, Validation Loss: 0.0269
2025-11-16 16:00:41,318 - INFO - Epoch: 8, Training Loss: 0.0269, Validation Loss: 0.0262
2025-11-16 16:00:41,319 - INFO -   → New best validation loss: 0.0262
2025-11-16 16:00:49,595 - INFO - Epoch: 9, Training Loss: 0.0264, Validation Loss: 0.0270
2025-11-16 16:00:59,206 - INFO - Epoch: 10, Training Loss: 0.0265, Validation Loss: 0.0324
2025-11-16 16:01:08,552 - INFO - Epoch: 11, Training Loss: 0.0264, Validation Loss: 0.0265
2025-11-16 16:01:17,341 - INFO - Epoch: 12, Training Loss: 0.0255, Validation Loss: 0.0270
2025-11-16 16:01:24,986 - INFO - Epoch: 13, Training Loss: 0.0267, Validation Loss: 0.0262
2025-11-16 16:01:24,987 - INFO -   → New best validation loss: 0.0262
2025-11-16 16:01:31,325 - INFO - Epoch: 14, Training Loss: 0.0263, Validation Loss: 0.0265
2025-11-16 16:01:40,646 - INFO - Epoch: 15, Training Loss: 0.0262, Validation Loss: 0.0261
2025-11-16 16:01:40,649 - INFO -   → New best validation loss: 0.0261
2025-11-16 16:01:51,513 - INFO - Epoch: 16, Training Loss: 0.0262, Validation Loss: 0.0263
2025-11-16 16:02:00,156 - INFO - Epoch: 17, Training Loss: 0.0266, Validation Loss: 0.0261
2025-11-16 16:02:00,158 - INFO -   → New best validation loss: 0.0261
2025-11-16 16:02:09,083 - INFO - Epoch: 18, Training Loss: 0.0263, Validation Loss: 0.0261
2025-11-16 16:02:09,084 - INFO -   → New best validation loss: 0.0261
2025-11-16 16:02:17,101 - INFO - Epoch: 19, Training Loss: 0.0261, Validation Loss: 0.0273
2025-11-16 16:02:25,543 - INFO - Epoch: 20, Training Loss: 0.0264, Validation Loss: 0.0262
2025-11-16 16:02:33,648 - INFO - Epoch: 21, Training Loss: 0.0261, Validation Loss: 0.0261
2025-11-16 16:02:43,448 - INFO - Epoch: 22, Training Loss: 0.0259, Validation Loss: 0.0263
2025-11-16 16:02:53,287 - INFO - Epoch: 23, Training Loss: 0.0258, Validation Loss: 0.0265
2025-11-16 16:03:04,314 - INFO - Epoch: 24, Training Loss: 0.0266, Validation Loss: 0.0267
2025-11-16 16:03:13,099 - INFO - Epoch: 25, Training Loss: 0.0264, Validation Loss: 0.0265
2025-11-16 16:03:25,668 - INFO - Epoch: 26, Training Loss: 0.0260, Validation Loss: 0.0265
2025-11-16 16:03:33,740 - INFO - Epoch: 27, Training Loss: 0.0262, Validation Loss: 0.0263
2025-11-16 16:03:43,535 - INFO - Epoch: 28, Training Loss: 0.0263, Validation Loss: 0.0267
2025-11-16 16:03:52,981 - INFO - Epoch: 29, Training Loss: 0.0261, Validation Loss: 0.0261
2025-11-16 16:04:03,197 - INFO - Epoch: 30, Training Loss: 0.0259, Validation Loss: 0.0263
2025-11-16 16:04:11,595 - INFO - Epoch: 31, Training Loss: 0.0261, Validation Loss: 0.0273
2025-11-16 16:04:19,915 - INFO - Epoch: 32, Training Loss: 0.0261, Validation Loss: 0.0261
2025-11-16 16:04:19,915 - INFO -   → New best validation loss: 0.0261
2025-11-16 16:04:31,204 - INFO - Epoch: 33, Training Loss: 0.0262, Validation Loss: 0.0267
2025-11-16 16:04:42,612 - INFO - Epoch: 34, Training Loss: 0.0261, Validation Loss: 0.0261
2025-11-16 16:04:52,612 - INFO - Epoch: 35, Training Loss: 0.0260, Validation Loss: 0.0263
2025-11-16 16:05:02,896 - INFO - Epoch: 36, Training Loss: 0.0260, Validation Loss: 0.0266
2025-11-16 16:05:09,328 - INFO - Epoch: 37, Training Loss: 0.0261, Validation Loss: 0.0264
2025-11-16 16:05:17,210 - INFO - Epoch: 38, Training Loss: 0.0262, Validation Loss: 0.0261
2025-11-16 16:05:27,323 - INFO - Epoch: 39, Training Loss: 0.0261, Validation Loss: 0.0269
2025-11-16 16:05:34,676 - INFO - Epoch: 40, Training Loss: 0.0260, Validation Loss: 0.0261
2025-11-16 16:05:44,401 - INFO - Epoch: 41, Training Loss: 0.0258, Validation Loss: 0.0263
2025-11-16 16:05:54,360 - INFO - Epoch: 42, Training Loss: 0.0252, Validation Loss: 0.0261
2025-11-16 16:06:05,020 - INFO - Epoch: 43, Training Loss: 0.0260, Validation Loss: 0.0267
2025-11-16 16:06:13,388 - INFO - Epoch: 44, Training Loss: 0.0260, Validation Loss: 0.0262
2025-11-16 16:06:19,537 - INFO - Epoch: 45, Training Loss: 0.0258, Validation Loss: 0.0268
2025-11-16 16:06:27,351 - INFO - Epoch: 46, Training Loss: 0.0261, Validation Loss: 0.0265
2025-11-16 16:06:36,931 - INFO - Epoch: 47, Training Loss: 0.0261, Validation Loss: 0.0261
2025-11-16 16:06:45,960 - INFO - Epoch: 48, Training Loss: 0.0262, Validation Loss: 0.0262
2025-11-16 16:06:55,194 - INFO - Epoch: 49, Training Loss: 0.0260, Validation Loss: 0.0261
2025-11-16 16:07:02,876 - INFO - Epoch: 50, Training Loss: 0.0255, Validation Loss: 0.0261
2025-11-16 16:07:12,984 - INFO - Epoch: 51, Training Loss: 0.0262, Validation Loss: 0.0264
2025-11-16 16:07:21,656 - INFO - Epoch: 52, Training Loss: 0.0256, Validation Loss: 0.0262
2025-11-16 16:07:31,011 - INFO - Epoch: 53, Training Loss: 0.0260, Validation Loss: 0.0270
2025-11-16 16:07:40,454 - INFO - Epoch: 54, Training Loss: 0.0260, Validation Loss: 0.0262
2025-11-16 16:07:50,765 - INFO - Epoch: 55, Training Loss: 0.0259, Validation Loss: 0.0263
2025-11-16 16:08:01,719 - INFO - Epoch: 56, Training Loss: 0.0262, Validation Loss: 0.0267
2025-11-16 16:08:10,926 - INFO - Epoch: 57, Training Loss: 0.0258, Validation Loss: 0.0265
2025-11-16 16:08:20,072 - INFO - Epoch: 58, Training Loss: 0.0261, Validation Loss: 0.0266
2025-11-16 16:08:28,944 - INFO - Epoch: 59, Training Loss: 0.0259, Validation Loss: 0.0261
2025-11-16 16:08:39,492 - INFO - Epoch: 60, Training Loss: 0.0262, Validation Loss: 0.0261
2025-11-16 16:08:47,628 - INFO - Epoch: 61, Training Loss: 0.0259, Validation Loss: 0.0276
2025-11-16 16:08:56,773 - INFO - Epoch: 62, Training Loss: 0.0259, Validation Loss: 0.0261
2025-11-16 16:09:04,899 - INFO - Epoch: 63, Training Loss: 0.0260, Validation Loss: 0.0261
2025-11-16 16:09:04,901 - INFO -   → New best validation loss: 0.0261
2025-11-16 16:09:14,107 - INFO - Epoch: 64, Training Loss: 0.0253, Validation Loss: 0.0263
2025-11-16 16:09:21,795 - INFO - Epoch: 65, Training Loss: 0.0260, Validation Loss: 0.0261
2025-11-16 16:09:31,347 - INFO - Epoch: 66, Training Loss: 0.0258, Validation Loss: 0.0286
2025-11-16 16:09:39,962 - INFO - Epoch: 67, Training Loss: 0.0262, Validation Loss: 0.0262
2025-11-16 16:09:50,837 - INFO - Epoch: 68, Training Loss: 0.0260, Validation Loss: 0.0267
2025-11-16 16:10:00,981 - INFO - Epoch: 69, Training Loss: 0.0261, Validation Loss: 0.0261
2025-11-16 16:10:10,755 - INFO - Epoch: 70, Training Loss: 0.0259, Validation Loss: 0.0263
2025-11-16 16:10:19,858 - INFO - Epoch: 71, Training Loss: 0.0261, Validation Loss: 0.0267
2025-11-16 16:10:32,089 - INFO - Epoch: 72, Training Loss: 0.0263, Validation Loss: 0.0273
2025-11-16 16:10:41,500 - INFO - Epoch: 73, Training Loss: 0.0258, Validation Loss: 0.0261
2025-11-16 16:10:51,132 - INFO - Epoch: 74, Training Loss: 0.0261, Validation Loss: 0.0261
2025-11-16 16:11:01,366 - INFO - Epoch: 75, Training Loss: 0.0254, Validation Loss: 0.0261
2025-11-16 16:11:11,197 - INFO - Epoch: 76, Training Loss: 0.0260, Validation Loss: 0.0271
2025-11-16 16:11:19,683 - INFO - Epoch: 77, Training Loss: 0.0262, Validation Loss: 0.0261
2025-11-16 16:11:27,135 - INFO - Epoch: 78, Training Loss: 0.0254, Validation Loss: 0.0266
2025-11-16 16:11:34,053 - INFO - Epoch: 79, Training Loss: 0.0260, Validation Loss: 0.0263
2025-11-16 16:11:42,357 - INFO - Epoch: 80, Training Loss: 0.0260, Validation Loss: 0.0269
2025-11-16 16:11:53,348 - INFO - Epoch: 81, Training Loss: 0.0256, Validation Loss: 0.0261
2025-11-16 16:12:00,837 - INFO - Epoch: 82, Training Loss: 0.0263, Validation Loss: 0.0264
2025-11-16 16:12:08,685 - INFO - Epoch: 83, Training Loss: 0.0263, Validation Loss: 0.0287
2025-11-16 16:12:16,894 - INFO - Epoch: 84, Training Loss: 0.0254, Validation Loss: 0.0262
2025-11-16 16:12:27,887 - INFO - Epoch: 85, Training Loss: 0.0264, Validation Loss: 0.0261
2025-11-16 16:12:36,641 - INFO - Epoch: 86, Training Loss: 0.0260, Validation Loss: 0.0263
2025-11-16 16:12:46,004 - INFO - Epoch: 87, Training Loss: 0.0260, Validation Loss: 0.0263
2025-11-16 16:12:54,809 - INFO - Epoch: 88, Training Loss: 0.0277, Validation Loss: 0.0277
2025-11-16 16:13:03,299 - INFO - Epoch: 89, Training Loss: 0.0274, Validation Loss: 0.0279
2025-11-16 16:13:12,047 - INFO - Epoch: 90, Training Loss: 0.0263, Validation Loss: 0.0268
2025-11-16 16:13:21,705 - INFO - Epoch: 91, Training Loss: 0.0259, Validation Loss: 0.0264
2025-11-16 16:13:28,583 - INFO - Epoch: 92, Training Loss: 0.0262, Validation Loss: 0.0262
2025-11-16 16:13:35,388 - INFO - Epoch: 93, Training Loss: 0.0260, Validation Loss: 0.0271
2025-11-16 16:13:43,049 - INFO - Epoch: 94, Training Loss: 0.0263, Validation Loss: 0.0267
2025-11-16 16:13:50,641 - INFO - Epoch: 95, Training Loss: 0.0260, Validation Loss: 0.0263
2025-11-16 16:13:58,866 - INFO - Epoch: 96, Training Loss: 0.0253, Validation Loss: 0.0263
2025-11-16 16:14:08,073 - INFO - Epoch: 97, Training Loss: 0.0262, Validation Loss: 0.0263
2025-11-16 16:14:17,099 - INFO - Epoch: 98, Training Loss: 0.0261, Validation Loss: 0.0261
2025-11-16 16:14:23,879 - INFO - Epoch: 99, Training Loss: 0.0260, Validation Loss: 0.0263
2025-11-16 16:14:33,510 - INFO - Epoch: 100, Training Loss: 0.0259, Validation Loss: 0.0266
2025-11-16 16:14:42,817 - INFO - Epoch: 101, Training Loss: 0.0260, Validation Loss: 0.0261
2025-11-16 16:14:49,864 - INFO - Epoch: 102, Training Loss: 0.0261, Validation Loss: 0.0266
2025-11-16 16:14:56,865 - INFO - Epoch: 103, Training Loss: 0.0261, Validation Loss: 0.0263
2025-11-16 16:15:04,167 - INFO - Epoch: 104, Training Loss: 0.0260, Validation Loss: 0.0267
2025-11-16 16:15:12,708 - INFO - Epoch: 105, Training Loss: 0.0262, Validation Loss: 0.0266
2025-11-16 16:15:20,357 - INFO - Epoch: 106, Training Loss: 0.0260, Validation Loss: 0.0267
2025-11-16 16:15:26,733 - INFO - Epoch: 107, Training Loss: 0.0260, Validation Loss: 0.0261
2025-11-16 16:15:33,390 - INFO - Epoch: 108, Training Loss: 0.0261, Validation Loss: 0.0261
2025-11-16 16:15:41,441 - INFO - Epoch: 109, Training Loss: 0.0254, Validation Loss: 0.0263
2025-11-16 16:15:51,175 - INFO - Epoch: 110, Training Loss: 0.0260, Validation Loss: 0.0265
2025-11-16 16:16:00,412 - INFO - Epoch: 111, Training Loss: 0.0259, Validation Loss: 0.0261
2025-11-16 16:16:09,148 - INFO - Epoch: 112, Training Loss: 0.0261, Validation Loss: 0.0262
2025-11-16 16:16:19,070 - INFO - Epoch: 113, Training Loss: 0.0252, Validation Loss: 0.0264
2025-11-16 16:16:19,070 - INFO - Early stopping triggered at epoch 113
2025-11-16 16:16:19,070 - INFO - Best validation loss: 0.0261
2025-11-16 16:16:19,087 - INFO - Restored best model weights
2025-11-16 16:16:19,087 - INFO - 
============================================================
2025-11-16 16:16:19,087 - INFO - EVALUATION RESULTS
2025-11-16 16:16:19,087 - INFO - ============================================================
2025-11-16 16:16:19,175 - INFO - Validation Set - MSE: 0.026072, MAE: 0.103267, RMSE: 0.161467, Pearson Correlation: 0.160733 (p=0.065607)
2025-11-16 16:16:19,219 - INFO - Test Set - MSE: 0.032239, MAE: 0.110886, RMSE: 0.179552, Pearson Correlation: 0.028353 (p=0.745029)
2025-11-16 16:16:19,219 - INFO - ============================================================

2025-11-16 16:16:19,220 - INFO - Trial completed successfully
2025-11-16 16:16:19,220 - INFO - ================================================================================
2025-11-16 16:16:19,220 - INFO - Trial 2 completed. End time: 2025-11-16 16:1619
2025-11-16 16:16:19,220 - INFO - ================================================================================
