2025-11-16 16:16:19,220 - INFO - ================================================================================
2025-11-16 16:16:19,220 - INFO - TRIAL 3 - Task: RGS (FP1/FP2 only, de_LDS_f21-25, no CV)
2025-11-16 16:16:19,220 - INFO - Log file: ./logs_fp_f21_25/trial3_RGS_20251116_152357.log
2025-11-16 16:16:19,220 - INFO - Start time: 2025-11-16 16:16:19
2025-11-16 16:16:19,220 - INFO - ================================================================================
2025-11-16 16:16:19,222 - INFO - START TRAINING - Task: RGS (FP1/FP2 only, de_LDS_f21-25, no CV)
2025-11-16 16:16:19,222 - INFO - Features: de_LDS_f21-25 (41Hz, 43Hz, 45Hz, 47Hz, 49Hz)
2025-11-16 16:16:19,222 - INFO - Learning rate: 0.005, Epochs: 500, Batches: 8
2025-11-16 16:16:19,222 - INFO - Data split: 70% train / 15% validation / 15% test
2025-11-16 16:16:19,222 - INFO - Loading dataset (FP1/FP2 channels, de_LDS_f21-25 only, fixed split)...
2025-11-16 16:16:19,234 - INFO - Dataset shapes - Train: (619, 2, 5, 1), Valid: (132, 2, 5, 1), Test: (134, 2, 5, 1)
2025-11-16 16:16:19,234 - INFO - Initializing VIGNet-FP model (2 channels, 5 frequency features)...
2025-11-16 16:16:19,237 - INFO - Number of batch iterations per epoch: 77
2025-11-16 16:16:29,086 - INFO - Epoch: 1, Training Loss: 0.0534, Validation Loss: 0.0312
2025-11-16 16:16:29,088 - INFO -   → New best validation loss: 0.0312
2025-11-16 16:16:37,979 - INFO - Epoch: 2, Training Loss: 0.0271, Validation Loss: 0.0313
2025-11-16 16:16:45,232 - INFO - Epoch: 3, Training Loss: 0.0279, Validation Loss: 0.0314
2025-11-16 16:16:52,779 - INFO - Epoch: 4, Training Loss: 0.0277, Validation Loss: 0.0349
2025-11-16 16:17:01,882 - INFO - Epoch: 5, Training Loss: 0.0291, Validation Loss: 0.0303
2025-11-16 16:17:01,883 - INFO -   → New best validation loss: 0.0303
2025-11-16 16:17:10,403 - INFO - Epoch: 6, Training Loss: 0.0284, Validation Loss: 0.0306
2025-11-16 16:17:17,827 - INFO - Epoch: 7, Training Loss: 0.0277, Validation Loss: 0.0290
2025-11-16 16:17:17,829 - INFO -   → New best validation loss: 0.0290
2025-11-16 16:17:26,183 - INFO - Epoch: 8, Training Loss: 0.0274, Validation Loss: 0.0310
2025-11-16 16:17:34,440 - INFO - Epoch: 9, Training Loss: 0.0296, Validation Loss: 0.0299
2025-11-16 16:17:41,327 - INFO - Epoch: 10, Training Loss: 0.0272, Validation Loss: 0.0316
2025-11-16 16:17:47,954 - INFO - Epoch: 11, Training Loss: 0.0282, Validation Loss: 0.0302
2025-11-16 16:17:55,571 - INFO - Epoch: 12, Training Loss: 0.0280, Validation Loss: 0.0301
2025-11-16 16:18:03,649 - INFO - Epoch: 13, Training Loss: 0.0286, Validation Loss: 0.0329
2025-11-16 16:18:12,689 - INFO - Epoch: 14, Training Loss: 0.0289, Validation Loss: 0.0332
2025-11-16 16:18:21,667 - INFO - Epoch: 15, Training Loss: 0.0283, Validation Loss: 0.0303
2025-11-16 16:18:31,581 - INFO - Epoch: 16, Training Loss: 0.0271, Validation Loss: 0.0305
2025-11-16 16:18:42,694 - INFO - Epoch: 17, Training Loss: 0.0276, Validation Loss: 0.0338
2025-11-16 16:18:52,019 - INFO - Epoch: 18, Training Loss: 0.0282, Validation Loss: 0.0314
2025-11-16 16:19:00,534 - INFO - Epoch: 19, Training Loss: 0.0267, Validation Loss: 0.0308
2025-11-16 16:19:10,356 - INFO - Epoch: 20, Training Loss: 0.0271, Validation Loss: 0.0327
2025-11-16 16:19:19,403 - INFO - Epoch: 21, Training Loss: 0.0280, Validation Loss: 0.0302
2025-11-16 16:19:28,430 - INFO - Epoch: 22, Training Loss: 0.0270, Validation Loss: 0.0312
2025-11-16 16:19:37,694 - INFO - Epoch: 23, Training Loss: 0.0270, Validation Loss: 0.0318
2025-11-16 16:19:45,766 - INFO - Epoch: 24, Training Loss: 0.0268, Validation Loss: 0.0299
2025-11-16 16:19:56,755 - INFO - Epoch: 25, Training Loss: 0.0276, Validation Loss: 0.0354
2025-11-16 16:20:06,062 - INFO - Epoch: 26, Training Loss: 0.0272, Validation Loss: 0.0297
2025-11-16 16:20:14,976 - INFO - Epoch: 27, Training Loss: 0.0284, Validation Loss: 0.0302
2025-11-16 16:20:23,705 - INFO - Epoch: 28, Training Loss: 0.0280, Validation Loss: 0.0304
2025-11-16 16:20:31,898 - INFO - Epoch: 29, Training Loss: 0.0260, Validation Loss: 0.0297
2025-11-16 16:20:43,157 - INFO - Epoch: 30, Training Loss: 0.0264, Validation Loss: 0.0308
2025-11-16 16:20:53,332 - INFO - Epoch: 31, Training Loss: 0.0271, Validation Loss: 0.0311
2025-11-16 16:21:01,542 - INFO - Epoch: 32, Training Loss: 0.0275, Validation Loss: 0.0311
2025-11-16 16:21:11,707 - INFO - Epoch: 33, Training Loss: 0.0266, Validation Loss: 0.0289
2025-11-16 16:21:11,710 - INFO -   → New best validation loss: 0.0289
2025-11-16 16:21:21,433 - INFO - Epoch: 34, Training Loss: 0.0269, Validation Loss: 0.0273
2025-11-16 16:21:21,433 - INFO -   → New best validation loss: 0.0273
2025-11-16 16:21:30,195 - INFO - Epoch: 35, Training Loss: 0.0261, Validation Loss: 0.0271
2025-11-16 16:21:30,196 - INFO -   → New best validation loss: 0.0271
2025-11-16 16:21:39,824 - INFO - Epoch: 36, Training Loss: 0.0267, Validation Loss: 0.0265
2025-11-16 16:21:39,827 - INFO -   → New best validation loss: 0.0265
2025-11-16 16:21:50,411 - INFO - Epoch: 37, Training Loss: 0.0270, Validation Loss: 0.0289
2025-11-16 16:21:59,269 - INFO - Epoch: 38, Training Loss: 0.0262, Validation Loss: 0.0342
2025-11-16 16:22:07,794 - INFO - Epoch: 39, Training Loss: 0.0260, Validation Loss: 0.0284
2025-11-16 16:22:15,502 - INFO - Epoch: 40, Training Loss: 0.0277, Validation Loss: 0.0322
2025-11-16 16:22:24,740 - INFO - Epoch: 41, Training Loss: 0.0257, Validation Loss: 0.0298
2025-11-16 16:22:32,408 - INFO - Epoch: 42, Training Loss: 0.0265, Validation Loss: 0.0362
2025-11-16 16:22:42,246 - INFO - Epoch: 43, Training Loss: 0.0251, Validation Loss: 0.0293
2025-11-16 16:22:51,921 - INFO - Epoch: 44, Training Loss: 0.0269, Validation Loss: 0.0279
2025-11-16 16:23:01,887 - INFO - Epoch: 45, Training Loss: 0.0252, Validation Loss: 0.0382
2025-11-16 16:23:12,704 - INFO - Epoch: 46, Training Loss: 0.0250, Validation Loss: 0.0268
2025-11-16 16:23:22,664 - INFO - Epoch: 47, Training Loss: 0.0243, Validation Loss: 0.0328
2025-11-16 16:23:31,260 - INFO - Epoch: 48, Training Loss: 0.0283, Validation Loss: 0.0307
2025-11-16 16:23:40,806 - INFO - Epoch: 49, Training Loss: 0.0228, Validation Loss: 0.0201
2025-11-16 16:23:40,808 - INFO -   → New best validation loss: 0.0201
2025-11-16 16:23:51,986 - INFO - Epoch: 50, Training Loss: 0.0252, Validation Loss: 0.0376
2025-11-16 16:24:01,705 - INFO - Epoch: 51, Training Loss: 0.0237, Validation Loss: 0.0220
2025-11-16 16:24:14,051 - INFO - Epoch: 52, Training Loss: 0.0255, Validation Loss: 0.0327
2025-11-16 16:24:22,099 - INFO - Epoch: 53, Training Loss: 0.0226, Validation Loss: 0.0286
2025-11-16 16:24:30,281 - INFO - Epoch: 54, Training Loss: 0.0267, Validation Loss: 0.0299
2025-11-16 16:24:38,934 - INFO - Epoch: 55, Training Loss: 0.0243, Validation Loss: 0.0271
2025-11-16 16:24:49,055 - INFO - Epoch: 56, Training Loss: 0.0231, Validation Loss: 0.0196
2025-11-16 16:24:49,057 - INFO -   → New best validation loss: 0.0196
2025-11-16 16:24:57,147 - INFO - Epoch: 57, Training Loss: 0.0223, Validation Loss: 0.0189
2025-11-16 16:24:57,148 - INFO -   → New best validation loss: 0.0189
2025-11-16 16:25:06,891 - INFO - Epoch: 58, Training Loss: 0.0238, Validation Loss: 0.0210
2025-11-16 16:25:15,004 - INFO - Epoch: 59, Training Loss: 0.0253, Validation Loss: 0.0287
2025-11-16 16:25:21,817 - INFO - Epoch: 60, Training Loss: 0.0226, Validation Loss: 0.0409
2025-11-16 16:25:30,019 - INFO - Epoch: 61, Training Loss: 0.0198, Validation Loss: 0.0187
2025-11-16 16:25:30,020 - INFO -   → New best validation loss: 0.0187
2025-11-16 16:25:38,439 - INFO - Epoch: 62, Training Loss: 0.0219, Validation Loss: 0.0251
2025-11-16 16:25:45,373 - INFO - Epoch: 63, Training Loss: 0.0232, Validation Loss: 0.0259
2025-11-16 16:25:57,540 - INFO - Epoch: 64, Training Loss: 0.0201, Validation Loss: 0.0236
2025-11-16 16:26:05,652 - INFO - Epoch: 65, Training Loss: 0.0208, Validation Loss: 0.0199
2025-11-16 16:26:14,372 - INFO - Epoch: 66, Training Loss: 0.0187, Validation Loss: 0.0225
2025-11-16 16:26:23,795 - INFO - Epoch: 67, Training Loss: 0.0234, Validation Loss: 0.0178
2025-11-16 16:26:23,796 - INFO -   → New best validation loss: 0.0178
2025-11-16 16:26:32,342 - INFO - Epoch: 68, Training Loss: 0.0203, Validation Loss: 0.0564
2025-11-16 16:26:40,903 - INFO - Epoch: 69, Training Loss: 0.0192, Validation Loss: 0.0180
2025-11-16 16:26:51,097 - INFO - Epoch: 70, Training Loss: 0.0170, Validation Loss: 0.0178
2025-11-16 16:26:58,951 - INFO - Epoch: 71, Training Loss: 0.0224, Validation Loss: 0.0176
2025-11-16 16:26:58,953 - INFO -   → New best validation loss: 0.0176
2025-11-16 16:27:07,263 - INFO - Epoch: 72, Training Loss: 0.0195, Validation Loss: 0.0369
2025-11-16 16:27:14,834 - INFO - Epoch: 73, Training Loss: 0.0196, Validation Loss: 0.0257
2025-11-16 16:27:23,942 - INFO - Epoch: 74, Training Loss: 0.0195, Validation Loss: 0.0223
2025-11-16 16:27:35,721 - INFO - Epoch: 75, Training Loss: 0.0242, Validation Loss: 0.0142
2025-11-16 16:27:35,725 - INFO -   → New best validation loss: 0.0142
2025-11-16 16:27:44,109 - INFO - Epoch: 76, Training Loss: 0.0184, Validation Loss: 0.0215
2025-11-16 16:27:54,846 - INFO - Epoch: 77, Training Loss: 0.0188, Validation Loss: 0.0225
2025-11-16 16:28:04,920 - INFO - Epoch: 78, Training Loss: 0.0161, Validation Loss: 0.0126
2025-11-16 16:28:04,921 - INFO -   → New best validation loss: 0.0126
2025-11-16 16:28:15,407 - INFO - Epoch: 79, Training Loss: 0.0175, Validation Loss: 0.0124
2025-11-16 16:28:15,408 - INFO -   → New best validation loss: 0.0124
2025-11-16 16:28:24,267 - INFO - Epoch: 80, Training Loss: 0.0181, Validation Loss: 0.0258
2025-11-16 16:28:31,440 - INFO - Epoch: 81, Training Loss: 0.0156, Validation Loss: 0.0148
2025-11-16 16:28:39,902 - INFO - Epoch: 82, Training Loss: 0.0238, Validation Loss: 0.0136
2025-11-16 16:28:48,756 - INFO - Epoch: 83, Training Loss: 0.0185, Validation Loss: 0.0130
2025-11-16 16:28:57,004 - INFO - Epoch: 84, Training Loss: 0.0153, Validation Loss: 0.0192
2025-11-16 16:29:05,349 - INFO - Epoch: 85, Training Loss: 0.0175, Validation Loss: 0.0239
2025-11-16 16:29:13,978 - INFO - Epoch: 86, Training Loss: 0.0193, Validation Loss: 0.0232
2025-11-16 16:29:24,295 - INFO - Epoch: 87, Training Loss: 0.0181, Validation Loss: 0.0130
2025-11-16 16:29:34,158 - INFO - Epoch: 88, Training Loss: 0.0164, Validation Loss: 0.0140
2025-11-16 16:29:41,860 - INFO - Epoch: 89, Training Loss: 0.0196, Validation Loss: 0.0140
2025-11-16 16:29:50,153 - INFO - Epoch: 90, Training Loss: 0.0152, Validation Loss: 0.0137
2025-11-16 16:29:59,193 - INFO - Epoch: 91, Training Loss: 0.0158, Validation Loss: 0.0205
2025-11-16 16:30:07,298 - INFO - Epoch: 92, Training Loss: 0.0155, Validation Loss: 0.0123
2025-11-16 16:30:07,299 - INFO -   → New best validation loss: 0.0123
2025-11-16 16:30:16,223 - INFO - Epoch: 93, Training Loss: 0.0134, Validation Loss: 0.0117
2025-11-16 16:30:16,225 - INFO -   → New best validation loss: 0.0117
2025-11-16 16:30:25,211 - INFO - Epoch: 94, Training Loss: 0.0154, Validation Loss: 0.0122
2025-11-16 16:30:33,963 - INFO - Epoch: 95, Training Loss: 0.0153, Validation Loss: 0.0182
2025-11-16 16:30:42,011 - INFO - Epoch: 96, Training Loss: 0.0135, Validation Loss: 0.0148
2025-11-16 16:30:49,606 - INFO - Epoch: 97, Training Loss: 0.0169, Validation Loss: 0.0132
2025-11-16 16:30:56,847 - INFO - Epoch: 98, Training Loss: 0.0157, Validation Loss: 0.0265
2025-11-16 16:31:05,502 - INFO - Epoch: 99, Training Loss: 0.0183, Validation Loss: 0.0181
2025-11-16 16:31:14,107 - INFO - Epoch: 100, Training Loss: 0.0159, Validation Loss: 0.0235
2025-11-16 16:31:23,523 - INFO - Epoch: 101, Training Loss: 0.0259, Validation Loss: 0.0179
2025-11-16 16:31:34,983 - INFO - Epoch: 102, Training Loss: 0.0153, Validation Loss: 0.0132
2025-11-16 16:31:43,102 - INFO - Epoch: 103, Training Loss: 0.0139, Validation Loss: 0.0138
2025-11-16 16:31:51,112 - INFO - Epoch: 104, Training Loss: 0.0131, Validation Loss: 0.0117
2025-11-16 16:31:51,113 - INFO -   → New best validation loss: 0.0117
2025-11-16 16:31:58,905 - INFO - Epoch: 105, Training Loss: 0.0144, Validation Loss: 0.0134
2025-11-16 16:32:07,496 - INFO - Epoch: 106, Training Loss: 0.0173, Validation Loss: 0.0129
2025-11-16 16:32:15,957 - INFO - Epoch: 107, Training Loss: 0.0179, Validation Loss: 0.0134
2025-11-16 16:32:23,987 - INFO - Epoch: 108, Training Loss: 0.0172, Validation Loss: 0.0248
2025-11-16 16:32:34,070 - INFO - Epoch: 109, Training Loss: 0.0170, Validation Loss: 0.0154
2025-11-16 16:32:42,849 - INFO - Epoch: 110, Training Loss: 0.0164, Validation Loss: 0.0138
2025-11-16 16:32:53,851 - INFO - Epoch: 111, Training Loss: 0.0140, Validation Loss: 0.0136
2025-11-16 16:33:03,553 - INFO - Epoch: 112, Training Loss: 0.0135, Validation Loss: 0.0177
2025-11-16 16:33:14,437 - INFO - Epoch: 113, Training Loss: 0.0180, Validation Loss: 0.0180
2025-11-16 16:33:23,823 - INFO - Epoch: 114, Training Loss: 0.0189, Validation Loss: 0.0123
2025-11-16 16:33:32,533 - INFO - Epoch: 115, Training Loss: 0.0140, Validation Loss: 0.0123
2025-11-16 16:33:41,609 - INFO - Epoch: 116, Training Loss: 0.0134, Validation Loss: 0.0260
2025-11-16 16:33:51,240 - INFO - Epoch: 117, Training Loss: 0.0150, Validation Loss: 0.0136
2025-11-16 16:34:02,262 - INFO - Epoch: 118, Training Loss: 0.0198, Validation Loss: 0.0109
2025-11-16 16:34:02,266 - INFO -   → New best validation loss: 0.0109
2025-11-16 16:34:12,375 - INFO - Epoch: 119, Training Loss: 0.0184, Validation Loss: 0.0160
2025-11-16 16:34:21,157 - INFO - Epoch: 120, Training Loss: 0.0148, Validation Loss: 0.0252
2025-11-16 16:34:30,464 - INFO - Epoch: 121, Training Loss: 0.0129, Validation Loss: 0.0184
2025-11-16 16:34:39,951 - INFO - Epoch: 122, Training Loss: 0.0179, Validation Loss: 0.0208
2025-11-16 16:34:49,593 - INFO - Epoch: 123, Training Loss: 0.0166, Validation Loss: 0.0166
2025-11-16 16:34:58,212 - INFO - Epoch: 124, Training Loss: 0.0139, Validation Loss: 0.0138
2025-11-16 16:35:05,206 - INFO - Epoch: 125, Training Loss: 0.0127, Validation Loss: 0.0131
2025-11-16 16:35:16,645 - INFO - Epoch: 126, Training Loss: 0.0145, Validation Loss: 0.0122
2025-11-16 16:35:24,884 - INFO - Epoch: 127, Training Loss: 0.0174, Validation Loss: 0.0126
2025-11-16 16:35:34,686 - INFO - Epoch: 128, Training Loss: 0.0183, Validation Loss: 0.0124
2025-11-16 16:35:45,039 - INFO - Epoch: 129, Training Loss: 0.0156, Validation Loss: 0.0169
2025-11-16 16:35:52,811 - INFO - Epoch: 130, Training Loss: 0.0149, Validation Loss: 0.0127
2025-11-16 16:36:02,440 - INFO - Epoch: 131, Training Loss: 0.0134, Validation Loss: 0.0136
2025-11-16 16:36:11,562 - INFO - Epoch: 132, Training Loss: 0.0139, Validation Loss: 0.0189
2025-11-16 16:36:20,790 - INFO - Epoch: 133, Training Loss: 0.0139, Validation Loss: 0.0184
2025-11-16 16:36:30,409 - INFO - Epoch: 134, Training Loss: 0.0127, Validation Loss: 0.0160
2025-11-16 16:36:40,458 - INFO - Epoch: 135, Training Loss: 0.0134, Validation Loss: 0.0154
2025-11-16 16:36:50,386 - INFO - Epoch: 136, Training Loss: 0.0128, Validation Loss: 0.0216
2025-11-16 16:36:58,779 - INFO - Epoch: 137, Training Loss: 0.0129, Validation Loss: 0.0126
2025-11-16 16:37:08,384 - INFO - Epoch: 138, Training Loss: 0.0158, Validation Loss: 0.0121
2025-11-16 16:37:18,323 - INFO - Epoch: 139, Training Loss: 0.0150, Validation Loss: 0.0114
2025-11-16 16:37:27,508 - INFO - Epoch: 140, Training Loss: 0.0127, Validation Loss: 0.0137
2025-11-16 16:37:35,376 - INFO - Epoch: 141, Training Loss: 0.0163, Validation Loss: 0.0238
2025-11-16 16:37:46,266 - INFO - Epoch: 142, Training Loss: 0.0201, Validation Loss: 0.0261
2025-11-16 16:37:55,338 - INFO - Epoch: 143, Training Loss: 0.0186, Validation Loss: 0.0581
2025-11-16 16:38:06,207 - INFO - Epoch: 144, Training Loss: 0.0145, Validation Loss: 0.0183
2025-11-16 16:38:15,561 - INFO - Epoch: 145, Training Loss: 0.0166, Validation Loss: 0.0136
2025-11-16 16:38:24,226 - INFO - Epoch: 146, Training Loss: 0.0141, Validation Loss: 0.0189
2025-11-16 16:38:34,827 - INFO - Epoch: 147, Training Loss: 0.0143, Validation Loss: 0.0153
2025-11-16 16:38:41,746 - INFO - Epoch: 148, Training Loss: 0.0127, Validation Loss: 0.0123
2025-11-16 16:38:49,058 - INFO - Epoch: 149, Training Loss: 0.0176, Validation Loss: 0.0180
2025-11-16 16:39:00,150 - INFO - Epoch: 150, Training Loss: 0.0179, Validation Loss: 0.0160
2025-11-16 16:39:11,020 - INFO - Epoch: 151, Training Loss: 0.0137, Validation Loss: 0.0108
2025-11-16 16:39:11,022 - INFO -   → New best validation loss: 0.0108
2025-11-16 16:39:21,598 - INFO - Epoch: 152, Training Loss: 0.0122, Validation Loss: 0.0132
2025-11-16 16:39:34,154 - INFO - Epoch: 153, Training Loss: 0.0160, Validation Loss: 0.0145
2025-11-16 16:39:44,874 - INFO - Epoch: 154, Training Loss: 0.0147, Validation Loss: 0.0108
2025-11-16 16:39:55,641 - INFO - Epoch: 155, Training Loss: 0.0133, Validation Loss: 0.0242
2025-11-16 16:40:04,814 - INFO - Epoch: 156, Training Loss: 0.0156, Validation Loss: 0.0117
2025-11-16 16:40:13,462 - INFO - Epoch: 157, Training Loss: 0.0194, Validation Loss: 0.0167
2025-11-16 16:40:22,500 - INFO - Epoch: 158, Training Loss: 0.0190, Validation Loss: 0.0189
2025-11-16 16:40:32,914 - INFO - Epoch: 159, Training Loss: 0.0162, Validation Loss: 0.0131
2025-11-16 16:40:41,861 - INFO - Epoch: 160, Training Loss: 0.0154, Validation Loss: 0.0149
2025-11-16 16:40:48,848 - INFO - Epoch: 161, Training Loss: 0.0127, Validation Loss: 0.0110
2025-11-16 16:40:58,509 - INFO - Epoch: 162, Training Loss: 0.0142, Validation Loss: 0.0183
2025-11-16 16:41:06,291 - INFO - Epoch: 163, Training Loss: 0.0138, Validation Loss: 0.0168
2025-11-16 16:41:15,433 - INFO - Epoch: 164, Training Loss: 0.0140, Validation Loss: 0.0111
2025-11-16 16:41:22,219 - INFO - Epoch: 165, Training Loss: 0.0135, Validation Loss: 0.0114
2025-11-16 16:41:30,389 - INFO - Epoch: 166, Training Loss: 0.0120, Validation Loss: 0.0115
2025-11-16 16:41:39,496 - INFO - Epoch: 167, Training Loss: 0.0130, Validation Loss: 0.0122
2025-11-16 16:41:46,890 - INFO - Epoch: 168, Training Loss: 0.0122, Validation Loss: 0.0143
2025-11-16 16:41:54,668 - INFO - Epoch: 169, Training Loss: 0.0181, Validation Loss: 0.0110
2025-11-16 16:42:01,650 - INFO - Epoch: 170, Training Loss: 0.0137, Validation Loss: 0.0151
2025-11-16 16:42:10,325 - INFO - Epoch: 171, Training Loss: 0.0144, Validation Loss: 0.0117
2025-11-16 16:42:19,999 - INFO - Epoch: 172, Training Loss: 0.0127, Validation Loss: 0.0123
2025-11-16 16:42:29,343 - INFO - Epoch: 173, Training Loss: 0.0133, Validation Loss: 0.0124
2025-11-16 16:42:36,652 - INFO - Epoch: 174, Training Loss: 0.0135, Validation Loss: 0.0185
2025-11-16 16:42:46,297 - INFO - Epoch: 175, Training Loss: 0.0149, Validation Loss: 0.0228
2025-11-16 16:42:53,761 - INFO - Epoch: 176, Training Loss: 0.0188, Validation Loss: 0.0145
2025-11-16 16:43:01,232 - INFO - Epoch: 177, Training Loss: 0.0173, Validation Loss: 0.0126
2025-11-16 16:43:10,878 - INFO - Epoch: 178, Training Loss: 0.0138, Validation Loss: 0.0110
2025-11-16 16:43:19,640 - INFO - Epoch: 179, Training Loss: 0.0130, Validation Loss: 0.0122
2025-11-16 16:43:27,680 - INFO - Epoch: 180, Training Loss: 0.0144, Validation Loss: 0.0113
2025-11-16 16:43:35,457 - INFO - Epoch: 181, Training Loss: 0.0142, Validation Loss: 0.0106
2025-11-16 16:43:35,461 - INFO -   → New best validation loss: 0.0106
2025-11-16 16:43:42,956 - INFO - Epoch: 182, Training Loss: 0.0138, Validation Loss: 0.0108
2025-11-16 16:43:52,234 - INFO - Epoch: 183, Training Loss: 0.0179, Validation Loss: 0.0134
2025-11-16 16:43:59,812 - INFO - Epoch: 184, Training Loss: 0.0135, Validation Loss: 0.0110
2025-11-16 16:44:07,572 - INFO - Epoch: 185, Training Loss: 0.0141, Validation Loss: 0.0118
2025-11-16 16:44:15,607 - INFO - Epoch: 186, Training Loss: 0.0129, Validation Loss: 0.0151
2025-11-16 16:44:23,709 - INFO - Epoch: 187, Training Loss: 0.0133, Validation Loss: 0.0153
2025-11-16 16:44:31,908 - INFO - Epoch: 188, Training Loss: 0.0166, Validation Loss: 0.0171
2025-11-16 16:44:40,494 - INFO - Epoch: 189, Training Loss: 0.0176, Validation Loss: 0.0141
2025-11-16 16:44:47,441 - INFO - Epoch: 190, Training Loss: 0.0133, Validation Loss: 0.0199
2025-11-16 16:44:57,130 - INFO - Epoch: 191, Training Loss: 0.0140, Validation Loss: 0.0179
2025-11-16 16:45:04,593 - INFO - Epoch: 192, Training Loss: 0.0138, Validation Loss: 0.0124
2025-11-16 16:45:12,111 - INFO - Epoch: 193, Training Loss: 0.0143, Validation Loss: 0.0111
2025-11-16 16:45:22,446 - INFO - Epoch: 194, Training Loss: 0.0146, Validation Loss: 0.0201
2025-11-16 16:45:33,265 - INFO - Epoch: 195, Training Loss: 0.0164, Validation Loss: 0.0215
2025-11-16 16:45:43,043 - INFO - Epoch: 196, Training Loss: 0.0140, Validation Loss: 0.0119
2025-11-16 16:45:52,648 - INFO - Epoch: 197, Training Loss: 0.0135, Validation Loss: 0.0111
2025-11-16 16:46:01,433 - INFO - Epoch: 198, Training Loss: 0.0122, Validation Loss: 0.0110
2025-11-16 16:46:11,367 - INFO - Epoch: 199, Training Loss: 0.0129, Validation Loss: 0.0134
2025-11-16 16:46:19,309 - INFO - Epoch: 200, Training Loss: 0.0150, Validation Loss: 0.0127
2025-11-16 16:46:27,344 - INFO - Epoch: 201, Training Loss: 0.0144, Validation Loss: 0.0123
2025-11-16 16:46:35,048 - INFO - Epoch: 202, Training Loss: 0.0137, Validation Loss: 0.0124
2025-11-16 16:46:43,506 - INFO - Epoch: 203, Training Loss: 0.0138, Validation Loss: 0.0121
2025-11-16 16:46:51,745 - INFO - Epoch: 204, Training Loss: 0.0120, Validation Loss: 0.0119
2025-11-16 16:46:58,503 - INFO - Epoch: 205, Training Loss: 0.0131, Validation Loss: 0.0111
2025-11-16 16:47:08,108 - INFO - Epoch: 206, Training Loss: 0.0137, Validation Loss: 0.0251
2025-11-16 16:47:19,077 - INFO - Epoch: 207, Training Loss: 0.0167, Validation Loss: 0.0154
2025-11-16 16:47:26,028 - INFO - Epoch: 208, Training Loss: 0.0137, Validation Loss: 0.0141
2025-11-16 16:47:34,311 - INFO - Epoch: 209, Training Loss: 0.0131, Validation Loss: 0.0114
2025-11-16 16:47:43,626 - INFO - Epoch: 210, Training Loss: 0.0131, Validation Loss: 0.0123
2025-11-16 16:47:52,996 - INFO - Epoch: 211, Training Loss: 0.0146, Validation Loss: 0.0122
2025-11-16 16:48:00,128 - INFO - Epoch: 212, Training Loss: 0.0173, Validation Loss: 0.0336
2025-11-16 16:48:07,938 - INFO - Epoch: 213, Training Loss: 0.0236, Validation Loss: 0.0170
2025-11-16 16:48:16,259 - INFO - Epoch: 214, Training Loss: 0.0153, Validation Loss: 0.0133
2025-11-16 16:48:26,241 - INFO - Epoch: 215, Training Loss: 0.0139, Validation Loss: 0.0112
2025-11-16 16:48:35,912 - INFO - Epoch: 216, Training Loss: 0.0130, Validation Loss: 0.0138
2025-11-16 16:48:44,341 - INFO - Epoch: 217, Training Loss: 0.0141, Validation Loss: 0.0112
2025-11-16 16:48:53,303 - INFO - Epoch: 218, Training Loss: 0.0136, Validation Loss: 0.0133
2025-11-16 16:49:01,257 - INFO - Epoch: 219, Training Loss: 0.0161, Validation Loss: 0.0120
2025-11-16 16:49:08,692 - INFO - Epoch: 220, Training Loss: 0.0146, Validation Loss: 0.0161
2025-11-16 16:49:16,421 - INFO - Epoch: 221, Training Loss: 0.0120, Validation Loss: 0.0113
2025-11-16 16:49:24,415 - INFO - Epoch: 222, Training Loss: 0.0122, Validation Loss: 0.0154
2025-11-16 16:49:31,590 - INFO - Epoch: 223, Training Loss: 0.0141, Validation Loss: 0.0125
2025-11-16 16:49:42,442 - INFO - Epoch: 224, Training Loss: 0.0146, Validation Loss: 0.0140
2025-11-16 16:49:52,202 - INFO - Epoch: 225, Training Loss: 0.0133, Validation Loss: 0.0143
2025-11-16 16:49:58,381 - INFO - Epoch: 226, Training Loss: 0.0141, Validation Loss: 0.0125
2025-11-16 16:50:07,661 - INFO - Epoch: 227, Training Loss: 0.0126, Validation Loss: 0.0112
2025-11-16 16:50:15,523 - INFO - Epoch: 228, Training Loss: 0.0149, Validation Loss: 0.0193
2025-11-16 16:50:24,101 - INFO - Epoch: 229, Training Loss: 0.0158, Validation Loss: 0.0193
2025-11-16 16:50:33,353 - INFO - Epoch: 230, Training Loss: 0.0155, Validation Loss: 0.0106
2025-11-16 16:50:44,026 - INFO - Epoch: 231, Training Loss: 0.0165, Validation Loss: 0.0196
2025-11-16 16:50:44,026 - INFO - Early stopping triggered at epoch 231
2025-11-16 16:50:44,026 - INFO - Best validation loss: 0.0106
2025-11-16 16:50:44,030 - INFO - Restored best model weights
2025-11-16 16:50:44,030 - INFO - 
============================================================
2025-11-16 16:50:44,030 - INFO - EVALUATION RESULTS
2025-11-16 16:50:44,030 - INFO - ============================================================
2025-11-16 16:50:44,076 - INFO - Validation Set - MSE: 0.012502, MAE: 0.084857, RMSE: 0.111814, Pearson Correlation: 0.795310 (p=0.000000)
2025-11-16 16:50:44,121 - INFO - Test Set - MSE: 0.013275, MAE: 0.084831, RMSE: 0.115218, Pearson Correlation: 0.689005 (p=0.000000)
2025-11-16 16:50:44,121 - INFO - ============================================================

2025-11-16 16:50:44,122 - INFO - Trial completed successfully
2025-11-16 16:50:44,122 - INFO - ================================================================================
2025-11-16 16:50:44,122 - INFO - Trial 3 completed. End time: 2025-11-16 16:5044
2025-11-16 16:50:44,122 - INFO - ================================================================================
