2025-11-16 20:20:10,908 - INFO - ================================================================================
2025-11-16 20:20:10,908 - INFO - TRIAL 5 - Task: RGS (FP1/FP2 only, de_LDS_f21-25, no CV)
2025-11-16 20:20:10,908 - INFO - Log file: ./logs_fp_f21_25/trial5_RGS_20251116_191843.log
2025-11-16 20:20:10,908 - INFO - Start time: 2025-11-16 20:20:10
2025-11-16 20:20:10,908 - INFO - ================================================================================
2025-11-16 20:20:10,909 - INFO - START TRAINING - Task: RGS (FP1/FP2 only, de_LDS_f21-25, no CV)
2025-11-16 20:20:10,910 - INFO - Features: de_LDS_f21-25 (41Hz, 43Hz, 45Hz, 47Hz, 49Hz)
2025-11-16 20:20:10,910 - INFO - Learning rate: 0.005, Epochs: 200, Batches: 8
2025-11-16 20:20:10,910 - INFO - Data split: 70% train / 15% validation / 15% test
2025-11-16 20:20:10,910 - INFO - Loading dataset (FP1/FP2 channels, de_LDS_f21-25 only, fixed split)...
2025-11-16 20:20:10,921 - INFO - Dataset shapes - Train: (617, 2, 5, 1), Valid: (130, 2, 5, 1), Test: (138, 2, 5, 1)
2025-11-16 20:20:10,922 - INFO - Applied feature normalization (StandardScaler)
2025-11-16 20:20:10,922 - INFO - Initializing VIGNet-FP model (2 channels, 5 frequency features)...
2025-11-16 20:20:10,926 - INFO - Number of batch iterations per epoch: 77
2025-11-16 20:20:19,211 - INFO - Epoch: 1, Training Loss: 0.1059, Validation Loss: 0.0383
2025-11-16 20:20:19,212 - INFO -   → New best validation loss: 0.0383
2025-11-16 20:20:27,709 - INFO - Epoch: 2, Training Loss: 0.0311, Validation Loss: 0.0363
2025-11-16 20:20:27,710 - INFO -   → New best validation loss: 0.0363
2025-11-16 20:20:39,017 - INFO - Epoch: 3, Training Loss: 0.0295, Validation Loss: 0.0354
2025-11-16 20:20:39,018 - INFO -   → New best validation loss: 0.0354
2025-11-16 20:20:47,593 - INFO - Epoch: 4, Training Loss: 0.0290, Validation Loss: 0.0362
2025-11-16 20:20:57,333 - INFO - Epoch: 5, Training Loss: 0.0317, Validation Loss: 0.0369
2025-11-16 20:21:07,385 - INFO - Epoch: 6, Training Loss: 0.0315, Validation Loss: 0.0344
2025-11-16 20:21:07,391 - INFO -   → New best validation loss: 0.0344
2025-11-16 20:21:15,927 - INFO - Epoch: 7, Training Loss: 0.0305, Validation Loss: 0.0375
2025-11-16 20:21:25,325 - INFO - Epoch: 8, Training Loss: 0.0290, Validation Loss: 0.0352
2025-11-16 20:21:35,702 - INFO - Epoch: 9, Training Loss: 0.0288, Validation Loss: 0.0348
2025-11-16 20:21:45,772 - INFO - Epoch: 10, Training Loss: 0.0297, Validation Loss: 0.0350
2025-11-16 20:21:55,020 - INFO - Epoch: 11, Training Loss: 0.0286, Validation Loss: 0.0345
2025-11-16 20:22:03,783 - INFO - Epoch: 12, Training Loss: 0.0279, Validation Loss: 0.0362
2025-11-16 20:22:13,789 - INFO - Epoch: 13, Training Loss: 0.0284, Validation Loss: 0.0357
2025-11-16 20:22:22,104 - INFO - Epoch: 14, Training Loss: 0.0277, Validation Loss: 0.0347
2025-11-16 20:22:30,286 - INFO - Epoch: 15, Training Loss: 0.0283, Validation Loss: 0.0410
2025-11-16 20:22:39,812 - INFO - Epoch: 16, Training Loss: 0.0272, Validation Loss: 0.0335
2025-11-16 20:22:39,813 - INFO -   → New best validation loss: 0.0335
2025-11-16 20:22:48,071 - INFO - Epoch: 17, Training Loss: 0.0272, Validation Loss: 0.0340
2025-11-16 20:22:59,685 - INFO - Epoch: 18, Training Loss: 0.0268, Validation Loss: 0.0342
2025-11-16 20:23:08,479 - INFO - Epoch: 19, Training Loss: 0.0285, Validation Loss: 0.0346
2025-11-16 20:23:15,215 - INFO - Epoch: 20, Training Loss: 0.0275, Validation Loss: 0.0386
2025-11-16 20:23:22,916 - INFO - Epoch: 21, Training Loss: 0.0286, Validation Loss: 0.0365
2025-11-16 20:23:31,655 - INFO - Epoch: 22, Training Loss: 0.0285, Validation Loss: 0.0329
2025-11-16 20:23:31,657 - INFO -   → New best validation loss: 0.0329
2025-11-16 20:23:40,902 - INFO - Epoch: 23, Training Loss: 0.0277, Validation Loss: 0.0330
2025-11-16 20:23:50,986 - INFO - Epoch: 24, Training Loss: 0.0267, Validation Loss: 0.0329
2025-11-16 20:24:00,151 - INFO - Epoch: 25, Training Loss: 0.0261, Validation Loss: 0.0334
2025-11-16 20:24:09,236 - INFO - Epoch: 26, Training Loss: 0.0270, Validation Loss: 0.0325
2025-11-16 20:24:09,237 - INFO -   → New best validation loss: 0.0325
2025-11-16 20:24:15,557 - INFO - Epoch: 27, Training Loss: 0.0261, Validation Loss: 0.0323
2025-11-16 20:24:15,558 - INFO -   → New best validation loss: 0.0323
2025-11-16 20:24:25,199 - INFO - Epoch: 28, Training Loss: 0.0260, Validation Loss: 0.0372
2025-11-16 20:24:35,798 - INFO - Epoch: 29, Training Loss: 0.0260, Validation Loss: 0.0357
2025-11-16 20:24:46,661 - INFO - Epoch: 30, Training Loss: 0.0258, Validation Loss: 0.0386
2025-11-16 20:24:54,633 - INFO - Epoch: 31, Training Loss: 0.0255, Validation Loss: 0.0354
2025-11-16 20:25:03,400 - INFO - Epoch: 32, Training Loss: 0.0241, Validation Loss: 0.0310
2025-11-16 20:25:03,401 - INFO -   → New best validation loss: 0.0310
2025-11-16 20:25:12,955 - INFO - Epoch: 33, Training Loss: 0.0249, Validation Loss: 0.0327
2025-11-16 20:25:21,499 - INFO - Epoch: 34, Training Loss: 0.0249, Validation Loss: 0.0330
2025-11-16 20:25:30,505 - INFO - Epoch: 35, Training Loss: 0.0241, Validation Loss: 0.0318
2025-11-16 20:25:41,157 - INFO - Epoch: 36, Training Loss: 0.0252, Validation Loss: 0.0340
2025-11-16 20:25:49,534 - INFO - Epoch: 37, Training Loss: 0.0252, Validation Loss: 0.0350
2025-11-16 20:25:58,834 - INFO - Epoch: 38, Training Loss: 0.0246, Validation Loss: 0.0313
2025-11-16 20:26:10,699 - INFO - Epoch: 39, Training Loss: 0.0253, Validation Loss: 0.0290
2025-11-16 20:26:10,703 - INFO -   → New best validation loss: 0.0290
2025-11-16 20:26:19,190 - INFO - Epoch: 40, Training Loss: 0.0237, Validation Loss: 0.0324
2025-11-16 20:26:28,732 - INFO - Epoch: 41, Training Loss: 0.0250, Validation Loss: 0.0327
2025-11-16 20:26:38,944 - INFO - Epoch: 42, Training Loss: 0.0239, Validation Loss: 0.0301
2025-11-16 20:26:47,117 - INFO - Epoch: 43, Training Loss: 0.0234, Validation Loss: 0.0304
2025-11-16 20:26:56,088 - INFO - Epoch: 44, Training Loss: 0.0238, Validation Loss: 0.0309
2025-11-16 20:27:05,459 - INFO - Epoch: 45, Training Loss: 0.0237, Validation Loss: 0.0281
2025-11-16 20:27:05,461 - INFO -   → New best validation loss: 0.0281
2025-11-16 20:27:13,708 - INFO - Epoch: 46, Training Loss: 0.0221, Validation Loss: 0.0279
2025-11-16 20:27:13,711 - INFO -   → New best validation loss: 0.0279
2025-11-16 20:27:23,001 - INFO - Epoch: 47, Training Loss: 0.0227, Validation Loss: 0.0306
2025-11-16 20:27:32,239 - INFO - Epoch: 48, Training Loss: 0.0229, Validation Loss: 0.0323
2025-11-16 20:27:42,914 - INFO - Epoch: 49, Training Loss: 0.0227, Validation Loss: 0.0350
2025-11-16 20:27:50,829 - INFO - Epoch: 50, Training Loss: 0.0233, Validation Loss: 0.0274
2025-11-16 20:27:50,829 - INFO -   → New best validation loss: 0.0274
2025-11-16 20:27:58,566 - INFO - Epoch: 51, Training Loss: 0.0215, Validation Loss: 0.0283
2025-11-16 20:28:07,786 - INFO - Epoch: 52, Training Loss: 0.0225, Validation Loss: 0.0276
2025-11-16 20:28:17,022 - INFO - Epoch: 53, Training Loss: 0.0219, Validation Loss: 0.0287
2025-11-16 20:28:26,963 - INFO - Epoch: 54, Training Loss: 0.0215, Validation Loss: 0.0315
2025-11-16 20:28:35,262 - INFO - Epoch: 55, Training Loss: 0.0222, Validation Loss: 0.0258
2025-11-16 20:28:35,263 - INFO -   → New best validation loss: 0.0258
2025-11-16 20:28:45,897 - INFO - Epoch: 56, Training Loss: 0.0212, Validation Loss: 0.0257
2025-11-16 20:28:45,898 - INFO -   → New best validation loss: 0.0257
2025-11-16 20:28:55,722 - INFO - Epoch: 57, Training Loss: 0.0210, Validation Loss: 0.0264
2025-11-16 20:29:07,090 - INFO - Epoch: 58, Training Loss: 0.0208, Validation Loss: 0.0257
2025-11-16 20:29:14,266 - INFO - Epoch: 59, Training Loss: 0.0217, Validation Loss: 0.0281
2025-11-16 20:29:22,744 - INFO - Epoch: 60, Training Loss: 0.0209, Validation Loss: 0.0251
2025-11-16 20:29:22,745 - INFO -   → New best validation loss: 0.0251
2025-11-16 20:29:33,424 - INFO - Epoch: 61, Training Loss: 0.0207, Validation Loss: 0.0228
2025-11-16 20:29:33,425 - INFO -   → New best validation loss: 0.0228
2025-11-16 20:29:45,262 - INFO - Epoch: 62, Training Loss: 0.0199, Validation Loss: 0.0247
2025-11-16 20:29:54,759 - INFO - Epoch: 63, Training Loss: 0.0205, Validation Loss: 0.0253
2025-11-16 20:30:00,841 - INFO - Epoch: 64, Training Loss: 0.0194, Validation Loss: 0.0237
2025-11-16 20:30:07,374 - INFO - Epoch: 65, Training Loss: 0.0196, Validation Loss: 0.0228
2025-11-16 20:30:07,378 - INFO -   → New best validation loss: 0.0228
2025-11-16 20:30:17,489 - INFO - Epoch: 66, Training Loss: 0.0206, Validation Loss: 0.0242
2025-11-16 20:30:29,285 - INFO - Epoch: 67, Training Loss: 0.0196, Validation Loss: 0.0225
2025-11-16 20:30:29,289 - INFO -   → New best validation loss: 0.0225
2025-11-16 20:30:37,765 - INFO - Epoch: 68, Training Loss: 0.0193, Validation Loss: 0.0217
2025-11-16 20:30:37,766 - INFO -   → New best validation loss: 0.0217
2025-11-16 20:30:46,713 - INFO - Epoch: 69, Training Loss: 0.0194, Validation Loss: 0.0219
2025-11-16 20:30:55,360 - INFO - Epoch: 70, Training Loss: 0.0194, Validation Loss: 0.0234
2025-11-16 20:31:02,899 - INFO - Epoch: 71, Training Loss: 0.0202, Validation Loss: 0.0223
2025-11-16 20:31:12,494 - INFO - Epoch: 72, Training Loss: 0.0187, Validation Loss: 0.0228
2025-11-16 20:31:19,724 - INFO - Epoch: 73, Training Loss: 0.0202, Validation Loss: 0.0246
2025-11-16 20:31:28,855 - INFO - Epoch: 74, Training Loss: 0.0201, Validation Loss: 0.0260
2025-11-16 20:31:37,663 - INFO - Epoch: 75, Training Loss: 0.0186, Validation Loss: 0.0256
2025-11-16 20:31:47,701 - INFO - Epoch: 76, Training Loss: 0.0188, Validation Loss: 0.0256
2025-11-16 20:31:57,080 - INFO - Epoch: 77, Training Loss: 0.0181, Validation Loss: 0.0200
2025-11-16 20:31:57,085 - INFO -   → New best validation loss: 0.0200
2025-11-16 20:32:06,663 - INFO - Epoch: 78, Training Loss: 0.0205, Validation Loss: 0.0188
2025-11-16 20:32:06,664 - INFO -   → New best validation loss: 0.0188
2025-11-16 20:32:13,943 - INFO - Epoch: 79, Training Loss: 0.0172, Validation Loss: 0.0192
2025-11-16 20:32:23,873 - INFO - Epoch: 80, Training Loss: 0.0176, Validation Loss: 0.0275
2025-11-16 20:32:34,854 - INFO - Epoch: 81, Training Loss: 0.0175, Validation Loss: 0.0310
2025-11-16 20:32:46,610 - INFO - Epoch: 82, Training Loss: 0.0168, Validation Loss: 0.0201
2025-11-16 20:32:59,831 - INFO - Epoch: 83, Training Loss: 0.0181, Validation Loss: 0.0240
2025-11-16 20:33:12,064 - INFO - Epoch: 84, Training Loss: 0.0163, Validation Loss: 0.0229
2025-11-16 20:33:19,796 - INFO - Epoch: 85, Training Loss: 0.0165, Validation Loss: 0.0191
2025-11-16 20:33:29,592 - INFO - Epoch: 86, Training Loss: 0.0173, Validation Loss: 0.0179
2025-11-16 20:33:29,596 - INFO -   → New best validation loss: 0.0179
2025-11-16 20:33:36,971 - INFO - Epoch: 87, Training Loss: 0.0188, Validation Loss: 0.0198
2025-11-16 20:33:46,190 - INFO - Epoch: 88, Training Loss: 0.0177, Validation Loss: 0.0181
2025-11-16 20:33:58,014 - INFO - Epoch: 89, Training Loss: 0.0175, Validation Loss: 0.0180
2025-11-16 20:34:06,251 - INFO - Epoch: 90, Training Loss: 0.0164, Validation Loss: 0.0174
2025-11-16 20:34:06,255 - INFO -   → New best validation loss: 0.0174
2025-11-16 20:34:13,104 - INFO - Epoch: 91, Training Loss: 0.0152, Validation Loss: 0.0172
2025-11-16 20:34:13,105 - INFO -   → New best validation loss: 0.0172
2025-11-16 20:34:20,662 - INFO - Epoch: 92, Training Loss: 0.0151, Validation Loss: 0.0238
2025-11-16 20:34:30,758 - INFO - Epoch: 93, Training Loss: 0.0158, Validation Loss: 0.0169
2025-11-16 20:34:30,759 - INFO -   → New best validation loss: 0.0169
2025-11-16 20:34:38,809 - INFO - Epoch: 94, Training Loss: 0.0164, Validation Loss: 0.0168
2025-11-16 20:34:38,810 - INFO -   → New best validation loss: 0.0168
2025-11-16 20:34:48,105 - INFO - Epoch: 95, Training Loss: 0.0169, Validation Loss: 0.0167
2025-11-16 20:34:48,107 - INFO -   → New best validation loss: 0.0167
2025-11-16 20:34:56,320 - INFO - Epoch: 96, Training Loss: 0.0165, Validation Loss: 0.0199
2025-11-16 20:35:05,233 - INFO - Epoch: 97, Training Loss: 0.0158, Validation Loss: 0.0236
2025-11-16 20:35:14,111 - INFO - Epoch: 98, Training Loss: 0.0160, Validation Loss: 0.0179
2025-11-16 20:35:22,812 - INFO - Epoch: 99, Training Loss: 0.0152, Validation Loss: 0.0162
2025-11-16 20:35:22,816 - INFO -   → New best validation loss: 0.0162
2025-11-16 20:35:31,344 - INFO - Epoch: 100, Training Loss: 0.0149, Validation Loss: 0.0156
2025-11-16 20:35:31,345 - INFO -   → New best validation loss: 0.0156
2025-11-16 20:35:39,050 - INFO - Epoch: 101, Training Loss: 0.0154, Validation Loss: 0.0173
2025-11-16 20:35:44,358 - INFO - Epoch: 102, Training Loss: 0.0157, Validation Loss: 0.0154
2025-11-16 20:35:44,364 - INFO -   → New best validation loss: 0.0154
2025-11-16 20:35:53,954 - INFO - Epoch: 103, Training Loss: 0.0143, Validation Loss: 0.0162
2025-11-16 20:36:05,032 - INFO - Epoch: 104, Training Loss: 0.0138, Validation Loss: 0.0229
2025-11-16 20:36:12,580 - INFO - Epoch: 105, Training Loss: 0.0146, Validation Loss: 0.0168
2025-11-16 20:36:20,694 - INFO - Epoch: 106, Training Loss: 0.0148, Validation Loss: 0.0175
2025-11-16 20:36:30,275 - INFO - Epoch: 107, Training Loss: 0.0152, Validation Loss: 0.0174
2025-11-16 20:36:37,943 - INFO - Epoch: 108, Training Loss: 0.0146, Validation Loss: 0.0139
2025-11-16 20:36:37,944 - INFO -   → New best validation loss: 0.0139
2025-11-16 20:36:47,932 - INFO - Epoch: 109, Training Loss: 0.0146, Validation Loss: 0.0180
2025-11-16 20:36:58,437 - INFO - Epoch: 110, Training Loss: 0.0151, Validation Loss: 0.0185
2025-11-16 20:37:07,799 - INFO - Epoch: 111, Training Loss: 0.0169, Validation Loss: 0.0190
2025-11-16 20:37:14,193 - INFO - Epoch: 112, Training Loss: 0.0137, Validation Loss: 0.0157
2025-11-16 20:37:23,294 - INFO - Epoch: 113, Training Loss: 0.0157, Validation Loss: 0.0152
2025-11-16 20:37:31,675 - INFO - Epoch: 114, Training Loss: 0.0139, Validation Loss: 0.0177
2025-11-16 20:37:41,304 - INFO - Epoch: 115, Training Loss: 0.0139, Validation Loss: 0.0148
2025-11-16 20:37:49,933 - INFO - Epoch: 116, Training Loss: 0.0129, Validation Loss: 0.0181
2025-11-16 20:38:00,508 - INFO - Epoch: 117, Training Loss: 0.0145, Validation Loss: 0.0172
2025-11-16 20:38:10,099 - INFO - Epoch: 118, Training Loss: 0.0133, Validation Loss: 0.0140
2025-11-16 20:38:22,114 - INFO - Epoch: 119, Training Loss: 0.0139, Validation Loss: 0.0157
2025-11-16 20:38:33,530 - INFO - Epoch: 120, Training Loss: 0.0137, Validation Loss: 0.0151
2025-11-16 20:38:44,005 - INFO - Epoch: 121, Training Loss: 0.0136, Validation Loss: 0.0167
2025-11-16 20:38:54,549 - INFO - Epoch: 122, Training Loss: 0.0140, Validation Loss: 0.0174
2025-11-16 20:39:05,028 - INFO - Epoch: 123, Training Loss: 0.0143, Validation Loss: 0.0144
2025-11-16 20:39:12,632 - INFO - Epoch: 124, Training Loss: 0.0154, Validation Loss: 0.0172
2025-11-16 20:39:18,090 - INFO - Epoch: 125, Training Loss: 0.0142, Validation Loss: 0.0166
2025-11-16 20:39:26,968 - INFO - Epoch: 126, Training Loss: 0.0133, Validation Loss: 0.0193
2025-11-16 20:39:36,347 - INFO - Epoch: 127, Training Loss: 0.0139, Validation Loss: 0.0158
2025-11-16 20:39:45,066 - INFO - Epoch: 128, Training Loss: 0.0138, Validation Loss: 0.0174
2025-11-16 20:39:45,066 - INFO - Early stopping triggered at epoch 128
2025-11-16 20:39:45,066 - INFO - Best validation loss: 0.0139
2025-11-16 20:39:45,084 - INFO - Restored best model weights
2025-11-16 20:39:45,084 - INFO - 
============================================================
2025-11-16 20:39:45,084 - INFO - EVALUATION RESULTS
2025-11-16 20:39:45,084 - INFO - ============================================================
2025-11-16 20:39:45,277 - INFO - Validation Prediction Stats:
2025-11-16 20:39:45,277 - INFO -   Std: 0.304929, Range: 0.959889, Unique ratio: 0.7462
2025-11-16 20:39:45,279 - INFO - Validation Set - MSE: 0.014627, MAE: 0.091327, RMSE: 0.120943, Pearson Correlation: 0.929094 (p=0.000000)
2025-11-16 20:39:45,451 - INFO - Test Prediction Stats:
2025-11-16 20:39:45,451 - INFO -   Std: 0.343741, Range: 1.117523, Unique ratio: 0.7174
2025-11-16 20:39:45,452 - INFO - Test Set - MSE: 0.017195, MAE: 0.096677, RMSE: 0.131130, Pearson Correlation: 0.927984 (p=0.000000)
2025-11-16 20:39:45,452 - INFO - ============================================================

2025-11-16 20:39:45,454 - INFO - Trial completed successfully
2025-11-16 20:39:45,454 - INFO - ================================================================================
2025-11-16 20:39:45,454 - INFO - Trial 5 completed. End time: 2025-11-16 20:3945
2025-11-16 20:39:45,454 - INFO - ================================================================================
