2025-11-16 15:23:57,726 - INFO - ================================================================================
2025-11-16 15:23:57,726 - INFO - TRIAL 1 - Task: RGS (FP1/FP2 only, de_LDS_f21-25, no CV)
2025-11-16 15:23:57,726 - INFO - Log file: ./logs_fp_f21_25/trial1_RGS_20251116_152357.log
2025-11-16 15:23:57,726 - INFO - Start time: 2025-11-16 15:23:57
2025-11-16 15:23:57,726 - INFO - ================================================================================
2025-11-16 15:23:58,171 - INFO - START TRAINING - Task: RGS (FP1/FP2 only, de_LDS_f21-25, no CV)
2025-11-16 15:23:58,172 - INFO - Features: de_LDS_f21-25 (41Hz, 43Hz, 45Hz, 47Hz, 49Hz)
2025-11-16 15:23:58,172 - INFO - Learning rate: 0.005, Epochs: 500, Batches: 8
2025-11-16 15:23:58,172 - INFO - Data split: 70% train / 15% validation / 15% test
2025-11-16 15:23:58,172 - INFO - Loading dataset (FP1/FP2 channels, de_LDS_f21-25 only, fixed split)...
2025-11-16 15:23:58,183 - INFO - Dataset shapes - Train: (619, 2, 5, 1), Valid: (132, 2, 5, 1), Test: (134, 2, 5, 1)
2025-11-16 15:23:58,184 - INFO - Initializing VIGNet-FP model (2 channels, 5 frequency features)...
2025-11-16 15:23:58,189 - INFO - Number of batch iterations per epoch: 77
2025-11-16 15:24:08,732 - INFO - Epoch: 1, Training Loss: 0.1404, Validation Loss: 0.0860
2025-11-16 15:24:08,734 - INFO -   → New best validation loss: 0.0860
2025-11-16 15:24:17,380 - INFO - Epoch: 2, Training Loss: 0.0855, Validation Loss: 0.0932
2025-11-16 15:24:26,043 - INFO - Epoch: 3, Training Loss: 0.0862, Validation Loss: 0.0843
2025-11-16 15:24:26,045 - INFO -   → New best validation loss: 0.0843
2025-11-16 15:24:33,533 - INFO - Epoch: 4, Training Loss: 0.0849, Validation Loss: 0.0856
2025-11-16 15:24:38,910 - INFO - Epoch: 5, Training Loss: 0.0851, Validation Loss: 0.0897
2025-11-16 15:24:43,467 - INFO - Epoch: 6, Training Loss: 0.0869, Validation Loss: 0.0826
2025-11-16 15:24:43,467 - INFO -   → New best validation loss: 0.0826
2025-11-16 15:24:54,380 - INFO - Epoch: 7, Training Loss: 0.0858, Validation Loss: 0.0826
2025-11-16 15:25:00,556 - INFO - Epoch: 8, Training Loss: 0.0832, Validation Loss: 0.0810
2025-11-16 15:25:00,556 - INFO -   → New best validation loss: 0.0810
2025-11-16 15:25:07,148 - INFO - Epoch: 9, Training Loss: 0.0874, Validation Loss: 0.0792
2025-11-16 15:25:07,149 - INFO -   → New best validation loss: 0.0792
2025-11-16 15:25:15,329 - INFO - Epoch: 10, Training Loss: 0.0874, Validation Loss: 0.0774
2025-11-16 15:25:15,330 - INFO -   → New best validation loss: 0.0774
2025-11-16 15:25:22,763 - INFO - Epoch: 11, Training Loss: 0.0829, Validation Loss: 0.0748
2025-11-16 15:25:22,763 - INFO -   → New best validation loss: 0.0748
2025-11-16 15:25:31,512 - INFO - Epoch: 12, Training Loss: 0.0848, Validation Loss: 0.0778
2025-11-16 15:25:40,726 - INFO - Epoch: 13, Training Loss: 0.0846, Validation Loss: 0.0768
2025-11-16 15:25:50,194 - INFO - Epoch: 14, Training Loss: 0.0803, Validation Loss: 0.0817
2025-11-16 15:26:00,058 - INFO - Epoch: 15, Training Loss: 0.0778, Validation Loss: 0.0952
2025-11-16 15:26:06,991 - INFO - Epoch: 16, Training Loss: 0.0835, Validation Loss: 0.0686
2025-11-16 15:26:06,991 - INFO -   → New best validation loss: 0.0686
2025-11-16 15:26:15,461 - INFO - Epoch: 17, Training Loss: 0.0767, Validation Loss: 0.0695
2025-11-16 15:26:21,504 - INFO - Epoch: 18, Training Loss: 0.0792, Validation Loss: 0.1113
2025-11-16 15:26:29,290 - INFO - Epoch: 19, Training Loss: 0.0748, Validation Loss: 0.0646
2025-11-16 15:26:29,291 - INFO -   → New best validation loss: 0.0646
2025-11-16 15:26:37,025 - INFO - Epoch: 20, Training Loss: 0.0690, Validation Loss: 0.0814
2025-11-16 15:26:49,401 - INFO - Epoch: 21, Training Loss: 0.0679, Validation Loss: 0.0492
2025-11-16 15:26:49,402 - INFO -   → New best validation loss: 0.0492
2025-11-16 15:26:57,076 - INFO - Epoch: 22, Training Loss: 0.0697, Validation Loss: 0.0631
2025-11-16 15:27:04,472 - INFO - Epoch: 23, Training Loss: 0.0637, Validation Loss: 0.0755
2025-11-16 15:27:13,541 - INFO - Epoch: 24, Training Loss: 0.0666, Validation Loss: 0.1196
2025-11-16 15:27:21,256 - INFO - Epoch: 25, Training Loss: 0.0655, Validation Loss: 0.0469
2025-11-16 15:27:21,257 - INFO -   → New best validation loss: 0.0469
2025-11-16 15:27:29,958 - INFO - Epoch: 26, Training Loss: 0.0672, Validation Loss: 0.0487
2025-11-16 15:27:39,278 - INFO - Epoch: 27, Training Loss: 0.0666, Validation Loss: 0.1552
2025-11-16 15:27:49,058 - INFO - Epoch: 28, Training Loss: 0.0687, Validation Loss: 0.0569
2025-11-16 15:27:58,009 - INFO - Epoch: 29, Training Loss: 0.0635, Validation Loss: 0.0581
2025-11-16 15:28:06,731 - INFO - Epoch: 30, Training Loss: 0.0678, Validation Loss: 0.0591
2025-11-16 15:28:15,673 - INFO - Epoch: 31, Training Loss: 0.0676, Validation Loss: 0.0524
2025-11-16 15:28:25,186 - INFO - Epoch: 32, Training Loss: 0.0602, Validation Loss: 0.0402
2025-11-16 15:28:25,186 - INFO -   → New best validation loss: 0.0402
2025-11-16 15:28:34,511 - INFO - Epoch: 33, Training Loss: 0.0548, Validation Loss: 0.0420
2025-11-16 15:28:44,341 - INFO - Epoch: 34, Training Loss: 0.0563, Validation Loss: 0.0405
2025-11-16 15:28:55,747 - INFO - Epoch: 35, Training Loss: 0.0596, Validation Loss: 0.0743
2025-11-16 15:29:03,559 - INFO - Epoch: 36, Training Loss: 0.0480, Validation Loss: 0.0368
2025-11-16 15:29:03,560 - INFO -   → New best validation loss: 0.0368
2025-11-16 15:29:13,207 - INFO - Epoch: 37, Training Loss: 0.0601, Validation Loss: 0.0403
2025-11-16 15:29:23,957 - INFO - Epoch: 38, Training Loss: 0.0516, Validation Loss: 0.0449
2025-11-16 15:29:32,323 - INFO - Epoch: 39, Training Loss: 0.0538, Validation Loss: 0.0502
2025-11-16 15:29:43,162 - INFO - Epoch: 40, Training Loss: 0.0487, Validation Loss: 0.0792
2025-11-16 15:29:52,846 - INFO - Epoch: 41, Training Loss: 0.0527, Validation Loss: 0.0349
2025-11-16 15:29:52,847 - INFO -   → New best validation loss: 0.0349
2025-11-16 15:30:01,312 - INFO - Epoch: 42, Training Loss: 0.0387, Validation Loss: 0.0271
2025-11-16 15:30:01,313 - INFO -   → New best validation loss: 0.0271
2025-11-16 15:30:10,076 - INFO - Epoch: 43, Training Loss: 0.0492, Validation Loss: 0.0319
2025-11-16 15:30:17,424 - INFO - Epoch: 44, Training Loss: 0.0448, Validation Loss: 0.0300
2025-11-16 15:30:26,406 - INFO - Epoch: 45, Training Loss: 0.0469, Validation Loss: 0.0334
2025-11-16 15:30:35,022 - INFO - Epoch: 46, Training Loss: 0.0404, Validation Loss: 0.0363
2025-11-16 15:30:44,621 - INFO - Epoch: 47, Training Loss: 0.0584, Validation Loss: 0.0536
2025-11-16 15:30:54,647 - INFO - Epoch: 48, Training Loss: 0.0364, Validation Loss: 0.0202
2025-11-16 15:30:54,652 - INFO -   → New best validation loss: 0.0202
2025-11-16 15:31:02,502 - INFO - Epoch: 49, Training Loss: 0.0529, Validation Loss: 0.0379
2025-11-16 15:31:09,284 - INFO - Epoch: 50, Training Loss: 0.0430, Validation Loss: 0.0902
2025-11-16 15:31:18,283 - INFO - Epoch: 51, Training Loss: 0.0516, Validation Loss: 0.0690
2025-11-16 15:31:26,298 - INFO - Epoch: 52, Training Loss: 0.0547, Validation Loss: 0.0428
2025-11-16 15:31:36,120 - INFO - Epoch: 53, Training Loss: 0.0381, Validation Loss: 0.0256
2025-11-16 15:31:48,260 - INFO - Epoch: 54, Training Loss: 0.0420, Validation Loss: 0.0196
2025-11-16 15:31:48,262 - INFO -   → New best validation loss: 0.0196
2025-11-16 15:31:59,863 - INFO - Epoch: 55, Training Loss: 0.0458, Validation Loss: 0.0198
2025-11-16 15:32:10,614 - INFO - Epoch: 56, Training Loss: 0.0391, Validation Loss: 0.0842
2025-11-16 15:32:19,722 - INFO - Epoch: 57, Training Loss: 0.0453, Validation Loss: 0.0695
2025-11-16 15:32:28,265 - INFO - Epoch: 58, Training Loss: 0.0399, Validation Loss: 0.0312
2025-11-16 15:32:36,278 - INFO - Epoch: 59, Training Loss: 0.0324, Validation Loss: 0.0582
2025-11-16 15:32:47,255 - INFO - Epoch: 60, Training Loss: 0.0348, Validation Loss: 0.0225
2025-11-16 15:32:56,806 - INFO - Epoch: 61, Training Loss: 0.0387, Validation Loss: 0.0356
2025-11-16 15:33:06,360 - INFO - Epoch: 62, Training Loss: 0.0560, Validation Loss: 0.1544
2025-11-16 15:33:16,390 - INFO - Epoch: 63, Training Loss: 0.0612, Validation Loss: 0.0288
2025-11-16 15:33:23,831 - INFO - Epoch: 64, Training Loss: 0.0371, Validation Loss: 0.0286
2025-11-16 15:33:32,852 - INFO - Epoch: 65, Training Loss: 0.0333, Validation Loss: 0.0275
2025-11-16 15:33:41,321 - INFO - Epoch: 66, Training Loss: 0.0334, Validation Loss: 0.0503
2025-11-16 15:33:53,438 - INFO - Epoch: 67, Training Loss: 0.0316, Validation Loss: 0.0337
2025-11-16 15:34:03,295 - INFO - Epoch: 68, Training Loss: 0.0456, Validation Loss: 0.1547
2025-11-16 15:34:13,323 - INFO - Epoch: 69, Training Loss: 0.0386, Validation Loss: 0.0326
2025-11-16 15:34:24,775 - INFO - Epoch: 70, Training Loss: 0.0425, Validation Loss: 0.0270
2025-11-16 15:34:32,172 - INFO - Epoch: 71, Training Loss: 0.0351, Validation Loss: 0.0198
2025-11-16 15:34:39,454 - INFO - Epoch: 72, Training Loss: 0.0238, Validation Loss: 0.0125
2025-11-16 15:34:39,454 - INFO -   → New best validation loss: 0.0125
2025-11-16 15:34:48,191 - INFO - Epoch: 73, Training Loss: 0.0380, Validation Loss: 0.0240
2025-11-16 15:34:57,931 - INFO - Epoch: 74, Training Loss: 0.0315, Validation Loss: 0.0108
2025-11-16 15:34:57,934 - INFO -   → New best validation loss: 0.0108
2025-11-16 15:35:08,043 - INFO - Epoch: 75, Training Loss: 0.0383, Validation Loss: 0.0349
2025-11-16 15:35:18,935 - INFO - Epoch: 76, Training Loss: 0.0330, Validation Loss: 0.0158
2025-11-16 15:35:28,165 - INFO - Epoch: 77, Training Loss: 0.0301, Validation Loss: 0.0273
2025-11-16 15:35:38,038 - INFO - Epoch: 78, Training Loss: 0.0230, Validation Loss: 0.0228
2025-11-16 15:35:47,520 - INFO - Epoch: 79, Training Loss: 0.0363, Validation Loss: 0.0461
2025-11-16 15:35:55,889 - INFO - Epoch: 80, Training Loss: 0.0338, Validation Loss: 0.0126
2025-11-16 15:36:04,599 - INFO - Epoch: 81, Training Loss: 0.0336, Validation Loss: 0.0137
2025-11-16 15:36:14,960 - INFO - Epoch: 82, Training Loss: 0.0389, Validation Loss: 0.0352
2025-11-16 15:36:23,600 - INFO - Epoch: 83, Training Loss: 0.0284, Validation Loss: 0.0522
2025-11-16 15:36:32,746 - INFO - Epoch: 84, Training Loss: 0.0288, Validation Loss: 0.0993
2025-11-16 15:36:40,517 - INFO - Epoch: 85, Training Loss: 0.0374, Validation Loss: 0.0641
2025-11-16 15:36:49,570 - INFO - Epoch: 86, Training Loss: 0.0329, Validation Loss: 0.0406
2025-11-16 15:36:57,728 - INFO - Epoch: 87, Training Loss: 0.0355, Validation Loss: 0.0851
2025-11-16 15:37:08,488 - INFO - Epoch: 88, Training Loss: 0.0298, Validation Loss: 0.0119
2025-11-16 15:37:18,565 - INFO - Epoch: 89, Training Loss: 0.0302, Validation Loss: 0.0309
2025-11-16 15:37:27,929 - INFO - Epoch: 90, Training Loss: 0.0450, Validation Loss: 0.0432
2025-11-16 15:37:36,393 - INFO - Epoch: 91, Training Loss: 0.0334, Validation Loss: 0.0203
2025-11-16 15:37:46,873 - INFO - Epoch: 92, Training Loss: 0.0306, Validation Loss: 0.0127
2025-11-16 15:37:55,986 - INFO - Epoch: 93, Training Loss: 0.0342, Validation Loss: 0.0112
2025-11-16 15:38:05,186 - INFO - Epoch: 94, Training Loss: 0.0252, Validation Loss: 0.0116
2025-11-16 15:38:12,502 - INFO - Epoch: 95, Training Loss: 0.0303, Validation Loss: 0.0148
2025-11-16 15:38:19,594 - INFO - Epoch: 96, Training Loss: 0.0227, Validation Loss: 0.0247
2025-11-16 15:38:28,922 - INFO - Epoch: 97, Training Loss: 0.0231, Validation Loss: 0.0200
2025-11-16 15:38:38,731 - INFO - Epoch: 98, Training Loss: 0.0246, Validation Loss: 0.0136
2025-11-16 15:38:48,408 - INFO - Epoch: 99, Training Loss: 0.0227, Validation Loss: 0.0163
2025-11-16 15:38:58,890 - INFO - Epoch: 100, Training Loss: 0.0313, Validation Loss: 0.0923
2025-11-16 15:39:08,803 - INFO - Epoch: 101, Training Loss: 0.0210, Validation Loss: 0.0209
2025-11-16 15:39:18,236 - INFO - Epoch: 102, Training Loss: 0.0375, Validation Loss: 0.0336
2025-11-16 15:39:25,726 - INFO - Epoch: 103, Training Loss: 0.0406, Validation Loss: 0.0248
2025-11-16 15:39:34,922 - INFO - Epoch: 104, Training Loss: 0.0192, Validation Loss: 0.0155
2025-11-16 15:39:47,222 - INFO - Epoch: 105, Training Loss: 0.0214, Validation Loss: 0.0118
2025-11-16 15:39:56,929 - INFO - Epoch: 106, Training Loss: 0.0335, Validation Loss: 0.0161
2025-11-16 15:40:04,687 - INFO - Epoch: 107, Training Loss: 0.0251, Validation Loss: 0.0151
2025-11-16 15:40:15,695 - INFO - Epoch: 108, Training Loss: 0.0251, Validation Loss: 0.1172
2025-11-16 15:40:24,881 - INFO - Epoch: 109, Training Loss: 0.0214, Validation Loss: 0.0308
2025-11-16 15:40:35,740 - INFO - Epoch: 110, Training Loss: 0.0261, Validation Loss: 0.0114
2025-11-16 15:40:44,890 - INFO - Epoch: 111, Training Loss: 0.0257, Validation Loss: 0.0096
2025-11-16 15:40:44,891 - INFO -   → New best validation loss: 0.0096
2025-11-16 15:40:54,777 - INFO - Epoch: 112, Training Loss: 0.0205, Validation Loss: 0.0187
2025-11-16 15:41:04,637 - INFO - Epoch: 113, Training Loss: 0.0299, Validation Loss: 0.0230
2025-11-16 15:41:13,666 - INFO - Epoch: 114, Training Loss: 0.0318, Validation Loss: 0.0150
2025-11-16 15:41:21,961 - INFO - Epoch: 115, Training Loss: 0.0330, Validation Loss: 0.0381
2025-11-16 15:41:30,604 - INFO - Epoch: 116, Training Loss: 0.0206, Validation Loss: 0.0881
2025-11-16 15:41:39,831 - INFO - Epoch: 117, Training Loss: 0.0374, Validation Loss: 0.0093
2025-11-16 15:41:39,831 - INFO -   → New best validation loss: 0.0093
2025-11-16 15:41:49,185 - INFO - Epoch: 118, Training Loss: 0.0187, Validation Loss: 0.0128
2025-11-16 15:41:58,210 - INFO - Epoch: 119, Training Loss: 0.0189, Validation Loss: 0.0470
2025-11-16 15:42:07,198 - INFO - Epoch: 120, Training Loss: 0.0233, Validation Loss: 0.0812
2025-11-16 15:42:16,179 - INFO - Epoch: 121, Training Loss: 0.0259, Validation Loss: 0.0184
2025-11-16 15:42:24,932 - INFO - Epoch: 122, Training Loss: 0.0317, Validation Loss: 0.0390
2025-11-16 15:42:33,378 - INFO - Epoch: 123, Training Loss: 0.0323, Validation Loss: 0.0537
2025-11-16 15:42:41,929 - INFO - Epoch: 124, Training Loss: 0.0297, Validation Loss: 0.0361
2025-11-16 15:42:51,121 - INFO - Epoch: 125, Training Loss: 0.0320, Validation Loss: 0.0211
2025-11-16 15:42:58,426 - INFO - Epoch: 126, Training Loss: 0.0232, Validation Loss: 0.0707
2025-11-16 15:43:07,585 - INFO - Epoch: 127, Training Loss: 0.0289, Validation Loss: 0.0990
2025-11-16 15:43:18,618 - INFO - Epoch: 128, Training Loss: 0.0223, Validation Loss: 0.0155
2025-11-16 15:43:27,748 - INFO - Epoch: 129, Training Loss: 0.0211, Validation Loss: 0.0511
2025-11-16 15:43:36,470 - INFO - Epoch: 130, Training Loss: 0.0211, Validation Loss: 0.0147
2025-11-16 15:43:43,923 - INFO - Epoch: 131, Training Loss: 0.0176, Validation Loss: 0.0253
2025-11-16 15:43:52,651 - INFO - Epoch: 132, Training Loss: 0.0347, Validation Loss: 0.0434
2025-11-16 15:44:01,376 - INFO - Epoch: 133, Training Loss: 0.0220, Validation Loss: 0.0110
2025-11-16 15:44:11,698 - INFO - Epoch: 134, Training Loss: 0.0346, Validation Loss: 0.0452
2025-11-16 15:44:19,558 - INFO - Epoch: 135, Training Loss: 0.0212, Validation Loss: 0.0086
2025-11-16 15:44:19,558 - INFO -   → New best validation loss: 0.0086
2025-11-16 15:44:27,805 - INFO - Epoch: 136, Training Loss: 0.0241, Validation Loss: 0.0139
2025-11-16 15:44:35,118 - INFO - Epoch: 137, Training Loss: 0.0198, Validation Loss: 0.0760
2025-11-16 15:44:43,057 - INFO - Epoch: 138, Training Loss: 0.0249, Validation Loss: 0.0154
2025-11-16 15:44:53,141 - INFO - Epoch: 139, Training Loss: 0.0291, Validation Loss: 0.0532
2025-11-16 15:45:02,022 - INFO - Epoch: 140, Training Loss: 0.0248, Validation Loss: 0.0084
2025-11-16 15:45:02,025 - INFO -   → New best validation loss: 0.0084
2025-11-16 15:45:11,447 - INFO - Epoch: 141, Training Loss: 0.0317, Validation Loss: 0.0167
2025-11-16 15:45:21,553 - INFO - Epoch: 142, Training Loss: 0.0174, Validation Loss: 0.0092
2025-11-16 15:45:32,126 - INFO - Epoch: 143, Training Loss: 0.0289, Validation Loss: 0.0094
2025-11-16 15:45:41,481 - INFO - Epoch: 144, Training Loss: 0.0197, Validation Loss: 0.0106
2025-11-16 15:45:48,837 - INFO - Epoch: 145, Training Loss: 0.0243, Validation Loss: 0.0075
2025-11-16 15:45:48,837 - INFO -   → New best validation loss: 0.0075
2025-11-16 15:45:59,150 - INFO - Epoch: 146, Training Loss: 0.0263, Validation Loss: 0.0176
2025-11-16 15:46:09,465 - INFO - Epoch: 147, Training Loss: 0.0195, Validation Loss: 0.0116
2025-11-16 15:46:19,134 - INFO - Epoch: 148, Training Loss: 0.0162, Validation Loss: 0.0901
2025-11-16 15:46:25,525 - INFO - Epoch: 149, Training Loss: 0.0269, Validation Loss: 0.0364
2025-11-16 15:46:33,761 - INFO - Epoch: 150, Training Loss: 0.0256, Validation Loss: 0.0194
2025-11-16 15:46:41,863 - INFO - Epoch: 151, Training Loss: 0.0349, Validation Loss: 0.0145
2025-11-16 15:46:50,306 - INFO - Epoch: 152, Training Loss: 0.0174, Validation Loss: 0.0368
2025-11-16 15:46:59,403 - INFO - Epoch: 153, Training Loss: 0.0210, Validation Loss: 0.0393
2025-11-16 15:47:07,458 - INFO - Epoch: 154, Training Loss: 0.0274, Validation Loss: 0.0117
2025-11-16 15:47:15,860 - INFO - Epoch: 155, Training Loss: 0.0163, Validation Loss: 0.0360
2025-11-16 15:47:24,205 - INFO - Epoch: 156, Training Loss: 0.0215, Validation Loss: 0.0237
2025-11-16 15:47:34,637 - INFO - Epoch: 157, Training Loss: 0.0237, Validation Loss: 0.0221
2025-11-16 15:47:42,737 - INFO - Epoch: 158, Training Loss: 0.0211, Validation Loss: 0.0631
2025-11-16 15:47:52,280 - INFO - Epoch: 159, Training Loss: 0.0255, Validation Loss: 0.0143
2025-11-16 15:48:02,986 - INFO - Epoch: 160, Training Loss: 0.0264, Validation Loss: 0.0326
2025-11-16 15:48:12,262 - INFO - Epoch: 161, Training Loss: 0.0263, Validation Loss: 0.0300
2025-11-16 15:48:21,575 - INFO - Epoch: 162, Training Loss: 0.0274, Validation Loss: 0.0457
2025-11-16 15:48:31,597 - INFO - Epoch: 163, Training Loss: 0.0315, Validation Loss: 0.0421
2025-11-16 15:48:41,775 - INFO - Epoch: 164, Training Loss: 0.0201, Validation Loss: 0.0150
2025-11-16 15:48:51,374 - INFO - Epoch: 165, Training Loss: 0.0192, Validation Loss: 0.0093
2025-11-16 15:49:00,835 - INFO - Epoch: 166, Training Loss: 0.0163, Validation Loss: 0.0179
2025-11-16 15:49:10,080 - INFO - Epoch: 167, Training Loss: 0.0184, Validation Loss: 0.0077
2025-11-16 15:49:21,700 - INFO - Epoch: 168, Training Loss: 0.0168, Validation Loss: 0.0118
2025-11-16 15:49:31,234 - INFO - Epoch: 169, Training Loss: 0.0168, Validation Loss: 0.0102
2025-11-16 15:49:40,618 - INFO - Epoch: 170, Training Loss: 0.0186, Validation Loss: 0.0369
2025-11-16 15:49:49,824 - INFO - Epoch: 171, Training Loss: 0.0242, Validation Loss: 0.0130
2025-11-16 15:49:58,190 - INFO - Epoch: 172, Training Loss: 0.0140, Validation Loss: 0.0080
2025-11-16 15:50:05,761 - INFO - Epoch: 173, Training Loss: 0.0184, Validation Loss: 0.0132
2025-11-16 15:50:14,198 - INFO - Epoch: 174, Training Loss: 0.0205, Validation Loss: 0.0157
2025-11-16 15:50:22,186 - INFO - Epoch: 175, Training Loss: 0.0256, Validation Loss: 0.0492
2025-11-16 15:50:32,952 - INFO - Epoch: 176, Training Loss: 0.0304, Validation Loss: 0.0430
2025-11-16 15:50:43,307 - INFO - Epoch: 177, Training Loss: 0.0251, Validation Loss: 0.0090
2025-11-16 15:50:50,832 - INFO - Epoch: 178, Training Loss: 0.0222, Validation Loss: 0.0317
2025-11-16 15:50:59,578 - INFO - Epoch: 179, Training Loss: 0.0195, Validation Loss: 0.0533
2025-11-16 15:51:10,368 - INFO - Epoch: 180, Training Loss: 0.0392, Validation Loss: 0.0508
2025-11-16 15:51:19,743 - INFO - Epoch: 181, Training Loss: 0.0227, Validation Loss: 0.0090
2025-11-16 15:51:30,181 - INFO - Epoch: 182, Training Loss: 0.0214, Validation Loss: 0.0129
2025-11-16 15:51:38,570 - INFO - Epoch: 183, Training Loss: 0.0203, Validation Loss: 0.0073
2025-11-16 15:51:38,571 - INFO -   → New best validation loss: 0.0073
2025-11-16 15:51:49,111 - INFO - Epoch: 184, Training Loss: 0.0205, Validation Loss: 0.0255
2025-11-16 15:51:59,570 - INFO - Epoch: 185, Training Loss: 0.0246, Validation Loss: 0.0146
2025-11-16 15:52:08,330 - INFO - Epoch: 186, Training Loss: 0.0222, Validation Loss: 0.0129
2025-11-16 15:52:17,539 - INFO - Epoch: 187, Training Loss: 0.0269, Validation Loss: 0.0154
2025-11-16 15:52:26,929 - INFO - Epoch: 188, Training Loss: 0.0299, Validation Loss: 0.0186
2025-11-16 15:52:37,339 - INFO - Epoch: 189, Training Loss: 0.0229, Validation Loss: 0.0144
2025-11-16 15:52:44,775 - INFO - Epoch: 190, Training Loss: 0.0166, Validation Loss: 0.0077
2025-11-16 15:52:52,630 - INFO - Epoch: 191, Training Loss: 0.0206, Validation Loss: 0.0095
2025-11-16 15:53:03,161 - INFO - Epoch: 192, Training Loss: 0.0130, Validation Loss: 0.0172
2025-11-16 15:53:11,972 - INFO - Epoch: 193, Training Loss: 0.0217, Validation Loss: 0.0158
2025-11-16 15:53:20,326 - INFO - Epoch: 194, Training Loss: 0.0237, Validation Loss: 0.0164
2025-11-16 15:53:30,628 - INFO - Epoch: 195, Training Loss: 0.0177, Validation Loss: 0.0092
2025-11-16 15:53:40,062 - INFO - Epoch: 196, Training Loss: 0.0145, Validation Loss: 0.0215
2025-11-16 15:53:47,996 - INFO - Epoch: 197, Training Loss: 0.0169, Validation Loss: 0.0077
2025-11-16 15:53:58,325 - INFO - Epoch: 198, Training Loss: 0.0154, Validation Loss: 0.0186
2025-11-16 15:54:09,333 - INFO - Epoch: 199, Training Loss: 0.0215, Validation Loss: 0.0074
2025-11-16 15:54:19,472 - INFO - Epoch: 200, Training Loss: 0.0259, Validation Loss: 0.0256
2025-11-16 15:54:28,681 - INFO - Epoch: 201, Training Loss: 0.0221, Validation Loss: 0.0203
2025-11-16 15:54:36,623 - INFO - Epoch: 202, Training Loss: 0.0196, Validation Loss: 0.0078
2025-11-16 15:54:46,051 - INFO - Epoch: 203, Training Loss: 0.0178, Validation Loss: 0.0078
2025-11-16 15:54:53,808 - INFO - Epoch: 204, Training Loss: 0.0269, Validation Loss: 0.0123
2025-11-16 15:55:04,287 - INFO - Epoch: 205, Training Loss: 0.0404, Validation Loss: 0.0194
2025-11-16 15:55:13,747 - INFO - Epoch: 206, Training Loss: 0.0360, Validation Loss: 0.1460
2025-11-16 15:55:23,201 - INFO - Epoch: 207, Training Loss: 0.0278, Validation Loss: 0.0102
2025-11-16 15:55:33,393 - INFO - Epoch: 208, Training Loss: 0.0170, Validation Loss: 0.0155
2025-11-16 15:55:42,352 - INFO - Epoch: 209, Training Loss: 0.0250, Validation Loss: 0.0464
2025-11-16 15:55:52,450 - INFO - Epoch: 210, Training Loss: 0.0227, Validation Loss: 0.0619
2025-11-16 15:56:01,207 - INFO - Epoch: 211, Training Loss: 0.0229, Validation Loss: 0.0880
2025-11-16 15:56:10,733 - INFO - Epoch: 212, Training Loss: 0.0181, Validation Loss: 0.0181
2025-11-16 15:56:21,911 - INFO - Epoch: 213, Training Loss: 0.0252, Validation Loss: 0.0141
2025-11-16 15:56:30,962 - INFO - Epoch: 214, Training Loss: 0.0144, Validation Loss: 0.0220
2025-11-16 15:56:42,155 - INFO - Epoch: 215, Training Loss: 0.0194, Validation Loss: 0.0604
2025-11-16 15:56:51,433 - INFO - Epoch: 216, Training Loss: 0.0207, Validation Loss: 0.0088
2025-11-16 15:57:00,419 - INFO - Epoch: 217, Training Loss: 0.0188, Validation Loss: 0.0083
2025-11-16 15:57:10,485 - INFO - Epoch: 218, Training Loss: 0.0289, Validation Loss: 0.0160
2025-11-16 15:57:17,748 - INFO - Epoch: 219, Training Loss: 0.0283, Validation Loss: 0.0431
2025-11-16 15:57:26,552 - INFO - Epoch: 220, Training Loss: 0.0173, Validation Loss: 0.0095
2025-11-16 15:57:36,410 - INFO - Epoch: 221, Training Loss: 0.0149, Validation Loss: 0.0142
2025-11-16 15:57:48,344 - INFO - Epoch: 222, Training Loss: 0.0262, Validation Loss: 0.0306
2025-11-16 15:57:56,906 - INFO - Epoch: 223, Training Loss: 0.0187, Validation Loss: 0.0188
2025-11-16 15:58:04,709 - INFO - Epoch: 224, Training Loss: 0.0247, Validation Loss: 0.0365
2025-11-16 15:58:15,517 - INFO - Epoch: 225, Training Loss: 0.0277, Validation Loss: 0.0109
2025-11-16 15:58:23,939 - INFO - Epoch: 226, Training Loss: 0.0227, Validation Loss: 0.0218
2025-11-16 15:58:31,303 - INFO - Epoch: 227, Training Loss: 0.0135, Validation Loss: 0.0094
2025-11-16 15:58:40,669 - INFO - Epoch: 228, Training Loss: 0.0285, Validation Loss: 0.0195
2025-11-16 15:58:48,646 - INFO - Epoch: 229, Training Loss: 0.0274, Validation Loss: 0.0147
2025-11-16 15:58:59,093 - INFO - Epoch: 230, Training Loss: 0.0203, Validation Loss: 0.0155
2025-11-16 15:59:07,984 - INFO - Epoch: 231, Training Loss: 0.0259, Validation Loss: 0.0165
2025-11-16 15:59:16,672 - INFO - Epoch: 232, Training Loss: 0.0281, Validation Loss: 0.0187
2025-11-16 15:59:26,527 - INFO - Epoch: 233, Training Loss: 0.0215, Validation Loss: 0.0212
2025-11-16 15:59:26,528 - INFO - Early stopping triggered at epoch 233
2025-11-16 15:59:26,528 - INFO - Best validation loss: 0.0073
2025-11-16 15:59:26,531 - INFO - Restored best model weights
2025-11-16 15:59:26,531 - INFO - 
============================================================
2025-11-16 15:59:26,531 - INFO - EVALUATION RESULTS
2025-11-16 15:59:26,531 - INFO - ============================================================
2025-11-16 15:59:26,576 - INFO - Validation Set - MSE: 0.013173, MAE: 0.093591, RMSE: 0.114773, Pearson Correlation: 0.950469 (p=0.000000)
2025-11-16 15:59:26,628 - INFO - Test Set - MSE: 0.009271, MAE: 0.069082, RMSE: 0.096287, Pearson Correlation: 0.940335 (p=0.000000)
2025-11-16 15:59:26,628 - INFO - ============================================================

2025-11-16 15:59:26,628 - INFO - Trial completed successfully
2025-11-16 15:59:26,628 - INFO - ================================================================================
2025-11-16 15:59:26,628 - INFO - Trial 1 completed. End time: 2025-11-16 15:5926
2025-11-16 15:59:26,629 - INFO - ================================================================================
