2025-11-17 00:41:19,803 - INFO - ================================================================================
2025-11-17 00:41:19,803 - INFO - TRIAL 18 - Task: RGS (FP1/FP2 only, de_LDS_f21-25, no CV)
2025-11-17 00:41:19,803 - INFO - Log file: ./logs_fp_f21_25/trial18_RGS_20251116_191843.log
2025-11-17 00:41:19,803 - INFO - Start time: 2025-11-17 00:41:19
2025-11-17 00:41:19,803 - INFO - ================================================================================
2025-11-17 00:41:19,810 - INFO - START TRAINING - Task: RGS (FP1/FP2 only, de_LDS_f21-25, no CV)
2025-11-17 00:41:19,810 - INFO - Features: de_LDS_f21-25 (41Hz, 43Hz, 45Hz, 47Hz, 49Hz)
2025-11-17 00:41:19,810 - INFO - Learning rate: 0.005, Epochs: 200, Batches: 8
2025-11-17 00:41:19,810 - INFO - Data split: 70% train / 15% validation / 15% test
2025-11-17 00:41:19,811 - INFO - Loading dataset (FP1/FP2 channels, de_LDS_f21-25 only, fixed split)...
2025-11-17 00:41:19,853 - INFO - Dataset shapes - Train: (616, 2, 5, 1), Valid: (131, 2, 5, 1), Test: (138, 2, 5, 1)
2025-11-17 00:41:19,853 - INFO - Applied feature normalization (StandardScaler)
2025-11-17 00:41:19,855 - INFO - Initializing VIGNet-FP model (2 channels, 5 frequency features)...
2025-11-17 00:41:19,863 - INFO - Number of batch iterations per epoch: 77
2025-11-17 00:41:29,812 - INFO - Epoch: 1, Training Loss: 0.1222, Validation Loss: 0.0628
2025-11-17 00:41:29,817 - INFO -   → New best validation loss: 0.0628
2025-11-17 00:41:40,043 - INFO - Epoch: 2, Training Loss: 0.0516, Validation Loss: 0.0550
2025-11-17 00:41:40,044 - INFO -   → New best validation loss: 0.0550
2025-11-17 00:41:49,408 - INFO - Epoch: 3, Training Loss: 0.0511, Validation Loss: 0.0502
2025-11-17 00:41:49,409 - INFO -   → New best validation loss: 0.0502
2025-11-17 00:41:58,655 - INFO - Epoch: 4, Training Loss: 0.0462, Validation Loss: 0.0513
2025-11-17 00:42:06,649 - INFO - Epoch: 5, Training Loss: 0.0470, Validation Loss: 0.0465
2025-11-17 00:42:06,651 - INFO -   → New best validation loss: 0.0465
2025-11-17 00:42:13,255 - INFO - Epoch: 6, Training Loss: 0.0430, Validation Loss: 0.0447
2025-11-17 00:42:13,256 - INFO -   → New best validation loss: 0.0447
2025-11-17 00:42:22,493 - INFO - Epoch: 7, Training Loss: 0.0439, Validation Loss: 0.0462
2025-11-17 00:42:32,152 - INFO - Epoch: 8, Training Loss: 0.0405, Validation Loss: 0.0362
2025-11-17 00:42:32,153 - INFO -   → New best validation loss: 0.0362
2025-11-17 00:42:42,096 - INFO - Epoch: 9, Training Loss: 0.0374, Validation Loss: 0.0418
2025-11-17 00:42:51,250 - INFO - Epoch: 10, Training Loss: 0.0362, Validation Loss: 0.0303
2025-11-17 00:42:51,255 - INFO -   → New best validation loss: 0.0303
2025-11-17 00:43:01,375 - INFO - Epoch: 11, Training Loss: 0.0359, Validation Loss: 0.0300
2025-11-17 00:43:01,379 - INFO -   → New best validation loss: 0.0300
2025-11-17 00:43:08,416 - INFO - Epoch: 12, Training Loss: 0.0343, Validation Loss: 0.0275
2025-11-17 00:43:08,417 - INFO -   → New best validation loss: 0.0275
2025-11-17 00:43:19,381 - INFO - Epoch: 13, Training Loss: 0.0350, Validation Loss: 0.0286
2025-11-17 00:43:25,518 - INFO - Epoch: 14, Training Loss: 0.0310, Validation Loss: 0.0322
2025-11-17 00:43:31,779 - INFO - Epoch: 15, Training Loss: 0.0315, Validation Loss: 0.0263
2025-11-17 00:43:31,780 - INFO -   → New best validation loss: 0.0263
2025-11-17 00:43:40,740 - INFO - Epoch: 16, Training Loss: 0.0298, Validation Loss: 0.0363
2025-11-17 00:43:48,395 - INFO - Epoch: 17, Training Loss: 0.0309, Validation Loss: 0.0249
2025-11-17 00:43:48,401 - INFO -   → New best validation loss: 0.0249
2025-11-17 00:43:56,524 - INFO - Epoch: 18, Training Loss: 0.0300, Validation Loss: 0.0501
2025-11-17 00:44:04,436 - INFO - Epoch: 19, Training Loss: 0.0300, Validation Loss: 0.0260
2025-11-17 00:44:12,559 - INFO - Epoch: 20, Training Loss: 0.0270, Validation Loss: 0.0244
2025-11-17 00:44:12,561 - INFO -   → New best validation loss: 0.0244
2025-11-17 00:44:22,836 - INFO - Epoch: 21, Training Loss: 0.0284, Validation Loss: 0.0223
2025-11-17 00:44:22,837 - INFO -   → New best validation loss: 0.0223
2025-11-17 00:44:30,652 - INFO - Epoch: 22, Training Loss: 0.0269, Validation Loss: 0.0270
2025-11-17 00:44:38,310 - INFO - Epoch: 23, Training Loss: 0.0272, Validation Loss: 0.0210
2025-11-17 00:44:38,314 - INFO -   → New best validation loss: 0.0210
2025-11-17 00:44:47,589 - INFO - Epoch: 24, Training Loss: 0.0257, Validation Loss: 0.0245
2025-11-17 00:44:55,722 - INFO - Epoch: 25, Training Loss: 0.0262, Validation Loss: 0.0256
2025-11-17 00:45:03,888 - INFO - Epoch: 26, Training Loss: 0.0241, Validation Loss: 0.0206
2025-11-17 00:45:03,889 - INFO -   → New best validation loss: 0.0206
2025-11-17 00:45:13,900 - INFO - Epoch: 27, Training Loss: 0.0255, Validation Loss: 0.0240
2025-11-17 00:45:21,076 - INFO - Epoch: 28, Training Loss: 0.0244, Validation Loss: 0.0244
2025-11-17 00:45:28,827 - INFO - Epoch: 29, Training Loss: 0.0250, Validation Loss: 0.0271
2025-11-17 00:45:41,819 - INFO - Epoch: 30, Training Loss: 0.0241, Validation Loss: 0.0297
2025-11-17 00:45:53,614 - INFO - Epoch: 31, Training Loss: 0.0240, Validation Loss: 0.0206
2025-11-17 00:45:53,615 - INFO -   → New best validation loss: 0.0206
2025-11-17 00:46:00,261 - INFO - Epoch: 32, Training Loss: 0.0242, Validation Loss: 0.0260
2025-11-17 00:46:10,891 - INFO - Epoch: 33, Training Loss: 0.0260, Validation Loss: 0.0194
2025-11-17 00:46:10,891 - INFO -   → New best validation loss: 0.0194
2025-11-17 00:46:20,888 - INFO - Epoch: 34, Training Loss: 0.0244, Validation Loss: 0.0231
2025-11-17 00:46:30,429 - INFO - Epoch: 35, Training Loss: 0.0229, Validation Loss: 0.0205
2025-11-17 00:46:40,490 - INFO - Epoch: 36, Training Loss: 0.0225, Validation Loss: 0.0208
2025-11-17 00:46:48,686 - INFO - Epoch: 37, Training Loss: 0.0233, Validation Loss: 0.0218
2025-11-17 00:46:57,568 - INFO - Epoch: 38, Training Loss: 0.0234, Validation Loss: 0.0212
2025-11-17 00:47:04,947 - INFO - Epoch: 39, Training Loss: 0.0236, Validation Loss: 0.0232
2025-11-17 00:47:14,215 - INFO - Epoch: 40, Training Loss: 0.0233, Validation Loss: 0.0195
2025-11-17 00:47:22,832 - INFO - Epoch: 41, Training Loss: 0.0229, Validation Loss: 0.0213
2025-11-17 00:47:33,417 - INFO - Epoch: 42, Training Loss: 0.0224, Validation Loss: 0.0184
2025-11-17 00:47:33,418 - INFO -   → New best validation loss: 0.0184
2025-11-17 00:47:44,767 - INFO - Epoch: 43, Training Loss: 0.0232, Validation Loss: 0.0243
2025-11-17 00:47:56,793 - INFO - Epoch: 44, Training Loss: 0.0215, Validation Loss: 0.0247
2025-11-17 00:48:07,983 - INFO - Epoch: 45, Training Loss: 0.0214, Validation Loss: 0.0183
2025-11-17 00:48:07,990 - INFO -   → New best validation loss: 0.0183
2025-11-17 00:48:16,099 - INFO - Epoch: 46, Training Loss: 0.0238, Validation Loss: 0.0152
2025-11-17 00:48:16,101 - INFO -   → New best validation loss: 0.0152
2025-11-17 00:48:24,593 - INFO - Epoch: 47, Training Loss: 0.0226, Validation Loss: 0.0257
2025-11-17 00:48:33,258 - INFO - Epoch: 48, Training Loss: 0.0216, Validation Loss: 0.0304
2025-11-17 00:48:44,623 - INFO - Epoch: 49, Training Loss: 0.0208, Validation Loss: 0.0188
2025-11-17 00:48:54,381 - INFO - Epoch: 50, Training Loss: 0.0227, Validation Loss: 0.0176
2025-11-17 00:49:04,205 - INFO - Epoch: 51, Training Loss: 0.0234, Validation Loss: 0.0175
2025-11-17 00:49:13,481 - INFO - Epoch: 52, Training Loss: 0.0208, Validation Loss: 0.0180
2025-11-17 00:49:22,062 - INFO - Epoch: 53, Training Loss: 0.0216, Validation Loss: 0.0172
2025-11-17 00:49:30,890 - INFO - Epoch: 54, Training Loss: 0.0221, Validation Loss: 0.0181
2025-11-17 00:49:38,049 - INFO - Epoch: 55, Training Loss: 0.0221, Validation Loss: 0.0158
2025-11-17 00:49:48,497 - INFO - Epoch: 56, Training Loss: 0.0219, Validation Loss: 0.0171
2025-11-17 00:49:55,333 - INFO - Epoch: 57, Training Loss: 0.0225, Validation Loss: 0.0194
2025-11-17 00:50:03,534 - INFO - Epoch: 58, Training Loss: 0.0201, Validation Loss: 0.0222
2025-11-17 00:50:10,835 - INFO - Epoch: 59, Training Loss: 0.0217, Validation Loss: 0.0241
2025-11-17 00:50:20,877 - INFO - Epoch: 60, Training Loss: 0.0213, Validation Loss: 0.0186
2025-11-17 00:50:29,490 - INFO - Epoch: 61, Training Loss: 0.0196, Validation Loss: 0.0160
2025-11-17 00:50:40,723 - INFO - Epoch: 62, Training Loss: 0.0207, Validation Loss: 0.0166
2025-11-17 00:50:49,083 - INFO - Epoch: 63, Training Loss: 0.0210, Validation Loss: 0.0196
2025-11-17 00:50:58,535 - INFO - Epoch: 64, Training Loss: 0.0195, Validation Loss: 0.0182
2025-11-17 00:51:08,410 - INFO - Epoch: 65, Training Loss: 0.0207, Validation Loss: 0.0155
2025-11-17 00:51:17,157 - INFO - Epoch: 66, Training Loss: 0.0205, Validation Loss: 0.0143
2025-11-17 00:51:17,159 - INFO -   → New best validation loss: 0.0143
2025-11-17 00:51:29,627 - INFO - Epoch: 67, Training Loss: 0.0196, Validation Loss: 0.0206
2025-11-17 00:51:39,488 - INFO - Epoch: 68, Training Loss: 0.0220, Validation Loss: 0.0166
2025-11-17 00:51:47,948 - INFO - Epoch: 69, Training Loss: 0.0207, Validation Loss: 0.0171
2025-11-17 00:51:56,014 - INFO - Epoch: 70, Training Loss: 0.0201, Validation Loss: 0.0176
2025-11-17 00:52:06,136 - INFO - Epoch: 71, Training Loss: 0.0206, Validation Loss: 0.0161
2025-11-17 00:52:16,140 - INFO - Epoch: 72, Training Loss: 0.0192, Validation Loss: 0.0181
2025-11-17 00:52:25,039 - INFO - Epoch: 73, Training Loss: 0.0202, Validation Loss: 0.0228
2025-11-17 00:52:34,128 - INFO - Epoch: 74, Training Loss: 0.0183, Validation Loss: 0.0147
2025-11-17 00:52:44,648 - INFO - Epoch: 75, Training Loss: 0.0198, Validation Loss: 0.0205
2025-11-17 00:52:57,046 - INFO - Epoch: 76, Training Loss: 0.0196, Validation Loss: 0.0151
2025-11-17 00:53:05,646 - INFO - Epoch: 77, Training Loss: 0.0181, Validation Loss: 0.0171
2025-11-17 00:53:15,094 - INFO - Epoch: 78, Training Loss: 0.0183, Validation Loss: 0.0192
2025-11-17 00:53:22,812 - INFO - Epoch: 79, Training Loss: 0.0191, Validation Loss: 0.0151
2025-11-17 00:53:32,788 - INFO - Epoch: 80, Training Loss: 0.0187, Validation Loss: 0.0278
2025-11-17 00:53:40,498 - INFO - Epoch: 81, Training Loss: 0.0187, Validation Loss: 0.0173
2025-11-17 00:53:49,466 - INFO - Epoch: 82, Training Loss: 0.0194, Validation Loss: 0.0176
2025-11-17 00:54:00,192 - INFO - Epoch: 83, Training Loss: 0.0180, Validation Loss: 0.0158
2025-11-17 00:54:08,620 - INFO - Epoch: 84, Training Loss: 0.0185, Validation Loss: 0.0146
2025-11-17 00:54:18,624 - INFO - Epoch: 85, Training Loss: 0.0181, Validation Loss: 0.0133
2025-11-17 00:54:18,627 - INFO -   → New best validation loss: 0.0133
2025-11-17 00:54:28,817 - INFO - Epoch: 86, Training Loss: 0.0197, Validation Loss: 0.0152
2025-11-17 00:54:37,708 - INFO - Epoch: 87, Training Loss: 0.0178, Validation Loss: 0.0133
2025-11-17 00:54:37,709 - INFO -   → New best validation loss: 0.0133
2025-11-17 00:54:47,123 - INFO - Epoch: 88, Training Loss: 0.0172, Validation Loss: 0.0153
2025-11-17 00:54:57,784 - INFO - Epoch: 89, Training Loss: 0.0184, Validation Loss: 0.0147
2025-11-17 00:55:07,895 - INFO - Epoch: 90, Training Loss: 0.0174, Validation Loss: 0.0164
2025-11-17 00:55:18,279 - INFO - Epoch: 91, Training Loss: 0.0173, Validation Loss: 0.0139
2025-11-17 00:55:27,026 - INFO - Epoch: 92, Training Loss: 0.0172, Validation Loss: 0.0188
2025-11-17 00:55:36,547 - INFO - Epoch: 93, Training Loss: 0.0200, Validation Loss: 0.0178
2025-11-17 00:55:47,711 - INFO - Epoch: 94, Training Loss: 0.0161, Validation Loss: 0.0151
2025-11-17 00:55:57,955 - INFO - Epoch: 95, Training Loss: 0.0188, Validation Loss: 0.0157
2025-11-17 00:56:06,155 - INFO - Epoch: 96, Training Loss: 0.0169, Validation Loss: 0.0163
2025-11-17 00:56:13,442 - INFO - Epoch: 97, Training Loss: 0.0171, Validation Loss: 0.0163
2025-11-17 00:56:23,270 - INFO - Epoch: 98, Training Loss: 0.0177, Validation Loss: 0.0159
2025-11-17 00:56:33,499 - INFO - Epoch: 99, Training Loss: 0.0173, Validation Loss: 0.0133
2025-11-17 00:56:33,500 - INFO -   → New best validation loss: 0.0133
2025-11-17 00:56:43,907 - INFO - Epoch: 100, Training Loss: 0.0184, Validation Loss: 0.0286
2025-11-17 00:56:53,779 - INFO - Epoch: 101, Training Loss: 0.0165, Validation Loss: 0.0225
2025-11-17 00:57:02,816 - INFO - Epoch: 102, Training Loss: 0.0165, Validation Loss: 0.0147
2025-11-17 00:57:11,694 - INFO - Epoch: 103, Training Loss: 0.0194, Validation Loss: 0.0175
2025-11-17 00:57:21,907 - INFO - Epoch: 104, Training Loss: 0.0163, Validation Loss: 0.0167
2025-11-17 00:57:31,814 - INFO - Epoch: 105, Training Loss: 0.0164, Validation Loss: 0.0156
2025-11-17 00:57:40,848 - INFO - Epoch: 106, Training Loss: 0.0165, Validation Loss: 0.0162
2025-11-17 00:57:50,399 - INFO - Epoch: 107, Training Loss: 0.0153, Validation Loss: 0.0148
2025-11-17 00:57:59,095 - INFO - Epoch: 108, Training Loss: 0.0157, Validation Loss: 0.0188
2025-11-17 00:58:09,166 - INFO - Epoch: 109, Training Loss: 0.0160, Validation Loss: 0.0162
2025-11-17 00:58:18,401 - INFO - Epoch: 110, Training Loss: 0.0163, Validation Loss: 0.0188
2025-11-17 00:58:27,583 - INFO - Epoch: 111, Training Loss: 0.0166, Validation Loss: 0.0159
2025-11-17 00:58:38,231 - INFO - Epoch: 112, Training Loss: 0.0158, Validation Loss: 0.0214
2025-11-17 00:58:48,992 - INFO - Epoch: 113, Training Loss: 0.0169, Validation Loss: 0.0145
2025-11-17 00:58:59,879 - INFO - Epoch: 114, Training Loss: 0.0163, Validation Loss: 0.0189
2025-11-17 00:59:09,475 - INFO - Epoch: 115, Training Loss: 0.0160, Validation Loss: 0.0136
2025-11-17 00:59:18,142 - INFO - Epoch: 116, Training Loss: 0.0163, Validation Loss: 0.0161
2025-11-17 00:59:28,285 - INFO - Epoch: 117, Training Loss: 0.0165, Validation Loss: 0.0173
2025-11-17 00:59:38,221 - INFO - Epoch: 118, Training Loss: 0.0189, Validation Loss: 0.0155
2025-11-17 00:59:48,552 - INFO - Epoch: 119, Training Loss: 0.0169, Validation Loss: 0.0156
2025-11-17 00:59:48,552 - INFO - Early stopping triggered at epoch 119
2025-11-17 00:59:48,552 - INFO - Best validation loss: 0.0133
2025-11-17 00:59:48,572 - INFO - Restored best model weights
2025-11-17 00:59:48,573 - INFO - 
============================================================
2025-11-17 00:59:48,573 - INFO - EVALUATION RESULTS
2025-11-17 00:59:48,573 - INFO - ============================================================
2025-11-17 00:59:48,776 - INFO - Validation Prediction Stats:
2025-11-17 00:59:48,777 - INFO -   Std: 0.305429, Range: 0.841803, Unique ratio: 0.5878
2025-11-17 00:59:48,778 - INFO - Validation Set - MSE: 0.013841, MAE: 0.083493, RMSE: 0.117648, Pearson Correlation: 0.942686 (p=0.000000)
2025-11-17 00:59:48,969 - INFO - Test Prediction Stats:
2025-11-17 00:59:48,969 - INFO -   Std: 0.305836, Range: 0.828325, Unique ratio: 0.6449
2025-11-17 00:59:48,970 - INFO - Test Set - MSE: 0.020276, MAE: 0.096447, RMSE: 0.142395, Pearson Correlation: 0.909158 (p=0.000000)
2025-11-17 00:59:48,971 - INFO - ============================================================

2025-11-17 00:59:48,972 - INFO - Trial completed successfully
2025-11-17 00:59:48,972 - INFO - ================================================================================
2025-11-17 00:59:48,972 - INFO - Trial 18 completed. End time: 2025-11-17 00:5948
2025-11-17 00:59:48,972 - INFO - ================================================================================
