2025-11-16 17:39:41,576 - INFO - ================================================================================
2025-11-16 17:39:41,576 - INFO - TRIAL 5 - Task: RGS (FP1/FP2 only, de_LDS_f21-25, no CV)
2025-11-16 17:39:41,576 - INFO - Log file: ./logs_fp_f21_25/trial5_RGS_20251116_152357.log
2025-11-16 17:39:41,576 - INFO - Start time: 2025-11-16 17:39:41
2025-11-16 17:39:41,576 - INFO - ================================================================================
2025-11-16 17:39:41,579 - INFO - START TRAINING - Task: RGS (FP1/FP2 only, de_LDS_f21-25, no CV)
2025-11-16 17:39:41,579 - INFO - Features: de_LDS_f21-25 (41Hz, 43Hz, 45Hz, 47Hz, 49Hz)
2025-11-16 17:39:41,579 - INFO - Learning rate: 0.005, Epochs: 500, Batches: 8
2025-11-16 17:39:41,579 - INFO - Data split: 70% train / 15% validation / 15% test
2025-11-16 17:39:41,579 - INFO - Loading dataset (FP1/FP2 channels, de_LDS_f21-25 only, fixed split)...
2025-11-16 17:39:41,590 - INFO - Dataset shapes - Train: (619, 2, 5, 1), Valid: (132, 2, 5, 1), Test: (134, 2, 5, 1)
2025-11-16 17:39:41,591 - INFO - Initializing VIGNet-FP model (2 channels, 5 frequency features)...
2025-11-16 17:39:41,593 - INFO - Number of batch iterations per epoch: 77
2025-11-16 17:39:49,094 - INFO - Epoch: 1, Training Loss: 0.1267, Validation Loss: 0.0933
2025-11-16 17:39:49,094 - INFO -   → New best validation loss: 0.0933
2025-11-16 17:39:54,711 - INFO - Epoch: 2, Training Loss: 0.1126, Validation Loss: 0.0920
2025-11-16 17:39:54,711 - INFO -   → New best validation loss: 0.0920
2025-11-16 17:40:00,991 - INFO - Epoch: 3, Training Loss: 0.1120, Validation Loss: 0.1127
2025-11-16 17:40:09,161 - INFO - Epoch: 4, Training Loss: 0.1101, Validation Loss: 0.0934
2025-11-16 17:40:19,178 - INFO - Epoch: 5, Training Loss: 0.1093, Validation Loss: 0.0956
2025-11-16 17:40:26,097 - INFO - Epoch: 6, Training Loss: 0.1115, Validation Loss: 0.0943
2025-11-16 17:40:33,132 - INFO - Epoch: 7, Training Loss: 0.1035, Validation Loss: 0.0790
2025-11-16 17:40:33,133 - INFO -   → New best validation loss: 0.0790
2025-11-16 17:40:41,589 - INFO - Epoch: 8, Training Loss: 0.1002, Validation Loss: 0.0961
2025-11-16 17:40:50,472 - INFO - Epoch: 9, Training Loss: 0.1011, Validation Loss: 0.0754
2025-11-16 17:40:50,473 - INFO -   → New best validation loss: 0.0754
2025-11-16 17:41:01,200 - INFO - Epoch: 10, Training Loss: 0.0947, Validation Loss: 0.0697
2025-11-16 17:41:01,202 - INFO -   → New best validation loss: 0.0697
2025-11-16 17:41:11,786 - INFO - Epoch: 11, Training Loss: 0.1058, Validation Loss: 0.0951
2025-11-16 17:41:20,172 - INFO - Epoch: 12, Training Loss: 0.0885, Validation Loss: 0.0591
2025-11-16 17:41:20,174 - INFO -   → New best validation loss: 0.0591
2025-11-16 17:41:29,381 - INFO - Epoch: 13, Training Loss: 0.0925, Validation Loss: 0.0659
2025-11-16 17:41:38,853 - INFO - Epoch: 14, Training Loss: 0.0941, Validation Loss: 0.0996
2025-11-16 17:41:47,651 - INFO - Epoch: 15, Training Loss: 0.0910, Validation Loss: 0.0616
2025-11-16 17:41:54,618 - INFO - Epoch: 16, Training Loss: 0.0867, Validation Loss: 0.0705
2025-11-16 17:42:01,097 - INFO - Epoch: 17, Training Loss: 0.0798, Validation Loss: 0.0507
2025-11-16 17:42:01,101 - INFO -   → New best validation loss: 0.0507
2025-11-16 17:42:07,313 - INFO - Epoch: 18, Training Loss: 0.0832, Validation Loss: 0.0583
2025-11-16 17:42:15,178 - INFO - Epoch: 19, Training Loss: 0.0865, Validation Loss: 0.0719
2025-11-16 17:42:24,817 - INFO - Epoch: 20, Training Loss: 0.0853, Validation Loss: 0.0601
2025-11-16 17:42:33,752 - INFO - Epoch: 21, Training Loss: 0.0822, Validation Loss: 0.0493
2025-11-16 17:42:33,752 - INFO -   → New best validation loss: 0.0493
2025-11-16 17:42:42,769 - INFO - Epoch: 22, Training Loss: 0.0742, Validation Loss: 0.0520
2025-11-16 17:42:50,615 - INFO - Epoch: 23, Training Loss: 0.0743, Validation Loss: 0.0717
2025-11-16 17:42:58,182 - INFO - Epoch: 24, Training Loss: 0.0781, Validation Loss: 0.0429
2025-11-16 17:42:58,182 - INFO -   → New best validation loss: 0.0429
2025-11-16 17:43:07,105 - INFO - Epoch: 25, Training Loss: 0.0791, Validation Loss: 0.0482
2025-11-16 17:43:14,454 - INFO - Epoch: 26, Training Loss: 0.0731, Validation Loss: 0.0459
2025-11-16 17:43:22,597 - INFO - Epoch: 27, Training Loss: 0.0699, Validation Loss: 0.0823
2025-11-16 17:43:28,514 - INFO - Epoch: 28, Training Loss: 0.0709, Validation Loss: 0.0347
2025-11-16 17:43:28,519 - INFO -   → New best validation loss: 0.0347
2025-11-16 17:43:37,582 - INFO - Epoch: 29, Training Loss: 0.0616, Validation Loss: 0.0458
2025-11-16 17:43:44,653 - INFO - Epoch: 30, Training Loss: 0.0601, Validation Loss: 0.1804
2025-11-16 17:43:53,279 - INFO - Epoch: 31, Training Loss: 0.0694, Validation Loss: 0.0396
2025-11-16 17:44:00,215 - INFO - Epoch: 32, Training Loss: 0.0542, Validation Loss: 0.0402
2025-11-16 17:44:05,307 - INFO - Epoch: 33, Training Loss: 0.0580, Validation Loss: 0.0469
2025-11-16 17:44:10,324 - INFO - Epoch: 34, Training Loss: 0.0681, Validation Loss: 0.0420
2025-11-16 17:44:17,236 - INFO - Epoch: 35, Training Loss: 0.0596, Validation Loss: 0.1766
2025-11-16 17:44:24,160 - INFO - Epoch: 36, Training Loss: 0.0686, Validation Loss: 0.0602
2025-11-16 17:44:32,636 - INFO - Epoch: 37, Training Loss: 0.0623, Validation Loss: 0.0396
2025-11-16 17:44:42,674 - INFO - Epoch: 38, Training Loss: 0.0498, Validation Loss: 0.0459
2025-11-16 17:44:51,515 - INFO - Epoch: 39, Training Loss: 0.0599, Validation Loss: 0.0343
2025-11-16 17:44:51,517 - INFO -   → New best validation loss: 0.0343
2025-11-16 17:45:00,590 - INFO - Epoch: 40, Training Loss: 0.0523, Validation Loss: 0.0647
2025-11-16 17:45:06,666 - INFO - Epoch: 41, Training Loss: 0.0604, Validation Loss: 0.0386
2025-11-16 17:45:15,844 - INFO - Epoch: 42, Training Loss: 0.0494, Validation Loss: 0.0907
2025-11-16 17:45:22,184 - INFO - Epoch: 43, Training Loss: 0.0501, Validation Loss: 0.0479
2025-11-16 17:45:28,499 - INFO - Epoch: 44, Training Loss: 0.0517, Validation Loss: 0.0500
2025-11-16 17:45:35,019 - INFO - Epoch: 45, Training Loss: 0.0578, Validation Loss: 0.0624
2025-11-16 17:45:42,125 - INFO - Epoch: 46, Training Loss: 0.0507, Validation Loss: 0.0609
2025-11-16 17:45:51,139 - INFO - Epoch: 47, Training Loss: 0.0437, Validation Loss: 0.0361
2025-11-16 17:46:00,566 - INFO - Epoch: 48, Training Loss: 0.0492, Validation Loss: 0.0351
2025-11-16 17:46:09,826 - INFO - Epoch: 49, Training Loss: 0.0597, Validation Loss: 0.0618
2025-11-16 17:46:18,195 - INFO - Epoch: 50, Training Loss: 0.0466, Validation Loss: 0.0813
2025-11-16 17:46:25,505 - INFO - Epoch: 51, Training Loss: 0.0454, Validation Loss: 0.0683
2025-11-16 17:46:35,299 - INFO - Epoch: 52, Training Loss: 0.0491, Validation Loss: 0.0388
2025-11-16 17:46:39,846 - INFO - Epoch: 53, Training Loss: 0.0530, Validation Loss: 0.0340
2025-11-16 17:46:39,846 - INFO -   → New best validation loss: 0.0340
2025-11-16 17:46:48,211 - INFO - Epoch: 54, Training Loss: 0.0417, Validation Loss: 0.0486
2025-11-16 17:46:55,723 - INFO - Epoch: 55, Training Loss: 0.0444, Validation Loss: 0.0770
2025-11-16 17:47:04,270 - INFO - Epoch: 56, Training Loss: 0.0479, Validation Loss: 0.0766
2025-11-16 17:47:13,028 - INFO - Epoch: 57, Training Loss: 0.0540, Validation Loss: 0.0730
2025-11-16 17:47:20,096 - INFO - Epoch: 58, Training Loss: 0.0452, Validation Loss: 0.0412
2025-11-16 17:47:27,254 - INFO - Epoch: 59, Training Loss: 0.0428, Validation Loss: 0.0380
2025-11-16 17:47:34,177 - INFO - Epoch: 60, Training Loss: 0.0515, Validation Loss: 0.0434
