2025-11-16 22:56:27,284 - INFO - ================================================================================
2025-11-16 22:56:27,285 - INFO - TRIAL 13 - Task: RGS (FP1/FP2 only, de_LDS_f21-25, no CV)
2025-11-16 22:56:27,285 - INFO - Log file: ./logs_fp_f21_25/trial13_RGS_20251116_191843.log
2025-11-16 22:56:27,285 - INFO - Start time: 2025-11-16 22:56:27
2025-11-16 22:56:27,285 - INFO - ================================================================================
2025-11-16 22:56:27,291 - INFO - START TRAINING - Task: RGS (FP1/FP2 only, de_LDS_f21-25, no CV)
2025-11-16 22:56:27,292 - INFO - Features: de_LDS_f21-25 (41Hz, 43Hz, 45Hz, 47Hz, 49Hz)
2025-11-16 22:56:27,292 - INFO - Learning rate: 0.005, Epochs: 200, Batches: 8
2025-11-16 22:56:27,292 - INFO - Data split: 70% train / 15% validation / 15% test
2025-11-16 22:56:27,292 - INFO - Loading dataset (FP1/FP2 channels, de_LDS_f21-25 only, fixed split)...
2025-11-16 22:56:27,318 - INFO - Dataset shapes - Train: (617, 2, 5, 1), Valid: (131, 2, 5, 1), Test: (137, 2, 5, 1)
2025-11-16 22:56:27,318 - INFO - Applied feature normalization (StandardScaler)
2025-11-16 22:56:27,319 - INFO - Initializing VIGNet-FP model (2 channels, 5 frequency features)...
2025-11-16 22:56:27,324 - INFO - Number of batch iterations per epoch: 77
2025-11-16 22:56:34,853 - INFO - Epoch: 1, Training Loss: 0.0894, Validation Loss: 0.0106
2025-11-16 22:56:34,854 - INFO -   → New best validation loss: 0.0106
2025-11-16 22:56:42,997 - INFO - Epoch: 2, Training Loss: 0.0086, Validation Loss: 0.0072
2025-11-16 22:56:43,002 - INFO -   → New best validation loss: 0.0072
2025-11-16 22:56:51,543 - INFO - Epoch: 3, Training Loss: 0.0084, Validation Loss: 0.0108
2025-11-16 22:57:02,212 - INFO - Epoch: 4, Training Loss: 0.0094, Validation Loss: 0.0086
2025-11-16 22:57:13,163 - INFO - Epoch: 5, Training Loss: 0.0080, Validation Loss: 0.0094
2025-11-16 22:57:22,236 - INFO - Epoch: 6, Training Loss: 0.0093, Validation Loss: 0.0077
2025-11-16 22:57:30,630 - INFO - Epoch: 7, Training Loss: 0.0082, Validation Loss: 0.0067
2025-11-16 22:57:30,631 - INFO -   → New best validation loss: 0.0067
2025-11-16 22:57:37,303 - INFO - Epoch: 8, Training Loss: 0.0082, Validation Loss: 0.0093
2025-11-16 22:57:46,241 - INFO - Epoch: 9, Training Loss: 0.0082, Validation Loss: 0.0069
2025-11-16 22:57:55,197 - INFO - Epoch: 10, Training Loss: 0.0078, Validation Loss: 0.0097
2025-11-16 22:58:01,656 - INFO - Epoch: 11, Training Loss: 0.0077, Validation Loss: 0.0073
2025-11-16 22:58:10,471 - INFO - Epoch: 12, Training Loss: 0.0075, Validation Loss: 0.0064
2025-11-16 22:58:10,474 - INFO -   → New best validation loss: 0.0064
2025-11-16 22:58:20,971 - INFO - Epoch: 13, Training Loss: 0.0081, Validation Loss: 0.0067
2025-11-16 22:58:29,410 - INFO - Epoch: 14, Training Loss: 0.0099, Validation Loss: 0.0074
2025-11-16 22:58:39,874 - INFO - Epoch: 15, Training Loss: 0.0079, Validation Loss: 0.0071
2025-11-16 22:58:47,298 - INFO - Epoch: 16, Training Loss: 0.0070, Validation Loss: 0.0064
2025-11-16 22:58:47,304 - INFO -   → New best validation loss: 0.0064
2025-11-16 22:58:55,785 - INFO - Epoch: 17, Training Loss: 0.0077, Validation Loss: 0.0074
2025-11-16 22:59:03,562 - INFO - Epoch: 18, Training Loss: 0.0075, Validation Loss: 0.0065
2025-11-16 22:59:14,646 - INFO - Epoch: 19, Training Loss: 0.0074, Validation Loss: 0.0076
2025-11-16 22:59:27,039 - INFO - Epoch: 20, Training Loss: 0.0074, Validation Loss: 0.0067
2025-11-16 22:59:34,161 - INFO - Epoch: 21, Training Loss: 0.0075, Validation Loss: 0.0074
2025-11-16 22:59:42,509 - INFO - Epoch: 22, Training Loss: 0.0074, Validation Loss: 0.0072
2025-11-16 22:59:53,768 - INFO - Epoch: 23, Training Loss: 0.0078, Validation Loss: 0.0062
2025-11-16 22:59:53,770 - INFO -   → New best validation loss: 0.0062
2025-11-16 23:00:02,547 - INFO - Epoch: 24, Training Loss: 0.0087, Validation Loss: 0.0065
2025-11-16 23:00:11,821 - INFO - Epoch: 25, Training Loss: 0.0075, Validation Loss: 0.0064
2025-11-16 23:00:19,356 - INFO - Epoch: 26, Training Loss: 0.0072, Validation Loss: 0.0061
2025-11-16 23:00:19,361 - INFO -   → New best validation loss: 0.0061
2025-11-16 23:00:28,644 - INFO - Epoch: 27, Training Loss: 0.0075, Validation Loss: 0.0079
2025-11-16 23:00:42,002 - INFO - Epoch: 28, Training Loss: 0.0069, Validation Loss: 0.0076
2025-11-16 23:00:51,641 - INFO - Epoch: 29, Training Loss: 0.0068, Validation Loss: 0.0073
2025-11-16 23:01:01,431 - INFO - Epoch: 30, Training Loss: 0.0073, Validation Loss: 0.0063
2025-11-16 23:01:12,226 - INFO - Epoch: 31, Training Loss: 0.0073, Validation Loss: 0.0061
2025-11-16 23:01:20,285 - INFO - Epoch: 32, Training Loss: 0.0066, Validation Loss: 0.0058
2025-11-16 23:01:20,286 - INFO -   → New best validation loss: 0.0058
2025-11-16 23:01:28,159 - INFO - Epoch: 33, Training Loss: 0.0070, Validation Loss: 0.0064
2025-11-16 23:01:37,389 - INFO - Epoch: 34, Training Loss: 0.0067, Validation Loss: 0.0080
2025-11-16 23:01:47,132 - INFO - Epoch: 35, Training Loss: 0.0069, Validation Loss: 0.0064
2025-11-16 23:01:56,553 - INFO - Epoch: 36, Training Loss: 0.0065, Validation Loss: 0.0060
2025-11-16 23:02:04,426 - INFO - Epoch: 37, Training Loss: 0.0068, Validation Loss: 0.0060
2025-11-16 23:02:15,313 - INFO - Epoch: 38, Training Loss: 0.0064, Validation Loss: 0.0056
2025-11-16 23:02:15,319 - INFO -   → New best validation loss: 0.0056
2025-11-16 23:02:24,290 - INFO - Epoch: 39, Training Loss: 0.0062, Validation Loss: 0.0066
2025-11-16 23:02:34,203 - INFO - Epoch: 40, Training Loss: 0.0062, Validation Loss: 0.0060
2025-11-16 23:02:45,074 - INFO - Epoch: 41, Training Loss: 0.0066, Validation Loss: 0.0074
2025-11-16 23:02:54,966 - INFO - Epoch: 42, Training Loss: 0.0063, Validation Loss: 0.0056
2025-11-16 23:02:54,967 - INFO -   → New best validation loss: 0.0056
2025-11-16 23:03:03,902 - INFO - Epoch: 43, Training Loss: 0.0062, Validation Loss: 0.0057
2025-11-16 23:03:12,780 - INFO - Epoch: 44, Training Loss: 0.0062, Validation Loss: 0.0072
2025-11-16 23:03:21,050 - INFO - Epoch: 45, Training Loss: 0.0064, Validation Loss: 0.0065
2025-11-16 23:03:28,699 - INFO - Epoch: 46, Training Loss: 0.0059, Validation Loss: 0.0056
2025-11-16 23:03:36,198 - INFO - Epoch: 47, Training Loss: 0.0063, Validation Loss: 0.0066
2025-11-16 23:03:46,223 - INFO - Epoch: 48, Training Loss: 0.0063, Validation Loss: 0.0066
2025-11-16 23:03:56,361 - INFO - Epoch: 49, Training Loss: 0.0061, Validation Loss: 0.0071
2025-11-16 23:04:04,373 - INFO - Epoch: 50, Training Loss: 0.0063, Validation Loss: 0.0056
2025-11-16 23:04:12,793 - INFO - Epoch: 51, Training Loss: 0.0060, Validation Loss: 0.0071
2025-11-16 23:04:21,748 - INFO - Epoch: 52, Training Loss: 0.0062, Validation Loss: 0.0063
2025-11-16 23:04:30,798 - INFO - Epoch: 53, Training Loss: 0.0060, Validation Loss: 0.0068
2025-11-16 23:04:39,502 - INFO - Epoch: 54, Training Loss: 0.0061, Validation Loss: 0.0057
2025-11-16 23:04:49,008 - INFO - Epoch: 55, Training Loss: 0.0064, Validation Loss: 0.0065
2025-11-16 23:04:56,185 - INFO - Epoch: 56, Training Loss: 0.0061, Validation Loss: 0.0058
2025-11-16 23:05:05,631 - INFO - Epoch: 57, Training Loss: 0.0062, Validation Loss: 0.0059
2025-11-16 23:05:13,811 - INFO - Epoch: 58, Training Loss: 0.0058, Validation Loss: 0.0062
2025-11-16 23:05:22,458 - INFO - Epoch: 59, Training Loss: 0.0073, Validation Loss: 0.0069
2025-11-16 23:05:31,594 - INFO - Epoch: 60, Training Loss: 0.0060, Validation Loss: 0.0057
2025-11-16 23:05:40,948 - INFO - Epoch: 61, Training Loss: 0.0060, Validation Loss: 0.0082
2025-11-16 23:05:46,112 - INFO - Epoch: 62, Training Loss: 0.0063, Validation Loss: 0.0063
2025-11-16 23:05:46,112 - INFO - Early stopping triggered at epoch 62
2025-11-16 23:05:46,112 - INFO - Best validation loss: 0.0056
2025-11-16 23:05:46,117 - INFO - Restored best model weights
2025-11-16 23:05:46,117 - INFO - 
============================================================
2025-11-16 23:05:46,117 - INFO - EVALUATION RESULTS
2025-11-16 23:05:46,117 - INFO - ============================================================
2025-11-16 23:05:46,161 - INFO - Validation Prediction Stats:
2025-11-16 23:05:46,161 - INFO -   Std: 0.177126, Range: 0.511946, Unique ratio: 0.6260
2025-11-16 23:05:46,161 - INFO - Validation Set - MSE: 0.005676, MAE: 0.057697, RMSE: 0.075340, Pearson Correlation: 0.928677 (p=0.000000)
2025-11-16 23:05:46,207 - INFO - Test Prediction Stats:
2025-11-16 23:05:46,207 - INFO -   Std: 0.182015, Range: 0.541501, Unique ratio: 0.6277
2025-11-16 23:05:46,207 - INFO - Test Set - MSE: 0.006201, MAE: 0.059418, RMSE: 0.078748, Pearson Correlation: 0.921627 (p=0.000000)
2025-11-16 23:05:46,207 - INFO - ============================================================

2025-11-16 23:05:46,207 - INFO - Trial completed successfully
2025-11-16 23:05:46,207 - INFO - ================================================================================
2025-11-16 23:05:46,207 - INFO - Trial 13 completed. End time: 2025-11-16 23:0546
2025-11-16 23:05:46,207 - INFO - ================================================================================
