2025-11-16 19:42:48,729 - INFO - ================================================================================
2025-11-16 19:42:48,729 - INFO - TRIAL 3 - Task: RGS (FP1/FP2 only, de_LDS_f21-25, no CV)
2025-11-16 19:42:48,729 - INFO - Log file: ./logs_fp_f21_25/trial3_RGS_20251116_191843.log
2025-11-16 19:42:48,729 - INFO - Start time: 2025-11-16 19:42:48
2025-11-16 19:42:48,729 - INFO - ================================================================================
2025-11-16 19:42:48,734 - INFO - START TRAINING - Task: RGS (FP1/FP2 only, de_LDS_f21-25, no CV)
2025-11-16 19:42:48,734 - INFO - Features: de_LDS_f21-25 (41Hz, 43Hz, 45Hz, 47Hz, 49Hz)
2025-11-16 19:42:48,734 - INFO - Learning rate: 0.005, Epochs: 200, Batches: 8
2025-11-16 19:42:48,734 - INFO - Data split: 70% train / 15% validation / 15% test
2025-11-16 19:42:48,734 - INFO - Loading dataset (FP1/FP2 channels, de_LDS_f21-25 only, fixed split)...
2025-11-16 19:42:48,754 - INFO - Dataset shapes - Train: (618, 2, 5, 1), Valid: (130, 2, 5, 1), Test: (137, 2, 5, 1)
2025-11-16 19:42:48,754 - INFO - Applied feature normalization (StandardScaler)
2025-11-16 19:42:48,756 - INFO - Initializing VIGNet-FP model (2 channels, 5 frequency features)...
2025-11-16 19:42:48,760 - INFO - Number of batch iterations per epoch: 77
2025-11-16 19:42:57,325 - INFO - Epoch: 1, Training Loss: 0.0439, Validation Loss: 0.0173
2025-11-16 19:42:57,329 - INFO -   → New best validation loss: 0.0173
2025-11-16 19:43:05,695 - INFO - Epoch: 2, Training Loss: 0.0169, Validation Loss: 0.0146
2025-11-16 19:43:05,701 - INFO -   → New best validation loss: 0.0146
2025-11-16 19:43:14,996 - INFO - Epoch: 3, Training Loss: 0.0125, Validation Loss: 0.0124
2025-11-16 19:43:14,998 - INFO -   → New best validation loss: 0.0124
2025-11-16 19:43:23,262 - INFO - Epoch: 4, Training Loss: 0.0125, Validation Loss: 0.0127
2025-11-16 19:43:30,158 - INFO - Epoch: 5, Training Loss: 0.0135, Validation Loss: 0.0174
2025-11-16 19:43:41,357 - INFO - Epoch: 6, Training Loss: 0.0133, Validation Loss: 0.0127
2025-11-16 19:43:50,165 - INFO - Epoch: 7, Training Loss: 0.0121, Validation Loss: 0.0139
2025-11-16 19:43:58,918 - INFO - Epoch: 8, Training Loss: 0.0117, Validation Loss: 0.0136
2025-11-16 19:44:08,447 - INFO - Epoch: 9, Training Loss: 0.0127, Validation Loss: 0.0146
2025-11-16 19:44:17,283 - INFO - Epoch: 10, Training Loss: 0.0118, Validation Loss: 0.0115
2025-11-16 19:44:17,284 - INFO -   → New best validation loss: 0.0115
2025-11-16 19:44:26,327 - INFO - Epoch: 11, Training Loss: 0.0121, Validation Loss: 0.0130
2025-11-16 19:44:34,473 - INFO - Epoch: 12, Training Loss: 0.0123, Validation Loss: 0.0133
2025-11-16 19:44:42,861 - INFO - Epoch: 13, Training Loss: 0.0112, Validation Loss: 0.0114
2025-11-16 19:44:42,862 - INFO -   → New best validation loss: 0.0114
2025-11-16 19:44:52,473 - INFO - Epoch: 14, Training Loss: 0.0117, Validation Loss: 0.0112
2025-11-16 19:44:52,474 - INFO -   → New best validation loss: 0.0112
2025-11-16 19:45:01,791 - INFO - Epoch: 15, Training Loss: 0.0119, Validation Loss: 0.0112
2025-11-16 19:45:01,793 - INFO -   → New best validation loss: 0.0112
2025-11-16 19:45:09,252 - INFO - Epoch: 16, Training Loss: 0.0106, Validation Loss: 0.0115
2025-11-16 19:45:20,183 - INFO - Epoch: 17, Training Loss: 0.0106, Validation Loss: 0.0148
2025-11-16 19:45:29,539 - INFO - Epoch: 18, Training Loss: 0.0108, Validation Loss: 0.0116
2025-11-16 19:45:37,953 - INFO - Epoch: 19, Training Loss: 0.0107, Validation Loss: 0.0281
2025-11-16 19:45:47,264 - INFO - Epoch: 20, Training Loss: 0.0119, Validation Loss: 0.0132
2025-11-16 19:45:55,605 - INFO - Epoch: 21, Training Loss: 0.0110, Validation Loss: 0.0122
2025-11-16 19:46:06,593 - INFO - Epoch: 22, Training Loss: 0.0110, Validation Loss: 0.0117
2025-11-16 19:46:16,120 - INFO - Epoch: 23, Training Loss: 0.0102, Validation Loss: 0.0118
2025-11-16 19:46:26,886 - INFO - Epoch: 24, Training Loss: 0.0113, Validation Loss: 0.0112
2025-11-16 19:46:35,114 - INFO - Epoch: 25, Training Loss: 0.0104, Validation Loss: 0.0116
2025-11-16 19:46:44,024 - INFO - Epoch: 26, Training Loss: 0.0111, Validation Loss: 0.0127
2025-11-16 19:46:51,732 - INFO - Epoch: 27, Training Loss: 0.0106, Validation Loss: 0.0126
2025-11-16 19:46:57,669 - INFO - Epoch: 28, Training Loss: 0.0100, Validation Loss: 0.0118
2025-11-16 19:47:05,722 - INFO - Epoch: 29, Training Loss: 0.0099, Validation Loss: 0.0143
2025-11-16 19:47:15,401 - INFO - Epoch: 30, Training Loss: 0.0103, Validation Loss: 0.0107
2025-11-16 19:47:15,402 - INFO -   → New best validation loss: 0.0107
2025-11-16 19:47:24,878 - INFO - Epoch: 31, Training Loss: 0.0106, Validation Loss: 0.0111
2025-11-16 19:47:32,114 - INFO - Epoch: 32, Training Loss: 0.0105, Validation Loss: 0.0112
2025-11-16 19:47:39,704 - INFO - Epoch: 33, Training Loss: 0.0098, Validation Loss: 0.0141
2025-11-16 19:47:48,354 - INFO - Epoch: 34, Training Loss: 0.0093, Validation Loss: 0.0095
2025-11-16 19:47:48,358 - INFO -   → New best validation loss: 0.0095
2025-11-16 19:47:55,848 - INFO - Epoch: 35, Training Loss: 0.0101, Validation Loss: 0.0103
2025-11-16 19:48:02,524 - INFO - Epoch: 36, Training Loss: 0.0093, Validation Loss: 0.0097
2025-11-16 19:48:09,906 - INFO - Epoch: 37, Training Loss: 0.0094, Validation Loss: 0.0109
2025-11-16 19:48:21,205 - INFO - Epoch: 38, Training Loss: 0.0102, Validation Loss: 0.0110
2025-11-16 19:48:28,362 - INFO - Epoch: 39, Training Loss: 0.0097, Validation Loss: 0.0107
2025-11-16 19:48:40,245 - INFO - Epoch: 40, Training Loss: 0.0097, Validation Loss: 0.0104
2025-11-16 19:48:50,051 - INFO - Epoch: 41, Training Loss: 0.0094, Validation Loss: 0.0099
2025-11-16 19:49:01,242 - INFO - Epoch: 42, Training Loss: 0.0093, Validation Loss: 0.0090
2025-11-16 19:49:01,246 - INFO -   → New best validation loss: 0.0090
2025-11-16 19:49:09,930 - INFO - Epoch: 43, Training Loss: 0.0096, Validation Loss: 0.0104
2025-11-16 19:49:19,926 - INFO - Epoch: 44, Training Loss: 0.0093, Validation Loss: 0.0114
2025-11-16 19:49:27,138 - INFO - Epoch: 45, Training Loss: 0.0095, Validation Loss: 0.0105
2025-11-16 19:49:36,128 - INFO - Epoch: 46, Training Loss: 0.0088, Validation Loss: 0.0097
2025-11-16 19:49:46,034 - INFO - Epoch: 47, Training Loss: 0.0087, Validation Loss: 0.0095
2025-11-16 19:49:55,154 - INFO - Epoch: 48, Training Loss: 0.0087, Validation Loss: 0.0097
2025-11-16 19:50:03,091 - INFO - Epoch: 49, Training Loss: 0.0092, Validation Loss: 0.0103
2025-11-16 19:50:11,277 - INFO - Epoch: 50, Training Loss: 0.0086, Validation Loss: 0.0089
2025-11-16 19:50:11,278 - INFO -   → New best validation loss: 0.0089
2025-11-16 19:50:18,181 - INFO - Epoch: 51, Training Loss: 0.0089, Validation Loss: 0.0094
2025-11-16 19:50:27,780 - INFO - Epoch: 52, Training Loss: 0.0087, Validation Loss: 0.0088
2025-11-16 19:50:27,781 - INFO -   → New best validation loss: 0.0088
2025-11-16 19:50:35,399 - INFO - Epoch: 53, Training Loss: 0.0090, Validation Loss: 0.0093
2025-11-16 19:50:43,959 - INFO - Epoch: 54, Training Loss: 0.0087, Validation Loss: 0.0171
2025-11-16 19:50:52,661 - INFO - Epoch: 55, Training Loss: 0.0093, Validation Loss: 0.0089
2025-11-16 19:51:02,626 - INFO - Epoch: 56, Training Loss: 0.0083, Validation Loss: 0.0094
2025-11-16 19:51:11,227 - INFO - Epoch: 57, Training Loss: 0.0083, Validation Loss: 0.0086
2025-11-16 19:51:11,229 - INFO -   → New best validation loss: 0.0086
2025-11-16 19:51:19,367 - INFO - Epoch: 58, Training Loss: 0.0089, Validation Loss: 0.0094
2025-11-16 19:51:26,327 - INFO - Epoch: 59, Training Loss: 0.0092, Validation Loss: 0.0087
2025-11-16 19:51:36,558 - INFO - Epoch: 60, Training Loss: 0.0084, Validation Loss: 0.0133
2025-11-16 19:51:46,709 - INFO - Epoch: 61, Training Loss: 0.0090, Validation Loss: 0.0116
2025-11-16 19:51:53,352 - INFO - Epoch: 62, Training Loss: 0.0095, Validation Loss: 0.0101
2025-11-16 19:52:01,426 - INFO - Epoch: 63, Training Loss: 0.0093, Validation Loss: 0.0092
2025-11-16 19:52:10,911 - INFO - Epoch: 64, Training Loss: 0.0087, Validation Loss: 0.0084
2025-11-16 19:52:10,912 - INFO -   → New best validation loss: 0.0084
2025-11-16 19:52:22,250 - INFO - Epoch: 65, Training Loss: 0.0084, Validation Loss: 0.0080
2025-11-16 19:52:22,251 - INFO -   → New best validation loss: 0.0080
2025-11-16 19:52:30,103 - INFO - Epoch: 66, Training Loss: 0.0083, Validation Loss: 0.0103
2025-11-16 19:52:36,931 - INFO - Epoch: 67, Training Loss: 0.0087, Validation Loss: 0.0103
2025-11-16 19:52:47,161 - INFO - Epoch: 68, Training Loss: 0.0079, Validation Loss: 0.0092
2025-11-16 19:52:57,179 - INFO - Epoch: 69, Training Loss: 0.0083, Validation Loss: 0.0098
2025-11-16 19:53:05,637 - INFO - Epoch: 70, Training Loss: 0.0096, Validation Loss: 0.0101
2025-11-16 19:53:14,146 - INFO - Epoch: 71, Training Loss: 0.0082, Validation Loss: 0.0079
2025-11-16 19:53:14,149 - INFO -   → New best validation loss: 0.0079
2025-11-16 19:53:23,078 - INFO - Epoch: 72, Training Loss: 0.0088, Validation Loss: 0.0093
2025-11-16 19:53:29,766 - INFO - Epoch: 73, Training Loss: 0.0083, Validation Loss: 0.0090
2025-11-16 19:53:38,306 - INFO - Epoch: 74, Training Loss: 0.0082, Validation Loss: 0.0076
2025-11-16 19:53:38,307 - INFO -   → New best validation loss: 0.0076
2025-11-16 19:53:45,753 - INFO - Epoch: 75, Training Loss: 0.0084, Validation Loss: 0.0123
2025-11-16 19:53:54,412 - INFO - Epoch: 76, Training Loss: 0.0085, Validation Loss: 0.0094
2025-11-16 19:54:05,827 - INFO - Epoch: 77, Training Loss: 0.0078, Validation Loss: 0.0084
2025-11-16 19:54:14,951 - INFO - Epoch: 78, Training Loss: 0.0084, Validation Loss: 0.0082
2025-11-16 19:54:22,870 - INFO - Epoch: 79, Training Loss: 0.0082, Validation Loss: 0.0077
2025-11-16 19:54:33,270 - INFO - Epoch: 80, Training Loss: 0.0082, Validation Loss: 0.0095
2025-11-16 19:54:41,232 - INFO - Epoch: 81, Training Loss: 0.0081, Validation Loss: 0.0111
2025-11-16 19:54:51,342 - INFO - Epoch: 82, Training Loss: 0.0081, Validation Loss: 0.0109
2025-11-16 19:55:01,068 - INFO - Epoch: 83, Training Loss: 0.0083, Validation Loss: 0.0103
2025-11-16 19:55:07,118 - INFO - Epoch: 84, Training Loss: 0.0080, Validation Loss: 0.0112
2025-11-16 19:55:14,035 - INFO - Epoch: 85, Training Loss: 0.0084, Validation Loss: 0.0088
2025-11-16 19:55:22,310 - INFO - Epoch: 86, Training Loss: 0.0086, Validation Loss: 0.0079
2025-11-16 19:55:31,146 - INFO - Epoch: 87, Training Loss: 0.0086, Validation Loss: 0.0077
2025-11-16 19:55:40,996 - INFO - Epoch: 88, Training Loss: 0.0082, Validation Loss: 0.0082
2025-11-16 19:55:49,974 - INFO - Epoch: 89, Training Loss: 0.0080, Validation Loss: 0.0086
2025-11-16 19:55:58,350 - INFO - Epoch: 90, Training Loss: 0.0082, Validation Loss: 0.0108
2025-11-16 19:56:07,450 - INFO - Epoch: 91, Training Loss: 0.0080, Validation Loss: 0.0107
2025-11-16 19:56:16,102 - INFO - Epoch: 92, Training Loss: 0.0081, Validation Loss: 0.0083
2025-11-16 19:56:24,775 - INFO - Epoch: 93, Training Loss: 0.0083, Validation Loss: 0.0084
2025-11-16 19:56:33,179 - INFO - Epoch: 94, Training Loss: 0.0080, Validation Loss: 0.0080
2025-11-16 19:56:33,180 - INFO - Early stopping triggered at epoch 94
2025-11-16 19:56:33,180 - INFO - Best validation loss: 0.0076
2025-11-16 19:56:33,184 - INFO - Restored best model weights
2025-11-16 19:56:33,184 - INFO - 
============================================================
2025-11-16 19:56:33,184 - INFO - EVALUATION RESULTS
2025-11-16 19:56:33,184 - INFO - ============================================================
2025-11-16 19:56:33,229 - INFO - Validation Prediction Stats:
2025-11-16 19:56:33,229 - INFO -   Std: 0.116916, Range: 0.598299, Unique ratio: 0.5615
2025-11-16 19:56:33,229 - INFO - Validation Set - MSE: 0.008113, MAE: 0.070731, RMSE: 0.090072, Pearson Correlation: 0.834359 (p=0.000000)
2025-11-16 19:56:33,277 - INFO - Test Prediction Stats:
2025-11-16 19:56:33,277 - INFO -   Std: 0.143209, Range: 0.661141, Unique ratio: 0.5620
2025-11-16 19:56:33,277 - INFO - Test Set - MSE: 0.008589, MAE: 0.068672, RMSE: 0.092677, Pearson Correlation: 0.834165 (p=0.000000)
2025-11-16 19:56:33,277 - INFO - ============================================================

2025-11-16 19:56:33,277 - INFO - Trial completed successfully
2025-11-16 19:56:33,277 - INFO - ================================================================================
2025-11-16 19:56:33,277 - INFO - Trial 3 completed. End time: 2025-11-16 19:5633
2025-11-16 19:56:33,278 - INFO - ================================================================================
