2025-11-17 00:24:48,975 - INFO - ================================================================================
2025-11-17 00:24:48,975 - INFO - TRIAL 17 - Task: RGS (FP1/FP2 only, de_LDS_f21-25, no CV)
2025-11-17 00:24:48,975 - INFO - Log file: ./logs_fp_f21_25/trial17_RGS_20251116_191843.log
2025-11-17 00:24:48,975 - INFO - Start time: 2025-11-17 00:24:48
2025-11-17 00:24:48,975 - INFO - ================================================================================
2025-11-17 00:24:48,977 - INFO - START TRAINING - Task: RGS (FP1/FP2 only, de_LDS_f21-25, no CV)
2025-11-17 00:24:48,977 - INFO - Features: de_LDS_f21-25 (41Hz, 43Hz, 45Hz, 47Hz, 49Hz)
2025-11-17 00:24:48,977 - INFO - Learning rate: 0.005, Epochs: 200, Batches: 8
2025-11-17 00:24:48,977 - INFO - Data split: 70% train / 15% validation / 15% test
2025-11-17 00:24:48,977 - INFO - Loading dataset (FP1/FP2 channels, de_LDS_f21-25 only, fixed split)...
2025-11-17 00:24:48,989 - INFO - Dataset shapes - Train: (617, 2, 5, 1), Valid: (130, 2, 5, 1), Test: (138, 2, 5, 1)
2025-11-17 00:24:48,989 - INFO - Applied feature normalization (StandardScaler)
2025-11-17 00:24:48,990 - INFO - Initializing VIGNet-FP model (2 channels, 5 frequency features)...
2025-11-17 00:24:48,994 - INFO - Number of batch iterations per epoch: 77
2025-11-17 00:24:58,484 - INFO - Epoch: 1, Training Loss: 0.0614, Validation Loss: 0.0415
2025-11-17 00:24:58,485 - INFO -   → New best validation loss: 0.0415
2025-11-17 00:25:07,592 - INFO - Epoch: 2, Training Loss: 0.0347, Validation Loss: 0.0379
2025-11-17 00:25:07,597 - INFO -   → New best validation loss: 0.0379
2025-11-17 00:25:16,885 - INFO - Epoch: 3, Training Loss: 0.0245, Validation Loss: 0.0340
2025-11-17 00:25:16,886 - INFO -   → New best validation loss: 0.0340
2025-11-17 00:25:25,722 - INFO - Epoch: 4, Training Loss: 0.0216, Validation Loss: 0.0258
2025-11-17 00:25:25,726 - INFO -   → New best validation loss: 0.0258
2025-11-17 00:25:32,622 - INFO - Epoch: 5, Training Loss: 0.0214, Validation Loss: 0.0228
2025-11-17 00:25:32,628 - INFO -   → New best validation loss: 0.0228
2025-11-17 00:25:41,203 - INFO - Epoch: 6, Training Loss: 0.0184, Validation Loss: 0.0208
2025-11-17 00:25:41,204 - INFO -   → New best validation loss: 0.0208
2025-11-17 00:25:49,893 - INFO - Epoch: 7, Training Loss: 0.0156, Validation Loss: 0.0213
2025-11-17 00:25:58,420 - INFO - Epoch: 8, Training Loss: 0.0178, Validation Loss: 0.0254
2025-11-17 00:26:04,561 - INFO - Epoch: 9, Training Loss: 0.0168, Validation Loss: 0.0190
2025-11-17 00:26:04,563 - INFO -   → New best validation loss: 0.0190
2025-11-17 00:26:13,114 - INFO - Epoch: 10, Training Loss: 0.0141, Validation Loss: 0.0178
2025-11-17 00:26:13,117 - INFO -   → New best validation loss: 0.0178
2025-11-17 00:26:23,897 - INFO - Epoch: 11, Training Loss: 0.0142, Validation Loss: 0.0191
2025-11-17 00:26:35,834 - INFO - Epoch: 12, Training Loss: 0.0137, Validation Loss: 0.0169
2025-11-17 00:26:35,839 - INFO -   → New best validation loss: 0.0169
2025-11-17 00:26:45,749 - INFO - Epoch: 13, Training Loss: 0.0134, Validation Loss: 0.0164
2025-11-17 00:26:45,750 - INFO -   → New best validation loss: 0.0164
2025-11-17 00:26:54,996 - INFO - Epoch: 14, Training Loss: 0.0122, Validation Loss: 0.0237
2025-11-17 00:27:04,295 - INFO - Epoch: 15, Training Loss: 0.0117, Validation Loss: 0.0126
2025-11-17 00:27:04,297 - INFO -   → New best validation loss: 0.0126
2025-11-17 00:27:15,190 - INFO - Epoch: 16, Training Loss: 0.0110, Validation Loss: 0.0114
2025-11-17 00:27:15,191 - INFO -   → New best validation loss: 0.0114
2025-11-17 00:27:21,238 - INFO - Epoch: 17, Training Loss: 0.0112, Validation Loss: 0.0136
2025-11-17 00:27:29,210 - INFO - Epoch: 18, Training Loss: 0.0101, Validation Loss: 0.0149
2025-11-17 00:27:35,565 - INFO - Epoch: 19, Training Loss: 0.0092, Validation Loss: 0.0085
2025-11-17 00:27:35,568 - INFO -   → New best validation loss: 0.0085
2025-11-17 00:27:41,002 - INFO - Epoch: 20, Training Loss: 0.0091, Validation Loss: 0.0094
2025-11-17 00:27:46,297 - INFO - Epoch: 21, Training Loss: 0.0090, Validation Loss: 0.0102
2025-11-17 00:27:51,511 - INFO - Epoch: 22, Training Loss: 0.0083, Validation Loss: 0.0087
2025-11-17 00:27:58,367 - INFO - Epoch: 23, Training Loss: 0.0078, Validation Loss: 0.0083
2025-11-17 00:27:58,368 - INFO -   → New best validation loss: 0.0083
2025-11-17 00:28:06,274 - INFO - Epoch: 24, Training Loss: 0.0085, Validation Loss: 0.0079
2025-11-17 00:28:06,276 - INFO -   → New best validation loss: 0.0079
2025-11-17 00:28:16,701 - INFO - Epoch: 25, Training Loss: 0.0082, Validation Loss: 0.0067
2025-11-17 00:28:16,707 - INFO -   → New best validation loss: 0.0067
2025-11-17 00:28:27,713 - INFO - Epoch: 26, Training Loss: 0.0071, Validation Loss: 0.0138
2025-11-17 00:28:36,594 - INFO - Epoch: 27, Training Loss: 0.0083, Validation Loss: 0.0055
2025-11-17 00:28:36,596 - INFO -   → New best validation loss: 0.0055
2025-11-17 00:28:47,660 - INFO - Epoch: 28, Training Loss: 0.0073, Validation Loss: 0.0062
2025-11-17 00:28:58,723 - INFO - Epoch: 29, Training Loss: 0.0070, Validation Loss: 0.0047
2025-11-17 00:28:58,729 - INFO -   → New best validation loss: 0.0047
2025-11-17 00:29:07,890 - INFO - Epoch: 30, Training Loss: 0.0071, Validation Loss: 0.0054
2025-11-17 00:29:17,820 - INFO - Epoch: 31, Training Loss: 0.0067, Validation Loss: 0.0056
2025-11-17 00:29:26,084 - INFO - Epoch: 32, Training Loss: 0.0063, Validation Loss: 0.0056
2025-11-17 00:29:34,918 - INFO - Epoch: 33, Training Loss: 0.0070, Validation Loss: 0.0056
2025-11-17 00:29:47,696 - INFO - Epoch: 34, Training Loss: 0.0075, Validation Loss: 0.0037
2025-11-17 00:29:47,700 - INFO -   → New best validation loss: 0.0037
2025-11-17 00:29:58,025 - INFO - Epoch: 35, Training Loss: 0.0056, Validation Loss: 0.0072
2025-11-17 00:30:05,758 - INFO - Epoch: 36, Training Loss: 0.0057, Validation Loss: 0.0042
2025-11-17 00:30:14,564 - INFO - Epoch: 37, Training Loss: 0.0054, Validation Loss: 0.0041
2025-11-17 00:30:23,340 - INFO - Epoch: 38, Training Loss: 0.0051, Validation Loss: 0.0043
2025-11-17 00:30:35,493 - INFO - Epoch: 39, Training Loss: 0.0050, Validation Loss: 0.0041
2025-11-17 00:30:43,768 - INFO - Epoch: 40, Training Loss: 0.0053, Validation Loss: 0.0033
2025-11-17 00:30:43,769 - INFO -   → New best validation loss: 0.0033
2025-11-17 00:30:52,015 - INFO - Epoch: 41, Training Loss: 0.0047, Validation Loss: 0.0048
2025-11-17 00:31:02,634 - INFO - Epoch: 42, Training Loss: 0.0046, Validation Loss: 0.0026
2025-11-17 00:31:02,635 - INFO -   → New best validation loss: 0.0026
2025-11-17 00:31:11,586 - INFO - Epoch: 43, Training Loss: 0.0051, Validation Loss: 0.0030
2025-11-17 00:31:20,417 - INFO - Epoch: 44, Training Loss: 0.0045, Validation Loss: 0.0031
2025-11-17 00:31:27,989 - INFO - Epoch: 45, Training Loss: 0.0043, Validation Loss: 0.0033
2025-11-17 00:31:38,982 - INFO - Epoch: 46, Training Loss: 0.0042, Validation Loss: 0.0028
2025-11-17 00:31:45,030 - INFO - Epoch: 47, Training Loss: 0.0033, Validation Loss: 0.0113
2025-11-17 00:31:53,820 - INFO - Epoch: 48, Training Loss: 0.0036, Validation Loss: 0.0029
2025-11-17 00:32:04,162 - INFO - Epoch: 49, Training Loss: 0.0036, Validation Loss: 0.0030
2025-11-17 00:32:13,804 - INFO - Epoch: 50, Training Loss: 0.0038, Validation Loss: 0.0029
2025-11-17 00:32:23,314 - INFO - Epoch: 51, Training Loss: 0.0039, Validation Loss: 0.0028
2025-11-17 00:32:34,850 - INFO - Epoch: 52, Training Loss: 0.0034, Validation Loss: 0.0027
2025-11-17 00:32:42,653 - INFO - Epoch: 53, Training Loss: 0.0031, Validation Loss: 0.0019
2025-11-17 00:32:42,653 - INFO -   → New best validation loss: 0.0019
2025-11-17 00:32:54,750 - INFO - Epoch: 54, Training Loss: 0.0038, Validation Loss: 0.0027
2025-11-17 00:33:03,301 - INFO - Epoch: 55, Training Loss: 0.0035, Validation Loss: 0.0033
2025-11-17 00:33:11,485 - INFO - Epoch: 56, Training Loss: 0.0035, Validation Loss: 0.0028
2025-11-17 00:33:20,524 - INFO - Epoch: 57, Training Loss: 0.0036, Validation Loss: 0.0023
2025-11-17 00:33:30,092 - INFO - Epoch: 58, Training Loss: 0.0026, Validation Loss: 0.0019
2025-11-17 00:33:30,093 - INFO -   → New best validation loss: 0.0019
2025-11-17 00:33:39,159 - INFO - Epoch: 59, Training Loss: 0.0030, Validation Loss: 0.0022
2025-11-17 00:33:51,469 - INFO - Epoch: 60, Training Loss: 0.0033, Validation Loss: 0.0018
2025-11-17 00:33:51,471 - INFO -   → New best validation loss: 0.0018
2025-11-17 00:33:59,642 - INFO - Epoch: 61, Training Loss: 0.0027, Validation Loss: 0.0024
2025-11-17 00:34:09,626 - INFO - Epoch: 62, Training Loss: 0.0027, Validation Loss: 0.0021
2025-11-17 00:34:18,127 - INFO - Epoch: 63, Training Loss: 0.0030, Validation Loss: 0.0016
2025-11-17 00:34:18,129 - INFO -   → New best validation loss: 0.0016
2025-11-17 00:34:23,931 - INFO - Epoch: 64, Training Loss: 0.0031, Validation Loss: 0.0019
2025-11-17 00:34:29,347 - INFO - Epoch: 65, Training Loss: 0.0029, Validation Loss: 0.0036
2025-11-17 00:34:35,801 - INFO - Epoch: 66, Training Loss: 0.0033, Validation Loss: 0.0028
2025-11-17 00:34:44,616 - INFO - Epoch: 67, Training Loss: 0.0030, Validation Loss: 0.0026
2025-11-17 00:34:51,316 - INFO - Epoch: 68, Training Loss: 0.0026, Validation Loss: 0.0021
2025-11-17 00:35:01,009 - INFO - Epoch: 69, Training Loss: 0.0028, Validation Loss: 0.0023
2025-11-17 00:35:10,389 - INFO - Epoch: 70, Training Loss: 0.0024, Validation Loss: 0.0031
2025-11-17 00:35:19,718 - INFO - Epoch: 71, Training Loss: 0.0022, Validation Loss: 0.0015
2025-11-17 00:35:19,718 - INFO -   → New best validation loss: 0.0015
2025-11-17 00:35:27,351 - INFO - Epoch: 72, Training Loss: 0.0021, Validation Loss: 0.0016
2025-11-17 00:35:32,939 - INFO - Epoch: 73, Training Loss: 0.0029, Validation Loss: 0.0038
2025-11-17 00:35:44,410 - INFO - Epoch: 74, Training Loss: 0.0028, Validation Loss: 0.0027
2025-11-17 00:35:52,824 - INFO - Epoch: 75, Training Loss: 0.0021, Validation Loss: 0.0026
2025-11-17 00:36:00,706 - INFO - Epoch: 76, Training Loss: 0.0022, Validation Loss: 0.0023
2025-11-17 00:36:12,278 - INFO - Epoch: 77, Training Loss: 0.0019, Validation Loss: 0.0028
2025-11-17 00:36:20,474 - INFO - Epoch: 78, Training Loss: 0.0020, Validation Loss: 0.0015
2025-11-17 00:36:29,049 - INFO - Epoch: 79, Training Loss: 0.0019, Validation Loss: 0.0015
2025-11-17 00:36:29,050 - INFO -   → New best validation loss: 0.0015
2025-11-17 00:36:38,465 - INFO - Epoch: 80, Training Loss: 0.0025, Validation Loss: 0.0034
2025-11-17 00:36:48,123 - INFO - Epoch: 81, Training Loss: 0.0022, Validation Loss: 0.0014
2025-11-17 00:36:48,124 - INFO -   → New best validation loss: 0.0014
2025-11-17 00:36:57,060 - INFO - Epoch: 82, Training Loss: 0.0022, Validation Loss: 0.0021
2025-11-17 00:37:07,112 - INFO - Epoch: 83, Training Loss: 0.0018, Validation Loss: 0.0010
2025-11-17 00:37:07,113 - INFO -   → New best validation loss: 0.0010
2025-11-17 00:37:16,570 - INFO - Epoch: 84, Training Loss: 0.0021, Validation Loss: 0.0012
2025-11-17 00:37:25,449 - INFO - Epoch: 85, Training Loss: 0.0021, Validation Loss: 0.0014
2025-11-17 00:37:33,042 - INFO - Epoch: 86, Training Loss: 0.0020, Validation Loss: 0.0023
2025-11-17 00:37:42,022 - INFO - Epoch: 87, Training Loss: 0.0018, Validation Loss: 0.0015
2025-11-17 00:37:52,794 - INFO - Epoch: 88, Training Loss: 0.0020, Validation Loss: 0.0014
2025-11-17 00:37:59,421 - INFO - Epoch: 89, Training Loss: 0.0018, Validation Loss: 0.0020
2025-11-17 00:38:08,324 - INFO - Epoch: 90, Training Loss: 0.0020, Validation Loss: 0.0009
2025-11-17 00:38:08,326 - INFO -   → New best validation loss: 0.0009
2025-11-17 00:38:18,482 - INFO - Epoch: 91, Training Loss: 0.0015, Validation Loss: 0.0011
2025-11-17 00:38:26,651 - INFO - Epoch: 92, Training Loss: 0.0016, Validation Loss: 0.0023
2025-11-17 00:38:36,091 - INFO - Epoch: 93, Training Loss: 0.0016, Validation Loss: 0.0021
2025-11-17 00:38:45,148 - INFO - Epoch: 94, Training Loss: 0.0021, Validation Loss: 0.0018
2025-11-17 00:38:52,052 - INFO - Epoch: 95, Training Loss: 0.0016, Validation Loss: 0.0015
2025-11-17 00:39:02,341 - INFO - Epoch: 96, Training Loss: 0.0018, Validation Loss: 0.0024
2025-11-17 00:39:12,439 - INFO - Epoch: 97, Training Loss: 0.0019, Validation Loss: 0.0020
2025-11-17 00:39:22,223 - INFO - Epoch: 98, Training Loss: 0.0023, Validation Loss: 0.0016
2025-11-17 00:39:32,067 - INFO - Epoch: 99, Training Loss: 0.0015, Validation Loss: 0.0019
2025-11-17 00:39:41,293 - INFO - Epoch: 100, Training Loss: 0.0016, Validation Loss: 0.0013
2025-11-17 00:39:53,218 - INFO - Epoch: 101, Training Loss: 0.0016, Validation Loss: 0.0016
2025-11-17 00:40:03,015 - INFO - Epoch: 102, Training Loss: 0.0012, Validation Loss: 0.0012
2025-11-17 00:40:12,387 - INFO - Epoch: 103, Training Loss: 0.0016, Validation Loss: 0.0013
2025-11-17 00:40:20,826 - INFO - Epoch: 104, Training Loss: 0.0024, Validation Loss: 0.0015
2025-11-17 00:40:27,894 - INFO - Epoch: 105, Training Loss: 0.0015, Validation Loss: 0.0011
2025-11-17 00:40:36,485 - INFO - Epoch: 106, Training Loss: 0.0016, Validation Loss: 0.0023
2025-11-17 00:40:46,757 - INFO - Epoch: 107, Training Loss: 0.0015, Validation Loss: 0.0019
2025-11-17 00:40:59,042 - INFO - Epoch: 108, Training Loss: 0.0014, Validation Loss: 0.0016
2025-11-17 00:41:09,947 - INFO - Epoch: 109, Training Loss: 0.0015, Validation Loss: 0.0012
2025-11-17 00:41:19,402 - INFO - Epoch: 110, Training Loss: 0.0015, Validation Loss: 0.0021
2025-11-17 00:41:19,402 - INFO - Early stopping triggered at epoch 110
2025-11-17 00:41:19,402 - INFO - Best validation loss: 0.0009
2025-11-17 00:41:19,411 - INFO - Restored best model weights
2025-11-17 00:41:19,411 - INFO - 
============================================================
2025-11-17 00:41:19,411 - INFO - EVALUATION RESULTS
2025-11-17 00:41:19,411 - INFO - ============================================================
2025-11-17 00:41:19,610 - INFO - Validation Prediction Stats:
2025-11-17 00:41:19,611 - INFO -   Std: 0.198173, Range: 0.741936, Unique ratio: 0.6615
2025-11-17 00:41:19,612 - INFO - Validation Set - MSE: 0.001145, MAE: 0.024586, RMSE: 0.033845, Pearson Correlation: 0.986344 (p=0.000000)
2025-11-17 00:41:19,799 - INFO - Test Prediction Stats:
2025-11-17 00:41:19,799 - INFO -   Std: 0.212305, Range: 0.740182, Unique ratio: 0.6159
2025-11-17 00:41:19,801 - INFO - Test Set - MSE: 0.001898, MAE: 0.030614, RMSE: 0.043569, Pearson Correlation: 0.983593 (p=0.000000)
2025-11-17 00:41:19,801 - INFO - ============================================================

2025-11-17 00:41:19,802 - INFO - Trial completed successfully
2025-11-17 00:41:19,802 - INFO - ================================================================================
2025-11-17 00:41:19,802 - INFO - Trial 17 completed. End time: 2025-11-17 00:4119
2025-11-17 00:41:19,802 - INFO - ================================================================================
