2025-11-16 22:14:29,555 - INFO - ================================================================================
2025-11-16 22:14:29,555 - INFO - TRIAL 10 - Task: RGS (FP1/FP2 only, de_LDS_f21-25, no CV)
2025-11-16 22:14:29,555 - INFO - Log file: ./logs_fp_f21_25/trial10_RGS_20251116_191843.log
2025-11-16 22:14:29,555 - INFO - Start time: 2025-11-16 22:14:29
2025-11-16 22:14:29,556 - INFO - ================================================================================
2025-11-16 22:14:29,557 - INFO - START TRAINING - Task: RGS (FP1/FP2 only, de_LDS_f21-25, no CV)
2025-11-16 22:14:29,557 - INFO - Features: de_LDS_f21-25 (41Hz, 43Hz, 45Hz, 47Hz, 49Hz)
2025-11-16 22:14:29,557 - INFO - Learning rate: 0.005, Epochs: 200, Batches: 8
2025-11-16 22:14:29,558 - INFO - Data split: 70% train / 15% validation / 15% test
2025-11-16 22:14:29,558 - INFO - Loading dataset (FP1/FP2 channels, de_LDS_f21-25 only, fixed split)...
2025-11-16 22:14:29,570 - INFO - Dataset shapes - Train: (617, 2, 5, 1), Valid: (130, 2, 5, 1), Test: (138, 2, 5, 1)
2025-11-16 22:14:29,570 - INFO - Applied feature normalization (StandardScaler)
2025-11-16 22:14:29,571 - INFO - Initializing VIGNet-FP model (2 channels, 5 frequency features)...
2025-11-16 22:14:29,575 - INFO - Number of batch iterations per epoch: 77
2025-11-16 22:14:38,989 - INFO - Epoch: 1, Training Loss: 0.0362, Validation Loss: 0.0195
2025-11-16 22:14:38,996 - INFO -   → New best validation loss: 0.0195
2025-11-16 22:14:49,978 - INFO - Epoch: 2, Training Loss: 0.0199, Validation Loss: 0.0181
2025-11-16 22:14:49,979 - INFO -   → New best validation loss: 0.0181
2025-11-16 22:14:58,855 - INFO - Epoch: 3, Training Loss: 0.0189, Validation Loss: 0.0167
2025-11-16 22:14:58,862 - INFO -   → New best validation loss: 0.0167
2025-11-16 22:15:07,839 - INFO - Epoch: 4, Training Loss: 0.0199, Validation Loss: 0.0217
2025-11-16 22:15:16,897 - INFO - Epoch: 5, Training Loss: 0.0178, Validation Loss: 0.0161
2025-11-16 22:15:16,898 - INFO -   → New best validation loss: 0.0161
2025-11-16 22:15:27,549 - INFO - Epoch: 6, Training Loss: 0.0176, Validation Loss: 0.0165
2025-11-16 22:15:37,006 - INFO - Epoch: 7, Training Loss: 0.0169, Validation Loss: 0.0173
2025-11-16 22:15:45,612 - INFO - Epoch: 8, Training Loss: 0.0164, Validation Loss: 0.0159
2025-11-16 22:15:45,616 - INFO -   → New best validation loss: 0.0159
2025-11-16 22:15:54,533 - INFO - Epoch: 9, Training Loss: 0.0167, Validation Loss: 0.0158
2025-11-16 22:15:54,534 - INFO -   → New best validation loss: 0.0158
2025-11-16 22:16:03,273 - INFO - Epoch: 10, Training Loss: 0.0163, Validation Loss: 0.0161
2025-11-16 22:16:10,787 - INFO - Epoch: 11, Training Loss: 0.0157, Validation Loss: 0.0150
2025-11-16 22:16:10,788 - INFO -   → New best validation loss: 0.0150
2025-11-16 22:16:18,747 - INFO - Epoch: 12, Training Loss: 0.0171, Validation Loss: 0.0162
2025-11-16 22:16:28,483 - INFO - Epoch: 13, Training Loss: 0.0164, Validation Loss: 0.0156
2025-11-16 22:16:36,539 - INFO - Epoch: 14, Training Loss: 0.0162, Validation Loss: 0.0162
2025-11-16 22:16:45,364 - INFO - Epoch: 15, Training Loss: 0.0156, Validation Loss: 0.0150
2025-11-16 22:16:45,365 - INFO -   → New best validation loss: 0.0150
2025-11-16 22:16:55,210 - INFO - Epoch: 16, Training Loss: 0.0160, Validation Loss: 0.0148
2025-11-16 22:16:55,210 - INFO -   → New best validation loss: 0.0148
2025-11-16 22:17:04,969 - INFO - Epoch: 17, Training Loss: 0.0153, Validation Loss: 0.0160
2025-11-16 22:17:15,840 - INFO - Epoch: 18, Training Loss: 0.0149, Validation Loss: 0.0139
2025-11-16 22:17:15,841 - INFO -   → New best validation loss: 0.0139
2025-11-16 22:17:24,288 - INFO - Epoch: 19, Training Loss: 0.0158, Validation Loss: 0.0143
2025-11-16 22:17:30,469 - INFO - Epoch: 20, Training Loss: 0.0149, Validation Loss: 0.0141
2025-11-16 22:17:40,575 - INFO - Epoch: 21, Training Loss: 0.0148, Validation Loss: 0.0170
2025-11-16 22:17:48,761 - INFO - Epoch: 22, Training Loss: 0.0155, Validation Loss: 0.0155
2025-11-16 22:17:57,600 - INFO - Epoch: 23, Training Loss: 0.0152, Validation Loss: 0.0134
2025-11-16 22:17:57,601 - INFO -   → New best validation loss: 0.0134
2025-11-16 22:18:07,141 - INFO - Epoch: 24, Training Loss: 0.0152, Validation Loss: 0.0135
2025-11-16 22:18:18,302 - INFO - Epoch: 25, Training Loss: 0.0140, Validation Loss: 0.0131
2025-11-16 22:18:18,303 - INFO -   → New best validation loss: 0.0131
2025-11-16 22:18:30,322 - INFO - Epoch: 26, Training Loss: 0.0140, Validation Loss: 0.0134
2025-11-16 22:18:38,992 - INFO - Epoch: 27, Training Loss: 0.0141, Validation Loss: 0.0138
2025-11-16 22:18:47,281 - INFO - Epoch: 28, Training Loss: 0.0136, Validation Loss: 0.0134
2025-11-16 22:18:55,543 - INFO - Epoch: 29, Training Loss: 0.0141, Validation Loss: 0.0145
2025-11-16 22:19:05,558 - INFO - Epoch: 30, Training Loss: 0.0134, Validation Loss: 0.0140
2025-11-16 22:19:14,025 - INFO - Epoch: 31, Training Loss: 0.0137, Validation Loss: 0.0135
2025-11-16 22:19:24,448 - INFO - Epoch: 32, Training Loss: 0.0135, Validation Loss: 0.0137
2025-11-16 22:19:32,843 - INFO - Epoch: 33, Training Loss: 0.0132, Validation Loss: 0.0152
2025-11-16 22:19:40,367 - INFO - Epoch: 34, Training Loss: 0.0133, Validation Loss: 0.0137
2025-11-16 22:19:48,510 - INFO - Epoch: 35, Training Loss: 0.0128, Validation Loss: 0.0127
2025-11-16 22:19:48,515 - INFO -   → New best validation loss: 0.0127
2025-11-16 22:19:57,337 - INFO - Epoch: 36, Training Loss: 0.0132, Validation Loss: 0.0132
2025-11-16 22:20:08,734 - INFO - Epoch: 37, Training Loss: 0.0132, Validation Loss: 0.0136
2025-11-16 22:20:16,823 - INFO - Epoch: 38, Training Loss: 0.0130, Validation Loss: 0.0135
2025-11-16 22:20:24,708 - INFO - Epoch: 39, Training Loss: 0.0126, Validation Loss: 0.0129
2025-11-16 22:20:32,052 - INFO - Epoch: 40, Training Loss: 0.0122, Validation Loss: 0.0141
2025-11-16 22:20:40,784 - INFO - Epoch: 41, Training Loss: 0.0126, Validation Loss: 0.0130
2025-11-16 22:20:50,689 - INFO - Epoch: 42, Training Loss: 0.0127, Validation Loss: 0.0164
2025-11-16 22:21:00,439 - INFO - Epoch: 43, Training Loss: 0.0126, Validation Loss: 0.0129
2025-11-16 22:21:10,538 - INFO - Epoch: 44, Training Loss: 0.0126, Validation Loss: 0.0155
2025-11-16 22:21:20,102 - INFO - Epoch: 45, Training Loss: 0.0132, Validation Loss: 0.0145
2025-11-16 22:21:30,728 - INFO - Epoch: 46, Training Loss: 0.0126, Validation Loss: 0.0126
2025-11-16 22:21:30,729 - INFO -   → New best validation loss: 0.0126
2025-11-16 22:21:40,769 - INFO - Epoch: 47, Training Loss: 0.0121, Validation Loss: 0.0133
2025-11-16 22:21:50,315 - INFO - Epoch: 48, Training Loss: 0.0123, Validation Loss: 0.0138
2025-11-16 22:21:58,129 - INFO - Epoch: 49, Training Loss: 0.0126, Validation Loss: 0.0128
2025-11-16 22:22:06,775 - INFO - Epoch: 50, Training Loss: 0.0127, Validation Loss: 0.0135
2025-11-16 22:22:15,695 - INFO - Epoch: 51, Training Loss: 0.0129, Validation Loss: 0.0128
2025-11-16 22:22:25,150 - INFO - Epoch: 52, Training Loss: 0.0127, Validation Loss: 0.0142
2025-11-16 22:22:34,868 - INFO - Epoch: 53, Training Loss: 0.0121, Validation Loss: 0.0123
2025-11-16 22:22:34,872 - INFO -   → New best validation loss: 0.0123
2025-11-16 22:22:43,205 - INFO - Epoch: 54, Training Loss: 0.0123, Validation Loss: 0.0131
2025-11-16 22:22:54,281 - INFO - Epoch: 55, Training Loss: 0.0129, Validation Loss: 0.0136
2025-11-16 22:23:01,847 - INFO - Epoch: 56, Training Loss: 0.0124, Validation Loss: 0.0147
2025-11-16 22:23:10,672 - INFO - Epoch: 57, Training Loss: 0.0121, Validation Loss: 0.0134
2025-11-16 22:23:19,565 - INFO - Epoch: 58, Training Loss: 0.0124, Validation Loss: 0.0124
2025-11-16 22:23:30,687 - INFO - Epoch: 59, Training Loss: 0.0121, Validation Loss: 0.0128
2025-11-16 22:23:39,956 - INFO - Epoch: 60, Training Loss: 0.0118, Validation Loss: 0.0122
2025-11-16 22:23:39,957 - INFO -   → New best validation loss: 0.0122
2025-11-16 22:23:49,999 - INFO - Epoch: 61, Training Loss: 0.0120, Validation Loss: 0.0127
2025-11-16 22:23:59,129 - INFO - Epoch: 62, Training Loss: 0.0120, Validation Loss: 0.0129
2025-11-16 22:24:08,905 - INFO - Epoch: 63, Training Loss: 0.0118, Validation Loss: 0.0123
2025-11-16 22:24:17,886 - INFO - Epoch: 64, Training Loss: 0.0116, Validation Loss: 0.0119
2025-11-16 22:24:17,887 - INFO -   → New best validation loss: 0.0119
2025-11-16 22:24:29,350 - INFO - Epoch: 65, Training Loss: 0.0117, Validation Loss: 0.0117
2025-11-16 22:24:29,351 - INFO -   → New best validation loss: 0.0117
2025-11-16 22:24:41,744 - INFO - Epoch: 66, Training Loss: 0.0118, Validation Loss: 0.0124
2025-11-16 22:24:49,111 - INFO - Epoch: 67, Training Loss: 0.0121, Validation Loss: 0.0119
2025-11-16 22:24:57,629 - INFO - Epoch: 68, Training Loss: 0.0113, Validation Loss: 0.0113
2025-11-16 22:24:57,632 - INFO -   → New best validation loss: 0.0113
2025-11-16 22:25:07,550 - INFO - Epoch: 69, Training Loss: 0.0114, Validation Loss: 0.0121
2025-11-16 22:25:18,526 - INFO - Epoch: 70, Training Loss: 0.0115, Validation Loss: 0.0142
2025-11-16 22:25:29,407 - INFO - Epoch: 71, Training Loss: 0.0116, Validation Loss: 0.0134
2025-11-16 22:25:38,975 - INFO - Epoch: 72, Training Loss: 0.0114, Validation Loss: 0.0118
2025-11-16 22:25:46,752 - INFO - Epoch: 73, Training Loss: 0.0115, Validation Loss: 0.0122
2025-11-16 22:25:55,561 - INFO - Epoch: 74, Training Loss: 0.0110, Validation Loss: 0.0142
2025-11-16 22:26:02,644 - INFO - Epoch: 75, Training Loss: 0.0116, Validation Loss: 0.0130
2025-11-16 22:26:15,181 - INFO - Epoch: 76, Training Loss: 0.0111, Validation Loss: 0.0123
2025-11-16 22:26:25,221 - INFO - Epoch: 77, Training Loss: 0.0110, Validation Loss: 0.0133
2025-11-16 22:26:34,383 - INFO - Epoch: 78, Training Loss: 0.0113, Validation Loss: 0.0125
2025-11-16 22:26:44,525 - INFO - Epoch: 79, Training Loss: 0.0111, Validation Loss: 0.0134
2025-11-16 22:26:54,267 - INFO - Epoch: 80, Training Loss: 0.0110, Validation Loss: 0.0116
2025-11-16 22:27:04,684 - INFO - Epoch: 81, Training Loss: 0.0112, Validation Loss: 0.0117
2025-11-16 22:27:12,009 - INFO - Epoch: 82, Training Loss: 0.0110, Validation Loss: 0.0123
2025-11-16 22:27:21,631 - INFO - Epoch: 83, Training Loss: 0.0114, Validation Loss: 0.0114
2025-11-16 22:27:27,809 - INFO - Epoch: 84, Training Loss: 0.0112, Validation Loss: 0.0130
2025-11-16 22:27:35,315 - INFO - Epoch: 85, Training Loss: 0.0107, Validation Loss: 0.0118
2025-11-16 22:27:44,562 - INFO - Epoch: 86, Training Loss: 0.0105, Validation Loss: 0.0128
2025-11-16 22:27:51,658 - INFO - Epoch: 87, Training Loss: 0.0106, Validation Loss: 0.0132
2025-11-16 22:28:02,434 - INFO - Epoch: 88, Training Loss: 0.0104, Validation Loss: 0.0121
2025-11-16 22:28:02,435 - INFO - Early stopping triggered at epoch 88
2025-11-16 22:28:02,435 - INFO - Best validation loss: 0.0113
2025-11-16 22:28:02,440 - INFO - Restored best model weights
2025-11-16 22:28:02,440 - INFO - 
============================================================
2025-11-16 22:28:02,440 - INFO - EVALUATION RESULTS
2025-11-16 22:28:02,440 - INFO - ============================================================
2025-11-16 22:28:02,484 - INFO - Validation Prediction Stats:
2025-11-16 22:28:02,485 - INFO -   Std: 0.102252, Range: 0.552504, Unique ratio: 0.6077
2025-11-16 22:28:02,485 - INFO - Validation Set - MSE: 0.011787, MAE: 0.088062, RMSE: 0.108568, Pearson Correlation: 0.674544 (p=0.000000)
2025-11-16 22:28:02,560 - INFO - Test Prediction Stats:
2025-11-16 22:28:02,561 - INFO -   Std: 0.099539, Range: 0.542194, Unique ratio: 0.6449
2025-11-16 22:28:02,561 - INFO - Test Set - MSE: 0.009318, MAE: 0.075903, RMSE: 0.096532, Pearson Correlation: 0.758653 (p=0.000000)
2025-11-16 22:28:02,561 - INFO - ============================================================

2025-11-16 22:28:02,561 - INFO - Trial completed successfully
2025-11-16 22:28:02,561 - INFO - ================================================================================
2025-11-16 22:28:02,561 - INFO - Trial 10 completed. End time: 2025-11-16 22:2802
2025-11-16 22:28:02,561 - INFO - ================================================================================
