2025-11-16 16:50:44,122 - INFO - ================================================================================
2025-11-16 16:50:44,122 - INFO - TRIAL 4 - Task: RGS (FP1/FP2 only, de_LDS_f21-25, no CV)
2025-11-16 16:50:44,122 - INFO - Log file: ./logs_fp_f21_25/trial4_RGS_20251116_152357.log
2025-11-16 16:50:44,122 - INFO - Start time: 2025-11-16 16:50:44
2025-11-16 16:50:44,122 - INFO - ================================================================================
2025-11-16 16:50:44,124 - INFO - START TRAINING - Task: RGS (FP1/FP2 only, de_LDS_f21-25, no CV)
2025-11-16 16:50:44,124 - INFO - Features: de_LDS_f21-25 (41Hz, 43Hz, 45Hz, 47Hz, 49Hz)
2025-11-16 16:50:44,124 - INFO - Learning rate: 0.005, Epochs: 500, Batches: 8
2025-11-16 16:50:44,124 - INFO - Data split: 70% train / 15% validation / 15% test
2025-11-16 16:50:44,124 - INFO - Loading dataset (FP1/FP2 channels, de_LDS_f21-25 only, fixed split)...
2025-11-16 16:50:44,135 - INFO - Dataset shapes - Train: (619, 2, 5, 1), Valid: (132, 2, 5, 1), Test: (134, 2, 5, 1)
2025-11-16 16:50:44,136 - INFO - Initializing VIGNet-FP model (2 channels, 5 frequency features)...
2025-11-16 16:50:44,139 - INFO - Number of batch iterations per epoch: 77
2025-11-16 16:50:50,058 - INFO - Epoch: 1, Training Loss: 0.0485, Validation Loss: 0.0333
2025-11-16 16:50:50,062 - INFO -   → New best validation loss: 0.0333
2025-11-16 16:50:57,468 - INFO - Epoch: 2, Training Loss: 0.0380, Validation Loss: 0.0324
2025-11-16 16:50:57,471 - INFO -   → New best validation loss: 0.0324
2025-11-16 16:51:04,255 - INFO - Epoch: 3, Training Loss: 0.0371, Validation Loss: 0.0369
2025-11-16 16:51:13,433 - INFO - Epoch: 4, Training Loss: 0.0382, Validation Loss: 0.0324
2025-11-16 16:51:13,433 - INFO -   → New best validation loss: 0.0324
2025-11-16 16:51:21,652 - INFO - Epoch: 5, Training Loss: 0.0392, Validation Loss: 0.0324
2025-11-16 16:51:31,305 - INFO - Epoch: 6, Training Loss: 0.0378, Validation Loss: 0.0344
2025-11-16 16:51:39,120 - INFO - Epoch: 7, Training Loss: 0.0376, Validation Loss: 0.0340
2025-11-16 16:51:45,744 - INFO - Epoch: 8, Training Loss: 0.0375, Validation Loss: 0.0324
2025-11-16 16:51:55,979 - INFO - Epoch: 9, Training Loss: 0.0368, Validation Loss: 0.0333
2025-11-16 16:52:02,382 - INFO - Epoch: 10, Training Loss: 0.0379, Validation Loss: 0.0337
2025-11-16 16:52:11,640 - INFO - Epoch: 11, Training Loss: 0.0374, Validation Loss: 0.0324
2025-11-16 16:52:11,643 - INFO -   → New best validation loss: 0.0324
2025-11-16 16:52:18,229 - INFO - Epoch: 12, Training Loss: 0.0370, Validation Loss: 0.0339
2025-11-16 16:52:29,433 - INFO - Epoch: 13, Training Loss: 0.0385, Validation Loss: 0.0323
2025-11-16 16:52:29,433 - INFO -   → New best validation loss: 0.0323
2025-11-16 16:52:37,706 - INFO - Epoch: 14, Training Loss: 0.0372, Validation Loss: 0.0328
2025-11-16 16:52:48,076 - INFO - Epoch: 15, Training Loss: 0.0380, Validation Loss: 0.0323
2025-11-16 16:52:57,709 - INFO - Epoch: 16, Training Loss: 0.0368, Validation Loss: 0.0328
2025-11-16 16:53:03,480 - INFO - Epoch: 17, Training Loss: 0.0366, Validation Loss: 0.0324
2025-11-16 16:53:11,380 - INFO - Epoch: 18, Training Loss: 0.0371, Validation Loss: 0.0337
2025-11-16 16:53:21,923 - INFO - Epoch: 19, Training Loss: 0.0377, Validation Loss: 0.0324
2025-11-16 16:53:30,080 - INFO - Epoch: 20, Training Loss: 0.0370, Validation Loss: 0.0336
2025-11-16 16:53:39,700 - INFO - Epoch: 21, Training Loss: 0.0378, Validation Loss: 0.0324
2025-11-16 16:53:47,783 - INFO - Epoch: 22, Training Loss: 0.0375, Validation Loss: 0.0331
2025-11-16 16:53:55,904 - INFO - Epoch: 23, Training Loss: 0.0371, Validation Loss: 0.0325
2025-11-16 16:54:05,716 - INFO - Epoch: 24, Training Loss: 0.0371, Validation Loss: 0.0327
2025-11-16 16:54:15,483 - INFO - Epoch: 25, Training Loss: 0.0369, Validation Loss: 0.0323
2025-11-16 16:54:23,506 - INFO - Epoch: 26, Training Loss: 0.0372, Validation Loss: 0.0324
2025-11-16 16:54:30,551 - INFO - Epoch: 27, Training Loss: 0.0371, Validation Loss: 0.0325
2025-11-16 16:54:39,848 - INFO - Epoch: 28, Training Loss: 0.0375, Validation Loss: 0.0323
2025-11-16 16:54:50,318 - INFO - Epoch: 29, Training Loss: 0.0373, Validation Loss: 0.0324
2025-11-16 16:54:57,229 - INFO - Epoch: 30, Training Loss: 0.0373, Validation Loss: 0.0328
2025-11-16 16:55:06,055 - INFO - Epoch: 31, Training Loss: 0.0368, Validation Loss: 0.0326
2025-11-16 16:55:12,045 - INFO - Epoch: 32, Training Loss: 0.0373, Validation Loss: 0.0329
2025-11-16 16:55:19,740 - INFO - Epoch: 33, Training Loss: 0.0373, Validation Loss: 0.0329
2025-11-16 16:55:27,330 - INFO - Epoch: 34, Training Loss: 0.0376, Validation Loss: 0.0328
2025-11-16 16:55:38,071 - INFO - Epoch: 35, Training Loss: 0.0394, Validation Loss: 0.0324
2025-11-16 16:55:48,829 - INFO - Epoch: 36, Training Loss: 0.0370, Validation Loss: 0.0323
2025-11-16 16:55:48,829 - INFO -   → New best validation loss: 0.0323
2025-11-16 16:55:55,988 - INFO - Epoch: 37, Training Loss: 0.0377, Validation Loss: 0.0324
2025-11-16 16:56:03,464 - INFO - Epoch: 38, Training Loss: 0.0367, Validation Loss: 0.0324
2025-11-16 16:56:09,784 - INFO - Epoch: 39, Training Loss: 0.0373, Validation Loss: 0.0324
2025-11-16 16:56:17,992 - INFO - Epoch: 40, Training Loss: 0.0368, Validation Loss: 0.0326
2025-11-16 16:56:25,227 - INFO - Epoch: 41, Training Loss: 0.0374, Validation Loss: 0.0324
2025-11-16 16:56:33,215 - INFO - Epoch: 42, Training Loss: 0.0369, Validation Loss: 0.0324
2025-11-16 16:56:40,258 - INFO - Epoch: 43, Training Loss: 0.0371, Validation Loss: 0.0324
2025-11-16 16:56:48,768 - INFO - Epoch: 44, Training Loss: 0.0372, Validation Loss: 0.0323
2025-11-16 16:56:56,046 - INFO - Epoch: 45, Training Loss: 0.0368, Validation Loss: 0.0326
2025-11-16 16:57:04,468 - INFO - Epoch: 46, Training Loss: 0.0372, Validation Loss: 0.0325
2025-11-16 16:57:11,578 - INFO - Epoch: 47, Training Loss: 0.0370, Validation Loss: 0.0324
2025-11-16 16:57:19,353 - INFO - Epoch: 48, Training Loss: 0.0365, Validation Loss: 0.0330
2025-11-16 16:57:28,349 - INFO - Epoch: 49, Training Loss: 0.0368, Validation Loss: 0.0323
2025-11-16 16:57:37,160 - INFO - Epoch: 50, Training Loss: 0.0369, Validation Loss: 0.0323
2025-11-16 16:57:45,236 - INFO - Epoch: 51, Training Loss: 0.0369, Validation Loss: 0.0326
2025-11-16 16:57:52,408 - INFO - Epoch: 52, Training Loss: 0.0373, Validation Loss: 0.0328
2025-11-16 16:58:02,951 - INFO - Epoch: 53, Training Loss: 0.0374, Validation Loss: 0.0338
2025-11-16 16:58:08,478 - INFO - Epoch: 54, Training Loss: 0.0372, Validation Loss: 0.0329
2025-11-16 16:58:15,958 - INFO - Epoch: 55, Training Loss: 0.0369, Validation Loss: 0.0324
2025-11-16 16:58:24,281 - INFO - Epoch: 56, Training Loss: 0.0368, Validation Loss: 0.0323
2025-11-16 16:58:32,315 - INFO - Epoch: 57, Training Loss: 0.0367, Validation Loss: 0.0326
2025-11-16 16:58:41,747 - INFO - Epoch: 58, Training Loss: 0.0368, Validation Loss: 0.0324
2025-11-16 16:58:53,065 - INFO - Epoch: 59, Training Loss: 0.0372, Validation Loss: 0.0324
2025-11-16 16:59:00,204 - INFO - Epoch: 60, Training Loss: 0.0368, Validation Loss: 0.0325
2025-11-16 16:59:09,108 - INFO - Epoch: 61, Training Loss: 0.0372, Validation Loss: 0.0325
2025-11-16 16:59:17,435 - INFO - Epoch: 62, Training Loss: 0.0372, Validation Loss: 0.0329
2025-11-16 16:59:23,604 - INFO - Epoch: 63, Training Loss: 0.0369, Validation Loss: 0.0338
2025-11-16 16:59:28,429 - INFO - Epoch: 64, Training Loss: 0.0373, Validation Loss: 0.0323
2025-11-16 16:59:34,319 - INFO - Epoch: 65, Training Loss: 0.0370, Validation Loss: 0.0324
2025-11-16 16:59:42,935 - INFO - Epoch: 66, Training Loss: 0.0370, Validation Loss: 0.0326
2025-11-16 16:59:51,156 - INFO - Epoch: 67, Training Loss: 0.0374, Validation Loss: 0.0324
2025-11-16 16:59:59,884 - INFO - Epoch: 68, Training Loss: 0.0371, Validation Loss: 0.0324
2025-11-16 17:00:08,423 - INFO - Epoch: 69, Training Loss: 0.0371, Validation Loss: 0.0323
2025-11-16 17:00:18,179 - INFO - Epoch: 70, Training Loss: 0.0370, Validation Loss: 0.0324
2025-11-16 17:00:27,147 - INFO - Epoch: 71, Training Loss: 0.0370, Validation Loss: 0.0323
2025-11-16 17:00:33,092 - INFO - Epoch: 72, Training Loss: 0.0375, Validation Loss: 0.0323
2025-11-16 17:00:40,309 - INFO - Epoch: 73, Training Loss: 0.0372, Validation Loss: 0.0325
2025-11-16 17:00:51,828 - INFO - Epoch: 74, Training Loss: 0.0374, Validation Loss: 0.0323
2025-11-16 17:00:51,828 - INFO -   → New best validation loss: 0.0323
2025-11-16 17:01:03,179 - INFO - Epoch: 75, Training Loss: 0.0372, Validation Loss: 0.0324
2025-11-16 17:01:11,463 - INFO - Epoch: 76, Training Loss: 0.0372, Validation Loss: 0.0333
2025-11-16 17:01:19,170 - INFO - Epoch: 77, Training Loss: 0.0407, Validation Loss: 0.0330
2025-11-16 17:01:29,332 - INFO - Epoch: 78, Training Loss: 0.0382, Validation Loss: 0.0330
2025-11-16 17:01:38,510 - INFO - Epoch: 79, Training Loss: 0.0375, Validation Loss: 0.0333
2025-11-16 17:01:47,926 - INFO - Epoch: 80, Training Loss: 0.0378, Validation Loss: 0.0331
2025-11-16 17:01:54,472 - INFO - Epoch: 81, Training Loss: 0.0374, Validation Loss: 0.0324
2025-11-16 17:02:02,813 - INFO - Epoch: 82, Training Loss: 0.0372, Validation Loss: 0.0327
2025-11-16 17:02:12,872 - INFO - Epoch: 83, Training Loss: 0.0368, Validation Loss: 0.0323
2025-11-16 17:02:19,941 - INFO - Epoch: 84, Training Loss: 0.0366, Validation Loss: 0.0324
2025-11-16 17:02:29,545 - INFO - Epoch: 85, Training Loss: 0.0369, Validation Loss: 0.0326
2025-11-16 17:02:36,124 - INFO - Epoch: 86, Training Loss: 0.0371, Validation Loss: 0.0328
2025-11-16 17:02:45,193 - INFO - Epoch: 87, Training Loss: 0.0371, Validation Loss: 0.0327
2025-11-16 17:02:52,476 - INFO - Epoch: 88, Training Loss: 0.0369, Validation Loss: 0.0326
2025-11-16 17:03:00,229 - INFO - Epoch: 89, Training Loss: 0.0370, Validation Loss: 0.0323
2025-11-16 17:03:07,947 - INFO - Epoch: 90, Training Loss: 0.0370, Validation Loss: 0.0323
2025-11-16 17:03:07,947 - INFO -   → New best validation loss: 0.0323
2025-11-16 17:03:17,148 - INFO - Epoch: 91, Training Loss: 0.0374, Validation Loss: 0.0324
2025-11-16 17:03:23,678 - INFO - Epoch: 92, Training Loss: 0.0369, Validation Loss: 0.0324
2025-11-16 17:03:29,337 - INFO - Epoch: 93, Training Loss: 0.0370, Validation Loss: 0.0322
2025-11-16 17:03:29,337 - INFO -   → New best validation loss: 0.0322
2025-11-16 17:03:36,949 - INFO - Epoch: 94, Training Loss: 0.0369, Validation Loss: 0.0332
2025-11-16 17:03:44,416 - INFO - Epoch: 95, Training Loss: 0.0372, Validation Loss: 0.0326
2025-11-16 17:03:50,732 - INFO - Epoch: 96, Training Loss: 0.0373, Validation Loss: 0.0324
2025-11-16 17:03:57,791 - INFO - Epoch: 97, Training Loss: 0.0369, Validation Loss: 0.0323
2025-11-16 17:04:07,562 - INFO - Epoch: 98, Training Loss: 0.0368, Validation Loss: 0.0324
2025-11-16 17:04:14,217 - INFO - Epoch: 99, Training Loss: 0.0372, Validation Loss: 0.0334
2025-11-16 17:04:22,266 - INFO - Epoch: 100, Training Loss: 0.0369, Validation Loss: 0.0326
2025-11-16 17:04:28,769 - INFO - Epoch: 101, Training Loss: 0.0368, Validation Loss: 0.0326
2025-11-16 17:04:40,722 - INFO - Epoch: 102, Training Loss: 0.0371, Validation Loss: 0.0324
2025-11-16 17:04:46,363 - INFO - Epoch: 103, Training Loss: 0.0369, Validation Loss: 0.0359
2025-11-16 17:04:54,130 - INFO - Epoch: 104, Training Loss: 0.0372, Validation Loss: 0.0328
2025-11-16 17:05:03,024 - INFO - Epoch: 105, Training Loss: 0.0372, Validation Loss: 0.0327
2025-11-16 17:05:10,592 - INFO - Epoch: 106, Training Loss: 0.0368, Validation Loss: 0.0323
2025-11-16 17:05:19,680 - INFO - Epoch: 107, Training Loss: 0.0371, Validation Loss: 0.0325
2025-11-16 17:05:28,507 - INFO - Epoch: 108, Training Loss: 0.0367, Validation Loss: 0.0333
2025-11-16 17:05:37,416 - INFO - Epoch: 109, Training Loss: 0.0368, Validation Loss: 0.0324
2025-11-16 17:05:46,771 - INFO - Epoch: 110, Training Loss: 0.0374, Validation Loss: 0.0323
2025-11-16 17:05:54,784 - INFO - Epoch: 111, Training Loss: 0.0372, Validation Loss: 0.0323
2025-11-16 17:06:01,386 - INFO - Epoch: 112, Training Loss: 0.0369, Validation Loss: 0.0334
2025-11-16 17:06:10,023 - INFO - Epoch: 113, Training Loss: 0.0373, Validation Loss: 0.0336
2025-11-16 17:06:19,480 - INFO - Epoch: 114, Training Loss: 0.0369, Validation Loss: 0.0328
2025-11-16 17:06:27,734 - INFO - Epoch: 115, Training Loss: 0.0373, Validation Loss: 0.0325
2025-11-16 17:06:33,911 - INFO - Epoch: 116, Training Loss: 0.0365, Validation Loss: 0.0323
2025-11-16 17:06:43,574 - INFO - Epoch: 117, Training Loss: 0.0370, Validation Loss: 0.0323
2025-11-16 17:06:49,763 - INFO - Epoch: 118, Training Loss: 0.0369, Validation Loss: 0.0326
2025-11-16 17:06:59,494 - INFO - Epoch: 119, Training Loss: 0.0367, Validation Loss: 0.0324
2025-11-16 17:07:06,595 - INFO - Epoch: 120, Training Loss: 0.0375, Validation Loss: 0.0323
2025-11-16 17:07:13,765 - INFO - Epoch: 121, Training Loss: 0.0372, Validation Loss: 0.0329
2025-11-16 17:07:20,621 - INFO - Epoch: 122, Training Loss: 0.0373, Validation Loss: 0.0323
2025-11-16 17:07:31,547 - INFO - Epoch: 123, Training Loss: 0.0371, Validation Loss: 0.0326
2025-11-16 17:07:38,186 - INFO - Epoch: 124, Training Loss: 0.0369, Validation Loss: 0.0331
2025-11-16 17:07:45,947 - INFO - Epoch: 125, Training Loss: 0.0372, Validation Loss: 0.0323
2025-11-16 17:07:54,560 - INFO - Epoch: 126, Training Loss: 0.0370, Validation Loss: 0.0328
2025-11-16 17:08:03,597 - INFO - Epoch: 127, Training Loss: 0.0369, Validation Loss: 0.0322
2025-11-16 17:08:03,597 - INFO -   → New best validation loss: 0.0322
2025-11-16 17:08:09,784 - INFO - Epoch: 128, Training Loss: 0.0372, Validation Loss: 0.0324
2025-11-16 17:08:16,536 - INFO - Epoch: 129, Training Loss: 0.0367, Validation Loss: 0.0323
2025-11-16 17:08:27,468 - INFO - Epoch: 130, Training Loss: 0.0370, Validation Loss: 0.0324
2025-11-16 17:08:36,061 - INFO - Epoch: 131, Training Loss: 0.0372, Validation Loss: 0.0323
2025-11-16 17:08:45,994 - INFO - Epoch: 132, Training Loss: 0.0374, Validation Loss: 0.0324
2025-11-16 17:08:54,132 - INFO - Epoch: 133, Training Loss: 0.0370, Validation Loss: 0.0323
2025-11-16 17:09:03,982 - INFO - Epoch: 134, Training Loss: 0.0373, Validation Loss: 0.0324
2025-11-16 17:09:11,928 - INFO - Epoch: 135, Training Loss: 0.0369, Validation Loss: 0.0322
2025-11-16 17:09:18,758 - INFO - Epoch: 136, Training Loss: 0.0373, Validation Loss: 0.0323
2025-11-16 17:09:27,473 - INFO - Epoch: 137, Training Loss: 0.0373, Validation Loss: 0.0326
2025-11-16 17:09:33,185 - INFO - Epoch: 138, Training Loss: 0.0372, Validation Loss: 0.0323
2025-11-16 17:09:42,675 - INFO - Epoch: 139, Training Loss: 0.0375, Validation Loss: 0.0325
2025-11-16 17:09:51,364 - INFO - Epoch: 140, Training Loss: 0.0369, Validation Loss: 0.0330
2025-11-16 17:10:01,790 - INFO - Epoch: 141, Training Loss: 0.0370, Validation Loss: 0.0327
2025-11-16 17:10:08,988 - INFO - Epoch: 142, Training Loss: 0.0370, Validation Loss: 0.0323
2025-11-16 17:10:18,340 - INFO - Epoch: 143, Training Loss: 0.0368, Validation Loss: 0.0323
2025-11-16 17:10:26,599 - INFO - Epoch: 144, Training Loss: 0.0365, Validation Loss: 0.0327
2025-11-16 17:10:34,165 - INFO - Epoch: 145, Training Loss: 0.0369, Validation Loss: 0.0324
2025-11-16 17:10:43,639 - INFO - Epoch: 146, Training Loss: 0.0367, Validation Loss: 0.0323
2025-11-16 17:10:53,266 - INFO - Epoch: 147, Training Loss: 0.0371, Validation Loss: 0.0337
2025-11-16 17:10:59,224 - INFO - Epoch: 148, Training Loss: 0.0369, Validation Loss: 0.0322
2025-11-16 17:11:07,826 - INFO - Epoch: 149, Training Loss: 0.0370, Validation Loss: 0.0330
2025-11-16 17:11:13,673 - INFO - Epoch: 150, Training Loss: 0.0372, Validation Loss: 0.0324
2025-11-16 17:11:24,887 - INFO - Epoch: 151, Training Loss: 0.0364, Validation Loss: 0.0327
2025-11-16 17:11:36,624 - INFO - Epoch: 152, Training Loss: 0.0377, Validation Loss: 0.0323
2025-11-16 17:11:45,673 - INFO - Epoch: 153, Training Loss: 0.0363, Validation Loss: 0.0333
2025-11-16 17:11:54,725 - INFO - Epoch: 154, Training Loss: 0.0374, Validation Loss: 0.0322
2025-11-16 17:12:03,209 - INFO - Epoch: 155, Training Loss: 0.0369, Validation Loss: 0.0322
2025-11-16 17:12:03,210 - INFO -   → New best validation loss: 0.0322
2025-11-16 17:12:12,329 - INFO - Epoch: 156, Training Loss: 0.0368, Validation Loss: 0.0323
2025-11-16 17:12:21,869 - INFO - Epoch: 157, Training Loss: 0.0364, Validation Loss: 0.0324
2025-11-16 17:12:28,109 - INFO - Epoch: 158, Training Loss: 0.0370, Validation Loss: 0.0323
2025-11-16 17:12:35,898 - INFO - Epoch: 159, Training Loss: 0.0371, Validation Loss: 0.0323
2025-11-16 17:12:44,607 - INFO - Epoch: 160, Training Loss: 0.0372, Validation Loss: 0.0327
2025-11-16 17:12:53,067 - INFO - Epoch: 161, Training Loss: 0.0360, Validation Loss: 0.0324
2025-11-16 17:13:03,296 - INFO - Epoch: 162, Training Loss: 0.0364, Validation Loss: 0.0320
2025-11-16 17:13:03,298 - INFO -   → New best validation loss: 0.0320
2025-11-16 17:13:12,384 - INFO - Epoch: 163, Training Loss: 0.0375, Validation Loss: 0.0331
2025-11-16 17:13:25,211 - INFO - Epoch: 164, Training Loss: 0.0376, Validation Loss: 0.0318
2025-11-16 17:13:25,215 - INFO -   → New best validation loss: 0.0318
2025-11-16 17:13:32,908 - INFO - Epoch: 165, Training Loss: 0.0369, Validation Loss: 0.0321
2025-11-16 17:13:41,392 - INFO - Epoch: 166, Training Loss: 0.0368, Validation Loss: 0.0322
2025-11-16 17:13:49,251 - INFO - Epoch: 167, Training Loss: 0.0371, Validation Loss: 0.0329
2025-11-16 17:14:00,525 - INFO - Epoch: 168, Training Loss: 0.0369, Validation Loss: 0.0324
2025-11-16 17:14:07,969 - INFO - Epoch: 169, Training Loss: 0.0366, Validation Loss: 0.0323
2025-11-16 17:14:17,289 - INFO - Epoch: 170, Training Loss: 0.0368, Validation Loss: 0.0322
2025-11-16 17:14:25,640 - INFO - Epoch: 171, Training Loss: 0.0371, Validation Loss: 0.0325
2025-11-16 17:14:35,692 - INFO - Epoch: 172, Training Loss: 0.0371, Validation Loss: 0.0324
2025-11-16 17:14:46,339 - INFO - Epoch: 173, Training Loss: 0.0370, Validation Loss: 0.0322
2025-11-16 17:14:52,975 - INFO - Epoch: 174, Training Loss: 0.0370, Validation Loss: 0.0328
2025-11-16 17:14:59,527 - INFO - Epoch: 175, Training Loss: 0.0359, Validation Loss: 0.0319
2025-11-16 17:15:09,720 - INFO - Epoch: 176, Training Loss: 0.0366, Validation Loss: 0.0322
2025-11-16 17:15:15,531 - INFO - Epoch: 177, Training Loss: 0.0365, Validation Loss: 0.0320
2025-11-16 17:15:24,189 - INFO - Epoch: 178, Training Loss: 0.0363, Validation Loss: 0.0320
2025-11-16 17:15:31,065 - INFO - Epoch: 179, Training Loss: 0.0364, Validation Loss: 0.0319
2025-11-16 17:15:38,410 - INFO - Epoch: 180, Training Loss: 0.0365, Validation Loss: 0.0320
2025-11-16 17:15:43,815 - INFO - Epoch: 181, Training Loss: 0.0360, Validation Loss: 0.0339
2025-11-16 17:15:55,214 - INFO - Epoch: 182, Training Loss: 0.0376, Validation Loss: 0.0321
2025-11-16 17:16:02,726 - INFO - Epoch: 183, Training Loss: 0.0369, Validation Loss: 0.0325
2025-11-16 17:16:08,849 - INFO - Epoch: 184, Training Loss: 0.0368, Validation Loss: 0.0324
2025-11-16 17:16:15,286 - INFO - Epoch: 185, Training Loss: 0.0366, Validation Loss: 0.0322
2025-11-16 17:16:26,294 - INFO - Epoch: 186, Training Loss: 0.0368, Validation Loss: 0.0325
2025-11-16 17:16:33,731 - INFO - Epoch: 187, Training Loss: 0.0361, Validation Loss: 0.0324
2025-11-16 17:16:41,284 - INFO - Epoch: 188, Training Loss: 0.0370, Validation Loss: 0.0334
2025-11-16 17:16:50,197 - INFO - Epoch: 189, Training Loss: 0.0363, Validation Loss: 0.0318
2025-11-16 17:16:58,371 - INFO - Epoch: 190, Training Loss: 0.0362, Validation Loss: 0.0318
2025-11-16 17:17:05,734 - INFO - Epoch: 191, Training Loss: 0.0369, Validation Loss: 0.0328
2025-11-16 17:17:14,411 - INFO - Epoch: 192, Training Loss: 0.0369, Validation Loss: 0.0343
2025-11-16 17:17:21,385 - INFO - Epoch: 193, Training Loss: 0.0368, Validation Loss: 0.0319
2025-11-16 17:17:29,646 - INFO - Epoch: 194, Training Loss: 0.0363, Validation Loss: 0.0329
2025-11-16 17:17:37,622 - INFO - Epoch: 195, Training Loss: 0.0363, Validation Loss: 0.0325
2025-11-16 17:17:45,876 - INFO - Epoch: 196, Training Loss: 0.0364, Validation Loss: 0.0321
2025-11-16 17:17:51,342 - INFO - Epoch: 197, Training Loss: 0.0368, Validation Loss: 0.0323
2025-11-16 17:17:59,671 - INFO - Epoch: 198, Training Loss: 0.0359, Validation Loss: 0.0318
2025-11-16 17:18:08,797 - INFO - Epoch: 199, Training Loss: 0.0361, Validation Loss: 0.0328
2025-11-16 17:18:19,228 - INFO - Epoch: 200, Training Loss: 0.0366, Validation Loss: 0.0316
2025-11-16 17:18:19,228 - INFO -   → New best validation loss: 0.0316
2025-11-16 17:18:29,000 - INFO - Epoch: 201, Training Loss: 0.0357, Validation Loss: 0.0321
2025-11-16 17:18:35,929 - INFO - Epoch: 202, Training Loss: 0.0362, Validation Loss: 0.0324
2025-11-16 17:18:41,600 - INFO - Epoch: 203, Training Loss: 0.0363, Validation Loss: 0.0329
2025-11-16 17:18:49,019 - INFO - Epoch: 204, Training Loss: 0.0357, Validation Loss: 0.0320
2025-11-16 17:18:59,545 - INFO - Epoch: 205, Training Loss: 0.0361, Validation Loss: 0.0314
2025-11-16 17:18:59,547 - INFO -   → New best validation loss: 0.0314
2025-11-16 17:19:07,424 - INFO - Epoch: 206, Training Loss: 0.0357, Validation Loss: 0.0330
2025-11-16 17:19:15,471 - INFO - Epoch: 207, Training Loss: 0.0360, Validation Loss: 0.0317
2025-11-16 17:19:24,716 - INFO - Epoch: 208, Training Loss: 0.0363, Validation Loss: 0.0337
2025-11-16 17:19:34,100 - INFO - Epoch: 209, Training Loss: 0.0358, Validation Loss: 0.0334
2025-11-16 17:19:39,889 - INFO - Epoch: 210, Training Loss: 0.0366, Validation Loss: 0.0327
2025-11-16 17:19:46,932 - INFO - Epoch: 211, Training Loss: 0.0360, Validation Loss: 0.0322
2025-11-16 17:19:56,198 - INFO - Epoch: 212, Training Loss: 0.0354, Validation Loss: 0.0326
2025-11-16 17:20:05,695 - INFO - Epoch: 213, Training Loss: 0.0362, Validation Loss: 0.0311
2025-11-16 17:20:05,695 - INFO -   → New best validation loss: 0.0311
2025-11-16 17:20:15,072 - INFO - Epoch: 214, Training Loss: 0.0359, Validation Loss: 0.0312
2025-11-16 17:20:24,471 - INFO - Epoch: 215, Training Loss: 0.0367, Validation Loss: 0.0316
2025-11-16 17:20:34,906 - INFO - Epoch: 216, Training Loss: 0.0359, Validation Loss: 0.0355
2025-11-16 17:20:44,482 - INFO - Epoch: 217, Training Loss: 0.0354, Validation Loss: 0.0319
2025-11-16 17:20:50,033 - INFO - Epoch: 218, Training Loss: 0.0358, Validation Loss: 0.0309
2025-11-16 17:20:50,035 - INFO -   → New best validation loss: 0.0309
2025-11-16 17:20:59,854 - INFO - Epoch: 219, Training Loss: 0.0360, Validation Loss: 0.0321
2025-11-16 17:21:09,516 - INFO - Epoch: 220, Training Loss: 0.0355, Validation Loss: 0.0319
2025-11-16 17:21:16,003 - INFO - Epoch: 221, Training Loss: 0.0360, Validation Loss: 0.0312
2025-11-16 17:21:25,094 - INFO - Epoch: 222, Training Loss: 0.0376, Validation Loss: 0.0325
2025-11-16 17:21:33,203 - INFO - Epoch: 223, Training Loss: 0.0351, Validation Loss: 0.0315
2025-11-16 17:21:41,433 - INFO - Epoch: 224, Training Loss: 0.0342, Validation Loss: 0.0305
2025-11-16 17:21:41,434 - INFO -   → New best validation loss: 0.0305
2025-11-16 17:21:52,445 - INFO - Epoch: 225, Training Loss: 0.0352, Validation Loss: 0.0310
2025-11-16 17:21:59,626 - INFO - Epoch: 226, Training Loss: 0.0355, Validation Loss: 0.0325
2025-11-16 17:22:10,657 - INFO - Epoch: 227, Training Loss: 0.0346, Validation Loss: 0.0316
2025-11-16 17:22:19,965 - INFO - Epoch: 228, Training Loss: 0.0345, Validation Loss: 0.0308
2025-11-16 17:22:27,713 - INFO - Epoch: 229, Training Loss: 0.0352, Validation Loss: 0.0311
2025-11-16 17:22:34,393 - INFO - Epoch: 230, Training Loss: 0.0352, Validation Loss: 0.0348
2025-11-16 17:22:41,417 - INFO - Epoch: 231, Training Loss: 0.0344, Validation Loss: 0.0343
2025-11-16 17:22:48,580 - INFO - Epoch: 232, Training Loss: 0.0347, Validation Loss: 0.0350
2025-11-16 17:22:57,110 - INFO - Epoch: 233, Training Loss: 0.0349, Validation Loss: 0.0297
2025-11-16 17:22:57,112 - INFO -   → New best validation loss: 0.0297
2025-11-16 17:23:05,582 - INFO - Epoch: 234, Training Loss: 0.0351, Validation Loss: 0.0328
2025-11-16 17:23:13,249 - INFO - Epoch: 235, Training Loss: 0.0371, Validation Loss: 0.0353
2025-11-16 17:23:20,345 - INFO - Epoch: 236, Training Loss: 0.0351, Validation Loss: 0.0338
2025-11-16 17:23:27,586 - INFO - Epoch: 237, Training Loss: 0.0360, Validation Loss: 0.0309
2025-11-16 17:23:38,749 - INFO - Epoch: 238, Training Loss: 0.0347, Validation Loss: 0.0302
2025-11-16 17:23:48,579 - INFO - Epoch: 239, Training Loss: 0.0355, Validation Loss: 0.0409
2025-11-16 17:24:00,029 - INFO - Epoch: 240, Training Loss: 0.0366, Validation Loss: 0.0317
2025-11-16 17:24:06,653 - INFO - Epoch: 241, Training Loss: 0.0358, Validation Loss: 0.0324
2025-11-16 17:24:14,403 - INFO - Epoch: 242, Training Loss: 0.0346, Validation Loss: 0.0346
2025-11-16 17:24:19,286 - INFO - Epoch: 243, Training Loss: 0.0352, Validation Loss: 0.0483
2025-11-16 17:24:26,975 - INFO - Epoch: 244, Training Loss: 0.0345, Validation Loss: 0.0337
2025-11-16 17:24:34,401 - INFO - Epoch: 245, Training Loss: 0.0336, Validation Loss: 0.0290
2025-11-16 17:24:34,401 - INFO -   → New best validation loss: 0.0290
2025-11-16 17:24:43,768 - INFO - Epoch: 246, Training Loss: 0.0342, Validation Loss: 0.0313
2025-11-16 17:24:55,447 - INFO - Epoch: 247, Training Loss: 0.0330, Validation Loss: 0.0331
2025-11-16 17:25:03,354 - INFO - Epoch: 248, Training Loss: 0.0342, Validation Loss: 0.0397
2025-11-16 17:25:11,488 - INFO - Epoch: 249, Training Loss: 0.0345, Validation Loss: 0.0378
2025-11-16 17:25:21,662 - INFO - Epoch: 250, Training Loss: 0.0347, Validation Loss: 0.0303
2025-11-16 17:25:30,994 - INFO - Epoch: 251, Training Loss: 0.0349, Validation Loss: 0.0291
2025-11-16 17:25:41,218 - INFO - Epoch: 252, Training Loss: 0.0344, Validation Loss: 0.0313
2025-11-16 17:25:51,233 - INFO - Epoch: 253, Training Loss: 0.0346, Validation Loss: 0.0335
2025-11-16 17:25:59,102 - INFO - Epoch: 254, Training Loss: 0.0318, Validation Loss: 0.0300
2025-11-16 17:26:09,018 - INFO - Epoch: 255, Training Loss: 0.0333, Validation Loss: 0.0306
2025-11-16 17:26:17,620 - INFO - Epoch: 256, Training Loss: 0.0362, Validation Loss: 0.0321
2025-11-16 17:26:25,443 - INFO - Epoch: 257, Training Loss: 0.0335, Validation Loss: 0.0306
2025-11-16 17:26:33,036 - INFO - Epoch: 258, Training Loss: 0.0350, Validation Loss: 0.0336
2025-11-16 17:26:41,756 - INFO - Epoch: 259, Training Loss: 0.0329, Validation Loss: 0.0278
2025-11-16 17:26:41,756 - INFO -   → New best validation loss: 0.0278
2025-11-16 17:26:51,414 - INFO - Epoch: 260, Training Loss: 0.0361, Validation Loss: 0.0344
2025-11-16 17:26:59,698 - INFO - Epoch: 261, Training Loss: 0.0334, Validation Loss: 0.0300
2025-11-16 17:27:07,854 - INFO - Epoch: 262, Training Loss: 0.0332, Validation Loss: 0.0315
2025-11-16 17:27:15,062 - INFO - Epoch: 263, Training Loss: 0.0339, Validation Loss: 0.0311
2025-11-16 17:27:21,461 - INFO - Epoch: 264, Training Loss: 0.0336, Validation Loss: 0.0275
2025-11-16 17:27:21,461 - INFO -   → New best validation loss: 0.0275
2025-11-16 17:27:28,797 - INFO - Epoch: 265, Training Loss: 0.0338, Validation Loss: 0.0322
2025-11-16 17:27:36,084 - INFO - Epoch: 266, Training Loss: 0.0334, Validation Loss: 0.0299
2025-11-16 17:27:44,520 - INFO - Epoch: 267, Training Loss: 0.0320, Validation Loss: 0.0295
2025-11-16 17:27:51,146 - INFO - Epoch: 268, Training Loss: 0.0334, Validation Loss: 0.0303
2025-11-16 17:27:59,455 - INFO - Epoch: 269, Training Loss: 0.0328, Validation Loss: 0.0292
2025-11-16 17:28:07,817 - INFO - Epoch: 270, Training Loss: 0.0325, Validation Loss: 0.0375
2025-11-16 17:28:14,937 - INFO - Epoch: 271, Training Loss: 0.0316, Validation Loss: 0.0335
2025-11-16 17:28:22,590 - INFO - Epoch: 272, Training Loss: 0.0333, Validation Loss: 0.0299
2025-11-16 17:28:31,584 - INFO - Epoch: 273, Training Loss: 0.0337, Validation Loss: 0.0322
2025-11-16 17:28:42,506 - INFO - Epoch: 274, Training Loss: 0.0312, Validation Loss: 0.0456
2025-11-16 17:28:51,297 - INFO - Epoch: 275, Training Loss: 0.0355, Validation Loss: 0.0314
2025-11-16 17:29:00,213 - INFO - Epoch: 276, Training Loss: 0.0370, Validation Loss: 0.0304
2025-11-16 17:29:08,494 - INFO - Epoch: 277, Training Loss: 0.0327, Validation Loss: 0.0261
2025-11-16 17:29:08,495 - INFO -   → New best validation loss: 0.0261
2025-11-16 17:29:16,532 - INFO - Epoch: 278, Training Loss: 0.0342, Validation Loss: 0.0428
2025-11-16 17:29:21,667 - INFO - Epoch: 279, Training Loss: 0.0320, Validation Loss: 0.0415
2025-11-16 17:29:29,293 - INFO - Epoch: 280, Training Loss: 0.0312, Validation Loss: 0.0307
2025-11-16 17:29:36,533 - INFO - Epoch: 281, Training Loss: 0.0350, Validation Loss: 0.0351
2025-11-16 17:29:43,911 - INFO - Epoch: 282, Training Loss: 0.0330, Validation Loss: 0.0294
2025-11-16 17:29:49,993 - INFO - Epoch: 283, Training Loss: 0.0347, Validation Loss: 0.0317
2025-11-16 17:30:00,478 - INFO - Epoch: 284, Training Loss: 0.0336, Validation Loss: 0.0299
2025-11-16 17:30:07,886 - INFO - Epoch: 285, Training Loss: 0.0319, Validation Loss: 0.0358
2025-11-16 17:30:16,792 - INFO - Epoch: 286, Training Loss: 0.0316, Validation Loss: 0.0323
2025-11-16 17:30:22,953 - INFO - Epoch: 287, Training Loss: 0.0320, Validation Loss: 0.0303
2025-11-16 17:30:30,930 - INFO - Epoch: 288, Training Loss: 0.0337, Validation Loss: 0.0307
2025-11-16 17:30:40,211 - INFO - Epoch: 289, Training Loss: 0.0321, Validation Loss: 0.0296
2025-11-16 17:30:48,741 - INFO - Epoch: 290, Training Loss: 0.0343, Validation Loss: 0.0354
2025-11-16 17:30:57,952 - INFO - Epoch: 291, Training Loss: 0.0323, Validation Loss: 0.0315
2025-11-16 17:31:03,618 - INFO - Epoch: 292, Training Loss: 0.0310, Validation Loss: 0.0343
2025-11-16 17:31:13,137 - INFO - Epoch: 293, Training Loss: 0.0334, Validation Loss: 0.0283
2025-11-16 17:31:23,124 - INFO - Epoch: 294, Training Loss: 0.0337, Validation Loss: 0.0296
2025-11-16 17:31:29,097 - INFO - Epoch: 295, Training Loss: 0.0326, Validation Loss: 0.0428
2025-11-16 17:31:35,014 - INFO - Epoch: 296, Training Loss: 0.0319, Validation Loss: 0.0373
2025-11-16 17:31:41,046 - INFO - Epoch: 297, Training Loss: 0.0345, Validation Loss: 0.0282
2025-11-16 17:31:48,375 - INFO - Epoch: 298, Training Loss: 0.0328, Validation Loss: 0.0267
2025-11-16 17:31:55,846 - INFO - Epoch: 299, Training Loss: 0.0311, Validation Loss: 0.0307
2025-11-16 17:32:01,477 - INFO - Epoch: 300, Training Loss: 0.0336, Validation Loss: 0.0329
2025-11-16 17:32:10,326 - INFO - Epoch: 301, Training Loss: 0.0349, Validation Loss: 0.0351
2025-11-16 17:32:18,736 - INFO - Epoch: 302, Training Loss: 0.0337, Validation Loss: 0.0300
2025-11-16 17:32:26,909 - INFO - Epoch: 303, Training Loss: 0.0329, Validation Loss: 0.0316
2025-11-16 17:32:32,189 - INFO - Epoch: 304, Training Loss: 0.0301, Validation Loss: 0.0524
2025-11-16 17:32:36,924 - INFO - Epoch: 305, Training Loss: 0.0317, Validation Loss: 0.0331
2025-11-16 17:32:41,483 - INFO - Epoch: 306, Training Loss: 0.0312, Validation Loss: 0.0321
2025-11-16 17:32:49,038 - INFO - Epoch: 307, Training Loss: 0.0301, Validation Loss: 0.0252
2025-11-16 17:32:49,040 - INFO -   → New best validation loss: 0.0252
2025-11-16 17:32:57,721 - INFO - Epoch: 308, Training Loss: 0.0338, Validation Loss: 0.0414
2025-11-16 17:33:02,894 - INFO - Epoch: 309, Training Loss: 0.0306, Validation Loss: 0.0273
2025-11-16 17:33:10,620 - INFO - Epoch: 310, Training Loss: 0.0325, Validation Loss: 0.0268
2025-11-16 17:33:19,992 - INFO - Epoch: 311, Training Loss: 0.0354, Validation Loss: 0.0350
2025-11-16 17:33:30,391 - INFO - Epoch: 312, Training Loss: 0.0342, Validation Loss: 0.0327
2025-11-16 17:33:37,931 - INFO - Epoch: 313, Training Loss: 0.0348, Validation Loss: 0.0309
2025-11-16 17:33:45,123 - INFO - Epoch: 314, Training Loss: 0.0339, Validation Loss: 0.0355
2025-11-16 17:33:53,750 - INFO - Epoch: 315, Training Loss: 0.0299, Validation Loss: 0.0387
2025-11-16 17:33:59,785 - INFO - Epoch: 316, Training Loss: 0.0327, Validation Loss: 0.0289
2025-11-16 17:34:10,973 - INFO - Epoch: 317, Training Loss: 0.0340, Validation Loss: 0.0311
2025-11-16 17:34:20,858 - INFO - Epoch: 318, Training Loss: 0.0316, Validation Loss: 0.0295
2025-11-16 17:34:27,315 - INFO - Epoch: 319, Training Loss: 0.0309, Validation Loss: 0.0278
2025-11-16 17:34:36,215 - INFO - Epoch: 320, Training Loss: 0.0327, Validation Loss: 0.0295
2025-11-16 17:34:44,843 - INFO - Epoch: 321, Training Loss: 0.0328, Validation Loss: 0.0291
2025-11-16 17:34:54,734 - INFO - Epoch: 322, Training Loss: 0.0321, Validation Loss: 0.0343
2025-11-16 17:35:03,559 - INFO - Epoch: 323, Training Loss: 0.0333, Validation Loss: 0.0306
2025-11-16 17:35:10,637 - INFO - Epoch: 324, Training Loss: 0.0340, Validation Loss: 0.0310
2025-11-16 17:35:20,252 - INFO - Epoch: 325, Training Loss: 0.0342, Validation Loss: 0.0309
2025-11-16 17:35:28,220 - INFO - Epoch: 326, Training Loss: 0.0329, Validation Loss: 0.0303
2025-11-16 17:35:37,869 - INFO - Epoch: 327, Training Loss: 0.0321, Validation Loss: 0.0259
2025-11-16 17:35:45,897 - INFO - Epoch: 328, Training Loss: 0.0306, Validation Loss: 0.0276
2025-11-16 17:35:54,129 - INFO - Epoch: 329, Training Loss: 0.0334, Validation Loss: 0.0379
2025-11-16 17:36:00,429 - INFO - Epoch: 330, Training Loss: 0.0337, Validation Loss: 0.0333
2025-11-16 17:36:09,913 - INFO - Epoch: 331, Training Loss: 0.0329, Validation Loss: 0.0296
2025-11-16 17:36:20,349 - INFO - Epoch: 332, Training Loss: 0.0303, Validation Loss: 0.0306
2025-11-16 17:36:29,330 - INFO - Epoch: 333, Training Loss: 0.0344, Validation Loss: 0.0318
2025-11-16 17:36:36,891 - INFO - Epoch: 334, Training Loss: 0.0349, Validation Loss: 0.0301
2025-11-16 17:36:42,713 - INFO - Epoch: 335, Training Loss: 0.0334, Validation Loss: 0.0293
2025-11-16 17:36:51,531 - INFO - Epoch: 336, Training Loss: 0.0329, Validation Loss: 0.0339
2025-11-16 17:36:59,183 - INFO - Epoch: 337, Training Loss: 0.0326, Validation Loss: 0.0304
2025-11-16 17:37:06,044 - INFO - Epoch: 338, Training Loss: 0.0310, Validation Loss: 0.0293
2025-11-16 17:37:13,706 - INFO - Epoch: 339, Training Loss: 0.0303, Validation Loss: 0.0308
2025-11-16 17:37:21,174 - INFO - Epoch: 340, Training Loss: 0.0341, Validation Loss: 0.0633
2025-11-16 17:37:27,969 - INFO - Epoch: 341, Training Loss: 0.0307, Validation Loss: 0.0296
2025-11-16 17:37:35,355 - INFO - Epoch: 342, Training Loss: 0.0330, Validation Loss: 0.0326
2025-11-16 17:37:43,617 - INFO - Epoch: 343, Training Loss: 0.0291, Validation Loss: 0.0284
2025-11-16 17:37:51,546 - INFO - Epoch: 344, Training Loss: 0.0339, Validation Loss: 0.0313
2025-11-16 17:37:57,711 - INFO - Epoch: 345, Training Loss: 0.0337, Validation Loss: 0.0348
2025-11-16 17:38:05,939 - INFO - Epoch: 346, Training Loss: 0.0324, Validation Loss: 0.0294
2025-11-16 17:38:14,173 - INFO - Epoch: 347, Training Loss: 0.0322, Validation Loss: 0.0347
2025-11-16 17:38:23,848 - INFO - Epoch: 348, Training Loss: 0.0328, Validation Loss: 0.0290
2025-11-16 17:38:33,700 - INFO - Epoch: 349, Training Loss: 0.0302, Validation Loss: 0.0275
2025-11-16 17:38:42,600 - INFO - Epoch: 350, Training Loss: 0.0307, Validation Loss: 0.0279
2025-11-16 17:38:50,931 - INFO - Epoch: 351, Training Loss: 0.0286, Validation Loss: 0.0253
2025-11-16 17:39:00,142 - INFO - Epoch: 352, Training Loss: 0.0296, Validation Loss: 0.0351
2025-11-16 17:39:07,330 - INFO - Epoch: 353, Training Loss: 0.0348, Validation Loss: 0.0321
2025-11-16 17:39:14,756 - INFO - Epoch: 354, Training Loss: 0.0340, Validation Loss: 0.0310
2025-11-16 17:39:23,059 - INFO - Epoch: 355, Training Loss: 0.0329, Validation Loss: 0.0296
2025-11-16 17:39:30,859 - INFO - Epoch: 356, Training Loss: 0.0315, Validation Loss: 0.0285
2025-11-16 17:39:41,368 - INFO - Epoch: 357, Training Loss: 0.0306, Validation Loss: 0.0320
2025-11-16 17:39:41,368 - INFO - Early stopping triggered at epoch 357
2025-11-16 17:39:41,368 - INFO - Best validation loss: 0.0252
2025-11-16 17:39:41,372 - INFO - Restored best model weights
2025-11-16 17:39:41,372 - INFO - 
============================================================
2025-11-16 17:39:41,372 - INFO - EVALUATION RESULTS
2025-11-16 17:39:41,372 - INFO - ============================================================
2025-11-16 17:39:41,425 - INFO - Validation Set - MSE: 0.027849, MAE: 0.141614, RMSE: 0.166881, Pearson Correlation: 0.398574 (p=0.000002)
2025-11-16 17:39:41,576 - INFO - Test Set - MSE: 0.032524, MAE: 0.153743, RMSE: 0.180344, Pearson Correlation: 0.715154 (p=0.000000)
2025-11-16 17:39:41,576 - INFO - ============================================================

2025-11-16 17:39:41,576 - INFO - Trial completed successfully
2025-11-16 17:39:41,576 - INFO - ================================================================================
2025-11-16 17:39:41,576 - INFO - Trial 4 completed. End time: 2025-11-16 17:3941
2025-11-16 17:39:41,576 - INFO - ================================================================================
