2025-11-16 19:18:43,462 - INFO - ================================================================================
2025-11-16 19:18:43,462 - INFO - TRIAL 1 - Task: RGS (FP1/FP2 only, de_LDS_f21-25, no CV)
2025-11-16 19:18:43,462 - INFO - Log file: ./logs_fp_f21_25/trial1_RGS_20251116_191843.log
2025-11-16 19:18:43,462 - INFO - Start time: 2025-11-16 19:18:43
2025-11-16 19:18:43,462 - INFO - ================================================================================
2025-11-16 19:18:43,902 - INFO - START TRAINING - Task: RGS (FP1/FP2 only, de_LDS_f21-25, no CV)
2025-11-16 19:18:43,902 - INFO - Features: de_LDS_f21-25 (41Hz, 43Hz, 45Hz, 47Hz, 49Hz)
2025-11-16 19:18:43,902 - INFO - Learning rate: 0.005, Epochs: 200, Batches: 8
2025-11-16 19:18:43,902 - INFO - Data split: 70% train / 15% validation / 15% test
2025-11-16 19:18:43,902 - INFO - Loading dataset (FP1/FP2 channels, de_LDS_f21-25 only, fixed split)...
2025-11-16 19:18:43,917 - INFO - Dataset shapes - Train: (616, 2, 5, 1), Valid: (131, 2, 5, 1), Test: (138, 2, 5, 1)
2025-11-16 19:18:43,917 - INFO - Applied feature normalization (StandardScaler)
2025-11-16 19:18:43,920 - INFO - Initializing VIGNet-FP model (2 channels, 5 frequency features)...
2025-11-16 19:18:43,991 - INFO - Number of batch iterations per epoch: 77
2025-11-16 19:18:53,403 - INFO - Epoch: 1, Training Loss: 0.1042, Validation Loss: 0.0087
2025-11-16 19:18:53,407 - INFO -   → New best validation loss: 0.0087
2025-11-16 19:19:00,697 - INFO - Epoch: 2, Training Loss: 0.0097, Validation Loss: 0.0065
2025-11-16 19:19:00,698 - INFO -   → New best validation loss: 0.0065
2025-11-16 19:19:10,777 - INFO - Epoch: 3, Training Loss: 0.0090, Validation Loss: 0.0055
2025-11-16 19:19:10,778 - INFO -   → New best validation loss: 0.0055
2025-11-16 19:19:21,474 - INFO - Epoch: 4, Training Loss: 0.0079, Validation Loss: 0.0059
2025-11-16 19:19:31,799 - INFO - Epoch: 5, Training Loss: 0.0073, Validation Loss: 0.0040
2025-11-16 19:19:31,803 - INFO -   → New best validation loss: 0.0040
2025-11-16 19:19:41,360 - INFO - Epoch: 6, Training Loss: 0.0085, Validation Loss: 0.0036
2025-11-16 19:19:41,361 - INFO -   → New best validation loss: 0.0036
2025-11-16 19:19:53,645 - INFO - Epoch: 7, Training Loss: 0.0069, Validation Loss: 0.0038
2025-11-16 19:20:03,880 - INFO - Epoch: 8, Training Loss: 0.0061, Validation Loss: 0.0049
2025-11-16 19:20:14,567 - INFO - Epoch: 9, Training Loss: 0.0062, Validation Loss: 0.0048
2025-11-16 19:20:25,488 - INFO - Epoch: 10, Training Loss: 0.0062, Validation Loss: 0.0037
2025-11-16 19:20:34,454 - INFO - Epoch: 11, Training Loss: 0.0055, Validation Loss: 0.0032
2025-11-16 19:20:34,455 - INFO -   → New best validation loss: 0.0032
2025-11-16 19:20:45,023 - INFO - Epoch: 12, Training Loss: 0.0061, Validation Loss: 0.0040
2025-11-16 19:20:54,699 - INFO - Epoch: 13, Training Loss: 0.0056, Validation Loss: 0.0045
2025-11-16 19:21:02,881 - INFO - Epoch: 14, Training Loss: 0.0060, Validation Loss: 0.0038
2025-11-16 19:21:11,766 - INFO - Epoch: 15, Training Loss: 0.0061, Validation Loss: 0.0036
2025-11-16 19:21:18,997 - INFO - Epoch: 16, Training Loss: 0.0053, Validation Loss: 0.0086
2025-11-16 19:21:29,144 - INFO - Epoch: 17, Training Loss: 0.0059, Validation Loss: 0.0047
2025-11-16 19:21:39,423 - INFO - Epoch: 18, Training Loss: 0.0059, Validation Loss: 0.0074
2025-11-16 19:21:48,007 - INFO - Epoch: 19, Training Loss: 0.0058, Validation Loss: 0.0034
2025-11-16 19:21:56,075 - INFO - Epoch: 20, Training Loss: 0.0050, Validation Loss: 0.0030
2025-11-16 19:21:56,076 - INFO -   → New best validation loss: 0.0030
2025-11-16 19:22:04,593 - INFO - Epoch: 21, Training Loss: 0.0059, Validation Loss: 0.0035
