2025-11-16 19:56:33,278 - INFO - ================================================================================
2025-11-16 19:56:33,278 - INFO - TRIAL 4 - Task: RGS (FP1/FP2 only, de_LDS_f21-25, no CV)
2025-11-16 19:56:33,278 - INFO - Log file: ./logs_fp_f21_25/trial4_RGS_20251116_191843.log
2025-11-16 19:56:33,278 - INFO - Start time: 2025-11-16 19:56:33
2025-11-16 19:56:33,278 - INFO - ================================================================================
2025-11-16 19:56:33,280 - INFO - START TRAINING - Task: RGS (FP1/FP2 only, de_LDS_f21-25, no CV)
2025-11-16 19:56:33,280 - INFO - Features: de_LDS_f21-25 (41Hz, 43Hz, 45Hz, 47Hz, 49Hz)
2025-11-16 19:56:33,280 - INFO - Learning rate: 0.005, Epochs: 200, Batches: 8
2025-11-16 19:56:33,280 - INFO - Data split: 70% train / 15% validation / 15% test
2025-11-16 19:56:33,280 - INFO - Loading dataset (FP1/FP2 channels, de_LDS_f21-25 only, fixed split)...
2025-11-16 19:56:33,292 - INFO - Dataset shapes - Train: (616, 2, 5, 1), Valid: (131, 2, 5, 1), Test: (138, 2, 5, 1)
2025-11-16 19:56:33,292 - INFO - Applied feature normalization (StandardScaler)
2025-11-16 19:56:33,293 - INFO - Initializing VIGNet-FP model (2 channels, 5 frequency features)...
2025-11-16 19:56:33,297 - INFO - Number of batch iterations per epoch: 77
2025-11-16 19:56:41,668 - INFO - Epoch: 1, Training Loss: 0.0465, Validation Loss: 0.0222
2025-11-16 19:56:41,669 - INFO -   → New best validation loss: 0.0222
2025-11-16 19:56:49,400 - INFO - Epoch: 2, Training Loss: 0.0225, Validation Loss: 0.0216
2025-11-16 19:56:49,401 - INFO -   → New best validation loss: 0.0216
2025-11-16 19:56:54,914 - INFO - Epoch: 3, Training Loss: 0.0206, Validation Loss: 0.0163
2025-11-16 19:56:54,915 - INFO -   → New best validation loss: 0.0163
2025-11-16 19:57:04,083 - INFO - Epoch: 4, Training Loss: 0.0189, Validation Loss: 0.0207
2025-11-16 19:57:10,832 - INFO - Epoch: 5, Training Loss: 0.0205, Validation Loss: 0.0207
2025-11-16 19:57:19,398 - INFO - Epoch: 6, Training Loss: 0.0197, Validation Loss: 0.0165
2025-11-16 19:57:28,688 - INFO - Epoch: 7, Training Loss: 0.0180, Validation Loss: 0.0157
2025-11-16 19:57:28,689 - INFO -   → New best validation loss: 0.0157
2025-11-16 19:57:38,206 - INFO - Epoch: 8, Training Loss: 0.0191, Validation Loss: 0.0217
2025-11-16 19:57:48,396 - INFO - Epoch: 9, Training Loss: 0.0172, Validation Loss: 0.0160
2025-11-16 19:57:57,672 - INFO - Epoch: 10, Training Loss: 0.0169, Validation Loss: 0.0153
2025-11-16 19:57:57,673 - INFO -   → New best validation loss: 0.0153
2025-11-16 19:58:07,992 - INFO - Epoch: 11, Training Loss: 0.0167, Validation Loss: 0.0147
2025-11-16 19:58:07,993 - INFO -   → New best validation loss: 0.0147
2025-11-16 19:58:16,833 - INFO - Epoch: 12, Training Loss: 0.0168, Validation Loss: 0.0181
2025-11-16 19:58:28,265 - INFO - Epoch: 13, Training Loss: 0.0165, Validation Loss: 0.0151
2025-11-16 19:58:37,124 - INFO - Epoch: 14, Training Loss: 0.0160, Validation Loss: 0.0177
2025-11-16 19:58:47,029 - INFO - Epoch: 15, Training Loss: 0.0159, Validation Loss: 0.0175
2025-11-16 19:58:54,996 - INFO - Epoch: 16, Training Loss: 0.0161, Validation Loss: 0.0151
2025-11-16 19:59:05,209 - INFO - Epoch: 17, Training Loss: 0.0159, Validation Loss: 0.0151
2025-11-16 19:59:17,225 - INFO - Epoch: 18, Training Loss: 0.0153, Validation Loss: 0.0182
2025-11-16 19:59:28,093 - INFO - Epoch: 19, Training Loss: 0.0169, Validation Loss: 0.0136
2025-11-16 19:59:28,098 - INFO -   → New best validation loss: 0.0136
2025-11-16 19:59:36,410 - INFO - Epoch: 20, Training Loss: 0.0170, Validation Loss: 0.0140
2025-11-16 19:59:45,642 - INFO - Epoch: 21, Training Loss: 0.0149, Validation Loss: 0.0129
2025-11-16 19:59:45,643 - INFO -   → New best validation loss: 0.0129
2025-11-16 19:59:55,756 - INFO - Epoch: 22, Training Loss: 0.0150, Validation Loss: 0.0133
2025-11-16 20:00:05,521 - INFO - Epoch: 23, Training Loss: 0.0150, Validation Loss: 0.0166
2025-11-16 20:00:14,744 - INFO - Epoch: 24, Training Loss: 0.0156, Validation Loss: 0.0158
2025-11-16 20:00:24,164 - INFO - Epoch: 25, Training Loss: 0.0154, Validation Loss: 0.0134
2025-11-16 20:00:34,124 - INFO - Epoch: 26, Training Loss: 0.0143, Validation Loss: 0.0131
2025-11-16 20:00:43,932 - INFO - Epoch: 27, Training Loss: 0.0146, Validation Loss: 0.0136
2025-11-16 20:00:51,433 - INFO - Epoch: 28, Training Loss: 0.0155, Validation Loss: 0.0133
2025-11-16 20:00:59,356 - INFO - Epoch: 29, Training Loss: 0.0146, Validation Loss: 0.0127
2025-11-16 20:00:59,360 - INFO -   → New best validation loss: 0.0127
2025-11-16 20:01:07,853 - INFO - Epoch: 30, Training Loss: 0.0144, Validation Loss: 0.0133
2025-11-16 20:01:16,709 - INFO - Epoch: 31, Training Loss: 0.0139, Validation Loss: 0.0139
2025-11-16 20:01:26,100 - INFO - Epoch: 32, Training Loss: 0.0140, Validation Loss: 0.0126
2025-11-16 20:01:26,101 - INFO -   → New best validation loss: 0.0126
2025-11-16 20:01:35,988 - INFO - Epoch: 33, Training Loss: 0.0140, Validation Loss: 0.0129
2025-11-16 20:01:44,964 - INFO - Epoch: 34, Training Loss: 0.0138, Validation Loss: 0.0119
2025-11-16 20:01:44,965 - INFO -   → New best validation loss: 0.0119
2025-11-16 20:01:56,268 - INFO - Epoch: 35, Training Loss: 0.0144, Validation Loss: 0.0128
2025-11-16 20:02:08,276 - INFO - Epoch: 36, Training Loss: 0.0134, Validation Loss: 0.0127
2025-11-16 20:02:17,080 - INFO - Epoch: 37, Training Loss: 0.0143, Validation Loss: 0.0164
2025-11-16 20:02:25,742 - INFO - Epoch: 38, Training Loss: 0.0145, Validation Loss: 0.0158
2025-11-16 20:02:35,042 - INFO - Epoch: 39, Training Loss: 0.0145, Validation Loss: 0.0127
2025-11-16 20:02:43,649 - INFO - Epoch: 40, Training Loss: 0.0140, Validation Loss: 0.0128
2025-11-16 20:02:53,618 - INFO - Epoch: 41, Training Loss: 0.0130, Validation Loss: 0.0119
2025-11-16 20:02:53,622 - INFO -   → New best validation loss: 0.0119
2025-11-16 20:03:03,759 - INFO - Epoch: 42, Training Loss: 0.0138, Validation Loss: 0.0120
2025-11-16 20:03:13,876 - INFO - Epoch: 43, Training Loss: 0.0135, Validation Loss: 0.0132
2025-11-16 20:03:24,475 - INFO - Epoch: 44, Training Loss: 0.0129, Validation Loss: 0.0123
2025-11-16 20:03:31,998 - INFO - Epoch: 45, Training Loss: 0.0133, Validation Loss: 0.0155
2025-11-16 20:03:40,309 - INFO - Epoch: 46, Training Loss: 0.0128, Validation Loss: 0.0129
2025-11-16 20:03:48,878 - INFO - Epoch: 47, Training Loss: 0.0131, Validation Loss: 0.0115
2025-11-16 20:03:48,883 - INFO -   → New best validation loss: 0.0115
2025-11-16 20:03:59,076 - INFO - Epoch: 48, Training Loss: 0.0127, Validation Loss: 0.0116
2025-11-16 20:04:09,109 - INFO - Epoch: 49, Training Loss: 0.0130, Validation Loss: 0.0160
2025-11-16 20:04:17,767 - INFO - Epoch: 50, Training Loss: 0.0123, Validation Loss: 0.0117
2025-11-16 20:04:27,447 - INFO - Epoch: 51, Training Loss: 0.0118, Validation Loss: 0.0103
2025-11-16 20:04:27,448 - INFO -   → New best validation loss: 0.0103
2025-11-16 20:04:37,287 - INFO - Epoch: 52, Training Loss: 0.0114, Validation Loss: 0.0111
2025-11-16 20:04:48,902 - INFO - Epoch: 53, Training Loss: 0.0108, Validation Loss: 0.0118
2025-11-16 20:04:58,770 - INFO - Epoch: 54, Training Loss: 0.0109, Validation Loss: 0.0117
2025-11-16 20:05:09,305 - INFO - Epoch: 55, Training Loss: 0.0114, Validation Loss: 0.0099
2025-11-16 20:05:09,310 - INFO -   → New best validation loss: 0.0099
2025-11-16 20:05:19,439 - INFO - Epoch: 56, Training Loss: 0.0109, Validation Loss: 0.0109
2025-11-16 20:05:26,949 - INFO - Epoch: 57, Training Loss: 0.0106, Validation Loss: 0.0132
2025-11-16 20:05:36,818 - INFO - Epoch: 58, Training Loss: 0.0108, Validation Loss: 0.0113
2025-11-16 20:05:48,440 - INFO - Epoch: 59, Training Loss: 0.0101, Validation Loss: 0.0117
2025-11-16 20:05:58,542 - INFO - Epoch: 60, Training Loss: 0.0094, Validation Loss: 0.0100
2025-11-16 20:06:08,121 - INFO - Epoch: 61, Training Loss: 0.0100, Validation Loss: 0.0102
2025-11-16 20:06:17,742 - INFO - Epoch: 62, Training Loss: 0.0093, Validation Loss: 0.0082
2025-11-16 20:06:17,743 - INFO -   → New best validation loss: 0.0082
2025-11-16 20:06:23,961 - INFO - Epoch: 63, Training Loss: 0.0097, Validation Loss: 0.0094
2025-11-16 20:06:34,806 - INFO - Epoch: 64, Training Loss: 0.0097, Validation Loss: 0.0139
2025-11-16 20:06:42,657 - INFO - Epoch: 65, Training Loss: 0.0091, Validation Loss: 0.0108
2025-11-16 20:06:52,604 - INFO - Epoch: 66, Training Loss: 0.0082, Validation Loss: 0.0096
2025-11-16 20:07:03,198 - INFO - Epoch: 67, Training Loss: 0.0089, Validation Loss: 0.0083
2025-11-16 20:07:12,881 - INFO - Epoch: 68, Training Loss: 0.0090, Validation Loss: 0.0088
2025-11-16 20:07:24,312 - INFO - Epoch: 69, Training Loss: 0.0080, Validation Loss: 0.0067
2025-11-16 20:07:24,316 - INFO -   → New best validation loss: 0.0067
2025-11-16 20:07:32,301 - INFO - Epoch: 70, Training Loss: 0.0085, Validation Loss: 0.0073
2025-11-16 20:07:42,501 - INFO - Epoch: 71, Training Loss: 0.0081, Validation Loss: 0.0108
2025-11-16 20:07:53,413 - INFO - Epoch: 72, Training Loss: 0.0081, Validation Loss: 0.0072
2025-11-16 20:08:01,464 - INFO - Epoch: 73, Training Loss: 0.0076, Validation Loss: 0.0066
2025-11-16 20:08:01,468 - INFO -   → New best validation loss: 0.0066
2025-11-16 20:08:09,323 - INFO - Epoch: 74, Training Loss: 0.0078, Validation Loss: 0.0086
2025-11-16 20:08:16,928 - INFO - Epoch: 75, Training Loss: 0.0080, Validation Loss: 0.0069
2025-11-16 20:08:26,911 - INFO - Epoch: 76, Training Loss: 0.0083, Validation Loss: 0.0062
2025-11-16 20:08:26,912 - INFO -   → New best validation loss: 0.0062
2025-11-16 20:08:34,932 - INFO - Epoch: 77, Training Loss: 0.0071, Validation Loss: 0.0066
2025-11-16 20:08:43,156 - INFO - Epoch: 78, Training Loss: 0.0073, Validation Loss: 0.0109
2025-11-16 20:08:50,978 - INFO - Epoch: 79, Training Loss: 0.0078, Validation Loss: 0.0066
2025-11-16 20:08:57,965 - INFO - Epoch: 80, Training Loss: 0.0075, Validation Loss: 0.0058
2025-11-16 20:08:57,966 - INFO -   → New best validation loss: 0.0058
2025-11-16 20:09:06,755 - INFO - Epoch: 81, Training Loss: 0.0072, Validation Loss: 0.0068
2025-11-16 20:09:16,856 - INFO - Epoch: 82, Training Loss: 0.0068, Validation Loss: 0.0061
2025-11-16 20:09:26,990 - INFO - Epoch: 83, Training Loss: 0.0065, Validation Loss: 0.0065
2025-11-16 20:09:37,658 - INFO - Epoch: 84, Training Loss: 0.0097, Validation Loss: 0.0059
2025-11-16 20:09:46,174 - INFO - Epoch: 85, Training Loss: 0.0065, Validation Loss: 0.0067
2025-11-16 20:09:56,943 - INFO - Epoch: 86, Training Loss: 0.0073, Validation Loss: 0.0080
2025-11-16 20:10:05,814 - INFO - Epoch: 87, Training Loss: 0.0072, Validation Loss: 0.0064
2025-11-16 20:10:13,197 - INFO - Epoch: 88, Training Loss: 0.0065, Validation Loss: 0.0054
2025-11-16 20:10:13,198 - INFO -   → New best validation loss: 0.0054
2025-11-16 20:10:22,370 - INFO - Epoch: 89, Training Loss: 0.0066, Validation Loss: 0.0059
2025-11-16 20:10:30,216 - INFO - Epoch: 90, Training Loss: 0.0067, Validation Loss: 0.0057
2025-11-16 20:10:39,720 - INFO - Epoch: 91, Training Loss: 0.0066, Validation Loss: 0.0063
2025-11-16 20:10:49,155 - INFO - Epoch: 92, Training Loss: 0.0062, Validation Loss: 0.0051
2025-11-16 20:10:49,156 - INFO -   → New best validation loss: 0.0051
2025-11-16 20:10:59,270 - INFO - Epoch: 93, Training Loss: 0.0064, Validation Loss: 0.0059
2025-11-16 20:11:10,118 - INFO - Epoch: 94, Training Loss: 0.0056, Validation Loss: 0.0069
2025-11-16 20:11:18,624 - INFO - Epoch: 95, Training Loss: 0.0061, Validation Loss: 0.0064
2025-11-16 20:11:28,376 - INFO - Epoch: 96, Training Loss: 0.0066, Validation Loss: 0.0051
2025-11-16 20:11:28,383 - INFO -   → New best validation loss: 0.0051
2025-11-16 20:11:37,474 - INFO - Epoch: 97, Training Loss: 0.0055, Validation Loss: 0.0044
2025-11-16 20:11:37,480 - INFO -   → New best validation loss: 0.0044
2025-11-16 20:11:48,255 - INFO - Epoch: 98, Training Loss: 0.0052, Validation Loss: 0.0052
2025-11-16 20:11:57,043 - INFO - Epoch: 99, Training Loss: 0.0057, Validation Loss: 0.0048
2025-11-16 20:12:08,022 - INFO - Epoch: 100, Training Loss: 0.0058, Validation Loss: 0.0052
2025-11-16 20:12:17,937 - INFO - Epoch: 101, Training Loss: 0.0053, Validation Loss: 0.0052
2025-11-16 20:12:28,090 - INFO - Epoch: 102, Training Loss: 0.0053, Validation Loss: 0.0065
2025-11-16 20:12:36,813 - INFO - Epoch: 103, Training Loss: 0.0051, Validation Loss: 0.0059
2025-11-16 20:12:46,080 - INFO - Epoch: 104, Training Loss: 0.0059, Validation Loss: 0.0068
2025-11-16 20:12:54,386 - INFO - Epoch: 105, Training Loss: 0.0066, Validation Loss: 0.0049
2025-11-16 20:13:04,937 - INFO - Epoch: 106, Training Loss: 0.0047, Validation Loss: 0.0039
2025-11-16 20:13:04,940 - INFO -   → New best validation loss: 0.0039
2025-11-16 20:13:15,303 - INFO - Epoch: 107, Training Loss: 0.0046, Validation Loss: 0.0087
2025-11-16 20:13:21,423 - INFO - Epoch: 108, Training Loss: 0.0049, Validation Loss: 0.0081
2025-11-16 20:13:31,265 - INFO - Epoch: 109, Training Loss: 0.0053, Validation Loss: 0.0043
2025-11-16 20:13:41,793 - INFO - Epoch: 110, Training Loss: 0.0049, Validation Loss: 0.0046
2025-11-16 20:13:53,171 - INFO - Epoch: 111, Training Loss: 0.0054, Validation Loss: 0.0047
2025-11-16 20:14:02,672 - INFO - Epoch: 112, Training Loss: 0.0056, Validation Loss: 0.0048
2025-11-16 20:14:09,862 - INFO - Epoch: 113, Training Loss: 0.0053, Validation Loss: 0.0041
2025-11-16 20:14:15,932 - INFO - Epoch: 114, Training Loss: 0.0047, Validation Loss: 0.0030
2025-11-16 20:14:15,933 - INFO -   → New best validation loss: 0.0030
2025-11-16 20:14:25,679 - INFO - Epoch: 115, Training Loss: 0.0051, Validation Loss: 0.0056
2025-11-16 20:14:34,316 - INFO - Epoch: 116, Training Loss: 0.0045, Validation Loss: 0.0046
2025-11-16 20:14:46,498 - INFO - Epoch: 117, Training Loss: 0.0046, Validation Loss: 0.0044
2025-11-16 20:14:55,380 - INFO - Epoch: 118, Training Loss: 0.0046, Validation Loss: 0.0071
2025-11-16 20:15:03,491 - INFO - Epoch: 119, Training Loss: 0.0065, Validation Loss: 0.0036
2025-11-16 20:15:13,044 - INFO - Epoch: 120, Training Loss: 0.0045, Validation Loss: 0.0035
2025-11-16 20:15:22,266 - INFO - Epoch: 121, Training Loss: 0.0047, Validation Loss: 0.0053
2025-11-16 20:15:31,708 - INFO - Epoch: 122, Training Loss: 0.0048, Validation Loss: 0.0061
2025-11-16 20:15:40,202 - INFO - Epoch: 123, Training Loss: 0.0061, Validation Loss: 0.0070
2025-11-16 20:15:50,568 - INFO - Epoch: 124, Training Loss: 0.0049, Validation Loss: 0.0039
2025-11-16 20:15:59,033 - INFO - Epoch: 125, Training Loss: 0.0042, Validation Loss: 0.0058
2025-11-16 20:16:06,681 - INFO - Epoch: 126, Training Loss: 0.0052, Validation Loss: 0.0037
2025-11-16 20:16:15,406 - INFO - Epoch: 127, Training Loss: 0.0043, Validation Loss: 0.0044
2025-11-16 20:16:25,305 - INFO - Epoch: 128, Training Loss: 0.0039, Validation Loss: 0.0036
2025-11-16 20:16:35,698 - INFO - Epoch: 129, Training Loss: 0.0041, Validation Loss: 0.0041
2025-11-16 20:16:46,449 - INFO - Epoch: 130, Training Loss: 0.0040, Validation Loss: 0.0046
2025-11-16 20:16:57,399 - INFO - Epoch: 131, Training Loss: 0.0040, Validation Loss: 0.0036
2025-11-16 20:17:05,338 - INFO - Epoch: 132, Training Loss: 0.0051, Validation Loss: 0.0041
2025-11-16 20:17:12,679 - INFO - Epoch: 133, Training Loss: 0.0044, Validation Loss: 0.0025
2025-11-16 20:17:12,680 - INFO -   → New best validation loss: 0.0025
2025-11-16 20:17:21,144 - INFO - Epoch: 134, Training Loss: 0.0038, Validation Loss: 0.0051
2025-11-16 20:17:29,621 - INFO - Epoch: 135, Training Loss: 0.0039, Validation Loss: 0.0054
2025-11-16 20:17:36,887 - INFO - Epoch: 136, Training Loss: 0.0043, Validation Loss: 0.0042
2025-11-16 20:17:46,760 - INFO - Epoch: 137, Training Loss: 0.0042, Validation Loss: 0.0041
2025-11-16 20:17:55,145 - INFO - Epoch: 138, Training Loss: 0.0042, Validation Loss: 0.0042
2025-11-16 20:18:02,333 - INFO - Epoch: 139, Training Loss: 0.0040, Validation Loss: 0.0033
2025-11-16 20:18:08,686 - INFO - Epoch: 140, Training Loss: 0.0035, Validation Loss: 0.0032
2025-11-16 20:18:20,243 - INFO - Epoch: 141, Training Loss: 0.0039, Validation Loss: 0.0039
2025-11-16 20:18:28,079 - INFO - Epoch: 142, Training Loss: 0.0038, Validation Loss: 0.0041
2025-11-16 20:18:36,034 - INFO - Epoch: 143, Training Loss: 0.0044, Validation Loss: 0.0036
2025-11-16 20:18:46,854 - INFO - Epoch: 144, Training Loss: 0.0033, Validation Loss: 0.0079
2025-11-16 20:18:53,833 - INFO - Epoch: 145, Training Loss: 0.0042, Validation Loss: 0.0038
2025-11-16 20:19:05,184 - INFO - Epoch: 146, Training Loss: 0.0041, Validation Loss: 0.0036
2025-11-16 20:19:13,730 - INFO - Epoch: 147, Training Loss: 0.0035, Validation Loss: 0.0044
2025-11-16 20:19:22,155 - INFO - Epoch: 148, Training Loss: 0.0036, Validation Loss: 0.0039
2025-11-16 20:19:31,888 - INFO - Epoch: 149, Training Loss: 0.0041, Validation Loss: 0.0033
2025-11-16 20:19:39,931 - INFO - Epoch: 150, Training Loss: 0.0032, Validation Loss: 0.0037
2025-11-16 20:19:49,713 - INFO - Epoch: 151, Training Loss: 0.0039, Validation Loss: 0.0053
2025-11-16 20:20:01,298 - INFO - Epoch: 152, Training Loss: 0.0036, Validation Loss: 0.0047
2025-11-16 20:20:10,696 - INFO - Epoch: 153, Training Loss: 0.0036, Validation Loss: 0.0036
2025-11-16 20:20:10,697 - INFO - Early stopping triggered at epoch 153
2025-11-16 20:20:10,697 - INFO - Best validation loss: 0.0025
2025-11-16 20:20:10,715 - INFO - Restored best model weights
2025-11-16 20:20:10,715 - INFO - 
============================================================
2025-11-16 20:20:10,716 - INFO - EVALUATION RESULTS
2025-11-16 20:20:10,716 - INFO - ============================================================
2025-11-16 20:20:10,862 - INFO - Validation Prediction Stats:
2025-11-16 20:20:10,862 - INFO -   Std: 0.179109, Range: 0.724461, Unique ratio: 0.7557
2025-11-16 20:20:10,862 - INFO - Validation Set - MSE: 0.007616, MAE: 0.054590, RMSE: 0.087269, Pearson Correlation: 0.908771 (p=0.000000)
2025-11-16 20:20:10,907 - INFO - Test Prediction Stats:
2025-11-16 20:20:10,907 - INFO -   Std: 0.167999, Range: 0.783658, Unique ratio: 0.8043
2025-11-16 20:20:10,907 - INFO - Test Set - MSE: 0.004452, MAE: 0.049648, RMSE: 0.066727, Pearson Correlation: 0.942383 (p=0.000000)
2025-11-16 20:20:10,907 - INFO - ============================================================

2025-11-16 20:20:10,907 - INFO - Trial completed successfully
2025-11-16 20:20:10,907 - INFO - ================================================================================
2025-11-16 20:20:10,908 - INFO - Trial 4 completed. End time: 2025-11-16 20:2010
2025-11-16 20:20:10,908 - INFO - ================================================================================
