2025-11-17 01:26:32,168 - INFO - ================================================================================
2025-11-17 01:26:32,168 - INFO - TRIAL 20 - Task: RGS (FP1/FP2 only, de_LDS_f21-25, no CV)
2025-11-17 01:26:32,168 - INFO - Log file: ./logs_fp_f21_25/trial20_RGS_20251116_191843.log
2025-11-17 01:26:32,168 - INFO - Start time: 2025-11-17 01:26:32
2025-11-17 01:26:32,168 - INFO - ================================================================================
2025-11-17 01:26:32,170 - INFO - START TRAINING - Task: RGS (FP1/FP2 only, de_LDS_f21-25, no CV)
2025-11-17 01:26:32,170 - INFO - Features: de_LDS_f21-25 (41Hz, 43Hz, 45Hz, 47Hz, 49Hz)
2025-11-17 01:26:32,170 - INFO - Learning rate: 0.005, Epochs: 200, Batches: 8
2025-11-17 01:26:32,170 - INFO - Data split: 70% train / 15% validation / 15% test
2025-11-17 01:26:32,170 - INFO - Loading dataset (FP1/FP2 channels, de_LDS_f21-25 only, fixed split)...
2025-11-17 01:26:32,182 - INFO - Dataset shapes - Train: (617, 2, 5, 1), Valid: (130, 2, 5, 1), Test: (138, 2, 5, 1)
2025-11-17 01:26:32,182 - INFO - Applied feature normalization (StandardScaler)
2025-11-17 01:26:32,183 - INFO - Initializing VIGNet-FP model (2 channels, 5 frequency features)...
2025-11-17 01:26:32,187 - INFO - Number of batch iterations per epoch: 77
2025-11-17 01:26:42,372 - INFO - Epoch: 1, Training Loss: 0.0916, Validation Loss: 0.0251
2025-11-17 01:26:42,376 - INFO -   → New best validation loss: 0.0251
2025-11-17 01:26:54,837 - INFO - Epoch: 2, Training Loss: 0.0376, Validation Loss: 0.0235
2025-11-17 01:26:54,841 - INFO -   → New best validation loss: 0.0235
2025-11-17 01:27:02,460 - INFO - Epoch: 3, Training Loss: 0.0363, Validation Loss: 0.0313
2025-11-17 01:27:11,958 - INFO - Epoch: 4, Training Loss: 0.0354, Validation Loss: 0.0258
2025-11-17 01:27:22,496 - INFO - Epoch: 5, Training Loss: 0.0371, Validation Loss: 0.0196
2025-11-17 01:27:22,501 - INFO -   → New best validation loss: 0.0196
2025-11-17 01:27:32,072 - INFO - Epoch: 6, Training Loss: 0.0347, Validation Loss: 0.0176
2025-11-17 01:27:32,073 - INFO -   → New best validation loss: 0.0176
2025-11-17 01:27:40,028 - INFO - Epoch: 7, Training Loss: 0.0358, Validation Loss: 0.0185
2025-11-17 01:27:49,474 - INFO - Epoch: 8, Training Loss: 0.0333, Validation Loss: 0.0225
2025-11-17 01:28:00,113 - INFO - Epoch: 9, Training Loss: 0.0324, Validation Loss: 0.0133
2025-11-17 01:28:00,114 - INFO -   → New best validation loss: 0.0133
2025-11-17 01:28:09,203 - INFO - Epoch: 10, Training Loss: 0.0338, Validation Loss: 0.0209
2025-11-17 01:28:18,579 - INFO - Epoch: 11, Training Loss: 0.0330, Validation Loss: 0.0165
2025-11-17 01:28:28,201 - INFO - Epoch: 12, Training Loss: 0.0303, Validation Loss: 0.0128
2025-11-17 01:28:28,202 - INFO -   → New best validation loss: 0.0128
2025-11-17 01:28:37,267 - INFO - Epoch: 13, Training Loss: 0.0318, Validation Loss: 0.0209
2025-11-17 01:28:44,839 - INFO - Epoch: 14, Training Loss: 0.0303, Validation Loss: 0.0212
2025-11-17 01:28:54,682 - INFO - Epoch: 15, Training Loss: 0.0302, Validation Loss: 0.0157
2025-11-17 01:29:01,261 - INFO - Epoch: 16, Training Loss: 0.0272, Validation Loss: 0.0135
2025-11-17 01:29:10,776 - INFO - Epoch: 17, Training Loss: 0.0314, Validation Loss: 0.0136
2025-11-17 01:29:21,325 - INFO - Epoch: 18, Training Loss: 0.0305, Validation Loss: 0.0159
2025-11-17 01:29:30,083 - INFO - Epoch: 19, Training Loss: 0.0297, Validation Loss: 0.0150
2025-11-17 01:29:40,755 - INFO - Epoch: 20, Training Loss: 0.0296, Validation Loss: 0.0117
2025-11-17 01:29:40,755 - INFO -   → New best validation loss: 0.0117
2025-11-17 01:29:51,585 - INFO - Epoch: 21, Training Loss: 0.0303, Validation Loss: 0.0182
2025-11-17 01:30:01,254 - INFO - Epoch: 22, Training Loss: 0.0290, Validation Loss: 0.0188
2025-11-17 01:30:10,628 - INFO - Epoch: 23, Training Loss: 0.0281, Validation Loss: 0.0151
2025-11-17 01:30:21,307 - INFO - Epoch: 24, Training Loss: 0.0293, Validation Loss: 0.0149
2025-11-17 01:30:31,476 - INFO - Epoch: 25, Training Loss: 0.0271, Validation Loss: 0.0192
2025-11-17 01:30:41,792 - INFO - Epoch: 26, Training Loss: 0.0275, Validation Loss: 0.0212
2025-11-17 01:30:50,159 - INFO - Epoch: 27, Training Loss: 0.0262, Validation Loss: 0.0170
2025-11-17 01:30:59,146 - INFO - Epoch: 28, Training Loss: 0.0259, Validation Loss: 0.0087
2025-11-17 01:30:59,147 - INFO -   → New best validation loss: 0.0087
2025-11-17 01:31:08,666 - INFO - Epoch: 29, Training Loss: 0.0283, Validation Loss: 0.0183
2025-11-17 01:31:19,166 - INFO - Epoch: 30, Training Loss: 0.0261, Validation Loss: 0.0128
2025-11-17 01:31:28,442 - INFO - Epoch: 31, Training Loss: 0.0274, Validation Loss: 0.0125
2025-11-17 01:31:36,746 - INFO - Epoch: 32, Training Loss: 0.0252, Validation Loss: 0.0074
2025-11-17 01:31:36,747 - INFO -   → New best validation loss: 0.0074
2025-11-17 01:31:47,514 - INFO - Epoch: 33, Training Loss: 0.0245, Validation Loss: 0.0096
2025-11-17 01:31:57,758 - INFO - Epoch: 34, Training Loss: 0.0245, Validation Loss: 0.0162
2025-11-17 01:32:08,482 - INFO - Epoch: 35, Training Loss: 0.0225, Validation Loss: 0.0188
2025-11-17 01:32:20,890 - INFO - Epoch: 36, Training Loss: 0.0239, Validation Loss: 0.0097
2025-11-17 01:32:29,060 - INFO - Epoch: 37, Training Loss: 0.0238, Validation Loss: 0.0135
2025-11-17 01:32:35,553 - INFO - Epoch: 38, Training Loss: 0.0228, Validation Loss: 0.0161
2025-11-17 01:32:44,160 - INFO - Epoch: 39, Training Loss: 0.0237, Validation Loss: 0.0094
2025-11-17 01:32:53,982 - INFO - Epoch: 40, Training Loss: 0.0215, Validation Loss: 0.0106
2025-11-17 01:32:59,322 - INFO - Epoch: 41, Training Loss: 0.0227, Validation Loss: 0.0110
2025-11-17 01:33:04,696 - INFO - Epoch: 42, Training Loss: 0.0215, Validation Loss: 0.0124
2025-11-17 01:33:12,042 - INFO - Epoch: 43, Training Loss: 0.0233, Validation Loss: 0.0113
2025-11-17 01:33:20,229 - INFO - Epoch: 44, Training Loss: 0.0209, Validation Loss: 0.0174
2025-11-17 01:33:29,876 - INFO - Epoch: 45, Training Loss: 0.0210, Validation Loss: 0.0142
2025-11-17 01:33:40,626 - INFO - Epoch: 46, Training Loss: 0.0212, Validation Loss: 0.0079
2025-11-17 01:33:48,032 - INFO - Epoch: 47, Training Loss: 0.0200, Validation Loss: 0.0098
2025-11-17 01:33:55,816 - INFO - Epoch: 48, Training Loss: 0.0229, Validation Loss: 0.0127
2025-11-17 01:34:02,672 - INFO - Epoch: 49, Training Loss: 0.0220, Validation Loss: 0.0189
2025-11-17 01:34:11,380 - INFO - Epoch: 50, Training Loss: 0.0187, Validation Loss: 0.0130
2025-11-17 01:34:19,016 - INFO - Epoch: 51, Training Loss: 0.0207, Validation Loss: 0.0189
2025-11-17 01:34:30,216 - INFO - Epoch: 52, Training Loss: 0.0176, Validation Loss: 0.0094
2025-11-17 01:34:30,216 - INFO - Early stopping triggered at epoch 52
2025-11-17 01:34:30,216 - INFO - Best validation loss: 0.0074
2025-11-17 01:34:30,221 - INFO - Restored best model weights
2025-11-17 01:34:30,221 - INFO - 
============================================================
2025-11-17 01:34:30,221 - INFO - EVALUATION RESULTS
2025-11-17 01:34:30,221 - INFO - ============================================================
2025-11-17 01:34:30,267 - INFO - Validation Prediction Stats:
2025-11-17 01:34:30,267 - INFO -   Std: 0.355425, Range: 1.060826, Unique ratio: 0.5923
2025-11-17 01:34:30,267 - INFO - Validation Set - MSE: 0.008487, MAE: 0.057655, RMSE: 0.092126, Pearson Correlation: 0.968620 (p=0.000000)
2025-11-17 01:34:30,314 - INFO - Test Prediction Stats:
2025-11-17 01:34:30,314 - INFO -   Std: 0.356025, Range: 0.922598, Unique ratio: 0.5797
2025-11-17 01:34:30,314 - INFO - Test Set - MSE: 0.024162, MAE: 0.090216, RMSE: 0.155443, Pearson Correlation: 0.905200 (p=0.000000)
2025-11-17 01:34:30,314 - INFO - ============================================================

2025-11-17 01:34:30,315 - INFO - Trial completed successfully
2025-11-17 01:34:30,315 - INFO - ================================================================================
2025-11-17 01:34:30,315 - INFO - Trial 20 completed. End time: 2025-11-17 01:3430
2025-11-17 01:34:30,315 - INFO - ================================================================================
