2025-11-17 01:34:30,315 - INFO - ================================================================================
2025-11-17 01:34:30,315 - INFO - TRIAL 21 - Task: RGS (FP1/FP2 only, de_LDS_f21-25, no CV)
2025-11-17 01:34:30,315 - INFO - Log file: ./logs_fp_f21_25/trial21_RGS_20251116_191843.log
2025-11-17 01:34:30,315 - INFO - Start time: 2025-11-17 01:34:30
2025-11-17 01:34:30,315 - INFO - ================================================================================
2025-11-17 01:34:30,317 - INFO - START TRAINING - Task: RGS (FP1/FP2 only, de_LDS_f21-25, no CV)
2025-11-17 01:34:30,317 - INFO - Features: de_LDS_f21-25 (41Hz, 43Hz, 45Hz, 47Hz, 49Hz)
2025-11-17 01:34:30,317 - INFO - Learning rate: 0.005, Epochs: 200, Batches: 8
2025-11-17 01:34:30,317 - INFO - Data split: 70% train / 15% validation / 15% test
2025-11-17 01:34:30,317 - INFO - Loading dataset (FP1/FP2 channels, de_LDS_f21-25 only, fixed split)...
2025-11-17 01:34:30,329 - INFO - Dataset shapes - Train: (617, 2, 5, 1), Valid: (130, 2, 5, 1), Test: (138, 2, 5, 1)
2025-11-17 01:34:30,329 - INFO - Applied feature normalization (StandardScaler)
2025-11-17 01:34:30,330 - INFO - Initializing VIGNet-FP model (2 channels, 5 frequency features)...
2025-11-17 01:34:30,334 - INFO - Number of batch iterations per epoch: 77
2025-11-17 01:34:39,460 - INFO - Epoch: 1, Training Loss: 0.0815, Validation Loss: 0.0412
2025-11-17 01:34:39,461 - INFO -   → New best validation loss: 0.0412
2025-11-17 01:34:47,861 - INFO - Epoch: 2, Training Loss: 0.0437, Validation Loss: 0.0404
2025-11-17 01:34:47,862 - INFO -   → New best validation loss: 0.0404
2025-11-17 01:34:56,155 - INFO - Epoch: 3, Training Loss: 0.0474, Validation Loss: 0.0375
2025-11-17 01:34:56,157 - INFO -   → New best validation loss: 0.0375
2025-11-17 01:35:04,152 - INFO - Epoch: 4, Training Loss: 0.0436, Validation Loss: 0.0464
2025-11-17 01:35:11,957 - INFO - Epoch: 5, Training Loss: 0.0417, Validation Loss: 0.0591
2025-11-17 01:35:20,036 - INFO - Epoch: 6, Training Loss: 0.0449, Validation Loss: 0.0360
2025-11-17 01:35:20,040 - INFO -   → New best validation loss: 0.0360
2025-11-17 01:35:31,948 - INFO - Epoch: 7, Training Loss: 0.0457, Validation Loss: 0.0384
2025-11-17 01:35:42,053 - INFO - Epoch: 8, Training Loss: 0.0415, Validation Loss: 0.0357
2025-11-17 01:35:42,060 - INFO -   → New best validation loss: 0.0357
2025-11-17 01:35:53,303 - INFO - Epoch: 9, Training Loss: 0.0408, Validation Loss: 0.0422
2025-11-17 01:36:01,945 - INFO - Epoch: 10, Training Loss: 0.0415, Validation Loss: 0.0347
2025-11-17 01:36:01,948 - INFO -   → New best validation loss: 0.0347
2025-11-17 01:36:11,958 - INFO - Epoch: 11, Training Loss: 0.0425, Validation Loss: 0.0346
2025-11-17 01:36:11,959 - INFO -   → New best validation loss: 0.0346
2025-11-17 01:36:19,945 - INFO - Epoch: 12, Training Loss: 0.0397, Validation Loss: 0.0355
2025-11-17 01:36:31,253 - INFO - Epoch: 13, Training Loss: 0.0395, Validation Loss: 0.0483
2025-11-17 01:36:40,947 - INFO - Epoch: 14, Training Loss: 0.0400, Validation Loss: 0.0350
2025-11-17 01:36:49,092 - INFO - Epoch: 15, Training Loss: 0.0403, Validation Loss: 0.0337
2025-11-17 01:36:49,098 - INFO -   → New best validation loss: 0.0337
2025-11-17 01:36:57,809 - INFO - Epoch: 16, Training Loss: 0.0392, Validation Loss: 0.0477
2025-11-17 01:37:05,879 - INFO - Epoch: 17, Training Loss: 0.0392, Validation Loss: 0.0337
2025-11-17 01:37:15,202 - INFO - Epoch: 18, Training Loss: 0.0394, Validation Loss: 0.0533
2025-11-17 01:37:22,483 - INFO - Epoch: 19, Training Loss: 0.0432, Validation Loss: 0.0424
2025-11-17 01:37:32,783 - INFO - Epoch: 20, Training Loss: 0.0405, Validation Loss: 0.0354
2025-11-17 01:37:43,883 - INFO - Epoch: 21, Training Loss: 0.0399, Validation Loss: 0.0335
2025-11-17 01:37:43,889 - INFO -   → New best validation loss: 0.0335
2025-11-17 01:37:52,030 - INFO - Epoch: 22, Training Loss: 0.0404, Validation Loss: 0.0380
2025-11-17 01:38:02,854 - INFO - Epoch: 23, Training Loss: 0.0395, Validation Loss: 0.0335
2025-11-17 01:38:02,855 - INFO -   → New best validation loss: 0.0335
2025-11-17 01:38:12,580 - INFO - Epoch: 24, Training Loss: 0.0397, Validation Loss: 0.0337
2025-11-17 01:38:20,382 - INFO - Epoch: 25, Training Loss: 0.0394, Validation Loss: 0.0344
2025-11-17 01:38:29,052 - INFO - Epoch: 26, Training Loss: 0.0387, Validation Loss: 0.0336
2025-11-17 01:38:38,798 - INFO - Epoch: 27, Training Loss: 0.0393, Validation Loss: 0.0389
2025-11-17 01:38:49,747 - INFO - Epoch: 28, Training Loss: 0.0396, Validation Loss: 0.0377
2025-11-17 01:38:58,918 - INFO - Epoch: 29, Training Loss: 0.0404, Validation Loss: 0.0332
2025-11-17 01:38:58,922 - INFO -   → New best validation loss: 0.0332
2025-11-17 01:39:07,784 - INFO - Epoch: 30, Training Loss: 0.0388, Validation Loss: 0.0328
2025-11-17 01:39:07,787 - INFO -   → New best validation loss: 0.0328
2025-11-17 01:39:16,205 - INFO - Epoch: 31, Training Loss: 0.0380, Validation Loss: 0.0381
2025-11-17 01:39:24,742 - INFO - Epoch: 32, Training Loss: 0.0383, Validation Loss: 0.0320
2025-11-17 01:39:24,743 - INFO -   → New best validation loss: 0.0320
2025-11-17 01:39:35,256 - INFO - Epoch: 33, Training Loss: 0.0377, Validation Loss: 0.0333
2025-11-17 01:39:45,235 - INFO - Epoch: 34, Training Loss: 0.0398, Validation Loss: 0.0342
2025-11-17 01:39:55,314 - INFO - Epoch: 35, Training Loss: 0.0388, Validation Loss: 0.0328
2025-11-17 01:40:04,504 - INFO - Epoch: 36, Training Loss: 0.0379, Validation Loss: 0.0337
2025-11-17 01:40:11,727 - INFO - Epoch: 37, Training Loss: 0.0375, Validation Loss: 0.0372
2025-11-17 01:40:20,959 - INFO - Epoch: 38, Training Loss: 0.0394, Validation Loss: 0.0323
2025-11-17 01:40:29,209 - INFO - Epoch: 39, Training Loss: 0.0402, Validation Loss: 0.0325
2025-11-17 01:40:37,299 - INFO - Epoch: 40, Training Loss: 0.0382, Validation Loss: 0.0332
2025-11-17 01:40:45,764 - INFO - Epoch: 41, Training Loss: 0.0375, Validation Loss: 0.0327
2025-11-17 01:40:55,332 - INFO - Epoch: 42, Training Loss: 0.0368, Validation Loss: 0.0406
2025-11-17 01:41:04,043 - INFO - Epoch: 43, Training Loss: 0.0379, Validation Loss: 0.0393
2025-11-17 01:41:11,632 - INFO - Epoch: 44, Training Loss: 0.0372, Validation Loss: 0.0327
2025-11-17 01:41:19,571 - INFO - Epoch: 45, Training Loss: 0.0378, Validation Loss: 0.0337
2025-11-17 01:41:31,302 - INFO - Epoch: 46, Training Loss: 0.0364, Validation Loss: 0.0325
2025-11-17 01:41:41,531 - INFO - Epoch: 47, Training Loss: 0.0391, Validation Loss: 0.0401
2025-11-17 01:41:52,248 - INFO - Epoch: 48, Training Loss: 0.0393, Validation Loss: 0.0436
2025-11-17 01:42:02,744 - INFO - Epoch: 49, Training Loss: 0.0385, Validation Loss: 0.0315
2025-11-17 01:42:02,750 - INFO -   → New best validation loss: 0.0315
2025-11-17 01:42:12,572 - INFO - Epoch: 50, Training Loss: 0.0379, Validation Loss: 0.0347
2025-11-17 01:42:21,509 - INFO - Epoch: 51, Training Loss: 0.0369, Validation Loss: 0.0322
2025-11-17 01:42:29,581 - INFO - Epoch: 52, Training Loss: 0.0365, Validation Loss: 0.0312
2025-11-17 01:42:29,583 - INFO -   → New best validation loss: 0.0312
2025-11-17 01:42:38,181 - INFO - Epoch: 53, Training Loss: 0.0384, Validation Loss: 0.0361
2025-11-17 01:42:48,656 - INFO - Epoch: 54, Training Loss: 0.0366, Validation Loss: 0.0321
2025-11-17 01:42:57,436 - INFO - Epoch: 55, Training Loss: 0.0371, Validation Loss: 0.0317
2025-11-17 01:43:05,624 - INFO - Epoch: 56, Training Loss: 0.0371, Validation Loss: 0.0313
2025-11-17 01:43:14,663 - INFO - Epoch: 57, Training Loss: 0.0375, Validation Loss: 0.0336
2025-11-17 01:43:24,024 - INFO - Epoch: 58, Training Loss: 0.0359, Validation Loss: 0.0356
2025-11-17 01:43:31,975 - INFO - Epoch: 59, Training Loss: 0.0364, Validation Loss: 0.0409
2025-11-17 01:43:40,807 - INFO - Epoch: 60, Training Loss: 0.0362, Validation Loss: 0.0351
2025-11-17 01:43:49,343 - INFO - Epoch: 61, Training Loss: 0.0354, Validation Loss: 0.0532
2025-11-17 01:43:59,673 - INFO - Epoch: 62, Training Loss: 0.0406, Validation Loss: 0.0309
2025-11-17 01:43:59,674 - INFO -   → New best validation loss: 0.0309
2025-11-17 01:44:11,141 - INFO - Epoch: 63, Training Loss: 0.0358, Validation Loss: 0.0305
2025-11-17 01:44:11,143 - INFO -   → New best validation loss: 0.0305
2025-11-17 01:44:19,701 - INFO - Epoch: 64, Training Loss: 0.0380, Validation Loss: 0.0325
2025-11-17 01:44:27,673 - INFO - Epoch: 65, Training Loss: 0.0381, Validation Loss: 0.0373
2025-11-17 01:44:37,282 - INFO - Epoch: 66, Training Loss: 0.0371, Validation Loss: 0.0386
2025-11-17 01:44:46,608 - INFO - Epoch: 67, Training Loss: 0.0369, Validation Loss: 0.0325
2025-11-17 01:44:56,812 - INFO - Epoch: 68, Training Loss: 0.0364, Validation Loss: 0.0314
2025-11-17 01:45:06,649 - INFO - Epoch: 69, Training Loss: 0.0369, Validation Loss: 0.0302
2025-11-17 01:45:06,652 - INFO -   → New best validation loss: 0.0302
2025-11-17 01:45:16,580 - INFO - Epoch: 70, Training Loss: 0.0368, Validation Loss: 0.0306
2025-11-17 01:45:24,397 - INFO - Epoch: 71, Training Loss: 0.0388, Validation Loss: 0.0335
2025-11-17 01:45:33,928 - INFO - Epoch: 72, Training Loss: 0.0361, Validation Loss: 0.0302
2025-11-17 01:45:43,707 - INFO - Epoch: 73, Training Loss: 0.0358, Validation Loss: 0.0302
2025-11-17 01:45:51,848 - INFO - Epoch: 74, Training Loss: 0.0351, Validation Loss: 0.0316
2025-11-17 01:46:03,287 - INFO - Epoch: 75, Training Loss: 0.0351, Validation Loss: 0.0440
2025-11-17 01:46:13,112 - INFO - Epoch: 76, Training Loss: 0.0360, Validation Loss: 0.0329
2025-11-17 01:46:24,693 - INFO - Epoch: 77, Training Loss: 0.0362, Validation Loss: 0.0304
2025-11-17 01:46:33,107 - INFO - Epoch: 78, Training Loss: 0.0353, Validation Loss: 0.0330
2025-11-17 01:46:41,037 - INFO - Epoch: 79, Training Loss: 0.0355, Validation Loss: 0.0429
2025-11-17 01:46:48,587 - INFO - Epoch: 80, Training Loss: 0.0363, Validation Loss: 0.0327
2025-11-17 01:46:56,290 - INFO - Epoch: 81, Training Loss: 0.0360, Validation Loss: 0.0305
2025-11-17 01:47:05,363 - INFO - Epoch: 82, Training Loss: 0.0347, Validation Loss: 0.0294
2025-11-17 01:47:05,367 - INFO -   → New best validation loss: 0.0294
2025-11-17 01:47:14,515 - INFO - Epoch: 83, Training Loss: 0.0348, Validation Loss: 0.0329
2025-11-17 01:47:24,028 - INFO - Epoch: 84, Training Loss: 0.0356, Validation Loss: 0.0378
2025-11-17 01:47:33,463 - INFO - Epoch: 85, Training Loss: 0.0352, Validation Loss: 0.0335
2025-11-17 01:47:43,966 - INFO - Epoch: 86, Training Loss: 0.0365, Validation Loss: 0.0379
2025-11-17 01:47:53,347 - INFO - Epoch: 87, Training Loss: 0.0359, Validation Loss: 0.0281
2025-11-17 01:47:53,348 - INFO -   → New best validation loss: 0.0281
2025-11-17 01:48:00,136 - INFO - Epoch: 88, Training Loss: 0.0343, Validation Loss: 0.0332
2025-11-17 01:48:08,148 - INFO - Epoch: 89, Training Loss: 0.0354, Validation Loss: 0.0310
2025-11-17 01:48:16,803 - INFO - Epoch: 90, Training Loss: 0.0351, Validation Loss: 0.0292
2025-11-17 01:48:23,798 - INFO - Epoch: 91, Training Loss: 0.0337, Validation Loss: 0.0286
2025-11-17 01:48:31,609 - INFO - Epoch: 92, Training Loss: 0.0350, Validation Loss: 0.0281
2025-11-17 01:48:31,611 - INFO -   → New best validation loss: 0.0281
2025-11-17 01:48:39,444 - INFO - Epoch: 93, Training Loss: 0.0343, Validation Loss: 0.0291
2025-11-17 01:48:48,759 - INFO - Epoch: 94, Training Loss: 0.0365, Validation Loss: 0.0273
2025-11-17 01:48:48,760 - INFO -   → New best validation loss: 0.0273
2025-11-17 01:48:59,340 - INFO - Epoch: 95, Training Loss: 0.0345, Validation Loss: 0.0310
2025-11-17 01:49:06,685 - INFO - Epoch: 96, Training Loss: 0.0351, Validation Loss: 0.0338
2025-11-17 01:49:15,025 - INFO - Epoch: 97, Training Loss: 0.0345, Validation Loss: 0.0297
2025-11-17 01:49:22,932 - INFO - Epoch: 98, Training Loss: 0.0347, Validation Loss: 0.0276
2025-11-17 01:49:30,701 - INFO - Epoch: 99, Training Loss: 0.0347, Validation Loss: 0.0277
2025-11-17 01:49:38,101 - INFO - Epoch: 100, Training Loss: 0.0344, Validation Loss: 0.0281
2025-11-17 01:49:48,263 - INFO - Epoch: 101, Training Loss: 0.0345, Validation Loss: 0.0336
2025-11-17 01:49:55,665 - INFO - Epoch: 102, Training Loss: 0.0373, Validation Loss: 0.0278
2025-11-17 01:50:03,201 - INFO - Epoch: 103, Training Loss: 0.0345, Validation Loss: 0.0262
2025-11-17 01:50:03,203 - INFO -   → New best validation loss: 0.0262
2025-11-17 01:50:12,817 - INFO - Epoch: 104, Training Loss: 0.0340, Validation Loss: 0.0290
2025-11-17 01:50:22,876 - INFO - Epoch: 105, Training Loss: 0.0346, Validation Loss: 0.0283
2025-11-17 01:50:31,202 - INFO - Epoch: 106, Training Loss: 0.0356, Validation Loss: 0.0285
2025-11-17 01:50:37,660 - INFO - Epoch: 107, Training Loss: 0.0348, Validation Loss: 0.0313
2025-11-17 01:50:45,198 - INFO - Epoch: 108, Training Loss: 0.0348, Validation Loss: 0.0268
2025-11-17 01:50:54,994 - INFO - Epoch: 109, Training Loss: 0.0348, Validation Loss: 0.0278
2025-11-17 01:51:05,091 - INFO - Epoch: 110, Training Loss: 0.0334, Validation Loss: 0.0313
2025-11-17 01:51:13,482 - INFO - Epoch: 111, Training Loss: 0.0333, Validation Loss: 0.0267
2025-11-17 01:51:21,835 - INFO - Epoch: 112, Training Loss: 0.0334, Validation Loss: 0.0290
2025-11-17 01:51:30,127 - INFO - Epoch: 113, Training Loss: 0.0326, Validation Loss: 0.0310
2025-11-17 01:51:37,320 - INFO - Epoch: 114, Training Loss: 0.0335, Validation Loss: 0.0304
2025-11-17 01:51:47,669 - INFO - Epoch: 115, Training Loss: 0.0322, Validation Loss: 0.0302
2025-11-17 01:51:57,063 - INFO - Epoch: 116, Training Loss: 0.0343, Validation Loss: 0.0258
2025-11-17 01:51:57,064 - INFO -   → New best validation loss: 0.0258
2025-11-17 01:52:05,963 - INFO - Epoch: 117, Training Loss: 0.0315, Validation Loss: 0.0270
2025-11-17 01:52:11,504 - INFO - Epoch: 118, Training Loss: 0.0317, Validation Loss: 0.0266
2025-11-17 01:52:22,452 - INFO - Epoch: 119, Training Loss: 0.0334, Validation Loss: 0.0282
2025-11-17 01:52:28,397 - INFO - Epoch: 120, Training Loss: 0.0339, Validation Loss: 0.0328
2025-11-17 01:52:37,326 - INFO - Epoch: 121, Training Loss: 0.0323, Validation Loss: 0.0263
2025-11-17 01:52:45,864 - INFO - Epoch: 122, Training Loss: 0.0315, Validation Loss: 0.0276
2025-11-17 01:52:55,405 - INFO - Epoch: 123, Training Loss: 0.0320, Validation Loss: 0.0247
2025-11-17 01:52:55,406 - INFO -   → New best validation loss: 0.0247
2025-11-17 01:53:03,339 - INFO - Epoch: 124, Training Loss: 0.0312, Validation Loss: 0.0314
2025-11-17 01:53:11,824 - INFO - Epoch: 125, Training Loss: 0.0327, Validation Loss: 0.0266
2025-11-17 01:53:21,597 - INFO - Epoch: 126, Training Loss: 0.0314, Validation Loss: 0.0254
2025-11-17 01:53:29,859 - INFO - Epoch: 127, Training Loss: 0.0323, Validation Loss: 0.0260
2025-11-17 01:53:37,624 - INFO - Epoch: 128, Training Loss: 0.0312, Validation Loss: 0.0268
2025-11-17 01:53:45,822 - INFO - Epoch: 129, Training Loss: 0.0311, Validation Loss: 0.0280
2025-11-17 01:53:55,920 - INFO - Epoch: 130, Training Loss: 0.0325, Validation Loss: 0.0277
2025-11-17 01:54:04,590 - INFO - Epoch: 131, Training Loss: 0.0316, Validation Loss: 0.0245
2025-11-17 01:54:04,592 - INFO -   → New best validation loss: 0.0245
2025-11-17 01:54:13,955 - INFO - Epoch: 132, Training Loss: 0.0304, Validation Loss: 0.0232
2025-11-17 01:54:13,956 - INFO -   → New best validation loss: 0.0232
2025-11-17 01:54:22,941 - INFO - Epoch: 133, Training Loss: 0.0295, Validation Loss: 0.0308
2025-11-17 01:54:32,837 - INFO - Epoch: 134, Training Loss: 0.0306, Validation Loss: 0.0269
2025-11-17 01:54:41,829 - INFO - Epoch: 135, Training Loss: 0.0323, Validation Loss: 0.0248
2025-11-17 01:54:51,444 - INFO - Epoch: 136, Training Loss: 0.0305, Validation Loss: 0.0223
2025-11-17 01:54:51,448 - INFO -   → New best validation loss: 0.0223
2025-11-17 01:55:01,504 - INFO - Epoch: 137, Training Loss: 0.0298, Validation Loss: 0.0316
2025-11-17 01:55:09,430 - INFO - Epoch: 138, Training Loss: 0.0298, Validation Loss: 0.0226
2025-11-17 01:55:20,058 - INFO - Epoch: 139, Training Loss: 0.0290, Validation Loss: 0.0251
2025-11-17 01:55:31,267 - INFO - Epoch: 140, Training Loss: 0.0290, Validation Loss: 0.0297
2025-11-17 01:55:42,042 - INFO - Epoch: 141, Training Loss: 0.0322, Validation Loss: 0.0246
2025-11-17 01:55:53,395 - INFO - Epoch: 142, Training Loss: 0.0283, Validation Loss: 0.0337
2025-11-17 01:56:00,974 - INFO - Epoch: 143, Training Loss: 0.0298, Validation Loss: 0.0318
2025-11-17 01:56:11,865 - INFO - Epoch: 144, Training Loss: 0.0276, Validation Loss: 0.0248
2025-11-17 01:56:21,575 - INFO - Epoch: 145, Training Loss: 0.0279, Validation Loss: 0.0234
2025-11-17 01:56:26,559 - INFO - Epoch: 146, Training Loss: 0.0276, Validation Loss: 0.0216
2025-11-17 01:56:26,560 - INFO -   → New best validation loss: 0.0216
2025-11-17 01:56:36,130 - INFO - Epoch: 147, Training Loss: 0.0279, Validation Loss: 0.0231
2025-11-17 01:56:44,598 - INFO - Epoch: 148, Training Loss: 0.0286, Validation Loss: 0.0215
2025-11-17 01:56:44,599 - INFO -   → New best validation loss: 0.0215
2025-11-17 01:56:51,967 - INFO - Epoch: 149, Training Loss: 0.0272, Validation Loss: 0.0233
2025-11-17 01:57:02,209 - INFO - Epoch: 150, Training Loss: 0.0270, Validation Loss: 0.0324
2025-11-17 01:57:11,526 - INFO - Epoch: 151, Training Loss: 0.0278, Validation Loss: 0.0226
2025-11-17 01:57:19,780 - INFO - Epoch: 152, Training Loss: 0.0282, Validation Loss: 0.0209
2025-11-17 01:57:19,783 - INFO -   → New best validation loss: 0.0209
2025-11-17 01:57:26,634 - INFO - Epoch: 153, Training Loss: 0.0288, Validation Loss: 0.0287
2025-11-17 01:57:35,159 - INFO - Epoch: 154, Training Loss: 0.0284, Validation Loss: 0.0219
2025-11-17 01:57:43,508 - INFO - Epoch: 155, Training Loss: 0.0267, Validation Loss: 0.0285
2025-11-17 01:57:51,861 - INFO - Epoch: 156, Training Loss: 0.0249, Validation Loss: 0.0243
2025-11-17 01:58:01,954 - INFO - Epoch: 157, Training Loss: 0.0265, Validation Loss: 0.0194
2025-11-17 01:58:01,955 - INFO -   → New best validation loss: 0.0194
2025-11-17 01:58:09,053 - INFO - Epoch: 158, Training Loss: 0.0246, Validation Loss: 0.0243
2025-11-17 01:58:18,465 - INFO - Epoch: 159, Training Loss: 0.0267, Validation Loss: 0.0232
2025-11-17 01:58:26,861 - INFO - Epoch: 160, Training Loss: 0.0259, Validation Loss: 0.0206
2025-11-17 01:58:36,094 - INFO - Epoch: 161, Training Loss: 0.0262, Validation Loss: 0.0210
2025-11-17 01:58:47,239 - INFO - Epoch: 162, Training Loss: 0.0258, Validation Loss: 0.0207
2025-11-17 01:58:53,998 - INFO - Epoch: 163, Training Loss: 0.0238, Validation Loss: 0.0236
2025-11-17 01:59:02,043 - INFO - Epoch: 164, Training Loss: 0.0240, Validation Loss: 0.0208
2025-11-17 01:59:11,972 - INFO - Epoch: 165, Training Loss: 0.0241, Validation Loss: 0.0190
2025-11-17 01:59:11,977 - INFO -   → New best validation loss: 0.0190
2025-11-17 01:59:20,918 - INFO - Epoch: 166, Training Loss: 0.0274, Validation Loss: 0.0176
2025-11-17 01:59:20,919 - INFO -   → New best validation loss: 0.0176
2025-11-17 01:59:32,062 - INFO - Epoch: 167, Training Loss: 0.0254, Validation Loss: 0.0193
2025-11-17 01:59:41,824 - INFO - Epoch: 168, Training Loss: 0.0245, Validation Loss: 0.0200
2025-11-17 01:59:48,807 - INFO - Epoch: 169, Training Loss: 0.0232, Validation Loss: 0.0230
2025-11-17 01:59:57,253 - INFO - Epoch: 170, Training Loss: 0.0235, Validation Loss: 0.0228
2025-11-17 02:00:05,618 - INFO - Epoch: 171, Training Loss: 0.0250, Validation Loss: 0.0230
2025-11-17 02:00:14,664 - INFO - Epoch: 172, Training Loss: 0.0230, Validation Loss: 0.0250
2025-11-17 02:00:23,239 - INFO - Epoch: 173, Training Loss: 0.0234, Validation Loss: 0.0163
2025-11-17 02:00:23,241 - INFO -   → New best validation loss: 0.0163
2025-11-17 02:00:30,351 - INFO - Epoch: 174, Training Loss: 0.0227, Validation Loss: 0.0158
2025-11-17 02:00:30,352 - INFO -   → New best validation loss: 0.0158
2025-11-17 02:00:40,213 - INFO - Epoch: 175, Training Loss: 0.0222, Validation Loss: 0.0167
2025-11-17 02:00:49,306 - INFO - Epoch: 176, Training Loss: 0.0237, Validation Loss: 0.0179
2025-11-17 02:00:59,615 - INFO - Epoch: 177, Training Loss: 0.0228, Validation Loss: 0.0186
2025-11-17 02:01:07,781 - INFO - Epoch: 178, Training Loss: 0.0234, Validation Loss: 0.0263
2025-11-17 02:01:15,711 - INFO - Epoch: 179, Training Loss: 0.0229, Validation Loss: 0.0231
2025-11-17 02:01:22,745 - INFO - Epoch: 180, Training Loss: 0.0223, Validation Loss: 0.0189
2025-11-17 02:01:32,523 - INFO - Epoch: 181, Training Loss: 0.0210, Validation Loss: 0.0197
2025-11-17 02:01:39,893 - INFO - Epoch: 182, Training Loss: 0.0221, Validation Loss: 0.0175
2025-11-17 02:01:47,001 - INFO - Epoch: 183, Training Loss: 0.0204, Validation Loss: 0.0164
2025-11-17 02:01:55,166 - INFO - Epoch: 184, Training Loss: 0.0207, Validation Loss: 0.0157
2025-11-17 02:01:55,167 - INFO -   → New best validation loss: 0.0157
2025-11-17 02:02:02,090 - INFO - Epoch: 185, Training Loss: 0.0219, Validation Loss: 0.0147
2025-11-17 02:02:02,092 - INFO -   → New best validation loss: 0.0147
2025-11-17 02:02:11,101 - INFO - Epoch: 186, Training Loss: 0.0214, Validation Loss: 0.0137
2025-11-17 02:02:11,102 - INFO -   → New best validation loss: 0.0137
2025-11-17 02:02:18,906 - INFO - Epoch: 187, Training Loss: 0.0209, Validation Loss: 0.0209
2025-11-17 02:02:27,029 - INFO - Epoch: 188, Training Loss: 0.0196, Validation Loss: 0.0130
2025-11-17 02:02:27,035 - INFO -   → New best validation loss: 0.0130
2025-11-17 02:02:37,333 - INFO - Epoch: 189, Training Loss: 0.0201, Validation Loss: 0.0185
2025-11-17 02:02:47,070 - INFO - Epoch: 190, Training Loss: 0.0188, Validation Loss: 0.0155
2025-11-17 02:02:58,382 - INFO - Epoch: 191, Training Loss: 0.0212, Validation Loss: 0.0139
2025-11-17 02:03:09,651 - INFO - Epoch: 192, Training Loss: 0.0186, Validation Loss: 0.0114
2025-11-17 02:03:09,652 - INFO -   → New best validation loss: 0.0114
2025-11-17 02:03:17,427 - INFO - Epoch: 193, Training Loss: 0.0180, Validation Loss: 0.0186
2025-11-17 02:03:26,592 - INFO - Epoch: 194, Training Loss: 0.0202, Validation Loss: 0.0141
2025-11-17 02:03:34,183 - INFO - Epoch: 195, Training Loss: 0.0217, Validation Loss: 0.0168
2025-11-17 02:03:44,324 - INFO - Epoch: 196, Training Loss: 0.0182, Validation Loss: 0.0220
2025-11-17 02:03:53,957 - INFO - Epoch: 197, Training Loss: 0.0197, Validation Loss: 0.0120
2025-11-17 02:04:04,606 - INFO - Epoch: 198, Training Loss: 0.0191, Validation Loss: 0.0190
2025-11-17 02:04:14,962 - INFO - Epoch: 199, Training Loss: 0.0168, Validation Loss: 0.0108
2025-11-17 02:04:14,963 - INFO -   → New best validation loss: 0.0108
2025-11-17 02:04:21,988 - INFO - Epoch: 200, Training Loss: 0.0180, Validation Loss: 0.0137
2025-11-17 02:04:21,992 - INFO - Restored best model weights
2025-11-17 02:04:21,993 - INFO - 
============================================================
2025-11-17 02:04:21,993 - INFO - EVALUATION RESULTS
2025-11-17 02:04:21,993 - INFO - ============================================================
2025-11-17 02:04:22,037 - INFO - Validation Prediction Stats:
2025-11-17 02:04:22,037 - INFO -   Std: 0.345667, Range: 1.163435, Unique ratio: 0.7462
2025-11-17 02:04:22,037 - INFO - Validation Set - MSE: 0.012183, MAE: 0.086617, RMSE: 0.110379, Pearson Correlation: 0.947967 (p=0.000000)
2025-11-17 02:04:22,082 - INFO - Test Prediction Stats:
2025-11-17 02:04:22,082 - INFO -   Std: 0.312354, Range: 1.139451, Unique ratio: 0.7536
2025-11-17 02:04:22,083 - INFO - Test Set - MSE: 0.014743, MAE: 0.090832, RMSE: 0.121421, Pearson Correlation: 0.929327 (p=0.000000)
2025-11-17 02:04:22,083 - INFO - ============================================================

2025-11-17 02:04:22,083 - INFO - Trial completed successfully
2025-11-17 02:04:22,083 - INFO - ================================================================================
2025-11-17 02:04:22,083 - INFO - Trial 21 completed. End time: 2025-11-17 02:0422
2025-11-17 02:04:22,083 - INFO - ================================================================================
