2025-11-16 19:27:29,351 - INFO - ================================================================================
2025-11-16 19:27:29,351 - INFO - TRIAL 2 - Task: RGS (FP1/FP2 only, de_LDS_f21-25, no CV)
2025-11-16 19:27:29,351 - INFO - Log file: ./logs_fp_f21_25/trial2_RGS_20251116_191843.log
2025-11-16 19:27:29,351 - INFO - Start time: 2025-11-16 19:27:29
2025-11-16 19:27:29,351 - INFO - ================================================================================
2025-11-16 19:27:29,353 - INFO - START TRAINING - Task: RGS (FP1/FP2 only, de_LDS_f21-25, no CV)
2025-11-16 19:27:29,353 - INFO - Features: de_LDS_f21-25 (41Hz, 43Hz, 45Hz, 47Hz, 49Hz)
2025-11-16 19:27:29,353 - INFO - Learning rate: 0.005, Epochs: 200, Batches: 8
2025-11-16 19:27:29,353 - INFO - Data split: 70% train / 15% validation / 15% test
2025-11-16 19:27:29,353 - INFO - Loading dataset (FP1/FP2 channels, de_LDS_f21-25 only, fixed split)...
2025-11-16 19:27:29,365 - INFO - Dataset shapes - Train: (616, 2, 5, 1), Valid: (130, 2, 5, 1), Test: (139, 2, 5, 1)
2025-11-16 19:27:29,366 - INFO - Applied feature normalization (StandardScaler)
2025-11-16 19:27:29,366 - INFO - Initializing VIGNet-FP model (2 channels, 5 frequency features)...
2025-11-16 19:27:29,370 - INFO - Number of batch iterations per epoch: 77
2025-11-16 19:27:36,773 - INFO - Epoch: 1, Training Loss: 0.0317, Validation Loss: 0.0253
2025-11-16 19:27:36,774 - INFO -   → New best validation loss: 0.0253
2025-11-16 19:27:43,498 - INFO - Epoch: 2, Training Loss: 0.0254, Validation Loss: 0.0270
2025-11-16 19:27:52,910 - INFO - Epoch: 3, Training Loss: 0.0256, Validation Loss: 0.0314
2025-11-16 19:28:04,192 - INFO - Epoch: 4, Training Loss: 0.0258, Validation Loss: 0.0237
2025-11-16 19:28:04,193 - INFO -   → New best validation loss: 0.0237
2025-11-16 19:28:13,119 - INFO - Epoch: 5, Training Loss: 0.0254, Validation Loss: 0.0244
2025-11-16 19:28:22,970 - INFO - Epoch: 6, Training Loss: 0.0247, Validation Loss: 0.0239
2025-11-16 19:28:30,002 - INFO - Epoch: 7, Training Loss: 0.0248, Validation Loss: 0.0234
2025-11-16 19:28:30,005 - INFO -   → New best validation loss: 0.0234
2025-11-16 19:28:37,883 - INFO - Epoch: 8, Training Loss: 0.0249, Validation Loss: 0.0238
2025-11-16 19:28:45,959 - INFO - Epoch: 9, Training Loss: 0.0242, Validation Loss: 0.0240
2025-11-16 19:28:55,622 - INFO - Epoch: 10, Training Loss: 0.0246, Validation Loss: 0.0234
2025-11-16 19:29:05,557 - INFO - Epoch: 11, Training Loss: 0.0241, Validation Loss: 0.0229
2025-11-16 19:29:05,558 - INFO -   → New best validation loss: 0.0229
2025-11-16 19:29:15,065 - INFO - Epoch: 12, Training Loss: 0.0240, Validation Loss: 0.0233
2025-11-16 19:29:25,283 - INFO - Epoch: 13, Training Loss: 0.0240, Validation Loss: 0.0223
2025-11-16 19:29:25,284 - INFO -   → New best validation loss: 0.0223
2025-11-16 19:29:31,899 - INFO - Epoch: 14, Training Loss: 0.0227, Validation Loss: 0.0223
2025-11-16 19:29:31,900 - INFO -   → New best validation loss: 0.0223
2025-11-16 19:29:41,566 - INFO - Epoch: 15, Training Loss: 0.0231, Validation Loss: 0.0229
2025-11-16 19:29:53,381 - INFO - Epoch: 16, Training Loss: 0.0224, Validation Loss: 0.0214
2025-11-16 19:29:53,386 - INFO -   → New best validation loss: 0.0214
2025-11-16 19:30:02,508 - INFO - Epoch: 17, Training Loss: 0.0225, Validation Loss: 0.0204
2025-11-16 19:30:02,509 - INFO -   → New best validation loss: 0.0204
2025-11-16 19:30:14,928 - INFO - Epoch: 18, Training Loss: 0.0223, Validation Loss: 0.0208
2025-11-16 19:30:24,309 - INFO - Epoch: 19, Training Loss: 0.0215, Validation Loss: 0.0199
2025-11-16 19:30:24,309 - INFO -   → New best validation loss: 0.0199
2025-11-16 19:30:32,116 - INFO - Epoch: 20, Training Loss: 0.0218, Validation Loss: 0.0195
2025-11-16 19:30:32,116 - INFO -   → New best validation loss: 0.0195
2025-11-16 19:30:41,872 - INFO - Epoch: 21, Training Loss: 0.0214, Validation Loss: 0.0192
2025-11-16 19:30:41,873 - INFO -   → New best validation loss: 0.0192
2025-11-16 19:30:52,233 - INFO - Epoch: 22, Training Loss: 0.0211, Validation Loss: 0.0192
2025-11-16 19:30:52,234 - INFO -   → New best validation loss: 0.0192
2025-11-16 19:31:03,135 - INFO - Epoch: 23, Training Loss: 0.0204, Validation Loss: 0.0189
2025-11-16 19:31:03,136 - INFO -   → New best validation loss: 0.0189
2025-11-16 19:31:14,240 - INFO - Epoch: 24, Training Loss: 0.0204, Validation Loss: 0.0177
2025-11-16 19:31:14,241 - INFO -   → New best validation loss: 0.0177
2025-11-16 19:31:24,666 - INFO - Epoch: 25, Training Loss: 0.0198, Validation Loss: 0.0162
2025-11-16 19:31:24,667 - INFO -   → New best validation loss: 0.0162
2025-11-16 19:31:33,812 - INFO - Epoch: 26, Training Loss: 0.0199, Validation Loss: 0.0175
2025-11-16 19:31:44,094 - INFO - Epoch: 27, Training Loss: 0.0176, Validation Loss: 0.0154
2025-11-16 19:31:44,095 - INFO -   → New best validation loss: 0.0154
2025-11-16 19:31:49,703 - INFO - Epoch: 28, Training Loss: 0.0160, Validation Loss: 0.0142
2025-11-16 19:31:49,704 - INFO -   → New best validation loss: 0.0142
2025-11-16 19:31:57,196 - INFO - Epoch: 29, Training Loss: 0.0155, Validation Loss: 0.0145
2025-11-16 19:32:03,877 - INFO - Epoch: 30, Training Loss: 0.0150, Validation Loss: 0.0119
2025-11-16 19:32:03,881 - INFO -   → New best validation loss: 0.0119
2025-11-16 19:32:14,050 - INFO - Epoch: 31, Training Loss: 0.0136, Validation Loss: 0.0123
2025-11-16 19:32:22,472 - INFO - Epoch: 32, Training Loss: 0.0140, Validation Loss: 0.0106
2025-11-16 19:32:22,473 - INFO -   → New best validation loss: 0.0106
2025-11-16 19:32:31,652 - INFO - Epoch: 33, Training Loss: 0.0128, Validation Loss: 0.0112
2025-11-16 19:32:42,581 - INFO - Epoch: 34, Training Loss: 0.0122, Validation Loss: 0.0093
2025-11-16 19:32:42,582 - INFO -   → New best validation loss: 0.0093
2025-11-16 19:32:51,814 - INFO - Epoch: 35, Training Loss: 0.0116, Validation Loss: 0.0093
2025-11-16 19:32:51,817 - INFO -   → New best validation loss: 0.0093
2025-11-16 19:32:59,974 - INFO - Epoch: 36, Training Loss: 0.0105, Validation Loss: 0.0106
2025-11-16 19:33:07,001 - INFO - Epoch: 37, Training Loss: 0.0105, Validation Loss: 0.0096
2025-11-16 19:33:17,488 - INFO - Epoch: 38, Training Loss: 0.0097, Validation Loss: 0.0065
2025-11-16 19:33:17,491 - INFO -   → New best validation loss: 0.0065
2025-11-16 19:33:27,131 - INFO - Epoch: 39, Training Loss: 0.0088, Validation Loss: 0.0075
2025-11-16 19:33:37,041 - INFO - Epoch: 40, Training Loss: 0.0094, Validation Loss: 0.0122
2025-11-16 19:33:48,559 - INFO - Epoch: 41, Training Loss: 0.0084, Validation Loss: 0.0067
2025-11-16 19:33:55,020 - INFO - Epoch: 42, Training Loss: 0.0073, Validation Loss: 0.0074
2025-11-16 19:34:03,959 - INFO - Epoch: 43, Training Loss: 0.0074, Validation Loss: 0.0087
2025-11-16 19:34:12,811 - INFO - Epoch: 44, Training Loss: 0.0077, Validation Loss: 0.0098
2025-11-16 19:34:19,184 - INFO - Epoch: 45, Training Loss: 0.0068, Validation Loss: 0.0055
2025-11-16 19:34:19,186 - INFO -   → New best validation loss: 0.0055
2025-11-16 19:34:28,028 - INFO - Epoch: 46, Training Loss: 0.0061, Validation Loss: 0.0058
2025-11-16 19:34:38,341 - INFO - Epoch: 47, Training Loss: 0.0062, Validation Loss: 0.0059
2025-11-16 19:34:44,339 - INFO - Epoch: 48, Training Loss: 0.0070, Validation Loss: 0.0080
2025-11-16 19:34:53,690 - INFO - Epoch: 49, Training Loss: 0.0055, Validation Loss: 0.0052
2025-11-16 19:34:53,694 - INFO -   → New best validation loss: 0.0052
2025-11-16 19:35:02,338 - INFO - Epoch: 50, Training Loss: 0.0048, Validation Loss: 0.0039
2025-11-16 19:35:02,339 - INFO -   → New best validation loss: 0.0039
2025-11-16 19:35:11,564 - INFO - Epoch: 51, Training Loss: 0.0054, Validation Loss: 0.0049
2025-11-16 19:35:21,024 - INFO - Epoch: 52, Training Loss: 0.0057, Validation Loss: 0.0048
2025-11-16 19:35:30,504 - INFO - Epoch: 53, Training Loss: 0.0046, Validation Loss: 0.0046
2025-11-16 19:35:38,716 - INFO - Epoch: 54, Training Loss: 0.0058, Validation Loss: 0.0043
2025-11-16 19:35:47,031 - INFO - Epoch: 55, Training Loss: 0.0045, Validation Loss: 0.0034
2025-11-16 19:35:47,031 - INFO -   → New best validation loss: 0.0034
2025-11-16 19:35:54,816 - INFO - Epoch: 56, Training Loss: 0.0040, Validation Loss: 0.0033
2025-11-16 19:35:54,817 - INFO -   → New best validation loss: 0.0033
2025-11-16 19:36:02,296 - INFO - Epoch: 57, Training Loss: 0.0057, Validation Loss: 0.0041
2025-11-16 19:36:12,550 - INFO - Epoch: 58, Training Loss: 0.0038, Validation Loss: 0.0038
2025-11-16 19:36:22,480 - INFO - Epoch: 59, Training Loss: 0.0041, Validation Loss: 0.0040
2025-11-16 19:36:33,872 - INFO - Epoch: 60, Training Loss: 0.0036, Validation Loss: 0.0046
2025-11-16 19:36:42,088 - INFO - Epoch: 61, Training Loss: 0.0038, Validation Loss: 0.0039
2025-11-16 19:36:52,346 - INFO - Epoch: 62, Training Loss: 0.0039, Validation Loss: 0.0026
2025-11-16 19:36:52,347 - INFO -   → New best validation loss: 0.0026
2025-11-16 19:37:01,023 - INFO - Epoch: 63, Training Loss: 0.0038, Validation Loss: 0.0035
2025-11-16 19:37:10,793 - INFO - Epoch: 64, Training Loss: 0.0039, Validation Loss: 0.0038
2025-11-16 19:37:18,689 - INFO - Epoch: 65, Training Loss: 0.0036, Validation Loss: 0.0039
2025-11-16 19:37:29,234 - INFO - Epoch: 66, Training Loss: 0.0042, Validation Loss: 0.0039
2025-11-16 19:37:39,156 - INFO - Epoch: 67, Training Loss: 0.0034, Validation Loss: 0.0042
2025-11-16 19:37:47,631 - INFO - Epoch: 68, Training Loss: 0.0032, Validation Loss: 0.0028
2025-11-16 19:37:55,620 - INFO - Epoch: 69, Training Loss: 0.0029, Validation Loss: 0.0022
2025-11-16 19:37:55,621 - INFO -   → New best validation loss: 0.0022
2025-11-16 19:38:01,030 - INFO - Epoch: 70, Training Loss: 0.0030, Validation Loss: 0.0027
2025-11-16 19:38:10,824 - INFO - Epoch: 71, Training Loss: 0.0029, Validation Loss: 0.0027
2025-11-16 19:38:18,594 - INFO - Epoch: 72, Training Loss: 0.0031, Validation Loss: 0.0021
2025-11-16 19:38:18,595 - INFO -   → New best validation loss: 0.0021
2025-11-16 19:38:28,540 - INFO - Epoch: 73, Training Loss: 0.0031, Validation Loss: 0.0022
2025-11-16 19:38:37,399 - INFO - Epoch: 74, Training Loss: 0.0029, Validation Loss: 0.0025
2025-11-16 19:38:47,401 - INFO - Epoch: 75, Training Loss: 0.0027, Validation Loss: 0.0024
2025-11-16 19:38:55,776 - INFO - Epoch: 76, Training Loss: 0.0057, Validation Loss: 0.0025
2025-11-16 19:39:02,348 - INFO - Epoch: 77, Training Loss: 0.0035, Validation Loss: 0.0024
2025-11-16 19:39:11,756 - INFO - Epoch: 78, Training Loss: 0.0029, Validation Loss: 0.0023
2025-11-16 19:39:20,618 - INFO - Epoch: 79, Training Loss: 0.0027, Validation Loss: 0.0026
2025-11-16 19:39:30,420 - INFO - Epoch: 80, Training Loss: 0.0028, Validation Loss: 0.0019
2025-11-16 19:39:30,421 - INFO -   → New best validation loss: 0.0019
2025-11-16 19:39:39,905 - INFO - Epoch: 81, Training Loss: 0.0030, Validation Loss: 0.0016
2025-11-16 19:39:39,906 - INFO -   → New best validation loss: 0.0016
2025-11-16 19:39:49,437 - INFO - Epoch: 82, Training Loss: 0.0024, Validation Loss: 0.0037
2025-11-16 19:39:57,661 - INFO - Epoch: 83, Training Loss: 0.0025, Validation Loss: 0.0027
2025-11-16 19:40:08,341 - INFO - Epoch: 84, Training Loss: 0.0023, Validation Loss: 0.0018
2025-11-16 19:40:20,457 - INFO - Epoch: 85, Training Loss: 0.0022, Validation Loss: 0.0023
2025-11-16 19:40:28,682 - INFO - Epoch: 86, Training Loss: 0.0028, Validation Loss: 0.0025
2025-11-16 19:40:36,318 - INFO - Epoch: 87, Training Loss: 0.0025, Validation Loss: 0.0027
2025-11-16 19:40:44,700 - INFO - Epoch: 88, Training Loss: 0.0024, Validation Loss: 0.0016
2025-11-16 19:40:51,941 - INFO - Epoch: 89, Training Loss: 0.0023, Validation Loss: 0.0020
2025-11-16 19:40:59,839 - INFO - Epoch: 90, Training Loss: 0.0027, Validation Loss: 0.0017
2025-11-16 19:41:11,540 - INFO - Epoch: 91, Training Loss: 0.0021, Validation Loss: 0.0020
2025-11-16 19:41:22,582 - INFO - Epoch: 92, Training Loss: 0.0020, Validation Loss: 0.0018
2025-11-16 19:41:33,010 - INFO - Epoch: 93, Training Loss: 0.0019, Validation Loss: 0.0026
2025-11-16 19:41:42,664 - INFO - Epoch: 94, Training Loss: 0.0024, Validation Loss: 0.0025
2025-11-16 19:41:52,607 - INFO - Epoch: 95, Training Loss: 0.0023, Validation Loss: 0.0017
2025-11-16 19:42:03,853 - INFO - Epoch: 96, Training Loss: 0.0023, Validation Loss: 0.0024
2025-11-16 19:42:11,491 - INFO - Epoch: 97, Training Loss: 0.0022, Validation Loss: 0.0018
2025-11-16 19:42:20,137 - INFO - Epoch: 98, Training Loss: 0.0020, Validation Loss: 0.0044
2025-11-16 19:42:30,209 - INFO - Epoch: 99, Training Loss: 0.0018, Validation Loss: 0.0020
2025-11-16 19:42:39,217 - INFO - Epoch: 100, Training Loss: 0.0018, Validation Loss: 0.0019
2025-11-16 19:42:48,440 - INFO - Epoch: 101, Training Loss: 0.0022, Validation Loss: 0.0023
2025-11-16 19:42:48,440 - INFO - Early stopping triggered at epoch 101
2025-11-16 19:42:48,440 - INFO - Best validation loss: 0.0016
2025-11-16 19:42:48,458 - INFO - Restored best model weights
2025-11-16 19:42:48,458 - INFO - 
============================================================
2025-11-16 19:42:48,458 - INFO - EVALUATION RESULTS
2025-11-16 19:42:48,458 - INFO - ============================================================
2025-11-16 19:42:48,542 - INFO - Validation Prediction Stats:
2025-11-16 19:42:48,542 - INFO -   Std: 0.155587, Range: 0.904170, Unique ratio: 0.7154
2025-11-16 19:42:48,543 - INFO - Validation Set - MSE: 0.002200, MAE: 0.034282, RMSE: 0.046909, Pearson Correlation: 0.958156 (p=0.000000)
2025-11-16 19:42:48,726 - INFO - Test Prediction Stats:
2025-11-16 19:42:48,726 - INFO -   Std: 0.165635, Range: 0.854857, Unique ratio: 0.7266
2025-11-16 19:42:48,727 - INFO - Test Set - MSE: 0.003211, MAE: 0.040144, RMSE: 0.056664, Pearson Correlation: 0.949011 (p=0.000000)
2025-11-16 19:42:48,727 - INFO - ============================================================

2025-11-16 19:42:48,728 - INFO - Trial completed successfully
2025-11-16 19:42:48,728 - INFO - ================================================================================
2025-11-16 19:42:48,728 - INFO - Trial 2 completed. End time: 2025-11-16 19:4248
2025-11-16 19:42:48,728 - INFO - ================================================================================
