2025-11-16 23:25:09,233 - INFO - ================================================================================
2025-11-16 23:25:09,233 - INFO - TRIAL 15 - Task: RGS (FP1/FP2 only, de_LDS_f21-25, no CV)
2025-11-16 23:25:09,233 - INFO - Log file: ./logs_fp_f21_25/trial15_RGS_20251116_191843.log
2025-11-16 23:25:09,233 - INFO - Start time: 2025-11-16 23:25:09
2025-11-16 23:25:09,233 - INFO - ================================================================================
2025-11-16 23:25:09,235 - INFO - START TRAINING - Task: RGS (FP1/FP2 only, de_LDS_f21-25, no CV)
2025-11-16 23:25:09,235 - INFO - Features: de_LDS_f21-25 (41Hz, 43Hz, 45Hz, 47Hz, 49Hz)
2025-11-16 23:25:09,235 - INFO - Learning rate: 0.005, Epochs: 200, Batches: 8
2025-11-16 23:25:09,235 - INFO - Data split: 70% train / 15% validation / 15% test
2025-11-16 23:25:09,235 - INFO - Loading dataset (FP1/FP2 channels, de_LDS_f21-25 only, fixed split)...
2025-11-16 23:25:09,247 - INFO - Dataset shapes - Train: (617, 2, 5, 1), Valid: (129, 2, 5, 1), Test: (139, 2, 5, 1)
2025-11-16 23:25:09,247 - INFO - Applied feature normalization (StandardScaler)
2025-11-16 23:25:09,248 - INFO - Initializing VIGNet-FP model (2 channels, 5 frequency features)...
2025-11-16 23:25:09,252 - INFO - Number of batch iterations per epoch: 77
2025-11-16 23:25:19,038 - INFO - Epoch: 1, Training Loss: 0.0328, Validation Loss: 0.0144
2025-11-16 23:25:19,039 - INFO -   → New best validation loss: 0.0144
2025-11-16 23:25:29,176 - INFO - Epoch: 2, Training Loss: 0.0157, Validation Loss: 0.0131
2025-11-16 23:25:29,181 - INFO -   → New best validation loss: 0.0131
2025-11-16 23:25:40,279 - INFO - Epoch: 3, Training Loss: 0.0144, Validation Loss: 0.0137
2025-11-16 23:25:49,635 - INFO - Epoch: 4, Training Loss: 0.0139, Validation Loss: 0.0129
2025-11-16 23:25:49,636 - INFO -   → New best validation loss: 0.0129
2025-11-16 23:25:59,863 - INFO - Epoch: 5, Training Loss: 0.0167, Validation Loss: 0.0142
2025-11-16 23:26:07,973 - INFO - Epoch: 6, Training Loss: 0.0145, Validation Loss: 0.0142
2025-11-16 23:26:16,897 - INFO - Epoch: 7, Training Loss: 0.0140, Validation Loss: 0.0128
2025-11-16 23:26:16,898 - INFO -   → New best validation loss: 0.0128
2025-11-16 23:26:24,432 - INFO - Epoch: 8, Training Loss: 0.0140, Validation Loss: 0.0146
2025-11-16 23:26:33,895 - INFO - Epoch: 9, Training Loss: 0.0131, Validation Loss: 0.0121
2025-11-16 23:26:33,896 - INFO -   → New best validation loss: 0.0121
2025-11-16 23:26:43,082 - INFO - Epoch: 10, Training Loss: 0.0133, Validation Loss: 0.0119
2025-11-16 23:26:43,083 - INFO -   → New best validation loss: 0.0119
2025-11-16 23:26:53,810 - INFO - Epoch: 11, Training Loss: 0.0147, Validation Loss: 0.0121
2025-11-16 23:27:03,603 - INFO - Epoch: 12, Training Loss: 0.0129, Validation Loss: 0.0133
2025-11-16 23:27:10,716 - INFO - Epoch: 13, Training Loss: 0.0133, Validation Loss: 0.0138
2025-11-16 23:27:22,543 - INFO - Epoch: 14, Training Loss: 0.0136, Validation Loss: 0.0118
2025-11-16 23:27:22,547 - INFO -   → New best validation loss: 0.0118
2025-11-16 23:27:34,477 - INFO - Epoch: 15, Training Loss: 0.0125, Validation Loss: 0.0119
2025-11-16 23:27:43,022 - INFO - Epoch: 16, Training Loss: 0.0130, Validation Loss: 0.0133
2025-11-16 23:27:52,505 - INFO - Epoch: 17, Training Loss: 0.0128, Validation Loss: 0.0118
2025-11-16 23:27:52,509 - INFO -   → New best validation loss: 0.0118
2025-11-16 23:28:01,109 - INFO - Epoch: 18, Training Loss: 0.0127, Validation Loss: 0.0119
2025-11-16 23:28:10,583 - INFO - Epoch: 19, Training Loss: 0.0129, Validation Loss: 0.0138
2025-11-16 23:28:19,469 - INFO - Epoch: 20, Training Loss: 0.0118, Validation Loss: 0.0112
2025-11-16 23:28:19,469 - INFO -   → New best validation loss: 0.0112
2025-11-16 23:28:27,684 - INFO - Epoch: 21, Training Loss: 0.0119, Validation Loss: 0.0122
2025-11-16 23:28:35,156 - INFO - Epoch: 22, Training Loss: 0.0118, Validation Loss: 0.0131
2025-11-16 23:28:44,101 - INFO - Epoch: 23, Training Loss: 0.0117, Validation Loss: 0.0119
2025-11-16 23:28:54,645 - INFO - Epoch: 24, Training Loss: 0.0127, Validation Loss: 0.0134
2025-11-16 23:29:02,147 - INFO - Epoch: 25, Training Loss: 0.0127, Validation Loss: 0.0158
2025-11-16 23:29:12,425 - INFO - Epoch: 26, Training Loss: 0.0120, Validation Loss: 0.0110
2025-11-16 23:29:12,426 - INFO -   → New best validation loss: 0.0110
2025-11-16 23:29:19,596 - INFO - Epoch: 27, Training Loss: 0.0122, Validation Loss: 0.0107
2025-11-16 23:29:19,600 - INFO -   → New best validation loss: 0.0107
2025-11-16 23:29:26,744 - INFO - Epoch: 28, Training Loss: 0.0118, Validation Loss: 0.0115
2025-11-16 23:29:39,746 - INFO - Epoch: 29, Training Loss: 0.0121, Validation Loss: 0.0117
2025-11-16 23:29:48,298 - INFO - Epoch: 30, Training Loss: 0.0121, Validation Loss: 0.0107
2025-11-16 23:29:48,299 - INFO -   → New best validation loss: 0.0107
2025-11-16 23:29:57,305 - INFO - Epoch: 31, Training Loss: 0.0121, Validation Loss: 0.0122
2025-11-16 23:30:05,941 - INFO - Epoch: 32, Training Loss: 0.0123, Validation Loss: 0.0122
2025-11-16 23:30:15,903 - INFO - Epoch: 33, Training Loss: 0.0128, Validation Loss: 0.0106
2025-11-16 23:30:15,904 - INFO -   → New best validation loss: 0.0106
2025-11-16 23:30:25,670 - INFO - Epoch: 34, Training Loss: 0.0117, Validation Loss: 0.0110
2025-11-16 23:30:34,520 - INFO - Epoch: 35, Training Loss: 0.0122, Validation Loss: 0.0133
2025-11-16 23:30:42,795 - INFO - Epoch: 36, Training Loss: 0.0119, Validation Loss: 0.0114
2025-11-16 23:30:53,266 - INFO - Epoch: 37, Training Loss: 0.0125, Validation Loss: 0.0110
2025-11-16 23:31:01,326 - INFO - Epoch: 38, Training Loss: 0.0112, Validation Loss: 0.0116
2025-11-16 23:31:12,056 - INFO - Epoch: 39, Training Loss: 0.0117, Validation Loss: 0.0107
2025-11-16 23:31:22,138 - INFO - Epoch: 40, Training Loss: 0.0114, Validation Loss: 0.0114
2025-11-16 23:31:30,518 - INFO - Epoch: 41, Training Loss: 0.0114, Validation Loss: 0.0142
2025-11-16 23:31:37,184 - INFO - Epoch: 42, Training Loss: 0.0110, Validation Loss: 0.0110
2025-11-16 23:31:45,081 - INFO - Epoch: 43, Training Loss: 0.0124, Validation Loss: 0.0113
2025-11-16 23:31:52,290 - INFO - Epoch: 44, Training Loss: 0.0113, Validation Loss: 0.0108
2025-11-16 23:32:01,649 - INFO - Epoch: 45, Training Loss: 0.0120, Validation Loss: 0.0132
2025-11-16 23:32:09,635 - INFO - Epoch: 46, Training Loss: 0.0117, Validation Loss: 0.0108
2025-11-16 23:32:19,851 - INFO - Epoch: 47, Training Loss: 0.0109, Validation Loss: 0.0112
2025-11-16 23:32:28,154 - INFO - Epoch: 48, Training Loss: 0.0109, Validation Loss: 0.0117
2025-11-16 23:32:37,208 - INFO - Epoch: 49, Training Loss: 0.0119, Validation Loss: 0.0105
2025-11-16 23:32:37,212 - INFO -   → New best validation loss: 0.0105
2025-11-16 23:32:46,739 - INFO - Epoch: 50, Training Loss: 0.0115, Validation Loss: 0.0114
2025-11-16 23:32:54,953 - INFO - Epoch: 51, Training Loss: 0.0110, Validation Loss: 0.0107
2025-11-16 23:33:04,171 - INFO - Epoch: 52, Training Loss: 0.0126, Validation Loss: 0.0127
2025-11-16 23:33:13,347 - INFO - Epoch: 53, Training Loss: 0.0111, Validation Loss: 0.0111
2025-11-16 23:33:26,070 - INFO - Epoch: 54, Training Loss: 0.0109, Validation Loss: 0.0125
2025-11-16 23:33:36,682 - INFO - Epoch: 55, Training Loss: 0.0124, Validation Loss: 0.0109
2025-11-16 23:33:46,787 - INFO - Epoch: 56, Training Loss: 0.0111, Validation Loss: 0.0119
2025-11-16 23:33:56,805 - INFO - Epoch: 57, Training Loss: 0.0122, Validation Loss: 0.0121
2025-11-16 23:34:05,698 - INFO - Epoch: 58, Training Loss: 0.0120, Validation Loss: 0.0120
2025-11-16 23:34:13,917 - INFO - Epoch: 59, Training Loss: 0.0111, Validation Loss: 0.0108
2025-11-16 23:34:24,285 - INFO - Epoch: 60, Training Loss: 0.0119, Validation Loss: 0.0102
2025-11-16 23:34:24,286 - INFO -   → New best validation loss: 0.0102
2025-11-16 23:34:34,041 - INFO - Epoch: 61, Training Loss: 0.0110, Validation Loss: 0.0106
2025-11-16 23:34:42,491 - INFO - Epoch: 62, Training Loss: 0.0113, Validation Loss: 0.0103
2025-11-16 23:34:51,082 - INFO - Epoch: 63, Training Loss: 0.0115, Validation Loss: 0.0121
2025-11-16 23:35:03,012 - INFO - Epoch: 64, Training Loss: 0.0107, Validation Loss: 0.0120
2025-11-16 23:35:10,858 - INFO - Epoch: 65, Training Loss: 0.0110, Validation Loss: 0.0106
2025-11-16 23:35:16,869 - INFO - Epoch: 66, Training Loss: 0.0120, Validation Loss: 0.0116
2025-11-16 23:35:26,665 - INFO - Epoch: 67, Training Loss: 0.0120, Validation Loss: 0.0105
2025-11-16 23:35:34,423 - INFO - Epoch: 68, Training Loss: 0.0115, Validation Loss: 0.0138
2025-11-16 23:35:41,916 - INFO - Epoch: 69, Training Loss: 0.0115, Validation Loss: 0.0117
2025-11-16 23:35:49,603 - INFO - Epoch: 70, Training Loss: 0.0113, Validation Loss: 0.0113
2025-11-16 23:35:59,765 - INFO - Epoch: 71, Training Loss: 0.0107, Validation Loss: 0.0100
2025-11-16 23:35:59,769 - INFO -   → New best validation loss: 0.0100
2025-11-16 23:36:07,662 - INFO - Epoch: 72, Training Loss: 0.0113, Validation Loss: 0.0106
2025-11-16 23:36:15,205 - INFO - Epoch: 73, Training Loss: 0.0109, Validation Loss: 0.0110
2025-11-16 23:36:22,439 - INFO - Epoch: 74, Training Loss: 0.0110, Validation Loss: 0.0105
2025-11-16 23:36:31,603 - INFO - Epoch: 75, Training Loss: 0.0107, Validation Loss: 0.0149
2025-11-16 23:36:41,211 - INFO - Epoch: 76, Training Loss: 0.0096, Validation Loss: 0.0207
2025-11-16 23:36:49,690 - INFO - Epoch: 77, Training Loss: 0.0108, Validation Loss: 0.0137
2025-11-16 23:36:58,141 - INFO - Epoch: 78, Training Loss: 0.0103, Validation Loss: 0.0102
2025-11-16 23:37:06,437 - INFO - Epoch: 79, Training Loss: 0.0111, Validation Loss: 0.0105
2025-11-16 23:37:16,323 - INFO - Epoch: 80, Training Loss: 0.0119, Validation Loss: 0.0109
2025-11-16 23:37:25,362 - INFO - Epoch: 81, Training Loss: 0.0108, Validation Loss: 0.0103
2025-11-16 23:37:32,622 - INFO - Epoch: 82, Training Loss: 0.0109, Validation Loss: 0.0111
2025-11-16 23:37:41,583 - INFO - Epoch: 83, Training Loss: 0.0115, Validation Loss: 0.0108
2025-11-16 23:37:49,738 - INFO - Epoch: 84, Training Loss: 0.0105, Validation Loss: 0.0108
2025-11-16 23:38:00,451 - INFO - Epoch: 85, Training Loss: 0.0110, Validation Loss: 0.0098
2025-11-16 23:38:00,457 - INFO -   → New best validation loss: 0.0098
2025-11-16 23:38:09,857 - INFO - Epoch: 86, Training Loss: 0.0099, Validation Loss: 0.0104
2025-11-16 23:38:19,024 - INFO - Epoch: 87, Training Loss: 0.0110, Validation Loss: 0.0113
2025-11-16 23:38:27,482 - INFO - Epoch: 88, Training Loss: 0.0102, Validation Loss: 0.0114
2025-11-16 23:38:37,500 - INFO - Epoch: 89, Training Loss: 0.0115, Validation Loss: 0.0104
2025-11-16 23:38:44,191 - INFO - Epoch: 90, Training Loss: 0.0110, Validation Loss: 0.0096
2025-11-16 23:38:44,191 - INFO -   → New best validation loss: 0.0096
2025-11-16 23:38:54,508 - INFO - Epoch: 91, Training Loss: 0.0105, Validation Loss: 0.0102
2025-11-16 23:39:04,657 - INFO - Epoch: 92, Training Loss: 0.0106, Validation Loss: 0.0152
2025-11-16 23:39:12,218 - INFO - Epoch: 93, Training Loss: 0.0105, Validation Loss: 0.0100
2025-11-16 23:39:21,883 - INFO - Epoch: 94, Training Loss: 0.0109, Validation Loss: 0.0107
2025-11-16 23:39:29,211 - INFO - Epoch: 95, Training Loss: 0.0100, Validation Loss: 0.0116
2025-11-16 23:39:39,046 - INFO - Epoch: 96, Training Loss: 0.0113, Validation Loss: 0.0101
2025-11-16 23:39:49,943 - INFO - Epoch: 97, Training Loss: 0.0103, Validation Loss: 0.0125
2025-11-16 23:39:57,317 - INFO - Epoch: 98, Training Loss: 0.0101, Validation Loss: 0.0103
2025-11-16 23:40:07,517 - INFO - Epoch: 99, Training Loss: 0.0104, Validation Loss: 0.0121
2025-11-16 23:40:14,516 - INFO - Epoch: 100, Training Loss: 0.0105, Validation Loss: 0.0095
2025-11-16 23:40:14,521 - INFO -   → New best validation loss: 0.0095
2025-11-16 23:40:23,464 - INFO - Epoch: 101, Training Loss: 0.0102, Validation Loss: 0.0103
2025-11-16 23:40:30,548 - INFO - Epoch: 102, Training Loss: 0.0106, Validation Loss: 0.0109
2025-11-16 23:40:37,798 - INFO - Epoch: 103, Training Loss: 0.0112, Validation Loss: 0.0105
2025-11-16 23:40:47,966 - INFO - Epoch: 104, Training Loss: 0.0102, Validation Loss: 0.0116
2025-11-16 23:40:58,832 - INFO - Epoch: 105, Training Loss: 0.0099, Validation Loss: 0.0136
2025-11-16 23:41:08,011 - INFO - Epoch: 106, Training Loss: 0.0107, Validation Loss: 0.0108
2025-11-16 23:41:17,888 - INFO - Epoch: 107, Training Loss: 0.0106, Validation Loss: 0.0105
2025-11-16 23:41:26,693 - INFO - Epoch: 108, Training Loss: 0.0107, Validation Loss: 0.0129
2025-11-16 23:41:35,641 - INFO - Epoch: 109, Training Loss: 0.0109, Validation Loss: 0.0104
2025-11-16 23:41:45,541 - INFO - Epoch: 110, Training Loss: 0.0094, Validation Loss: 0.0105
2025-11-16 23:41:54,503 - INFO - Epoch: 111, Training Loss: 0.0109, Validation Loss: 0.0108
2025-11-16 23:42:01,859 - INFO - Epoch: 112, Training Loss: 0.0102, Validation Loss: 0.0113
2025-11-16 23:42:11,447 - INFO - Epoch: 113, Training Loss: 0.0102, Validation Loss: 0.0105
2025-11-16 23:42:22,483 - INFO - Epoch: 114, Training Loss: 0.0105, Validation Loss: 0.0092
2025-11-16 23:42:22,488 - INFO -   → New best validation loss: 0.0092
2025-11-16 23:42:31,879 - INFO - Epoch: 115, Training Loss: 0.0103, Validation Loss: 0.0095
2025-11-16 23:42:43,467 - INFO - Epoch: 116, Training Loss: 0.0101, Validation Loss: 0.0099
2025-11-16 23:42:54,083 - INFO - Epoch: 117, Training Loss: 0.0096, Validation Loss: 0.0106
2025-11-16 23:43:04,099 - INFO - Epoch: 118, Training Loss: 0.0097, Validation Loss: 0.0110
2025-11-16 23:43:13,542 - INFO - Epoch: 119, Training Loss: 0.0099, Validation Loss: 0.0090
2025-11-16 23:43:13,543 - INFO -   → New best validation loss: 0.0090
2025-11-16 23:43:22,435 - INFO - Epoch: 120, Training Loss: 0.0098, Validation Loss: 0.0097
2025-11-16 23:43:31,688 - INFO - Epoch: 121, Training Loss: 0.0110, Validation Loss: 0.0130
2025-11-16 23:43:39,637 - INFO - Epoch: 122, Training Loss: 0.0098, Validation Loss: 0.0110
2025-11-16 23:43:49,053 - INFO - Epoch: 123, Training Loss: 0.0101, Validation Loss: 0.0115
2025-11-16 23:43:58,658 - INFO - Epoch: 124, Training Loss: 0.0094, Validation Loss: 0.0093
2025-11-16 23:44:09,196 - INFO - Epoch: 125, Training Loss: 0.0096, Validation Loss: 0.0107
2025-11-16 23:44:19,881 - INFO - Epoch: 126, Training Loss: 0.0096, Validation Loss: 0.0096
2025-11-16 23:44:29,964 - INFO - Epoch: 127, Training Loss: 0.0090, Validation Loss: 0.0095
2025-11-16 23:44:39,600 - INFO - Epoch: 128, Training Loss: 0.0103, Validation Loss: 0.0100
2025-11-16 23:44:47,495 - INFO - Epoch: 129, Training Loss: 0.0096, Validation Loss: 0.0101
2025-11-16 23:44:54,853 - INFO - Epoch: 130, Training Loss: 0.0100, Validation Loss: 0.0112
2025-11-16 23:45:05,282 - INFO - Epoch: 131, Training Loss: 0.0091, Validation Loss: 0.0098
2025-11-16 23:45:14,637 - INFO - Epoch: 132, Training Loss: 0.0097, Validation Loss: 0.0125
2025-11-16 23:45:24,195 - INFO - Epoch: 133, Training Loss: 0.0093, Validation Loss: 0.0104
2025-11-16 23:45:32,927 - INFO - Epoch: 134, Training Loss: 0.0094, Validation Loss: 0.0095
2025-11-16 23:45:40,504 - INFO - Epoch: 135, Training Loss: 0.0096, Validation Loss: 0.0087
2025-11-16 23:45:40,506 - INFO -   → New best validation loss: 0.0087
2025-11-16 23:45:47,206 - INFO - Epoch: 136, Training Loss: 0.0098, Validation Loss: 0.0109
2025-11-16 23:45:58,559 - INFO - Epoch: 137, Training Loss: 0.0092, Validation Loss: 0.0120
2025-11-16 23:46:07,431 - INFO - Epoch: 138, Training Loss: 0.0102, Validation Loss: 0.0098
2025-11-16 23:46:16,898 - INFO - Epoch: 139, Training Loss: 0.0096, Validation Loss: 0.0113
2025-11-16 23:46:23,101 - INFO - Epoch: 140, Training Loss: 0.0090, Validation Loss: 0.0102
2025-11-16 23:46:31,760 - INFO - Epoch: 141, Training Loss: 0.0084, Validation Loss: 0.0109
2025-11-16 23:46:40,350 - INFO - Epoch: 142, Training Loss: 0.0095, Validation Loss: 0.0098
2025-11-16 23:46:49,789 - INFO - Epoch: 143, Training Loss: 0.0095, Validation Loss: 0.0101
2025-11-16 23:46:58,672 - INFO - Epoch: 144, Training Loss: 0.0092, Validation Loss: 0.0111
2025-11-16 23:47:10,804 - INFO - Epoch: 145, Training Loss: 0.0098, Validation Loss: 0.0103
2025-11-16 23:47:20,373 - INFO - Epoch: 146, Training Loss: 0.0086, Validation Loss: 0.0116
2025-11-16 23:47:29,005 - INFO - Epoch: 147, Training Loss: 0.0086, Validation Loss: 0.0093
2025-11-16 23:47:38,177 - INFO - Epoch: 148, Training Loss: 0.0094, Validation Loss: 0.0116
2025-11-16 23:47:47,048 - INFO - Epoch: 149, Training Loss: 0.0099, Validation Loss: 0.0101
2025-11-16 23:47:56,003 - INFO - Epoch: 150, Training Loss: 0.0095, Validation Loss: 0.0157
2025-11-16 23:48:05,490 - INFO - Epoch: 151, Training Loss: 0.0097, Validation Loss: 0.0085
2025-11-16 23:48:05,494 - INFO -   → New best validation loss: 0.0085
2025-11-16 23:48:13,696 - INFO - Epoch: 152, Training Loss: 0.0091, Validation Loss: 0.0092
2025-11-16 23:48:22,969 - INFO - Epoch: 153, Training Loss: 0.0090, Validation Loss: 0.0092
2025-11-16 23:48:33,335 - INFO - Epoch: 154, Training Loss: 0.0093, Validation Loss: 0.0088
2025-11-16 23:48:43,871 - INFO - Epoch: 155, Training Loss: 0.0086, Validation Loss: 0.0092
2025-11-16 23:48:51,692 - INFO - Epoch: 156, Training Loss: 0.0085, Validation Loss: 0.0096
2025-11-16 23:49:01,046 - INFO - Epoch: 157, Training Loss: 0.0091, Validation Loss: 0.0089
2025-11-16 23:49:11,183 - INFO - Epoch: 158, Training Loss: 0.0088, Validation Loss: 0.0089
2025-11-16 23:49:20,588 - INFO - Epoch: 159, Training Loss: 0.0083, Validation Loss: 0.0094
2025-11-16 23:49:28,787 - INFO - Epoch: 160, Training Loss: 0.0091, Validation Loss: 0.0097
2025-11-16 23:49:37,861 - INFO - Epoch: 161, Training Loss: 0.0098, Validation Loss: 0.0097
2025-11-16 23:49:46,867 - INFO - Epoch: 162, Training Loss: 0.0098, Validation Loss: 0.0091
2025-11-16 23:49:55,970 - INFO - Epoch: 163, Training Loss: 0.0093, Validation Loss: 0.0081
2025-11-16 23:49:55,971 - INFO -   → New best validation loss: 0.0081
2025-11-16 23:50:04,143 - INFO - Epoch: 164, Training Loss: 0.0081, Validation Loss: 0.0084
2025-11-16 23:50:12,900 - INFO - Epoch: 165, Training Loss: 0.0091, Validation Loss: 0.0118
2025-11-16 23:50:20,357 - INFO - Epoch: 166, Training Loss: 0.0099, Validation Loss: 0.0087
2025-11-16 23:50:29,080 - INFO - Epoch: 167, Training Loss: 0.0088, Validation Loss: 0.0093
2025-11-16 23:50:35,614 - INFO - Epoch: 168, Training Loss: 0.0087, Validation Loss: 0.0097
2025-11-16 23:50:46,456 - INFO - Epoch: 169, Training Loss: 0.0077, Validation Loss: 0.0136
2025-11-16 23:50:55,607 - INFO - Epoch: 170, Training Loss: 0.0081, Validation Loss: 0.0110
2025-11-16 23:51:04,281 - INFO - Epoch: 171, Training Loss: 0.0085, Validation Loss: 0.0103
2025-11-16 23:51:14,476 - INFO - Epoch: 172, Training Loss: 0.0088, Validation Loss: 0.0105
2025-11-16 23:51:25,482 - INFO - Epoch: 173, Training Loss: 0.0087, Validation Loss: 0.0092
2025-11-16 23:51:34,424 - INFO - Epoch: 174, Training Loss: 0.0091, Validation Loss: 0.0090
2025-11-16 23:51:43,633 - INFO - Epoch: 175, Training Loss: 0.0090, Validation Loss: 0.0080
2025-11-16 23:51:43,634 - INFO -   → New best validation loss: 0.0080
2025-11-16 23:51:53,801 - INFO - Epoch: 176, Training Loss: 0.0081, Validation Loss: 0.0088
2025-11-16 23:52:04,306 - INFO - Epoch: 177, Training Loss: 0.0084, Validation Loss: 0.0107
2025-11-16 23:52:13,498 - INFO - Epoch: 178, Training Loss: 0.0080, Validation Loss: 0.0087
2025-11-16 23:52:21,304 - INFO - Epoch: 179, Training Loss: 0.0087, Validation Loss: 0.0097
2025-11-16 23:52:30,332 - INFO - Epoch: 180, Training Loss: 0.0077, Validation Loss: 0.0078
2025-11-16 23:52:30,333 - INFO -   → New best validation loss: 0.0078
2025-11-16 23:52:37,034 - INFO - Epoch: 181, Training Loss: 0.0084, Validation Loss: 0.0075
2025-11-16 23:52:37,035 - INFO -   → New best validation loss: 0.0075
2025-11-16 23:52:46,417 - INFO - Epoch: 182, Training Loss: 0.0079, Validation Loss: 0.0087
2025-11-16 23:52:57,312 - INFO - Epoch: 183, Training Loss: 0.0088, Validation Loss: 0.0095
2025-11-16 23:53:05,774 - INFO - Epoch: 184, Training Loss: 0.0085, Validation Loss: 0.0086
2025-11-16 23:53:12,743 - INFO - Epoch: 185, Training Loss: 0.0084, Validation Loss: 0.0118
2025-11-16 23:53:20,430 - INFO - Epoch: 186, Training Loss: 0.0074, Validation Loss: 0.0111
2025-11-16 23:53:30,276 - INFO - Epoch: 187, Training Loss: 0.0077, Validation Loss: 0.0110
2025-11-16 23:53:39,033 - INFO - Epoch: 188, Training Loss: 0.0097, Validation Loss: 0.0095
2025-11-16 23:53:48,269 - INFO - Epoch: 189, Training Loss: 0.0083, Validation Loss: 0.0090
2025-11-16 23:53:57,521 - INFO - Epoch: 190, Training Loss: 0.0087, Validation Loss: 0.0110
2025-11-16 23:54:05,601 - INFO - Epoch: 191, Training Loss: 0.0083, Validation Loss: 0.0090
2025-11-16 23:54:14,211 - INFO - Epoch: 192, Training Loss: 0.0076, Validation Loss: 0.0085
2025-11-16 23:54:21,745 - INFO - Epoch: 193, Training Loss: 0.0073, Validation Loss: 0.0089
2025-11-16 23:54:29,802 - INFO - Epoch: 194, Training Loss: 0.0088, Validation Loss: 0.0092
2025-11-16 23:54:40,830 - INFO - Epoch: 195, Training Loss: 0.0082, Validation Loss: 0.0090
2025-11-16 23:54:49,380 - INFO - Epoch: 196, Training Loss: 0.0076, Validation Loss: 0.0084
2025-11-16 23:54:58,509 - INFO - Epoch: 197, Training Loss: 0.0085, Validation Loss: 0.0167
2025-11-16 23:55:08,647 - INFO - Epoch: 198, Training Loss: 0.0091, Validation Loss: 0.0141
2025-11-16 23:55:15,316 - INFO - Epoch: 199, Training Loss: 0.0102, Validation Loss: 0.0085
2025-11-16 23:55:24,066 - INFO - Epoch: 200, Training Loss: 0.0089, Validation Loss: 0.0089
2025-11-16 23:55:24,071 - INFO - Restored best model weights
2025-11-16 23:55:24,071 - INFO - 
============================================================
2025-11-16 23:55:24,071 - INFO - EVALUATION RESULTS
2025-11-16 23:55:24,071 - INFO - ============================================================
2025-11-16 23:55:24,115 - INFO - Validation Prediction Stats:
2025-11-16 23:55:24,115 - INFO -   Std: 0.139953, Range: 0.751250, Unique ratio: 0.6357
2025-11-16 23:55:24,115 - INFO - Validation Set - MSE: 0.007839, MAE: 0.061920, RMSE: 0.088536, Pearson Correlation: 0.835989 (p=0.000000)
2025-11-16 23:55:24,158 - INFO - Test Prediction Stats:
2025-11-16 23:55:24,159 - INFO -   Std: 0.171764, Range: 0.841355, Unique ratio: 0.6691
2025-11-16 23:55:24,159 - INFO - Test Set - MSE: 0.008655, MAE: 0.061212, RMSE: 0.093032, Pearson Correlation: 0.852249 (p=0.000000)
2025-11-16 23:55:24,159 - INFO - ============================================================

2025-11-16 23:55:24,159 - INFO - Trial completed successfully
2025-11-16 23:55:24,159 - INFO - ================================================================================
2025-11-16 23:55:24,159 - INFO - Trial 15 completed. End time: 2025-11-16 23:5524
2025-11-16 23:55:24,159 - INFO - ================================================================================
