2025-11-16 22:28:02,561 - INFO - ================================================================================
2025-11-16 22:28:02,561 - INFO - TRIAL 11 - Task: RGS (FP1/FP2 only, de_LDS_f21-25, no CV)
2025-11-16 22:28:02,561 - INFO - Log file: ./logs_fp_f21_25/trial11_RGS_20251116_191843.log
2025-11-16 22:28:02,562 - INFO - Start time: 2025-11-16 22:28:02
2025-11-16 22:28:02,562 - INFO - ================================================================================
2025-11-16 22:28:02,563 - INFO - START TRAINING - Task: RGS (FP1/FP2 only, de_LDS_f21-25, no CV)
2025-11-16 22:28:02,563 - INFO - Features: de_LDS_f21-25 (41Hz, 43Hz, 45Hz, 47Hz, 49Hz)
2025-11-16 22:28:02,563 - INFO - Learning rate: 0.005, Epochs: 200, Batches: 8
2025-11-16 22:28:02,563 - INFO - Data split: 70% train / 15% validation / 15% test
2025-11-16 22:28:02,564 - INFO - Loading dataset (FP1/FP2 channels, de_LDS_f21-25 only, fixed split)...
2025-11-16 22:28:02,575 - INFO - Dataset shapes - Train: (617, 2, 5, 1), Valid: (130, 2, 5, 1), Test: (138, 2, 5, 1)
2025-11-16 22:28:02,576 - INFO - Applied feature normalization (StandardScaler)
2025-11-16 22:28:02,576 - INFO - Initializing VIGNet-FP model (2 channels, 5 frequency features)...
2025-11-16 22:28:02,580 - INFO - Number of batch iterations per epoch: 77
2025-11-16 22:28:12,070 - INFO - Epoch: 1, Training Loss: 0.0321, Validation Loss: 0.0174
2025-11-16 22:28:12,071 - INFO -   → New best validation loss: 0.0174
2025-11-16 22:28:19,696 - INFO - Epoch: 2, Training Loss: 0.0176, Validation Loss: 0.0188
2025-11-16 22:28:29,285 - INFO - Epoch: 3, Training Loss: 0.0172, Validation Loss: 0.0167
2025-11-16 22:28:29,286 - INFO -   → New best validation loss: 0.0167
2025-11-16 22:28:38,885 - INFO - Epoch: 4, Training Loss: 0.0164, Validation Loss: 0.0172
2025-11-16 22:28:45,932 - INFO - Epoch: 5, Training Loss: 0.0151, Validation Loss: 0.0172
2025-11-16 22:28:54,846 - INFO - Epoch: 6, Training Loss: 0.0144, Validation Loss: 0.0162
2025-11-16 22:28:54,847 - INFO -   → New best validation loss: 0.0162
2025-11-16 22:29:04,071 - INFO - Epoch: 7, Training Loss: 0.0143, Validation Loss: 0.0156
2025-11-16 22:29:04,072 - INFO -   → New best validation loss: 0.0156
2025-11-16 22:29:12,190 - INFO - Epoch: 8, Training Loss: 0.0146, Validation Loss: 0.0164
2025-11-16 22:29:22,716 - INFO - Epoch: 9, Training Loss: 0.0139, Validation Loss: 0.0174
2025-11-16 22:29:28,465 - INFO - Epoch: 10, Training Loss: 0.0141, Validation Loss: 0.0166
2025-11-16 22:29:35,386 - INFO - Epoch: 11, Training Loss: 0.0141, Validation Loss: 0.0159
2025-11-16 22:29:43,750 - INFO - Epoch: 12, Training Loss: 0.0139, Validation Loss: 0.0158
2025-11-16 22:29:50,344 - INFO - Epoch: 13, Training Loss: 0.0138, Validation Loss: 0.0160
2025-11-16 22:29:59,462 - INFO - Epoch: 14, Training Loss: 0.0138, Validation Loss: 0.0166
2025-11-16 22:30:08,499 - INFO - Epoch: 15, Training Loss: 0.0137, Validation Loss: 0.0154
2025-11-16 22:30:08,501 - INFO -   → New best validation loss: 0.0154
2025-11-16 22:30:19,012 - INFO - Epoch: 16, Training Loss: 0.0144, Validation Loss: 0.0155
2025-11-16 22:30:29,366 - INFO - Epoch: 17, Training Loss: 0.0137, Validation Loss: 0.0207
2025-11-16 22:30:38,197 - INFO - Epoch: 18, Training Loss: 0.0143, Validation Loss: 0.0153
2025-11-16 22:30:38,203 - INFO -   → New best validation loss: 0.0153
2025-11-16 22:30:47,225 - INFO - Epoch: 19, Training Loss: 0.0139, Validation Loss: 0.0170
2025-11-16 22:30:57,291 - INFO - Epoch: 20, Training Loss: 0.0133, Validation Loss: 0.0142
2025-11-16 22:30:57,292 - INFO -   → New best validation loss: 0.0142
2025-11-16 22:31:04,824 - INFO - Epoch: 21, Training Loss: 0.0131, Validation Loss: 0.0171
2025-11-16 22:31:11,491 - INFO - Epoch: 22, Training Loss: 0.0140, Validation Loss: 0.0139
2025-11-16 22:31:11,492 - INFO -   → New best validation loss: 0.0139
2025-11-16 22:31:19,468 - INFO - Epoch: 23, Training Loss: 0.0130, Validation Loss: 0.0150
2025-11-16 22:31:27,776 - INFO - Epoch: 24, Training Loss: 0.0127, Validation Loss: 0.0135
2025-11-16 22:31:27,777 - INFO -   → New best validation loss: 0.0135
2025-11-16 22:31:37,871 - INFO - Epoch: 25, Training Loss: 0.0131, Validation Loss: 0.0135
2025-11-16 22:31:46,699 - INFO - Epoch: 26, Training Loss: 0.0126, Validation Loss: 0.0155
2025-11-16 22:31:53,913 - INFO - Epoch: 27, Training Loss: 0.0137, Validation Loss: 0.0147
2025-11-16 22:31:59,790 - INFO - Epoch: 28, Training Loss: 0.0129, Validation Loss: 0.0140
2025-11-16 22:32:06,287 - INFO - Epoch: 29, Training Loss: 0.0130, Validation Loss: 0.0138
2025-11-16 22:32:16,379 - INFO - Epoch: 30, Training Loss: 0.0128, Validation Loss: 0.0138
2025-11-16 22:32:23,568 - INFO - Epoch: 31, Training Loss: 0.0125, Validation Loss: 0.0139
2025-11-16 22:32:31,821 - INFO - Epoch: 32, Training Loss: 0.0126, Validation Loss: 0.0135
2025-11-16 22:32:31,822 - INFO -   → New best validation loss: 0.0135
2025-11-16 22:32:42,540 - INFO - Epoch: 33, Training Loss: 0.0123, Validation Loss: 0.0127
2025-11-16 22:32:42,541 - INFO -   → New best validation loss: 0.0127
2025-11-16 22:32:52,281 - INFO - Epoch: 34, Training Loss: 0.0119, Validation Loss: 0.0123
2025-11-16 22:32:52,286 - INFO -   → New best validation loss: 0.0123
2025-11-16 22:33:02,064 - INFO - Epoch: 35, Training Loss: 0.0118, Validation Loss: 0.0131
2025-11-16 22:33:11,100 - INFO - Epoch: 36, Training Loss: 0.0137, Validation Loss: 0.0168
2025-11-16 22:33:18,824 - INFO - Epoch: 37, Training Loss: 0.0127, Validation Loss: 0.0174
2025-11-16 22:33:27,523 - INFO - Epoch: 38, Training Loss: 0.0121, Validation Loss: 0.0135
2025-11-16 22:33:37,101 - INFO - Epoch: 39, Training Loss: 0.0124, Validation Loss: 0.0138
2025-11-16 22:33:49,790 - INFO - Epoch: 40, Training Loss: 0.0120, Validation Loss: 0.0141
2025-11-16 22:33:57,549 - INFO - Epoch: 41, Training Loss: 0.0117, Validation Loss: 0.0131
2025-11-16 22:34:06,343 - INFO - Epoch: 42, Training Loss: 0.0118, Validation Loss: 0.0144
2025-11-16 22:34:16,640 - INFO - Epoch: 43, Training Loss: 0.0119, Validation Loss: 0.0141
2025-11-16 22:34:26,186 - INFO - Epoch: 44, Training Loss: 0.0117, Validation Loss: 0.0138
2025-11-16 22:34:33,060 - INFO - Epoch: 45, Training Loss: 0.0113, Validation Loss: 0.0127
2025-11-16 22:34:39,565 - INFO - Epoch: 46, Training Loss: 0.0115, Validation Loss: 0.0125
2025-11-16 22:34:48,300 - INFO - Epoch: 47, Training Loss: 0.0112, Validation Loss: 0.0133
2025-11-16 22:34:58,134 - INFO - Epoch: 48, Training Loss: 0.0117, Validation Loss: 0.0128
2025-11-16 22:35:08,797 - INFO - Epoch: 49, Training Loss: 0.0112, Validation Loss: 0.0151
2025-11-16 22:35:18,770 - INFO - Epoch: 50, Training Loss: 0.0115, Validation Loss: 0.0136
2025-11-16 22:35:25,293 - INFO - Epoch: 51, Training Loss: 0.0115, Validation Loss: 0.0125
2025-11-16 22:35:32,586 - INFO - Epoch: 52, Training Loss: 0.0110, Validation Loss: 0.0127
2025-11-16 22:35:44,156 - INFO - Epoch: 53, Training Loss: 0.0116, Validation Loss: 0.0121
2025-11-16 22:35:44,158 - INFO -   → New best validation loss: 0.0121
2025-11-16 22:35:49,992 - INFO - Epoch: 54, Training Loss: 0.0114, Validation Loss: 0.0123
2025-11-16 22:35:57,134 - INFO - Epoch: 55, Training Loss: 0.0114, Validation Loss: 0.0128
2025-11-16 22:36:05,693 - INFO - Epoch: 56, Training Loss: 0.0111, Validation Loss: 0.0121
2025-11-16 22:36:05,697 - INFO -   → New best validation loss: 0.0121
2025-11-16 22:36:13,429 - INFO - Epoch: 57, Training Loss: 0.0113, Validation Loss: 0.0135
2025-11-16 22:36:23,034 - INFO - Epoch: 58, Training Loss: 0.0113, Validation Loss: 0.0129
2025-11-16 22:36:33,051 - INFO - Epoch: 59, Training Loss: 0.0107, Validation Loss: 0.0125
2025-11-16 22:36:41,803 - INFO - Epoch: 60, Training Loss: 0.0109, Validation Loss: 0.0118
2025-11-16 22:36:41,804 - INFO -   → New best validation loss: 0.0118
2025-11-16 22:36:48,906 - INFO - Epoch: 61, Training Loss: 0.0112, Validation Loss: 0.0133
2025-11-16 22:36:58,004 - INFO - Epoch: 62, Training Loss: 0.0105, Validation Loss: 0.0131
2025-11-16 22:37:08,413 - INFO - Epoch: 63, Training Loss: 0.0115, Validation Loss: 0.0123
2025-11-16 22:37:19,027 - INFO - Epoch: 64, Training Loss: 0.0111, Validation Loss: 0.0125
2025-11-16 22:37:27,235 - INFO - Epoch: 65, Training Loss: 0.0108, Validation Loss: 0.0122
2025-11-16 22:37:34,232 - INFO - Epoch: 66, Training Loss: 0.0101, Validation Loss: 0.0119
2025-11-16 22:37:41,431 - INFO - Epoch: 67, Training Loss: 0.0107, Validation Loss: 0.0117
2025-11-16 22:37:41,432 - INFO -   → New best validation loss: 0.0117
2025-11-16 22:37:49,087 - INFO - Epoch: 68, Training Loss: 0.0111, Validation Loss: 0.0114
2025-11-16 22:37:49,088 - INFO -   → New best validation loss: 0.0114
2025-11-16 22:37:56,498 - INFO - Epoch: 69, Training Loss: 0.0104, Validation Loss: 0.0116
2025-11-16 22:38:04,726 - INFO - Epoch: 70, Training Loss: 0.0104, Validation Loss: 0.0111
2025-11-16 22:38:04,727 - INFO -   → New best validation loss: 0.0111
2025-11-16 22:38:11,725 - INFO - Epoch: 71, Training Loss: 0.0101, Validation Loss: 0.0128
2025-11-16 22:38:21,970 - INFO - Epoch: 72, Training Loss: 0.0103, Validation Loss: 0.0104
2025-11-16 22:38:21,976 - INFO -   → New best validation loss: 0.0104
2025-11-16 22:38:29,460 - INFO - Epoch: 73, Training Loss: 0.0101, Validation Loss: 0.0117
2025-11-16 22:38:39,163 - INFO - Epoch: 74, Training Loss: 0.0104, Validation Loss: 0.0115
2025-11-16 22:38:49,243 - INFO - Epoch: 75, Training Loss: 0.0096, Validation Loss: 0.0103
2025-11-16 22:38:49,245 - INFO -   → New best validation loss: 0.0103
2025-11-16 22:38:59,335 - INFO - Epoch: 76, Training Loss: 0.0098, Validation Loss: 0.0100
2025-11-16 22:38:59,341 - INFO -   → New best validation loss: 0.0100
2025-11-16 22:39:09,177 - INFO - Epoch: 77, Training Loss: 0.0100, Validation Loss: 0.0106
2025-11-16 22:39:18,275 - INFO - Epoch: 78, Training Loss: 0.0101, Validation Loss: 0.0111
2025-11-16 22:39:25,689 - INFO - Epoch: 79, Training Loss: 0.0097, Validation Loss: 0.0099
2025-11-16 22:39:25,693 - INFO -   → New best validation loss: 0.0099
2025-11-16 22:39:33,742 - INFO - Epoch: 80, Training Loss: 0.0096, Validation Loss: 0.0111
2025-11-16 22:39:43,532 - INFO - Epoch: 81, Training Loss: 0.0096, Validation Loss: 0.0108
2025-11-16 22:39:53,850 - INFO - Epoch: 82, Training Loss: 0.0097, Validation Loss: 0.0099
2025-11-16 22:40:00,677 - INFO - Epoch: 83, Training Loss: 0.0093, Validation Loss: 0.0105
2025-11-16 22:40:06,959 - INFO - Epoch: 84, Training Loss: 0.0089, Validation Loss: 0.0131
2025-11-16 22:40:13,993 - INFO - Epoch: 85, Training Loss: 0.0096, Validation Loss: 0.0104
2025-11-16 22:40:22,243 - INFO - Epoch: 86, Training Loss: 0.0092, Validation Loss: 0.0101
2025-11-16 22:40:32,162 - INFO - Epoch: 87, Training Loss: 0.0095, Validation Loss: 0.0104
2025-11-16 22:40:39,530 - INFO - Epoch: 88, Training Loss: 0.0101, Validation Loss: 0.0100
2025-11-16 22:40:48,997 - INFO - Epoch: 89, Training Loss: 0.0090, Validation Loss: 0.0102
2025-11-16 22:40:59,583 - INFO - Epoch: 90, Training Loss: 0.0090, Validation Loss: 0.0092
2025-11-16 22:40:59,584 - INFO -   → New best validation loss: 0.0092
2025-11-16 22:41:07,729 - INFO - Epoch: 91, Training Loss: 0.0089, Validation Loss: 0.0099
2025-11-16 22:41:14,468 - INFO - Epoch: 92, Training Loss: 0.0090, Validation Loss: 0.0098
2025-11-16 22:41:23,537 - INFO - Epoch: 93, Training Loss: 0.0091, Validation Loss: 0.0109
2025-11-16 22:41:33,509 - INFO - Epoch: 94, Training Loss: 0.0096, Validation Loss: 0.0097
2025-11-16 22:41:43,314 - INFO - Epoch: 95, Training Loss: 0.0087, Validation Loss: 0.0101
2025-11-16 22:41:52,308 - INFO - Epoch: 96, Training Loss: 0.0090, Validation Loss: 0.0083
2025-11-16 22:41:52,309 - INFO -   → New best validation loss: 0.0083
2025-11-16 22:42:00,119 - INFO - Epoch: 97, Training Loss: 0.0093, Validation Loss: 0.0095
2025-11-16 22:42:07,400 - INFO - Epoch: 98, Training Loss: 0.0092, Validation Loss: 0.0091
2025-11-16 22:42:15,410 - INFO - Epoch: 99, Training Loss: 0.0083, Validation Loss: 0.0108
2025-11-16 22:42:26,025 - INFO - Epoch: 100, Training Loss: 0.0085, Validation Loss: 0.0086
2025-11-16 22:42:34,010 - INFO - Epoch: 101, Training Loss: 0.0081, Validation Loss: 0.0095
2025-11-16 22:42:43,207 - INFO - Epoch: 102, Training Loss: 0.0082, Validation Loss: 0.0100
2025-11-16 22:42:51,804 - INFO - Epoch: 103, Training Loss: 0.0088, Validation Loss: 0.0091
2025-11-16 22:43:03,770 - INFO - Epoch: 104, Training Loss: 0.0080, Validation Loss: 0.0091
2025-11-16 22:43:12,142 - INFO - Epoch: 105, Training Loss: 0.0082, Validation Loss: 0.0098
2025-11-16 22:43:20,491 - INFO - Epoch: 106, Training Loss: 0.0078, Validation Loss: 0.0083
2025-11-16 22:43:29,066 - INFO - Epoch: 107, Training Loss: 0.0087, Validation Loss: 0.0077
2025-11-16 22:43:29,072 - INFO -   → New best validation loss: 0.0077
2025-11-16 22:43:38,339 - INFO - Epoch: 108, Training Loss: 0.0076, Validation Loss: 0.0093
2025-11-16 22:43:46,647 - INFO - Epoch: 109, Training Loss: 0.0080, Validation Loss: 0.0073
2025-11-16 22:43:46,648 - INFO -   → New best validation loss: 0.0073
2025-11-16 22:43:56,512 - INFO - Epoch: 110, Training Loss: 0.0079, Validation Loss: 0.0112
2025-11-16 22:44:06,628 - INFO - Epoch: 111, Training Loss: 0.0077, Validation Loss: 0.0079
2025-11-16 22:44:13,994 - INFO - Epoch: 112, Training Loss: 0.0075, Validation Loss: 0.0079
2025-11-16 22:44:21,337 - INFO - Epoch: 113, Training Loss: 0.0077, Validation Loss: 0.0089
2025-11-16 22:44:33,052 - INFO - Epoch: 114, Training Loss: 0.0073, Validation Loss: 0.0076
2025-11-16 22:44:42,752 - INFO - Epoch: 115, Training Loss: 0.0077, Validation Loss: 0.0073
2025-11-16 22:44:42,754 - INFO -   → New best validation loss: 0.0073
2025-11-16 22:44:52,552 - INFO - Epoch: 116, Training Loss: 0.0076, Validation Loss: 0.0090
2025-11-16 22:45:02,633 - INFO - Epoch: 117, Training Loss: 0.0072, Validation Loss: 0.0074
2025-11-16 22:45:14,506 - INFO - Epoch: 118, Training Loss: 0.0069, Validation Loss: 0.0071
2025-11-16 22:45:14,508 - INFO -   → New best validation loss: 0.0071
2025-11-16 22:45:22,710 - INFO - Epoch: 119, Training Loss: 0.0065, Validation Loss: 0.0079
2025-11-16 22:45:34,279 - INFO - Epoch: 120, Training Loss: 0.0070, Validation Loss: 0.0088
2025-11-16 22:45:40,570 - INFO - Epoch: 121, Training Loss: 0.0071, Validation Loss: 0.0089
2025-11-16 22:45:51,698 - INFO - Epoch: 122, Training Loss: 0.0071, Validation Loss: 0.0064
2025-11-16 22:45:51,702 - INFO -   → New best validation loss: 0.0064
2025-11-16 22:46:02,271 - INFO - Epoch: 123, Training Loss: 0.0067, Validation Loss: 0.0069
2025-11-16 22:46:10,435 - INFO - Epoch: 124, Training Loss: 0.0067, Validation Loss: 0.0068
2025-11-16 22:46:19,489 - INFO - Epoch: 125, Training Loss: 0.0068, Validation Loss: 0.0068
2025-11-16 22:46:26,540 - INFO - Epoch: 126, Training Loss: 0.0068, Validation Loss: 0.0113
2025-11-16 22:46:37,375 - INFO - Epoch: 127, Training Loss: 0.0066, Validation Loss: 0.0075
2025-11-16 22:46:49,448 - INFO - Epoch: 128, Training Loss: 0.0068, Validation Loss: 0.0080
2025-11-16 22:47:00,065 - INFO - Epoch: 129, Training Loss: 0.0065, Validation Loss: 0.0084
2025-11-16 22:47:09,902 - INFO - Epoch: 130, Training Loss: 0.0065, Validation Loss: 0.0060
2025-11-16 22:47:09,904 - INFO -   → New best validation loss: 0.0060
2025-11-16 22:47:20,872 - INFO - Epoch: 131, Training Loss: 0.0069, Validation Loss: 0.0071
2025-11-16 22:47:32,818 - INFO - Epoch: 132, Training Loss: 0.0065, Validation Loss: 0.0067
2025-11-16 22:47:43,045 - INFO - Epoch: 133, Training Loss: 0.0072, Validation Loss: 0.0084
2025-11-16 22:47:55,007 - INFO - Epoch: 134, Training Loss: 0.0078, Validation Loss: 0.0099
2025-11-16 22:48:05,572 - INFO - Epoch: 135, Training Loss: 0.0059, Validation Loss: 0.0080
2025-11-16 22:48:15,660 - INFO - Epoch: 136, Training Loss: 0.0067, Validation Loss: 0.0066
2025-11-16 22:48:26,768 - INFO - Epoch: 137, Training Loss: 0.0062, Validation Loss: 0.0068
2025-11-16 22:48:34,261 - INFO - Epoch: 138, Training Loss: 0.0064, Validation Loss: 0.0061
2025-11-16 22:48:45,105 - INFO - Epoch: 139, Training Loss: 0.0065, Validation Loss: 0.0067
2025-11-16 22:48:52,047 - INFO - Epoch: 140, Training Loss: 0.0061, Validation Loss: 0.0052
2025-11-16 22:48:52,050 - INFO -   → New best validation loss: 0.0052
2025-11-16 22:49:03,996 - INFO - Epoch: 141, Training Loss: 0.0064, Validation Loss: 0.0065
2025-11-16 22:49:14,860 - INFO - Epoch: 142, Training Loss: 0.0060, Validation Loss: 0.0065
2025-11-16 22:49:26,060 - INFO - Epoch: 143, Training Loss: 0.0058, Validation Loss: 0.0077
2025-11-16 22:49:35,040 - INFO - Epoch: 144, Training Loss: 0.0058, Validation Loss: 0.0054
2025-11-16 22:49:45,462 - INFO - Epoch: 145, Training Loss: 0.0060, Validation Loss: 0.0076
2025-11-16 22:49:53,034 - INFO - Epoch: 146, Training Loss: 0.0063, Validation Loss: 0.0064
2025-11-16 22:50:02,166 - INFO - Epoch: 147, Training Loss: 0.0068, Validation Loss: 0.0071
2025-11-16 22:50:11,852 - INFO - Epoch: 148, Training Loss: 0.0059, Validation Loss: 0.0077
2025-11-16 22:50:18,604 - INFO - Epoch: 149, Training Loss: 0.0062, Validation Loss: 0.0059
2025-11-16 22:50:27,117 - INFO - Epoch: 150, Training Loss: 0.0057, Validation Loss: 0.0074
2025-11-16 22:50:35,300 - INFO - Epoch: 151, Training Loss: 0.0057, Validation Loss: 0.0062
2025-11-16 22:50:43,987 - INFO - Epoch: 152, Training Loss: 0.0057, Validation Loss: 0.0057
2025-11-16 22:50:53,447 - INFO - Epoch: 153, Training Loss: 0.0053, Validation Loss: 0.0074
2025-11-16 22:51:02,836 - INFO - Epoch: 154, Training Loss: 0.0057, Validation Loss: 0.0060
2025-11-16 22:51:13,612 - INFO - Epoch: 155, Training Loss: 0.0053, Validation Loss: 0.0082
2025-11-16 22:51:24,877 - INFO - Epoch: 156, Training Loss: 0.0056, Validation Loss: 0.0057
2025-11-16 22:51:34,892 - INFO - Epoch: 157, Training Loss: 0.0056, Validation Loss: 0.0085
2025-11-16 22:51:45,463 - INFO - Epoch: 158, Training Loss: 0.0057, Validation Loss: 0.0072
2025-11-16 22:51:51,893 - INFO - Epoch: 159, Training Loss: 0.0058, Validation Loss: 0.0057
2025-11-16 22:52:00,029 - INFO - Epoch: 160, Training Loss: 0.0061, Validation Loss: 0.0057
2025-11-16 22:52:00,029 - INFO - Early stopping triggered at epoch 160
2025-11-16 22:52:00,029 - INFO - Best validation loss: 0.0052
2025-11-16 22:52:00,033 - INFO - Restored best model weights
2025-11-16 22:52:00,033 - INFO - 
============================================================
2025-11-16 22:52:00,033 - INFO - EVALUATION RESULTS
2025-11-16 22:52:00,033 - INFO - ============================================================
2025-11-16 22:52:00,077 - INFO - Validation Prediction Stats:
2025-11-16 22:52:00,077 - INFO -   Std: 0.100679, Range: 0.624967, Unique ratio: 0.7000
2025-11-16 22:52:00,078 - INFO - Validation Set - MSE: 0.005565, MAE: 0.062484, RMSE: 0.074598, Pearson Correlation: 0.828929 (p=0.000000)
2025-11-16 22:52:00,122 - INFO - Test Prediction Stats:
2025-11-16 22:52:00,122 - INFO -   Std: 0.108182, Range: 0.655034, Unique ratio: 0.6884
2025-11-16 22:52:00,122 - INFO - Test Set - MSE: 0.006724, MAE: 0.069021, RMSE: 0.082001, Pearson Correlation: 0.804422 (p=0.000000)
2025-11-16 22:52:00,122 - INFO - ============================================================

2025-11-16 22:52:00,123 - INFO - Trial completed successfully
2025-11-16 22:52:00,123 - INFO - ================================================================================
2025-11-16 22:52:00,123 - INFO - Trial 11 completed. End time: 2025-11-16 22:5200
2025-11-16 22:52:00,123 - INFO - ================================================================================
