2025-11-16 23:55:24,159 - INFO - ================================================================================
2025-11-16 23:55:24,159 - INFO - TRIAL 16 - Task: RGS (FP1/FP2 only, de_LDS_f21-25, no CV)
2025-11-16 23:55:24,159 - INFO - Log file: ./logs_fp_f21_25/trial16_RGS_20251116_191843.log
2025-11-16 23:55:24,160 - INFO - Start time: 2025-11-16 23:55:24
2025-11-16 23:55:24,160 - INFO - ================================================================================
2025-11-16 23:55:24,161 - INFO - START TRAINING - Task: RGS (FP1/FP2 only, de_LDS_f21-25, no CV)
2025-11-16 23:55:24,161 - INFO - Features: de_LDS_f21-25 (41Hz, 43Hz, 45Hz, 47Hz, 49Hz)
2025-11-16 23:55:24,161 - INFO - Learning rate: 0.005, Epochs: 200, Batches: 8
2025-11-16 23:55:24,161 - INFO - Data split: 70% train / 15% validation / 15% test
2025-11-16 23:55:24,161 - INFO - Loading dataset (FP1/FP2 channels, de_LDS_f21-25 only, fixed split)...
2025-11-16 23:55:24,173 - INFO - Dataset shapes - Train: (617, 2, 5, 1), Valid: (131, 2, 5, 1), Test: (137, 2, 5, 1)
2025-11-16 23:55:24,174 - INFO - Applied feature normalization (StandardScaler)
2025-11-16 23:55:24,174 - INFO - Initializing VIGNet-FP model (2 channels, 5 frequency features)...
2025-11-16 23:55:24,179 - INFO - Number of batch iterations per epoch: 77
2025-11-16 23:55:32,346 - INFO - Epoch: 1, Training Loss: 0.1329, Validation Loss: 0.0758
2025-11-16 23:55:32,351 - INFO -   → New best validation loss: 0.0758
2025-11-16 23:55:41,276 - INFO - Epoch: 2, Training Loss: 0.0751, Validation Loss: 0.0744
2025-11-16 23:55:41,277 - INFO -   → New best validation loss: 0.0744
2025-11-16 23:55:47,983 - INFO - Epoch: 3, Training Loss: 0.0717, Validation Loss: 0.0857
2025-11-16 23:55:58,030 - INFO - Epoch: 4, Training Loss: 0.0718, Validation Loss: 0.0747
2025-11-16 23:56:07,161 - INFO - Epoch: 5, Training Loss: 0.0705, Validation Loss: 0.0837
2025-11-16 23:56:17,115 - INFO - Epoch: 6, Training Loss: 0.0658, Validation Loss: 0.0720
2025-11-16 23:56:17,120 - INFO -   → New best validation loss: 0.0720
2025-11-16 23:56:27,821 - INFO - Epoch: 7, Training Loss: 0.0670, Validation Loss: 0.0703
2025-11-16 23:56:27,822 - INFO -   → New best validation loss: 0.0703
2025-11-16 23:56:36,786 - INFO - Epoch: 8, Training Loss: 0.0669, Validation Loss: 0.0762
2025-11-16 23:56:47,953 - INFO - Epoch: 9, Training Loss: 0.0685, Validation Loss: 0.0690
2025-11-16 23:56:47,954 - INFO -   → New best validation loss: 0.0690
2025-11-16 23:56:58,024 - INFO - Epoch: 10, Training Loss: 0.0672, Validation Loss: 0.0686
2025-11-16 23:56:58,025 - INFO -   → New best validation loss: 0.0686
2025-11-16 23:57:10,201 - INFO - Epoch: 11, Training Loss: 0.0654, Validation Loss: 0.0694
2025-11-16 23:57:21,412 - INFO - Epoch: 12, Training Loss: 0.0682, Validation Loss: 0.0793
2025-11-16 23:57:28,332 - INFO - Epoch: 13, Training Loss: 0.0649, Validation Loss: 0.0719
2025-11-16 23:57:35,773 - INFO - Epoch: 14, Training Loss: 0.0645, Validation Loss: 0.0737
2025-11-16 23:57:45,113 - INFO - Epoch: 15, Training Loss: 0.0643, Validation Loss: 0.0687
2025-11-16 23:57:52,240 - INFO - Epoch: 16, Training Loss: 0.0662, Validation Loss: 0.0735
2025-11-16 23:58:03,359 - INFO - Epoch: 17, Training Loss: 0.0626, Validation Loss: 0.0739
2025-11-16 23:58:13,289 - INFO - Epoch: 18, Training Loss: 0.0647, Validation Loss: 0.0731
2025-11-16 23:58:22,843 - INFO - Epoch: 19, Training Loss: 0.0656, Validation Loss: 0.0662
2025-11-16 23:58:22,844 - INFO -   → New best validation loss: 0.0662
2025-11-16 23:58:28,797 - INFO - Epoch: 20, Training Loss: 0.0628, Validation Loss: 0.0667
2025-11-16 23:58:35,588 - INFO - Epoch: 21, Training Loss: 0.0648, Validation Loss: 0.0685
2025-11-16 23:58:44,722 - INFO - Epoch: 22, Training Loss: 0.0631, Validation Loss: 0.0759
2025-11-16 23:58:50,615 - INFO - Epoch: 23, Training Loss: 0.0604, Validation Loss: 0.0658
2025-11-16 23:58:50,617 - INFO -   → New best validation loss: 0.0658
2025-11-16 23:58:59,653 - INFO - Epoch: 24, Training Loss: 0.0618, Validation Loss: 0.0647
2025-11-16 23:58:59,654 - INFO -   → New best validation loss: 0.0647
2025-11-16 23:59:07,976 - INFO - Epoch: 25, Training Loss: 0.0620, Validation Loss: 0.0697
2025-11-16 23:59:15,921 - INFO - Epoch: 26, Training Loss: 0.0595, Validation Loss: 0.0680
2025-11-16 23:59:25,820 - INFO - Epoch: 27, Training Loss: 0.0608, Validation Loss: 0.0645
2025-11-16 23:59:25,823 - INFO -   → New best validation loss: 0.0645
2025-11-16 23:59:33,817 - INFO - Epoch: 28, Training Loss: 0.0600, Validation Loss: 0.0770
2025-11-16 23:59:43,338 - INFO - Epoch: 29, Training Loss: 0.0646, Validation Loss: 0.0655
2025-11-16 23:59:51,636 - INFO - Epoch: 30, Training Loss: 0.0581, Validation Loss: 0.0635
2025-11-16 23:59:51,638 - INFO -   → New best validation loss: 0.0635
2025-11-17 00:00:02,858 - INFO - Epoch: 31, Training Loss: 0.0611, Validation Loss: 0.0651
2025-11-17 00:00:11,886 - INFO - Epoch: 32, Training Loss: 0.0575, Validation Loss: 0.0620
2025-11-17 00:00:11,887 - INFO -   → New best validation loss: 0.0620
2025-11-17 00:00:20,811 - INFO - Epoch: 33, Training Loss: 0.0560, Validation Loss: 0.0647
2025-11-17 00:00:29,057 - INFO - Epoch: 34, Training Loss: 0.0568, Validation Loss: 0.0628
2025-11-17 00:00:36,108 - INFO - Epoch: 35, Training Loss: 0.0553, Validation Loss: 0.0639
2025-11-17 00:00:42,984 - INFO - Epoch: 36, Training Loss: 0.0541, Validation Loss: 0.0606
2025-11-17 00:00:42,988 - INFO -   → New best validation loss: 0.0606
2025-11-17 00:00:50,675 - INFO - Epoch: 37, Training Loss: 0.0522, Validation Loss: 0.0584
2025-11-17 00:00:50,676 - INFO -   → New best validation loss: 0.0584
2025-11-17 00:00:57,822 - INFO - Epoch: 38, Training Loss: 0.0544, Validation Loss: 0.0578
2025-11-17 00:00:57,823 - INFO -   → New best validation loss: 0.0578
2025-11-17 00:01:07,589 - INFO - Epoch: 39, Training Loss: 0.0516, Validation Loss: 0.0640
2025-11-17 00:01:18,520 - INFO - Epoch: 40, Training Loss: 0.0508, Validation Loss: 0.0563
2025-11-17 00:01:18,526 - INFO -   → New best validation loss: 0.0563
2025-11-17 00:01:26,812 - INFO - Epoch: 41, Training Loss: 0.0499, Validation Loss: 0.0515
2025-11-17 00:01:26,813 - INFO -   → New best validation loss: 0.0515
2025-11-17 00:01:36,874 - INFO - Epoch: 42, Training Loss: 0.0517, Validation Loss: 0.0617
2025-11-17 00:01:47,237 - INFO - Epoch: 43, Training Loss: 0.0519, Validation Loss: 0.0545
2025-11-17 00:01:56,914 - INFO - Epoch: 44, Training Loss: 0.0487, Validation Loss: 0.0508
2025-11-17 00:01:56,915 - INFO -   → New best validation loss: 0.0508
2025-11-17 00:02:03,694 - INFO - Epoch: 45, Training Loss: 0.0500, Validation Loss: 0.0532
2025-11-17 00:02:11,898 - INFO - Epoch: 46, Training Loss: 0.0477, Validation Loss: 0.0504
2025-11-17 00:02:11,899 - INFO -   → New best validation loss: 0.0504
2025-11-17 00:02:23,394 - INFO - Epoch: 47, Training Loss: 0.0454, Validation Loss: 0.0587
2025-11-17 00:02:31,032 - INFO - Epoch: 48, Training Loss: 0.0468, Validation Loss: 0.0480
2025-11-17 00:02:31,033 - INFO -   → New best validation loss: 0.0480
2025-11-17 00:02:40,916 - INFO - Epoch: 49, Training Loss: 0.0451, Validation Loss: 0.0520
2025-11-17 00:02:49,226 - INFO - Epoch: 50, Training Loss: 0.0465, Validation Loss: 0.0581
2025-11-17 00:02:55,801 - INFO - Epoch: 51, Training Loss: 0.0457, Validation Loss: 0.0451
2025-11-17 00:02:55,802 - INFO -   → New best validation loss: 0.0451
2025-11-17 00:03:04,207 - INFO - Epoch: 52, Training Loss: 0.0419, Validation Loss: 0.0448
2025-11-17 00:03:04,208 - INFO -   → New best validation loss: 0.0448
2025-11-17 00:03:15,170 - INFO - Epoch: 53, Training Loss: 0.0421, Validation Loss: 0.0512
2025-11-17 00:03:27,758 - INFO - Epoch: 54, Training Loss: 0.0455, Validation Loss: 0.0514
2025-11-17 00:03:33,898 - INFO - Epoch: 55, Training Loss: 0.0425, Validation Loss: 0.0455
2025-11-17 00:03:43,211 - INFO - Epoch: 56, Training Loss: 0.0441, Validation Loss: 0.0466
2025-11-17 00:03:53,528 - INFO - Epoch: 57, Training Loss: 0.0406, Validation Loss: 0.0455
2025-11-17 00:04:04,348 - INFO - Epoch: 58, Training Loss: 0.0416, Validation Loss: 0.0371
2025-11-17 00:04:04,353 - INFO -   → New best validation loss: 0.0371
2025-11-17 00:04:12,279 - INFO - Epoch: 59, Training Loss: 0.0395, Validation Loss: 0.0489
2025-11-17 00:04:20,474 - INFO - Epoch: 60, Training Loss: 0.0404, Validation Loss: 0.0363
2025-11-17 00:04:20,475 - INFO -   → New best validation loss: 0.0363
2025-11-17 00:04:29,302 - INFO - Epoch: 61, Training Loss: 0.0399, Validation Loss: 0.0670
2025-11-17 00:04:39,126 - INFO - Epoch: 62, Training Loss: 0.0432, Validation Loss: 0.0424
2025-11-17 00:04:50,443 - INFO - Epoch: 63, Training Loss: 0.0392, Validation Loss: 0.0423
2025-11-17 00:04:58,016 - INFO - Epoch: 64, Training Loss: 0.0435, Validation Loss: 0.0468
2025-11-17 00:05:06,471 - INFO - Epoch: 65, Training Loss: 0.0373, Validation Loss: 0.0340
2025-11-17 00:05:06,473 - INFO -   → New best validation loss: 0.0340
2025-11-17 00:05:13,777 - INFO - Epoch: 66, Training Loss: 0.0379, Validation Loss: 0.0354
2025-11-17 00:05:21,327 - INFO - Epoch: 67, Training Loss: 0.0403, Validation Loss: 0.0497
2025-11-17 00:05:32,522 - INFO - Epoch: 68, Training Loss: 0.0378, Validation Loss: 0.0398
2025-11-17 00:05:41,583 - INFO - Epoch: 69, Training Loss: 0.0394, Validation Loss: 0.0498
2025-11-17 00:05:49,545 - INFO - Epoch: 70, Training Loss: 0.0379, Validation Loss: 0.0445
2025-11-17 00:05:59,798 - INFO - Epoch: 71, Training Loss: 0.0354, Validation Loss: 0.0424
2025-11-17 00:06:08,825 - INFO - Epoch: 72, Training Loss: 0.0355, Validation Loss: 0.0391
2025-11-17 00:06:19,526 - INFO - Epoch: 73, Training Loss: 0.0372, Validation Loss: 0.0330
2025-11-17 00:06:19,527 - INFO -   → New best validation loss: 0.0330
2025-11-17 00:06:29,500 - INFO - Epoch: 74, Training Loss: 0.0396, Validation Loss: 0.0392
2025-11-17 00:06:38,299 - INFO - Epoch: 75, Training Loss: 0.0362, Validation Loss: 0.0353
2025-11-17 00:06:47,860 - INFO - Epoch: 76, Training Loss: 0.0349, Validation Loss: 0.0418
2025-11-17 00:06:55,106 - INFO - Epoch: 77, Training Loss: 0.0351, Validation Loss: 0.0408
2025-11-17 00:07:02,232 - INFO - Epoch: 78, Training Loss: 0.0354, Validation Loss: 0.0414
2025-11-17 00:07:09,051 - INFO - Epoch: 79, Training Loss: 0.0350, Validation Loss: 0.0386
2025-11-17 00:07:18,110 - INFO - Epoch: 80, Training Loss: 0.0378, Validation Loss: 0.0342
2025-11-17 00:07:26,333 - INFO - Epoch: 81, Training Loss: 0.0338, Validation Loss: 0.0383
2025-11-17 00:07:34,635 - INFO - Epoch: 82, Training Loss: 0.0354, Validation Loss: 0.0330
2025-11-17 00:07:43,417 - INFO - Epoch: 83, Training Loss: 0.0372, Validation Loss: 0.0340
2025-11-17 00:07:50,746 - INFO - Epoch: 84, Training Loss: 0.0351, Validation Loss: 0.0389
2025-11-17 00:07:58,495 - INFO - Epoch: 85, Training Loss: 0.0354, Validation Loss: 0.0314
2025-11-17 00:07:58,496 - INFO -   → New best validation loss: 0.0314
2025-11-17 00:08:08,614 - INFO - Epoch: 86, Training Loss: 0.0343, Validation Loss: 0.0337
2025-11-17 00:08:19,377 - INFO - Epoch: 87, Training Loss: 0.0349, Validation Loss: 0.0304
2025-11-17 00:08:19,378 - INFO -   → New best validation loss: 0.0304
2025-11-17 00:08:28,788 - INFO - Epoch: 88, Training Loss: 0.0333, Validation Loss: 0.0363
2025-11-17 00:08:36,369 - INFO - Epoch: 89, Training Loss: 0.0331, Validation Loss: 0.0291
2025-11-17 00:08:36,371 - INFO -   → New best validation loss: 0.0291
2025-11-17 00:08:42,532 - INFO - Epoch: 90, Training Loss: 0.0335, Validation Loss: 0.0329
2025-11-17 00:08:50,399 - INFO - Epoch: 91, Training Loss: 0.0324, Validation Loss: 0.0334
2025-11-17 00:09:00,429 - INFO - Epoch: 92, Training Loss: 0.0355, Validation Loss: 0.0308
2025-11-17 00:09:07,452 - INFO - Epoch: 93, Training Loss: 0.0315, Validation Loss: 0.0333
2025-11-17 00:09:14,882 - INFO - Epoch: 94, Training Loss: 0.0342, Validation Loss: 0.0302
2025-11-17 00:09:24,242 - INFO - Epoch: 95, Training Loss: 0.0326, Validation Loss: 0.0306
2025-11-17 00:09:34,379 - INFO - Epoch: 96, Training Loss: 0.0310, Validation Loss: 0.0393
2025-11-17 00:09:44,354 - INFO - Epoch: 97, Training Loss: 0.0313, Validation Loss: 0.0311
2025-11-17 00:09:53,594 - INFO - Epoch: 98, Training Loss: 0.0322, Validation Loss: 0.0306
2025-11-17 00:09:59,815 - INFO - Epoch: 99, Training Loss: 0.0312, Validation Loss: 0.0313
2025-11-17 00:10:06,986 - INFO - Epoch: 100, Training Loss: 0.0331, Validation Loss: 0.0309
2025-11-17 00:10:15,667 - INFO - Epoch: 101, Training Loss: 0.0332, Validation Loss: 0.0300
2025-11-17 00:10:24,001 - INFO - Epoch: 102, Training Loss: 0.0316, Validation Loss: 0.0269
2025-11-17 00:10:24,002 - INFO -   → New best validation loss: 0.0269
2025-11-17 00:10:32,587 - INFO - Epoch: 103, Training Loss: 0.0298, Validation Loss: 0.0272
2025-11-17 00:10:41,229 - INFO - Epoch: 104, Training Loss: 0.0309, Validation Loss: 0.0342
2025-11-17 00:10:49,468 - INFO - Epoch: 105, Training Loss: 0.0316, Validation Loss: 0.0322
2025-11-17 00:10:59,417 - INFO - Epoch: 106, Training Loss: 0.0310, Validation Loss: 0.0343
2025-11-17 00:11:08,118 - INFO - Epoch: 107, Training Loss: 0.0309, Validation Loss: 0.0246
2025-11-17 00:11:08,120 - INFO -   → New best validation loss: 0.0246
2025-11-17 00:11:16,830 - INFO - Epoch: 108, Training Loss: 0.0311, Validation Loss: 0.0271
2025-11-17 00:11:26,252 - INFO - Epoch: 109, Training Loss: 0.0290, Validation Loss: 0.0271
2025-11-17 00:11:36,790 - INFO - Epoch: 110, Training Loss: 0.0320, Validation Loss: 0.0274
2025-11-17 00:11:45,278 - INFO - Epoch: 111, Training Loss: 0.0299, Validation Loss: 0.0262
2025-11-17 00:11:54,884 - INFO - Epoch: 112, Training Loss: 0.0308, Validation Loss: 0.0292
2025-11-17 00:12:02,982 - INFO - Epoch: 113, Training Loss: 0.0317, Validation Loss: 0.0359
2025-11-17 00:12:10,605 - INFO - Epoch: 114, Training Loss: 0.0319, Validation Loss: 0.0269
2025-11-17 00:12:21,418 - INFO - Epoch: 115, Training Loss: 0.0318, Validation Loss: 0.0290
2025-11-17 00:12:30,519 - INFO - Epoch: 116, Training Loss: 0.0283, Validation Loss: 0.0246
2025-11-17 00:12:30,520 - INFO -   → New best validation loss: 0.0246
2025-11-17 00:12:39,426 - INFO - Epoch: 117, Training Loss: 0.0304, Validation Loss: 0.0287
2025-11-17 00:12:46,259 - INFO - Epoch: 118, Training Loss: 0.0307, Validation Loss: 0.0318
2025-11-17 00:12:54,438 - INFO - Epoch: 119, Training Loss: 0.0301, Validation Loss: 0.0279
2025-11-17 00:13:05,275 - INFO - Epoch: 120, Training Loss: 0.0295, Validation Loss: 0.0329
2025-11-17 00:13:13,588 - INFO - Epoch: 121, Training Loss: 0.0290, Validation Loss: 0.0323
2025-11-17 00:13:20,995 - INFO - Epoch: 122, Training Loss: 0.0295, Validation Loss: 0.0278
2025-11-17 00:13:30,418 - INFO - Epoch: 123, Training Loss: 0.0328, Validation Loss: 0.0364
2025-11-17 00:13:38,959 - INFO - Epoch: 124, Training Loss: 0.0302, Validation Loss: 0.0271
2025-11-17 00:13:46,468 - INFO - Epoch: 125, Training Loss: 0.0300, Validation Loss: 0.0294
2025-11-17 00:13:55,722 - INFO - Epoch: 126, Training Loss: 0.0313, Validation Loss: 0.0289
2025-11-17 00:14:04,607 - INFO - Epoch: 127, Training Loss: 0.0287, Validation Loss: 0.0279
2025-11-17 00:14:12,047 - INFO - Epoch: 128, Training Loss: 0.0317, Validation Loss: 0.0235
2025-11-17 00:14:12,053 - INFO -   → New best validation loss: 0.0235
2025-11-17 00:14:22,364 - INFO - Epoch: 129, Training Loss: 0.0301, Validation Loss: 0.0577
2025-11-17 00:14:32,793 - INFO - Epoch: 130, Training Loss: 0.0288, Validation Loss: 0.0315
2025-11-17 00:14:38,976 - INFO - Epoch: 131, Training Loss: 0.0279, Validation Loss: 0.0244
2025-11-17 00:14:48,267 - INFO - Epoch: 132, Training Loss: 0.0299, Validation Loss: 0.0274
2025-11-17 00:14:58,823 - INFO - Epoch: 133, Training Loss: 0.0294, Validation Loss: 0.0242
2025-11-17 00:15:09,373 - INFO - Epoch: 134, Training Loss: 0.0293, Validation Loss: 0.0293
2025-11-17 00:15:19,598 - INFO - Epoch: 135, Training Loss: 0.0279, Validation Loss: 0.0292
2025-11-17 00:15:30,979 - INFO - Epoch: 136, Training Loss: 0.0314, Validation Loss: 0.0262
2025-11-17 00:15:39,648 - INFO - Epoch: 137, Training Loss: 0.0282, Validation Loss: 0.0411
2025-11-17 00:15:48,134 - INFO - Epoch: 138, Training Loss: 0.0323, Validation Loss: 0.0288
2025-11-17 00:15:57,643 - INFO - Epoch: 139, Training Loss: 0.0296, Validation Loss: 0.0263
2025-11-17 00:16:06,013 - INFO - Epoch: 140, Training Loss: 0.0264, Validation Loss: 0.0225
2025-11-17 00:16:06,014 - INFO -   → New best validation loss: 0.0225
2025-11-17 00:16:13,366 - INFO - Epoch: 141, Training Loss: 0.0282, Validation Loss: 0.0290
2025-11-17 00:16:22,551 - INFO - Epoch: 142, Training Loss: 0.0293, Validation Loss: 0.0332
2025-11-17 00:16:30,394 - INFO - Epoch: 143, Training Loss: 0.0304, Validation Loss: 0.0290
2025-11-17 00:16:40,194 - INFO - Epoch: 144, Training Loss: 0.0293, Validation Loss: 0.0271
2025-11-17 00:16:49,093 - INFO - Epoch: 145, Training Loss: 0.0297, Validation Loss: 0.0268
2025-11-17 00:16:56,398 - INFO - Epoch: 146, Training Loss: 0.0270, Validation Loss: 0.0216
2025-11-17 00:16:56,399 - INFO -   → New best validation loss: 0.0216
2025-11-17 00:17:04,537 - INFO - Epoch: 147, Training Loss: 0.0273, Validation Loss: 0.0257
2025-11-17 00:17:12,983 - INFO - Epoch: 148, Training Loss: 0.0284, Validation Loss: 0.0299
2025-11-17 00:17:20,926 - INFO - Epoch: 149, Training Loss: 0.0270, Validation Loss: 0.0306
2025-11-17 00:17:29,860 - INFO - Epoch: 150, Training Loss: 0.0286, Validation Loss: 0.0230
2025-11-17 00:17:38,902 - INFO - Epoch: 151, Training Loss: 0.0273, Validation Loss: 0.0343
2025-11-17 00:17:47,897 - INFO - Epoch: 152, Training Loss: 0.0290, Validation Loss: 0.0299
2025-11-17 00:17:56,903 - INFO - Epoch: 153, Training Loss: 0.0286, Validation Loss: 0.0290
2025-11-17 00:18:06,721 - INFO - Epoch: 154, Training Loss: 0.0293, Validation Loss: 0.0231
2025-11-17 00:18:15,071 - INFO - Epoch: 155, Training Loss: 0.0278, Validation Loss: 0.0253
2025-11-17 00:18:23,648 - INFO - Epoch: 156, Training Loss: 0.0271, Validation Loss: 0.0248
2025-11-17 00:18:30,818 - INFO - Epoch: 157, Training Loss: 0.0271, Validation Loss: 0.0285
2025-11-17 00:18:40,536 - INFO - Epoch: 158, Training Loss: 0.0269, Validation Loss: 0.0271
2025-11-17 00:18:48,496 - INFO - Epoch: 159, Training Loss: 0.0267, Validation Loss: 0.0206
2025-11-17 00:18:48,497 - INFO -   → New best validation loss: 0.0206
2025-11-17 00:18:58,585 - INFO - Epoch: 160, Training Loss: 0.0277, Validation Loss: 0.0255
2025-11-17 00:19:04,775 - INFO - Epoch: 161, Training Loss: 0.0257, Validation Loss: 0.0245
2025-11-17 00:19:14,892 - INFO - Epoch: 162, Training Loss: 0.0262, Validation Loss: 0.0232
2025-11-17 00:19:24,747 - INFO - Epoch: 163, Training Loss: 0.0248, Validation Loss: 0.0209
2025-11-17 00:19:31,134 - INFO - Epoch: 164, Training Loss: 0.0293, Validation Loss: 0.0194
2025-11-17 00:19:31,136 - INFO -   → New best validation loss: 0.0194
2025-11-17 00:19:36,986 - INFO - Epoch: 165, Training Loss: 0.0265, Validation Loss: 0.0212
2025-11-17 00:19:43,166 - INFO - Epoch: 166, Training Loss: 0.0281, Validation Loss: 0.0229
2025-11-17 00:19:53,143 - INFO - Epoch: 167, Training Loss: 0.0267, Validation Loss: 0.0300
2025-11-17 00:20:01,036 - INFO - Epoch: 168, Training Loss: 0.0260, Validation Loss: 0.0218
2025-11-17 00:20:09,857 - INFO - Epoch: 169, Training Loss: 0.0284, Validation Loss: 0.0234
2025-11-17 00:20:17,901 - INFO - Epoch: 170, Training Loss: 0.0282, Validation Loss: 0.0229
2025-11-17 00:20:26,025 - INFO - Epoch: 171, Training Loss: 0.0251, Validation Loss: 0.0216
2025-11-17 00:20:33,870 - INFO - Epoch: 172, Training Loss: 0.0273, Validation Loss: 0.0214
2025-11-17 00:20:43,720 - INFO - Epoch: 173, Training Loss: 0.0265, Validation Loss: 0.0220
2025-11-17 00:20:50,989 - INFO - Epoch: 174, Training Loss: 0.0265, Validation Loss: 0.0242
2025-11-17 00:21:01,303 - INFO - Epoch: 175, Training Loss: 0.0270, Validation Loss: 0.0207
2025-11-17 00:21:11,589 - INFO - Epoch: 176, Training Loss: 0.0257, Validation Loss: 0.0190
2025-11-17 00:21:11,590 - INFO -   → New best validation loss: 0.0190
2025-11-17 00:21:21,489 - INFO - Epoch: 177, Training Loss: 0.0256, Validation Loss: 0.0210
2025-11-17 00:21:30,065 - INFO - Epoch: 178, Training Loss: 0.0266, Validation Loss: 0.0179
2025-11-17 00:21:30,069 - INFO -   → New best validation loss: 0.0179
2025-11-17 00:21:41,608 - INFO - Epoch: 179, Training Loss: 0.0276, Validation Loss: 0.0197
2025-11-17 00:21:50,349 - INFO - Epoch: 180, Training Loss: 0.0242, Validation Loss: 0.0232
2025-11-17 00:21:58,375 - INFO - Epoch: 181, Training Loss: 0.0258, Validation Loss: 0.0175
2025-11-17 00:21:58,376 - INFO -   → New best validation loss: 0.0175
2025-11-17 00:22:08,396 - INFO - Epoch: 182, Training Loss: 0.0263, Validation Loss: 0.0200
2025-11-17 00:22:17,829 - INFO - Epoch: 183, Training Loss: 0.0280, Validation Loss: 0.0212
2025-11-17 00:22:28,503 - INFO - Epoch: 184, Training Loss: 0.0266, Validation Loss: 0.0315
2025-11-17 00:22:37,105 - INFO - Epoch: 185, Training Loss: 0.0271, Validation Loss: 0.0198
2025-11-17 00:22:47,093 - INFO - Epoch: 186, Training Loss: 0.0239, Validation Loss: 0.0218
2025-11-17 00:22:59,462 - INFO - Epoch: 187, Training Loss: 0.0260, Validation Loss: 0.0218
2025-11-17 00:23:08,032 - INFO - Epoch: 188, Training Loss: 0.0267, Validation Loss: 0.0227
2025-11-17 00:23:15,416 - INFO - Epoch: 189, Training Loss: 0.0270, Validation Loss: 0.0208
2025-11-17 00:23:24,940 - INFO - Epoch: 190, Training Loss: 0.0235, Validation Loss: 0.0214
2025-11-17 00:23:32,603 - INFO - Epoch: 191, Training Loss: 0.0265, Validation Loss: 0.0178
2025-11-17 00:23:41,275 - INFO - Epoch: 192, Training Loss: 0.0253, Validation Loss: 0.0226
2025-11-17 00:23:49,679 - INFO - Epoch: 193, Training Loss: 0.0264, Validation Loss: 0.0191
2025-11-17 00:23:57,993 - INFO - Epoch: 194, Training Loss: 0.0241, Validation Loss: 0.0184
2025-11-17 00:24:06,318 - INFO - Epoch: 195, Training Loss: 0.0251, Validation Loss: 0.0202
2025-11-17 00:24:15,876 - INFO - Epoch: 196, Training Loss: 0.0247, Validation Loss: 0.0159
2025-11-17 00:24:15,878 - INFO -   → New best validation loss: 0.0159
2025-11-17 00:24:23,910 - INFO - Epoch: 197, Training Loss: 0.0229, Validation Loss: 0.0214
2025-11-17 00:24:34,672 - INFO - Epoch: 198, Training Loss: 0.0232, Validation Loss: 0.0204
2025-11-17 00:24:40,359 - INFO - Epoch: 199, Training Loss: 0.0220, Validation Loss: 0.0184
2025-11-17 00:24:48,879 - INFO - Epoch: 200, Training Loss: 0.0246, Validation Loss: 0.0215
2025-11-17 00:24:48,883 - INFO - Restored best model weights
2025-11-17 00:24:48,883 - INFO - 
============================================================
2025-11-17 00:24:48,883 - INFO - EVALUATION RESULTS
2025-11-17 00:24:48,883 - INFO - ============================================================
2025-11-17 00:24:48,928 - INFO - Validation Prediction Stats:
2025-11-17 00:24:48,929 - INFO -   Std: 0.321593, Range: 1.209675, Unique ratio: 0.8550
2025-11-17 00:24:48,929 - INFO - Validation Set - MSE: 0.019319, MAE: 0.100453, RMSE: 0.138993, Pearson Correlation: 0.916130 (p=0.000000)
2025-11-17 00:24:48,974 - INFO - Test Prediction Stats:
2025-11-17 00:24:48,974 - INFO -   Std: 0.289026, Range: 1.041807, Unique ratio: 0.8321
2025-11-17 00:24:48,974 - INFO - Test Set - MSE: 0.020036, MAE: 0.104901, RMSE: 0.141548, Pearson Correlation: 0.906620 (p=0.000000)
2025-11-17 00:24:48,974 - INFO - ============================================================

2025-11-17 00:24:48,975 - INFO - Trial completed successfully
2025-11-17 00:24:48,975 - INFO - ================================================================================
2025-11-17 00:24:48,975 - INFO - Trial 16 completed. End time: 2025-11-17 00:2448
2025-11-17 00:24:48,975 - INFO - ================================================================================
