2025-11-16 20:39:45,454 - INFO - ================================================================================
2025-11-16 20:39:45,454 - INFO - TRIAL 6 - Task: RGS (FP1/FP2 only, de_LDS_f21-25, no CV)
2025-11-16 20:39:45,454 - INFO - Log file: ./logs_fp_f21_25/trial6_RGS_20251116_191843.log
2025-11-16 20:39:45,454 - INFO - Start time: 2025-11-16 20:39:45
2025-11-16 20:39:45,454 - INFO - ================================================================================
2025-11-16 20:39:45,462 - INFO - START TRAINING - Task: RGS (FP1/FP2 only, de_LDS_f21-25, no CV)
2025-11-16 20:39:45,462 - INFO - Features: de_LDS_f21-25 (41Hz, 43Hz, 45Hz, 47Hz, 49Hz)
2025-11-16 20:39:45,462 - INFO - Learning rate: 0.005, Epochs: 200, Batches: 8
2025-11-16 20:39:45,462 - INFO - Data split: 70% train / 15% validation / 15% test
2025-11-16 20:39:45,462 - INFO - Loading dataset (FP1/FP2 channels, de_LDS_f21-25 only, fixed split)...
2025-11-16 20:39:45,504 - INFO - Dataset shapes - Train: (617, 2, 5, 1), Valid: (129, 2, 5, 1), Test: (139, 2, 5, 1)
2025-11-16 20:39:45,505 - INFO - Applied feature normalization (StandardScaler)
2025-11-16 20:39:45,506 - INFO - Initializing VIGNet-FP model (2 channels, 5 frequency features)...
2025-11-16 20:39:45,514 - INFO - Number of batch iterations per epoch: 77
2025-11-16 20:39:55,223 - INFO - Epoch: 1, Training Loss: 0.0235, Validation Loss: 0.0158
2025-11-16 20:39:55,227 - INFO -   → New best validation loss: 0.0158
2025-11-16 20:40:04,712 - INFO - Epoch: 2, Training Loss: 0.0158, Validation Loss: 0.0167
2025-11-16 20:40:12,573 - INFO - Epoch: 3, Training Loss: 0.0165, Validation Loss: 0.0153
2025-11-16 20:40:12,579 - INFO -   → New best validation loss: 0.0153
2025-11-16 20:40:24,196 - INFO - Epoch: 4, Training Loss: 0.0160, Validation Loss: 0.0172
2025-11-16 20:40:33,590 - INFO - Epoch: 5, Training Loss: 0.0159, Validation Loss: 0.0150
2025-11-16 20:40:33,593 - INFO -   → New best validation loss: 0.0150
2025-11-16 20:40:43,855 - INFO - Epoch: 6, Training Loss: 0.0165, Validation Loss: 0.0149
2025-11-16 20:40:43,859 - INFO -   → New best validation loss: 0.0149
2025-11-16 20:40:52,837 - INFO - Epoch: 7, Training Loss: 0.0154, Validation Loss: 0.0152
2025-11-16 20:41:03,617 - INFO - Epoch: 8, Training Loss: 0.0159, Validation Loss: 0.0143
2025-11-16 20:41:03,618 - INFO -   → New best validation loss: 0.0143
2025-11-16 20:41:14,779 - INFO - Epoch: 9, Training Loss: 0.0146, Validation Loss: 0.0153
2025-11-16 20:41:22,826 - INFO - Epoch: 10, Training Loss: 0.0143, Validation Loss: 0.0138
2025-11-16 20:41:22,828 - INFO -   → New best validation loss: 0.0138
2025-11-16 20:41:33,344 - INFO - Epoch: 11, Training Loss: 0.0136, Validation Loss: 0.0127
2025-11-16 20:41:33,344 - INFO -   → New best validation loss: 0.0127
2025-11-16 20:41:39,873 - INFO - Epoch: 12, Training Loss: 0.0138, Validation Loss: 0.0128
2025-11-16 20:41:51,134 - INFO - Epoch: 13, Training Loss: 0.0135, Validation Loss: 0.0135
2025-11-16 20:42:00,490 - INFO - Epoch: 14, Training Loss: 0.0129, Validation Loss: 0.0114
2025-11-16 20:42:00,494 - INFO -   → New best validation loss: 0.0114
2025-11-16 20:42:11,324 - INFO - Epoch: 15, Training Loss: 0.0126, Validation Loss: 0.0159
2025-11-16 20:42:20,481 - INFO - Epoch: 16, Training Loss: 0.0122, Validation Loss: 0.0117
2025-11-16 20:42:27,962 - INFO - Epoch: 17, Training Loss: 0.0118, Validation Loss: 0.0114
2025-11-16 20:42:27,967 - INFO -   → New best validation loss: 0.0114
2025-11-16 20:42:35,807 - INFO - Epoch: 18, Training Loss: 0.0115, Validation Loss: 0.0107
2025-11-16 20:42:35,815 - INFO -   → New best validation loss: 0.0107
2025-11-16 20:42:44,713 - INFO - Epoch: 19, Training Loss: 0.0107, Validation Loss: 0.0111
2025-11-16 20:42:52,993 - INFO - Epoch: 20, Training Loss: 0.0112, Validation Loss: 0.0097
2025-11-16 20:42:52,994 - INFO -   → New best validation loss: 0.0097
2025-11-16 20:43:01,848 - INFO - Epoch: 21, Training Loss: 0.0117, Validation Loss: 0.0113
2025-11-16 20:43:09,186 - INFO - Epoch: 22, Training Loss: 0.0105, Validation Loss: 0.0105
2025-11-16 20:43:19,619 - INFO - Epoch: 23, Training Loss: 0.0102, Validation Loss: 0.0101
2025-11-16 20:43:28,578 - INFO - Epoch: 24, Training Loss: 0.0103, Validation Loss: 0.0094
2025-11-16 20:43:28,579 - INFO -   → New best validation loss: 0.0094
2025-11-16 20:43:36,713 - INFO - Epoch: 25, Training Loss: 0.0100, Validation Loss: 0.0101
2025-11-16 20:43:46,979 - INFO - Epoch: 26, Training Loss: 0.0093, Validation Loss: 0.0095
2025-11-16 20:43:55,976 - INFO - Epoch: 27, Training Loss: 0.0094, Validation Loss: 0.0090
2025-11-16 20:43:55,980 - INFO -   → New best validation loss: 0.0090
2025-11-16 20:44:06,081 - INFO - Epoch: 28, Training Loss: 0.0086, Validation Loss: 0.0087
2025-11-16 20:44:06,086 - INFO -   → New best validation loss: 0.0087
2025-11-16 20:44:15,213 - INFO - Epoch: 29, Training Loss: 0.0089, Validation Loss: 0.0094
2025-11-16 20:44:25,724 - INFO - Epoch: 30, Training Loss: 0.0089, Validation Loss: 0.0082
2025-11-16 20:44:25,726 - INFO -   → New best validation loss: 0.0082
2025-11-16 20:44:34,341 - INFO - Epoch: 31, Training Loss: 0.0080, Validation Loss: 0.0069
2025-11-16 20:44:34,350 - INFO -   → New best validation loss: 0.0069
2025-11-16 20:44:44,513 - INFO - Epoch: 32, Training Loss: 0.0076, Validation Loss: 0.0073
2025-11-16 20:44:54,999 - INFO - Epoch: 33, Training Loss: 0.0082, Validation Loss: 0.0067
2025-11-16 20:44:55,004 - INFO -   → New best validation loss: 0.0067
2025-11-16 20:45:03,963 - INFO - Epoch: 34, Training Loss: 0.0074, Validation Loss: 0.0073
2025-11-16 20:45:12,289 - INFO - Epoch: 35, Training Loss: 0.0073, Validation Loss: 0.0098
2025-11-16 20:45:24,290 - INFO - Epoch: 36, Training Loss: 0.0069, Validation Loss: 0.0064
2025-11-16 20:45:24,291 - INFO -   → New best validation loss: 0.0064
2025-11-16 20:45:33,509 - INFO - Epoch: 37, Training Loss: 0.0075, Validation Loss: 0.0073
2025-11-16 20:45:42,463 - INFO - Epoch: 38, Training Loss: 0.0064, Validation Loss: 0.0066
2025-11-16 20:45:50,027 - INFO - Epoch: 39, Training Loss: 0.0072, Validation Loss: 0.0064
2025-11-16 20:45:57,988 - INFO - Epoch: 40, Training Loss: 0.0068, Validation Loss: 0.0061
2025-11-16 20:45:57,989 - INFO -   → New best validation loss: 0.0061
2025-11-16 20:46:07,790 - INFO - Epoch: 41, Training Loss: 0.0063, Validation Loss: 0.0054
2025-11-16 20:46:07,795 - INFO -   → New best validation loss: 0.0054
2025-11-16 20:46:17,415 - INFO - Epoch: 42, Training Loss: 0.0059, Validation Loss: 0.0056
2025-11-16 20:46:25,415 - INFO - Epoch: 43, Training Loss: 0.0056, Validation Loss: 0.0050
2025-11-16 20:46:25,418 - INFO -   → New best validation loss: 0.0050
2025-11-16 20:46:36,064 - INFO - Epoch: 44, Training Loss: 0.0052, Validation Loss: 0.0046
2025-11-16 20:46:36,070 - INFO -   → New best validation loss: 0.0046
2025-11-16 20:46:46,492 - INFO - Epoch: 45, Training Loss: 0.0051, Validation Loss: 0.0051
2025-11-16 20:46:56,328 - INFO - Epoch: 46, Training Loss: 0.0049, Validation Loss: 0.0078
2025-11-16 20:47:06,523 - INFO - Epoch: 47, Training Loss: 0.0048, Validation Loss: 0.0029
2025-11-16 20:47:06,528 - INFO -   → New best validation loss: 0.0029
2025-11-16 20:47:15,177 - INFO - Epoch: 48, Training Loss: 0.0046, Validation Loss: 0.0034
2025-11-16 20:47:25,613 - INFO - Epoch: 49, Training Loss: 0.0054, Validation Loss: 0.0052
2025-11-16 20:47:31,365 - INFO - Epoch: 50, Training Loss: 0.0042, Validation Loss: 0.0033
2025-11-16 20:47:41,040 - INFO - Epoch: 51, Training Loss: 0.0046, Validation Loss: 0.0038
2025-11-16 20:47:50,744 - INFO - Epoch: 52, Training Loss: 0.0047, Validation Loss: 0.0057
2025-11-16 20:47:59,216 - INFO - Epoch: 53, Training Loss: 0.0041, Validation Loss: 0.0031
2025-11-16 20:48:08,546 - INFO - Epoch: 54, Training Loss: 0.0045, Validation Loss: 0.0035
2025-11-16 20:48:19,377 - INFO - Epoch: 55, Training Loss: 0.0043, Validation Loss: 0.0056
2025-11-16 20:48:27,452 - INFO - Epoch: 56, Training Loss: 0.0045, Validation Loss: 0.0028
2025-11-16 20:48:27,453 - INFO -   → New best validation loss: 0.0028
2025-11-16 20:48:36,471 - INFO - Epoch: 57, Training Loss: 0.0043, Validation Loss: 0.0037
2025-11-16 20:48:44,344 - INFO - Epoch: 58, Training Loss: 0.0038, Validation Loss: 0.0040
2025-11-16 20:48:54,597 - INFO - Epoch: 59, Training Loss: 0.0043, Validation Loss: 0.0035
2025-11-16 20:49:04,370 - INFO - Epoch: 60, Training Loss: 0.0035, Validation Loss: 0.0044
2025-11-16 20:49:12,607 - INFO - Epoch: 61, Training Loss: 0.0037, Validation Loss: 0.0048
2025-11-16 20:49:21,866 - INFO - Epoch: 62, Training Loss: 0.0037, Validation Loss: 0.0029
2025-11-16 20:49:30,200 - INFO - Epoch: 63, Training Loss: 0.0032, Validation Loss: 0.0036
2025-11-16 20:49:41,911 - INFO - Epoch: 64, Training Loss: 0.0037, Validation Loss: 0.0039
2025-11-16 20:49:54,292 - INFO - Epoch: 65, Training Loss: 0.0034, Validation Loss: 0.0053
2025-11-16 20:50:02,660 - INFO - Epoch: 66, Training Loss: 0.0039, Validation Loss: 0.0043
2025-11-16 20:50:11,855 - INFO - Epoch: 67, Training Loss: 0.0036, Validation Loss: 0.0042
2025-11-16 20:50:22,256 - INFO - Epoch: 68, Training Loss: 0.0026, Validation Loss: 0.0029
2025-11-16 20:50:32,828 - INFO - Epoch: 69, Training Loss: 0.0036, Validation Loss: 0.0030
2025-11-16 20:50:42,604 - INFO - Epoch: 70, Training Loss: 0.0035, Validation Loss: 0.0026
2025-11-16 20:50:42,606 - INFO -   → New best validation loss: 0.0026
2025-11-16 20:50:54,048 - INFO - Epoch: 71, Training Loss: 0.0031, Validation Loss: 0.0024
2025-11-16 20:50:54,049 - INFO -   → New best validation loss: 0.0024
2025-11-16 20:51:02,112 - INFO - Epoch: 72, Training Loss: 0.0033, Validation Loss: 0.0028
2025-11-16 20:51:10,017 - INFO - Epoch: 73, Training Loss: 0.0026, Validation Loss: 0.0030
2025-11-16 20:51:18,729 - INFO - Epoch: 74, Training Loss: 0.0029, Validation Loss: 0.0027
2025-11-16 20:51:28,000 - INFO - Epoch: 75, Training Loss: 0.0029, Validation Loss: 0.0044
2025-11-16 20:51:38,100 - INFO - Epoch: 76, Training Loss: 0.0028, Validation Loss: 0.0025
2025-11-16 20:51:46,240 - INFO - Epoch: 77, Training Loss: 0.0028, Validation Loss: 0.0027
2025-11-16 20:51:54,865 - INFO - Epoch: 78, Training Loss: 0.0030, Validation Loss: 0.0037
2025-11-16 20:52:05,640 - INFO - Epoch: 79, Training Loss: 0.0032, Validation Loss: 0.0033
2025-11-16 20:52:14,690 - INFO - Epoch: 80, Training Loss: 0.0022, Validation Loss: 0.0026
2025-11-16 20:52:23,362 - INFO - Epoch: 81, Training Loss: 0.0025, Validation Loss: 0.0037
2025-11-16 20:52:33,797 - INFO - Epoch: 82, Training Loss: 0.0027, Validation Loss: 0.0036
2025-11-16 20:52:44,470 - INFO - Epoch: 83, Training Loss: 0.0033, Validation Loss: 0.0025
2025-11-16 20:52:55,366 - INFO - Epoch: 84, Training Loss: 0.0028, Validation Loss: 0.0028
2025-11-16 20:53:04,174 - INFO - Epoch: 85, Training Loss: 0.0022, Validation Loss: 0.0014
2025-11-16 20:53:04,177 - INFO -   → New best validation loss: 0.0014
2025-11-16 20:53:13,635 - INFO - Epoch: 86, Training Loss: 0.0026, Validation Loss: 0.0023
2025-11-16 20:53:23,494 - INFO - Epoch: 87, Training Loss: 0.0023, Validation Loss: 0.0027
2025-11-16 20:53:28,463 - INFO - Epoch: 88, Training Loss: 0.0023, Validation Loss: 0.0025
2025-11-16 20:53:38,137 - INFO - Epoch: 89, Training Loss: 0.0026, Validation Loss: 0.0026
2025-11-16 20:53:46,485 - INFO - Epoch: 90, Training Loss: 0.0026, Validation Loss: 0.0015
2025-11-16 20:53:55,092 - INFO - Epoch: 91, Training Loss: 0.0020, Validation Loss: 0.0024
2025-11-16 20:54:05,041 - INFO - Epoch: 92, Training Loss: 0.0023, Validation Loss: 0.0021
2025-11-16 20:54:17,575 - INFO - Epoch: 93, Training Loss: 0.0026, Validation Loss: 0.0032
2025-11-16 20:54:27,279 - INFO - Epoch: 94, Training Loss: 0.0024, Validation Loss: 0.0024
2025-11-16 20:54:36,614 - INFO - Epoch: 95, Training Loss: 0.0028, Validation Loss: 0.0023
2025-11-16 20:54:43,950 - INFO - Epoch: 96, Training Loss: 0.0028, Validation Loss: 0.0020
2025-11-16 20:54:52,713 - INFO - Epoch: 97, Training Loss: 0.0021, Validation Loss: 0.0030
2025-11-16 20:55:05,379 - INFO - Epoch: 98, Training Loss: 0.0024, Validation Loss: 0.0021
2025-11-16 20:55:13,209 - INFO - Epoch: 99, Training Loss: 0.0020, Validation Loss: 0.0014
2025-11-16 20:55:13,210 - INFO -   → New best validation loss: 0.0014
2025-11-16 20:55:22,431 - INFO - Epoch: 100, Training Loss: 0.0022, Validation Loss: 0.0021
2025-11-16 20:55:33,315 - INFO - Epoch: 101, Training Loss: 0.0022, Validation Loss: 0.0023
2025-11-16 20:55:45,239 - INFO - Epoch: 102, Training Loss: 0.0021, Validation Loss: 0.0013
2025-11-16 20:55:45,240 - INFO -   → New best validation loss: 0.0013
2025-11-16 20:55:54,662 - INFO - Epoch: 103, Training Loss: 0.0019, Validation Loss: 0.0014
2025-11-16 20:56:06,488 - INFO - Epoch: 104, Training Loss: 0.0017, Validation Loss: 0.0017
2025-11-16 20:56:16,522 - INFO - Epoch: 105, Training Loss: 0.0015, Validation Loss: 0.0012
2025-11-16 20:56:16,523 - INFO -   → New best validation loss: 0.0012
2025-11-16 20:56:25,680 - INFO - Epoch: 106, Training Loss: 0.0022, Validation Loss: 0.0024
2025-11-16 20:56:33,004 - INFO - Epoch: 107, Training Loss: 0.0022, Validation Loss: 0.0018
2025-11-16 20:56:40,246 - INFO - Epoch: 108, Training Loss: 0.0020, Validation Loss: 0.0022
2025-11-16 20:56:48,648 - INFO - Epoch: 109, Training Loss: 0.0020, Validation Loss: 0.0028
2025-11-16 20:56:59,051 - INFO - Epoch: 110, Training Loss: 0.0019, Validation Loss: 0.0026
2025-11-16 20:57:05,698 - INFO - Epoch: 111, Training Loss: 0.0020, Validation Loss: 0.0021
2025-11-16 20:57:14,396 - INFO - Epoch: 112, Training Loss: 0.0021, Validation Loss: 0.0016
2025-11-16 20:57:25,992 - INFO - Epoch: 113, Training Loss: 0.0021, Validation Loss: 0.0015
2025-11-16 20:57:35,717 - INFO - Epoch: 114, Training Loss: 0.0016, Validation Loss: 0.0022
2025-11-16 20:57:45,644 - INFO - Epoch: 115, Training Loss: 0.0015, Validation Loss: 0.0017
2025-11-16 20:57:54,917 - INFO - Epoch: 116, Training Loss: 0.0014, Validation Loss: 0.0012
2025-11-16 20:58:02,126 - INFO - Epoch: 117, Training Loss: 0.0015, Validation Loss: 0.0031
2025-11-16 20:58:11,258 - INFO - Epoch: 118, Training Loss: 0.0020, Validation Loss: 0.0018
2025-11-16 20:58:22,898 - INFO - Epoch: 119, Training Loss: 0.0017, Validation Loss: 0.0014
2025-11-16 20:58:30,197 - INFO - Epoch: 120, Training Loss: 0.0019, Validation Loss: 0.0027
2025-11-16 20:58:38,986 - INFO - Epoch: 121, Training Loss: 0.0019, Validation Loss: 0.0013
2025-11-16 20:58:46,864 - INFO - Epoch: 122, Training Loss: 0.0016, Validation Loss: 0.0018
2025-11-16 20:58:54,859 - INFO - Epoch: 123, Training Loss: 0.0017, Validation Loss: 0.0011
2025-11-16 20:58:54,863 - INFO -   → New best validation loss: 0.0011
2025-11-16 20:59:02,507 - INFO - Epoch: 124, Training Loss: 0.0020, Validation Loss: 0.0015
2025-11-16 20:59:10,517 - INFO - Epoch: 125, Training Loss: 0.0019, Validation Loss: 0.0017
2025-11-16 20:59:17,769 - INFO - Epoch: 126, Training Loss: 0.0017, Validation Loss: 0.0024
2025-11-16 20:59:26,531 - INFO - Epoch: 127, Training Loss: 0.0016, Validation Loss: 0.0012
2025-11-16 20:59:35,994 - INFO - Epoch: 128, Training Loss: 0.0017, Validation Loss: 0.0014
2025-11-16 20:59:45,768 - INFO - Epoch: 129, Training Loss: 0.0019, Validation Loss: 0.0020
2025-11-16 20:59:56,611 - INFO - Epoch: 130, Training Loss: 0.0022, Validation Loss: 0.0021
2025-11-16 21:00:05,446 - INFO - Epoch: 131, Training Loss: 0.0019, Validation Loss: 0.0019
2025-11-16 21:00:14,934 - INFO - Epoch: 132, Training Loss: 0.0017, Validation Loss: 0.0015
2025-11-16 21:00:24,212 - INFO - Epoch: 133, Training Loss: 0.0015, Validation Loss: 0.0022
2025-11-16 21:00:31,076 - INFO - Epoch: 134, Training Loss: 0.0016, Validation Loss: 0.0013
2025-11-16 21:00:41,436 - INFO - Epoch: 135, Training Loss: 0.0014, Validation Loss: 0.0016
2025-11-16 21:00:52,288 - INFO - Epoch: 136, Training Loss: 0.0021, Validation Loss: 0.0024
2025-11-16 21:01:01,187 - INFO - Epoch: 137, Training Loss: 0.0020, Validation Loss: 0.0018
2025-11-16 21:01:08,905 - INFO - Epoch: 138, Training Loss: 0.0017, Validation Loss: 0.0014
2025-11-16 21:01:15,909 - INFO - Epoch: 139, Training Loss: 0.0014, Validation Loss: 0.0014
2025-11-16 21:01:25,816 - INFO - Epoch: 140, Training Loss: 0.0013, Validation Loss: 0.0008
2025-11-16 21:01:25,822 - INFO -   → New best validation loss: 0.0008
2025-11-16 21:01:34,470 - INFO - Epoch: 141, Training Loss: 0.0012, Validation Loss: 0.0011
2025-11-16 21:01:40,707 - INFO - Epoch: 142, Training Loss: 0.0015, Validation Loss: 0.0012
2025-11-16 21:01:47,867 - INFO - Epoch: 143, Training Loss: 0.0016, Validation Loss: 0.0029
2025-11-16 21:01:56,554 - INFO - Epoch: 144, Training Loss: 0.0013, Validation Loss: 0.0013
2025-11-16 21:02:05,546 - INFO - Epoch: 145, Training Loss: 0.0013, Validation Loss: 0.0020
2025-11-16 21:02:15,606 - INFO - Epoch: 146, Training Loss: 0.0017, Validation Loss: 0.0022
2025-11-16 21:02:24,369 - INFO - Epoch: 147, Training Loss: 0.0020, Validation Loss: 0.0028
2025-11-16 21:02:33,941 - INFO - Epoch: 148, Training Loss: 0.0014, Validation Loss: 0.0016
2025-11-16 21:02:42,958 - INFO - Epoch: 149, Training Loss: 0.0014, Validation Loss: 0.0015
2025-11-16 21:02:52,828 - INFO - Epoch: 150, Training Loss: 0.0015, Validation Loss: 0.0021
2025-11-16 21:03:02,328 - INFO - Epoch: 151, Training Loss: 0.0017, Validation Loss: 0.0023
2025-11-16 21:03:10,913 - INFO - Epoch: 152, Training Loss: 0.0015, Validation Loss: 0.0011
2025-11-16 21:03:19,242 - INFO - Epoch: 153, Training Loss: 0.0011, Validation Loss: 0.0012
2025-11-16 21:03:27,668 - INFO - Epoch: 154, Training Loss: 0.0015, Validation Loss: 0.0012
2025-11-16 21:03:39,862 - INFO - Epoch: 155, Training Loss: 0.0014, Validation Loss: 0.0013
2025-11-16 21:03:47,714 - INFO - Epoch: 156, Training Loss: 0.0017, Validation Loss: 0.0013
2025-11-16 21:03:56,325 - INFO - Epoch: 157, Training Loss: 0.0017, Validation Loss: 0.0016
2025-11-16 21:04:06,300 - INFO - Epoch: 158, Training Loss: 0.0018, Validation Loss: 0.0024
2025-11-16 21:04:12,727 - INFO - Epoch: 159, Training Loss: 0.0020, Validation Loss: 0.0017
2025-11-16 21:04:22,099 - INFO - Epoch: 160, Training Loss: 0.0017, Validation Loss: 0.0017
2025-11-16 21:04:22,099 - INFO - Early stopping triggered at epoch 160
2025-11-16 21:04:22,099 - INFO - Best validation loss: 0.0008
2025-11-16 21:04:22,105 - INFO - Restored best model weights
2025-11-16 21:04:22,105 - INFO - 
============================================================
2025-11-16 21:04:22,105 - INFO - EVALUATION RESULTS
2025-11-16 21:04:22,105 - INFO - ============================================================
2025-11-16 21:04:22,149 - INFO - Validation Prediction Stats:
2025-11-16 21:04:22,149 - INFO -   Std: 0.122162, Range: 0.566343, Unique ratio: 0.7364
2025-11-16 21:04:22,149 - INFO - Validation Set - MSE: 0.001646, MAE: 0.032301, RMSE: 0.040573, Pearson Correlation: 0.951743 (p=0.000000)
2025-11-16 21:04:22,193 - INFO - Test Prediction Stats:
2025-11-16 21:04:22,193 - INFO -   Std: 0.119567, Range: 0.576288, Unique ratio: 0.7050
2025-11-16 21:04:22,194 - INFO - Test Set - MSE: 0.001736, MAE: 0.028916, RMSE: 0.041668, Pearson Correlation: 0.946078 (p=0.000000)
2025-11-16 21:04:22,194 - INFO - ============================================================

2025-11-16 21:04:22,194 - INFO - Trial completed successfully
2025-11-16 21:04:22,194 - INFO - ================================================================================
2025-11-16 21:04:22,194 - INFO - Trial 6 completed. End time: 2025-11-16 21:0422
2025-11-16 21:04:22,194 - INFO - ================================================================================
