2025-11-16 21:04:22,194 - INFO - ================================================================================
2025-11-16 21:04:22,194 - INFO - TRIAL 7 - Task: RGS (FP1/FP2 only, de_LDS_f21-25, no CV)
2025-11-16 21:04:22,194 - INFO - Log file: ./logs_fp_f21_25/trial7_RGS_20251116_191843.log
2025-11-16 21:04:22,194 - INFO - Start time: 2025-11-16 21:04:22
2025-11-16 21:04:22,194 - INFO - ================================================================================
2025-11-16 21:04:22,196 - INFO - START TRAINING - Task: RGS (FP1/FP2 only, de_LDS_f21-25, no CV)
2025-11-16 21:04:22,196 - INFO - Features: de_LDS_f21-25 (41Hz, 43Hz, 45Hz, 47Hz, 49Hz)
2025-11-16 21:04:22,196 - INFO - Learning rate: 0.005, Epochs: 200, Batches: 8
2025-11-16 21:04:22,196 - INFO - Data split: 70% train / 15% validation / 15% test
2025-11-16 21:04:22,196 - INFO - Loading dataset (FP1/FP2 channels, de_LDS_f21-25 only, fixed split)...
2025-11-16 21:04:22,208 - INFO - Dataset shapes - Train: (618, 2, 5, 1), Valid: (130, 2, 5, 1), Test: (137, 2, 5, 1)
2025-11-16 21:04:22,208 - INFO - Applied feature normalization (StandardScaler)
2025-11-16 21:04:22,209 - INFO - Initializing VIGNet-FP model (2 channels, 5 frequency features)...
2025-11-16 21:04:22,213 - INFO - Number of batch iterations per epoch: 77
2025-11-16 21:04:33,839 - INFO - Epoch: 1, Training Loss: 0.0331, Validation Loss: 0.0167
2025-11-16 21:04:33,844 - INFO -   → New best validation loss: 0.0167
2025-11-16 21:04:42,581 - INFO - Epoch: 2, Training Loss: 0.0124, Validation Loss: 0.0102
2025-11-16 21:04:42,582 - INFO -   → New best validation loss: 0.0102
2025-11-16 21:04:50,234 - INFO - Epoch: 3, Training Loss: 0.0098, Validation Loss: 0.0061
2025-11-16 21:04:50,235 - INFO -   → New best validation loss: 0.0061
2025-11-16 21:04:59,400 - INFO - Epoch: 4, Training Loss: 0.0085, Validation Loss: 0.0115
2025-11-16 21:05:07,789 - INFO - Epoch: 5, Training Loss: 0.0059, Validation Loss: 0.0052
2025-11-16 21:05:07,792 - INFO -   → New best validation loss: 0.0052
2025-11-16 21:05:16,968 - INFO - Epoch: 6, Training Loss: 0.0070, Validation Loss: 0.0055
2025-11-16 21:05:25,531 - INFO - Epoch: 7, Training Loss: 0.0045, Validation Loss: 0.0035
2025-11-16 21:05:25,532 - INFO -   → New best validation loss: 0.0035
2025-11-16 21:05:35,703 - INFO - Epoch: 8, Training Loss: 0.0049, Validation Loss: 0.0033
2025-11-16 21:05:35,704 - INFO -   → New best validation loss: 0.0033
2025-11-16 21:05:45,266 - INFO - Epoch: 9, Training Loss: 0.0046, Validation Loss: 0.0034
2025-11-16 21:05:55,482 - INFO - Epoch: 10, Training Loss: 0.0051, Validation Loss: 0.0042
2025-11-16 21:06:05,279 - INFO - Epoch: 11, Training Loss: 0.0048, Validation Loss: 0.0043
2025-11-16 21:06:15,829 - INFO - Epoch: 12, Training Loss: 0.0044, Validation Loss: 0.0033
2025-11-16 21:06:24,499 - INFO - Epoch: 13, Training Loss: 0.0038, Validation Loss: 0.0032
2025-11-16 21:06:24,504 - INFO -   → New best validation loss: 0.0032
2025-11-16 21:06:32,573 - INFO - Epoch: 14, Training Loss: 0.0049, Validation Loss: 0.0062
2025-11-16 21:06:41,156 - INFO - Epoch: 15, Training Loss: 0.0050, Validation Loss: 0.0029
2025-11-16 21:06:41,157 - INFO -   → New best validation loss: 0.0029
2025-11-16 21:06:51,606 - INFO - Epoch: 16, Training Loss: 0.0043, Validation Loss: 0.0031
2025-11-16 21:07:01,189 - INFO - Epoch: 17, Training Loss: 0.0048, Validation Loss: 0.0037
2025-11-16 21:07:07,812 - INFO - Epoch: 18, Training Loss: 0.0041, Validation Loss: 0.0047
2025-11-16 21:07:15,412 - INFO - Epoch: 19, Training Loss: 0.0044, Validation Loss: 0.0029
2025-11-16 21:07:15,413 - INFO -   → New best validation loss: 0.0029
2025-11-16 21:07:23,465 - INFO - Epoch: 20, Training Loss: 0.0043, Validation Loss: 0.0037
2025-11-16 21:07:33,263 - INFO - Epoch: 21, Training Loss: 0.0042, Validation Loss: 0.0031
2025-11-16 21:07:39,520 - INFO - Epoch: 22, Training Loss: 0.0040, Validation Loss: 0.0030
2025-11-16 21:07:51,465 - INFO - Epoch: 23, Training Loss: 0.0042, Validation Loss: 0.0036
2025-11-16 21:08:01,423 - INFO - Epoch: 24, Training Loss: 0.0042, Validation Loss: 0.0039
2025-11-16 21:08:09,624 - INFO - Epoch: 25, Training Loss: 0.0042, Validation Loss: 0.0051
2025-11-16 21:08:19,276 - INFO - Epoch: 26, Training Loss: 0.0039, Validation Loss: 0.0032
2025-11-16 21:08:28,142 - INFO - Epoch: 27, Training Loss: 0.0040, Validation Loss: 0.0035
2025-11-16 21:08:38,245 - INFO - Epoch: 28, Training Loss: 0.0038, Validation Loss: 0.0034
2025-11-16 21:08:47,415 - INFO - Epoch: 29, Training Loss: 0.0041, Validation Loss: 0.0028
2025-11-16 21:08:47,417 - INFO -   → New best validation loss: 0.0028
2025-11-16 21:08:57,327 - INFO - Epoch: 30, Training Loss: 0.0040, Validation Loss: 0.0029
2025-11-16 21:09:06,440 - INFO - Epoch: 31, Training Loss: 0.0038, Validation Loss: 0.0029
2025-11-16 21:09:15,503 - INFO - Epoch: 32, Training Loss: 0.0042, Validation Loss: 0.0035
2025-11-16 21:09:25,388 - INFO - Epoch: 33, Training Loss: 0.0042, Validation Loss: 0.0034
2025-11-16 21:09:33,324 - INFO - Epoch: 34, Training Loss: 0.0040, Validation Loss: 0.0038
2025-11-16 21:09:44,506 - INFO - Epoch: 35, Training Loss: 0.0042, Validation Loss: 0.0032
2025-11-16 21:09:53,904 - INFO - Epoch: 36, Training Loss: 0.0040, Validation Loss: 0.0042
2025-11-16 21:10:05,046 - INFO - Epoch: 37, Training Loss: 0.0040, Validation Loss: 0.0030
2025-11-16 21:10:15,553 - INFO - Epoch: 38, Training Loss: 0.0036, Validation Loss: 0.0033
2025-11-16 21:10:24,825 - INFO - Epoch: 39, Training Loss: 0.0041, Validation Loss: 0.0034
2025-11-16 21:10:34,388 - INFO - Epoch: 40, Training Loss: 0.0036, Validation Loss: 0.0030
2025-11-16 21:10:41,776 - INFO - Epoch: 41, Training Loss: 0.0036, Validation Loss: 0.0039
2025-11-16 21:10:50,056 - INFO - Epoch: 42, Training Loss: 0.0038, Validation Loss: 0.0034
2025-11-16 21:10:58,461 - INFO - Epoch: 43, Training Loss: 0.0039, Validation Loss: 0.0039
2025-11-16 21:11:08,433 - INFO - Epoch: 44, Training Loss: 0.0038, Validation Loss: 0.0027
2025-11-16 21:11:08,434 - INFO -   → New best validation loss: 0.0027
2025-11-16 21:11:16,830 - INFO - Epoch: 45, Training Loss: 0.0040, Validation Loss: 0.0033
2025-11-16 21:11:26,468 - INFO - Epoch: 46, Training Loss: 0.0040, Validation Loss: 0.0036
2025-11-16 21:11:33,622 - INFO - Epoch: 47, Training Loss: 0.0039, Validation Loss: 0.0036
2025-11-16 21:11:44,218 - INFO - Epoch: 48, Training Loss: 0.0041, Validation Loss: 0.0030
2025-11-16 21:11:52,596 - INFO - Epoch: 49, Training Loss: 0.0040, Validation Loss: 0.0032
2025-11-16 21:12:02,252 - INFO - Epoch: 50, Training Loss: 0.0037, Validation Loss: 0.0031
2025-11-16 21:12:11,505 - INFO - Epoch: 51, Training Loss: 0.0037, Validation Loss: 0.0030
2025-11-16 21:12:20,599 - INFO - Epoch: 52, Training Loss: 0.0036, Validation Loss: 0.0038
2025-11-16 21:12:29,397 - INFO - Epoch: 53, Training Loss: 0.0038, Validation Loss: 0.0027
2025-11-16 21:12:40,659 - INFO - Epoch: 54, Training Loss: 0.0038, Validation Loss: 0.0029
2025-11-16 21:12:51,363 - INFO - Epoch: 55, Training Loss: 0.0038, Validation Loss: 0.0033
2025-11-16 21:13:01,071 - INFO - Epoch: 56, Training Loss: 0.0036, Validation Loss: 0.0026
2025-11-16 21:13:01,073 - INFO -   → New best validation loss: 0.0026
2025-11-16 21:13:10,095 - INFO - Epoch: 57, Training Loss: 0.0037, Validation Loss: 0.0031
2025-11-16 21:13:20,927 - INFO - Epoch: 58, Training Loss: 0.0036, Validation Loss: 0.0033
2025-11-16 21:13:29,230 - INFO - Epoch: 59, Training Loss: 0.0038, Validation Loss: 0.0027
2025-11-16 21:13:39,118 - INFO - Epoch: 60, Training Loss: 0.0036, Validation Loss: 0.0032
2025-11-16 21:13:47,916 - INFO - Epoch: 61, Training Loss: 0.0039, Validation Loss: 0.0028
2025-11-16 21:13:57,722 - INFO - Epoch: 62, Training Loss: 0.0038, Validation Loss: 0.0032
2025-11-16 21:14:04,686 - INFO - Epoch: 63, Training Loss: 0.0038, Validation Loss: 0.0035
2025-11-16 21:14:11,401 - INFO - Epoch: 64, Training Loss: 0.0039, Validation Loss: 0.0030
2025-11-16 21:14:22,897 - INFO - Epoch: 65, Training Loss: 0.0038, Validation Loss: 0.0036
2025-11-16 21:14:31,663 - INFO - Epoch: 66, Training Loss: 0.0038, Validation Loss: 0.0030
2025-11-16 21:14:41,166 - INFO - Epoch: 67, Training Loss: 0.0035, Validation Loss: 0.0032
2025-11-16 21:14:53,002 - INFO - Epoch: 68, Training Loss: 0.0037, Validation Loss: 0.0031
2025-11-16 21:15:02,670 - INFO - Epoch: 69, Training Loss: 0.0036, Validation Loss: 0.0029
2025-11-16 21:15:11,340 - INFO - Epoch: 70, Training Loss: 0.0036, Validation Loss: 0.0027
2025-11-16 21:15:18,134 - INFO - Epoch: 71, Training Loss: 0.0039, Validation Loss: 0.0027
2025-11-16 21:15:26,592 - INFO - Epoch: 72, Training Loss: 0.0035, Validation Loss: 0.0031
2025-11-16 21:15:33,554 - INFO - Epoch: 73, Training Loss: 0.0036, Validation Loss: 0.0029
2025-11-16 21:15:42,900 - INFO - Epoch: 74, Training Loss: 0.0033, Validation Loss: 0.0026
2025-11-16 21:15:42,905 - INFO -   → New best validation loss: 0.0026
2025-11-16 21:15:51,320 - INFO - Epoch: 75, Training Loss: 0.0035, Validation Loss: 0.0033
2025-11-16 21:16:00,837 - INFO - Epoch: 76, Training Loss: 0.0036, Validation Loss: 0.0025
2025-11-16 21:16:00,839 - INFO -   → New best validation loss: 0.0025
2025-11-16 21:16:12,612 - INFO - Epoch: 77, Training Loss: 0.0035, Validation Loss: 0.0025
2025-11-16 21:16:20,865 - INFO - Epoch: 78, Training Loss: 0.0036, Validation Loss: 0.0030
2025-11-16 21:16:29,235 - INFO - Epoch: 79, Training Loss: 0.0034, Validation Loss: 0.0030
2025-11-16 21:16:38,912 - INFO - Epoch: 80, Training Loss: 0.0035, Validation Loss: 0.0029
2025-11-16 21:16:48,543 - INFO - Epoch: 81, Training Loss: 0.0034, Validation Loss: 0.0030
2025-11-16 21:16:59,670 - INFO - Epoch: 82, Training Loss: 0.0037, Validation Loss: 0.0039
2025-11-16 21:17:10,239 - INFO - Epoch: 83, Training Loss: 0.0036, Validation Loss: 0.0026
2025-11-16 21:17:17,309 - INFO - Epoch: 84, Training Loss: 0.0036, Validation Loss: 0.0026
2025-11-16 21:17:27,133 - INFO - Epoch: 85, Training Loss: 0.0037, Validation Loss: 0.0028
2025-11-16 21:17:34,578 - INFO - Epoch: 86, Training Loss: 0.0032, Validation Loss: 0.0030
2025-11-16 21:17:43,136 - INFO - Epoch: 87, Training Loss: 0.0035, Validation Loss: 0.0025
2025-11-16 21:17:43,141 - INFO -   → New best validation loss: 0.0025
2025-11-16 21:17:53,394 - INFO - Epoch: 88, Training Loss: 0.0032, Validation Loss: 0.0025
2025-11-16 21:18:01,374 - INFO - Epoch: 89, Training Loss: 0.0033, Validation Loss: 0.0027
2025-11-16 21:18:09,896 - INFO - Epoch: 90, Training Loss: 0.0036, Validation Loss: 0.0033
2025-11-16 21:18:17,929 - INFO - Epoch: 91, Training Loss: 0.0036, Validation Loss: 0.0026
2025-11-16 21:18:31,736 - INFO - Epoch: 92, Training Loss: 0.0035, Validation Loss: 0.0027
2025-11-16 21:18:41,905 - INFO - Epoch: 93, Training Loss: 0.0034, Validation Loss: 0.0026
2025-11-16 21:18:52,084 - INFO - Epoch: 94, Training Loss: 0.0033, Validation Loss: 0.0030
2025-11-16 21:19:04,392 - INFO - Epoch: 95, Training Loss: 0.0034, Validation Loss: 0.0025
2025-11-16 21:19:04,393 - INFO -   → New best validation loss: 0.0025
2025-11-16 21:19:14,095 - INFO - Epoch: 96, Training Loss: 0.0035, Validation Loss: 0.0025
2025-11-16 21:19:14,101 - INFO -   → New best validation loss: 0.0025
2025-11-16 21:19:22,667 - INFO - Epoch: 97, Training Loss: 0.0036, Validation Loss: 0.0038
2025-11-16 21:19:31,931 - INFO - Epoch: 98, Training Loss: 0.0034, Validation Loss: 0.0025
2025-11-16 21:19:38,582 - INFO - Epoch: 99, Training Loss: 0.0035, Validation Loss: 0.0026
2025-11-16 21:19:46,670 - INFO - Epoch: 100, Training Loss: 0.0031, Validation Loss: 0.0025
2025-11-16 21:19:59,412 - INFO - Epoch: 101, Training Loss: 0.0034, Validation Loss: 0.0027
2025-11-16 21:20:05,754 - INFO - Epoch: 102, Training Loss: 0.0042, Validation Loss: 0.0031
2025-11-16 21:20:16,353 - INFO - Epoch: 103, Training Loss: 0.0032, Validation Loss: 0.0029
2025-11-16 21:20:24,188 - INFO - Epoch: 104, Training Loss: 0.0031, Validation Loss: 0.0022
2025-11-16 21:20:24,189 - INFO -   → New best validation loss: 0.0022
2025-11-16 21:20:33,743 - INFO - Epoch: 105, Training Loss: 0.0033, Validation Loss: 0.0031
2025-11-16 21:20:44,470 - INFO - Epoch: 106, Training Loss: 0.0037, Validation Loss: 0.0022
2025-11-16 21:20:44,472 - INFO -   → New best validation loss: 0.0022
2025-11-16 21:20:54,793 - INFO - Epoch: 107, Training Loss: 0.0033, Validation Loss: 0.0029
2025-11-16 21:21:03,009 - INFO - Epoch: 108, Training Loss: 0.0034, Validation Loss: 0.0025
2025-11-16 21:21:14,180 - INFO - Epoch: 109, Training Loss: 0.0032, Validation Loss: 0.0023
2025-11-16 21:21:23,125 - INFO - Epoch: 110, Training Loss: 0.0033, Validation Loss: 0.0021
2025-11-16 21:21:23,126 - INFO -   → New best validation loss: 0.0021
2025-11-16 21:21:29,389 - INFO - Epoch: 111, Training Loss: 0.0034, Validation Loss: 0.0021
2025-11-16 21:21:29,391 - INFO -   → New best validation loss: 0.0021
2025-11-16 21:21:38,729 - INFO - Epoch: 112, Training Loss: 0.0033, Validation Loss: 0.0025
2025-11-16 21:21:48,571 - INFO - Epoch: 113, Training Loss: 0.0030, Validation Loss: 0.0026
2025-11-16 21:21:56,569 - INFO - Epoch: 114, Training Loss: 0.0032, Validation Loss: 0.0024
2025-11-16 21:22:04,184 - INFO - Epoch: 115, Training Loss: 0.0031, Validation Loss: 0.0025
2025-11-16 21:22:12,643 - INFO - Epoch: 116, Training Loss: 0.0032, Validation Loss: 0.0022
2025-11-16 21:22:20,099 - INFO - Epoch: 117, Training Loss: 0.0030, Validation Loss: 0.0028
2025-11-16 21:22:29,887 - INFO - Epoch: 118, Training Loss: 0.0031, Validation Loss: 0.0020
2025-11-16 21:22:29,891 - INFO -   → New best validation loss: 0.0020
2025-11-16 21:22:38,421 - INFO - Epoch: 119, Training Loss: 0.0031, Validation Loss: 0.0080
2025-11-16 21:22:47,220 - INFO - Epoch: 120, Training Loss: 0.0031, Validation Loss: 0.0021
2025-11-16 21:22:56,642 - INFO - Epoch: 121, Training Loss: 0.0032, Validation Loss: 0.0031
2025-11-16 21:23:06,522 - INFO - Epoch: 122, Training Loss: 0.0033, Validation Loss: 0.0022
2025-11-16 21:23:15,459 - INFO - Epoch: 123, Training Loss: 0.0031, Validation Loss: 0.0026
2025-11-16 21:23:23,729 - INFO - Epoch: 124, Training Loss: 0.0031, Validation Loss: 0.0026
2025-11-16 21:23:30,218 - INFO - Epoch: 125, Training Loss: 0.0041, Validation Loss: 0.0022
2025-11-16 21:23:39,925 - INFO - Epoch: 126, Training Loss: 0.0031, Validation Loss: 0.0034
2025-11-16 21:23:49,967 - INFO - Epoch: 127, Training Loss: 0.0029, Validation Loss: 0.0026
2025-11-16 21:23:58,418 - INFO - Epoch: 128, Training Loss: 0.0031, Validation Loss: 0.0024
2025-11-16 21:24:09,992 - INFO - Epoch: 129, Training Loss: 0.0029, Validation Loss: 0.0021
2025-11-16 21:24:19,202 - INFO - Epoch: 130, Training Loss: 0.0030, Validation Loss: 0.0022
2025-11-16 21:24:29,577 - INFO - Epoch: 131, Training Loss: 0.0029, Validation Loss: 0.0024
2025-11-16 21:24:38,434 - INFO - Epoch: 132, Training Loss: 0.0030, Validation Loss: 0.0020
2025-11-16 21:24:38,435 - INFO -   → New best validation loss: 0.0020
2025-11-16 21:24:48,972 - INFO - Epoch: 133, Training Loss: 0.0028, Validation Loss: 0.0023
2025-11-16 21:24:58,022 - INFO - Epoch: 134, Training Loss: 0.0028, Validation Loss: 0.0021
2025-11-16 21:25:05,881 - INFO - Epoch: 135, Training Loss: 0.0031, Validation Loss: 0.0020
2025-11-16 21:25:14,542 - INFO - Epoch: 136, Training Loss: 0.0027, Validation Loss: 0.0026
2025-11-16 21:25:21,597 - INFO - Epoch: 137, Training Loss: 0.0027, Validation Loss: 0.0023
2025-11-16 21:25:31,433 - INFO - Epoch: 138, Training Loss: 0.0028, Validation Loss: 0.0021
2025-11-16 21:25:41,704 - INFO - Epoch: 139, Training Loss: 0.0027, Validation Loss: 0.0033
2025-11-16 21:25:49,704 - INFO - Epoch: 140, Training Loss: 0.0029, Validation Loss: 0.0025
2025-11-16 21:26:01,846 - INFO - Epoch: 141, Training Loss: 0.0031, Validation Loss: 0.0030
2025-11-16 21:26:09,730 - INFO - Epoch: 142, Training Loss: 0.0029, Validation Loss: 0.0021
2025-11-16 21:26:16,491 - INFO - Epoch: 143, Training Loss: 0.0028, Validation Loss: 0.0023
2025-11-16 21:26:27,371 - INFO - Epoch: 144, Training Loss: 0.0028, Validation Loss: 0.0029
2025-11-16 21:26:38,717 - INFO - Epoch: 145, Training Loss: 0.0028, Validation Loss: 0.0027
2025-11-16 21:26:48,812 - INFO - Epoch: 146, Training Loss: 0.0027, Validation Loss: 0.0020
2025-11-16 21:26:48,813 - INFO -   → New best validation loss: 0.0020
2025-11-16 21:26:57,412 - INFO - Epoch: 147, Training Loss: 0.0027, Validation Loss: 0.0024
2025-11-16 21:27:08,182 - INFO - Epoch: 148, Training Loss: 0.0031, Validation Loss: 0.0030
2025-11-16 21:27:16,545 - INFO - Epoch: 149, Training Loss: 0.0029, Validation Loss: 0.0021
2025-11-16 21:27:24,992 - INFO - Epoch: 150, Training Loss: 0.0026, Validation Loss: 0.0019
2025-11-16 21:27:24,993 - INFO -   → New best validation loss: 0.0019
2025-11-16 21:27:33,625 - INFO - Epoch: 151, Training Loss: 0.0028, Validation Loss: 0.0027
2025-11-16 21:27:43,152 - INFO - Epoch: 152, Training Loss: 0.0026, Validation Loss: 0.0020
2025-11-16 21:27:51,505 - INFO - Epoch: 153, Training Loss: 0.0026, Validation Loss: 0.0022
2025-11-16 21:28:01,454 - INFO - Epoch: 154, Training Loss: 0.0027, Validation Loss: 0.0021
2025-11-16 21:28:11,195 - INFO - Epoch: 155, Training Loss: 0.0028, Validation Loss: 0.0026
2025-11-16 21:28:18,692 - INFO - Epoch: 156, Training Loss: 0.0029, Validation Loss: 0.0023
2025-11-16 21:28:29,801 - INFO - Epoch: 157, Training Loss: 0.0026, Validation Loss: 0.0020
2025-11-16 21:28:39,447 - INFO - Epoch: 158, Training Loss: 0.0025, Validation Loss: 0.0020
2025-11-16 21:28:48,526 - INFO - Epoch: 159, Training Loss: 0.0026, Validation Loss: 0.0022
2025-11-16 21:28:58,420 - INFO - Epoch: 160, Training Loss: 0.0027, Validation Loss: 0.0019
2025-11-16 21:29:04,981 - INFO - Epoch: 161, Training Loss: 0.0028, Validation Loss: 0.0017
2025-11-16 21:29:04,983 - INFO -   → New best validation loss: 0.0017
2025-11-16 21:29:13,932 - INFO - Epoch: 162, Training Loss: 0.0028, Validation Loss: 0.0024
2025-11-16 21:29:23,239 - INFO - Epoch: 163, Training Loss: 0.0025, Validation Loss: 0.0022
2025-11-16 21:29:32,876 - INFO - Epoch: 164, Training Loss: 0.0025, Validation Loss: 0.0025
2025-11-16 21:29:40,722 - INFO - Epoch: 165, Training Loss: 0.0028, Validation Loss: 0.0021
2025-11-16 21:29:47,017 - INFO - Epoch: 166, Training Loss: 0.0032, Validation Loss: 0.0030
2025-11-16 21:29:55,053 - INFO - Epoch: 167, Training Loss: 0.0027, Validation Loss: 0.0025
2025-11-16 21:30:03,394 - INFO - Epoch: 168, Training Loss: 0.0025, Validation Loss: 0.0022
2025-11-16 21:30:13,241 - INFO - Epoch: 169, Training Loss: 0.0027, Validation Loss: 0.0022
2025-11-16 21:30:22,262 - INFO - Epoch: 170, Training Loss: 0.0028, Validation Loss: 0.0030
2025-11-16 21:30:31,793 - INFO - Epoch: 171, Training Loss: 0.0025, Validation Loss: 0.0022
2025-11-16 21:30:40,525 - INFO - Epoch: 172, Training Loss: 0.0023, Validation Loss: 0.0021
2025-11-16 21:30:48,188 - INFO - Epoch: 173, Training Loss: 0.0025, Validation Loss: 0.0023
2025-11-16 21:30:57,713 - INFO - Epoch: 174, Training Loss: 0.0049, Validation Loss: 0.0021
2025-11-16 21:31:09,091 - INFO - Epoch: 175, Training Loss: 0.0027, Validation Loss: 0.0019
2025-11-16 21:31:17,448 - INFO - Epoch: 176, Training Loss: 0.0027, Validation Loss: 0.0029
2025-11-16 21:31:27,686 - INFO - Epoch: 177, Training Loss: 0.0026, Validation Loss: 0.0020
2025-11-16 21:31:38,286 - INFO - Epoch: 178, Training Loss: 0.0025, Validation Loss: 0.0024
2025-11-16 21:31:48,223 - INFO - Epoch: 179, Training Loss: 0.0026, Validation Loss: 0.0019
2025-11-16 21:31:58,611 - INFO - Epoch: 180, Training Loss: 0.0023, Validation Loss: 0.0017
2025-11-16 21:32:05,774 - INFO - Epoch: 181, Training Loss: 0.0060, Validation Loss: 0.0030
2025-11-16 21:32:05,774 - INFO - Early stopping triggered at epoch 181
2025-11-16 21:32:05,774 - INFO - Best validation loss: 0.0017
2025-11-16 21:32:05,779 - INFO - Restored best model weights
2025-11-16 21:32:05,779 - INFO - 
============================================================
2025-11-16 21:32:05,779 - INFO - EVALUATION RESULTS
2025-11-16 21:32:05,779 - INFO - ============================================================
2025-11-16 21:32:05,824 - INFO - Validation Prediction Stats:
2025-11-16 21:32:05,824 - INFO -   Std: 0.107617, Range: 0.740838, Unique ratio: 0.5615
2025-11-16 21:32:05,825 - INFO - Validation Set - MSE: 0.001694, MAE: 0.032336, RMSE: 0.041155, Pearson Correlation: 0.933633 (p=0.000000)
2025-11-16 21:32:05,869 - INFO - Test Prediction Stats:
2025-11-16 21:32:05,869 - INFO -   Std: 0.113557, Range: 0.738796, Unique ratio: 0.5182
2025-11-16 21:32:05,869 - INFO - Test Set - MSE: 0.002411, MAE: 0.038693, RMSE: 0.049102, Pearson Correlation: 0.916898 (p=0.000000)
2025-11-16 21:32:05,869 - INFO - ============================================================

2025-11-16 21:32:05,869 - INFO - Trial completed successfully
2025-11-16 21:32:05,869 - INFO - ================================================================================
2025-11-16 21:32:05,869 - INFO - Trial 7 completed. End time: 2025-11-16 21:3205
2025-11-16 21:32:05,869 - INFO - ================================================================================
