2025-11-17 13:56:52,138 - INFO - ================================================================================
2025-11-17 13:56:52,138 - INFO - TRIAL 15 - Task: RGS (FP1/FP2 only, no CV)
2025-11-17 13:56:52,138 - INFO - Log file: ./logs_fp_no_cv/trial15_RGS_20251117_093635.log
2025-11-17 13:56:52,138 - INFO - Start time: 2025-11-17 13:56:52
2025-11-17 13:56:52,138 - INFO - ================================================================================
2025-11-17 13:56:52,143 - INFO - START TRAINING - Task: RGS (FP1/FP2 only, no CV)
2025-11-17 13:56:52,143 - INFO - Learning rate: 0.005, Epochs: 200, Batches: 8
2025-11-17 13:56:52,143 - INFO - Data split: 70% train / 15% validation / 15% test
2025-11-17 13:56:52,144 - INFO - Loading dataset (FP1/FP2 channels only, fixed split)...
2025-11-17 13:56:52,163 - INFO - Dataset shapes - Train: (617, 2, 25, 1), Valid: (129, 2, 25, 1), Test: (139, 2, 25, 1)
2025-11-17 13:56:52,163 - INFO - Applied feature normalization (StandardScaler)
2025-11-17 13:56:52,164 - INFO - Initializing VIGNet-FP model (2 channels)...
2025-11-17 13:56:52,168 - INFO - Number of batch iterations per epoch: 77
2025-11-17 13:57:01,537 - INFO - Epoch: 1, Training Loss: 0.0344, Validation Loss: 0.0187
2025-11-17 13:57:01,541 - INFO -   → New best validation loss: 0.0187
2025-11-17 13:57:13,072 - INFO - Epoch: 2, Training Loss: 0.0176, Validation Loss: 0.0123
2025-11-17 13:57:13,077 - INFO -   → New best validation loss: 0.0123
2025-11-17 13:57:19,226 - INFO - Epoch: 3, Training Loss: 0.0134, Validation Loss: 0.0143
2025-11-17 13:57:29,968 - INFO - Epoch: 4, Training Loss: 0.0124, Validation Loss: 0.0092
2025-11-17 13:57:29,971 - INFO -   → New best validation loss: 0.0092
2025-11-17 13:57:39,829 - INFO - Epoch: 5, Training Loss: 0.0135, Validation Loss: 0.0108
2025-11-17 13:57:47,855 - INFO - Epoch: 6, Training Loss: 0.0118, Validation Loss: 0.0081
2025-11-17 13:57:47,856 - INFO -   → New best validation loss: 0.0081
2025-11-17 13:57:56,163 - INFO - Epoch: 7, Training Loss: 0.0091, Validation Loss: 0.0129
2025-11-17 13:58:02,664 - INFO - Epoch: 8, Training Loss: 0.0078, Validation Loss: 0.0082
2025-11-17 13:58:12,493 - INFO - Epoch: 9, Training Loss: 0.0087, Validation Loss: 0.0087
2025-11-17 13:58:19,732 - INFO - Epoch: 10, Training Loss: 0.0080, Validation Loss: 0.0085
2025-11-17 13:58:27,776 - INFO - Epoch: 11, Training Loss: 0.0073, Validation Loss: 0.0072
2025-11-17 13:58:27,778 - INFO -   → New best validation loss: 0.0072
2025-11-17 13:58:37,259 - INFO - Epoch: 12, Training Loss: 0.0069, Validation Loss: 0.0065
2025-11-17 13:58:37,262 - INFO -   → New best validation loss: 0.0065
2025-11-17 13:58:44,699 - INFO - Epoch: 13, Training Loss: 0.0065, Validation Loss: 0.0056
2025-11-17 13:58:44,701 - INFO -   → New best validation loss: 0.0056
2025-11-17 13:58:53,315 - INFO - Epoch: 14, Training Loss: 0.0051, Validation Loss: 0.0068
2025-11-17 13:59:00,473 - INFO - Epoch: 15, Training Loss: 0.0053, Validation Loss: 0.0056
2025-11-17 13:59:00,475 - INFO -   → New best validation loss: 0.0056
2025-11-17 13:59:08,550 - INFO - Epoch: 16, Training Loss: 0.0046, Validation Loss: 0.0057
2025-11-17 13:59:17,585 - INFO - Epoch: 17, Training Loss: 0.0049, Validation Loss: 0.0062
2025-11-17 13:59:25,532 - INFO - Epoch: 18, Training Loss: 0.0046, Validation Loss: 0.0060
2025-11-17 13:59:34,941 - INFO - Epoch: 19, Training Loss: 0.0050, Validation Loss: 0.0042
2025-11-17 13:59:34,942 - INFO -   → New best validation loss: 0.0042
2025-11-17 13:59:43,373 - INFO - Epoch: 20, Training Loss: 0.0050, Validation Loss: 0.0039
2025-11-17 13:59:43,379 - INFO -   → New best validation loss: 0.0039
2025-11-17 13:59:50,564 - INFO - Epoch: 21, Training Loss: 0.0042, Validation Loss: 0.0041
2025-11-17 14:00:00,623 - INFO - Epoch: 22, Training Loss: 0.0044, Validation Loss: 0.0034
2025-11-17 14:00:00,627 - INFO -   → New best validation loss: 0.0034
2025-11-17 14:00:08,909 - INFO - Epoch: 23, Training Loss: 0.0038, Validation Loss: 0.0054
2025-11-17 14:00:17,345 - INFO - Epoch: 24, Training Loss: 0.0040, Validation Loss: 0.0037
2025-11-17 14:00:25,978 - INFO - Epoch: 25, Training Loss: 0.0034, Validation Loss: 0.0028
2025-11-17 14:00:25,980 - INFO -   → New best validation loss: 0.0028
2025-11-17 14:00:34,676 - INFO - Epoch: 26, Training Loss: 0.0041, Validation Loss: 0.0036
2025-11-17 14:00:44,102 - INFO - Epoch: 27, Training Loss: 0.0048, Validation Loss: 0.0044
2025-11-17 14:00:51,525 - INFO - Epoch: 28, Training Loss: 0.0035, Validation Loss: 0.0029
2025-11-17 14:01:00,608 - INFO - Epoch: 29, Training Loss: 0.0051, Validation Loss: 0.0045
2025-11-17 14:01:10,198 - INFO - Epoch: 30, Training Loss: 0.0036, Validation Loss: 0.0028
2025-11-17 14:01:10,202 - INFO -   → New best validation loss: 0.0028
2025-11-17 14:01:20,905 - INFO - Epoch: 31, Training Loss: 0.0029, Validation Loss: 0.0034
2025-11-17 14:01:29,419 - INFO - Epoch: 32, Training Loss: 0.0031, Validation Loss: 0.0031
2025-11-17 14:01:37,231 - INFO - Epoch: 33, Training Loss: 0.0030, Validation Loss: 0.0043
2025-11-17 14:01:46,650 - INFO - Epoch: 34, Training Loss: 0.0038, Validation Loss: 0.0025
2025-11-17 14:01:46,654 - INFO -   → New best validation loss: 0.0025
2025-11-17 14:01:57,530 - INFO - Epoch: 35, Training Loss: 0.0028, Validation Loss: 0.0043
2025-11-17 14:02:06,701 - INFO - Epoch: 36, Training Loss: 0.0037, Validation Loss: 0.0026
2025-11-17 14:02:14,586 - INFO - Epoch: 37, Training Loss: 0.0028, Validation Loss: 0.0033
2025-11-17 14:02:23,409 - INFO - Epoch: 38, Training Loss: 0.0027, Validation Loss: 0.0025
2025-11-17 14:02:30,484 - INFO - Epoch: 39, Training Loss: 0.0023, Validation Loss: 0.0023
2025-11-17 14:02:30,485 - INFO -   → New best validation loss: 0.0023
2025-11-17 14:02:39,564 - INFO - Epoch: 40, Training Loss: 0.0026, Validation Loss: 0.0034
2025-11-17 14:02:50,000 - INFO - Epoch: 41, Training Loss: 0.0026, Validation Loss: 0.0033
2025-11-17 14:02:58,521 - INFO - Epoch: 42, Training Loss: 0.0027, Validation Loss: 0.0041
2025-11-17 14:03:06,418 - INFO - Epoch: 43, Training Loss: 0.0031, Validation Loss: 0.0037
2025-11-17 14:03:13,390 - INFO - Epoch: 44, Training Loss: 0.0028, Validation Loss: 0.0022
2025-11-17 14:03:13,390 - INFO -   → New best validation loss: 0.0022
2025-11-17 14:03:22,083 - INFO - Epoch: 45, Training Loss: 0.0025, Validation Loss: 0.0026
2025-11-17 14:03:30,598 - INFO - Epoch: 46, Training Loss: 0.0025, Validation Loss: 0.0027
2025-11-17 14:03:41,711 - INFO - Epoch: 47, Training Loss: 0.0020, Validation Loss: 0.0021
2025-11-17 14:03:41,715 - INFO -   → New best validation loss: 0.0021
2025-11-17 14:03:50,513 - INFO - Epoch: 48, Training Loss: 0.0019, Validation Loss: 0.0018
2025-11-17 14:03:50,516 - INFO -   → New best validation loss: 0.0018
2025-11-17 14:03:59,144 - INFO - Epoch: 49, Training Loss: 0.0021, Validation Loss: 0.0026
2025-11-17 14:04:07,480 - INFO - Epoch: 50, Training Loss: 0.0022, Validation Loss: 0.0022
2025-11-17 14:04:16,372 - INFO - Epoch: 51, Training Loss: 0.0018, Validation Loss: 0.0020
2025-11-17 14:04:27,901 - INFO - Epoch: 52, Training Loss: 0.0017, Validation Loss: 0.0029
2025-11-17 14:04:34,506 - INFO - Epoch: 53, Training Loss: 0.0017, Validation Loss: 0.0016
2025-11-17 14:04:34,507 - INFO -   → New best validation loss: 0.0016
2025-11-17 14:04:44,252 - INFO - Epoch: 54, Training Loss: 0.0020, Validation Loss: 0.0018
2025-11-17 14:04:52,014 - INFO - Epoch: 55, Training Loss: 0.0019, Validation Loss: 0.0026
2025-11-17 14:05:03,241 - INFO - Epoch: 56, Training Loss: 0.0022, Validation Loss: 0.0017
2025-11-17 14:05:09,557 - INFO - Epoch: 57, Training Loss: 0.0017, Validation Loss: 0.0023
2025-11-17 14:05:19,829 - INFO - Epoch: 58, Training Loss: 0.0018, Validation Loss: 0.0020
2025-11-17 14:05:31,595 - INFO - Epoch: 59, Training Loss: 0.0020, Validation Loss: 0.0019
2025-11-17 14:05:40,160 - INFO - Epoch: 60, Training Loss: 0.0014, Validation Loss: 0.0016
2025-11-17 14:05:48,396 - INFO - Epoch: 61, Training Loss: 0.0014, Validation Loss: 0.0019
2025-11-17 14:05:58,933 - INFO - Epoch: 62, Training Loss: 0.0015, Validation Loss: 0.0019
2025-11-17 14:06:07,226 - INFO - Epoch: 63, Training Loss: 0.0017, Validation Loss: 0.0022
2025-11-17 14:06:14,680 - INFO - Epoch: 64, Training Loss: 0.0014, Validation Loss: 0.0020
2025-11-17 14:06:21,883 - INFO - Epoch: 65, Training Loss: 0.0018, Validation Loss: 0.0018
2025-11-17 14:06:30,599 - INFO - Epoch: 66, Training Loss: 0.0020, Validation Loss: 0.0017
2025-11-17 14:06:39,453 - INFO - Epoch: 67, Training Loss: 0.0019, Validation Loss: 0.0021
2025-11-17 14:06:47,197 - INFO - Epoch: 68, Training Loss: 0.0020, Validation Loss: 0.0022
2025-11-17 14:06:54,404 - INFO - Epoch: 69, Training Loss: 0.0015, Validation Loss: 0.0015
2025-11-17 14:06:54,405 - INFO -   → New best validation loss: 0.0015
2025-11-17 14:07:02,458 - INFO - Epoch: 70, Training Loss: 0.0013, Validation Loss: 0.0013
2025-11-17 14:07:02,464 - INFO -   → New best validation loss: 0.0013
2025-11-17 14:07:12,899 - INFO - Epoch: 71, Training Loss: 0.0018, Validation Loss: 0.0016
2025-11-17 14:07:22,171 - INFO - Epoch: 72, Training Loss: 0.0017, Validation Loss: 0.0018
2025-11-17 14:07:30,545 - INFO - Epoch: 73, Training Loss: 0.0017, Validation Loss: 0.0016
2025-11-17 14:07:41,524 - INFO - Epoch: 74, Training Loss: 0.0017, Validation Loss: 0.0013
2025-11-17 14:07:41,527 - INFO -   → New best validation loss: 0.0013
2025-11-17 14:07:48,495 - INFO - Epoch: 75, Training Loss: 0.0014, Validation Loss: 0.0013
2025-11-17 14:07:56,416 - INFO - Epoch: 76, Training Loss: 0.0015, Validation Loss: 0.0015
2025-11-17 14:08:06,794 - INFO - Epoch: 77, Training Loss: 0.0013, Validation Loss: 0.0010
2025-11-17 14:08:06,797 - INFO -   → New best validation loss: 0.0010
2025-11-17 14:08:16,512 - INFO - Epoch: 78, Training Loss: 0.0011, Validation Loss: 0.0011
2025-11-17 14:08:26,865 - INFO - Epoch: 79, Training Loss: 0.0019, Validation Loss: 0.0010
2025-11-17 14:08:26,868 - INFO -   → New best validation loss: 0.0010
2025-11-17 14:08:35,888 - INFO - Epoch: 80, Training Loss: 0.0013, Validation Loss: 0.0019
2025-11-17 14:08:44,312 - INFO - Epoch: 81, Training Loss: 0.0010, Validation Loss: 0.0023
2025-11-17 14:08:51,978 - INFO - Epoch: 82, Training Loss: 0.0009, Validation Loss: 0.0010
2025-11-17 14:09:00,097 - INFO - Epoch: 83, Training Loss: 0.0011, Validation Loss: 0.0018
2025-11-17 14:09:08,717 - INFO - Epoch: 84, Training Loss: 0.0011, Validation Loss: 0.0018
2025-11-17 14:09:19,146 - INFO - Epoch: 85, Training Loss: 0.0015, Validation Loss: 0.0012
2025-11-17 14:09:27,492 - INFO - Epoch: 86, Training Loss: 0.0009, Validation Loss: 0.0010
2025-11-17 14:09:37,113 - INFO - Epoch: 87, Training Loss: 0.0009, Validation Loss: 0.0010
2025-11-17 14:09:46,176 - INFO - Epoch: 88, Training Loss: 0.0012, Validation Loss: 0.0022
2025-11-17 14:09:55,230 - INFO - Epoch: 89, Training Loss: 0.0015, Validation Loss: 0.0019
2025-11-17 14:10:03,818 - INFO - Epoch: 90, Training Loss: 0.0014, Validation Loss: 0.0009
2025-11-17 14:10:03,819 - INFO -   → New best validation loss: 0.0009
2025-11-17 14:10:10,735 - INFO - Epoch: 91, Training Loss: 0.0011, Validation Loss: 0.0015
2025-11-17 14:10:21,484 - INFO - Epoch: 92, Training Loss: 0.0010, Validation Loss: 0.0016
2025-11-17 14:10:30,156 - INFO - Epoch: 93, Training Loss: 0.0011, Validation Loss: 0.0008
2025-11-17 14:10:30,157 - INFO -   → New best validation loss: 0.0008
2025-11-17 14:10:40,106 - INFO - Epoch: 94, Training Loss: 0.0012, Validation Loss: 0.0018
2025-11-17 14:10:50,983 - INFO - Epoch: 95, Training Loss: 0.0014, Validation Loss: 0.0011
2025-11-17 14:10:58,440 - INFO - Epoch: 96, Training Loss: 0.0010, Validation Loss: 0.0013
2025-11-17 14:11:07,736 - INFO - Epoch: 97, Training Loss: 0.0010, Validation Loss: 0.0011
2025-11-17 14:11:18,350 - INFO - Epoch: 98, Training Loss: 0.0008, Validation Loss: 0.0010
2025-11-17 14:11:25,200 - INFO - Epoch: 99, Training Loss: 0.0010, Validation Loss: 0.0009
2025-11-17 14:11:36,331 - INFO - Epoch: 100, Training Loss: 0.0010, Validation Loss: 0.0010
2025-11-17 14:11:48,971 - INFO - Epoch: 101, Training Loss: 0.0008, Validation Loss: 0.0007
2025-11-17 14:11:48,974 - INFO -   → New best validation loss: 0.0007
2025-11-17 14:11:59,661 - INFO - Epoch: 102, Training Loss: 0.0013, Validation Loss: 0.0008
2025-11-17 14:12:09,521 - INFO - Epoch: 103, Training Loss: 0.0011, Validation Loss: 0.0021
2025-11-17 14:12:16,835 - INFO - Epoch: 104, Training Loss: 0.0007, Validation Loss: 0.0008
2025-11-17 14:12:25,978 - INFO - Epoch: 105, Training Loss: 0.0008, Validation Loss: 0.0021
2025-11-17 14:12:35,681 - INFO - Epoch: 106, Training Loss: 0.0011, Validation Loss: 0.0008
2025-11-17 14:12:44,300 - INFO - Epoch: 107, Training Loss: 0.0013, Validation Loss: 0.0014
2025-11-17 14:12:52,576 - INFO - Epoch: 108, Training Loss: 0.0011, Validation Loss: 0.0010
2025-11-17 14:13:01,669 - INFO - Epoch: 109, Training Loss: 0.0013, Validation Loss: 0.0012
2025-11-17 14:13:10,681 - INFO - Epoch: 110, Training Loss: 0.0009, Validation Loss: 0.0011
2025-11-17 14:13:20,971 - INFO - Epoch: 111, Training Loss: 0.0009, Validation Loss: 0.0010
2025-11-17 14:13:27,087 - INFO - Epoch: 112, Training Loss: 0.0010, Validation Loss: 0.0018
2025-11-17 14:13:36,654 - INFO - Epoch: 113, Training Loss: 0.0017, Validation Loss: 0.0013
2025-11-17 14:13:46,000 - INFO - Epoch: 114, Training Loss: 0.0011, Validation Loss: 0.0012
2025-11-17 14:13:57,510 - INFO - Epoch: 115, Training Loss: 0.0012, Validation Loss: 0.0028
2025-11-17 14:14:06,918 - INFO - Epoch: 116, Training Loss: 0.0009, Validation Loss: 0.0008
2025-11-17 14:14:16,842 - INFO - Epoch: 117, Training Loss: 0.0008, Validation Loss: 0.0013
2025-11-17 14:14:25,366 - INFO - Epoch: 118, Training Loss: 0.0011, Validation Loss: 0.0010
2025-11-17 14:14:35,601 - INFO - Epoch: 119, Training Loss: 0.0011, Validation Loss: 0.0012
2025-11-17 14:14:45,232 - INFO - Epoch: 120, Training Loss: 0.0011, Validation Loss: 0.0009
2025-11-17 14:14:54,620 - INFO - Epoch: 121, Training Loss: 0.0006, Validation Loss: 0.0006
2025-11-17 14:14:54,622 - INFO -   → New best validation loss: 0.0006
2025-11-17 14:15:05,460 - INFO - Epoch: 122, Training Loss: 0.0009, Validation Loss: 0.0008
2025-11-17 14:15:13,909 - INFO - Epoch: 123, Training Loss: 0.0009, Validation Loss: 0.0009
2025-11-17 14:15:21,909 - INFO - Epoch: 124, Training Loss: 0.0008, Validation Loss: 0.0010
2025-11-17 14:15:32,162 - INFO - Epoch: 125, Training Loss: 0.0008, Validation Loss: 0.0019
2025-11-17 14:15:39,889 - INFO - Epoch: 126, Training Loss: 0.0011, Validation Loss: 0.0009
2025-11-17 14:15:48,079 - INFO - Epoch: 127, Training Loss: 0.0009, Validation Loss: 0.0009
2025-11-17 14:15:54,675 - INFO - Epoch: 128, Training Loss: 0.0012, Validation Loss: 0.0011
2025-11-17 14:16:04,651 - INFO - Epoch: 129, Training Loss: 0.0010, Validation Loss: 0.0007
2025-11-17 14:16:13,642 - INFO - Epoch: 130, Training Loss: 0.0007, Validation Loss: 0.0007
2025-11-17 14:16:25,162 - INFO - Epoch: 131, Training Loss: 0.0008, Validation Loss: 0.0012
2025-11-17 14:16:32,967 - INFO - Epoch: 132, Training Loss: 0.0010, Validation Loss: 0.0022
2025-11-17 14:16:43,693 - INFO - Epoch: 133, Training Loss: 0.0011, Validation Loss: 0.0010
2025-11-17 14:16:51,792 - INFO - Epoch: 134, Training Loss: 0.0008, Validation Loss: 0.0010
2025-11-17 14:17:02,236 - INFO - Epoch: 135, Training Loss: 0.0016, Validation Loss: 0.0020
2025-11-17 14:17:15,089 - INFO - Epoch: 136, Training Loss: 0.0010, Validation Loss: 0.0010
2025-11-17 14:17:23,343 - INFO - Epoch: 137, Training Loss: 0.0012, Validation Loss: 0.0014
2025-11-17 14:17:31,813 - INFO - Epoch: 138, Training Loss: 0.0011, Validation Loss: 0.0012
2025-11-17 14:17:41,430 - INFO - Epoch: 139, Training Loss: 0.0008, Validation Loss: 0.0010
2025-11-17 14:17:49,858 - INFO - Epoch: 140, Training Loss: 0.0008, Validation Loss: 0.0007
2025-11-17 14:17:58,649 - INFO - Epoch: 141, Training Loss: 0.0009, Validation Loss: 0.0015
2025-11-17 14:17:58,649 - INFO - Early stopping triggered at epoch 141
2025-11-17 14:17:58,649 - INFO - Best validation loss: 0.0006
2025-11-17 14:17:58,653 - INFO - Restored best model weights
2025-11-17 14:17:58,654 - INFO - 
============================================================
2025-11-17 14:17:58,654 - INFO - EVALUATION RESULTS
2025-11-17 14:17:58,654 - INFO - ============================================================
2025-11-17 14:17:58,697 - INFO - Validation Prediction Stats:
2025-11-17 14:17:58,697 - INFO -   Std: 0.157020, Range: 0.779349, Unique ratio: 0.6899
2025-11-17 14:17:58,698 - INFO - Validation Set - MSE: 0.000493, MAE: 0.017653, RMSE: 0.022212, Pearson Correlation: 0.990692 (p=0.000000)
2025-11-17 14:17:58,742 - INFO - Test Prediction Stats:
2025-11-17 14:17:58,742 - INFO -   Std: 0.158542, Range: 0.735473, Unique ratio: 0.6619
2025-11-17 14:17:58,742 - INFO - Test Set - MSE: 0.000815, MAE: 0.021938, RMSE: 0.028541, Pearson Correlation: 0.988595 (p=0.000000)
2025-11-17 14:17:58,742 - INFO - ============================================================

2025-11-17 14:17:58,742 - INFO - Trial completed successfully
2025-11-17 14:17:58,742 - INFO - ================================================================================
2025-11-17 14:17:58,742 - INFO - Trial 15 completed. End time: 2025-11-17 14:17:58
2025-11-17 14:17:58,742 - INFO - ================================================================================
