2025-11-17 09:58:15,924 - INFO - ================================================================================
2025-11-17 09:58:15,924 - INFO - TRIAL 2 - Task: RGS (FP1/FP2 only, no CV)
2025-11-17 09:58:15,924 - INFO - Log file: ./logs_fp_no_cv/trial2_RGS_20251117_093635.log
2025-11-17 09:58:15,924 - INFO - Start time: 2025-11-17 09:58:15
2025-11-17 09:58:15,924 - INFO - ================================================================================
2025-11-17 09:58:15,926 - INFO - START TRAINING - Task: RGS (FP1/FP2 only, no CV)
2025-11-17 09:58:15,926 - INFO - Learning rate: 0.005, Epochs: 200, Batches: 8
2025-11-17 09:58:15,926 - INFO - Data split: 70% train / 15% validation / 15% test
2025-11-17 09:58:15,926 - INFO - Loading dataset (FP1/FP2 channels only, fixed split)...
2025-11-17 09:58:15,938 - INFO - Dataset shapes - Train: (616, 2, 25, 1), Valid: (130, 2, 25, 1), Test: (139, 2, 25, 1)
2025-11-17 09:58:15,938 - INFO - Applied feature normalization (StandardScaler)
2025-11-17 09:58:15,939 - INFO - Initializing VIGNet-FP model (2 channels)...
2025-11-17 09:58:15,943 - INFO - Number of batch iterations per epoch: 77
2025-11-17 09:58:24,907 - INFO - Epoch: 1, Training Loss: 0.0295, Validation Loss: 0.0220
2025-11-17 09:58:24,909 - INFO -   → New best validation loss: 0.0220
2025-11-17 09:58:33,086 - INFO - Epoch: 2, Training Loss: 0.0221, Validation Loss: 0.0161
2025-11-17 09:58:33,088 - INFO -   → New best validation loss: 0.0161
2025-11-17 09:58:42,735 - INFO - Epoch: 3, Training Loss: 0.0169, Validation Loss: 0.0141
2025-11-17 09:58:42,736 - INFO -   → New best validation loss: 0.0141
2025-11-17 09:58:49,379 - INFO - Epoch: 4, Training Loss: 0.0108, Validation Loss: 0.0069
2025-11-17 09:58:49,380 - INFO -   → New best validation loss: 0.0069
2025-11-17 09:58:58,697 - INFO - Epoch: 5, Training Loss: 0.0095, Validation Loss: 0.0052
2025-11-17 09:58:58,703 - INFO -   → New best validation loss: 0.0052
2025-11-17 09:59:05,125 - INFO - Epoch: 6, Training Loss: 0.0062, Validation Loss: 0.0050
2025-11-17 09:59:05,126 - INFO -   → New best validation loss: 0.0050
2025-11-17 09:59:11,821 - INFO - Epoch: 7, Training Loss: 0.0051, Validation Loss: 0.0045
2025-11-17 09:59:11,822 - INFO -   → New best validation loss: 0.0045
2025-11-17 09:59:19,956 - INFO - Epoch: 8, Training Loss: 0.0048, Validation Loss: 0.0034
2025-11-17 09:59:19,957 - INFO -   → New best validation loss: 0.0034
2025-11-17 09:59:28,711 - INFO - Epoch: 9, Training Loss: 0.0034, Validation Loss: 0.0024
2025-11-17 09:59:28,712 - INFO -   → New best validation loss: 0.0024
2025-11-17 09:59:39,448 - INFO - Epoch: 10, Training Loss: 0.0025, Validation Loss: 0.0024
2025-11-17 09:59:39,450 - INFO -   → New best validation loss: 0.0024
2025-11-17 09:59:47,926 - INFO - Epoch: 11, Training Loss: 0.0025, Validation Loss: 0.0019
2025-11-17 09:59:47,927 - INFO -   → New best validation loss: 0.0019
2025-11-17 09:59:58,163 - INFO - Epoch: 12, Training Loss: 0.0025, Validation Loss: 0.0017
2025-11-17 09:59:58,164 - INFO -   → New best validation loss: 0.0017
2025-11-17 10:00:06,227 - INFO - Epoch: 13, Training Loss: 0.0022, Validation Loss: 0.0020
2025-11-17 10:00:14,628 - INFO - Epoch: 14, Training Loss: 0.0018, Validation Loss: 0.0014
2025-11-17 10:00:14,628 - INFO -   → New best validation loss: 0.0014
2025-11-17 10:00:22,339 - INFO - Epoch: 15, Training Loss: 0.0017, Validation Loss: 0.0020
2025-11-17 10:00:30,229 - INFO - Epoch: 16, Training Loss: 0.0017, Validation Loss: 0.0013
2025-11-17 10:00:30,230 - INFO -   → New best validation loss: 0.0013
2025-11-17 10:00:39,133 - INFO - Epoch: 17, Training Loss: 0.0014, Validation Loss: 0.0009
2025-11-17 10:00:39,136 - INFO -   → New best validation loss: 0.0009
2025-11-17 10:00:49,151 - INFO - Epoch: 18, Training Loss: 0.0012, Validation Loss: 0.0010
2025-11-17 10:00:55,534 - INFO - Epoch: 19, Training Loss: 0.0012, Validation Loss: 0.0013
2025-11-17 10:01:04,879 - INFO - Epoch: 20, Training Loss: 0.0012, Validation Loss: 0.0015
2025-11-17 10:01:14,219 - INFO - Epoch: 21, Training Loss: 0.0013, Validation Loss: 0.0013
2025-11-17 10:01:21,805 - INFO - Epoch: 22, Training Loss: 0.0017, Validation Loss: 0.0018
2025-11-17 10:01:28,603 - INFO - Epoch: 23, Training Loss: 0.0010, Validation Loss: 0.0020
2025-11-17 10:01:37,234 - INFO - Epoch: 24, Training Loss: 0.0013, Validation Loss: 0.0014
2025-11-17 10:01:46,305 - INFO - Epoch: 25, Training Loss: 0.0011, Validation Loss: 0.0009
2025-11-17 10:01:56,106 - INFO - Epoch: 26, Training Loss: 0.0013, Validation Loss: 0.0011
2025-11-17 10:02:04,381 - INFO - Epoch: 27, Training Loss: 0.0013, Validation Loss: 0.0009
2025-11-17 10:02:14,841 - INFO - Epoch: 28, Training Loss: 0.0011, Validation Loss: 0.0014
2025-11-17 10:02:24,146 - INFO - Epoch: 29, Training Loss: 0.0012, Validation Loss: 0.0010
2025-11-17 10:02:32,765 - INFO - Epoch: 30, Training Loss: 0.0009, Validation Loss: 0.0008
2025-11-17 10:02:32,766 - INFO -   → New best validation loss: 0.0008
2025-11-17 10:02:42,501 - INFO - Epoch: 31, Training Loss: 0.0009, Validation Loss: 0.0015
2025-11-17 10:02:51,913 - INFO - Epoch: 32, Training Loss: 0.0009, Validation Loss: 0.0011
2025-11-17 10:03:01,293 - INFO - Epoch: 33, Training Loss: 0.0009, Validation Loss: 0.0010
2025-11-17 10:03:09,281 - INFO - Epoch: 34, Training Loss: 0.0011, Validation Loss: 0.0006
2025-11-17 10:03:09,284 - INFO -   → New best validation loss: 0.0006
2025-11-17 10:03:16,960 - INFO - Epoch: 35, Training Loss: 0.0011, Validation Loss: 0.0009
2025-11-17 10:03:25,722 - INFO - Epoch: 36, Training Loss: 0.0010, Validation Loss: 0.0008
2025-11-17 10:03:37,716 - INFO - Epoch: 37, Training Loss: 0.0009, Validation Loss: 0.0010
2025-11-17 10:03:46,786 - INFO - Epoch: 38, Training Loss: 0.0008, Validation Loss: 0.0010
2025-11-17 10:03:56,442 - INFO - Epoch: 39, Training Loss: 0.0007, Validation Loss: 0.0007
2025-11-17 10:04:04,604 - INFO - Epoch: 40, Training Loss: 0.0010, Validation Loss: 0.0008
2025-11-17 10:04:11,302 - INFO - Epoch: 41, Training Loss: 0.0008, Validation Loss: 0.0007
2025-11-17 10:04:19,161 - INFO - Epoch: 42, Training Loss: 0.0010, Validation Loss: 0.0008
2025-11-17 10:04:28,702 - INFO - Epoch: 43, Training Loss: 0.0008, Validation Loss: 0.0008
2025-11-17 10:04:36,707 - INFO - Epoch: 44, Training Loss: 0.0007, Validation Loss: 0.0011
2025-11-17 10:04:45,257 - INFO - Epoch: 45, Training Loss: 0.0009, Validation Loss: 0.0008
2025-11-17 10:04:52,334 - INFO - Epoch: 46, Training Loss: 0.0009, Validation Loss: 0.0008
2025-11-17 10:05:02,121 - INFO - Epoch: 47, Training Loss: 0.0007, Validation Loss: 0.0009
2025-11-17 10:05:12,123 - INFO - Epoch: 48, Training Loss: 0.0009, Validation Loss: 0.0018
2025-11-17 10:05:22,761 - INFO - Epoch: 49, Training Loss: 0.0010, Validation Loss: 0.0010
2025-11-17 10:05:31,924 - INFO - Epoch: 50, Training Loss: 0.0009, Validation Loss: 0.0015
2025-11-17 10:05:41,409 - INFO - Epoch: 51, Training Loss: 0.0010, Validation Loss: 0.0009
2025-11-17 10:05:47,136 - INFO - Epoch: 52, Training Loss: 0.0009, Validation Loss: 0.0010
2025-11-17 10:05:54,276 - INFO - Epoch: 53, Training Loss: 0.0010, Validation Loss: 0.0010
2025-11-17 10:06:04,369 - INFO - Epoch: 54, Training Loss: 0.0009, Validation Loss: 0.0017
2025-11-17 10:06:04,369 - INFO - Early stopping triggered at epoch 54
2025-11-17 10:06:04,369 - INFO - Best validation loss: 0.0006
2025-11-17 10:06:04,374 - INFO - Restored best model weights
2025-11-17 10:06:04,374 - INFO - 
============================================================
2025-11-17 10:06:04,374 - INFO - EVALUATION RESULTS
2025-11-17 10:06:04,374 - INFO - ============================================================
2025-11-17 10:06:04,419 - INFO - Validation Prediction Stats:
2025-11-17 10:06:04,419 - INFO -   Std: 0.156387, Range: 0.787148, Unique ratio: 0.6615
2025-11-17 10:06:04,420 - INFO - Validation Set - MSE: 0.000662, MAE: 0.019925, RMSE: 0.025721, Pearson Correlation: 0.988706 (p=0.000000)
2025-11-17 10:06:04,488 - INFO - Test Prediction Stats:
2025-11-17 10:06:04,488 - INFO -   Std: 0.173098, Range: 0.845093, Unique ratio: 0.6043
2025-11-17 10:06:04,489 - INFO - Test Set - MSE: 0.000859, MAE: 0.022242, RMSE: 0.029315, Pearson Correlation: 0.986642 (p=0.000000)
2025-11-17 10:06:04,489 - INFO - ============================================================

2025-11-17 10:06:04,490 - INFO - Trial completed successfully
2025-11-17 10:06:04,490 - INFO - ================================================================================
2025-11-17 10:06:04,490 - INFO - Trial 2 completed. End time: 2025-11-17 10:06:04
2025-11-17 10:06:04,490 - INFO - ================================================================================
