2025-11-17 12:53:25,848 - INFO - ================================================================================
2025-11-17 12:53:25,848 - INFO - TRIAL 12 - Task: RGS (FP1/FP2 only, no CV)
2025-11-17 12:53:25,848 - INFO - Log file: ./logs_fp_no_cv/trial12_RGS_20251117_093635.log
2025-11-17 12:53:25,848 - INFO - Start time: 2025-11-17 12:53:25
2025-11-17 12:53:25,848 - INFO - ================================================================================
2025-11-17 12:53:25,850 - INFO - START TRAINING - Task: RGS (FP1/FP2 only, no CV)
2025-11-17 12:53:25,851 - INFO - Learning rate: 0.005, Epochs: 200, Batches: 8
2025-11-17 12:53:25,851 - INFO - Data split: 70% train / 15% validation / 15% test
2025-11-17 12:53:25,851 - INFO - Loading dataset (FP1/FP2 channels only, fixed split)...
2025-11-17 12:53:25,864 - INFO - Dataset shapes - Train: (618, 2, 25, 1), Valid: (131, 2, 25, 1), Test: (136, 2, 25, 1)
2025-11-17 12:53:25,865 - INFO - Applied feature normalization (StandardScaler)
2025-11-17 12:53:25,865 - INFO - Initializing VIGNet-FP model (2 channels)...
2025-11-17 12:53:25,872 - INFO - Number of batch iterations per epoch: 77
2025-11-17 12:53:33,161 - INFO - Epoch: 1, Training Loss: 0.0948, Validation Loss: 0.0256
2025-11-17 12:53:33,162 - INFO -   → New best validation loss: 0.0256
2025-11-17 12:53:40,890 - INFO - Epoch: 2, Training Loss: 0.0190, Validation Loss: 0.0091
2025-11-17 12:53:40,891 - INFO -   → New best validation loss: 0.0091
2025-11-17 12:53:50,381 - INFO - Epoch: 3, Training Loss: 0.0135, Validation Loss: 0.0179
2025-11-17 12:53:56,431 - INFO - Epoch: 4, Training Loss: 0.0140, Validation Loss: 0.0128
2025-11-17 12:54:04,304 - INFO - Epoch: 5, Training Loss: 0.0138, Validation Loss: 0.0092
2025-11-17 12:54:11,875 - INFO - Epoch: 6, Training Loss: 0.0120, Validation Loss: 0.0118
2025-11-17 12:54:22,237 - INFO - Epoch: 7, Training Loss: 0.0124, Validation Loss: 0.0132
2025-11-17 12:54:30,129 - INFO - Epoch: 8, Training Loss: 0.0142, Validation Loss: 0.0080
2025-11-17 12:54:30,130 - INFO -   → New best validation loss: 0.0080
2025-11-17 12:54:38,946 - INFO - Epoch: 9, Training Loss: 0.0135, Validation Loss: 0.0085
2025-11-17 12:54:49,898 - INFO - Epoch: 10, Training Loss: 0.0108, Validation Loss: 0.0102
2025-11-17 12:55:00,570 - INFO - Epoch: 11, Training Loss: 0.0119, Validation Loss: 0.0195
2025-11-17 12:55:11,519 - INFO - Epoch: 12, Training Loss: 0.0127, Validation Loss: 0.0091
2025-11-17 12:55:19,002 - INFO - Epoch: 13, Training Loss: 0.0131, Validation Loss: 0.0091
2025-11-17 12:55:28,035 - INFO - Epoch: 14, Training Loss: 0.0109, Validation Loss: 0.0081
2025-11-17 12:55:37,765 - INFO - Epoch: 15, Training Loss: 0.0109, Validation Loss: 0.0112
2025-11-17 12:55:46,821 - INFO - Epoch: 16, Training Loss: 0.0109, Validation Loss: 0.0113
2025-11-17 12:55:56,951 - INFO - Epoch: 17, Training Loss: 0.0116, Validation Loss: 0.0093
2025-11-17 12:56:05,111 - INFO - Epoch: 18, Training Loss: 0.0105, Validation Loss: 0.0074
2025-11-17 12:56:05,116 - INFO -   → New best validation loss: 0.0074
2025-11-17 12:56:14,304 - INFO - Epoch: 19, Training Loss: 0.0108, Validation Loss: 0.0104
2025-11-17 12:56:24,379 - INFO - Epoch: 20, Training Loss: 0.0101, Validation Loss: 0.0082
2025-11-17 12:56:31,885 - INFO - Epoch: 21, Training Loss: 0.0098, Validation Loss: 0.0082
2025-11-17 12:56:40,340 - INFO - Epoch: 22, Training Loss: 0.0099, Validation Loss: 0.0092
2025-11-17 12:56:51,109 - INFO - Epoch: 23, Training Loss: 0.0113, Validation Loss: 0.0085
2025-11-17 12:57:03,638 - INFO - Epoch: 24, Training Loss: 0.0104, Validation Loss: 0.0095
2025-11-17 12:57:12,463 - INFO - Epoch: 25, Training Loss: 0.0099, Validation Loss: 0.0086
2025-11-17 12:57:22,769 - INFO - Epoch: 26, Training Loss: 0.0095, Validation Loss: 0.0099
2025-11-17 12:57:31,493 - INFO - Epoch: 27, Training Loss: 0.0102, Validation Loss: 0.0096
2025-11-17 12:57:41,735 - INFO - Epoch: 28, Training Loss: 0.0096, Validation Loss: 0.0084
2025-11-17 12:57:51,711 - INFO - Epoch: 29, Training Loss: 0.0100, Validation Loss: 0.0096
2025-11-17 12:57:59,614 - INFO - Epoch: 30, Training Loss: 0.0101, Validation Loss: 0.0067
2025-11-17 12:57:59,615 - INFO -   → New best validation loss: 0.0067
2025-11-17 12:58:07,388 - INFO - Epoch: 31, Training Loss: 0.0091, Validation Loss: 0.0070
2025-11-17 12:58:17,188 - INFO - Epoch: 32, Training Loss: 0.0098, Validation Loss: 0.0092
2025-11-17 12:58:26,805 - INFO - Epoch: 33, Training Loss: 0.0095, Validation Loss: 0.0076
2025-11-17 12:58:35,241 - INFO - Epoch: 34, Training Loss: 0.0083, Validation Loss: 0.0107
2025-11-17 12:58:46,008 - INFO - Epoch: 35, Training Loss: 0.0104, Validation Loss: 0.0071
2025-11-17 12:58:55,240 - INFO - Epoch: 36, Training Loss: 0.0092, Validation Loss: 0.0070
2025-11-17 12:59:04,927 - INFO - Epoch: 37, Training Loss: 0.0094, Validation Loss: 0.0089
2025-11-17 12:59:15,050 - INFO - Epoch: 38, Training Loss: 0.0096, Validation Loss: 0.0097
2025-11-17 12:59:22,950 - INFO - Epoch: 39, Training Loss: 0.0093, Validation Loss: 0.0076
2025-11-17 12:59:32,473 - INFO - Epoch: 40, Training Loss: 0.0094, Validation Loss: 0.0079
2025-11-17 12:59:42,041 - INFO - Epoch: 41, Training Loss: 0.0104, Validation Loss: 0.0087
2025-11-17 12:59:53,766 - INFO - Epoch: 42, Training Loss: 0.0090, Validation Loss: 0.0075
2025-11-17 13:00:03,560 - INFO - Epoch: 43, Training Loss: 0.0093, Validation Loss: 0.0071
2025-11-17 13:00:13,726 - INFO - Epoch: 44, Training Loss: 0.0092, Validation Loss: 0.0063
2025-11-17 13:00:13,731 - INFO -   → New best validation loss: 0.0063
2025-11-17 13:00:23,547 - INFO - Epoch: 45, Training Loss: 0.0084, Validation Loss: 0.0081
2025-11-17 13:00:30,612 - INFO - Epoch: 46, Training Loss: 0.0087, Validation Loss: 0.0075
2025-11-17 13:00:39,362 - INFO - Epoch: 47, Training Loss: 0.0086, Validation Loss: 0.0067
2025-11-17 13:00:48,886 - INFO - Epoch: 48, Training Loss: 0.0082, Validation Loss: 0.0080
2025-11-17 13:00:56,486 - INFO - Epoch: 49, Training Loss: 0.0084, Validation Loss: 0.0074
2025-11-17 13:01:08,382 - INFO - Epoch: 50, Training Loss: 0.0080, Validation Loss: 0.0077
2025-11-17 13:01:19,208 - INFO - Epoch: 51, Training Loss: 0.0087, Validation Loss: 0.0065
2025-11-17 13:01:27,788 - INFO - Epoch: 52, Training Loss: 0.0090, Validation Loss: 0.0077
2025-11-17 13:01:38,341 - INFO - Epoch: 53, Training Loss: 0.0084, Validation Loss: 0.0063
2025-11-17 13:01:38,345 - INFO -   → New best validation loss: 0.0063
2025-11-17 13:01:48,583 - INFO - Epoch: 54, Training Loss: 0.0080, Validation Loss: 0.0072
2025-11-17 13:01:56,145 - INFO - Epoch: 55, Training Loss: 0.0079, Validation Loss: 0.0073
2025-11-17 13:02:04,303 - INFO - Epoch: 56, Training Loss: 0.0082, Validation Loss: 0.0069
2025-11-17 13:02:13,183 - INFO - Epoch: 57, Training Loss: 0.0081, Validation Loss: 0.0062
2025-11-17 13:02:13,184 - INFO -   → New best validation loss: 0.0062
2025-11-17 13:02:24,884 - INFO - Epoch: 58, Training Loss: 0.0072, Validation Loss: 0.0096
2025-11-17 13:02:33,292 - INFO - Epoch: 59, Training Loss: 0.0076, Validation Loss: 0.0084
2025-11-17 13:02:44,786 - INFO - Epoch: 60, Training Loss: 0.0076, Validation Loss: 0.0068
2025-11-17 13:02:55,211 - INFO - Epoch: 61, Training Loss: 0.0080, Validation Loss: 0.0057
2025-11-17 13:02:55,212 - INFO -   → New best validation loss: 0.0057
2025-11-17 13:03:04,721 - INFO - Epoch: 62, Training Loss: 0.0075, Validation Loss: 0.0101
2025-11-17 13:03:16,347 - INFO - Epoch: 63, Training Loss: 0.0079, Validation Loss: 0.0097
2025-11-17 13:03:26,864 - INFO - Epoch: 64, Training Loss: 0.0074, Validation Loss: 0.0067
2025-11-17 13:03:35,569 - INFO - Epoch: 65, Training Loss: 0.0078, Validation Loss: 0.0064
2025-11-17 13:03:43,513 - INFO - Epoch: 66, Training Loss: 0.0071, Validation Loss: 0.0063
2025-11-17 13:03:52,260 - INFO - Epoch: 67, Training Loss: 0.0070, Validation Loss: 0.0065
2025-11-17 13:04:03,372 - INFO - Epoch: 68, Training Loss: 0.0073, Validation Loss: 0.0083
2025-11-17 13:04:12,985 - INFO - Epoch: 69, Training Loss: 0.0073, Validation Loss: 0.0065
2025-11-17 13:04:23,351 - INFO - Epoch: 70, Training Loss: 0.0066, Validation Loss: 0.0059
2025-11-17 13:04:32,885 - INFO - Epoch: 71, Training Loss: 0.0070, Validation Loss: 0.0064
2025-11-17 13:04:42,970 - INFO - Epoch: 72, Training Loss: 0.0067, Validation Loss: 0.0065
2025-11-17 13:04:53,057 - INFO - Epoch: 73, Training Loss: 0.0067, Validation Loss: 0.0069
2025-11-17 13:04:59,689 - INFO - Epoch: 74, Training Loss: 0.0057, Validation Loss: 0.0066
2025-11-17 13:05:08,626 - INFO - Epoch: 75, Training Loss: 0.0065, Validation Loss: 0.0070
2025-11-17 13:05:18,211 - INFO - Epoch: 76, Training Loss: 0.0063, Validation Loss: 0.0078
2025-11-17 13:05:28,203 - INFO - Epoch: 77, Training Loss: 0.0076, Validation Loss: 0.0059
2025-11-17 13:05:35,253 - INFO - Epoch: 78, Training Loss: 0.0072, Validation Loss: 0.0057
2025-11-17 13:05:35,254 - INFO -   → New best validation loss: 0.0057
2025-11-17 13:05:44,204 - INFO - Epoch: 79, Training Loss: 0.0065, Validation Loss: 0.0088
2025-11-17 13:05:52,331 - INFO - Epoch: 80, Training Loss: 0.0064, Validation Loss: 0.0067
2025-11-17 13:06:00,533 - INFO - Epoch: 81, Training Loss: 0.0062, Validation Loss: 0.0050
2025-11-17 13:06:00,534 - INFO -   → New best validation loss: 0.0050
2025-11-17 13:06:08,485 - INFO - Epoch: 82, Training Loss: 0.0063, Validation Loss: 0.0081
2025-11-17 13:06:17,462 - INFO - Epoch: 83, Training Loss: 0.0059, Validation Loss: 0.0060
2025-11-17 13:06:24,681 - INFO - Epoch: 84, Training Loss: 0.0053, Validation Loss: 0.0054
2025-11-17 13:06:33,330 - INFO - Epoch: 85, Training Loss: 0.0057, Validation Loss: 0.0055
2025-11-17 13:06:43,381 - INFO - Epoch: 86, Training Loss: 0.0053, Validation Loss: 0.0050
2025-11-17 13:06:43,382 - INFO -   → New best validation loss: 0.0050
2025-11-17 13:06:52,752 - INFO - Epoch: 87, Training Loss: 0.0057, Validation Loss: 0.0055
2025-11-17 13:07:03,818 - INFO - Epoch: 88, Training Loss: 0.0057, Validation Loss: 0.0060
2025-11-17 13:07:13,009 - INFO - Epoch: 89, Training Loss: 0.0048, Validation Loss: 0.0056
2025-11-17 13:07:25,781 - INFO - Epoch: 90, Training Loss: 0.0053, Validation Loss: 0.0050
2025-11-17 13:07:37,011 - INFO - Epoch: 91, Training Loss: 0.0051, Validation Loss: 0.0093
2025-11-17 13:07:47,638 - INFO - Epoch: 92, Training Loss: 0.0051, Validation Loss: 0.0050
2025-11-17 13:07:47,639 - INFO -   → New best validation loss: 0.0050
2025-11-17 13:07:56,302 - INFO - Epoch: 93, Training Loss: 0.0052, Validation Loss: 0.0043
2025-11-17 13:07:56,306 - INFO -   → New best validation loss: 0.0043
2025-11-17 13:08:02,550 - INFO - Epoch: 94, Training Loss: 0.0050, Validation Loss: 0.0055
2025-11-17 13:08:12,525 - INFO - Epoch: 95, Training Loss: 0.0062, Validation Loss: 0.0050
2025-11-17 13:08:21,119 - INFO - Epoch: 96, Training Loss: 0.0052, Validation Loss: 0.0047
2025-11-17 13:08:29,829 - INFO - Epoch: 97, Training Loss: 0.0051, Validation Loss: 0.0075
2025-11-17 13:08:36,713 - INFO - Epoch: 98, Training Loss: 0.0056, Validation Loss: 0.0054
2025-11-17 13:08:44,870 - INFO - Epoch: 99, Training Loss: 0.0048, Validation Loss: 0.0056
2025-11-17 13:08:54,712 - INFO - Epoch: 100, Training Loss: 0.0047, Validation Loss: 0.0040
2025-11-17 13:08:54,713 - INFO -   → New best validation loss: 0.0040
2025-11-17 13:09:06,647 - INFO - Epoch: 101, Training Loss: 0.0063, Validation Loss: 0.0043
2025-11-17 13:09:17,503 - INFO - Epoch: 102, Training Loss: 0.0048, Validation Loss: 0.0055
2025-11-17 13:09:26,942 - INFO - Epoch: 103, Training Loss: 0.0046, Validation Loss: 0.0046
2025-11-17 13:09:34,744 - INFO - Epoch: 104, Training Loss: 0.0049, Validation Loss: 0.0076
2025-11-17 13:09:43,882 - INFO - Epoch: 105, Training Loss: 0.0049, Validation Loss: 0.0052
2025-11-17 13:09:52,853 - INFO - Epoch: 106, Training Loss: 0.0050, Validation Loss: 0.0048
2025-11-17 13:09:59,860 - INFO - Epoch: 107, Training Loss: 0.0052, Validation Loss: 0.0043
2025-11-17 13:10:07,593 - INFO - Epoch: 108, Training Loss: 0.0050, Validation Loss: 0.0047
2025-11-17 13:10:16,478 - INFO - Epoch: 109, Training Loss: 0.0049, Validation Loss: 0.0043
2025-11-17 13:10:27,322 - INFO - Epoch: 110, Training Loss: 0.0043, Validation Loss: 0.0053
2025-11-17 13:10:36,199 - INFO - Epoch: 111, Training Loss: 0.0050, Validation Loss: 0.0054
2025-11-17 13:10:44,551 - INFO - Epoch: 112, Training Loss: 0.0044, Validation Loss: 0.0044
2025-11-17 13:10:52,956 - INFO - Epoch: 113, Training Loss: 0.0051, Validation Loss: 0.0050
2025-11-17 13:11:00,387 - INFO - Epoch: 114, Training Loss: 0.0049, Validation Loss: 0.0048
2025-11-17 13:11:10,187 - INFO - Epoch: 115, Training Loss: 0.0044, Validation Loss: 0.0041
2025-11-17 13:11:20,876 - INFO - Epoch: 116, Training Loss: 0.0047, Validation Loss: 0.0050
2025-11-17 13:11:30,426 - INFO - Epoch: 117, Training Loss: 0.0049, Validation Loss: 0.0040
2025-11-17 13:11:30,427 - INFO -   → New best validation loss: 0.0040
2025-11-17 13:11:36,098 - INFO - Epoch: 118, Training Loss: 0.0045, Validation Loss: 0.0051
2025-11-17 13:11:46,086 - INFO - Epoch: 119, Training Loss: 0.0048, Validation Loss: 0.0037
2025-11-17 13:11:46,087 - INFO -   → New best validation loss: 0.0037
2025-11-17 13:11:54,283 - INFO - Epoch: 120, Training Loss: 0.0041, Validation Loss: 0.0058
2025-11-17 13:12:01,005 - INFO - Epoch: 121, Training Loss: 0.0044, Validation Loss: 0.0038
2025-11-17 13:12:08,787 - INFO - Epoch: 122, Training Loss: 0.0043, Validation Loss: 0.0042
2025-11-17 13:12:19,126 - INFO - Epoch: 123, Training Loss: 0.0044, Validation Loss: 0.0087
2025-11-17 13:12:27,460 - INFO - Epoch: 124, Training Loss: 0.0044, Validation Loss: 0.0055
2025-11-17 13:12:36,176 - INFO - Epoch: 125, Training Loss: 0.0046, Validation Loss: 0.0053
2025-11-17 13:12:44,215 - INFO - Epoch: 126, Training Loss: 0.0048, Validation Loss: 0.0044
2025-11-17 13:12:52,852 - INFO - Epoch: 127, Training Loss: 0.0046, Validation Loss: 0.0060
2025-11-17 13:13:03,767 - INFO - Epoch: 128, Training Loss: 0.0046, Validation Loss: 0.0071
2025-11-17 13:13:14,936 - INFO - Epoch: 129, Training Loss: 0.0046, Validation Loss: 0.0034
2025-11-17 13:13:14,941 - INFO -   → New best validation loss: 0.0034
2025-11-17 13:13:24,123 - INFO - Epoch: 130, Training Loss: 0.0045, Validation Loss: 0.0037
2025-11-17 13:13:32,275 - INFO - Epoch: 131, Training Loss: 0.0046, Validation Loss: 0.0044
2025-11-17 13:13:40,289 - INFO - Epoch: 132, Training Loss: 0.0044, Validation Loss: 0.0043
2025-11-17 13:13:49,440 - INFO - Epoch: 133, Training Loss: 0.0041, Validation Loss: 0.0042
2025-11-17 13:13:59,067 - INFO - Epoch: 134, Training Loss: 0.0041, Validation Loss: 0.0038
2025-11-17 13:14:09,024 - INFO - Epoch: 135, Training Loss: 0.0043, Validation Loss: 0.0044
2025-11-17 13:14:15,849 - INFO - Epoch: 136, Training Loss: 0.0047, Validation Loss: 0.0050
2025-11-17 13:14:23,693 - INFO - Epoch: 137, Training Loss: 0.0047, Validation Loss: 0.0036
2025-11-17 13:14:33,035 - INFO - Epoch: 138, Training Loss: 0.0042, Validation Loss: 0.0036
2025-11-17 13:14:38,338 - INFO - Epoch: 139, Training Loss: 0.0040, Validation Loss: 0.0037
2025-11-17 13:14:48,980 - INFO - Epoch: 140, Training Loss: 0.0037, Validation Loss: 0.0031
2025-11-17 13:14:48,984 - INFO -   → New best validation loss: 0.0031
2025-11-17 13:14:57,471 - INFO - Epoch: 141, Training Loss: 0.0040, Validation Loss: 0.0049
2025-11-17 13:15:05,435 - INFO - Epoch: 142, Training Loss: 0.0043, Validation Loss: 0.0074
2025-11-17 13:15:12,255 - INFO - Epoch: 143, Training Loss: 0.0042, Validation Loss: 0.0038
2025-11-17 13:15:19,706 - INFO - Epoch: 144, Training Loss: 0.0039, Validation Loss: 0.0059
2025-11-17 13:15:26,094 - INFO - Epoch: 145, Training Loss: 0.0038, Validation Loss: 0.0046
2025-11-17 13:15:35,642 - INFO - Epoch: 146, Training Loss: 0.0039, Validation Loss: 0.0034
2025-11-17 13:15:45,487 - INFO - Epoch: 147, Training Loss: 0.0049, Validation Loss: 0.0040
2025-11-17 13:15:55,930 - INFO - Epoch: 148, Training Loss: 0.0037, Validation Loss: 0.0038
2025-11-17 13:16:07,064 - INFO - Epoch: 149, Training Loss: 0.0036, Validation Loss: 0.0039
2025-11-17 13:16:16,596 - INFO - Epoch: 150, Training Loss: 0.0037, Validation Loss: 0.0037
2025-11-17 13:16:23,548 - INFO - Epoch: 151, Training Loss: 0.0038, Validation Loss: 0.0033
2025-11-17 13:16:32,665 - INFO - Epoch: 152, Training Loss: 0.0041, Validation Loss: 0.0060
2025-11-17 13:16:42,534 - INFO - Epoch: 153, Training Loss: 0.0041, Validation Loss: 0.0036
2025-11-17 13:16:51,147 - INFO - Epoch: 154, Training Loss: 0.0032, Validation Loss: 0.0033
2025-11-17 13:17:00,862 - INFO - Epoch: 155, Training Loss: 0.0040, Validation Loss: 0.0040
2025-11-17 13:17:07,737 - INFO - Epoch: 156, Training Loss: 0.0041, Validation Loss: 0.0037
2025-11-17 13:17:16,364 - INFO - Epoch: 157, Training Loss: 0.0043, Validation Loss: 0.0039
2025-11-17 13:17:26,613 - INFO - Epoch: 158, Training Loss: 0.0035, Validation Loss: 0.0061
2025-11-17 13:17:33,492 - INFO - Epoch: 159, Training Loss: 0.0041, Validation Loss: 0.0048
2025-11-17 13:17:42,252 - INFO - Epoch: 160, Training Loss: 0.0035, Validation Loss: 0.0053
2025-11-17 13:17:42,252 - INFO - Early stopping triggered at epoch 160
2025-11-17 13:17:42,252 - INFO - Best validation loss: 0.0031
2025-11-17 13:17:42,257 - INFO - Restored best model weights
2025-11-17 13:17:42,257 - INFO - 
============================================================
2025-11-17 13:17:42,257 - INFO - EVALUATION RESULTS
2025-11-17 13:17:42,257 - INFO - ============================================================
2025-11-17 13:17:42,300 - INFO - Validation Prediction Stats:
2025-11-17 13:17:42,300 - INFO -   Std: 0.380235, Range: 0.942916, Unique ratio: 0.6107
2025-11-17 13:17:42,301 - INFO - Validation Set - MSE: 0.003338, MAE: 0.039721, RMSE: 0.057780, Pearson Correlation: 0.988590 (p=0.000000)
2025-11-17 13:17:42,344 - INFO - Test Prediction Stats:
2025-11-17 13:17:42,344 - INFO -   Std: 0.373175, Range: 0.937391, Unique ratio: 0.6618
2025-11-17 13:17:42,344 - INFO - Test Set - MSE: 0.003069, MAE: 0.038124, RMSE: 0.055400, Pearson Correlation: 0.990163 (p=0.000000)
2025-11-17 13:17:42,344 - INFO - ============================================================

2025-11-17 13:17:42,345 - INFO - Trial completed successfully
2025-11-17 13:17:42,345 - INFO - ================================================================================
2025-11-17 13:17:42,345 - INFO - Trial 12 completed. End time: 2025-11-17 13:17:42
2025-11-17 13:17:42,345 - INFO - ================================================================================
