2025-11-17 15:21:44,646 - INFO - ================================================================================
2025-11-17 15:21:44,646 - INFO - TRIAL 21 - Task: RGS (FP1/FP2 only, no CV)
2025-11-17 15:21:44,646 - INFO - Log file: ./logs_fp_no_cv/trial21_RGS_20251117_093635.log
2025-11-17 15:21:44,646 - INFO - Start time: 2025-11-17 15:21:44
2025-11-17 15:21:44,646 - INFO - ================================================================================
2025-11-17 15:21:44,653 - INFO - START TRAINING - Task: RGS (FP1/FP2 only, no CV)
2025-11-17 15:21:44,653 - INFO - Learning rate: 0.005, Epochs: 200, Batches: 8
2025-11-17 15:21:44,653 - INFO - Data split: 70% train / 15% validation / 15% test
2025-11-17 15:21:44,653 - INFO - Loading dataset (FP1/FP2 channels only, fixed split)...
2025-11-17 15:21:44,677 - INFO - Dataset shapes - Train: (617, 2, 25, 1), Valid: (130, 2, 25, 1), Test: (138, 2, 25, 1)
2025-11-17 15:21:44,678 - INFO - Applied feature normalization (StandardScaler)
2025-11-17 15:21:44,679 - INFO - Initializing VIGNet-FP model (2 channels)...
2025-11-17 15:21:44,684 - INFO - Number of batch iterations per epoch: 77
2025-11-17 15:21:53,419 - INFO - Epoch: 1, Training Loss: 0.0984, Validation Loss: 0.0394
2025-11-17 15:21:53,420 - INFO -   → New best validation loss: 0.0394
2025-11-17 15:22:00,974 - INFO - Epoch: 2, Training Loss: 0.0352, Validation Loss: 0.0284
2025-11-17 15:22:00,975 - INFO -   → New best validation loss: 0.0284
2025-11-17 15:22:09,219 - INFO - Epoch: 3, Training Loss: 0.0282, Validation Loss: 0.0263
2025-11-17 15:22:09,222 - INFO -   → New best validation loss: 0.0263
2025-11-17 15:22:17,130 - INFO - Epoch: 4, Training Loss: 0.0250, Validation Loss: 0.0172
2025-11-17 15:22:17,135 - INFO -   → New best validation loss: 0.0172
2025-11-17 15:22:24,800 - INFO - Epoch: 5, Training Loss: 0.0194, Validation Loss: 0.0318
2025-11-17 15:22:31,654 - INFO - Epoch: 6, Training Loss: 0.0194, Validation Loss: 0.0186
2025-11-17 15:22:38,110 - INFO - Epoch: 7, Training Loss: 0.0193, Validation Loss: 0.0168
2025-11-17 15:22:38,111 - INFO -   → New best validation loss: 0.0168
2025-11-17 15:22:47,503 - INFO - Epoch: 8, Training Loss: 0.0161, Validation Loss: 0.0139
2025-11-17 15:22:47,505 - INFO -   → New best validation loss: 0.0139
2025-11-17 15:22:54,588 - INFO - Epoch: 9, Training Loss: 0.0163, Validation Loss: 0.0152
2025-11-17 15:23:02,116 - INFO - Epoch: 10, Training Loss: 0.0150, Validation Loss: 0.0150
2025-11-17 15:23:11,284 - INFO - Epoch: 11, Training Loss: 0.0137, Validation Loss: 0.0124
2025-11-17 15:23:11,285 - INFO -   → New best validation loss: 0.0124
2025-11-17 15:23:19,197 - INFO - Epoch: 12, Training Loss: 0.0126, Validation Loss: 0.0133
2025-11-17 15:23:27,864 - INFO - Epoch: 13, Training Loss: 0.0131, Validation Loss: 0.0118
2025-11-17 15:23:27,865 - INFO -   → New best validation loss: 0.0118
2025-11-17 15:23:37,124 - INFO - Epoch: 14, Training Loss: 0.0116, Validation Loss: 0.0162
2025-11-17 15:23:45,334 - INFO - Epoch: 15, Training Loss: 0.0132, Validation Loss: 0.0134
2025-11-17 15:23:53,350 - INFO - Epoch: 16, Training Loss: 0.0098, Validation Loss: 0.0148
2025-11-17 15:24:03,058 - INFO - Epoch: 17, Training Loss: 0.0100, Validation Loss: 0.0131
2025-11-17 15:24:13,518 - INFO - Epoch: 18, Training Loss: 0.0099, Validation Loss: 0.0120
2025-11-17 15:24:19,647 - INFO - Epoch: 19, Training Loss: 0.0087, Validation Loss: 0.0174
2025-11-17 15:24:29,556 - INFO - Epoch: 20, Training Loss: 0.0092, Validation Loss: 0.0122
2025-11-17 15:24:36,099 - INFO - Epoch: 21, Training Loss: 0.0088, Validation Loss: 0.0083
2025-11-17 15:24:36,100 - INFO -   → New best validation loss: 0.0083
2025-11-17 15:24:46,404 - INFO - Epoch: 22, Training Loss: 0.0077, Validation Loss: 0.0119
2025-11-17 15:24:55,976 - INFO - Epoch: 23, Training Loss: 0.0089, Validation Loss: 0.0088
2025-11-17 15:25:04,833 - INFO - Epoch: 24, Training Loss: 0.0078, Validation Loss: 0.0075
2025-11-17 15:25:04,834 - INFO -   → New best validation loss: 0.0075
2025-11-17 15:25:11,488 - INFO - Epoch: 25, Training Loss: 0.0073, Validation Loss: 0.0081
2025-11-17 15:25:21,022 - INFO - Epoch: 26, Training Loss: 0.0075, Validation Loss: 0.0122
2025-11-17 15:25:28,747 - INFO - Epoch: 27, Training Loss: 0.0071, Validation Loss: 0.0111
2025-11-17 15:25:38,199 - INFO - Epoch: 28, Training Loss: 0.0066, Validation Loss: 0.0091
2025-11-17 15:25:46,967 - INFO - Epoch: 29, Training Loss: 0.0065, Validation Loss: 0.0093
2025-11-17 15:25:57,243 - INFO - Epoch: 30, Training Loss: 0.0065, Validation Loss: 0.0071
2025-11-17 15:25:57,244 - INFO -   → New best validation loss: 0.0071
2025-11-17 15:26:05,067 - INFO - Epoch: 31, Training Loss: 0.0056, Validation Loss: 0.0089
2025-11-17 15:26:12,033 - INFO - Epoch: 32, Training Loss: 0.0056, Validation Loss: 0.0065
2025-11-17 15:26:12,034 - INFO -   → New best validation loss: 0.0065
2025-11-17 15:26:21,778 - INFO - Epoch: 33, Training Loss: 0.0056, Validation Loss: 0.0084
2025-11-17 15:26:31,815 - INFO - Epoch: 34, Training Loss: 0.0069, Validation Loss: 0.0082
2025-11-17 15:26:42,224 - INFO - Epoch: 35, Training Loss: 0.0054, Validation Loss: 0.0068
2025-11-17 15:26:51,828 - INFO - Epoch: 36, Training Loss: 0.0055, Validation Loss: 0.0063
2025-11-17 15:26:51,831 - INFO -   → New best validation loss: 0.0063
2025-11-17 15:27:01,129 - INFO - Epoch: 37, Training Loss: 0.0057, Validation Loss: 0.0094
2025-11-17 15:27:11,314 - INFO - Epoch: 38, Training Loss: 0.0057, Validation Loss: 0.0056
2025-11-17 15:27:11,315 - INFO -   → New best validation loss: 0.0056
2025-11-17 15:27:23,032 - INFO - Epoch: 39, Training Loss: 0.0052, Validation Loss: 0.0046
2025-11-17 15:27:23,033 - INFO -   → New best validation loss: 0.0046
2025-11-17 15:27:34,079 - INFO - Epoch: 40, Training Loss: 0.0044, Validation Loss: 0.0054
2025-11-17 15:27:43,163 - INFO - Epoch: 41, Training Loss: 0.0056, Validation Loss: 0.0050
2025-11-17 15:27:53,326 - INFO - Epoch: 42, Training Loss: 0.0055, Validation Loss: 0.0089
2025-11-17 15:28:01,782 - INFO - Epoch: 43, Training Loss: 0.0046, Validation Loss: 0.0076
2025-11-17 15:28:10,060 - INFO - Epoch: 44, Training Loss: 0.0046, Validation Loss: 0.0071
2025-11-17 15:28:18,890 - INFO - Epoch: 45, Training Loss: 0.0053, Validation Loss: 0.0053
2025-11-17 15:28:26,064 - INFO - Epoch: 46, Training Loss: 0.0054, Validation Loss: 0.0045
2025-11-17 15:28:26,065 - INFO -   → New best validation loss: 0.0045
2025-11-17 15:28:34,738 - INFO - Epoch: 47, Training Loss: 0.0046, Validation Loss: 0.0066
2025-11-17 15:28:44,965 - INFO - Epoch: 48, Training Loss: 0.0044, Validation Loss: 0.0058
2025-11-17 15:28:52,831 - INFO - Epoch: 49, Training Loss: 0.0040, Validation Loss: 0.0052
2025-11-17 15:29:01,823 - INFO - Epoch: 50, Training Loss: 0.0041, Validation Loss: 0.0065
2025-11-17 15:29:10,067 - INFO - Epoch: 51, Training Loss: 0.0048, Validation Loss: 0.0041
2025-11-17 15:29:10,068 - INFO -   → New best validation loss: 0.0041
2025-11-17 15:29:17,630 - INFO - Epoch: 52, Training Loss: 0.0043, Validation Loss: 0.0057
2025-11-17 15:29:23,904 - INFO - Epoch: 53, Training Loss: 0.0040, Validation Loss: 0.0039
2025-11-17 15:29:23,905 - INFO -   → New best validation loss: 0.0039
2025-11-17 15:29:30,242 - INFO - Epoch: 54, Training Loss: 0.0041, Validation Loss: 0.0033
2025-11-17 15:29:30,243 - INFO -   → New best validation loss: 0.0033
2025-11-17 15:29:39,604 - INFO - Epoch: 55, Training Loss: 0.0039, Validation Loss: 0.0033
2025-11-17 15:29:39,608 - INFO -   → New best validation loss: 0.0033
2025-11-17 15:29:48,891 - INFO - Epoch: 56, Training Loss: 0.0041, Validation Loss: 0.0046
2025-11-17 15:29:58,342 - INFO - Epoch: 57, Training Loss: 0.0038, Validation Loss: 0.0039
2025-11-17 15:30:06,995 - INFO - Epoch: 58, Training Loss: 0.0035, Validation Loss: 0.0078
2025-11-17 15:30:16,538 - INFO - Epoch: 59, Training Loss: 0.0042, Validation Loss: 0.0045
2025-11-17 15:30:25,906 - INFO - Epoch: 60, Training Loss: 0.0037, Validation Loss: 0.0049
2025-11-17 15:30:35,732 - INFO - Epoch: 61, Training Loss: 0.0039, Validation Loss: 0.0037
2025-11-17 15:30:46,530 - INFO - Epoch: 62, Training Loss: 0.0039, Validation Loss: 0.0042
2025-11-17 15:30:55,943 - INFO - Epoch: 63, Training Loss: 0.0038, Validation Loss: 0.0043
2025-11-17 15:31:06,937 - INFO - Epoch: 64, Training Loss: 0.0033, Validation Loss: 0.0038
2025-11-17 15:31:13,346 - INFO - Epoch: 65, Training Loss: 0.0039, Validation Loss: 0.0034
2025-11-17 15:31:24,250 - INFO - Epoch: 66, Training Loss: 0.0037, Validation Loss: 0.0045
2025-11-17 15:31:30,572 - INFO - Epoch: 67, Training Loss: 0.0028, Validation Loss: 0.0045
2025-11-17 15:31:41,720 - INFO - Epoch: 68, Training Loss: 0.0031, Validation Loss: 0.0053
2025-11-17 15:31:50,876 - INFO - Epoch: 69, Training Loss: 0.0031, Validation Loss: 0.0051
2025-11-17 15:31:59,780 - INFO - Epoch: 70, Training Loss: 0.0035, Validation Loss: 0.0032
2025-11-17 15:31:59,781 - INFO -   → New best validation loss: 0.0032
2025-11-17 15:32:07,213 - INFO - Epoch: 71, Training Loss: 0.0035, Validation Loss: 0.0056
2025-11-17 15:32:18,156 - INFO - Epoch: 72, Training Loss: 0.0031, Validation Loss: 0.0045
2025-11-17 15:32:28,519 - INFO - Epoch: 73, Training Loss: 0.0029, Validation Loss: 0.0055
2025-11-17 15:32:37,224 - INFO - Epoch: 74, Training Loss: 0.0028, Validation Loss: 0.0046
2025-11-17 15:32:46,868 - INFO - Epoch: 75, Training Loss: 0.0033, Validation Loss: 0.0042
2025-11-17 15:32:53,806 - INFO - Epoch: 76, Training Loss: 0.0033, Validation Loss: 0.0035
2025-11-17 15:33:01,866 - INFO - Epoch: 77, Training Loss: 0.0030, Validation Loss: 0.0034
2025-11-17 15:33:10,742 - INFO - Epoch: 78, Training Loss: 0.0034, Validation Loss: 0.0030
2025-11-17 15:33:10,744 - INFO -   → New best validation loss: 0.0030
2025-11-17 15:33:20,553 - INFO - Epoch: 79, Training Loss: 0.0030, Validation Loss: 0.0030
2025-11-17 15:33:20,554 - INFO -   → New best validation loss: 0.0030
2025-11-17 15:33:29,574 - INFO - Epoch: 80, Training Loss: 0.0031, Validation Loss: 0.0043
2025-11-17 15:33:38,034 - INFO - Epoch: 81, Training Loss: 0.0031, Validation Loss: 0.0028
2025-11-17 15:33:38,035 - INFO -   → New best validation loss: 0.0028
2025-11-17 15:33:48,935 - INFO - Epoch: 82, Training Loss: 0.0028, Validation Loss: 0.0034
2025-11-17 15:33:54,879 - INFO - Epoch: 83, Training Loss: 0.0026, Validation Loss: 0.0045
2025-11-17 15:34:04,160 - INFO - Epoch: 84, Training Loss: 0.0031, Validation Loss: 0.0037
2025-11-17 15:34:14,679 - INFO - Epoch: 85, Training Loss: 0.0030, Validation Loss: 0.0042
2025-11-17 15:34:23,531 - INFO - Epoch: 86, Training Loss: 0.0027, Validation Loss: 0.0044
2025-11-17 15:34:32,679 - INFO - Epoch: 87, Training Loss: 0.0030, Validation Loss: 0.0034
2025-11-17 15:34:39,253 - INFO - Epoch: 88, Training Loss: 0.0032, Validation Loss: 0.0036
2025-11-17 15:34:47,550 - INFO - Epoch: 89, Training Loss: 0.0029, Validation Loss: 0.0052
2025-11-17 15:34:56,383 - INFO - Epoch: 90, Training Loss: 0.0030, Validation Loss: 0.0025
2025-11-17 15:34:56,385 - INFO -   → New best validation loss: 0.0025
2025-11-17 15:35:05,792 - INFO - Epoch: 91, Training Loss: 0.0026, Validation Loss: 0.0029
2025-11-17 15:35:15,954 - INFO - Epoch: 92, Training Loss: 0.0030, Validation Loss: 0.0029
2025-11-17 15:35:24,764 - INFO - Epoch: 93, Training Loss: 0.0024, Validation Loss: 0.0035
2025-11-17 15:35:36,249 - INFO - Epoch: 94, Training Loss: 0.0031, Validation Loss: 0.0020
2025-11-17 15:35:36,250 - INFO -   → New best validation loss: 0.0020
2025-11-17 15:35:44,740 - INFO - Epoch: 95, Training Loss: 0.0028, Validation Loss: 0.0022
2025-11-17 15:35:54,761 - INFO - Epoch: 96, Training Loss: 0.0023, Validation Loss: 0.0035
2025-11-17 15:36:05,095 - INFO - Epoch: 97, Training Loss: 0.0029, Validation Loss: 0.0034
2025-11-17 15:36:11,470 - INFO - Epoch: 98, Training Loss: 0.0029, Validation Loss: 0.0032
2025-11-17 15:36:20,900 - INFO - Epoch: 99, Training Loss: 0.0028, Validation Loss: 0.0053
2025-11-17 15:36:28,688 - INFO - Epoch: 100, Training Loss: 0.0037, Validation Loss: 0.0035
2025-11-17 15:36:39,183 - INFO - Epoch: 101, Training Loss: 0.0029, Validation Loss: 0.0030
2025-11-17 15:36:47,778 - INFO - Epoch: 102, Training Loss: 0.0027, Validation Loss: 0.0040
2025-11-17 15:36:54,654 - INFO - Epoch: 103, Training Loss: 0.0031, Validation Loss: 0.0031
2025-11-17 15:37:03,197 - INFO - Epoch: 104, Training Loss: 0.0027, Validation Loss: 0.0027
2025-11-17 15:37:11,318 - INFO - Epoch: 105, Training Loss: 0.0028, Validation Loss: 0.0039
2025-11-17 15:37:22,435 - INFO - Epoch: 106, Training Loss: 0.0026, Validation Loss: 0.0027
2025-11-17 15:37:34,661 - INFO - Epoch: 107, Training Loss: 0.0026, Validation Loss: 0.0025
2025-11-17 15:37:45,740 - INFO - Epoch: 108, Training Loss: 0.0029, Validation Loss: 0.0029
2025-11-17 15:37:55,213 - INFO - Epoch: 109, Training Loss: 0.0023, Validation Loss: 0.0031
2025-11-17 15:38:01,485 - INFO - Epoch: 110, Training Loss: 0.0029, Validation Loss: 0.0021
2025-11-17 15:38:09,166 - INFO - Epoch: 111, Training Loss: 0.0028, Validation Loss: 0.0023
2025-11-17 15:38:19,618 - INFO - Epoch: 112, Training Loss: 0.0033, Validation Loss: 0.0020
2025-11-17 15:38:19,619 - INFO -   → New best validation loss: 0.0020
2025-11-17 15:38:28,400 - INFO - Epoch: 113, Training Loss: 0.0024, Validation Loss: 0.0023
2025-11-17 15:38:37,837 - INFO - Epoch: 114, Training Loss: 0.0026, Validation Loss: 0.0033
2025-11-17 15:38:46,029 - INFO - Epoch: 115, Training Loss: 0.0023, Validation Loss: 0.0021
2025-11-17 15:38:56,250 - INFO - Epoch: 116, Training Loss: 0.0025, Validation Loss: 0.0024
2025-11-17 15:39:05,229 - INFO - Epoch: 117, Training Loss: 0.0023, Validation Loss: 0.0023
2025-11-17 15:39:13,579 - INFO - Epoch: 118, Training Loss: 0.0020, Validation Loss: 0.0027
2025-11-17 15:39:22,207 - INFO - Epoch: 119, Training Loss: 0.0022, Validation Loss: 0.0029
2025-11-17 15:39:32,279 - INFO - Epoch: 120, Training Loss: 0.0027, Validation Loss: 0.0048
2025-11-17 15:39:42,583 - INFO - Epoch: 121, Training Loss: 0.0031, Validation Loss: 0.0022
2025-11-17 15:39:50,990 - INFO - Epoch: 122, Training Loss: 0.0023, Validation Loss: 0.0021
2025-11-17 15:39:59,820 - INFO - Epoch: 123, Training Loss: 0.0031, Validation Loss: 0.0052
2025-11-17 15:40:08,978 - INFO - Epoch: 124, Training Loss: 0.0022, Validation Loss: 0.0019
2025-11-17 15:40:08,979 - INFO -   → New best validation loss: 0.0019
2025-11-17 15:40:16,633 - INFO - Epoch: 125, Training Loss: 0.0025, Validation Loss: 0.0018
2025-11-17 15:40:16,634 - INFO -   → New best validation loss: 0.0018
2025-11-17 15:40:26,008 - INFO - Epoch: 126, Training Loss: 0.0023, Validation Loss: 0.0019
2025-11-17 15:40:33,368 - INFO - Epoch: 127, Training Loss: 0.0025, Validation Loss: 0.0016
2025-11-17 15:40:33,369 - INFO -   → New best validation loss: 0.0016
2025-11-17 15:40:41,952 - INFO - Epoch: 128, Training Loss: 0.0026, Validation Loss: 0.0024
2025-11-17 15:40:49,645 - INFO - Epoch: 129, Training Loss: 0.0026, Validation Loss: 0.0025
2025-11-17 15:40:57,697 - INFO - Epoch: 130, Training Loss: 0.0023, Validation Loss: 0.0019
2025-11-17 15:41:05,480 - INFO - Epoch: 131, Training Loss: 0.0027, Validation Loss: 0.0022
2025-11-17 15:41:12,647 - INFO - Epoch: 132, Training Loss: 0.0022, Validation Loss: 0.0026
2025-11-17 15:41:21,609 - INFO - Epoch: 133, Training Loss: 0.0020, Validation Loss: 0.0024
2025-11-17 15:41:29,029 - INFO - Epoch: 134, Training Loss: 0.0022, Validation Loss: 0.0026
2025-11-17 15:41:39,819 - INFO - Epoch: 135, Training Loss: 0.0028, Validation Loss: 0.0023
2025-11-17 15:41:49,155 - INFO - Epoch: 136, Training Loss: 0.0026, Validation Loss: 0.0047
2025-11-17 15:42:01,676 - INFO - Epoch: 137, Training Loss: 0.0025, Validation Loss: 0.0035
2025-11-17 15:42:13,192 - INFO - Epoch: 138, Training Loss: 0.0024, Validation Loss: 0.0021
2025-11-17 15:42:21,791 - INFO - Epoch: 139, Training Loss: 0.0023, Validation Loss: 0.0023
2025-11-17 15:42:31,510 - INFO - Epoch: 140, Training Loss: 0.0024, Validation Loss: 0.0033
2025-11-17 15:42:39,480 - INFO - Epoch: 141, Training Loss: 0.0027, Validation Loss: 0.0023
2025-11-17 15:42:46,985 - INFO - Epoch: 142, Training Loss: 0.0023, Validation Loss: 0.0019
2025-11-17 15:42:53,707 - INFO - Epoch: 143, Training Loss: 0.0028, Validation Loss: 0.0022
2025-11-17 15:43:01,841 - INFO - Epoch: 144, Training Loss: 0.0021, Validation Loss: 0.0023
2025-11-17 15:43:08,857 - INFO - Epoch: 145, Training Loss: 0.0032, Validation Loss: 0.0022
2025-11-17 15:43:15,940 - INFO - Epoch: 146, Training Loss: 0.0027, Validation Loss: 0.0031
2025-11-17 15:43:26,444 - INFO - Epoch: 147, Training Loss: 0.0023, Validation Loss: 0.0030
2025-11-17 15:43:26,444 - INFO - Early stopping triggered at epoch 147
2025-11-17 15:43:26,444 - INFO - Best validation loss: 0.0016
2025-11-17 15:43:26,461 - INFO - Restored best model weights
2025-11-17 15:43:26,461 - INFO - 
============================================================
2025-11-17 15:43:26,461 - INFO - EVALUATION RESULTS
2025-11-17 15:43:26,461 - INFO - ============================================================
2025-11-17 15:43:26,628 - INFO - Validation Prediction Stats:
2025-11-17 15:43:26,628 - INFO -   Std: 0.315667, Range: 1.016132, Unique ratio: 0.7538
2025-11-17 15:43:26,629 - INFO - Validation Set - MSE: 0.003433, MAE: 0.043873, RMSE: 0.058595, Pearson Correlation: 0.984421 (p=0.000000)
2025-11-17 15:43:26,707 - INFO - Test Prediction Stats:
2025-11-17 15:43:26,707 - INFO -   Std: 0.311303, Range: 0.952248, Unique ratio: 0.6812
2025-11-17 15:43:26,708 - INFO - Test Set - MSE: 0.002241, MAE: 0.036632, RMSE: 0.047341, Pearson Correlation: 0.990360 (p=0.000000)
2025-11-17 15:43:26,708 - INFO - ============================================================

2025-11-17 15:43:26,708 - INFO - Trial completed successfully
2025-11-17 15:43:26,708 - INFO - ================================================================================
2025-11-17 15:43:26,708 - INFO - Trial 21 completed. End time: 2025-11-17 15:43:26
2025-11-17 15:43:26,708 - INFO - ================================================================================
