2025-11-17 14:39:13,978 - INFO - ================================================================================
2025-11-17 14:39:13,978 - INFO - TRIAL 18 - Task: RGS (FP1/FP2 only, no CV)
2025-11-17 14:39:13,978 - INFO - Log file: ./logs_fp_no_cv/trial18_RGS_20251117_093635.log
2025-11-17 14:39:13,978 - INFO - Start time: 2025-11-17 14:39:13
2025-11-17 14:39:13,978 - INFO - ================================================================================
2025-11-17 14:39:13,980 - INFO - START TRAINING - Task: RGS (FP1/FP2 only, no CV)
2025-11-17 14:39:13,980 - INFO - Learning rate: 0.005, Epochs: 200, Batches: 8
2025-11-17 14:39:13,980 - INFO - Data split: 70% train / 15% validation / 15% test
2025-11-17 14:39:13,980 - INFO - Loading dataset (FP1/FP2 channels only, fixed split)...
2025-11-17 14:39:13,992 - INFO - Dataset shapes - Train: (616, 2, 25, 1), Valid: (131, 2, 25, 1), Test: (138, 2, 25, 1)
2025-11-17 14:39:13,992 - INFO - Applied feature normalization (StandardScaler)
2025-11-17 14:39:13,993 - INFO - Initializing VIGNet-FP model (2 channels)...
2025-11-17 14:39:13,997 - INFO - Number of batch iterations per epoch: 77
2025-11-17 14:39:22,593 - INFO - Epoch: 1, Training Loss: 0.1211, Validation Loss: 0.0593
2025-11-17 14:39:22,594 - INFO -   → New best validation loss: 0.0593
2025-11-17 14:39:31,851 - INFO - Epoch: 2, Training Loss: 0.0404, Validation Loss: 0.0487
2025-11-17 14:39:31,852 - INFO -   → New best validation loss: 0.0487
2025-11-17 14:39:38,448 - INFO - Epoch: 3, Training Loss: 0.0367, Validation Loss: 0.0300
2025-11-17 14:39:38,449 - INFO -   → New best validation loss: 0.0300
2025-11-17 14:39:47,591 - INFO - Epoch: 4, Training Loss: 0.0309, Validation Loss: 0.0242
2025-11-17 14:39:47,594 - INFO -   → New best validation loss: 0.0242
2025-11-17 14:39:57,100 - INFO - Epoch: 5, Training Loss: 0.0298, Validation Loss: 0.0191
2025-11-17 14:39:57,101 - INFO -   → New best validation loss: 0.0191
2025-11-17 14:40:06,446 - INFO - Epoch: 6, Training Loss: 0.0250, Validation Loss: 0.0181
2025-11-17 14:40:06,447 - INFO -   → New best validation loss: 0.0181
2025-11-17 14:40:15,141 - INFO - Epoch: 7, Training Loss: 0.0229, Validation Loss: 0.0175
2025-11-17 14:40:15,142 - INFO -   → New best validation loss: 0.0175
2025-11-17 14:40:26,126 - INFO - Epoch: 8, Training Loss: 0.0208, Validation Loss: 0.0166
2025-11-17 14:40:26,127 - INFO -   → New best validation loss: 0.0166
2025-11-17 14:40:34,499 - INFO - Epoch: 9, Training Loss: 0.0192, Validation Loss: 0.0169
2025-11-17 14:40:41,238 - INFO - Epoch: 10, Training Loss: 0.0194, Validation Loss: 0.0155
2025-11-17 14:40:41,239 - INFO -   → New best validation loss: 0.0155
2025-11-17 14:40:48,216 - INFO - Epoch: 11, Training Loss: 0.0167, Validation Loss: 0.0155
2025-11-17 14:40:57,351 - INFO - Epoch: 12, Training Loss: 0.0158, Validation Loss: 0.0134
2025-11-17 14:40:57,357 - INFO -   → New best validation loss: 0.0134
2025-11-17 14:41:04,760 - INFO - Epoch: 13, Training Loss: 0.0141, Validation Loss: 0.0130
2025-11-17 14:41:04,761 - INFO -   → New best validation loss: 0.0130
2025-11-17 14:41:12,722 - INFO - Epoch: 14, Training Loss: 0.0148, Validation Loss: 0.0126
2025-11-17 14:41:12,723 - INFO -   → New best validation loss: 0.0126
2025-11-17 14:41:21,329 - INFO - Epoch: 15, Training Loss: 0.0145, Validation Loss: 0.0127
2025-11-17 14:41:29,290 - INFO - Epoch: 16, Training Loss: 0.0135, Validation Loss: 0.0128
2025-11-17 14:41:38,709 - INFO - Epoch: 17, Training Loss: 0.0128, Validation Loss: 0.0132
2025-11-17 14:41:47,614 - INFO - Epoch: 18, Training Loss: 0.0130, Validation Loss: 0.0121
2025-11-17 14:41:47,615 - INFO -   → New best validation loss: 0.0121
2025-11-17 14:41:53,376 - INFO - Epoch: 19, Training Loss: 0.0136, Validation Loss: 0.0196
2025-11-17 14:42:01,003 - INFO - Epoch: 20, Training Loss: 0.0123, Validation Loss: 0.0113
2025-11-17 14:42:01,004 - INFO -   → New best validation loss: 0.0113
2025-11-17 14:42:09,644 - INFO - Epoch: 21, Training Loss: 0.0117, Validation Loss: 0.0118
2025-11-17 14:42:18,047 - INFO - Epoch: 22, Training Loss: 0.0122, Validation Loss: 0.0131
2025-11-17 14:42:27,874 - INFO - Epoch: 23, Training Loss: 0.0124, Validation Loss: 0.0112
2025-11-17 14:42:27,878 - INFO -   → New best validation loss: 0.0112
2025-11-17 14:42:37,401 - INFO - Epoch: 24, Training Loss: 0.0105, Validation Loss: 0.0127
2025-11-17 14:42:46,117 - INFO - Epoch: 25, Training Loss: 0.0110, Validation Loss: 0.0131
2025-11-17 14:42:54,587 - INFO - Epoch: 26, Training Loss: 0.0090, Validation Loss: 0.0095
2025-11-17 14:42:54,588 - INFO -   → New best validation loss: 0.0095
2025-11-17 14:43:01,930 - INFO - Epoch: 27, Training Loss: 0.0097, Validation Loss: 0.0111
2025-11-17 14:43:10,937 - INFO - Epoch: 28, Training Loss: 0.0085, Validation Loss: 0.0084
2025-11-17 14:43:10,938 - INFO -   → New best validation loss: 0.0084
2025-11-17 14:43:18,137 - INFO - Epoch: 29, Training Loss: 0.0089, Validation Loss: 0.0114
2025-11-17 14:43:26,057 - INFO - Epoch: 30, Training Loss: 0.0083, Validation Loss: 0.0115
2025-11-17 14:43:34,258 - INFO - Epoch: 31, Training Loss: 0.0091, Validation Loss: 0.0125
2025-11-17 14:43:43,290 - INFO - Epoch: 32, Training Loss: 0.0080, Validation Loss: 0.0108
2025-11-17 14:43:52,536 - INFO - Epoch: 33, Training Loss: 0.0070, Validation Loss: 0.0078
2025-11-17 14:43:52,542 - INFO -   → New best validation loss: 0.0078
2025-11-17 14:44:01,462 - INFO - Epoch: 34, Training Loss: 0.0070, Validation Loss: 0.0090
2025-11-17 14:44:10,915 - INFO - Epoch: 35, Training Loss: 0.0082, Validation Loss: 0.0072
2025-11-17 14:44:10,916 - INFO -   → New best validation loss: 0.0072
2025-11-17 14:44:19,768 - INFO - Epoch: 36, Training Loss: 0.0066, Validation Loss: 0.0082
2025-11-17 14:44:27,214 - INFO - Epoch: 37, Training Loss: 0.0071, Validation Loss: 0.0090
2025-11-17 14:44:35,665 - INFO - Epoch: 38, Training Loss: 0.0064, Validation Loss: 0.0081
2025-11-17 14:44:44,933 - INFO - Epoch: 39, Training Loss: 0.0060, Validation Loss: 0.0068
2025-11-17 14:44:44,937 - INFO -   → New best validation loss: 0.0068
2025-11-17 14:44:52,237 - INFO - Epoch: 40, Training Loss: 0.0074, Validation Loss: 0.0087
2025-11-17 14:44:59,115 - INFO - Epoch: 41, Training Loss: 0.0065, Validation Loss: 0.0062
2025-11-17 14:44:59,116 - INFO -   → New best validation loss: 0.0062
2025-11-17 14:45:07,945 - INFO - Epoch: 42, Training Loss: 0.0061, Validation Loss: 0.0063
2025-11-17 14:45:17,321 - INFO - Epoch: 43, Training Loss: 0.0059, Validation Loss: 0.0083
2025-11-17 14:45:25,478 - INFO - Epoch: 44, Training Loss: 0.0064, Validation Loss: 0.0094
2025-11-17 14:45:32,347 - INFO - Epoch: 45, Training Loss: 0.0062, Validation Loss: 0.0122
2025-11-17 14:45:42,985 - INFO - Epoch: 46, Training Loss: 0.0068, Validation Loss: 0.0059
2025-11-17 14:45:42,990 - INFO -   → New best validation loss: 0.0059
2025-11-17 14:45:52,957 - INFO - Epoch: 47, Training Loss: 0.0063, Validation Loss: 0.0067
2025-11-17 14:46:04,861 - INFO - Epoch: 48, Training Loss: 0.0059, Validation Loss: 0.0072
2025-11-17 14:46:14,419 - INFO - Epoch: 49, Training Loss: 0.0055, Validation Loss: 0.0067
2025-11-17 14:46:24,000 - INFO - Epoch: 50, Training Loss: 0.0055, Validation Loss: 0.0066
2025-11-17 14:46:30,658 - INFO - Epoch: 51, Training Loss: 0.0055, Validation Loss: 0.0068
2025-11-17 14:46:38,978 - INFO - Epoch: 52, Training Loss: 0.0051, Validation Loss: 0.0051
2025-11-17 14:46:38,980 - INFO -   → New best validation loss: 0.0051
2025-11-17 14:46:46,157 - INFO - Epoch: 53, Training Loss: 0.0051, Validation Loss: 0.0058
2025-11-17 14:46:55,144 - INFO - Epoch: 54, Training Loss: 0.0055, Validation Loss: 0.0067
2025-11-17 14:47:03,698 - INFO - Epoch: 55, Training Loss: 0.0051, Validation Loss: 0.0065
2025-11-17 14:47:10,432 - INFO - Epoch: 56, Training Loss: 0.0053, Validation Loss: 0.0079
2025-11-17 14:47:17,124 - INFO - Epoch: 57, Training Loss: 0.0056, Validation Loss: 0.0063
2025-11-17 14:47:25,098 - INFO - Epoch: 58, Training Loss: 0.0054, Validation Loss: 0.0077
2025-11-17 14:47:31,153 - INFO - Epoch: 59, Training Loss: 0.0055, Validation Loss: 0.0059
2025-11-17 14:47:38,647 - INFO - Epoch: 60, Training Loss: 0.0049, Validation Loss: 0.0059
2025-11-17 14:47:46,948 - INFO - Epoch: 61, Training Loss: 0.0047, Validation Loss: 0.0058
2025-11-17 14:47:56,445 - INFO - Epoch: 62, Training Loss: 0.0047, Validation Loss: 0.0054
2025-11-17 14:48:02,102 - INFO - Epoch: 63, Training Loss: 0.0045, Validation Loss: 0.0067
2025-11-17 14:48:10,230 - INFO - Epoch: 64, Training Loss: 0.0056, Validation Loss: 0.0054
2025-11-17 14:48:18,346 - INFO - Epoch: 65, Training Loss: 0.0043, Validation Loss: 0.0066
2025-11-17 14:48:28,697 - INFO - Epoch: 66, Training Loss: 0.0049, Validation Loss: 0.0056
2025-11-17 14:48:40,043 - INFO - Epoch: 67, Training Loss: 0.0042, Validation Loss: 0.0061
2025-11-17 14:48:47,190 - INFO - Epoch: 68, Training Loss: 0.0050, Validation Loss: 0.0058
2025-11-17 14:48:56,473 - INFO - Epoch: 69, Training Loss: 0.0050, Validation Loss: 0.0048
2025-11-17 14:48:56,474 - INFO -   → New best validation loss: 0.0048
2025-11-17 14:49:05,891 - INFO - Epoch: 70, Training Loss: 0.0043, Validation Loss: 0.0051
2025-11-17 14:49:15,815 - INFO - Epoch: 71, Training Loss: 0.0046, Validation Loss: 0.0049
2025-11-17 14:49:23,403 - INFO - Epoch: 72, Training Loss: 0.0044, Validation Loss: 0.0046
2025-11-17 14:49:23,404 - INFO -   → New best validation loss: 0.0046
2025-11-17 14:49:30,169 - INFO - Epoch: 73, Training Loss: 0.0041, Validation Loss: 0.0045
2025-11-17 14:49:30,171 - INFO -   → New best validation loss: 0.0045
2025-11-17 14:49:41,347 - INFO - Epoch: 74, Training Loss: 0.0037, Validation Loss: 0.0045
2025-11-17 14:49:50,896 - INFO - Epoch: 75, Training Loss: 0.0039, Validation Loss: 0.0053
2025-11-17 14:49:57,471 - INFO - Epoch: 76, Training Loss: 0.0043, Validation Loss: 0.0043
2025-11-17 14:49:57,472 - INFO -   → New best validation loss: 0.0043
2025-11-17 14:50:05,769 - INFO - Epoch: 77, Training Loss: 0.0045, Validation Loss: 0.0050
2025-11-17 14:50:15,362 - INFO - Epoch: 78, Training Loss: 0.0037, Validation Loss: 0.0062
2025-11-17 14:50:25,635 - INFO - Epoch: 79, Training Loss: 0.0043, Validation Loss: 0.0051
2025-11-17 14:50:33,545 - INFO - Epoch: 80, Training Loss: 0.0040, Validation Loss: 0.0048
2025-11-17 14:50:43,279 - INFO - Epoch: 81, Training Loss: 0.0040, Validation Loss: 0.0048
2025-11-17 14:50:50,833 - INFO - Epoch: 82, Training Loss: 0.0038, Validation Loss: 0.0038
2025-11-17 14:50:50,837 - INFO -   → New best validation loss: 0.0038
2025-11-17 14:51:00,355 - INFO - Epoch: 83, Training Loss: 0.0037, Validation Loss: 0.0039
2025-11-17 14:51:08,660 - INFO - Epoch: 84, Training Loss: 0.0035, Validation Loss: 0.0051
2025-11-17 14:51:15,716 - INFO - Epoch: 85, Training Loss: 0.0039, Validation Loss: 0.0042
2025-11-17 14:51:23,606 - INFO - Epoch: 86, Training Loss: 0.0034, Validation Loss: 0.0053
2025-11-17 14:51:31,795 - INFO - Epoch: 87, Training Loss: 0.0037, Validation Loss: 0.0053
2025-11-17 14:51:41,182 - INFO - Epoch: 88, Training Loss: 0.0034, Validation Loss: 0.0043
2025-11-17 14:51:50,286 - INFO - Epoch: 89, Training Loss: 0.0038, Validation Loss: 0.0042
2025-11-17 14:51:58,064 - INFO - Epoch: 90, Training Loss: 0.0037, Validation Loss: 0.0054
2025-11-17 14:52:06,745 - INFO - Epoch: 91, Training Loss: 0.0037, Validation Loss: 0.0039
2025-11-17 14:52:15,694 - INFO - Epoch: 92, Training Loss: 0.0035, Validation Loss: 0.0031
2025-11-17 14:52:15,695 - INFO -   → New best validation loss: 0.0031
2025-11-17 14:52:26,561 - INFO - Epoch: 93, Training Loss: 0.0031, Validation Loss: 0.0053
2025-11-17 14:52:34,241 - INFO - Epoch: 94, Training Loss: 0.0033, Validation Loss: 0.0041
2025-11-17 14:52:41,360 - INFO - Epoch: 95, Training Loss: 0.0032, Validation Loss: 0.0046
2025-11-17 14:52:49,593 - INFO - Epoch: 96, Training Loss: 0.0030, Validation Loss: 0.0035
2025-11-17 14:52:57,218 - INFO - Epoch: 97, Training Loss: 0.0030, Validation Loss: 0.0031
2025-11-17 14:52:57,219 - INFO -   → New best validation loss: 0.0031
2025-11-17 14:53:03,511 - INFO - Epoch: 98, Training Loss: 0.0032, Validation Loss: 0.0060
2025-11-17 14:53:11,691 - INFO - Epoch: 99, Training Loss: 0.0038, Validation Loss: 0.0027
2025-11-17 14:53:11,692 - INFO -   → New best validation loss: 0.0027
2025-11-17 14:53:18,428 - INFO - Epoch: 100, Training Loss: 0.0028, Validation Loss: 0.0044
2025-11-17 14:53:28,779 - INFO - Epoch: 101, Training Loss: 0.0034, Validation Loss: 0.0037
2025-11-17 14:53:36,776 - INFO - Epoch: 102, Training Loss: 0.0033, Validation Loss: 0.0029
2025-11-17 14:53:47,246 - INFO - Epoch: 103, Training Loss: 0.0031, Validation Loss: 0.0034
2025-11-17 14:53:54,394 - INFO - Epoch: 104, Training Loss: 0.0033, Validation Loss: 0.0027
2025-11-17 14:54:03,627 - INFO - Epoch: 105, Training Loss: 0.0031, Validation Loss: 0.0035
2025-11-17 14:54:09,828 - INFO - Epoch: 106, Training Loss: 0.0029, Validation Loss: 0.0027
2025-11-17 14:54:09,829 - INFO -   → New best validation loss: 0.0027
2025-11-17 14:54:17,090 - INFO - Epoch: 107, Training Loss: 0.0030, Validation Loss: 0.0030
2025-11-17 14:54:25,349 - INFO - Epoch: 108, Training Loss: 0.0033, Validation Loss: 0.0037
2025-11-17 14:54:33,168 - INFO - Epoch: 109, Training Loss: 0.0033, Validation Loss: 0.0034
2025-11-17 14:54:42,089 - INFO - Epoch: 110, Training Loss: 0.0030, Validation Loss: 0.0043
2025-11-17 14:54:50,713 - INFO - Epoch: 111, Training Loss: 0.0029, Validation Loss: 0.0031
2025-11-17 14:54:58,588 - INFO - Epoch: 112, Training Loss: 0.0027, Validation Loss: 0.0045
2025-11-17 14:55:07,097 - INFO - Epoch: 113, Training Loss: 0.0028, Validation Loss: 0.0038
2025-11-17 14:55:14,862 - INFO - Epoch: 114, Training Loss: 0.0027, Validation Loss: 0.0057
2025-11-17 14:55:21,856 - INFO - Epoch: 115, Training Loss: 0.0029, Validation Loss: 0.0030
2025-11-17 14:55:30,415 - INFO - Epoch: 116, Training Loss: 0.0024, Validation Loss: 0.0033
2025-11-17 14:55:36,978 - INFO - Epoch: 117, Training Loss: 0.0029, Validation Loss: 0.0033
2025-11-17 14:55:45,188 - INFO - Epoch: 118, Training Loss: 0.0028, Validation Loss: 0.0031
2025-11-17 14:55:54,577 - INFO - Epoch: 119, Training Loss: 0.0028, Validation Loss: 0.0026
2025-11-17 14:55:54,578 - INFO -   → New best validation loss: 0.0026
2025-11-17 14:56:04,265 - INFO - Epoch: 120, Training Loss: 0.0029, Validation Loss: 0.0026
2025-11-17 14:56:04,266 - INFO -   → New best validation loss: 0.0026
2025-11-17 14:56:12,179 - INFO - Epoch: 121, Training Loss: 0.0028, Validation Loss: 0.0037
2025-11-17 14:56:20,941 - INFO - Epoch: 122, Training Loss: 0.0027, Validation Loss: 0.0043
2025-11-17 14:56:30,354 - INFO - Epoch: 123, Training Loss: 0.0026, Validation Loss: 0.0033
2025-11-17 14:56:40,664 - INFO - Epoch: 124, Training Loss: 0.0028, Validation Loss: 0.0028
2025-11-17 14:56:50,426 - INFO - Epoch: 125, Training Loss: 0.0025, Validation Loss: 0.0031
2025-11-17 14:56:59,093 - INFO - Epoch: 126, Training Loss: 0.0024, Validation Loss: 0.0025
2025-11-17 14:56:59,094 - INFO -   → New best validation loss: 0.0025
2025-11-17 14:57:09,047 - INFO - Epoch: 127, Training Loss: 0.0023, Validation Loss: 0.0023
2025-11-17 14:57:09,048 - INFO -   → New best validation loss: 0.0023
2025-11-17 14:57:17,786 - INFO - Epoch: 128, Training Loss: 0.0025, Validation Loss: 0.0025
2025-11-17 14:57:26,009 - INFO - Epoch: 129, Training Loss: 0.0021, Validation Loss: 0.0031
2025-11-17 14:57:34,691 - INFO - Epoch: 130, Training Loss: 0.0023, Validation Loss: 0.0029
2025-11-17 14:57:43,815 - INFO - Epoch: 131, Training Loss: 0.0026, Validation Loss: 0.0027
2025-11-17 14:57:53,513 - INFO - Epoch: 132, Training Loss: 0.0025, Validation Loss: 0.0031
2025-11-17 14:58:01,160 - INFO - Epoch: 133, Training Loss: 0.0025, Validation Loss: 0.0033
2025-11-17 14:58:09,166 - INFO - Epoch: 134, Training Loss: 0.0023, Validation Loss: 0.0025
2025-11-17 14:58:18,465 - INFO - Epoch: 135, Training Loss: 0.0026, Validation Loss: 0.0031
2025-11-17 14:58:25,358 - INFO - Epoch: 136, Training Loss: 0.0028, Validation Loss: 0.0031
2025-11-17 14:58:35,836 - INFO - Epoch: 137, Training Loss: 0.0024, Validation Loss: 0.0021
2025-11-17 14:58:35,841 - INFO -   → New best validation loss: 0.0021
2025-11-17 14:58:42,452 - INFO - Epoch: 138, Training Loss: 0.0021, Validation Loss: 0.0021
2025-11-17 14:58:42,453 - INFO -   → New best validation loss: 0.0021
2025-11-17 14:58:48,398 - INFO - Epoch: 139, Training Loss: 0.0026, Validation Loss: 0.0020
2025-11-17 14:58:48,402 - INFO -   → New best validation loss: 0.0020
2025-11-17 14:58:56,122 - INFO - Epoch: 140, Training Loss: 0.0021, Validation Loss: 0.0030
2025-11-17 14:59:05,373 - INFO - Epoch: 141, Training Loss: 0.0021, Validation Loss: 0.0022
2025-11-17 14:59:11,317 - INFO - Epoch: 142, Training Loss: 0.0021, Validation Loss: 0.0025
2025-11-17 14:59:21,047 - INFO - Epoch: 143, Training Loss: 0.0022, Validation Loss: 0.0024
2025-11-17 14:59:31,852 - INFO - Epoch: 144, Training Loss: 0.0025, Validation Loss: 0.0037
2025-11-17 14:59:41,112 - INFO - Epoch: 145, Training Loss: 0.0027, Validation Loss: 0.0023
2025-11-17 14:59:49,635 - INFO - Epoch: 146, Training Loss: 0.0028, Validation Loss: 0.0051
2025-11-17 14:59:57,210 - INFO - Epoch: 147, Training Loss: 0.0023, Validation Loss: 0.0028
2025-11-17 15:00:03,915 - INFO - Epoch: 148, Training Loss: 0.0025, Validation Loss: 0.0028
2025-11-17 15:00:13,223 - INFO - Epoch: 149, Training Loss: 0.0023, Validation Loss: 0.0032
2025-11-17 15:00:23,988 - INFO - Epoch: 150, Training Loss: 0.0027, Validation Loss: 0.0035
2025-11-17 15:00:33,025 - INFO - Epoch: 151, Training Loss: 0.0028, Validation Loss: 0.0028
2025-11-17 15:00:42,559 - INFO - Epoch: 152, Training Loss: 0.0022, Validation Loss: 0.0023
2025-11-17 15:00:53,421 - INFO - Epoch: 153, Training Loss: 0.0021, Validation Loss: 0.0028
2025-11-17 15:01:02,725 - INFO - Epoch: 154, Training Loss: 0.0022, Validation Loss: 0.0035
2025-11-17 15:01:13,325 - INFO - Epoch: 155, Training Loss: 0.0023, Validation Loss: 0.0032
2025-11-17 15:01:21,783 - INFO - Epoch: 156, Training Loss: 0.0022, Validation Loss: 0.0026
2025-11-17 15:01:31,037 - INFO - Epoch: 157, Training Loss: 0.0020, Validation Loss: 0.0034
2025-11-17 15:01:41,296 - INFO - Epoch: 158, Training Loss: 0.0027, Validation Loss: 0.0024
2025-11-17 15:01:47,542 - INFO - Epoch: 159, Training Loss: 0.0021, Validation Loss: 0.0024
2025-11-17 15:01:47,542 - INFO - Early stopping triggered at epoch 159
2025-11-17 15:01:47,542 - INFO - Best validation loss: 0.0020
2025-11-17 15:01:47,547 - INFO - Restored best model weights
2025-11-17 15:01:47,547 - INFO - 
============================================================
2025-11-17 15:01:47,547 - INFO - EVALUATION RESULTS
2025-11-17 15:01:47,547 - INFO - ============================================================
2025-11-17 15:01:47,591 - INFO - Validation Prediction Stats:
2025-11-17 15:01:47,591 - INFO -   Std: 0.338358, Range: 0.993239, Unique ratio: 0.6641
2025-11-17 15:01:47,592 - INFO - Validation Set - MSE: 0.001903, MAE: 0.031333, RMSE: 0.043627, Pearson Correlation: 0.991971 (p=0.000000)
2025-11-17 15:01:47,705 - INFO - Test Prediction Stats:
2025-11-17 15:01:47,706 - INFO -   Std: 0.332402, Range: 0.981422, Unique ratio: 0.7029
2025-11-17 15:01:47,707 - INFO - Test Set - MSE: 0.001951, MAE: 0.034265, RMSE: 0.044168, Pearson Correlation: 0.991374 (p=0.000000)
2025-11-17 15:01:47,707 - INFO - ============================================================

2025-11-17 15:01:47,708 - INFO - Trial completed successfully
2025-11-17 15:01:47,708 - INFO - ================================================================================
2025-11-17 15:01:47,708 - INFO - Trial 18 completed. End time: 2025-11-17 15:01:47
2025-11-17 15:01:47,708 - INFO - ================================================================================
