2025-11-17 13:39:54,877 - INFO - ================================================================================
2025-11-17 13:39:54,877 - INFO - TRIAL 14 - Task: RGS (FP1/FP2 only, no CV)
2025-11-17 13:39:54,877 - INFO - Log file: ./logs_fp_no_cv/trial14_RGS_20251117_093635.log
2025-11-17 13:39:54,877 - INFO - Start time: 2025-11-17 13:39:54
2025-11-17 13:39:54,877 - INFO - ================================================================================
2025-11-17 13:39:54,879 - INFO - START TRAINING - Task: RGS (FP1/FP2 only, no CV)
2025-11-17 13:39:54,879 - INFO - Learning rate: 0.005, Epochs: 200, Batches: 8
2025-11-17 13:39:54,879 - INFO - Data split: 70% train / 15% validation / 15% test
2025-11-17 13:39:54,879 - INFO - Loading dataset (FP1/FP2 channels only, fixed split)...
2025-11-17 13:39:54,891 - INFO - Dataset shapes - Train: (618, 2, 25, 1), Valid: (131, 2, 25, 1), Test: (136, 2, 25, 1)
2025-11-17 13:39:54,892 - INFO - Applied feature normalization (StandardScaler)
2025-11-17 13:39:54,892 - INFO - Initializing VIGNet-FP model (2 channels)...
2025-11-17 13:39:54,896 - INFO - Number of batch iterations per epoch: 77
2025-11-17 13:40:05,157 - INFO - Epoch: 1, Training Loss: 0.0744, Validation Loss: 0.0373
2025-11-17 13:40:05,163 - INFO -   → New best validation loss: 0.0373
2025-11-17 13:40:17,236 - INFO - Epoch: 2, Training Loss: 0.0315, Validation Loss: 0.0240
2025-11-17 13:40:17,237 - INFO -   → New best validation loss: 0.0240
2025-11-17 13:40:27,069 - INFO - Epoch: 3, Training Loss: 0.0321, Validation Loss: 0.0218
2025-11-17 13:40:27,074 - INFO -   → New best validation loss: 0.0218
2025-11-17 13:40:36,528 - INFO - Epoch: 4, Training Loss: 0.0277, Validation Loss: 0.0203
2025-11-17 13:40:36,531 - INFO -   → New best validation loss: 0.0203
2025-11-17 13:40:46,678 - INFO - Epoch: 5, Training Loss: 0.0235, Validation Loss: 0.0192
2025-11-17 13:40:46,683 - INFO -   → New best validation loss: 0.0192
2025-11-17 13:40:55,576 - INFO - Epoch: 6, Training Loss: 0.0223, Validation Loss: 0.0206
2025-11-17 13:41:03,659 - INFO - Epoch: 7, Training Loss: 0.0219, Validation Loss: 0.0205
2025-11-17 13:41:12,954 - INFO - Epoch: 8, Training Loss: 0.0215, Validation Loss: 0.0181
2025-11-17 13:41:12,955 - INFO -   → New best validation loss: 0.0181
2025-11-17 13:41:23,042 - INFO - Epoch: 9, Training Loss: 0.0190, Validation Loss: 0.0194
2025-11-17 13:41:29,448 - INFO - Epoch: 10, Training Loss: 0.0183, Validation Loss: 0.0152
2025-11-17 13:41:29,449 - INFO -   → New best validation loss: 0.0152
2025-11-17 13:41:38,746 - INFO - Epoch: 11, Training Loss: 0.0163, Validation Loss: 0.0195
2025-11-17 13:41:49,134 - INFO - Epoch: 12, Training Loss: 0.0184, Validation Loss: 0.0159
2025-11-17 13:41:57,705 - INFO - Epoch: 13, Training Loss: 0.0147, Validation Loss: 0.0157
2025-11-17 13:42:07,003 - INFO - Epoch: 14, Training Loss: 0.0153, Validation Loss: 0.0161
2025-11-17 13:42:16,769 - INFO - Epoch: 15, Training Loss: 0.0141, Validation Loss: 0.0113
2025-11-17 13:42:16,770 - INFO -   → New best validation loss: 0.0113
2025-11-17 13:42:25,168 - INFO - Epoch: 16, Training Loss: 0.0133, Validation Loss: 0.0137
2025-11-17 13:42:31,171 - INFO - Epoch: 17, Training Loss: 0.0123, Validation Loss: 0.0122
2025-11-17 13:42:42,437 - INFO - Epoch: 18, Training Loss: 0.0115, Validation Loss: 0.0119
2025-11-17 13:42:52,894 - INFO - Epoch: 19, Training Loss: 0.0111, Validation Loss: 0.0133
2025-11-17 13:43:02,946 - INFO - Epoch: 20, Training Loss: 0.0103, Validation Loss: 0.0140
2025-11-17 13:43:10,125 - INFO - Epoch: 21, Training Loss: 0.0127, Validation Loss: 0.0109
2025-11-17 13:43:10,126 - INFO -   → New best validation loss: 0.0109
2025-11-17 13:43:15,371 - INFO - Epoch: 22, Training Loss: 0.0112, Validation Loss: 0.0091
2025-11-17 13:43:15,372 - INFO -   → New best validation loss: 0.0091
2025-11-17 13:43:25,062 - INFO - Epoch: 23, Training Loss: 0.0105, Validation Loss: 0.0088
2025-11-17 13:43:25,064 - INFO -   → New best validation loss: 0.0088
2025-11-17 13:43:32,633 - INFO - Epoch: 24, Training Loss: 0.0103, Validation Loss: 0.0093
2025-11-17 13:43:40,814 - INFO - Epoch: 25, Training Loss: 0.0087, Validation Loss: 0.0080
2025-11-17 13:43:40,815 - INFO -   → New best validation loss: 0.0080
2025-11-17 13:43:51,180 - INFO - Epoch: 26, Training Loss: 0.0085, Validation Loss: 0.0092
2025-11-17 13:43:59,337 - INFO - Epoch: 27, Training Loss: 0.0076, Validation Loss: 0.0069
2025-11-17 13:43:59,338 - INFO -   → New best validation loss: 0.0069
2025-11-17 13:44:09,529 - INFO - Epoch: 28, Training Loss: 0.0072, Validation Loss: 0.0086
2025-11-17 13:44:21,637 - INFO - Epoch: 29, Training Loss: 0.0075, Validation Loss: 0.0080
2025-11-17 13:44:32,106 - INFO - Epoch: 30, Training Loss: 0.0078, Validation Loss: 0.0111
2025-11-17 13:44:43,104 - INFO - Epoch: 31, Training Loss: 0.0080, Validation Loss: 0.0113
2025-11-17 13:44:51,728 - INFO - Epoch: 32, Training Loss: 0.0069, Validation Loss: 0.0079
2025-11-17 13:44:59,003 - INFO - Epoch: 33, Training Loss: 0.0066, Validation Loss: 0.0071
2025-11-17 13:45:08,314 - INFO - Epoch: 34, Training Loss: 0.0066, Validation Loss: 0.0077
2025-11-17 13:45:18,074 - INFO - Epoch: 35, Training Loss: 0.0055, Validation Loss: 0.0089
2025-11-17 13:45:28,494 - INFO - Epoch: 36, Training Loss: 0.0066, Validation Loss: 0.0053
2025-11-17 13:45:28,495 - INFO -   → New best validation loss: 0.0053
2025-11-17 13:45:39,298 - INFO - Epoch: 37, Training Loss: 0.0061, Validation Loss: 0.0094
2025-11-17 13:45:46,391 - INFO - Epoch: 38, Training Loss: 0.0063, Validation Loss: 0.0087
2025-11-17 13:45:53,129 - INFO - Epoch: 39, Training Loss: 0.0059, Validation Loss: 0.0075
2025-11-17 13:46:01,625 - INFO - Epoch: 40, Training Loss: 0.0055, Validation Loss: 0.0051
2025-11-17 13:46:01,628 - INFO -   → New best validation loss: 0.0051
2025-11-17 13:46:11,211 - INFO - Epoch: 41, Training Loss: 0.0051, Validation Loss: 0.0044
2025-11-17 13:46:11,212 - INFO -   → New best validation loss: 0.0044
2025-11-17 13:46:20,485 - INFO - Epoch: 42, Training Loss: 0.0049, Validation Loss: 0.0049
2025-11-17 13:46:28,343 - INFO - Epoch: 43, Training Loss: 0.0050, Validation Loss: 0.0049
2025-11-17 13:46:38,815 - INFO - Epoch: 44, Training Loss: 0.0050, Validation Loss: 0.0056
2025-11-17 13:46:45,802 - INFO - Epoch: 45, Training Loss: 0.0054, Validation Loss: 0.0112
2025-11-17 13:46:53,645 - INFO - Epoch: 46, Training Loss: 0.0040, Validation Loss: 0.0046
2025-11-17 13:47:02,506 - INFO - Epoch: 47, Training Loss: 0.0038, Validation Loss: 0.0055
2025-11-17 13:47:11,275 - INFO - Epoch: 48, Training Loss: 0.0042, Validation Loss: 0.0062
2025-11-17 13:47:20,600 - INFO - Epoch: 49, Training Loss: 0.0039, Validation Loss: 0.0032
2025-11-17 13:47:20,601 - INFO -   → New best validation loss: 0.0032
2025-11-17 13:47:28,112 - INFO - Epoch: 50, Training Loss: 0.0038, Validation Loss: 0.0041
2025-11-17 13:47:37,399 - INFO - Epoch: 51, Training Loss: 0.0038, Validation Loss: 0.0039
2025-11-17 13:47:49,732 - INFO - Epoch: 52, Training Loss: 0.0037, Validation Loss: 0.0037
2025-11-17 13:47:59,426 - INFO - Epoch: 53, Training Loss: 0.0035, Validation Loss: 0.0046
2025-11-17 13:48:07,116 - INFO - Epoch: 54, Training Loss: 0.0033, Validation Loss: 0.0044
2025-11-17 13:48:15,814 - INFO - Epoch: 55, Training Loss: 0.0044, Validation Loss: 0.0041
2025-11-17 13:48:27,314 - INFO - Epoch: 56, Training Loss: 0.0034, Validation Loss: 0.0038
2025-11-17 13:48:35,502 - INFO - Epoch: 57, Training Loss: 0.0031, Validation Loss: 0.0035
2025-11-17 13:48:44,925 - INFO - Epoch: 58, Training Loss: 0.0041, Validation Loss: 0.0040
2025-11-17 13:48:55,603 - INFO - Epoch: 59, Training Loss: 0.0027, Validation Loss: 0.0028
2025-11-17 13:48:55,607 - INFO -   → New best validation loss: 0.0028
2025-11-17 13:49:02,638 - INFO - Epoch: 60, Training Loss: 0.0035, Validation Loss: 0.0051
2025-11-17 13:49:13,890 - INFO - Epoch: 61, Training Loss: 0.0037, Validation Loss: 0.0045
2025-11-17 13:49:26,542 - INFO - Epoch: 62, Training Loss: 0.0036, Validation Loss: 0.0043
2025-11-17 13:49:36,741 - INFO - Epoch: 63, Training Loss: 0.0033, Validation Loss: 0.0033
2025-11-17 13:49:43,806 - INFO - Epoch: 64, Training Loss: 0.0033, Validation Loss: 0.0082
2025-11-17 13:49:52,714 - INFO - Epoch: 65, Training Loss: 0.0028, Validation Loss: 0.0034
2025-11-17 13:50:02,451 - INFO - Epoch: 66, Training Loss: 0.0025, Validation Loss: 0.0042
2025-11-17 13:50:11,314 - INFO - Epoch: 67, Training Loss: 0.0033, Validation Loss: 0.0033
2025-11-17 13:50:20,671 - INFO - Epoch: 68, Training Loss: 0.0031, Validation Loss: 0.0046
2025-11-17 13:50:26,790 - INFO - Epoch: 69, Training Loss: 0.0032, Validation Loss: 0.0064
2025-11-17 13:50:36,227 - INFO - Epoch: 70, Training Loss: 0.0024, Validation Loss: 0.0028
2025-11-17 13:50:36,228 - INFO -   → New best validation loss: 0.0028
2025-11-17 13:50:46,519 - INFO - Epoch: 71, Training Loss: 0.0025, Validation Loss: 0.0030
2025-11-17 13:50:56,577 - INFO - Epoch: 72, Training Loss: 0.0027, Validation Loss: 0.0034
2025-11-17 13:51:04,229 - INFO - Epoch: 73, Training Loss: 0.0024, Validation Loss: 0.0020
2025-11-17 13:51:04,231 - INFO -   → New best validation loss: 0.0020
2025-11-17 13:51:10,963 - INFO - Epoch: 74, Training Loss: 0.0030, Validation Loss: 0.0037
2025-11-17 13:51:19,258 - INFO - Epoch: 75, Training Loss: 0.0027, Validation Loss: 0.0022
2025-11-17 13:51:28,374 - INFO - Epoch: 76, Training Loss: 0.0027, Validation Loss: 0.0052
2025-11-17 13:51:36,041 - INFO - Epoch: 77, Training Loss: 0.0028, Validation Loss: 0.0028
2025-11-17 13:51:48,368 - INFO - Epoch: 78, Training Loss: 0.0027, Validation Loss: 0.0038
2025-11-17 13:51:58,721 - INFO - Epoch: 79, Training Loss: 0.0027, Validation Loss: 0.0032
2025-11-17 13:52:06,585 - INFO - Epoch: 80, Training Loss: 0.0022, Validation Loss: 0.0053
2025-11-17 13:52:15,393 - INFO - Epoch: 81, Training Loss: 0.0023, Validation Loss: 0.0027
2025-11-17 13:52:24,853 - INFO - Epoch: 82, Training Loss: 0.0022, Validation Loss: 0.0034
2025-11-17 13:52:33,876 - INFO - Epoch: 83, Training Loss: 0.0022, Validation Loss: 0.0030
2025-11-17 13:52:43,711 - INFO - Epoch: 84, Training Loss: 0.0025, Validation Loss: 0.0046
2025-11-17 13:52:52,816 - INFO - Epoch: 85, Training Loss: 0.0026, Validation Loss: 0.0037
2025-11-17 13:53:03,484 - INFO - Epoch: 86, Training Loss: 0.0023, Validation Loss: 0.0038
2025-11-17 13:53:12,009 - INFO - Epoch: 87, Training Loss: 0.0022, Validation Loss: 0.0032
2025-11-17 13:53:20,503 - INFO - Epoch: 88, Training Loss: 0.0023, Validation Loss: 0.0032
2025-11-17 13:53:29,599 - INFO - Epoch: 89, Training Loss: 0.0024, Validation Loss: 0.0034
2025-11-17 13:53:40,085 - INFO - Epoch: 90, Training Loss: 0.0027, Validation Loss: 0.0019
2025-11-17 13:53:40,086 - INFO -   → New best validation loss: 0.0019
2025-11-17 13:53:52,051 - INFO - Epoch: 91, Training Loss: 0.0022, Validation Loss: 0.0043
2025-11-17 13:54:01,472 - INFO - Epoch: 92, Training Loss: 0.0032, Validation Loss: 0.0046
2025-11-17 13:54:08,962 - INFO - Epoch: 93, Training Loss: 0.0031, Validation Loss: 0.0054
2025-11-17 13:54:17,177 - INFO - Epoch: 94, Training Loss: 0.0020, Validation Loss: 0.0038
2025-11-17 13:54:24,386 - INFO - Epoch: 95, Training Loss: 0.0026, Validation Loss: 0.0022
2025-11-17 13:54:35,294 - INFO - Epoch: 96, Training Loss: 0.0024, Validation Loss: 0.0034
2025-11-17 13:54:45,570 - INFO - Epoch: 97, Training Loss: 0.0023, Validation Loss: 0.0027
2025-11-17 13:54:52,422 - INFO - Epoch: 98, Training Loss: 0.0022, Validation Loss: 0.0029
2025-11-17 13:55:02,333 - INFO - Epoch: 99, Training Loss: 0.0022, Validation Loss: 0.0025
2025-11-17 13:55:11,781 - INFO - Epoch: 100, Training Loss: 0.0026, Validation Loss: 0.0030
2025-11-17 13:55:22,295 - INFO - Epoch: 101, Training Loss: 0.0020, Validation Loss: 0.0019
2025-11-17 13:55:31,739 - INFO - Epoch: 102, Training Loss: 0.0029, Validation Loss: 0.0026
2025-11-17 13:55:42,281 - INFO - Epoch: 103, Training Loss: 0.0022, Validation Loss: 0.0020
2025-11-17 13:55:52,589 - INFO - Epoch: 104, Training Loss: 0.0023, Validation Loss: 0.0033
2025-11-17 13:56:01,550 - INFO - Epoch: 105, Training Loss: 0.0023, Validation Loss: 0.0021
2025-11-17 13:56:11,857 - INFO - Epoch: 106, Training Loss: 0.0022, Validation Loss: 0.0020
2025-11-17 13:56:21,502 - INFO - Epoch: 107, Training Loss: 0.0024, Validation Loss: 0.0024
2025-11-17 13:56:32,096 - INFO - Epoch: 108, Training Loss: 0.0021, Validation Loss: 0.0025
2025-11-17 13:56:41,997 - INFO - Epoch: 109, Training Loss: 0.0018, Validation Loss: 0.0019
2025-11-17 13:56:51,923 - INFO - Epoch: 110, Training Loss: 0.0022, Validation Loss: 0.0021
2025-11-17 13:56:51,923 - INFO - Early stopping triggered at epoch 110
2025-11-17 13:56:51,923 - INFO - Best validation loss: 0.0019
2025-11-17 13:56:51,927 - INFO - Restored best model weights
2025-11-17 13:56:51,927 - INFO - 
============================================================
2025-11-17 13:56:51,927 - INFO - EVALUATION RESULTS
2025-11-17 13:56:51,927 - INFO - ============================================================
2025-11-17 13:56:51,971 - INFO - Validation Prediction Stats:
2025-11-17 13:56:51,971 - INFO -   Std: 0.213846, Range: 0.804315, Unique ratio: 0.7328
2025-11-17 13:56:51,972 - INFO - Validation Set - MSE: 0.002007, MAE: 0.034667, RMSE: 0.044804, Pearson Correlation: 0.980394 (p=0.000000)
2025-11-17 13:56:52,135 - INFO - Test Prediction Stats:
2025-11-17 13:56:52,135 - INFO -   Std: 0.235022, Range: 0.846252, Unique ratio: 0.7206
2025-11-17 13:56:52,137 - INFO - Test Set - MSE: 0.001876, MAE: 0.032606, RMSE: 0.043307, Pearson Correlation: 0.983017 (p=0.000000)
2025-11-17 13:56:52,137 - INFO - ============================================================

2025-11-17 13:56:52,137 - INFO - Trial completed successfully
2025-11-17 13:56:52,138 - INFO - ================================================================================
2025-11-17 13:56:52,138 - INFO - Trial 14 completed. End time: 2025-11-17 13:56:52
2025-11-17 13:56:52,138 - INFO - ================================================================================
