2025-11-17 15:01:47,708 - INFO - ================================================================================
2025-11-17 15:01:47,708 - INFO - TRIAL 19 - Task: RGS (FP1/FP2 only, no CV)
2025-11-17 15:01:47,708 - INFO - Log file: ./logs_fp_no_cv/trial19_RGS_20251117_093635.log
2025-11-17 15:01:47,708 - INFO - Start time: 2025-11-17 15:01:47
2025-11-17 15:01:47,709 - INFO - ================================================================================
2025-11-17 15:01:47,714 - INFO - START TRAINING - Task: RGS (FP1/FP2 only, no CV)
2025-11-17 15:01:47,714 - INFO - Learning rate: 0.005, Epochs: 200, Batches: 8
2025-11-17 15:01:47,714 - INFO - Data split: 70% train / 15% validation / 15% test
2025-11-17 15:01:47,714 - INFO - Loading dataset (FP1/FP2 channels only, fixed split)...
2025-11-17 15:01:47,735 - INFO - Dataset shapes - Train: (617, 2, 25, 1), Valid: (129, 2, 25, 1), Test: (139, 2, 25, 1)
2025-11-17 15:01:47,736 - INFO - Applied feature normalization (StandardScaler)
2025-11-17 15:01:47,737 - INFO - Initializing VIGNet-FP model (2 channels)...
2025-11-17 15:01:47,742 - INFO - Number of batch iterations per epoch: 77
2025-11-17 15:01:58,273 - INFO - Epoch: 1, Training Loss: 0.0275, Validation Loss: 0.0130
2025-11-17 15:01:58,274 - INFO -   → New best validation loss: 0.0130
2025-11-17 15:02:08,591 - INFO - Epoch: 2, Training Loss: 0.0119, Validation Loss: 0.0085
2025-11-17 15:02:08,592 - INFO -   → New best validation loss: 0.0085
2025-11-17 15:02:17,056 - INFO - Epoch: 3, Training Loss: 0.0083, Validation Loss: 0.0095
2025-11-17 15:02:25,145 - INFO - Epoch: 4, Training Loss: 0.0079, Validation Loss: 0.0072
2025-11-17 15:02:25,150 - INFO -   → New best validation loss: 0.0072
2025-11-17 15:02:37,568 - INFO - Epoch: 5, Training Loss: 0.0064, Validation Loss: 0.0090
2025-11-17 15:02:47,159 - INFO - Epoch: 6, Training Loss: 0.0068, Validation Loss: 0.0065
2025-11-17 15:02:47,160 - INFO -   → New best validation loss: 0.0065
2025-11-17 15:02:55,055 - INFO - Epoch: 7, Training Loss: 0.0052, Validation Loss: 0.0056
2025-11-17 15:02:55,056 - INFO -   → New best validation loss: 0.0056
2025-11-17 15:03:02,836 - INFO - Epoch: 8, Training Loss: 0.0053, Validation Loss: 0.0049
2025-11-17 15:03:02,839 - INFO -   → New best validation loss: 0.0049
2025-11-17 15:03:12,188 - INFO - Epoch: 9, Training Loss: 0.0045, Validation Loss: 0.0040
2025-11-17 15:03:12,189 - INFO -   → New best validation loss: 0.0040
2025-11-17 15:03:21,286 - INFO - Epoch: 10, Training Loss: 0.0043, Validation Loss: 0.0035
2025-11-17 15:03:21,287 - INFO -   → New best validation loss: 0.0035
2025-11-17 15:03:30,600 - INFO - Epoch: 11, Training Loss: 0.0041, Validation Loss: 0.0027
2025-11-17 15:03:30,604 - INFO -   → New best validation loss: 0.0027
2025-11-17 15:03:36,746 - INFO - Epoch: 12, Training Loss: 0.0032, Validation Loss: 0.0043
2025-11-17 15:03:46,553 - INFO - Epoch: 13, Training Loss: 0.0031, Validation Loss: 0.0035
2025-11-17 15:03:55,578 - INFO - Epoch: 14, Training Loss: 0.0022, Validation Loss: 0.0025
2025-11-17 15:03:55,579 - INFO -   → New best validation loss: 0.0025
2025-11-17 15:04:05,596 - INFO - Epoch: 15, Training Loss: 0.0023, Validation Loss: 0.0022
2025-11-17 15:04:05,599 - INFO -   → New best validation loss: 0.0022
2025-11-17 15:04:14,522 - INFO - Epoch: 16, Training Loss: 0.0024, Validation Loss: 0.0016
2025-11-17 15:04:14,527 - INFO -   → New best validation loss: 0.0016
2025-11-17 15:04:24,299 - INFO - Epoch: 17, Training Loss: 0.0015, Validation Loss: 0.0017
2025-11-17 15:04:31,209 - INFO - Epoch: 18, Training Loss: 0.0013, Validation Loss: 0.0015
2025-11-17 15:04:31,211 - INFO -   → New best validation loss: 0.0015
2025-11-17 15:04:39,723 - INFO - Epoch: 19, Training Loss: 0.0013, Validation Loss: 0.0009
2025-11-17 15:04:39,725 - INFO -   → New best validation loss: 0.0009
2025-11-17 15:04:50,218 - INFO - Epoch: 20, Training Loss: 0.0015, Validation Loss: 0.0014
2025-11-17 15:04:57,928 - INFO - Epoch: 21, Training Loss: 0.0013, Validation Loss: 0.0021
2025-11-17 15:05:07,042 - INFO - Epoch: 22, Training Loss: 0.0014, Validation Loss: 0.0010
2025-11-17 15:05:14,609 - INFO - Epoch: 23, Training Loss: 0.0012, Validation Loss: 0.0011
2025-11-17 15:05:22,682 - INFO - Epoch: 24, Training Loss: 0.0011, Validation Loss: 0.0013
2025-11-17 15:05:31,353 - INFO - Epoch: 25, Training Loss: 0.0009, Validation Loss: 0.0010
2025-11-17 15:05:40,743 - INFO - Epoch: 26, Training Loss: 0.0011, Validation Loss: 0.0014
2025-11-17 15:05:48,259 - INFO - Epoch: 27, Training Loss: 0.0011, Validation Loss: 0.0018
2025-11-17 15:05:56,815 - INFO - Epoch: 28, Training Loss: 0.0011, Validation Loss: 0.0012
2025-11-17 15:06:06,104 - INFO - Epoch: 29, Training Loss: 0.0009, Validation Loss: 0.0006
2025-11-17 15:06:06,105 - INFO -   → New best validation loss: 0.0006
2025-11-17 15:06:15,651 - INFO - Epoch: 30, Training Loss: 0.0008, Validation Loss: 0.0006
2025-11-17 15:06:23,107 - INFO - Epoch: 31, Training Loss: 0.0012, Validation Loss: 0.0013
2025-11-17 15:06:31,458 - INFO - Epoch: 32, Training Loss: 0.0010, Validation Loss: 0.0007
2025-11-17 15:06:37,635 - INFO - Epoch: 33, Training Loss: 0.0011, Validation Loss: 0.0011
2025-11-17 15:06:45,420 - INFO - Epoch: 34, Training Loss: 0.0010, Validation Loss: 0.0012
2025-11-17 15:06:54,455 - INFO - Epoch: 35, Training Loss: 0.0009, Validation Loss: 0.0013
2025-11-17 15:07:01,786 - INFO - Epoch: 36, Training Loss: 0.0008, Validation Loss: 0.0009
2025-11-17 15:07:09,143 - INFO - Epoch: 37, Training Loss: 0.0007, Validation Loss: 0.0010
2025-11-17 15:07:16,381 - INFO - Epoch: 38, Training Loss: 0.0007, Validation Loss: 0.0008
2025-11-17 15:07:25,946 - INFO - Epoch: 39, Training Loss: 0.0007, Validation Loss: 0.0007
2025-11-17 15:07:36,038 - INFO - Epoch: 40, Training Loss: 0.0007, Validation Loss: 0.0006
2025-11-17 15:07:41,731 - INFO - Epoch: 41, Training Loss: 0.0008, Validation Loss: 0.0008
2025-11-17 15:07:50,141 - INFO - Epoch: 42, Training Loss: 0.0010, Validation Loss: 0.0016
2025-11-17 15:08:00,803 - INFO - Epoch: 43, Training Loss: 0.0008, Validation Loss: 0.0019
2025-11-17 15:08:10,843 - INFO - Epoch: 44, Training Loss: 0.0008, Validation Loss: 0.0015
2025-11-17 15:08:20,291 - INFO - Epoch: 45, Training Loss: 0.0008, Validation Loss: 0.0007
2025-11-17 15:08:28,658 - INFO - Epoch: 46, Training Loss: 0.0007, Validation Loss: 0.0006
2025-11-17 15:08:38,023 - INFO - Epoch: 47, Training Loss: 0.0007, Validation Loss: 0.0009
2025-11-17 15:08:43,515 - INFO - Epoch: 48, Training Loss: 0.0005, Validation Loss: 0.0009
2025-11-17 15:08:50,727 - INFO - Epoch: 49, Training Loss: 0.0006, Validation Loss: 0.0008
2025-11-17 15:08:50,727 - INFO - Early stopping triggered at epoch 49
2025-11-17 15:08:50,727 - INFO - Best validation loss: 0.0006
2025-11-17 15:08:50,732 - INFO - Restored best model weights
2025-11-17 15:08:50,732 - INFO - 
============================================================
2025-11-17 15:08:50,732 - INFO - EVALUATION RESULTS
2025-11-17 15:08:50,732 - INFO - ============================================================
2025-11-17 15:08:50,775 - INFO - Validation Prediction Stats:
2025-11-17 15:08:50,775 - INFO -   Std: 0.105562, Range: 0.561500, Unique ratio: 0.7209
2025-11-17 15:08:50,776 - INFO - Validation Set - MSE: 0.000914, MAE: 0.023243, RMSE: 0.030233, Pearson Correlation: 0.967982 (p=0.000000)
2025-11-17 15:08:50,835 - INFO - Test Prediction Stats:
2025-11-17 15:08:50,835 - INFO -   Std: 0.105991, Range: 0.545869, Unique ratio: 0.6978
2025-11-17 15:08:50,836 - INFO - Test Set - MSE: 0.001129, MAE: 0.026599, RMSE: 0.033605, Pearson Correlation: 0.959536 (p=0.000000)
2025-11-17 15:08:50,836 - INFO - ============================================================

2025-11-17 15:08:50,837 - INFO - Trial completed successfully
2025-11-17 15:08:50,837 - INFO - ================================================================================
2025-11-17 15:08:50,837 - INFO - Trial 19 completed. End time: 2025-11-17 15:08:50
2025-11-17 15:08:50,837 - INFO - ================================================================================
