2025-11-17 15:08:50,837 - INFO - ================================================================================
2025-11-17 15:08:50,837 - INFO - TRIAL 20 - Task: RGS (FP1/FP2 only, no CV)
2025-11-17 15:08:50,837 - INFO - Log file: ./logs_fp_no_cv/trial20_RGS_20251117_093635.log
2025-11-17 15:08:50,837 - INFO - Start time: 2025-11-17 15:08:50
2025-11-17 15:08:50,837 - INFO - ================================================================================
2025-11-17 15:08:50,843 - INFO - START TRAINING - Task: RGS (FP1/FP2 only, no CV)
2025-11-17 15:08:50,843 - INFO - Learning rate: 0.005, Epochs: 200, Batches: 8
2025-11-17 15:08:50,843 - INFO - Data split: 70% train / 15% validation / 15% test
2025-11-17 15:08:50,843 - INFO - Loading dataset (FP1/FP2 channels only, fixed split)...
2025-11-17 15:08:50,889 - INFO - Dataset shapes - Train: (617, 2, 25, 1), Valid: (130, 2, 25, 1), Test: (138, 2, 25, 1)
2025-11-17 15:08:50,890 - INFO - Applied feature normalization (StandardScaler)
2025-11-17 15:08:50,893 - INFO - Initializing VIGNet-FP model (2 channels)...
2025-11-17 15:08:50,908 - INFO - Number of batch iterations per epoch: 77
2025-11-17 15:08:57,354 - INFO - Epoch: 1, Training Loss: 0.0885, Validation Loss: 0.0341
2025-11-17 15:08:57,358 - INFO -   → New best validation loss: 0.0341
2025-11-17 15:09:07,361 - INFO - Epoch: 2, Training Loss: 0.0273, Validation Loss: 0.0143
2025-11-17 15:09:07,362 - INFO -   → New best validation loss: 0.0143
2025-11-17 15:09:16,965 - INFO - Epoch: 3, Training Loss: 0.0164, Validation Loss: 0.0086
2025-11-17 15:09:16,967 - INFO -   → New best validation loss: 0.0086
2025-11-17 15:09:25,511 - INFO - Epoch: 4, Training Loss: 0.0104, Validation Loss: 0.0104
2025-11-17 15:09:32,956 - INFO - Epoch: 5, Training Loss: 0.0091, Validation Loss: 0.0076
2025-11-17 15:09:32,957 - INFO -   → New best validation loss: 0.0076
2025-11-17 15:09:41,031 - INFO - Epoch: 6, Training Loss: 0.0093, Validation Loss: 0.0064
2025-11-17 15:09:41,032 - INFO -   → New best validation loss: 0.0064
2025-11-17 15:09:48,611 - INFO - Epoch: 7, Training Loss: 0.0101, Validation Loss: 0.0062
2025-11-17 15:09:48,616 - INFO -   → New best validation loss: 0.0062
2025-11-17 15:09:57,704 - INFO - Epoch: 8, Training Loss: 0.0083, Validation Loss: 0.0110
2025-11-17 15:10:06,336 - INFO - Epoch: 9, Training Loss: 0.0090, Validation Loss: 0.0059
2025-11-17 15:10:06,337 - INFO -   → New best validation loss: 0.0059
2025-11-17 15:10:13,909 - INFO - Epoch: 10, Training Loss: 0.0070, Validation Loss: 0.0060
2025-11-17 15:10:22,610 - INFO - Epoch: 11, Training Loss: 0.0070, Validation Loss: 0.0067
2025-11-17 15:10:29,488 - INFO - Epoch: 12, Training Loss: 0.0073, Validation Loss: 0.0058
2025-11-17 15:10:29,492 - INFO -   → New best validation loss: 0.0058
2025-11-17 15:10:39,365 - INFO - Epoch: 13, Training Loss: 0.0066, Validation Loss: 0.0054
2025-11-17 15:10:39,370 - INFO -   → New best validation loss: 0.0054
2025-11-17 15:10:46,978 - INFO - Epoch: 14, Training Loss: 0.0068, Validation Loss: 0.0048
2025-11-17 15:10:46,986 - INFO -   → New best validation loss: 0.0048
2025-11-17 15:10:56,877 - INFO - Epoch: 15, Training Loss: 0.0070, Validation Loss: 0.0054
2025-11-17 15:11:06,332 - INFO - Epoch: 16, Training Loss: 0.0063, Validation Loss: 0.0089
2025-11-17 15:11:14,811 - INFO - Epoch: 17, Training Loss: 0.0060, Validation Loss: 0.0053
2025-11-17 15:11:21,092 - INFO - Epoch: 18, Training Loss: 0.0059, Validation Loss: 0.0129
2025-11-17 15:11:29,359 - INFO - Epoch: 19, Training Loss: 0.0068, Validation Loss: 0.0072
2025-11-17 15:11:34,530 - INFO - Epoch: 20, Training Loss: 0.0066, Validation Loss: 0.0046
2025-11-17 15:11:34,531 - INFO -   → New best validation loss: 0.0046
2025-11-17 15:11:41,986 - INFO - Epoch: 21, Training Loss: 0.0057, Validation Loss: 0.0043
2025-11-17 15:11:41,990 - INFO -   → New best validation loss: 0.0043
2025-11-17 15:11:49,301 - INFO - Epoch: 22, Training Loss: 0.0058, Validation Loss: 0.0084
2025-11-17 15:11:57,265 - INFO - Epoch: 23, Training Loss: 0.0061, Validation Loss: 0.0049
2025-11-17 15:12:07,078 - INFO - Epoch: 24, Training Loss: 0.0052, Validation Loss: 0.0058
2025-11-17 15:12:14,853 - INFO - Epoch: 25, Training Loss: 0.0058, Validation Loss: 0.0039
2025-11-17 15:12:14,853 - INFO -   → New best validation loss: 0.0039
2025-11-17 15:12:24,679 - INFO - Epoch: 26, Training Loss: 0.0049, Validation Loss: 0.0045
2025-11-17 15:12:34,254 - INFO - Epoch: 27, Training Loss: 0.0052, Validation Loss: 0.0039
2025-11-17 15:12:41,195 - INFO - Epoch: 28, Training Loss: 0.0044, Validation Loss: 0.0044
2025-11-17 15:12:50,476 - INFO - Epoch: 29, Training Loss: 0.0054, Validation Loss: 0.0055
2025-11-17 15:12:57,738 - INFO - Epoch: 30, Training Loss: 0.0049, Validation Loss: 0.0038
2025-11-17 15:12:57,738 - INFO -   → New best validation loss: 0.0038
2025-11-17 15:13:07,433 - INFO - Epoch: 31, Training Loss: 0.0044, Validation Loss: 0.0048
2025-11-17 15:13:18,528 - INFO - Epoch: 32, Training Loss: 0.0041, Validation Loss: 0.0067
2025-11-17 15:13:27,609 - INFO - Epoch: 33, Training Loss: 0.0040, Validation Loss: 0.0041
2025-11-17 15:13:34,956 - INFO - Epoch: 34, Training Loss: 0.0040, Validation Loss: 0.0037
2025-11-17 15:13:34,956 - INFO -   → New best validation loss: 0.0037
2025-11-17 15:13:40,839 - INFO - Epoch: 35, Training Loss: 0.0061, Validation Loss: 0.0053
2025-11-17 15:13:49,840 - INFO - Epoch: 36, Training Loss: 0.0048, Validation Loss: 0.0031
2025-11-17 15:13:49,841 - INFO -   → New best validation loss: 0.0031
2025-11-17 15:13:57,762 - INFO - Epoch: 37, Training Loss: 0.0042, Validation Loss: 0.0037
2025-11-17 15:14:06,032 - INFO - Epoch: 38, Training Loss: 0.0038, Validation Loss: 0.0029
2025-11-17 15:14:06,033 - INFO -   → New best validation loss: 0.0029
2025-11-17 15:14:12,483 - INFO - Epoch: 39, Training Loss: 0.0035, Validation Loss: 0.0048
2025-11-17 15:14:20,486 - INFO - Epoch: 40, Training Loss: 0.0037, Validation Loss: 0.0031
2025-11-17 15:14:27,941 - INFO - Epoch: 41, Training Loss: 0.0031, Validation Loss: 0.0023
2025-11-17 15:14:27,942 - INFO -   → New best validation loss: 0.0023
2025-11-17 15:14:36,668 - INFO - Epoch: 42, Training Loss: 0.0027, Validation Loss: 0.0030
2025-11-17 15:14:46,084 - INFO - Epoch: 43, Training Loss: 0.0039, Validation Loss: 0.0047
2025-11-17 15:14:55,007 - INFO - Epoch: 44, Training Loss: 0.0030, Validation Loss: 0.0030
2025-11-17 15:15:05,969 - INFO - Epoch: 45, Training Loss: 0.0027, Validation Loss: 0.0045
2025-11-17 15:15:15,947 - INFO - Epoch: 46, Training Loss: 0.0026, Validation Loss: 0.0026
2025-11-17 15:15:28,368 - INFO - Epoch: 47, Training Loss: 0.0021, Validation Loss: 0.0021
2025-11-17 15:15:28,372 - INFO -   → New best validation loss: 0.0021
2025-11-17 15:15:37,441 - INFO - Epoch: 48, Training Loss: 0.0026, Validation Loss: 0.0029
2025-11-17 15:15:44,714 - INFO - Epoch: 49, Training Loss: 0.0024, Validation Loss: 0.0023
2025-11-17 15:15:51,674 - INFO - Epoch: 50, Training Loss: 0.0022, Validation Loss: 0.0024
2025-11-17 15:15:58,639 - INFO - Epoch: 51, Training Loss: 0.0023, Validation Loss: 0.0018
2025-11-17 15:15:58,640 - INFO -   → New best validation loss: 0.0018
2025-11-17 15:16:08,753 - INFO - Epoch: 52, Training Loss: 0.0019, Validation Loss: 0.0019
2025-11-17 15:16:16,074 - INFO - Epoch: 53, Training Loss: 0.0018, Validation Loss: 0.0034
2025-11-17 15:16:24,579 - INFO - Epoch: 54, Training Loss: 0.0019, Validation Loss: 0.0020
2025-11-17 15:16:34,501 - INFO - Epoch: 55, Training Loss: 0.0028, Validation Loss: 0.0048
2025-11-17 15:16:44,432 - INFO - Epoch: 56, Training Loss: 0.0018, Validation Loss: 0.0015
2025-11-17 15:16:44,433 - INFO -   → New best validation loss: 0.0015
2025-11-17 15:16:54,136 - INFO - Epoch: 57, Training Loss: 0.0019, Validation Loss: 0.0022
2025-11-17 15:17:02,611 - INFO - Epoch: 58, Training Loss: 0.0023, Validation Loss: 0.0027
2025-11-17 15:17:11,722 - INFO - Epoch: 59, Training Loss: 0.0019, Validation Loss: 0.0021
2025-11-17 15:17:20,518 - INFO - Epoch: 60, Training Loss: 0.0015, Validation Loss: 0.0016
2025-11-17 15:17:27,199 - INFO - Epoch: 61, Training Loss: 0.0018, Validation Loss: 0.0015
2025-11-17 15:17:27,200 - INFO -   → New best validation loss: 0.0015
2025-11-17 15:17:33,693 - INFO - Epoch: 62, Training Loss: 0.0019, Validation Loss: 0.0019
2025-11-17 15:17:40,213 - INFO - Epoch: 63, Training Loss: 0.0019, Validation Loss: 0.0020
2025-11-17 15:17:47,876 - INFO - Epoch: 64, Training Loss: 0.0019, Validation Loss: 0.0013
2025-11-17 15:17:47,879 - INFO -   → New best validation loss: 0.0013
2025-11-17 15:17:56,982 - INFO - Epoch: 65, Training Loss: 0.0015, Validation Loss: 0.0017
2025-11-17 15:18:05,435 - INFO - Epoch: 66, Training Loss: 0.0025, Validation Loss: 0.0034
2025-11-17 15:18:13,368 - INFO - Epoch: 67, Training Loss: 0.0022, Validation Loss: 0.0018
2025-11-17 15:18:19,398 - INFO - Epoch: 68, Training Loss: 0.0023, Validation Loss: 0.0025
2025-11-17 15:18:27,875 - INFO - Epoch: 69, Training Loss: 0.0025, Validation Loss: 0.0013
2025-11-17 15:18:27,876 - INFO -   → New best validation loss: 0.0013
2025-11-17 15:18:37,385 - INFO - Epoch: 70, Training Loss: 0.0019, Validation Loss: 0.0009
2025-11-17 15:18:37,385 - INFO -   → New best validation loss: 0.0009
2025-11-17 15:18:46,643 - INFO - Epoch: 71, Training Loss: 0.0014, Validation Loss: 0.0013
2025-11-17 15:18:53,072 - INFO - Epoch: 72, Training Loss: 0.0016, Validation Loss: 0.0021
2025-11-17 15:19:00,843 - INFO - Epoch: 73, Training Loss: 0.0017, Validation Loss: 0.0009
2025-11-17 15:19:00,844 - INFO -   → New best validation loss: 0.0009
2025-11-17 15:19:09,731 - INFO - Epoch: 74, Training Loss: 0.0016, Validation Loss: 0.0024
2025-11-17 15:19:18,554 - INFO - Epoch: 75, Training Loss: 0.0015, Validation Loss: 0.0014
2025-11-17 15:19:26,436 - INFO - Epoch: 76, Training Loss: 0.0019, Validation Loss: 0.0012
2025-11-17 15:19:34,749 - INFO - Epoch: 77, Training Loss: 0.0016, Validation Loss: 0.0020
2025-11-17 15:19:40,751 - INFO - Epoch: 78, Training Loss: 0.0015, Validation Loss: 0.0025
2025-11-17 15:19:48,340 - INFO - Epoch: 79, Training Loss: 0.0013, Validation Loss: 0.0025
2025-11-17 15:19:58,320 - INFO - Epoch: 80, Training Loss: 0.0015, Validation Loss: 0.0010
2025-11-17 15:20:06,437 - INFO - Epoch: 81, Training Loss: 0.0020, Validation Loss: 0.0025
2025-11-17 15:20:16,049 - INFO - Epoch: 82, Training Loss: 0.0015, Validation Loss: 0.0035
2025-11-17 15:20:24,210 - INFO - Epoch: 83, Training Loss: 0.0018, Validation Loss: 0.0009
2025-11-17 15:20:32,767 - INFO - Epoch: 84, Training Loss: 0.0017, Validation Loss: 0.0015
2025-11-17 15:20:39,680 - INFO - Epoch: 85, Training Loss: 0.0018, Validation Loss: 0.0017
2025-11-17 15:20:46,345 - INFO - Epoch: 86, Training Loss: 0.0013, Validation Loss: 0.0012
2025-11-17 15:20:53,576 - INFO - Epoch: 87, Training Loss: 0.0014, Validation Loss: 0.0014
2025-11-17 15:21:02,975 - INFO - Epoch: 88, Training Loss: 0.0020, Validation Loss: 0.0014
2025-11-17 15:21:11,195 - INFO - Epoch: 89, Training Loss: 0.0016, Validation Loss: 0.0012
2025-11-17 15:21:21,097 - INFO - Epoch: 90, Training Loss: 0.0014, Validation Loss: 0.0012
2025-11-17 15:21:28,853 - INFO - Epoch: 91, Training Loss: 0.0015, Validation Loss: 0.0023
2025-11-17 15:21:36,526 - INFO - Epoch: 92, Training Loss: 0.0015, Validation Loss: 0.0011
2025-11-17 15:21:44,241 - INFO - Epoch: 93, Training Loss: 0.0015, Validation Loss: 0.0014
2025-11-17 15:21:44,241 - INFO - Early stopping triggered at epoch 93
2025-11-17 15:21:44,241 - INFO - Best validation loss: 0.0009
2025-11-17 15:21:44,246 - INFO - Restored best model weights
2025-11-17 15:21:44,246 - INFO - 
============================================================
2025-11-17 15:21:44,246 - INFO - EVALUATION RESULTS
2025-11-17 15:21:44,246 - INFO - ============================================================
2025-11-17 15:21:44,437 - INFO - Validation Prediction Stats:
2025-11-17 15:21:44,438 - INFO -   Std: 0.353705, Range: 0.952440, Unique ratio: 0.6154
2025-11-17 15:21:44,439 - INFO - Validation Set - MSE: 0.000915, MAE: 0.022648, RMSE: 0.030242, Pearson Correlation: 0.996673 (p=0.000000)
2025-11-17 15:21:44,643 - INFO - Test Prediction Stats:
2025-11-17 15:21:44,643 - INFO -   Std: 0.347039, Range: 0.963059, Unique ratio: 0.5942
2025-11-17 15:21:44,644 - INFO - Test Set - MSE: 0.001073, MAE: 0.025415, RMSE: 0.032753, Pearson Correlation: 0.996284 (p=0.000000)
2025-11-17 15:21:44,644 - INFO - ============================================================

2025-11-17 15:21:44,645 - INFO - Trial completed successfully
2025-11-17 15:21:44,645 - INFO - ================================================================================
2025-11-17 15:21:44,645 - INFO - Trial 20 completed. End time: 2025-11-17 15:21:44
2025-11-17 15:21:44,645 - INFO - ================================================================================
