2025-12-28 20:29:31,952 - ======================================================================
2025-12-28 20:29:31,952 - WEIYU DATA PROCESSING AND MODELING PIPELINE
2025-12-28 20:29:31,952 - ======================================================================
2025-12-28 20:29:31,952 - Start time: 2025-12-28 20:29:31
2025-12-28 20:29:31,952 - Log file: logs/pipeline_20251228_202931.log
2025-12-28 20:29:31,952 - 
2025-12-28 20:29:31,952 - ============================================================
2025-12-28 20:29:31,952 - STEP 1: Loading and Trimming Data
2025-12-28 20:29:31,952 - ============================================================
2025-12-28 20:29:31,952 - Loading data from: merged_data.csv
2025-12-28 20:29:33,376 - Loaded 1104038 samples
2025-12-28 20:29:33,379 - Original duration: 2212.86s (36.88 min)
2025-12-28 20:29:33,386 - Original sampling rate: 967.12 Hz
2025-12-28 20:29:33,386 - Trimming: first 300.0s, last 0.0s
2025-12-28 20:29:33,487 - After trimming: 1912.86s (31.88 min)
2025-12-28 20:29:33,487 - Samples after trimming: 954348
2025-12-28 20:29:33,490 - ============================================================
2025-12-28 20:29:33,490 - STEP 2: Resampling
2025-12-28 20:29:33,490 - ============================================================
2025-12-28 20:29:33,490 - Resampling from 967.12 Hz to 200 Hz
2025-12-28 20:29:33,490 - Samples: 954348 -> 197359
2025-12-28 20:29:33,692 - ============================================================
2025-12-28 20:29:33,693 - STEP 3: Segmentation
2025-12-28 20:29:33,693 - ============================================================
2025-12-28 20:29:33,693 - Created 245 windows
2025-12-28 20:29:33,693 - Window shape: 1600 samples x 2 channels
2025-12-28 20:29:33,693 - ============================================================
2025-12-28 20:29:33,693 - STEP 4: Extracting DE Features
2025-12-28 20:29:33,693 - ============================================================
2025-12-28 20:29:33,693 - Extracting DE for 245 windows, 2 channels, 25 bands
2025-12-28 20:29:34,367 -   Processing window 100/245
2025-12-28 20:29:35,038 -   Processing window 200/245
2025-12-28 20:29:35,341 -   Processing window 245/245
2025-12-28 20:29:35,348 - DE features shape: (2, 245, 25)
2025-12-28 20:29:35,348 - ============================================================
2025-12-28 20:29:35,348 - STEP 5: Applying Smoothing
2025-12-28 20:29:35,348 - ============================================================
2025-12-28 20:29:35,348 - Applying moving average (window=5)...
2025-12-28 20:29:35,349 - Applying LDS (Kalman filter) smoothing...
