2025-11-24 18:04:46,553 - 
============================================================
2025-11-24 18:04:46,554 - VIGNet Single-Target Training
2025-11-24 18:04:46,554 - Target: kss
2025-11-24 18:04:46,554 - Started: 2025-11-24 18:04:46
2025-11-24 18:04:46,554 - ============================================================
2025-11-24 18:04:46,554 - 
============================================================
2025-11-24 18:04:46,554 - Loading data for target: kss
2025-11-24 18:04:46,554 - ============================================================
2025-11-24 18:04:46,728 - Applied StandardScaler normalization
2025-11-24 18:04:47,063 - 
============================================================
2025-11-24 18:04:47,063 - Training VIGNet for target: kss
2025-11-24 18:04:47,063 - ============================================================
2025-11-24 18:04:47,063 - Learning rate: 0.005
2025-11-24 18:04:47,063 - Epochs: 200
2025-11-24 18:04:47,063 - Batch size: 8
2025-11-24 18:04:47,063 - Early stopping patience: 20
2025-11-24 18:04:56,115 - Epoch   1: train_loss=0.056420, val_loss=0.048498, val_corr=0.6672
2025-11-24 18:04:56,117 -   -> New best validation loss: 0.048498
2025-11-24 18:05:01,979 - Epoch   2: train_loss=0.023723, val_loss=0.022605, val_corr=0.6690
2025-11-24 18:05:01,980 -   -> New best validation loss: 0.022605
2025-11-24 18:05:08,878 - Epoch   3: train_loss=0.017022, val_loss=0.030061, val_corr=0.7493
2025-11-24 18:05:16,905 - Epoch   4: train_loss=0.015442, val_loss=0.028560, val_corr=0.8291
2025-11-24 18:05:26,030 - Epoch   5: train_loss=0.014100, val_loss=0.014631, val_corr=0.8437
2025-11-24 18:05:26,031 -   -> New best validation loss: 0.014631
2025-11-24 18:05:33,482 - Epoch   6: train_loss=0.009611, val_loss=0.015452, val_corr=0.8587
2025-11-24 18:05:42,003 - Epoch   7: train_loss=0.009266, val_loss=0.013756, val_corr=0.8868
2025-11-24 18:05:42,008 -   -> New best validation loss: 0.013756
2025-11-24 18:05:49,286 - Epoch   8: train_loss=0.006999, val_loss=0.010317, val_corr=0.9235
2025-11-24 18:05:49,288 -   -> New best validation loss: 0.010317
2025-11-24 18:05:55,861 - Epoch   9: train_loss=0.007481, val_loss=0.008397, val_corr=0.9295
2025-11-24 18:05:55,862 -   -> New best validation loss: 0.008397
2025-11-24 18:06:03,005 - Epoch  10: train_loss=0.005945, val_loss=0.008144, val_corr=0.9250
2025-11-24 18:06:03,006 -   -> New best validation loss: 0.008144
2025-11-24 18:06:09,257 - Epoch  11: train_loss=0.006091, val_loss=0.005995, val_corr=0.9375
2025-11-24 18:06:09,258 -   -> New best validation loss: 0.005995
2025-11-24 18:06:18,932 - Epoch  12: train_loss=0.005843, val_loss=0.005669, val_corr=0.9443
2025-11-24 18:06:18,938 -   -> New best validation loss: 0.005669
2025-11-24 18:06:29,255 - Epoch  13: train_loss=0.004887, val_loss=0.003192, val_corr=0.9501
2025-11-24 18:06:29,259 -   -> New best validation loss: 0.003192
2025-11-24 18:06:39,865 - Epoch  14: train_loss=0.004746, val_loss=0.001517, val_corr=0.9641
2025-11-24 18:06:39,866 -   -> New best validation loss: 0.001517
2025-11-24 18:06:47,267 - Epoch  15: train_loss=0.004233, val_loss=0.001818, val_corr=0.9638
2025-11-24 18:06:57,332 - Epoch  16: train_loss=0.004089, val_loss=0.001507, val_corr=0.9678
2025-11-24 18:06:57,333 -   -> New best validation loss: 0.001507
2025-11-24 18:07:08,590 - Epoch  17: train_loss=0.004102, val_loss=0.001952, val_corr=0.9620
2025-11-24 18:07:16,297 - Epoch  18: train_loss=0.004016, val_loss=0.000925, val_corr=0.9721
2025-11-24 18:07:16,298 -   -> New best validation loss: 0.000925
2025-11-24 18:07:24,697 - Epoch  19: train_loss=0.003783, val_loss=0.001196, val_corr=0.9682
2025-11-24 18:07:33,180 - Epoch  20: train_loss=0.002960, val_loss=0.001512, val_corr=0.9571
2025-11-24 18:07:41,755 - Epoch  21: train_loss=0.003984, val_loss=0.001750, val_corr=0.9536
2025-11-24 18:07:50,240 - Epoch  22: train_loss=0.003791, val_loss=0.001030, val_corr=0.9703
2025-11-24 18:08:00,075 - Epoch  23: train_loss=0.002915, val_loss=0.000968, val_corr=0.9794
2025-11-24 18:08:10,981 - Epoch  24: train_loss=0.002799, val_loss=0.001157, val_corr=0.9755
2025-11-24 18:08:19,969 - Epoch  25: train_loss=0.002943, val_loss=0.000821, val_corr=0.9752
2025-11-24 18:08:19,971 -   -> New best validation loss: 0.000821
2025-11-24 18:08:26,407 - Epoch  26: train_loss=0.002368, val_loss=0.000852, val_corr=0.9815
2025-11-24 18:08:36,348 - Epoch  27: train_loss=0.002917, val_loss=0.000790, val_corr=0.9789
2025-11-24 18:08:36,349 -   -> New best validation loss: 0.000790
2025-11-24 18:08:42,704 - Epoch  28: train_loss=0.002527, val_loss=0.000848, val_corr=0.9799
2025-11-24 18:08:50,962 - Epoch  29: train_loss=0.001992, val_loss=0.000522, val_corr=0.9855
2025-11-24 18:08:50,964 -   -> New best validation loss: 0.000522
2025-11-24 18:08:57,691 - Epoch  30: train_loss=0.002067, val_loss=0.000595, val_corr=0.9819
2025-11-24 18:09:08,171 - Epoch  31: train_loss=0.002415, val_loss=0.000604, val_corr=0.9844
2025-11-24 18:09:17,701 - Epoch  32: train_loss=0.002874, val_loss=0.001213, val_corr=0.9779
2025-11-24 18:09:29,217 - Epoch  33: train_loss=0.002564, val_loss=0.000500, val_corr=0.9857
2025-11-24 18:09:29,218 -   -> New best validation loss: 0.000500
2025-11-24 18:09:38,088 - Epoch  34: train_loss=0.002880, val_loss=0.000728, val_corr=0.9822
2025-11-24 18:09:48,217 - Epoch  35: train_loss=0.002593, val_loss=0.000806, val_corr=0.9855
2025-11-24 18:09:55,951 - Epoch  36: train_loss=0.002481, val_loss=0.000572, val_corr=0.9818
2025-11-24 18:10:03,567 - Epoch  37: train_loss=0.002231, val_loss=0.000808, val_corr=0.9805
2025-11-24 18:10:11,107 - Epoch  38: train_loss=0.002070, val_loss=0.000499, val_corr=0.9844
2025-11-24 18:10:11,108 -   -> New best validation loss: 0.000499
2025-11-24 18:10:21,380 - Epoch  39: train_loss=0.002179, val_loss=0.000900, val_corr=0.9839
2025-11-24 18:10:28,576 - Epoch  40: train_loss=0.002322, val_loss=0.000961, val_corr=0.9777
2025-11-24 18:10:37,221 - Epoch  41: train_loss=0.002390, val_loss=0.000573, val_corr=0.9839
2025-11-24 18:10:47,909 - Epoch  42: train_loss=0.002064, val_loss=0.000742, val_corr=0.9825
2025-11-24 18:10:57,042 - Epoch  43: train_loss=0.002407, val_loss=0.000635, val_corr=0.9857
2025-11-24 18:11:06,303 - Epoch  44: train_loss=0.002551, val_loss=0.000737, val_corr=0.9768
2025-11-24 18:11:15,384 - Epoch  45: train_loss=0.002324, val_loss=0.000502, val_corr=0.9858
2025-11-24 18:11:24,528 - Epoch  46: train_loss=0.001941, val_loss=0.000399, val_corr=0.9876
2025-11-24 18:11:24,531 -   -> New best validation loss: 0.000399
2025-11-24 18:11:33,130 - Epoch  47: train_loss=0.002365, val_loss=0.000472, val_corr=0.9855
2025-11-24 18:11:43,073 - Epoch  48: train_loss=0.001825, val_loss=0.000475, val_corr=0.9850
2025-11-24 18:11:52,547 - Epoch  49: train_loss=0.001985, val_loss=0.001051, val_corr=0.9878
2025-11-24 18:12:00,940 - Epoch  50: train_loss=0.002252, val_loss=0.000689, val_corr=0.9843
2025-11-24 18:12:11,419 - Epoch  51: train_loss=0.002135, val_loss=0.000998, val_corr=0.9890
2025-11-24 18:12:19,518 - Epoch  52: train_loss=0.002218, val_loss=0.000597, val_corr=0.9862
2025-11-24 18:12:26,265 - Epoch  53: train_loss=0.001734, val_loss=0.000475, val_corr=0.9868
2025-11-24 18:12:35,133 - Epoch  54: train_loss=0.001680, val_loss=0.000359, val_corr=0.9891
2025-11-24 18:12:35,135 -   -> New best validation loss: 0.000359
2025-11-24 18:12:44,432 - Epoch  55: train_loss=0.001994, val_loss=0.000857, val_corr=0.9819
2025-11-24 18:12:52,457 - Epoch  56: train_loss=0.001901, val_loss=0.000589, val_corr=0.9868
2025-11-24 18:13:03,181 - Epoch  57: train_loss=0.001844, val_loss=0.000340, val_corr=0.9904
2025-11-24 18:13:03,182 -   -> New best validation loss: 0.000340
2025-11-24 18:13:12,552 - Epoch  58: train_loss=0.002132, val_loss=0.000724, val_corr=0.9879
2025-11-24 18:13:19,617 - Epoch  59: train_loss=0.002184, val_loss=0.000631, val_corr=0.9872
2025-11-24 18:13:30,486 - Epoch  60: train_loss=0.002034, val_loss=0.001061, val_corr=0.9809
2025-11-24 18:13:37,214 - Epoch  61: train_loss=0.002035, val_loss=0.000467, val_corr=0.9877
2025-11-24 18:13:47,356 - Epoch  62: train_loss=0.001870, val_loss=0.001128, val_corr=0.9854
2025-11-24 18:13:56,799 - Epoch  63: train_loss=0.001865, val_loss=0.000532, val_corr=0.9871
2025-11-24 18:14:07,409 - Epoch  64: train_loss=0.001954, val_loss=0.000913, val_corr=0.9814
2025-11-24 18:14:15,814 - Epoch  65: train_loss=0.001840, val_loss=0.000931, val_corr=0.9811
2025-11-24 18:14:26,322 - Epoch  66: train_loss=0.002208, val_loss=0.000962, val_corr=0.9839
2025-11-24 18:14:34,241 - Epoch  67: train_loss=0.001879, val_loss=0.001328, val_corr=0.9755
2025-11-24 18:14:42,035 - Epoch  68: train_loss=0.001890, val_loss=0.000553, val_corr=0.9834
2025-11-24 18:14:50,342 - Epoch  69: train_loss=0.001801, val_loss=0.000407, val_corr=0.9877
2025-11-24 18:15:00,051 - Epoch  70: train_loss=0.001934, val_loss=0.000872, val_corr=0.9793
2025-11-24 18:15:11,026 - Epoch  71: train_loss=0.001801, val_loss=0.000576, val_corr=0.9828
2025-11-24 18:15:20,790 - Epoch  72: train_loss=0.001733, val_loss=0.000621, val_corr=0.9831
2025-11-24 18:15:31,115 - Epoch  73: train_loss=0.002043, val_loss=0.000417, val_corr=0.9885
2025-11-24 18:15:39,499 - Epoch  74: train_loss=0.001492, val_loss=0.000532, val_corr=0.9871
2025-11-24 18:15:49,593 - Epoch  75: train_loss=0.001749, val_loss=0.000378, val_corr=0.9896
2025-11-24 18:16:00,582 - Epoch  76: train_loss=0.001874, val_loss=0.000549, val_corr=0.9892
2025-11-24 18:16:09,874 - Epoch  77: train_loss=0.002194, val_loss=0.000702, val_corr=0.9815
2025-11-24 18:16:09,874 - 
Early stopping at epoch 77
2025-11-24 18:16:09,880 - Restored best model weights
2025-11-24 18:16:09,880 - 
============================================================
2025-11-24 18:16:09,880 - Evaluation Results
2025-11-24 18:16:09,880 - ============================================================
2025-11-24 18:16:10,030 - 
Validation Set:
2025-11-24 18:16:10,030 -   MSE:  0.000333
2025-11-24 18:16:10,030 -   MAE:  0.014809
2025-11-24 18:16:10,030 -   RMSE: 0.018262
2025-11-24 18:16:10,031 -   Pearson r:  0.990151 (p=1.19e-72)
2025-11-24 18:16:10,031 -   Spearman r: 0.957536 (p=1.34e-46)
2025-11-24 18:16:10,031 -   Pred mean: 0.7411, std: 0.1284
2025-11-24 18:16:10,031 -   True mean: 0.7439, std: 0.1255
2025-11-24 18:16:10,031 - 
Test Set:
2025-11-24 18:16:10,031 -   MSE:  0.000576
2025-11-24 18:16:10,031 -   MAE:  0.017085
2025-11-24 18:16:10,031 -   RMSE: 0.023997
2025-11-24 18:16:10,031 -   Pearson r:  0.987437 (p=4.12e-73)
2025-11-24 18:16:10,031 -   Spearman r: 0.962518 (p=3.22e-52)
2025-11-24 18:16:10,031 -   Pred mean: 0.7261, std: 0.1400
2025-11-24 18:16:10,031 -   True mean: 0.7299, std: 0.1297
2025-11-24 18:16:10,031 - 
============================================================
2025-11-24 18:16:10,031 - Saving Results
2025-11-24 18:16:10,031 - ============================================================
2025-11-24 18:16:10,038 - Saved model weights: ./logs_experiment/kss/model_weights.h5
2025-11-24 18:16:10,038 - Saved predictions: ./logs_experiment/kss/predictions.npy
2025-11-24 18:16:10,039 - Saved training history: ./logs_experiment/kss/training_history.csv
2025-11-24 18:16:10,039 - Saved metrics: ./logs_experiment/kss/metrics.json
2025-11-24 18:16:10,039 - Saved config: ./logs_experiment/kss/config.json
2025-11-24 18:16:10,039 - 
============================================================
2025-11-24 18:16:10,039 - Training Complete
2025-11-24 18:16:10,039 - Duration: 683.5 seconds
2025-11-24 18:16:10,039 - Results saved to: ./logs_experiment/kss
2025-11-24 18:16:10,039 - ============================================================
