2025-11-15 00:35:38,217 - ================================================================================
2025-11-15 00:35:38,217 - SEED-VIG Training Summary
2025-11-15 00:35:38,217 - Start time: 2025-11-15 00:35:38
2025-11-15 00:35:38,217 - ================================================================================
2025-11-15 00:35:38,217 - Starting Trial 1
2025-11-15 01:18:34,916 -   Trial 1 CV 0 completed successfully
2025-11-15 01:26:29,466 -   Trial 1 CV 1 completed successfully
2025-11-15 02:04:15,010 -   Trial 1 CV 2 completed successfully
2025-11-15 02:38:02,963 -   Trial 1 CV 3 completed successfully
2025-11-15 02:46:07,904 -   Trial 1 CV 4 completed successfully
2025-11-15 02:46:07,904 - Trial 1 - Test MSE: 0.043550, Test Correlation: 0.278624
2025-11-15 02:46:07,905 - Starting Trial 2
2025-11-15 02:50:58,591 -   Trial 2 CV 0 completed successfully
2025-11-15 02:57:32,529 -   Trial 2 CV 1 completed successfully
2025-11-15 03:05:30,298 -   Trial 2 CV 2 completed successfully
2025-11-15 03:11:33,971 -   Trial 2 CV 3 completed successfully
2025-11-15 03:18:10,697 -   Trial 2 CV 4 completed successfully
2025-11-15 03:18:10,697 - Trial 2 - Test MSE: 0.026628, Test Correlation: 0.138031
2025-11-15 03:18:10,697 - Starting Trial 3
2025-11-15 03:26:51,098 -   Trial 3 CV 0 completed successfully
2025-11-15 03:33:28,811 -   Trial 3 CV 1 completed successfully
2025-11-15 04:44:02,896 -   Trial 3 CV 2 completed successfully
2025-11-15 04:57:10,011 -   Trial 3 CV 3 completed successfully
2025-11-15 05:08:40,057 -   Trial 3 CV 4 completed successfully
2025-11-15 05:08:40,059 - Trial 3 - Test MSE: 0.023594, Test Correlation: 0.153461
2025-11-15 05:08:40,059 - Starting Trial 4
2025-11-15 05:17:07,334 -   Trial 4 CV 0 completed successfully
2025-11-15 05:22:08,185 -   Trial 4 CV 1 completed successfully
2025-11-15 05:30:53,551 -   Trial 4 CV 2 completed successfully
2025-11-15 05:46:45,225 -   Trial 4 CV 3 completed successfully
2025-11-15 05:59:09,706 -   Trial 4 CV 4 completed successfully
2025-11-15 05:59:09,706 - Trial 4 - Test MSE: 0.038353, Test Correlation: -0.053020
2025-11-15 05:59:09,707 - Starting Trial 5
2025-11-15 06:04:22,858 -   Trial 5 CV 0 completed successfully
2025-11-15 06:19:02,961 -   Trial 5 CV 1 completed successfully
2025-11-15 06:36:58,777 -   Trial 5 CV 2 completed successfully
2025-11-15 06:46:25,484 -   Trial 5 CV 3 completed successfully
2025-11-15 06:54:44,410 -   Trial 5 CV 4 completed successfully
2025-11-15 06:54:44,410 - Trial 5 - Test MSE: 0.107403, Test Correlation: 0.082010
2025-11-15 06:54:44,410 - Starting Trial 6
2025-11-15 07:02:04,578 -   Trial 6 CV 0 completed successfully
2025-11-15 07:10:19,327 -   Trial 6 CV 1 completed successfully
2025-11-15 07:22:20,709 -   Trial 6 CV 2 completed successfully
2025-11-15 07:27:29,981 -   Trial 6 CV 3 completed successfully
2025-11-15 07:36:00,629 -   Trial 6 CV 4 completed successfully
2025-11-15 07:36:00,630 - Trial 6 - Test MSE: 0.016232, Test Correlation: 0.010580
2025-11-15 07:36:00,630 - Starting Trial 7
2025-11-15 07:41:56,937 -   Trial 7 CV 0 completed successfully
2025-11-15 07:50:04,538 -   Trial 7 CV 1 completed successfully
2025-11-15 08:04:12,164 -   Trial 7 CV 2 completed successfully
2025-11-15 08:09:09,347 -   Trial 7 CV 3 completed successfully
2025-11-15 08:17:11,746 -   Trial 7 CV 4 completed successfully
2025-11-15 08:17:11,746 - Trial 7 - Test MSE: 0.013579, Test Correlation: -0.188682
2025-11-15 08:17:11,747 - Starting Trial 8
2025-11-15 08:25:23,340 -   Trial 8 CV 0 completed successfully
2025-11-15 08:55:51,156 -   Trial 8 CV 1 completed successfully
2025-11-15 09:03:03,512 -   Trial 8 CV 2 completed successfully
2025-11-15 09:42:16,732 -   Trial 8 CV 3 completed successfully
2025-11-15 10:44:23,774 -   Trial 8 CV 4 completed successfully
2025-11-15 10:44:23,775 - Trial 8 - Test MSE: 0.036414, Test Correlation: 0.445042
2025-11-15 10:44:23,776 - Starting Trial 9
2025-11-15 10:51:06,482 -   Trial 9 CV 0 completed successfully
2025-11-15 10:57:29,311 -   Trial 9 CV 1 completed successfully
2025-11-15 11:03:29,251 -   Trial 9 CV 2 completed successfully
2025-11-15 11:11:36,232 -   Trial 9 CV 3 completed successfully
2025-11-15 11:20:48,739 -   Trial 9 CV 4 completed successfully
2025-11-15 11:20:48,740 - Trial 9 - Test MSE: 0.015491, Test Correlation: 0.407233
2025-11-15 11:20:48,740 - Starting Trial 10
2025-11-15 11:29:11,609 -   Trial 10 CV 0 completed successfully
2025-11-15 11:34:25,011 -   Trial 10 CV 1 completed successfully
2025-11-15 11:39:29,210 -   Trial 10 CV 2 completed successfully
2025-11-15 11:50:40,508 -   Trial 10 CV 3 completed successfully
2025-11-15 12:03:35,214 -   Trial 10 CV 4 completed successfully
2025-11-15 12:03:35,215 - Trial 10 - Test MSE: 0.023206, Test Correlation: 0.163401
2025-11-15 12:03:35,216 - Starting Trial 11
2025-11-15 12:13:00,581 -   Trial 11 CV 0 completed successfully
2025-11-15 12:19:50,217 -   Trial 11 CV 1 completed successfully
2025-11-15 12:26:51,542 -   Trial 11 CV 2 completed successfully
2025-11-15 12:31:59,185 -   Trial 11 CV 3 completed successfully
2025-11-15 12:36:57,465 -   Trial 11 CV 4 completed successfully
2025-11-15 12:36:57,465 - Trial 11 - Test MSE: 0.018767, Test Correlation: 0.110062
2025-11-15 12:36:57,465 - Starting Trial 12
2025-11-15 12:53:02,123 -   Trial 12 CV 0 completed successfully
2025-11-15 13:11:21,180 -   Trial 12 CV 1 completed successfully
