2025-11-15 00:14:55,664 - INFO - ================================================================================
2025-11-15 00:14:55,664 - INFO - TRIAL 1 - Task: RGS
2025-11-15 00:14:55,664 - INFO - Log file: ./logs/trial1_RGS_20251115_001455.log
2025-11-15 00:14:55,664 - INFO - Start time: 2025-11-15 00:14:55
2025-11-15 00:14:55,664 - INFO - ================================================================================
2025-11-15 00:14:55,664 - INFO - 
--------------------------------------------------------------------------------
2025-11-15 00:14:55,664 - INFO - CV Fold 0
2025-11-15 00:14:55,664 - INFO - --------------------------------------------------------------------------------
2025-11-15 00:14:56,043 - INFO - Loading dataset...
2025-11-15 00:14:56,130 - INFO - Dataset shapes - Train: (567, 17, 25, 1), Valid: (141, 17, 25, 1), Test: (177, 17, 25, 1)
2025-11-15 00:14:56,131 - INFO - Initializing VIGNet model...
2025-11-15 00:14:56,136 - INFO - Number of batch iterations per epoch: 113
2025-11-15 00:15:07,083 - INFO - Epoch: 1, Training Loss: 0.4730, Validation Loss: 0.3240
2025-11-15 00:15:07,087 - INFO -   → New best validation loss: 0.3240
2025-11-15 00:15:21,772 - INFO - Epoch: 2, Training Loss: 0.2800, Validation Loss: 0.1075
2025-11-15 00:15:21,772 - INFO -   → New best validation loss: 0.1075
2025-11-15 00:15:35,423 - INFO - Epoch: 3, Training Loss: 0.1033, Validation Loss: 0.0831
2025-11-15 00:15:35,424 - INFO -   → New best validation loss: 0.0831
2025-11-15 00:15:45,863 - INFO - Epoch: 4, Training Loss: 0.0888, Validation Loss: 0.1004
2025-11-15 00:16:00,339 - INFO - Epoch: 5, Training Loss: 0.0890, Validation Loss: 0.0826
2025-11-15 00:16:00,339 - INFO -   → New best validation loss: 0.0826
2025-11-15 00:16:12,503 - INFO - Epoch: 6, Training Loss: 0.0880, Validation Loss: 0.0827
2025-11-15 00:16:22,674 - INFO - Epoch: 7, Training Loss: 0.0885, Validation Loss: 0.0812
2025-11-15 00:16:22,675 - INFO -   → New best validation loss: 0.0812
2025-11-15 00:16:35,965 - INFO - Epoch: 8, Training Loss: 0.0886, Validation Loss: 0.0895
2025-11-15 00:16:48,644 - INFO - Epoch: 9, Training Loss: 0.0885, Validation Loss: 0.0865
2025-11-15 00:17:02,518 - INFO - Epoch: 10, Training Loss: 0.0858, Validation Loss: 0.0827
2025-11-15 00:17:14,000 - INFO - Epoch: 11, Training Loss: 0.0864, Validation Loss: 0.0844
2025-11-15 00:17:28,329 - INFO - Epoch: 12, Training Loss: 0.0874, Validation Loss: 0.0843
2025-11-15 00:17:41,763 - INFO - Epoch: 13, Training Loss: 0.0867, Validation Loss: 0.0819
2025-11-15 00:17:56,088 - INFO - Epoch: 14, Training Loss: 0.0875, Validation Loss: 0.0853
2025-11-15 00:18:08,345 - INFO - Epoch: 15, Training Loss: 0.0864, Validation Loss: 0.0813
2025-11-15 00:18:21,967 - INFO - Epoch: 16, Training Loss: 0.0855, Validation Loss: 0.0838
2025-11-15 00:18:35,135 - INFO - Epoch: 17, Training Loss: 0.0862, Validation Loss: 0.0816
2025-11-15 00:18:46,843 - INFO - Epoch: 18, Training Loss: 0.0855, Validation Loss: 0.0838
2025-11-15 00:19:00,061 - INFO - Epoch: 19, Training Loss: 0.0856, Validation Loss: 0.0862
2025-11-15 00:19:12,149 - INFO - Epoch: 20, Training Loss: 0.0864, Validation Loss: 0.0860
2025-11-15 00:19:25,693 - INFO - Epoch: 21, Training Loss: 0.0858, Validation Loss: 0.0855
2025-11-15 00:19:38,157 - INFO - Epoch: 22, Training Loss: 0.0850, Validation Loss: 0.0818
2025-11-15 00:19:52,025 - INFO - Epoch: 23, Training Loss: 0.0851, Validation Loss: 0.0868
2025-11-15 00:20:03,278 - INFO - Epoch: 24, Training Loss: 0.0848, Validation Loss: 0.0880
2025-11-15 00:20:16,285 - INFO - Epoch: 25, Training Loss: 0.0859, Validation Loss: 0.0883
