2025-11-13 13:28:57,241 - INFO - Log file: ./logs/trial15_cv3_RGS_20251113_132857.log
2025-11-13 13:28:57,241 - INFO - START TRAINING TRIAL 15 CV 3 - Task: RGS
2025-11-13 13:28:57,241 - INFO - Learning rate: 0.001, Epochs: 100, Batches: 5
2025-11-13 13:28:57,241 - INFO - Loading dataset...
2025-11-13 13:28:57,331 - INFO - Dataset shapes - Train: (567, 17, 25, 1), Valid: (141, 17, 25, 1), Test: (177, 17, 25, 1)
2025-11-13 13:28:57,331 - INFO - Initializing VIGNet model...
2025-11-13 13:28:57,334 - INFO - Number of batch iterations per epoch: 113
2025-11-13 13:29:04,184 - INFO - Epoch: 1, Training Loss: 0.7924
2025-11-13 13:29:13,587 - INFO - Epoch: 2, Training Loss: 0.6962
2025-11-13 13:29:23,380 - INFO - Epoch: 3, Training Loss: 0.6920
2025-11-13 13:29:34,156 - INFO - Epoch: 4, Training Loss: 0.6892
2025-11-13 13:29:46,588 - INFO - Epoch: 5, Training Loss: 0.6914
2025-11-13 13:29:59,833 - INFO - Epoch: 6, Training Loss: 0.6847
2025-11-13 13:30:15,109 - INFO - Epoch: 7, Training Loss: 0.6883
2025-11-13 13:30:28,321 - INFO - Epoch: 8, Training Loss: 0.6855
2025-11-13 13:30:41,402 - INFO - Epoch: 9, Training Loss: 0.6866
2025-11-13 13:30:52,671 - INFO - Epoch: 10, Training Loss: 0.6860
2025-11-13 13:31:07,793 - INFO - Epoch: 11, Training Loss: 0.6859
2025-11-13 13:31:22,948 - INFO - Epoch: 12, Training Loss: 0.6870
2025-11-13 13:31:39,140 - INFO - Epoch: 13, Training Loss: 0.6860
2025-11-13 13:31:49,285 - INFO - Epoch: 14, Training Loss: 0.6852
2025-11-13 13:32:02,118 - INFO - Epoch: 15, Training Loss: 0.6860
2025-11-13 13:32:12,852 - INFO - Epoch: 16, Training Loss: 0.6858
2025-11-13 13:32:26,014 - INFO - Epoch: 17, Training Loss: 0.6847
2025-11-13 13:32:36,486 - INFO - Epoch: 18, Training Loss: 0.6855
2025-11-13 13:32:46,339 - INFO - Epoch: 19, Training Loss: 0.6847
2025-11-13 13:32:55,824 - INFO - Epoch: 20, Training Loss: 0.6851
2025-11-13 13:33:05,717 - INFO - Epoch: 21, Training Loss: 0.6858
2025-11-13 13:33:18,794 - INFO - Epoch: 22, Training Loss: 0.6857
2025-11-13 13:33:32,843 - INFO - Epoch: 23, Training Loss: 0.6861
2025-11-13 13:33:44,761 - INFO - Epoch: 24, Training Loss: 0.6872
2025-11-13 13:34:01,917 - INFO - Epoch: 25, Training Loss: 0.6858
2025-11-13 13:34:15,098 - INFO - Epoch: 26, Training Loss: 0.6850
2025-11-13 13:34:29,212 - INFO - Epoch: 27, Training Loss: 0.6869
2025-11-13 13:34:44,553 - INFO - Epoch: 28, Training Loss: 0.6860
2025-11-13 13:34:59,053 - INFO - Epoch: 29, Training Loss: 0.6849
2025-11-13 13:35:11,051 - INFO - Epoch: 30, Training Loss: 0.6851
2025-11-13 13:35:22,902 - INFO - Epoch: 31, Training Loss: 0.6859
2025-11-13 13:35:31,942 - INFO - Epoch: 32, Training Loss: 0.6867
2025-11-13 13:35:43,966 - INFO - Epoch: 33, Training Loss: 0.6857
2025-11-13 13:35:54,582 - INFO - Epoch: 34, Training Loss: 0.6860
2025-11-13 13:36:03,760 - INFO - Epoch: 35, Training Loss: 0.6850
2025-11-13 13:36:16,037 - INFO - Epoch: 36, Training Loss: 0.6868
2025-11-13 13:36:28,251 - INFO - Epoch: 37, Training Loss: 0.6852
2025-11-13 13:36:39,121 - INFO - Epoch: 38, Training Loss: 0.6856
2025-11-13 13:36:53,830 - INFO - Epoch: 39, Training Loss: 0.6859
2025-11-13 13:37:03,257 - INFO - Epoch: 40, Training Loss: 0.6859
2025-11-13 13:37:15,270 - INFO - Epoch: 41, Training Loss: 0.6851
2025-11-13 13:37:26,370 - INFO - Epoch: 42, Training Loss: 0.6864
2025-11-13 13:37:38,170 - INFO - Epoch: 43, Training Loss: 0.6858
2025-11-13 13:37:50,270 - INFO - Epoch: 44, Training Loss: 0.6842
2025-11-13 13:38:00,934 - INFO - Epoch: 45, Training Loss: 0.6854
2025-11-13 13:38:09,474 - INFO - Epoch: 46, Training Loss: 0.6870
2025-11-13 13:38:23,082 - INFO - Epoch: 47, Training Loss: 0.6852
2025-11-13 13:38:33,327 - INFO - Epoch: 48, Training Loss: 0.6857
2025-11-13 13:38:44,725 - INFO - Epoch: 49, Training Loss: 0.6861
2025-11-13 13:38:56,868 - INFO - Epoch: 50, Training Loss: 0.6858
2025-11-13 13:39:08,840 - INFO - Epoch: 51, Training Loss: 0.6862
2025-11-13 13:39:20,610 - INFO - Epoch: 52, Training Loss: 0.6849
2025-11-13 13:39:31,107 - INFO - Epoch: 53, Training Loss: 0.6860
2025-11-13 13:39:42,995 - INFO - Epoch: 54, Training Loss: 0.6863
2025-11-13 13:39:55,400 - INFO - Epoch: 55, Training Loss: 0.6854
2025-11-13 13:40:06,522 - INFO - Epoch: 56, Training Loss: 0.6871
2025-11-13 13:40:20,672 - INFO - Epoch: 57, Training Loss: 0.6850
2025-11-13 13:40:31,116 - INFO - Epoch: 58, Training Loss: 0.6858
2025-11-13 13:40:43,434 - INFO - Epoch: 59, Training Loss: 0.6847
2025-11-13 13:40:59,140 - INFO - Epoch: 60, Training Loss: 0.6866
2025-11-13 13:41:10,193 - INFO - Epoch: 61, Training Loss: 0.6857
2025-11-13 13:41:19,150 - INFO - Epoch: 62, Training Loss: 0.6839
2025-11-13 13:41:29,414 - INFO - Epoch: 63, Training Loss: 0.6820
2025-11-13 13:41:43,745 - INFO - Epoch: 64, Training Loss: 0.6822
2025-11-13 13:41:59,164 - INFO - Epoch: 65, Training Loss: 0.6762
2025-11-13 13:42:10,622 - INFO - Epoch: 66, Training Loss: 0.6725
2025-11-13 13:42:23,238 - INFO - Epoch: 67, Training Loss: 0.6709
2025-11-13 13:42:33,564 - INFO - Epoch: 68, Training Loss: 0.6663
2025-11-13 13:42:45,393 - INFO - Epoch: 69, Training Loss: 0.6632
2025-11-13 13:43:02,033 - INFO - Epoch: 70, Training Loss: 0.6605
2025-11-13 13:43:15,382 - INFO - Epoch: 71, Training Loss: 0.6605
2025-11-13 13:43:25,377 - INFO - Epoch: 72, Training Loss: 0.6602
2025-11-13 13:43:38,915 - INFO - Epoch: 73, Training Loss: 0.6570
2025-11-13 13:43:53,452 - INFO - Epoch: 74, Training Loss: 0.6555
2025-11-13 13:44:05,811 - INFO - Epoch: 75, Training Loss: 0.6549
2025-11-13 13:44:19,738 - INFO - Epoch: 76, Training Loss: 0.6544
2025-11-13 13:44:32,908 - INFO - Epoch: 77, Training Loss: 0.6514
2025-11-13 13:44:47,655 - INFO - Epoch: 78, Training Loss: 0.6503
2025-11-13 13:44:59,444 - INFO - Epoch: 79, Training Loss: 0.6540
2025-11-13 13:45:11,615 - INFO - Epoch: 80, Training Loss: 0.6503
2025-11-13 13:45:25,147 - INFO - Epoch: 81, Training Loss: 0.6512
2025-11-13 13:45:34,971 - INFO - Epoch: 82, Training Loss: 0.6495
2025-11-13 13:45:48,066 - INFO - Epoch: 83, Training Loss: 0.6487
2025-11-13 13:46:01,852 - INFO - Epoch: 84, Training Loss: 0.6517
2025-11-13 13:46:14,535 - INFO - Epoch: 85, Training Loss: 0.6530
2025-11-13 13:46:29,206 - INFO - Epoch: 86, Training Loss: 0.6469
2025-11-13 13:46:40,304 - INFO - Epoch: 87, Training Loss: 0.6493
2025-11-13 13:46:53,055 - INFO - Epoch: 88, Training Loss: 0.6440
2025-11-13 13:47:07,263 - INFO - Epoch: 89, Training Loss: 0.6454
2025-11-13 13:47:19,883 - INFO - Epoch: 90, Training Loss: 0.6455
2025-11-13 13:47:32,998 - INFO - Epoch: 91, Training Loss: 0.6484
2025-11-13 13:47:42,368 - INFO - Epoch: 92, Training Loss: 0.6430
2025-11-13 13:47:54,408 - INFO - Epoch: 93, Training Loss: 0.6423
2025-11-13 13:48:05,825 - INFO - Epoch: 94, Training Loss: 0.6430
2025-11-13 13:48:13,936 - INFO - Epoch: 95, Training Loss: 0.6502
2025-11-13 13:48:25,332 - INFO - Epoch: 96, Training Loss: 0.6470
2025-11-13 13:48:38,847 - INFO - Epoch: 97, Training Loss: 0.6423
2025-11-13 13:48:51,995 - INFO - Epoch: 98, Training Loss: 0.6416
2025-11-13 13:49:05,442 - INFO - Epoch: 99, Training Loss: 0.6414
2025-11-13 13:49:19,749 - INFO - Epoch: 100, Training Loss: 0.6408
2025-11-13 13:49:19,749 - INFO - Training completed for Trial 15 CV 3

