2025-11-15 03:18:10,697 - INFO - ================================================================================
2025-11-15 03:18:10,697 - INFO - TRIAL 3 - Task: RGS
2025-11-15 03:18:10,697 - INFO - Log file: ./logs/trial3_RGS_20251115_003538.log
2025-11-15 03:18:10,697 - INFO - Start time: 2025-11-15 03:18:10
2025-11-15 03:18:10,697 - INFO - ================================================================================
2025-11-15 03:18:10,697 - INFO - 
--------------------------------------------------------------------------------
2025-11-15 03:18:10,697 - INFO - CV Fold 0
2025-11-15 03:18:10,697 - INFO - --------------------------------------------------------------------------------
2025-11-15 03:18:10,699 - INFO - Loading dataset...
2025-11-15 03:18:10,826 - INFO - Dataset shapes - Train: (567, 17, 25, 1), Valid: (141, 17, 25, 1), Test: (177, 17, 25, 1)
2025-11-15 03:18:10,828 - INFO - Initializing VIGNet model...
2025-11-15 03:18:10,831 - INFO - Number of batch iterations per epoch: 113
2025-11-15 03:18:26,817 - INFO - Epoch: 1, Training Loss: 0.2405, Validation Loss: 0.1904
2025-11-15 03:18:26,818 - INFO -   → New best validation loss: 0.1904
2025-11-15 03:18:43,485 - INFO - Epoch: 2, Training Loss: 0.1297, Validation Loss: 0.0515
2025-11-15 03:18:43,486 - INFO -   → New best validation loss: 0.0515
2025-11-15 03:18:55,090 - INFO - Epoch: 3, Training Loss: 0.0391, Validation Loss: 0.0314
2025-11-15 03:18:55,091 - INFO -   → New best validation loss: 0.0314
2025-11-15 03:19:05,259 - INFO - Epoch: 4, Training Loss: 0.0309, Validation Loss: 0.0297
2025-11-15 03:19:05,259 - INFO -   → New best validation loss: 0.0297
2025-11-15 03:19:15,560 - INFO - Epoch: 5, Training Loss: 0.0311, Validation Loss: 0.0295
2025-11-15 03:19:15,564 - INFO -   → New best validation loss: 0.0295
2025-11-15 03:19:29,882 - INFO - Epoch: 6, Training Loss: 0.0292, Validation Loss: 0.0464
2025-11-15 03:19:41,249 - INFO - Epoch: 7, Training Loss: 0.0301, Validation Loss: 0.0275
2025-11-15 03:19:41,250 - INFO -   → New best validation loss: 0.0275
2025-11-15 03:19:57,188 - INFO - Epoch: 8, Training Loss: 0.0286, Validation Loss: 0.0326
2025-11-15 03:20:08,858 - INFO - Epoch: 9, Training Loss: 0.0275, Validation Loss: 0.0271
2025-11-15 03:20:08,862 - INFO -   → New best validation loss: 0.0271
2025-11-15 03:20:21,738 - INFO - Epoch: 10, Training Loss: 0.0285, Validation Loss: 0.0281
2025-11-15 03:20:36,766 - INFO - Epoch: 11, Training Loss: 0.0285, Validation Loss: 0.0333
2025-11-15 03:20:49,675 - INFO - Epoch: 12, Training Loss: 0.0290, Validation Loss: 0.0309
2025-11-15 03:21:05,087 - INFO - Epoch: 13, Training Loss: 0.0268, Validation Loss: 0.0274
2025-11-15 03:21:19,900 - INFO - Epoch: 14, Training Loss: 0.0279, Validation Loss: 0.0292
2025-11-15 03:21:31,204 - INFO - Epoch: 15, Training Loss: 0.0279, Validation Loss: 0.0282
2025-11-15 03:21:46,333 - INFO - Epoch: 16, Training Loss: 0.0278, Validation Loss: 0.0278
2025-11-15 03:21:59,031 - INFO - Epoch: 17, Training Loss: 0.0268, Validation Loss: 0.0272
2025-11-15 03:22:08,377 - INFO - Epoch: 18, Training Loss: 0.0273, Validation Loss: 0.0275
2025-11-15 03:22:20,965 - INFO - Epoch: 19, Training Loss: 0.0271, Validation Loss: 0.0269
2025-11-15 03:22:20,966 - INFO -   → New best validation loss: 0.0269
2025-11-15 03:22:31,792 - INFO - Epoch: 20, Training Loss: 0.0272, Validation Loss: 0.0270
2025-11-15 03:22:41,723 - INFO - Epoch: 21, Training Loss: 0.0268, Validation Loss: 0.0266
2025-11-15 03:22:41,726 - INFO -   → New best validation loss: 0.0266
2025-11-15 03:22:56,799 - INFO - Epoch: 22, Training Loss: 0.0272, Validation Loss: 0.0271
2025-11-15 03:23:10,375 - INFO - Epoch: 23, Training Loss: 0.0271, Validation Loss: 0.0275
2025-11-15 03:23:21,978 - INFO - Epoch: 24, Training Loss: 0.0265, Validation Loss: 0.0283
2025-11-15 03:23:32,354 - INFO - Epoch: 25, Training Loss: 0.0272, Validation Loss: 0.0270
2025-11-15 03:23:42,818 - INFO - Epoch: 26, Training Loss: 0.0269, Validation Loss: 0.0269
2025-11-15 03:23:56,964 - INFO - Epoch: 27, Training Loss: 0.0269, Validation Loss: 0.0270
2025-11-15 03:24:13,974 - INFO - Epoch: 28, Training Loss: 0.0268, Validation Loss: 0.0271
2025-11-15 03:24:26,838 - INFO - Epoch: 29, Training Loss: 0.0269, Validation Loss: 0.0266
2025-11-15 03:24:39,019 - INFO - Epoch: 30, Training Loss: 0.0267, Validation Loss: 0.0269
2025-11-15 03:24:50,365 - INFO - Epoch: 31, Training Loss: 0.0265, Validation Loss: 0.0272
2025-11-15 03:25:04,018 - INFO - Epoch: 32, Training Loss: 0.0267, Validation Loss: 0.0274
2025-11-15 03:25:16,765 - INFO - Epoch: 33, Training Loss: 0.0266, Validation Loss: 0.0274
2025-11-15 03:25:31,149 - INFO - Epoch: 34, Training Loss: 0.0267, Validation Loss: 0.0267
2025-11-15 03:25:43,718 - INFO - Epoch: 35, Training Loss: 0.0268, Validation Loss: 0.0270
2025-11-15 03:25:52,925 - INFO - Epoch: 36, Training Loss: 0.0269, Validation Loss: 0.0270
2025-11-15 03:26:05,315 - INFO - Epoch: 37, Training Loss: 0.0266, Validation Loss: 0.0272
2025-11-15 03:26:15,722 - INFO - Epoch: 38, Training Loss: 0.0263, Validation Loss: 0.0266
2025-11-15 03:26:26,393 - INFO - Epoch: 39, Training Loss: 0.0266, Validation Loss: 0.0268
2025-11-15 03:26:39,954 - INFO - Epoch: 40, Training Loss: 0.0269, Validation Loss: 0.0285
2025-11-15 03:26:51,008 - INFO - Epoch: 41, Training Loss: 0.0261, Validation Loss: 0.0266
2025-11-15 03:26:51,009 - INFO - Early stopping triggered at epoch 41
2025-11-15 03:26:51,009 - INFO - Best validation loss: 0.0266
2025-11-15 03:26:51,012 - INFO - Restored best model weights
2025-11-15 03:26:51,012 - INFO - 
============================================================
2025-11-15 03:26:51,012 - INFO - EVALUATION RESULTS
2025-11-15 03:26:51,012 - INFO - ============================================================
2025-11-15 03:26:51,055 - INFO - Validation Set - MSE: 0.026948, MAE: 0.113240, RMSE: 0.164158, Pearson Correlation: -0.149370 (p=0.077091)
2025-11-15 03:26:51,098 - INFO - Test Set - MSE: 0.028169, MAE: 0.122804, RMSE: 0.167835, Pearson Correlation: -0.333201 (p=0.000006)
2025-11-15 03:26:51,098 - INFO - ============================================================

2025-11-15 03:26:51,098 - INFO - CV Fold 0 completed successfully
2025-11-15 03:26:51,099 - INFO - 
--------------------------------------------------------------------------------
2025-11-15 03:26:51,099 - INFO - CV Fold 1
2025-11-15 03:26:51,099 - INFO - --------------------------------------------------------------------------------
2025-11-15 03:26:51,100 - INFO - Loading dataset...
2025-11-15 03:26:51,187 - INFO - Dataset shapes - Train: (567, 17, 25, 1), Valid: (141, 17, 25, 1), Test: (177, 17, 25, 1)
2025-11-15 03:26:51,189 - INFO - Initializing VIGNet model...
2025-11-15 03:26:51,192 - INFO - Number of batch iterations per epoch: 113
2025-11-15 03:27:02,581 - INFO - Epoch: 1, Training Loss: 0.2288, Validation Loss: 0.2341
2025-11-15 03:27:02,581 - INFO -   → New best validation loss: 0.2341
2025-11-15 03:27:14,161 - INFO - Epoch: 2, Training Loss: 0.1040, Validation Loss: 0.0889
2025-11-15 03:27:14,162 - INFO -   → New best validation loss: 0.0889
2025-11-15 03:27:30,415 - INFO - Epoch: 3, Training Loss: 0.0337, Validation Loss: 0.0370
2025-11-15 03:27:30,419 - INFO -   → New best validation loss: 0.0370
2025-11-15 03:27:40,755 - INFO - Epoch: 4, Training Loss: 0.0349, Validation Loss: 0.0408
2025-11-15 03:27:53,980 - INFO - Epoch: 5, Training Loss: 0.0322, Validation Loss: 0.0351
2025-11-15 03:27:53,980 - INFO -   → New best validation loss: 0.0351
2025-11-15 03:28:06,009 - INFO - Epoch: 6, Training Loss: 0.0298, Validation Loss: 0.0398
2025-11-15 03:28:16,784 - INFO - Epoch: 7, Training Loss: 0.0311, Validation Loss: 0.0337
2025-11-15 03:28:16,786 - INFO -   → New best validation loss: 0.0337
2025-11-15 03:28:28,073 - INFO - Epoch: 8, Training Loss: 0.0276, Validation Loss: 0.0386
2025-11-15 03:28:41,419 - INFO - Epoch: 9, Training Loss: 0.0275, Validation Loss: 0.0350
2025-11-15 03:28:52,426 - INFO - Epoch: 10, Training Loss: 0.0276, Validation Loss: 0.0393
2025-11-15 03:29:04,403 - INFO - Epoch: 11, Training Loss: 0.0269, Validation Loss: 0.0344
2025-11-15 03:29:14,270 - INFO - Epoch: 12, Training Loss: 0.0275, Validation Loss: 0.0335
2025-11-15 03:29:14,273 - INFO -   → New best validation loss: 0.0335
2025-11-15 03:29:25,365 - INFO - Epoch: 13, Training Loss: 0.0271, Validation Loss: 0.0390
2025-11-15 03:29:40,970 - INFO - Epoch: 14, Training Loss: 0.0255, Validation Loss: 0.0367
2025-11-15 03:29:54,880 - INFO - Epoch: 15, Training Loss: 0.0263, Validation Loss: 0.0351
2025-11-15 03:30:08,697 - INFO - Epoch: 16, Training Loss: 0.0256, Validation Loss: 0.0358
2025-11-15 03:30:23,653 - INFO - Epoch: 17, Training Loss: 0.0258, Validation Loss: 0.0355
2025-11-15 03:30:38,509 - INFO - Epoch: 18, Training Loss: 0.0258, Validation Loss: 0.0356
2025-11-15 03:30:49,959 - INFO - Epoch: 19, Training Loss: 0.0250, Validation Loss: 0.0362
2025-11-15 03:31:02,516 - INFO - Epoch: 20, Training Loss: 0.0257, Validation Loss: 0.0351
2025-11-15 03:31:14,695 - INFO - Epoch: 21, Training Loss: 0.0247, Validation Loss: 0.0347
2025-11-15 03:31:28,574 - INFO - Epoch: 22, Training Loss: 0.0255, Validation Loss: 0.0347
2025-11-15 03:31:40,024 - INFO - Epoch: 23, Training Loss: 0.0249, Validation Loss: 0.0364
2025-11-15 03:31:52,019 - INFO - Epoch: 24, Training Loss: 0.0253, Validation Loss: 0.0351
2025-11-15 03:32:03,435 - INFO - Epoch: 25, Training Loss: 0.0253, Validation Loss: 0.0345
2025-11-15 03:32:17,325 - INFO - Epoch: 26, Training Loss: 0.0251, Validation Loss: 0.0363
2025-11-15 03:32:29,163 - INFO - Epoch: 27, Training Loss: 0.0249, Validation Loss: 0.0353
2025-11-15 03:32:40,679 - INFO - Epoch: 28, Training Loss: 0.0250, Validation Loss: 0.0356
2025-11-15 03:32:54,302 - INFO - Epoch: 29, Training Loss: 0.0248, Validation Loss: 0.0352
2025-11-15 03:33:04,282 - INFO - Epoch: 30, Training Loss: 0.0251, Validation Loss: 0.0345
2025-11-15 03:33:16,391 - INFO - Epoch: 31, Training Loss: 0.0248, Validation Loss: 0.0341
2025-11-15 03:33:28,719 - INFO - Epoch: 32, Training Loss: 0.0252, Validation Loss: 0.0353
2025-11-15 03:33:28,719 - INFO - Early stopping triggered at epoch 32
2025-11-15 03:33:28,719 - INFO - Best validation loss: 0.0335
2025-11-15 03:33:28,723 - INFO - Restored best model weights
2025-11-15 03:33:28,723 - INFO - 
============================================================
2025-11-15 03:33:28,723 - INFO - EVALUATION RESULTS
2025-11-15 03:33:28,723 - INFO - ============================================================
2025-11-15 03:33:28,766 - INFO - Validation Set - MSE: 0.035561, MAE: 0.149592, RMSE: 0.188577, Pearson Correlation: 0.171152 (p=0.042435)
2025-11-15 03:33:28,811 - INFO - Test Set - MSE: 0.027176, MAE: 0.112724, RMSE: 0.164851, Pearson Correlation: 0.314735 (p=0.000020)
2025-11-15 03:33:28,811 - INFO - ============================================================

2025-11-15 03:33:28,811 - INFO - CV Fold 1 completed successfully
2025-11-15 03:33:28,811 - INFO - 
--------------------------------------------------------------------------------
2025-11-15 03:33:28,811 - INFO - CV Fold 2
2025-11-15 03:33:28,811 - INFO - --------------------------------------------------------------------------------
2025-11-15 03:33:28,814 - INFO - Loading dataset...
2025-11-15 03:33:28,960 - INFO - Dataset shapes - Train: (567, 17, 25, 1), Valid: (141, 17, 25, 1), Test: (177, 17, 25, 1)
2025-11-15 03:33:28,963 - INFO - Initializing VIGNet model...
2025-11-15 03:33:28,966 - INFO - Number of batch iterations per epoch: 113
2025-11-15 03:33:39,061 - INFO - Epoch: 1, Training Loss: 0.2369, Validation Loss: 0.2168
2025-11-15 03:33:39,062 - INFO -   → New best validation loss: 0.2168
2025-11-15 03:33:51,019 - INFO - Epoch: 2, Training Loss: 0.1171, Validation Loss: 0.0561
2025-11-15 03:33:51,021 - INFO -   → New best validation loss: 0.0561
2025-11-15 03:34:02,213 - INFO - Epoch: 3, Training Loss: 0.0337, Validation Loss: 0.0297
2025-11-15 03:34:02,215 - INFO -   → New best validation loss: 0.0297
2025-11-15 03:34:16,043 - INFO - Epoch: 4, Training Loss: 0.0306, Validation Loss: 0.0316
2025-11-15 03:34:28,330 - INFO - Epoch: 5, Training Loss: 0.0282, Validation Loss: 0.0312
2025-11-15 03:34:39,516 - INFO - Epoch: 6, Training Loss: 0.0283, Validation Loss: 0.0328
2025-11-15 03:34:51,814 - INFO - Epoch: 7, Training Loss: 0.0288, Validation Loss: 0.0307
2025-11-15 03:35:04,536 - INFO - Epoch: 8, Training Loss: 0.0283, Validation Loss: 0.0298
2025-11-15 03:35:16,096 - INFO - Epoch: 9, Training Loss: 0.0288, Validation Loss: 0.0319
2025-11-15 03:35:28,127 - INFO - Epoch: 10, Training Loss: 0.0281, Validation Loss: 0.0309
2025-11-15 03:35:42,131 - INFO - Epoch: 11, Training Loss: 0.0276, Validation Loss: 0.0339
2025-11-15 03:35:56,504 - INFO - Epoch: 12, Training Loss: 0.0264, Validation Loss: 0.0292
2025-11-15 03:35:56,507 - INFO -   → New best validation loss: 0.0292
2025-11-15 03:36:11,486 - INFO - Epoch: 13, Training Loss: 0.0279, Validation Loss: 0.0317
2025-11-15 03:36:24,565 - INFO - Epoch: 14, Training Loss: 0.0286, Validation Loss: 0.0319
2025-11-15 03:36:38,011 - INFO - Epoch: 15, Training Loss: 0.0269, Validation Loss: 0.0303
2025-11-15 03:36:48,342 - INFO - Epoch: 16, Training Loss: 0.0268, Validation Loss: 0.0305
2025-11-15 03:36:59,070 - INFO - Epoch: 17, Training Loss: 0.0275, Validation Loss: 0.0304
2025-11-15 03:37:10,113 - INFO - Epoch: 18, Training Loss: 0.0268, Validation Loss: 0.0304
2025-11-15 03:37:18,967 - INFO - Epoch: 19, Training Loss: 0.0268, Validation Loss: 0.0311
2025-11-15 03:37:31,875 - INFO - Epoch: 20, Training Loss: 0.0264, Validation Loss: 0.0296
2025-11-15 03:37:43,769 - INFO - Epoch: 21, Training Loss: 0.0268, Validation Loss: 0.0296
2025-11-15 03:37:53,224 - INFO - Epoch: 22, Training Loss: 0.0268, Validation Loss: 0.0318
2025-11-15 03:38:06,411 - INFO - Epoch: 23, Training Loss: 0.0266, Validation Loss: 0.0301
2025-11-15 03:38:19,787 - INFO - Epoch: 24, Training Loss: 0.0266, Validation Loss: 0.0296
2025-11-15 03:38:31,370 - INFO - Epoch: 25, Training Loss: 0.0267, Validation Loss: 0.0298
2025-11-15 03:38:44,443 - INFO - Epoch: 26, Training Loss: 0.0266, Validation Loss: 0.0294
2025-11-15 03:38:57,126 - INFO - Epoch: 27, Training Loss: 0.0262, Validation Loss: 0.0291
2025-11-15 03:38:57,127 - INFO -   → New best validation loss: 0.0291
2025-11-15 03:39:10,750 - INFO - Epoch: 28, Training Loss: 0.0260, Validation Loss: 0.0299
2025-11-15 03:39:23,061 - INFO - Epoch: 29, Training Loss: 0.0264, Validation Loss: 0.0292
2025-11-15 03:39:36,284 - INFO - Epoch: 30, Training Loss: 0.0256, Validation Loss: 0.0302
2025-11-15 03:39:49,399 - INFO - Epoch: 31, Training Loss: 0.0263, Validation Loss: 0.0308
2025-11-15 03:39:59,979 - INFO - Epoch: 32, Training Loss: 0.0264, Validation Loss: 0.0295
2025-11-15 03:40:12,615 - INFO - Epoch: 33, Training Loss: 0.0261, Validation Loss: 0.0309
2025-11-15 03:40:27,132 - INFO - Epoch: 34, Training Loss: 0.0267, Validation Loss: 0.0328
2025-11-15 03:40:41,354 - INFO - Epoch: 35, Training Loss: 0.0264, Validation Loss: 0.0286
2025-11-15 03:40:41,354 - INFO -   → New best validation loss: 0.0286
2025-11-15 03:40:55,247 - INFO - Epoch: 36, Training Loss: 0.0263, Validation Loss: 0.0294
2025-11-15 03:41:07,446 - INFO - Epoch: 37, Training Loss: 0.0262, Validation Loss: 0.0290
2025-11-15 03:41:21,572 - INFO - Epoch: 38, Training Loss: 0.0262, Validation Loss: 0.0286
2025-11-15 03:41:21,572 - INFO -   → New best validation loss: 0.0286
2025-11-15 03:41:35,413 - INFO - Epoch: 39, Training Loss: 0.0256, Validation Loss: 0.0317
2025-11-15 03:41:50,570 - INFO - Epoch: 40, Training Loss: 0.0257, Validation Loss: 0.0299
2025-11-15 03:42:00,380 - INFO - Epoch: 41, Training Loss: 0.0263, Validation Loss: 0.0291
2025-11-15 03:42:15,218 - INFO - Epoch: 42, Training Loss: 0.0260, Validation Loss: 0.0294
2025-11-15 03:42:26,676 - INFO - Epoch: 43, Training Loss: 0.0260, Validation Loss: 0.0294
2025-11-15 03:42:36,885 - INFO - Epoch: 44, Training Loss: 0.0259, Validation Loss: 0.0297
2025-11-15 03:42:49,063 - INFO - Epoch: 45, Training Loss: 0.0260, Validation Loss: 0.0289
2025-11-15 03:43:02,182 - INFO - Epoch: 46, Training Loss: 0.0257, Validation Loss: 0.0293
2025-11-15 03:43:17,531 - INFO - Epoch: 47, Training Loss: 0.0260, Validation Loss: 0.0291
2025-11-15 03:43:29,589 - INFO - Epoch: 48, Training Loss: 0.0256, Validation Loss: 0.0292
2025-11-15 03:43:42,926 - INFO - Epoch: 49, Training Loss: 0.0261, Validation Loss: 0.0305
2025-11-15 03:43:52,841 - INFO - Epoch: 50, Training Loss: 0.0259, Validation Loss: 0.0290
2025-11-15 03:44:06,284 - INFO - Epoch: 51, Training Loss: 0.0260, Validation Loss: 0.0289
2025-11-15 03:44:20,642 - INFO - Epoch: 52, Training Loss: 0.0261, Validation Loss: 0.0286
2025-11-15 03:44:20,644 - INFO -   → New best validation loss: 0.0286
2025-11-15 03:44:33,347 - INFO - Epoch: 53, Training Loss: 0.0255, Validation Loss: 0.0300
2025-11-15 03:44:45,539 - INFO - Epoch: 54, Training Loss: 0.0258, Validation Loss: 0.0297
2025-11-15 03:44:59,613 - INFO - Epoch: 55, Training Loss: 0.0261, Validation Loss: 0.0294
2025-11-15 03:45:12,170 - INFO - Epoch: 56, Training Loss: 0.0259, Validation Loss: 0.0288
2025-11-15 03:45:22,320 - INFO - Epoch: 57, Training Loss: 0.0256, Validation Loss: 0.0289
2025-11-15 03:45:36,553 - INFO - Epoch: 58, Training Loss: 0.0257, Validation Loss: 0.0286
2025-11-15 03:45:49,358 - INFO - Epoch: 59, Training Loss: 0.0257, Validation Loss: 0.0287
2025-11-15 03:46:03,475 - INFO - Epoch: 60, Training Loss: 0.0258, Validation Loss: 0.0294
2025-11-15 03:46:16,167 - INFO - Epoch: 61, Training Loss: 0.0259, Validation Loss: 0.0289
2025-11-15 03:46:30,729 - INFO - Epoch: 62, Training Loss: 0.0253, Validation Loss: 0.0288
2025-11-15 03:46:41,492 - INFO - Epoch: 63, Training Loss: 0.0258, Validation Loss: 0.0296
2025-11-15 03:46:50,213 - INFO - Epoch: 64, Training Loss: 0.0256, Validation Loss: 0.0293
2025-11-15 03:47:01,753 - INFO - Epoch: 65, Training Loss: 0.0259, Validation Loss: 0.0289
2025-11-15 03:47:11,791 - INFO - Epoch: 66, Training Loss: 0.0259, Validation Loss: 0.0293
2025-11-15 03:47:22,166 - INFO - Epoch: 67, Training Loss: 0.0259, Validation Loss: 0.0287
2025-11-15 03:47:33,027 - INFO - Epoch: 68, Training Loss: 0.0257, Validation Loss: 0.0285
2025-11-15 03:47:33,028 - INFO -   → New best validation loss: 0.0285
2025-11-15 03:47:44,297 - INFO - Epoch: 69, Training Loss: 0.0257, Validation Loss: 0.0296
2025-11-15 03:47:53,586 - INFO - Epoch: 70, Training Loss: 0.0259, Validation Loss: 0.0284
2025-11-15 03:47:53,587 - INFO -   → New best validation loss: 0.0284
2025-11-15 03:48:06,368 - INFO - Epoch: 71, Training Loss: 0.0254, Validation Loss: 0.0285
2025-11-15 03:48:20,228 - INFO - Epoch: 72, Training Loss: 0.0257, Validation Loss: 0.0293
2025-11-15 03:48:33,152 - INFO - Epoch: 73, Training Loss: 0.0257, Validation Loss: 0.0285
2025-11-15 03:48:47,973 - INFO - Epoch: 74, Training Loss: 0.0251, Validation Loss: 0.0283
2025-11-15 03:48:47,974 - INFO -   → New best validation loss: 0.0283
2025-11-15 03:49:00,335 - INFO - Epoch: 75, Training Loss: 0.0258, Validation Loss: 0.0286
2025-11-15 03:49:13,102 - INFO - Epoch: 76, Training Loss: 0.0258, Validation Loss: 0.0296
2025-11-15 03:49:24,533 - INFO - Epoch: 77, Training Loss: 0.0258, Validation Loss: 0.0299
2025-11-15 03:49:37,940 - INFO - Epoch: 78, Training Loss: 0.0257, Validation Loss: 0.0286
2025-11-15 03:49:51,443 - INFO - Epoch: 79, Training Loss: 0.0259, Validation Loss: 0.0292
2025-11-15 03:50:04,682 - INFO - Epoch: 80, Training Loss: 0.0257, Validation Loss: 0.0287
2025-11-15 03:50:13,642 - INFO - Epoch: 81, Training Loss: 0.0255, Validation Loss: 0.0283
2025-11-15 03:50:27,763 - INFO - Epoch: 82, Training Loss: 0.0254, Validation Loss: 0.0287
2025-11-15 03:50:44,370 - INFO - Epoch: 83, Training Loss: 0.0258, Validation Loss: 0.0299
2025-11-15 03:50:58,871 - INFO - Epoch: 84, Training Loss: 0.0252, Validation Loss: 0.0279
2025-11-15 03:50:58,872 - INFO -   → New best validation loss: 0.0279
2025-11-15 03:51:09,873 - INFO - Epoch: 85, Training Loss: 0.0254, Validation Loss: 0.0282
2025-11-15 03:51:21,646 - INFO - Epoch: 86, Training Loss: 0.0254, Validation Loss: 0.0293
2025-11-15 03:51:33,226 - INFO - Epoch: 87, Training Loss: 0.0253, Validation Loss: 0.0306
2025-11-15 03:51:48,166 - INFO - Epoch: 88, Training Loss: 0.0255, Validation Loss: 0.0289
2025-11-15 03:52:03,678 - INFO - Epoch: 89, Training Loss: 0.0251, Validation Loss: 0.0282
2025-11-15 03:52:14,421 - INFO - Epoch: 90, Training Loss: 0.0252, Validation Loss: 0.0289
2025-11-15 03:52:28,530 - INFO - Epoch: 91, Training Loss: 0.0256, Validation Loss: 0.0287
2025-11-15 03:52:39,082 - INFO - Epoch: 92, Training Loss: 0.0257, Validation Loss: 0.0284
2025-11-15 03:52:50,493 - INFO - Epoch: 93, Training Loss: 0.0253, Validation Loss: 0.0288
2025-11-15 03:53:02,770 - INFO - Epoch: 94, Training Loss: 0.0247, Validation Loss: 0.0283
2025-11-15 03:53:15,195 - INFO - Epoch: 95, Training Loss: 0.0247, Validation Loss: 0.0309
2025-11-15 03:53:29,709 - INFO - Epoch: 96, Training Loss: 0.0251, Validation Loss: 0.0284
2025-11-15 03:53:40,134 - INFO - Epoch: 97, Training Loss: 0.0250, Validation Loss: 0.0308
2025-11-15 03:53:54,238 - INFO - Epoch: 98, Training Loss: 0.0252, Validation Loss: 0.0278
2025-11-15 03:53:54,239 - INFO -   → New best validation loss: 0.0278
2025-11-15 03:54:05,134 - INFO - Epoch: 99, Training Loss: 0.0254, Validation Loss: 0.0291
2025-11-15 03:54:14,392 - INFO - Epoch: 100, Training Loss: 0.0249, Validation Loss: 0.0303
2025-11-15 03:54:25,075 - INFO - Epoch: 101, Training Loss: 0.0254, Validation Loss: 0.0278
2025-11-15 03:54:39,696 - INFO - Epoch: 102, Training Loss: 0.0248, Validation Loss: 0.0278
2025-11-15 03:54:52,483 - INFO - Epoch: 103, Training Loss: 0.0245, Validation Loss: 0.0273
2025-11-15 03:54:52,485 - INFO -   → New best validation loss: 0.0273
2025-11-15 03:55:05,831 - INFO - Epoch: 104, Training Loss: 0.0250, Validation Loss: 0.0286
2025-11-15 03:55:16,828 - INFO - Epoch: 105, Training Loss: 0.0243, Validation Loss: 0.0272
2025-11-15 03:55:16,829 - INFO -   → New best validation loss: 0.0272
2025-11-15 03:55:28,120 - INFO - Epoch: 106, Training Loss: 0.0248, Validation Loss: 0.0272
2025-11-15 03:55:28,121 - INFO -   → New best validation loss: 0.0272
2025-11-15 03:55:40,627 - INFO - Epoch: 107, Training Loss: 0.0251, Validation Loss: 0.0377
2025-11-15 03:55:49,939 - INFO - Epoch: 108, Training Loss: 0.0250, Validation Loss: 0.0276
2025-11-15 03:56:02,215 - INFO - Epoch: 109, Training Loss: 0.0245, Validation Loss: 0.0267
2025-11-15 03:56:02,216 - INFO -   → New best validation loss: 0.0267
2025-11-15 03:56:18,198 - INFO - Epoch: 110, Training Loss: 0.0247, Validation Loss: 0.0279
2025-11-15 03:56:29,370 - INFO - Epoch: 111, Training Loss: 0.0252, Validation Loss: 0.0276
2025-11-15 03:56:40,638 - INFO - Epoch: 112, Training Loss: 0.0249, Validation Loss: 0.0295
2025-11-15 03:56:55,535 - INFO - Epoch: 113, Training Loss: 0.0246, Validation Loss: 0.0271
2025-11-15 03:57:09,004 - INFO - Epoch: 114, Training Loss: 0.0246, Validation Loss: 0.0274
2025-11-15 03:57:19,193 - INFO - Epoch: 115, Training Loss: 0.0242, Validation Loss: 0.0271
2025-11-15 03:57:34,427 - INFO - Epoch: 116, Training Loss: 0.0246, Validation Loss: 0.0266
2025-11-15 03:57:34,430 - INFO -   → New best validation loss: 0.0266
2025-11-15 03:57:48,171 - INFO - Epoch: 117, Training Loss: 0.0242, Validation Loss: 0.0273
2025-11-15 03:57:58,278 - INFO - Epoch: 118, Training Loss: 0.0246, Validation Loss: 0.0269
2025-11-15 03:58:05,817 - INFO - Epoch: 119, Training Loss: 0.0244, Validation Loss: 0.0268
2025-11-15 03:58:15,569 - INFO - Epoch: 120, Training Loss: 0.0240, Validation Loss: 0.0263
2025-11-15 03:58:15,570 - INFO -   → New best validation loss: 0.0263
2025-11-15 03:58:28,450 - INFO - Epoch: 121, Training Loss: 0.0240, Validation Loss: 0.0262
2025-11-15 03:58:28,452 - INFO -   → New best validation loss: 0.0262
2025-11-15 03:58:41,800 - INFO - Epoch: 122, Training Loss: 0.0236, Validation Loss: 0.0274
2025-11-15 03:58:52,210 - INFO - Epoch: 123, Training Loss: 0.0241, Validation Loss: 0.0281
2025-11-15 03:59:02,434 - INFO - Epoch: 124, Training Loss: 0.0244, Validation Loss: 0.0264
2025-11-15 03:59:13,927 - INFO - Epoch: 125, Training Loss: 0.0237, Validation Loss: 0.0272
2025-11-15 03:59:27,826 - INFO - Epoch: 126, Training Loss: 0.0246, Validation Loss: 0.0268
2025-11-15 03:59:42,665 - INFO - Epoch: 127, Training Loss: 0.0242, Validation Loss: 0.0265
2025-11-15 03:59:59,689 - INFO - Epoch: 128, Training Loss: 0.0233, Validation Loss: 0.0255
2025-11-15 03:59:59,690 - INFO -   → New best validation loss: 0.0255
2025-11-15 04:00:11,356 - INFO - Epoch: 129, Training Loss: 0.0234, Validation Loss: 0.0264
2025-11-15 04:00:21,787 - INFO - Epoch: 130, Training Loss: 0.0234, Validation Loss: 0.0259
2025-11-15 04:00:33,625 - INFO - Epoch: 131, Training Loss: 0.0235, Validation Loss: 0.0255
2025-11-15 04:00:45,848 - INFO - Epoch: 132, Training Loss: 0.0231, Validation Loss: 0.0309
2025-11-15 04:00:57,611 - INFO - Epoch: 133, Training Loss: 0.0237, Validation Loss: 0.0255
2025-11-15 04:00:57,612 - INFO -   → New best validation loss: 0.0255
2025-11-15 04:01:08,854 - INFO - Epoch: 134, Training Loss: 0.0235, Validation Loss: 0.0256
2025-11-15 04:01:20,669 - INFO - Epoch: 135, Training Loss: 0.0229, Validation Loss: 0.0276
2025-11-15 04:01:33,965 - INFO - Epoch: 136, Training Loss: 0.0233, Validation Loss: 0.0264
2025-11-15 04:01:46,913 - INFO - Epoch: 137, Training Loss: 0.0227, Validation Loss: 0.0259
2025-11-15 04:02:01,362 - INFO - Epoch: 138, Training Loss: 0.0230, Validation Loss: 0.0248
2025-11-15 04:02:01,364 - INFO -   → New best validation loss: 0.0248
2025-11-15 04:02:13,874 - INFO - Epoch: 139, Training Loss: 0.0233, Validation Loss: 0.0278
2025-11-15 04:02:26,314 - INFO - Epoch: 140, Training Loss: 0.0227, Validation Loss: 0.0281
2025-11-15 04:02:38,305 - INFO - Epoch: 141, Training Loss: 0.0216, Validation Loss: 0.0254
2025-11-15 04:02:49,646 - INFO - Epoch: 142, Training Loss: 0.0221, Validation Loss: 0.0261
2025-11-15 04:03:02,557 - INFO - Epoch: 143, Training Loss: 0.0221, Validation Loss: 0.0243
2025-11-15 04:03:02,558 - INFO -   → New best validation loss: 0.0243
2025-11-15 04:03:15,034 - INFO - Epoch: 144, Training Loss: 0.0221, Validation Loss: 0.0238
2025-11-15 04:03:15,034 - INFO -   → New best validation loss: 0.0238
2025-11-15 04:03:26,455 - INFO - Epoch: 145, Training Loss: 0.0221, Validation Loss: 0.0225
2025-11-15 04:03:26,456 - INFO -   → New best validation loss: 0.0225
2025-11-15 04:03:37,323 - INFO - Epoch: 146, Training Loss: 0.0221, Validation Loss: 0.0236
2025-11-15 04:03:47,130 - INFO - Epoch: 147, Training Loss: 0.0226, Validation Loss: 0.0238
2025-11-15 04:03:59,960 - INFO - Epoch: 148, Training Loss: 0.0220, Validation Loss: 0.0251
2025-11-15 04:04:13,173 - INFO - Epoch: 149, Training Loss: 0.0218, Validation Loss: 0.0238
2025-11-15 04:04:24,506 - INFO - Epoch: 150, Training Loss: 0.0215, Validation Loss: 0.0279
2025-11-15 04:04:34,268 - INFO - Epoch: 151, Training Loss: 0.0219, Validation Loss: 0.0233
2025-11-15 04:04:46,015 - INFO - Epoch: 152, Training Loss: 0.0226, Validation Loss: 0.0226
2025-11-15 04:04:57,617 - INFO - Epoch: 153, Training Loss: 0.0222, Validation Loss: 0.0229
2025-11-15 04:05:09,155 - INFO - Epoch: 154, Training Loss: 0.0221, Validation Loss: 0.0219
2025-11-15 04:05:09,156 - INFO -   → New best validation loss: 0.0219
2025-11-15 04:05:20,041 - INFO - Epoch: 155, Training Loss: 0.0213, Validation Loss: 0.0232
2025-11-15 04:05:33,613 - INFO - Epoch: 156, Training Loss: 0.0220, Validation Loss: 0.0239
2025-11-15 04:05:43,709 - INFO - Epoch: 157, Training Loss: 0.0214, Validation Loss: 0.0239
2025-11-15 04:05:56,241 - INFO - Epoch: 158, Training Loss: 0.0219, Validation Loss: 0.0220
2025-11-15 04:06:10,706 - INFO - Epoch: 159, Training Loss: 0.0225, Validation Loss: 0.0229
2025-11-15 04:06:22,333 - INFO - Epoch: 160, Training Loss: 0.0217, Validation Loss: 0.0240
2025-11-15 04:06:35,777 - INFO - Epoch: 161, Training Loss: 0.0211, Validation Loss: 0.0247
2025-11-15 04:06:47,667 - INFO - Epoch: 162, Training Loss: 0.0209, Validation Loss: 0.0215
2025-11-15 04:06:47,669 - INFO -   → New best validation loss: 0.0215
2025-11-15 04:07:01,829 - INFO - Epoch: 163, Training Loss: 0.0208, Validation Loss: 0.0214
2025-11-15 04:07:01,830 - INFO -   → New best validation loss: 0.0214
2025-11-15 04:07:15,423 - INFO - Epoch: 164, Training Loss: 0.0212, Validation Loss: 0.0365
2025-11-15 04:07:31,022 - INFO - Epoch: 165, Training Loss: 0.0201, Validation Loss: 0.0230
2025-11-15 04:07:41,303 - INFO - Epoch: 166, Training Loss: 0.0215, Validation Loss: 0.0216
2025-11-15 04:07:52,222 - INFO - Epoch: 167, Training Loss: 0.0212, Validation Loss: 0.0242
2025-11-15 04:08:03,354 - INFO - Epoch: 168, Training Loss: 0.0207, Validation Loss: 0.0239
2025-11-15 04:08:15,869 - INFO - Epoch: 169, Training Loss: 0.0203, Validation Loss: 0.0238
2025-11-15 04:08:24,456 - INFO - Epoch: 170, Training Loss: 0.0206, Validation Loss: 0.0207
2025-11-15 04:08:24,458 - INFO -   → New best validation loss: 0.0207
2025-11-15 04:08:36,557 - INFO - Epoch: 171, Training Loss: 0.0200, Validation Loss: 0.0215
2025-11-15 04:08:52,471 - INFO - Epoch: 172, Training Loss: 0.0190, Validation Loss: 0.0206
2025-11-15 04:08:52,471 - INFO -   → New best validation loss: 0.0206
2025-11-15 04:09:01,907 - INFO - Epoch: 173, Training Loss: 0.0206, Validation Loss: 0.0222
2025-11-15 04:09:14,829 - INFO - Epoch: 174, Training Loss: 0.0199, Validation Loss: 0.0203
2025-11-15 04:09:14,830 - INFO -   → New best validation loss: 0.0203
2025-11-15 04:09:25,547 - INFO - Epoch: 175, Training Loss: 0.0202, Validation Loss: 0.0192
2025-11-15 04:09:25,550 - INFO -   → New best validation loss: 0.0192
2025-11-15 04:09:38,566 - INFO - Epoch: 176, Training Loss: 0.0190, Validation Loss: 0.0193
2025-11-15 04:09:46,965 - INFO - Epoch: 177, Training Loss: 0.0185, Validation Loss: 0.0190
2025-11-15 04:09:46,966 - INFO -   → New best validation loss: 0.0190
2025-11-15 04:10:01,309 - INFO - Epoch: 178, Training Loss: 0.0189, Validation Loss: 0.0297
2025-11-15 04:10:12,762 - INFO - Epoch: 179, Training Loss: 0.0194, Validation Loss: 0.0193
2025-11-15 04:10:23,289 - INFO - Epoch: 180, Training Loss: 0.0201, Validation Loss: 0.0193
2025-11-15 04:10:32,327 - INFO - Epoch: 181, Training Loss: 0.0188, Validation Loss: 0.0191
2025-11-15 04:10:46,931 - INFO - Epoch: 182, Training Loss: 0.0190, Validation Loss: 0.0191
2025-11-15 04:10:57,056 - INFO - Epoch: 183, Training Loss: 0.0197, Validation Loss: 0.0193
2025-11-15 04:11:10,820 - INFO - Epoch: 184, Training Loss: 0.0184, Validation Loss: 0.0189
2025-11-15 04:11:10,820 - INFO -   → New best validation loss: 0.0189
2025-11-15 04:11:21,327 - INFO - Epoch: 185, Training Loss: 0.0196, Validation Loss: 0.0189
2025-11-15 04:11:32,708 - INFO - Epoch: 186, Training Loss: 0.0188, Validation Loss: 0.0228
2025-11-15 04:11:45,985 - INFO - Epoch: 187, Training Loss: 0.0200, Validation Loss: 0.0186
2025-11-15 04:11:45,986 - INFO -   → New best validation loss: 0.0186
2025-11-15 04:11:58,425 - INFO - Epoch: 188, Training Loss: 0.0176, Validation Loss: 0.0189
2025-11-15 04:12:08,507 - INFO - Epoch: 189, Training Loss: 0.0177, Validation Loss: 0.0249
2025-11-15 04:12:18,511 - INFO - Epoch: 190, Training Loss: 0.0173, Validation Loss: 0.0222
2025-11-15 04:12:32,509 - INFO - Epoch: 191, Training Loss: 0.0202, Validation Loss: 0.0194
2025-11-15 04:12:43,930 - INFO - Epoch: 192, Training Loss: 0.0179, Validation Loss: 0.0178
2025-11-15 04:12:43,931 - INFO -   → New best validation loss: 0.0178
2025-11-15 04:12:58,380 - INFO - Epoch: 193, Training Loss: 0.0184, Validation Loss: 0.0173
2025-11-15 04:12:58,381 - INFO -   → New best validation loss: 0.0173
2025-11-15 04:13:13,597 - INFO - Epoch: 194, Training Loss: 0.0181, Validation Loss: 0.0374
2025-11-15 04:13:27,722 - INFO - Epoch: 195, Training Loss: 0.0186, Validation Loss: 0.0178
2025-11-15 04:13:36,783 - INFO - Epoch: 196, Training Loss: 0.0186, Validation Loss: 0.0164
2025-11-15 04:13:36,788 - INFO -   → New best validation loss: 0.0164
2025-11-15 04:13:49,251 - INFO - Epoch: 197, Training Loss: 0.0173, Validation Loss: 0.0164
2025-11-15 04:13:49,254 - INFO -   → New best validation loss: 0.0164
2025-11-15 04:14:00,020 - INFO - Epoch: 198, Training Loss: 0.0179, Validation Loss: 0.0232
2025-11-15 04:14:09,931 - INFO - Epoch: 199, Training Loss: 0.0176, Validation Loss: 0.0172
2025-11-15 04:14:23,089 - INFO - Epoch: 200, Training Loss: 0.0181, Validation Loss: 0.0158
2025-11-15 04:14:23,090 - INFO -   → New best validation loss: 0.0158
2025-11-15 04:14:39,173 - INFO - Epoch: 201, Training Loss: 0.0174, Validation Loss: 0.0182
2025-11-15 04:14:50,940 - INFO - Epoch: 202, Training Loss: 0.0170, Validation Loss: 0.0268
2025-11-15 04:15:04,253 - INFO - Epoch: 203, Training Loss: 0.0177, Validation Loss: 0.0216
2025-11-15 04:15:20,778 - INFO - Epoch: 204, Training Loss: 0.0169, Validation Loss: 0.0160
2025-11-15 04:15:33,301 - INFO - Epoch: 205, Training Loss: 0.0172, Validation Loss: 0.0237
2025-11-15 04:15:43,209 - INFO - Epoch: 206, Training Loss: 0.0166, Validation Loss: 0.0144
2025-11-15 04:15:43,210 - INFO -   → New best validation loss: 0.0144
2025-11-15 04:15:57,639 - INFO - Epoch: 207, Training Loss: 0.0172, Validation Loss: 0.0174
2025-11-15 04:16:08,851 - INFO - Epoch: 208, Training Loss: 0.0167, Validation Loss: 0.0174
2025-11-15 04:16:21,230 - INFO - Epoch: 209, Training Loss: 0.0165, Validation Loss: 0.0162
2025-11-15 04:16:33,740 - INFO - Epoch: 210, Training Loss: 0.0163, Validation Loss: 0.0164
2025-11-15 04:16:47,033 - INFO - Epoch: 211, Training Loss: 0.0164, Validation Loss: 0.0202
2025-11-15 04:17:01,967 - INFO - Epoch: 212, Training Loss: 0.0152, Validation Loss: 0.0163
2025-11-15 04:17:14,956 - INFO - Epoch: 213, Training Loss: 0.0167, Validation Loss: 0.0184
2025-11-15 04:17:28,615 - INFO - Epoch: 214, Training Loss: 0.0162, Validation Loss: 0.0162
2025-11-15 04:17:43,570 - INFO - Epoch: 215, Training Loss: 0.0162, Validation Loss: 0.0178
2025-11-15 04:17:56,250 - INFO - Epoch: 216, Training Loss: 0.0156, Validation Loss: 0.0180
2025-11-15 04:18:07,075 - INFO - Epoch: 217, Training Loss: 0.0162, Validation Loss: 0.0162
2025-11-15 04:18:20,643 - INFO - Epoch: 218, Training Loss: 0.0149, Validation Loss: 0.0150
2025-11-15 04:18:36,696 - INFO - Epoch: 219, Training Loss: 0.0145, Validation Loss: 0.0158
2025-11-15 04:18:49,947 - INFO - Epoch: 220, Training Loss: 0.0155, Validation Loss: 0.0211
2025-11-15 04:19:03,256 - INFO - Epoch: 221, Training Loss: 0.0150, Validation Loss: 0.0143
2025-11-15 04:19:03,261 - INFO -   → New best validation loss: 0.0143
2025-11-15 04:19:16,750 - INFO - Epoch: 222, Training Loss: 0.0153, Validation Loss: 0.0197
2025-11-15 04:19:32,875 - INFO - Epoch: 223, Training Loss: 0.0151, Validation Loss: 0.0152
2025-11-15 04:19:47,451 - INFO - Epoch: 224, Training Loss: 0.0151, Validation Loss: 0.0258
2025-11-15 04:20:00,869 - INFO - Epoch: 225, Training Loss: 0.0152, Validation Loss: 0.0135
2025-11-15 04:20:00,871 - INFO -   → New best validation loss: 0.0135
2025-11-15 04:20:12,803 - INFO - Epoch: 226, Training Loss: 0.0151, Validation Loss: 0.0147
2025-11-15 04:20:25,342 - INFO - Epoch: 227, Training Loss: 0.0138, Validation Loss: 0.0145
2025-11-15 04:20:35,407 - INFO - Epoch: 228, Training Loss: 0.0154, Validation Loss: 0.0159
2025-11-15 04:20:45,660 - INFO - Epoch: 229, Training Loss: 0.0145, Validation Loss: 0.0153
2025-11-15 04:20:57,251 - INFO - Epoch: 230, Training Loss: 0.0143, Validation Loss: 0.0173
2025-11-15 04:21:11,258 - INFO - Epoch: 231, Training Loss: 0.0147, Validation Loss: 0.0180
2025-11-15 04:21:19,847 - INFO - Epoch: 232, Training Loss: 0.0147, Validation Loss: 0.0118
2025-11-15 04:21:19,848 - INFO -   → New best validation loss: 0.0118
2025-11-15 04:21:34,264 - INFO - Epoch: 233, Training Loss: 0.0141, Validation Loss: 0.0131
2025-11-15 04:21:48,435 - INFO - Epoch: 234, Training Loss: 0.0141, Validation Loss: 0.0177
2025-11-15 04:22:02,236 - INFO - Epoch: 235, Training Loss: 0.0134, Validation Loss: 0.0139
2025-11-15 04:22:13,749 - INFO - Epoch: 236, Training Loss: 0.0129, Validation Loss: 0.0125
2025-11-15 04:22:26,806 - INFO - Epoch: 237, Training Loss: 0.0138, Validation Loss: 0.0177
2025-11-15 04:22:39,403 - INFO - Epoch: 238, Training Loss: 0.0139, Validation Loss: 0.0122
2025-11-15 04:22:52,705 - INFO - Epoch: 239, Training Loss: 0.0141, Validation Loss: 0.0138
2025-11-15 04:23:02,549 - INFO - Epoch: 240, Training Loss: 0.0134, Validation Loss: 0.0207
2025-11-15 04:23:15,921 - INFO - Epoch: 241, Training Loss: 0.0133, Validation Loss: 0.0170
2025-11-15 04:23:29,460 - INFO - Epoch: 242, Training Loss: 0.0154, Validation Loss: 0.0178
2025-11-15 04:23:43,128 - INFO - Epoch: 243, Training Loss: 0.0130, Validation Loss: 0.0153
2025-11-15 04:23:55,129 - INFO - Epoch: 244, Training Loss: 0.0128, Validation Loss: 0.0173
2025-11-15 04:24:07,974 - INFO - Epoch: 245, Training Loss: 0.0133, Validation Loss: 0.0187
2025-11-15 04:24:17,523 - INFO - Epoch: 246, Training Loss: 0.0128, Validation Loss: 0.0135
2025-11-15 04:24:30,971 - INFO - Epoch: 247, Training Loss: 0.0129, Validation Loss: 0.0169
2025-11-15 04:24:46,074 - INFO - Epoch: 248, Training Loss: 0.0133, Validation Loss: 0.0112
2025-11-15 04:24:46,077 - INFO -   → New best validation loss: 0.0112
2025-11-15 04:25:02,225 - INFO - Epoch: 249, Training Loss: 0.0122, Validation Loss: 0.0129
2025-11-15 04:25:14,763 - INFO - Epoch: 250, Training Loss: 0.0125, Validation Loss: 0.0110
2025-11-15 04:25:14,765 - INFO -   → New best validation loss: 0.0110
2025-11-15 04:25:24,014 - INFO - Epoch: 251, Training Loss: 0.0120, Validation Loss: 0.0111
2025-11-15 04:25:36,193 - INFO - Epoch: 252, Training Loss: 0.0122, Validation Loss: 0.0127
2025-11-15 04:25:45,596 - INFO - Epoch: 253, Training Loss: 0.0129, Validation Loss: 0.0113
2025-11-15 04:25:59,474 - INFO - Epoch: 254, Training Loss: 0.0119, Validation Loss: 0.0142
2025-11-15 04:26:08,555 - INFO - Epoch: 255, Training Loss: 0.0118, Validation Loss: 0.0119
2025-11-15 04:26:24,561 - INFO - Epoch: 256, Training Loss: 0.0122, Validation Loss: 0.0135
2025-11-15 04:26:31,896 - INFO - Epoch: 257, Training Loss: 0.0118, Validation Loss: 0.0171
2025-11-15 04:26:41,942 - INFO - Epoch: 258, Training Loss: 0.0125, Validation Loss: 0.0124
2025-11-15 04:26:52,706 - INFO - Epoch: 259, Training Loss: 0.0118, Validation Loss: 0.0117
2025-11-15 04:27:03,276 - INFO - Epoch: 260, Training Loss: 0.0120, Validation Loss: 0.0121
2025-11-15 04:27:13,696 - INFO - Epoch: 261, Training Loss: 0.0122, Validation Loss: 0.0106
2025-11-15 04:27:13,696 - INFO -   → New best validation loss: 0.0106
2025-11-15 04:27:23,579 - INFO - Epoch: 262, Training Loss: 0.0118, Validation Loss: 0.0163
2025-11-15 04:27:35,175 - INFO - Epoch: 263, Training Loss: 0.0123, Validation Loss: 0.0110
2025-11-15 04:27:47,787 - INFO - Epoch: 264, Training Loss: 0.0119, Validation Loss: 0.0119
2025-11-15 04:27:59,486 - INFO - Epoch: 265, Training Loss: 0.0123, Validation Loss: 0.0106
2025-11-15 04:28:12,587 - INFO - Epoch: 266, Training Loss: 0.0114, Validation Loss: 0.0107
2025-11-15 04:28:23,137 - INFO - Epoch: 267, Training Loss: 0.0116, Validation Loss: 0.0118
2025-11-15 04:28:33,415 - INFO - Epoch: 268, Training Loss: 0.0124, Validation Loss: 0.0118
2025-11-15 04:28:48,200 - INFO - Epoch: 269, Training Loss: 0.0117, Validation Loss: 0.0139
2025-11-15 04:28:55,905 - INFO - Epoch: 270, Training Loss: 0.0118, Validation Loss: 0.0123
2025-11-15 04:29:09,242 - INFO - Epoch: 271, Training Loss: 0.0119, Validation Loss: 0.0153
2025-11-15 04:29:22,769 - INFO - Epoch: 272, Training Loss: 0.0114, Validation Loss: 0.0112
2025-11-15 04:29:34,700 - INFO - Epoch: 273, Training Loss: 0.0111, Validation Loss: 0.0101
2025-11-15 04:29:34,704 - INFO -   → New best validation loss: 0.0101
2025-11-15 04:29:48,714 - INFO - Epoch: 274, Training Loss: 0.0111, Validation Loss: 0.0105
2025-11-15 04:30:00,280 - INFO - Epoch: 275, Training Loss: 0.0119, Validation Loss: 0.0135
2025-11-15 04:30:11,753 - INFO - Epoch: 276, Training Loss: 0.0101, Validation Loss: 0.0121
2025-11-15 04:30:20,986 - INFO - Epoch: 277, Training Loss: 0.0111, Validation Loss: 0.0122
2025-11-15 04:30:35,252 - INFO - Epoch: 278, Training Loss: 0.0115, Validation Loss: 0.0105
2025-11-15 04:30:47,837 - INFO - Epoch: 279, Training Loss: 0.0103, Validation Loss: 0.0098
2025-11-15 04:30:47,841 - INFO -   → New best validation loss: 0.0098
2025-11-15 04:31:00,321 - INFO - Epoch: 280, Training Loss: 0.0125, Validation Loss: 0.0108
2025-11-15 04:31:11,705 - INFO - Epoch: 281, Training Loss: 0.0105, Validation Loss: 0.0101
2025-11-15 04:31:23,615 - INFO - Epoch: 282, Training Loss: 0.0111, Validation Loss: 0.0325
2025-11-15 04:31:36,333 - INFO - Epoch: 283, Training Loss: 0.0109, Validation Loss: 0.0109
2025-11-15 04:31:47,203 - INFO - Epoch: 284, Training Loss: 0.0113, Validation Loss: 0.0141
2025-11-15 04:31:59,167 - INFO - Epoch: 285, Training Loss: 0.0113, Validation Loss: 0.0110
2025-11-15 04:32:12,044 - INFO - Epoch: 286, Training Loss: 0.0101, Validation Loss: 0.0118
2025-11-15 04:32:24,442 - INFO - Epoch: 287, Training Loss: 0.0102, Validation Loss: 0.0101
2025-11-15 04:32:36,523 - INFO - Epoch: 288, Training Loss: 0.0103, Validation Loss: 0.0119
2025-11-15 04:32:49,232 - INFO - Epoch: 289, Training Loss: 0.0107, Validation Loss: 0.0168
2025-11-15 04:33:04,035 - INFO - Epoch: 290, Training Loss: 0.0106, Validation Loss: 0.0160
2025-11-15 04:33:16,122 - INFO - Epoch: 291, Training Loss: 0.0103, Validation Loss: 0.0102
2025-11-15 04:33:29,796 - INFO - Epoch: 292, Training Loss: 0.0111, Validation Loss: 0.0120
2025-11-15 04:33:39,574 - INFO - Epoch: 293, Training Loss: 0.0103, Validation Loss: 0.0126
2025-11-15 04:33:51,281 - INFO - Epoch: 294, Training Loss: 0.0112, Validation Loss: 0.0113
2025-11-15 04:34:01,095 - INFO - Epoch: 295, Training Loss: 0.0105, Validation Loss: 0.0097
2025-11-15 04:34:01,098 - INFO -   → New best validation loss: 0.0097
2025-11-15 04:34:13,859 - INFO - Epoch: 296, Training Loss: 0.0105, Validation Loss: 0.0114
2025-11-15 04:34:26,661 - INFO - Epoch: 297, Training Loss: 0.0103, Validation Loss: 0.0098
2025-11-15 04:34:40,354 - INFO - Epoch: 298, Training Loss: 0.0108, Validation Loss: 0.0097
2025-11-15 04:34:40,358 - INFO -   → New best validation loss: 0.0097
2025-11-15 04:34:54,106 - INFO - Epoch: 299, Training Loss: 0.0107, Validation Loss: 0.0142
2025-11-15 04:35:07,315 - INFO - Epoch: 300, Training Loss: 0.0106, Validation Loss: 0.0104
2025-11-15 04:35:22,364 - INFO - Epoch: 301, Training Loss: 0.0107, Validation Loss: 0.0113
2025-11-15 04:35:34,918 - INFO - Epoch: 302, Training Loss: 0.0100, Validation Loss: 0.0102
2025-11-15 04:35:46,547 - INFO - Epoch: 303, Training Loss: 0.0101, Validation Loss: 0.0102
2025-11-15 04:35:58,014 - INFO - Epoch: 304, Training Loss: 0.0101, Validation Loss: 0.0099
2025-11-15 04:36:11,860 - INFO - Epoch: 305, Training Loss: 0.0103, Validation Loss: 0.0108
2025-11-15 04:36:25,356 - INFO - Epoch: 306, Training Loss: 0.0109, Validation Loss: 0.0098
2025-11-15 04:36:37,951 - INFO - Epoch: 307, Training Loss: 0.0115, Validation Loss: 0.0106
2025-11-15 04:36:51,141 - INFO - Epoch: 308, Training Loss: 0.0103, Validation Loss: 0.0096
2025-11-15 04:36:51,142 - INFO -   → New best validation loss: 0.0096
2025-11-15 04:37:01,658 - INFO - Epoch: 309, Training Loss: 0.0097, Validation Loss: 0.0098
2025-11-15 04:37:13,837 - INFO - Epoch: 310, Training Loss: 0.0099, Validation Loss: 0.0102
2025-11-15 04:37:28,911 - INFO - Epoch: 311, Training Loss: 0.0105, Validation Loss: 0.0152
2025-11-15 04:37:41,388 - INFO - Epoch: 312, Training Loss: 0.0100, Validation Loss: 0.0102
2025-11-15 04:37:51,829 - INFO - Epoch: 313, Training Loss: 0.0106, Validation Loss: 0.0095
2025-11-15 04:37:51,829 - INFO -   → New best validation loss: 0.0095
2025-11-15 04:38:04,830 - INFO - Epoch: 314, Training Loss: 0.0096, Validation Loss: 0.0097
2025-11-15 04:38:17,545 - INFO - Epoch: 315, Training Loss: 0.0099, Validation Loss: 0.0105
2025-11-15 04:38:28,444 - INFO - Epoch: 316, Training Loss: 0.0098, Validation Loss: 0.0095
2025-11-15 04:38:39,377 - INFO - Epoch: 317, Training Loss: 0.0100, Validation Loss: 0.0095
2025-11-15 04:38:50,964 - INFO - Epoch: 318, Training Loss: 0.0098, Validation Loss: 0.0095
2025-11-15 04:39:02,914 - INFO - Epoch: 319, Training Loss: 0.0101, Validation Loss: 0.0098
2025-11-15 04:39:15,182 - INFO - Epoch: 320, Training Loss: 0.0099, Validation Loss: 0.0094
2025-11-15 04:39:15,184 - INFO -   → New best validation loss: 0.0094
2025-11-15 04:39:26,081 - INFO - Epoch: 321, Training Loss: 0.0098, Validation Loss: 0.0093
2025-11-15 04:39:26,082 - INFO -   → New best validation loss: 0.0093
2025-11-15 04:39:35,278 - INFO - Epoch: 322, Training Loss: 0.0103, Validation Loss: 0.0094
2025-11-15 04:39:46,432 - INFO - Epoch: 323, Training Loss: 0.0098, Validation Loss: 0.0092
2025-11-15 04:39:46,432 - INFO -   → New best validation loss: 0.0092
2025-11-15 04:40:02,334 - INFO - Epoch: 324, Training Loss: 0.0112, Validation Loss: 0.0106
2025-11-15 04:40:17,108 - INFO - Epoch: 325, Training Loss: 0.0103, Validation Loss: 0.0099
2025-11-15 04:40:29,777 - INFO - Epoch: 326, Training Loss: 0.0102, Validation Loss: 0.0107
2025-11-15 04:40:41,565 - INFO - Epoch: 327, Training Loss: 0.0102, Validation Loss: 0.0107
2025-11-15 04:40:53,418 - INFO - Epoch: 328, Training Loss: 0.0106, Validation Loss: 0.0109
2025-11-15 04:41:06,164 - INFO - Epoch: 329, Training Loss: 0.0099, Validation Loss: 0.0108
2025-11-15 04:41:17,692 - INFO - Epoch: 330, Training Loss: 0.0104, Validation Loss: 0.0116
2025-11-15 04:41:30,202 - INFO - Epoch: 331, Training Loss: 0.0101, Validation Loss: 0.0122
2025-11-15 04:41:42,158 - INFO - Epoch: 332, Training Loss: 0.0104, Validation Loss: 0.0093
2025-11-15 04:41:54,541 - INFO - Epoch: 333, Training Loss: 0.0095, Validation Loss: 0.0104
2025-11-15 04:42:08,257 - INFO - Epoch: 334, Training Loss: 0.0097, Validation Loss: 0.0092
2025-11-15 04:42:20,602 - INFO - Epoch: 335, Training Loss: 0.0095, Validation Loss: 0.0100
2025-11-15 04:42:31,922 - INFO - Epoch: 336, Training Loss: 0.0093, Validation Loss: 0.0095
2025-11-15 04:42:45,401 - INFO - Epoch: 337, Training Loss: 0.0101, Validation Loss: 0.0095
2025-11-15 04:42:56,799 - INFO - Epoch: 338, Training Loss: 0.0097, Validation Loss: 0.0095
2025-11-15 04:43:13,635 - INFO - Epoch: 339, Training Loss: 0.0103, Validation Loss: 0.0099
2025-11-15 04:43:26,117 - INFO - Epoch: 340, Training Loss: 0.0096, Validation Loss: 0.0095
2025-11-15 04:43:39,624 - INFO - Epoch: 341, Training Loss: 0.0095, Validation Loss: 0.0095
2025-11-15 04:43:52,303 - INFO - Epoch: 342, Training Loss: 0.0097, Validation Loss: 0.0123
2025-11-15 04:44:02,741 - INFO - Epoch: 343, Training Loss: 0.0094, Validation Loss: 0.0093
2025-11-15 04:44:02,741 - INFO - Early stopping triggered at epoch 343
2025-11-15 04:44:02,741 - INFO - Best validation loss: 0.0092
2025-11-15 04:44:02,745 - INFO - Restored best model weights
2025-11-15 04:44:02,745 - INFO - 
============================================================
2025-11-15 04:44:02,745 - INFO - EVALUATION RESULTS
2025-11-15 04:44:02,745 - INFO - ============================================================
2025-11-15 04:44:02,787 - INFO - Validation Set - MSE: 0.010117, MAE: 0.079341, RMSE: 0.100584, Pearson Correlation: 0.818286 (p=0.000000)
2025-11-15 04:44:02,895 - INFO - Test Set - MSE: 0.009336, MAE: 0.078177, RMSE: 0.096621, Pearson Correlation: 0.812761 (p=0.000000)
2025-11-15 04:44:02,895 - INFO - ============================================================

2025-11-15 04:44:02,896 - INFO - CV Fold 2 completed successfully
2025-11-15 04:44:02,897 - INFO - 
--------------------------------------------------------------------------------
2025-11-15 04:44:02,897 - INFO - CV Fold 3
2025-11-15 04:44:02,897 - INFO - --------------------------------------------------------------------------------
2025-11-15 04:44:02,903 - INFO - Loading dataset...
2025-11-15 04:44:03,007 - INFO - Dataset shapes - Train: (567, 17, 25, 1), Valid: (141, 17, 25, 1), Test: (177, 17, 25, 1)
2025-11-15 04:44:03,009 - INFO - Initializing VIGNet model...
2025-11-15 04:44:03,012 - INFO - Number of batch iterations per epoch: 113
2025-11-15 04:44:16,027 - INFO - Epoch: 1, Training Loss: 0.2169, Validation Loss: 0.1874
2025-11-15 04:44:16,032 - INFO -   → New best validation loss: 0.1874
2025-11-15 04:44:31,139 - INFO - Epoch: 2, Training Loss: 0.0960, Validation Loss: 0.0467
2025-11-15 04:44:31,141 - INFO -   → New best validation loss: 0.0467
2025-11-15 04:44:40,619 - INFO - Epoch: 3, Training Loss: 0.0308, Validation Loss: 0.0419
2025-11-15 04:44:40,620 - INFO -   → New best validation loss: 0.0419
2025-11-15 04:44:51,702 - INFO - Epoch: 4, Training Loss: 0.0287, Validation Loss: 0.0397
2025-11-15 04:44:51,703 - INFO -   → New best validation loss: 0.0397
2025-11-15 04:45:04,891 - INFO - Epoch: 5, Training Loss: 0.0274, Validation Loss: 0.0416
2025-11-15 04:45:20,002 - INFO - Epoch: 6, Training Loss: 0.0266, Validation Loss: 0.0390
2025-11-15 04:45:20,006 - INFO -   → New best validation loss: 0.0390
2025-11-15 04:45:33,159 - INFO - Epoch: 7, Training Loss: 0.0270, Validation Loss: 0.0414
2025-11-15 04:45:45,679 - INFO - Epoch: 8, Training Loss: 0.0265, Validation Loss: 0.0418
2025-11-15 04:45:55,945 - INFO - Epoch: 9, Training Loss: 0.0250, Validation Loss: 0.0400
2025-11-15 04:46:08,405 - INFO - Epoch: 10, Training Loss: 0.0257, Validation Loss: 0.0399
2025-11-15 04:46:21,762 - INFO - Epoch: 11, Training Loss: 0.0248, Validation Loss: 0.0397
2025-11-15 04:46:30,517 - INFO - Epoch: 12, Training Loss: 0.0252, Validation Loss: 0.0427
2025-11-15 04:46:41,656 - INFO - Epoch: 13, Training Loss: 0.0253, Validation Loss: 0.0401
2025-11-15 04:46:53,426 - INFO - Epoch: 14, Training Loss: 0.0251, Validation Loss: 0.0391
2025-11-15 04:47:04,364 - INFO - Epoch: 15, Training Loss: 0.0244, Validation Loss: 0.0406
2025-11-15 04:47:15,708 - INFO - Epoch: 16, Training Loss: 0.0249, Validation Loss: 0.0388
2025-11-15 04:47:15,708 - INFO -   → New best validation loss: 0.0388
2025-11-15 04:47:29,605 - INFO - Epoch: 17, Training Loss: 0.0247, Validation Loss: 0.0397
2025-11-15 04:47:40,824 - INFO - Epoch: 18, Training Loss: 0.0244, Validation Loss: 0.0400
2025-11-15 04:47:53,618 - INFO - Epoch: 19, Training Loss: 0.0243, Validation Loss: 0.0394
2025-11-15 04:48:06,043 - INFO - Epoch: 20, Training Loss: 0.0245, Validation Loss: 0.0392
2025-11-15 04:48:16,391 - INFO - Epoch: 21, Training Loss: 0.0239, Validation Loss: 0.0405
2025-11-15 04:48:28,244 - INFO - Epoch: 22, Training Loss: 0.0242, Validation Loss: 0.0402
2025-11-15 04:48:39,351 - INFO - Epoch: 23, Training Loss: 0.0246, Validation Loss: 0.0390
2025-11-15 04:48:51,715 - INFO - Epoch: 24, Training Loss: 0.0246, Validation Loss: 0.0393
2025-11-15 04:49:08,491 - INFO - Epoch: 25, Training Loss: 0.0245, Validation Loss: 0.0387
2025-11-15 04:49:08,493 - INFO -   → New best validation loss: 0.0387
2025-11-15 04:49:20,893 - INFO - Epoch: 26, Training Loss: 0.0243, Validation Loss: 0.0398
2025-11-15 04:49:31,232 - INFO - Epoch: 27, Training Loss: 0.0245, Validation Loss: 0.0382
2025-11-15 04:49:31,232 - INFO -   → New best validation loss: 0.0382
2025-11-15 04:49:42,717 - INFO - Epoch: 28, Training Loss: 0.0242, Validation Loss: 0.0385
2025-11-15 04:49:53,620 - INFO - Epoch: 29, Training Loss: 0.0243, Validation Loss: 0.0390
2025-11-15 04:50:04,015 - INFO - Epoch: 30, Training Loss: 0.0246, Validation Loss: 0.0384
2025-11-15 04:50:17,250 - INFO - Epoch: 31, Training Loss: 0.0243, Validation Loss: 0.0395
2025-11-15 04:50:29,252 - INFO - Epoch: 32, Training Loss: 0.0243, Validation Loss: 0.0391
2025-11-15 04:50:40,581 - INFO - Epoch: 33, Training Loss: 0.0244, Validation Loss: 0.0393
2025-11-15 04:50:51,288 - INFO - Epoch: 34, Training Loss: 0.0244, Validation Loss: 0.0395
2025-11-15 04:51:02,771 - INFO - Epoch: 35, Training Loss: 0.0246, Validation Loss: 0.0382
2025-11-15 04:51:15,885 - INFO - Epoch: 36, Training Loss: 0.0243, Validation Loss: 0.0390
2025-11-15 04:51:30,730 - INFO - Epoch: 37, Training Loss: 0.0243, Validation Loss: 0.0384
2025-11-15 04:51:43,760 - INFO - Epoch: 38, Training Loss: 0.0240, Validation Loss: 0.0389
2025-11-15 04:51:53,565 - INFO - Epoch: 39, Training Loss: 0.0243, Validation Loss: 0.0392
2025-11-15 04:52:04,868 - INFO - Epoch: 40, Training Loss: 0.0241, Validation Loss: 0.0384
2025-11-15 04:52:18,908 - INFO - Epoch: 41, Training Loss: 0.0242, Validation Loss: 0.0384
2025-11-15 04:52:34,147 - INFO - Epoch: 42, Training Loss: 0.0242, Validation Loss: 0.0384
2025-11-15 04:52:49,320 - INFO - Epoch: 43, Training Loss: 0.0240, Validation Loss: 0.0384
2025-11-15 04:52:58,227 - INFO - Epoch: 44, Training Loss: 0.0240, Validation Loss: 0.0383
2025-11-15 04:53:09,079 - INFO - Epoch: 45, Training Loss: 0.0242, Validation Loss: 0.0381
2025-11-15 04:53:09,080 - INFO -   → New best validation loss: 0.0381
2025-11-15 04:53:24,195 - INFO - Epoch: 46, Training Loss: 0.0244, Validation Loss: 0.0388
2025-11-15 04:53:37,938 - INFO - Epoch: 47, Training Loss: 0.0237, Validation Loss: 0.0386
2025-11-15 04:53:48,147 - INFO - Epoch: 48, Training Loss: 0.0241, Validation Loss: 0.0393
2025-11-15 04:53:57,099 - INFO - Epoch: 49, Training Loss: 0.0243, Validation Loss: 0.0392
2025-11-15 04:54:07,497 - INFO - Epoch: 50, Training Loss: 0.0243, Validation Loss: 0.0387
2025-11-15 04:54:17,146 - INFO - Epoch: 51, Training Loss: 0.0242, Validation Loss: 0.0383
2025-11-15 04:54:29,107 - INFO - Epoch: 52, Training Loss: 0.0238, Validation Loss: 0.0396
2025-11-15 04:54:44,438 - INFO - Epoch: 53, Training Loss: 0.0242, Validation Loss: 0.0398
2025-11-15 04:54:57,643 - INFO - Epoch: 54, Training Loss: 0.0242, Validation Loss: 0.0385
2025-11-15 04:55:11,511 - INFO - Epoch: 55, Training Loss: 0.0240, Validation Loss: 0.0382
2025-11-15 04:55:25,742 - INFO - Epoch: 56, Training Loss: 0.0241, Validation Loss: 0.0386
2025-11-15 04:55:36,613 - INFO - Epoch: 57, Training Loss: 0.0242, Validation Loss: 0.0385
2025-11-15 04:55:49,580 - INFO - Epoch: 58, Training Loss: 0.0239, Validation Loss: 0.0386
2025-11-15 04:56:03,655 - INFO - Epoch: 59, Training Loss: 0.0241, Validation Loss: 0.0386
2025-11-15 04:56:13,017 - INFO - Epoch: 60, Training Loss: 0.0241, Validation Loss: 0.0382
2025-11-15 04:56:21,549 - INFO - Epoch: 61, Training Loss: 0.0242, Validation Loss: 0.0381
2025-11-15 04:56:33,284 - INFO - Epoch: 62, Training Loss: 0.0242, Validation Loss: 0.0388
2025-11-15 04:56:46,912 - INFO - Epoch: 63, Training Loss: 0.0235, Validation Loss: 0.0393
2025-11-15 04:56:58,656 - INFO - Epoch: 64, Training Loss: 0.0239, Validation Loss: 0.0392
2025-11-15 04:57:09,921 - INFO - Epoch: 65, Training Loss: 0.0242, Validation Loss: 0.0382
2025-11-15 04:57:09,921 - INFO - Early stopping triggered at epoch 65
2025-11-15 04:57:09,921 - INFO - Best validation loss: 0.0381
2025-11-15 04:57:09,924 - INFO - Restored best model weights
2025-11-15 04:57:09,924 - INFO - 
============================================================
2025-11-15 04:57:09,924 - INFO - EVALUATION RESULTS
2025-11-15 04:57:09,924 - INFO - ============================================================
2025-11-15 04:57:09,968 - INFO - Validation Set - MSE: 0.038647, MAE: 0.137425, RMSE: 0.196589, Pearson Correlation: 0.336238 (p=0.000046)
2025-11-15 04:57:10,011 - INFO - Test Set - MSE: 0.025774, MAE: 0.105895, RMSE: 0.160543, Pearson Correlation: 0.206348 (p=0.005859)
2025-11-15 04:57:10,011 - INFO - ============================================================

2025-11-15 04:57:10,011 - INFO - CV Fold 3 completed successfully
2025-11-15 04:57:10,011 - INFO - 
--------------------------------------------------------------------------------
2025-11-15 04:57:10,011 - INFO - CV Fold 4
2025-11-15 04:57:10,011 - INFO - --------------------------------------------------------------------------------
2025-11-15 04:57:10,013 - INFO - Loading dataset...
2025-11-15 04:57:10,099 - INFO - Dataset shapes - Train: (567, 17, 25, 1), Valid: (141, 17, 25, 1), Test: (177, 17, 25, 1)
2025-11-15 04:57:10,100 - INFO - Initializing VIGNet model...
2025-11-15 04:57:10,103 - INFO - Number of batch iterations per epoch: 113
2025-11-15 04:57:20,829 - INFO - Epoch: 1, Training Loss: 0.2344, Validation Loss: 0.2315
2025-11-15 04:57:20,829 - INFO -   → New best validation loss: 0.2315
2025-11-15 04:57:33,684 - INFO - Epoch: 2, Training Loss: 0.1313, Validation Loss: 0.1145
2025-11-15 04:57:33,688 - INFO -   → New best validation loss: 0.1145
2025-11-15 04:57:44,215 - INFO - Epoch: 3, Training Loss: 0.0415, Validation Loss: 0.0501
2025-11-15 04:57:44,216 - INFO -   → New best validation loss: 0.0501
2025-11-15 04:57:56,834 - INFO - Epoch: 4, Training Loss: 0.0338, Validation Loss: 0.0444
2025-11-15 04:57:56,835 - INFO -   → New best validation loss: 0.0444
2025-11-15 04:58:10,839 - INFO - Epoch: 5, Training Loss: 0.0338, Validation Loss: 0.0501
2025-11-15 04:58:24,538 - INFO - Epoch: 6, Training Loss: 0.0304, Validation Loss: 0.0355
2025-11-15 04:58:24,541 - INFO -   → New best validation loss: 0.0355
2025-11-15 04:58:35,836 - INFO - Epoch: 7, Training Loss: 0.0290, Validation Loss: 0.0597
2025-11-15 04:58:49,275 - INFO - Epoch: 8, Training Loss: 0.0303, Validation Loss: 0.0416
2025-11-15 04:59:00,567 - INFO - Epoch: 9, Training Loss: 0.0319, Validation Loss: 0.0370
2025-11-15 04:59:12,030 - INFO - Epoch: 10, Training Loss: 0.0289, Validation Loss: 0.0354
2025-11-15 04:59:12,033 - INFO -   → New best validation loss: 0.0354
2025-11-15 04:59:21,952 - INFO - Epoch: 11, Training Loss: 0.0267, Validation Loss: 0.0358
2025-11-15 04:59:32,110 - INFO - Epoch: 12, Training Loss: 0.0284, Validation Loss: 0.0361
2025-11-15 04:59:48,182 - INFO - Epoch: 13, Training Loss: 0.0295, Validation Loss: 0.0376
2025-11-15 05:00:02,232 - INFO - Epoch: 14, Training Loss: 0.0268, Validation Loss: 0.0360
2025-11-15 05:00:18,468 - INFO - Epoch: 15, Training Loss: 0.0270, Validation Loss: 0.0360
2025-11-15 05:00:31,315 - INFO - Epoch: 16, Training Loss: 0.0275, Validation Loss: 0.0395
2025-11-15 05:00:46,183 - INFO - Epoch: 17, Training Loss: 0.0265, Validation Loss: 0.0364
2025-11-15 05:00:59,151 - INFO - Epoch: 18, Training Loss: 0.0263, Validation Loss: 0.0359
2025-11-15 05:01:10,465 - INFO - Epoch: 19, Training Loss: 0.0264, Validation Loss: 0.0376
2025-11-15 05:01:27,171 - INFO - Epoch: 20, Training Loss: 0.0256, Validation Loss: 0.0346
2025-11-15 05:01:27,172 - INFO -   → New best validation loss: 0.0346
2025-11-15 05:01:40,969 - INFO - Epoch: 21, Training Loss: 0.0258, Validation Loss: 0.0350
2025-11-15 05:01:51,275 - INFO - Epoch: 22, Training Loss: 0.0260, Validation Loss: 0.0365
2025-11-15 05:02:06,363 - INFO - Epoch: 23, Training Loss: 0.0261, Validation Loss: 0.0347
2025-11-15 05:02:18,067 - INFO - Epoch: 24, Training Loss: 0.0265, Validation Loss: 0.0345
2025-11-15 05:02:18,067 - INFO -   → New best validation loss: 0.0345
2025-11-15 05:02:26,314 - INFO - Epoch: 25, Training Loss: 0.0260, Validation Loss: 0.0353
2025-11-15 05:02:39,961 - INFO - Epoch: 26, Training Loss: 0.0257, Validation Loss: 0.0364
2025-11-15 05:02:51,915 - INFO - Epoch: 27, Training Loss: 0.0256, Validation Loss: 0.0345
2025-11-15 05:02:51,916 - INFO -   → New best validation loss: 0.0345
2025-11-15 05:03:03,477 - INFO - Epoch: 28, Training Loss: 0.0253, Validation Loss: 0.0345
2025-11-15 05:03:03,480 - INFO -   → New best validation loss: 0.0345
2025-11-15 05:03:14,256 - INFO - Epoch: 29, Training Loss: 0.0256, Validation Loss: 0.0362
2025-11-15 05:03:25,551 - INFO - Epoch: 30, Training Loss: 0.0253, Validation Loss: 0.0352
2025-11-15 05:03:38,732 - INFO - Epoch: 31, Training Loss: 0.0253, Validation Loss: 0.0359
2025-11-15 05:03:49,967 - INFO - Epoch: 32, Training Loss: 0.0253, Validation Loss: 0.0376
2025-11-15 05:03:59,399 - INFO - Epoch: 33, Training Loss: 0.0253, Validation Loss: 0.0346
2025-11-15 05:04:11,190 - INFO - Epoch: 34, Training Loss: 0.0252, Validation Loss: 0.0350
2025-11-15 05:04:22,150 - INFO - Epoch: 35, Training Loss: 0.0250, Validation Loss: 0.0348
2025-11-15 05:04:35,087 - INFO - Epoch: 36, Training Loss: 0.0255, Validation Loss: 0.0344
2025-11-15 05:04:35,089 - INFO -   → New best validation loss: 0.0344
2025-11-15 05:04:48,669 - INFO - Epoch: 37, Training Loss: 0.0249, Validation Loss: 0.0385
2025-11-15 05:05:02,890 - INFO - Epoch: 38, Training Loss: 0.0253, Validation Loss: 0.0349
2025-11-15 05:05:12,251 - INFO - Epoch: 39, Training Loss: 0.0252, Validation Loss: 0.0345
2025-11-15 05:05:23,850 - INFO - Epoch: 40, Training Loss: 0.0255, Validation Loss: 0.0402
2025-11-15 05:05:39,600 - INFO - Epoch: 41, Training Loss: 0.0252, Validation Loss: 0.0348
2025-11-15 05:05:51,522 - INFO - Epoch: 42, Training Loss: 0.0253, Validation Loss: 0.0353
2025-11-15 05:06:02,756 - INFO - Epoch: 43, Training Loss: 0.0252, Validation Loss: 0.0344
2025-11-15 05:06:18,303 - INFO - Epoch: 44, Training Loss: 0.0254, Validation Loss: 0.0347
2025-11-15 05:06:30,490 - INFO - Epoch: 45, Training Loss: 0.0249, Validation Loss: 0.0344
2025-11-15 05:06:41,480 - INFO - Epoch: 46, Training Loss: 0.0246, Validation Loss: 0.0349
2025-11-15 05:06:54,032 - INFO - Epoch: 47, Training Loss: 0.0249, Validation Loss: 0.0357
2025-11-15 05:07:02,653 - INFO - Epoch: 48, Training Loss: 0.0253, Validation Loss: 0.0349
2025-11-15 05:07:15,123 - INFO - Epoch: 49, Training Loss: 0.0252, Validation Loss: 0.0347
2025-11-15 05:07:27,389 - INFO - Epoch: 50, Training Loss: 0.0251, Validation Loss: 0.0345
2025-11-15 05:07:38,925 - INFO - Epoch: 51, Training Loss: 0.0248, Validation Loss: 0.0361
2025-11-15 05:07:50,423 - INFO - Epoch: 52, Training Loss: 0.0251, Validation Loss: 0.0375
2025-11-15 05:08:01,519 - INFO - Epoch: 53, Training Loss: 0.0252, Validation Loss: 0.0351
2025-11-15 05:08:12,234 - INFO - Epoch: 54, Training Loss: 0.0249, Validation Loss: 0.0347
2025-11-15 05:08:26,491 - INFO - Epoch: 55, Training Loss: 0.0250, Validation Loss: 0.0346
2025-11-15 05:08:39,778 - INFO - Epoch: 56, Training Loss: 0.0249, Validation Loss: 0.0345
2025-11-15 05:08:39,778 - INFO - Early stopping triggered at epoch 56
2025-11-15 05:08:39,778 - INFO - Best validation loss: 0.0344
2025-11-15 05:08:39,782 - INFO - Restored best model weights
2025-11-15 05:08:39,782 - INFO - 
============================================================
2025-11-15 05:08:39,782 - INFO - EVALUATION RESULTS
2025-11-15 05:08:39,782 - INFO - ============================================================
2025-11-15 05:08:39,893 - INFO - Validation Set - MSE: 0.034525, MAE: 0.133291, RMSE: 0.185809, Pearson Correlation: -0.210259 (p=0.012332)
2025-11-15 05:08:40,056 - INFO - Test Set - MSE: 0.027514, MAE: 0.126704, RMSE: 0.165872, Pearson Correlation: -0.233336 (p=0.001774)
2025-11-15 05:08:40,056 - INFO - ============================================================

2025-11-15 05:08:40,057 - INFO - CV Fold 4 completed successfully
2025-11-15 05:08:40,057 - INFO - 
================================================================================
2025-11-15 05:08:40,057 - INFO - CROSS-VALIDATION SUMMARY - TRIAL 3
2025-11-15 05:08:40,057 - INFO - ================================================================================
2025-11-15 05:08:40,058 - INFO - Validation Set (Average across 5 CV folds):
2025-11-15 05:08:40,058 - INFO -   MSE: 0.029160 ± 0.010269
2025-11-15 05:08:40,058 - INFO -   MAE: 0.122578 ± 0.024583
2025-11-15 05:08:40,058 - INFO -   RMSE: 0.167143 ± 0.034969
2025-11-15 05:08:40,058 - INFO -   Pearson Correlation: 0.193209 ± 0.371971
2025-11-15 05:08:40,058 - INFO - 
Test Set (Average across 5 CV folds):
2025-11-15 05:08:40,058 - INFO -   MSE: 0.023594 ± 0.007172
2025-11-15 05:08:40,058 - INFO -   MAE: 0.109261 ± 0.017189
2025-11-15 05:08:40,059 - INFO -   RMSE: 0.151144 ± 0.027366
2025-11-15 05:08:40,059 - INFO -   Pearson Correlation: 0.153461 ± 0.412295
2025-11-15 05:08:40,059 - INFO - ================================================================================
2025-11-15 05:08:40,059 - INFO - ================================================================================
2025-11-15 05:08:40,059 - INFO - Trial 3 completed. End time: 2025-11-15 05:08:40
2025-11-15 05:08:40,059 - INFO - ================================================================================
