2025-11-15 10:44:23,776 - INFO - ================================================================================
2025-11-15 10:44:23,776 - INFO - TRIAL 9 - Task: RGS
2025-11-15 10:44:23,776 - INFO - Log file: ./logs/trial9_RGS_20251115_003538.log
2025-11-15 10:44:23,776 - INFO - Start time: 2025-11-15 10:44:23
2025-11-15 10:44:23,776 - INFO - ================================================================================
2025-11-15 10:44:23,776 - INFO - 
--------------------------------------------------------------------------------
2025-11-15 10:44:23,776 - INFO - CV Fold 0
2025-11-15 10:44:23,776 - INFO - --------------------------------------------------------------------------------
2025-11-15 10:44:23,784 - INFO - Loading dataset...
2025-11-15 10:44:23,907 - INFO - Dataset shapes - Train: (567, 17, 25, 1), Valid: (141, 17, 25, 1), Test: (177, 17, 25, 1)
2025-11-15 10:44:23,908 - INFO - Initializing VIGNet model...
2025-11-15 10:44:23,911 - INFO - Number of batch iterations per epoch: 113
2025-11-15 10:44:39,295 - INFO - Epoch: 1, Training Loss: 0.1715, Validation Loss: 0.1773
2025-11-15 10:44:39,296 - INFO -   → New best validation loss: 0.1773
2025-11-15 10:44:51,479 - INFO - Epoch: 2, Training Loss: 0.0813, Validation Loss: 0.0618
2025-11-15 10:44:51,481 - INFO -   → New best validation loss: 0.0618
2025-11-15 10:45:04,685 - INFO - Epoch: 3, Training Loss: 0.0263, Validation Loss: 0.0239
2025-11-15 10:45:04,687 - INFO -   → New best validation loss: 0.0239
2025-11-15 10:45:13,983 - INFO - Epoch: 4, Training Loss: 0.0257, Validation Loss: 0.0270
2025-11-15 10:45:25,080 - INFO - Epoch: 5, Training Loss: 0.0189, Validation Loss: 0.0185
2025-11-15 10:45:25,080 - INFO -   → New best validation loss: 0.0185
2025-11-15 10:45:37,104 - INFO - Epoch: 6, Training Loss: 0.0209, Validation Loss: 0.0328
2025-11-15 10:45:47,679 - INFO - Epoch: 7, Training Loss: 0.0193, Validation Loss: 0.0265
2025-11-15 10:45:58,908 - INFO - Epoch: 8, Training Loss: 0.0190, Validation Loss: 0.0210
2025-11-15 10:46:11,928 - INFO - Epoch: 9, Training Loss: 0.0162, Validation Loss: 0.0188
2025-11-15 10:46:22,988 - INFO - Epoch: 10, Training Loss: 0.0149, Validation Loss: 0.0202
2025-11-15 10:46:37,082 - INFO - Epoch: 11, Training Loss: 0.0153, Validation Loss: 0.0183
2025-11-15 10:46:37,083 - INFO -   → New best validation loss: 0.0183
2025-11-15 10:46:49,742 - INFO - Epoch: 12, Training Loss: 0.0157, Validation Loss: 0.0182
2025-11-15 10:46:49,744 - INFO -   → New best validation loss: 0.0182
2025-11-15 10:47:06,098 - INFO - Epoch: 13, Training Loss: 0.0149, Validation Loss: 0.0229
2025-11-15 10:47:18,690 - INFO - Epoch: 14, Training Loss: 0.0146, Validation Loss: 0.0202
2025-11-15 10:47:32,728 - INFO - Epoch: 15, Training Loss: 0.0145, Validation Loss: 0.0186
2025-11-15 10:47:43,006 - INFO - Epoch: 16, Training Loss: 0.0147, Validation Loss: 0.0208
2025-11-15 10:47:57,814 - INFO - Epoch: 17, Training Loss: 0.0139, Validation Loss: 0.0194
2025-11-15 10:48:11,629 - INFO - Epoch: 18, Training Loss: 0.0142, Validation Loss: 0.0190
2025-11-15 10:48:24,374 - INFO - Epoch: 19, Training Loss: 0.0146, Validation Loss: 0.0189
2025-11-15 10:48:35,502 - INFO - Epoch: 20, Training Loss: 0.0144, Validation Loss: 0.0208
2025-11-15 10:48:48,701 - INFO - Epoch: 21, Training Loss: 0.0145, Validation Loss: 0.0192
2025-11-15 10:48:59,052 - INFO - Epoch: 22, Training Loss: 0.0141, Validation Loss: 0.0193
2025-11-15 10:49:11,066 - INFO - Epoch: 23, Training Loss: 0.0138, Validation Loss: 0.0185
2025-11-15 10:49:23,341 - INFO - Epoch: 24, Training Loss: 0.0141, Validation Loss: 0.0187
2025-11-15 10:49:36,758 - INFO - Epoch: 25, Training Loss: 0.0138, Validation Loss: 0.0186
2025-11-15 10:49:46,477 - INFO - Epoch: 26, Training Loss: 0.0143, Validation Loss: 0.0199
2025-11-15 10:49:59,493 - INFO - Epoch: 27, Training Loss: 0.0138, Validation Loss: 0.0210
2025-11-15 10:50:14,649 - INFO - Epoch: 28, Training Loss: 0.0139, Validation Loss: 0.0193
2025-11-15 10:50:25,399 - INFO - Epoch: 29, Training Loss: 0.0138, Validation Loss: 0.0188
2025-11-15 10:50:37,888 - INFO - Epoch: 30, Training Loss: 0.0140, Validation Loss: 0.0183
2025-11-15 10:50:51,681 - INFO - Epoch: 31, Training Loss: 0.0142, Validation Loss: 0.0213
2025-11-15 10:51:06,125 - INFO - Epoch: 32, Training Loss: 0.0140, Validation Loss: 0.0193
2025-11-15 10:51:06,126 - INFO - Early stopping triggered at epoch 32
2025-11-15 10:51:06,126 - INFO - Best validation loss: 0.0182
2025-11-15 10:51:06,141 - INFO - Restored best model weights
2025-11-15 10:51:06,141 - INFO - 
============================================================
2025-11-15 10:51:06,141 - INFO - EVALUATION RESULTS
2025-11-15 10:51:06,141 - INFO - ============================================================
2025-11-15 10:51:06,292 - INFO - Validation Set - MSE: 0.020589, MAE: 0.102759, RMSE: 0.143490, Pearson Correlation: 0.647039 (p=0.000000)
2025-11-15 10:51:06,480 - INFO - Test Set - MSE: 0.016729, MAE: 0.085242, RMSE: 0.129340, Pearson Correlation: 0.658719 (p=0.000000)
2025-11-15 10:51:06,480 - INFO - ============================================================

2025-11-15 10:51:06,481 - INFO - CV Fold 0 completed successfully
2025-11-15 10:51:06,482 - INFO - 
--------------------------------------------------------------------------------
2025-11-15 10:51:06,482 - INFO - CV Fold 1
2025-11-15 10:51:06,482 - INFO - --------------------------------------------------------------------------------
2025-11-15 10:51:06,489 - INFO - Loading dataset...
2025-11-15 10:51:06,618 - INFO - Dataset shapes - Train: (567, 17, 25, 1), Valid: (141, 17, 25, 1), Test: (177, 17, 25, 1)
2025-11-15 10:51:06,620 - INFO - Initializing VIGNet model...
2025-11-15 10:51:06,623 - INFO - Number of batch iterations per epoch: 113
2025-11-15 10:51:21,944 - INFO - Epoch: 1, Training Loss: 0.1922, Validation Loss: 0.1809
2025-11-15 10:51:21,945 - INFO -   → New best validation loss: 0.1809
2025-11-15 10:51:35,107 - INFO - Epoch: 2, Training Loss: 0.1150, Validation Loss: 0.0828
2025-11-15 10:51:35,108 - INFO -   → New best validation loss: 0.0828
2025-11-15 10:51:46,936 - INFO - Epoch: 3, Training Loss: 0.0338, Validation Loss: 0.0181
2025-11-15 10:51:46,937 - INFO -   → New best validation loss: 0.0181
2025-11-15 10:51:58,894 - INFO - Epoch: 4, Training Loss: 0.0190, Validation Loss: 0.0184
2025-11-15 10:52:11,015 - INFO - Epoch: 5, Training Loss: 0.0182, Validation Loss: 0.0193
2025-11-15 10:52:21,037 - INFO - Epoch: 6, Training Loss: 0.0177, Validation Loss: 0.0177
2025-11-15 10:52:21,038 - INFO -   → New best validation loss: 0.0177
2025-11-15 10:52:33,473 - INFO - Epoch: 7, Training Loss: 0.0171, Validation Loss: 0.0190
2025-11-15 10:52:46,323 - INFO - Epoch: 8, Training Loss: 0.0170, Validation Loss: 0.0175
2025-11-15 10:52:46,327 - INFO -   → New best validation loss: 0.0175
2025-11-15 10:52:59,090 - INFO - Epoch: 9, Training Loss: 0.0176, Validation Loss: 0.0200
2025-11-15 10:53:11,010 - INFO - Epoch: 10, Training Loss: 0.0166, Validation Loss: 0.0161
2025-11-15 10:53:11,010 - INFO -   → New best validation loss: 0.0161
2025-11-15 10:53:23,177 - INFO - Epoch: 11, Training Loss: 0.0161, Validation Loss: 0.0170
2025-11-15 10:53:36,943 - INFO - Epoch: 12, Training Loss: 0.0164, Validation Loss: 0.0175
2025-11-15 10:53:51,050 - INFO - Epoch: 13, Training Loss: 0.0156, Validation Loss: 0.0164
2025-11-15 10:54:04,861 - INFO - Epoch: 14, Training Loss: 0.0162, Validation Loss: 0.0166
2025-11-15 10:54:18,006 - INFO - Epoch: 15, Training Loss: 0.0158, Validation Loss: 0.0168
2025-11-15 10:54:31,095 - INFO - Epoch: 16, Training Loss: 0.0163, Validation Loss: 0.0165
2025-11-15 10:54:43,419 - INFO - Epoch: 17, Training Loss: 0.0160, Validation Loss: 0.0169
2025-11-15 10:55:00,722 - INFO - Epoch: 18, Training Loss: 0.0158, Validation Loss: 0.0168
2025-11-15 10:55:10,528 - INFO - Epoch: 19, Training Loss: 0.0162, Validation Loss: 0.0179
2025-11-15 10:55:24,084 - INFO - Epoch: 20, Training Loss: 0.0159, Validation Loss: 0.0166
2025-11-15 10:55:34,650 - INFO - Epoch: 21, Training Loss: 0.0159, Validation Loss: 0.0170
2025-11-15 10:55:44,664 - INFO - Epoch: 22, Training Loss: 0.0159, Validation Loss: 0.0162
2025-11-15 10:55:56,773 - INFO - Epoch: 23, Training Loss: 0.0162, Validation Loss: 0.0170
2025-11-15 10:56:08,610 - INFO - Epoch: 24, Training Loss: 0.0161, Validation Loss: 0.0185
2025-11-15 10:56:21,943 - INFO - Epoch: 25, Training Loss: 0.0160, Validation Loss: 0.0162
2025-11-15 10:56:35,107 - INFO - Epoch: 26, Training Loss: 0.0159, Validation Loss: 0.0165
2025-11-15 10:56:50,596 - INFO - Epoch: 27, Training Loss: 0.0158, Validation Loss: 0.0170
2025-11-15 10:57:01,079 - INFO - Epoch: 28, Training Loss: 0.0160, Validation Loss: 0.0166
2025-11-15 10:57:15,348 - INFO - Epoch: 29, Training Loss: 0.0158, Validation Loss: 0.0163
2025-11-15 10:57:28,878 - INFO - Epoch: 30, Training Loss: 0.0160, Validation Loss: 0.0195
2025-11-15 10:57:28,879 - INFO - Early stopping triggered at epoch 30
2025-11-15 10:57:28,879 - INFO - Best validation loss: 0.0161
2025-11-15 10:57:28,893 - INFO - Restored best model weights
2025-11-15 10:57:28,894 - INFO - 
============================================================
2025-11-15 10:57:28,894 - INFO - EVALUATION RESULTS
2025-11-15 10:57:28,894 - INFO - ============================================================
2025-11-15 10:57:29,108 - INFO - Validation Set - MSE: 0.019389, MAE: 0.100708, RMSE: 0.139246, Pearson Correlation: 0.380654 (p=0.000003)
2025-11-15 10:57:29,309 - INFO - Test Set - MSE: 0.011005, MAE: 0.080887, RMSE: 0.104906, Pearson Correlation: 0.291327 (p=0.000084)
2025-11-15 10:57:29,309 - INFO - ============================================================

2025-11-15 10:57:29,310 - INFO - CV Fold 1 completed successfully
2025-11-15 10:57:29,311 - INFO - 
--------------------------------------------------------------------------------
2025-11-15 10:57:29,311 - INFO - CV Fold 2
2025-11-15 10:57:29,311 - INFO - --------------------------------------------------------------------------------
2025-11-15 10:57:29,318 - INFO - Loading dataset...
2025-11-15 10:57:29,435 - INFO - Dataset shapes - Train: (567, 17, 25, 1), Valid: (141, 17, 25, 1), Test: (177, 17, 25, 1)
2025-11-15 10:57:29,437 - INFO - Initializing VIGNet model...
2025-11-15 10:57:29,440 - INFO - Number of batch iterations per epoch: 113
2025-11-15 10:57:41,399 - INFO - Epoch: 1, Training Loss: 0.1751, Validation Loss: 0.1397
2025-11-15 10:57:41,399 - INFO -   → New best validation loss: 0.1397
2025-11-15 10:57:54,237 - INFO - Epoch: 2, Training Loss: 0.0727, Validation Loss: 0.0218
2025-11-15 10:57:54,237 - INFO -   → New best validation loss: 0.0218
2025-11-15 10:58:06,056 - INFO - Epoch: 3, Training Loss: 0.0201, Validation Loss: 0.0217
2025-11-15 10:58:06,060 - INFO -   → New best validation loss: 0.0217
2025-11-15 10:58:22,582 - INFO - Epoch: 4, Training Loss: 0.0188, Validation Loss: 0.0162
2025-11-15 10:58:22,584 - INFO -   → New best validation loss: 0.0162
2025-11-15 10:58:36,210 - INFO - Epoch: 5, Training Loss: 0.0169, Validation Loss: 0.0158
2025-11-15 10:58:36,210 - INFO -   → New best validation loss: 0.0158
2025-11-15 10:58:48,434 - INFO - Epoch: 6, Training Loss: 0.0171, Validation Loss: 0.0162
2025-11-15 10:59:00,421 - INFO - Epoch: 7, Training Loss: 0.0161, Validation Loss: 0.0163
2025-11-15 10:59:11,397 - INFO - Epoch: 8, Training Loss: 0.0153, Validation Loss: 0.0151
2025-11-15 10:59:11,398 - INFO -   → New best validation loss: 0.0151
2025-11-15 10:59:22,943 - INFO - Epoch: 9, Training Loss: 0.0168, Validation Loss: 0.0177
2025-11-15 10:59:35,970 - INFO - Epoch: 10, Training Loss: 0.0151, Validation Loss: 0.0158
2025-11-15 10:59:47,533 - INFO - Epoch: 11, Training Loss: 0.0152, Validation Loss: 0.0174
2025-11-15 11:00:00,020 - INFO - Epoch: 12, Training Loss: 0.0146, Validation Loss: 0.0161
2025-11-15 11:00:15,771 - INFO - Epoch: 13, Training Loss: 0.0156, Validation Loss: 0.0154
2025-11-15 11:00:28,483 - INFO - Epoch: 14, Training Loss: 0.0151, Validation Loss: 0.0157
2025-11-15 11:00:42,875 - INFO - Epoch: 15, Training Loss: 0.0145, Validation Loss: 0.0153
2025-11-15 11:00:54,666 - INFO - Epoch: 16, Training Loss: 0.0146, Validation Loss: 0.0157
2025-11-15 11:01:11,378 - INFO - Epoch: 17, Training Loss: 0.0148, Validation Loss: 0.0152
2025-11-15 11:01:22,007 - INFO - Epoch: 18, Training Loss: 0.0147, Validation Loss: 0.0154
2025-11-15 11:01:33,509 - INFO - Epoch: 19, Training Loss: 0.0146, Validation Loss: 0.0161
2025-11-15 11:01:48,009 - INFO - Epoch: 20, Training Loss: 0.0145, Validation Loss: 0.0153
2025-11-15 11:01:59,078 - INFO - Epoch: 21, Training Loss: 0.0145, Validation Loss: 0.0152
2025-11-15 11:02:11,494 - INFO - Epoch: 22, Training Loss: 0.0145, Validation Loss: 0.0156
2025-11-15 11:02:22,411 - INFO - Epoch: 23, Training Loss: 0.0142, Validation Loss: 0.0160
2025-11-15 11:02:33,330 - INFO - Epoch: 24, Training Loss: 0.0145, Validation Loss: 0.0156
2025-11-15 11:02:49,410 - INFO - Epoch: 25, Training Loss: 0.0141, Validation Loss: 0.0152
2025-11-15 11:03:03,152 - INFO - Epoch: 26, Training Loss: 0.0147, Validation Loss: 0.0155
2025-11-15 11:03:17,942 - INFO - Epoch: 27, Training Loss: 0.0146, Validation Loss: 0.0152
2025-11-15 11:03:29,161 - INFO - Epoch: 28, Training Loss: 0.0144, Validation Loss: 0.0152
2025-11-15 11:03:29,162 - INFO - Early stopping triggered at epoch 28
2025-11-15 11:03:29,162 - INFO - Best validation loss: 0.0151
2025-11-15 11:03:29,165 - INFO - Restored best model weights
2025-11-15 11:03:29,165 - INFO - 
============================================================
2025-11-15 11:03:29,165 - INFO - EVALUATION RESULTS
2025-11-15 11:03:29,165 - INFO - ============================================================
2025-11-15 11:03:29,208 - INFO - Validation Set - MSE: 0.015005, MAE: 0.092302, RMSE: 0.122494, Pearson Correlation: 0.418089 (p=0.000000)
2025-11-15 11:03:29,250 - INFO - Test Set - MSE: 0.017921, MAE: 0.097352, RMSE: 0.133871, Pearson Correlation: 0.341955 (p=0.000003)
2025-11-15 11:03:29,250 - INFO - ============================================================

2025-11-15 11:03:29,251 - INFO - CV Fold 2 completed successfully
2025-11-15 11:03:29,251 - INFO - 
--------------------------------------------------------------------------------
2025-11-15 11:03:29,251 - INFO - CV Fold 3
2025-11-15 11:03:29,251 - INFO - --------------------------------------------------------------------------------
2025-11-15 11:03:29,253 - INFO - Loading dataset...
2025-11-15 11:03:29,340 - INFO - Dataset shapes - Train: (567, 17, 25, 1), Valid: (141, 17, 25, 1), Test: (177, 17, 25, 1)
2025-11-15 11:03:29,342 - INFO - Initializing VIGNet model...
2025-11-15 11:03:29,345 - INFO - Number of batch iterations per epoch: 113
2025-11-15 11:03:38,153 - INFO - Epoch: 1, Training Loss: 0.1871, Validation Loss: 0.1520
2025-11-15 11:03:38,155 - INFO -   → New best validation loss: 0.1520
2025-11-15 11:03:51,674 - INFO - Epoch: 2, Training Loss: 0.1008, Validation Loss: 0.0544
2025-11-15 11:03:51,675 - INFO -   → New best validation loss: 0.0544
2025-11-15 11:04:03,393 - INFO - Epoch: 3, Training Loss: 0.0266, Validation Loss: 0.0199
2025-11-15 11:04:03,394 - INFO -   → New best validation loss: 0.0199
2025-11-15 11:04:13,677 - INFO - Epoch: 4, Training Loss: 0.0214, Validation Loss: 0.0188
2025-11-15 11:04:13,679 - INFO -   → New best validation loss: 0.0188
2025-11-15 11:04:23,726 - INFO - Epoch: 5, Training Loss: 0.0195, Validation Loss: 0.0141
2025-11-15 11:04:23,727 - INFO -   → New best validation loss: 0.0141
2025-11-15 11:04:36,108 - INFO - Epoch: 6, Training Loss: 0.0178, Validation Loss: 0.0165
2025-11-15 11:04:50,268 - INFO - Epoch: 7, Training Loss: 0.0161, Validation Loss: 0.0158
2025-11-15 11:05:05,273 - INFO - Epoch: 8, Training Loss: 0.0172, Validation Loss: 0.0185
2025-11-15 11:05:20,052 - INFO - Epoch: 9, Training Loss: 0.0167, Validation Loss: 0.0139
2025-11-15 11:05:20,052 - INFO -   → New best validation loss: 0.0139
2025-11-15 11:05:33,526 - INFO - Epoch: 10, Training Loss: 0.0163, Validation Loss: 0.0137
2025-11-15 11:05:33,528 - INFO -   → New best validation loss: 0.0137
2025-11-15 11:05:45,598 - INFO - Epoch: 11, Training Loss: 0.0158, Validation Loss: 0.0148
2025-11-15 11:05:59,255 - INFO - Epoch: 12, Training Loss: 0.0158, Validation Loss: 0.0150
2025-11-15 11:06:08,500 - INFO - Epoch: 13, Training Loss: 0.0161, Validation Loss: 0.0153
2025-11-15 11:06:22,719 - INFO - Epoch: 14, Training Loss: 0.0159, Validation Loss: 0.0179
2025-11-15 11:06:37,257 - INFO - Epoch: 15, Training Loss: 0.0167, Validation Loss: 0.0140
2025-11-15 11:06:50,808 - INFO - Epoch: 16, Training Loss: 0.0155, Validation Loss: 0.0137
2025-11-15 11:07:01,506 - INFO - Epoch: 17, Training Loss: 0.0158, Validation Loss: 0.0137
2025-11-15 11:07:11,765 - INFO - Epoch: 18, Training Loss: 0.0163, Validation Loss: 0.0138
2025-11-15 11:07:24,223 - INFO - Epoch: 19, Training Loss: 0.0160, Validation Loss: 0.0136
2025-11-15 11:07:24,224 - INFO -   → New best validation loss: 0.0136
2025-11-15 11:07:37,836 - INFO - Epoch: 20, Training Loss: 0.0156, Validation Loss: 0.0154
2025-11-15 11:07:51,294 - INFO - Epoch: 21, Training Loss: 0.0155, Validation Loss: 0.0142
2025-11-15 11:08:03,070 - INFO - Epoch: 22, Training Loss: 0.0163, Validation Loss: 0.0140
2025-11-15 11:08:15,156 - INFO - Epoch: 23, Training Loss: 0.0160, Validation Loss: 0.0137
2025-11-15 11:08:27,707 - INFO - Epoch: 24, Training Loss: 0.0158, Validation Loss: 0.0137
2025-11-15 11:08:38,365 - INFO - Epoch: 25, Training Loss: 0.0156, Validation Loss: 0.0137
2025-11-15 11:08:51,007 - INFO - Epoch: 26, Training Loss: 0.0158, Validation Loss: 0.0138
2025-11-15 11:09:05,037 - INFO - Epoch: 27, Training Loss: 0.0157, Validation Loss: 0.0138
2025-11-15 11:09:15,247 - INFO - Epoch: 28, Training Loss: 0.0160, Validation Loss: 0.0141
2025-11-15 11:09:28,478 - INFO - Epoch: 29, Training Loss: 0.0158, Validation Loss: 0.0138
2025-11-15 11:09:38,976 - INFO - Epoch: 30, Training Loss: 0.0155, Validation Loss: 0.0137
2025-11-15 11:09:53,199 - INFO - Epoch: 31, Training Loss: 0.0156, Validation Loss: 0.0144
2025-11-15 11:10:05,708 - INFO - Epoch: 32, Training Loss: 0.0158, Validation Loss: 0.0140
2025-11-15 11:10:18,623 - INFO - Epoch: 33, Training Loss: 0.0158, Validation Loss: 0.0137
2025-11-15 11:10:29,820 - INFO - Epoch: 34, Training Loss: 0.0156, Validation Loss: 0.0139
2025-11-15 11:10:40,928 - INFO - Epoch: 35, Training Loss: 0.0154, Validation Loss: 0.0137
2025-11-15 11:10:52,385 - INFO - Epoch: 36, Training Loss: 0.0153, Validation Loss: 0.0144
2025-11-15 11:11:08,561 - INFO - Epoch: 37, Training Loss: 0.0153, Validation Loss: 0.0138
2025-11-15 11:11:24,256 - INFO - Epoch: 38, Training Loss: 0.0157, Validation Loss: 0.0139
2025-11-15 11:11:36,140 - INFO - Epoch: 39, Training Loss: 0.0157, Validation Loss: 0.0141
2025-11-15 11:11:36,140 - INFO - Early stopping triggered at epoch 39
2025-11-15 11:11:36,140 - INFO - Best validation loss: 0.0136
2025-11-15 11:11:36,144 - INFO - Restored best model weights
2025-11-15 11:11:36,144 - INFO - 
============================================================
2025-11-15 11:11:36,144 - INFO - EVALUATION RESULTS
2025-11-15 11:11:36,144 - INFO - ============================================================
2025-11-15 11:11:36,188 - INFO - Validation Set - MSE: 0.014123, MAE: 0.084448, RMSE: 0.118841, Pearson Correlation: 0.490168 (p=0.000000)
2025-11-15 11:11:36,232 - INFO - Test Set - MSE: 0.015103, MAE: 0.103913, RMSE: 0.122895, Pearson Correlation: 0.394312 (p=0.000000)
2025-11-15 11:11:36,232 - INFO - ============================================================

2025-11-15 11:11:36,232 - INFO - CV Fold 3 completed successfully
2025-11-15 11:11:36,232 - INFO - 
--------------------------------------------------------------------------------
2025-11-15 11:11:36,232 - INFO - CV Fold 4
2025-11-15 11:11:36,232 - INFO - --------------------------------------------------------------------------------
2025-11-15 11:11:36,234 - INFO - Loading dataset...
2025-11-15 11:11:36,322 - INFO - Dataset shapes - Train: (567, 17, 25, 1), Valid: (141, 17, 25, 1), Test: (177, 17, 25, 1)
2025-11-15 11:11:36,323 - INFO - Initializing VIGNet model...
2025-11-15 11:11:36,326 - INFO - Number of batch iterations per epoch: 113
2025-11-15 11:11:49,746 - INFO - Epoch: 1, Training Loss: 0.1896, Validation Loss: 0.1727
2025-11-15 11:11:49,746 - INFO -   → New best validation loss: 0.1727
2025-11-15 11:12:00,210 - INFO - Epoch: 2, Training Loss: 0.1198, Validation Loss: 0.0844
2025-11-15 11:12:00,211 - INFO -   → New best validation loss: 0.0844
2025-11-15 11:12:09,849 - INFO - Epoch: 3, Training Loss: 0.0375, Validation Loss: 0.0190
2025-11-15 11:12:09,850 - INFO -   → New best validation loss: 0.0190
2025-11-15 11:12:26,658 - INFO - Epoch: 4, Training Loss: 0.0162, Validation Loss: 0.0170
2025-11-15 11:12:26,658 - INFO -   → New best validation loss: 0.0170
2025-11-15 11:12:36,958 - INFO - Epoch: 5, Training Loss: 0.0158, Validation Loss: 0.0188
2025-11-15 11:12:49,261 - INFO - Epoch: 6, Training Loss: 0.0153, Validation Loss: 0.0164
2025-11-15 11:12:49,265 - INFO -   → New best validation loss: 0.0164
2025-11-15 11:13:02,773 - INFO - Epoch: 7, Training Loss: 0.0155, Validation Loss: 0.0187
2025-11-15 11:13:14,977 - INFO - Epoch: 8, Training Loss: 0.0141, Validation Loss: 0.0164
2025-11-15 11:13:25,912 - INFO - Epoch: 9, Training Loss: 0.0144, Validation Loss: 0.0211
2025-11-15 11:13:38,510 - INFO - Epoch: 10, Training Loss: 0.0145, Validation Loss: 0.0177
2025-11-15 11:13:49,946 - INFO - Epoch: 11, Training Loss: 0.0142, Validation Loss: 0.0165
2025-11-15 11:14:01,968 - INFO - Epoch: 12, Training Loss: 0.0145, Validation Loss: 0.0166
2025-11-15 11:14:12,342 - INFO - Epoch: 13, Training Loss: 0.0145, Validation Loss: 0.0169
2025-11-15 11:14:25,472 - INFO - Epoch: 14, Training Loss: 0.0143, Validation Loss: 0.0166
2025-11-15 11:14:36,811 - INFO - Epoch: 15, Training Loss: 0.0140, Validation Loss: 0.0169
2025-11-15 11:14:50,518 - INFO - Epoch: 16, Training Loss: 0.0146, Validation Loss: 0.0167
2025-11-15 11:15:02,722 - INFO - Epoch: 17, Training Loss: 0.0143, Validation Loss: 0.0169
2025-11-15 11:15:11,526 - INFO - Epoch: 18, Training Loss: 0.0141, Validation Loss: 0.0168
2025-11-15 11:15:22,959 - INFO - Epoch: 19, Training Loss: 0.0140, Validation Loss: 0.0164
2025-11-15 11:15:33,170 - INFO - Epoch: 20, Training Loss: 0.0140, Validation Loss: 0.0164
2025-11-15 11:15:33,171 - INFO -   → New best validation loss: 0.0164
2025-11-15 11:15:48,151 - INFO - Epoch: 21, Training Loss: 0.0140, Validation Loss: 0.0169
2025-11-15 11:15:58,813 - INFO - Epoch: 22, Training Loss: 0.0141, Validation Loss: 0.0164
2025-11-15 11:16:08,052 - INFO - Epoch: 23, Training Loss: 0.0141, Validation Loss: 0.0166
2025-11-15 11:16:20,059 - INFO - Epoch: 24, Training Loss: 0.0139, Validation Loss: 0.0172
2025-11-15 11:16:32,308 - INFO - Epoch: 25, Training Loss: 0.0143, Validation Loss: 0.0165
2025-11-15 11:16:46,282 - INFO - Epoch: 26, Training Loss: 0.0141, Validation Loss: 0.0165
2025-11-15 11:16:58,948 - INFO - Epoch: 27, Training Loss: 0.0140, Validation Loss: 0.0163
2025-11-15 11:16:58,948 - INFO -   → New best validation loss: 0.0163
2025-11-15 11:17:08,016 - INFO - Epoch: 28, Training Loss: 0.0142, Validation Loss: 0.0166
2025-11-15 11:17:18,624 - INFO - Epoch: 29, Training Loss: 0.0141, Validation Loss: 0.0165
2025-11-15 11:17:30,945 - INFO - Epoch: 30, Training Loss: 0.0141, Validation Loss: 0.0165
2025-11-15 11:17:41,676 - INFO - Epoch: 31, Training Loss: 0.0141, Validation Loss: 0.0166
2025-11-15 11:17:51,428 - INFO - Epoch: 32, Training Loss: 0.0143, Validation Loss: 0.0170
2025-11-15 11:18:02,468 - INFO - Epoch: 33, Training Loss: 0.0140, Validation Loss: 0.0173
2025-11-15 11:18:15,761 - INFO - Epoch: 34, Training Loss: 0.0140, Validation Loss: 0.0167
2025-11-15 11:18:25,958 - INFO - Epoch: 35, Training Loss: 0.0137, Validation Loss: 0.0168
2025-11-15 11:18:35,388 - INFO - Epoch: 36, Training Loss: 0.0140, Validation Loss: 0.0165
2025-11-15 11:18:47,115 - INFO - Epoch: 37, Training Loss: 0.0141, Validation Loss: 0.0173
2025-11-15 11:18:58,934 - INFO - Epoch: 38, Training Loss: 0.0142, Validation Loss: 0.0171
2025-11-15 11:19:08,997 - INFO - Epoch: 39, Training Loss: 0.0139, Validation Loss: 0.0176
2025-11-15 11:19:20,381 - INFO - Epoch: 40, Training Loss: 0.0140, Validation Loss: 0.0168
2025-11-15 11:19:31,298 - INFO - Epoch: 41, Training Loss: 0.0139, Validation Loss: 0.0165
2025-11-15 11:19:42,893 - INFO - Epoch: 42, Training Loss: 0.0139, Validation Loss: 0.0167
2025-11-15 11:19:54,748 - INFO - Epoch: 43, Training Loss: 0.0139, Validation Loss: 0.0166
2025-11-15 11:20:09,576 - INFO - Epoch: 44, Training Loss: 0.0136, Validation Loss: 0.0170
2025-11-15 11:20:22,095 - INFO - Epoch: 45, Training Loss: 0.0141, Validation Loss: 0.0165
2025-11-15 11:20:36,140 - INFO - Epoch: 46, Training Loss: 0.0140, Validation Loss: 0.0165
2025-11-15 11:20:48,561 - INFO - Epoch: 47, Training Loss: 0.0141, Validation Loss: 0.0164
2025-11-15 11:20:48,561 - INFO - Early stopping triggered at epoch 47
2025-11-15 11:20:48,561 - INFO - Best validation loss: 0.0163
2025-11-15 11:20:48,575 - INFO - Restored best model weights
2025-11-15 11:20:48,575 - INFO - 
============================================================
2025-11-15 11:20:48,575 - INFO - EVALUATION RESULTS
2025-11-15 11:20:48,575 - INFO - ============================================================
2025-11-15 11:20:48,696 - INFO - Validation Set - MSE: 0.016588, MAE: 0.094734, RMSE: 0.128794, Pearson Correlation: 0.444051 (p=0.000000)
2025-11-15 11:20:48,739 - INFO - Test Set - MSE: 0.016695, MAE: 0.096420, RMSE: 0.129210, Pearson Correlation: 0.349854 (p=0.000002)
2025-11-15 11:20:48,739 - INFO - ============================================================

2025-11-15 11:20:48,739 - INFO - CV Fold 4 completed successfully
2025-11-15 11:20:48,739 - INFO - 
================================================================================
2025-11-15 11:20:48,739 - INFO - CROSS-VALIDATION SUMMARY - TRIAL 9
2025-11-15 11:20:48,739 - INFO - ================================================================================
2025-11-15 11:20:48,739 - INFO - Validation Set (Average across 5 CV folds):
2025-11-15 11:20:48,739 - INFO -   MSE: 0.017139 ± 0.002487
2025-11-15 11:20:48,740 - INFO -   MAE: 0.094990 ± 0.006503
2025-11-15 11:20:48,740 - INFO -   RMSE: 0.130573 ± 0.009467
2025-11-15 11:20:48,740 - INFO -   Pearson Correlation: 0.476000 ± 0.092650
2025-11-15 11:20:48,740 - INFO - 
Test Set (Average across 5 CV folds):
2025-11-15 11:20:48,740 - INFO -   MSE: 0.015491 ± 0.002415
2025-11-15 11:20:48,740 - INFO -   MAE: 0.092763 ± 0.008442
2025-11-15 11:20:48,740 - INFO -   RMSE: 0.124044 ± 0.010187
2025-11-15 11:20:48,740 - INFO -   Pearson Correlation: 0.407233 ± 0.129923
2025-11-15 11:20:48,740 - INFO - ================================================================================
2025-11-15 11:20:48,740 - INFO - ================================================================================
2025-11-15 11:20:48,740 - INFO - Trial 9 completed. End time: 2025-11-15 11:20:48
2025-11-15 11:20:48,740 - INFO - ================================================================================
