2025-11-15 02:46:07,905 - INFO - ================================================================================
2025-11-15 02:46:07,905 - INFO - TRIAL 2 - Task: RGS
2025-11-15 02:46:07,905 - INFO - Log file: ./logs/trial2_RGS_20251115_003538.log
2025-11-15 02:46:07,905 - INFO - Start time: 2025-11-15 02:46:07
2025-11-15 02:46:07,905 - INFO - ================================================================================
2025-11-15 02:46:07,905 - INFO - 
--------------------------------------------------------------------------------
2025-11-15 02:46:07,905 - INFO - CV Fold 0
2025-11-15 02:46:07,905 - INFO - --------------------------------------------------------------------------------
2025-11-15 02:46:07,907 - INFO - Loading dataset...
2025-11-15 02:46:07,993 - INFO - Dataset shapes - Train: (567, 17, 25, 1), Valid: (141, 17, 25, 1), Test: (177, 17, 25, 1)
2025-11-15 02:46:07,995 - INFO - Initializing VIGNet model...
2025-11-15 02:46:07,998 - INFO - Number of batch iterations per epoch: 113
2025-11-15 02:46:18,639 - INFO - Epoch: 1, Training Loss: 0.0924, Validation Loss: 0.0694
2025-11-15 02:46:18,640 - INFO -   → New best validation loss: 0.0694
2025-11-15 02:46:32,484 - INFO - Epoch: 2, Training Loss: 0.0513, Validation Loss: 0.0355
2025-11-15 02:46:32,486 - INFO -   → New best validation loss: 0.0355
2025-11-15 02:46:43,033 - INFO - Epoch: 3, Training Loss: 0.0299, Validation Loss: 0.0251
2025-11-15 02:46:43,034 - INFO -   → New best validation loss: 0.0251
2025-11-15 02:46:54,057 - INFO - Epoch: 4, Training Loss: 0.0271, Validation Loss: 0.0250
2025-11-15 02:46:54,061 - INFO -   → New best validation loss: 0.0250
2025-11-15 02:47:06,309 - INFO - Epoch: 5, Training Loss: 0.0266, Validation Loss: 0.0267
2025-11-15 02:47:20,255 - INFO - Epoch: 6, Training Loss: 0.0269, Validation Loss: 0.0269
2025-11-15 02:47:34,701 - INFO - Epoch: 7, Training Loss: 0.0258, Validation Loss: 0.0257
2025-11-15 02:47:45,467 - INFO - Epoch: 8, Training Loss: 0.0267, Validation Loss: 0.0255
2025-11-15 02:47:54,317 - INFO - Epoch: 9, Training Loss: 0.0264, Validation Loss: 0.0252
2025-11-15 02:48:06,514 - INFO - Epoch: 10, Training Loss: 0.0262, Validation Loss: 0.0259
2025-11-15 02:48:19,377 - INFO - Epoch: 11, Training Loss: 0.0271, Validation Loss: 0.0251
2025-11-15 02:48:30,295 - INFO - Epoch: 12, Training Loss: 0.0269, Validation Loss: 0.0251
2025-11-15 02:48:44,451 - INFO - Epoch: 13, Training Loss: 0.0264, Validation Loss: 0.0254
2025-11-15 02:48:55,953 - INFO - Epoch: 14, Training Loss: 0.0267, Validation Loss: 0.0259
2025-11-15 02:49:07,749 - INFO - Epoch: 15, Training Loss: 0.0262, Validation Loss: 0.0251
2025-11-15 02:49:19,009 - INFO - Epoch: 16, Training Loss: 0.0267, Validation Loss: 0.0257
2025-11-15 02:49:30,912 - INFO - Epoch: 17, Training Loss: 0.0263, Validation Loss: 0.0253
2025-11-15 02:49:43,633 - INFO - Epoch: 18, Training Loss: 0.0267, Validation Loss: 0.0266
2025-11-15 02:49:55,781 - INFO - Epoch: 19, Training Loss: 0.0260, Validation Loss: 0.0254
2025-11-15 02:50:11,026 - INFO - Epoch: 20, Training Loss: 0.0259, Validation Loss: 0.0252
2025-11-15 02:50:22,210 - INFO - Epoch: 21, Training Loss: 0.0263, Validation Loss: 0.0257
2025-11-15 02:50:33,142 - INFO - Epoch: 22, Training Loss: 0.0262, Validation Loss: 0.0253
2025-11-15 02:50:45,776 - INFO - Epoch: 23, Training Loss: 0.0262, Validation Loss: 0.0252
2025-11-15 02:50:58,208 - INFO - Epoch: 24, Training Loss: 0.0262, Validation Loss: 0.0254
2025-11-15 02:50:58,209 - INFO - Early stopping triggered at epoch 24
2025-11-15 02:50:58,209 - INFO - Best validation loss: 0.0250
2025-11-15 02:50:58,219 - INFO - Restored best model weights
2025-11-15 02:50:58,219 - INFO - 
============================================================
2025-11-15 02:50:58,219 - INFO - EVALUATION RESULTS
2025-11-15 02:50:58,219 - INFO - ============================================================
2025-11-15 02:50:58,390 - INFO - Validation Set - MSE: 0.025506, MAE: 0.102045, RMSE: 0.159706, Pearson Correlation: 0.035829 (p=0.673177)
2025-11-15 02:50:58,590 - INFO - Test Set - MSE: 0.031118, MAE: 0.105440, RMSE: 0.176402, Pearson Correlation: 0.144720 (p=0.054624)
2025-11-15 02:50:58,590 - INFO - ============================================================

2025-11-15 02:50:58,591 - INFO - CV Fold 0 completed successfully
2025-11-15 02:50:58,592 - INFO - 
--------------------------------------------------------------------------------
2025-11-15 02:50:58,592 - INFO - CV Fold 1
2025-11-15 02:50:58,592 - INFO - --------------------------------------------------------------------------------
2025-11-15 02:50:58,599 - INFO - Loading dataset...
2025-11-15 02:50:58,728 - INFO - Dataset shapes - Train: (567, 17, 25, 1), Valid: (141, 17, 25, 1), Test: (177, 17, 25, 1)
2025-11-15 02:50:58,730 - INFO - Initializing VIGNet model...
2025-11-15 02:50:58,733 - INFO - Number of batch iterations per epoch: 113
2025-11-15 02:51:13,961 - INFO - Epoch: 1, Training Loss: 0.0832, Validation Loss: 0.0657
2025-11-15 02:51:13,961 - INFO -   → New best validation loss: 0.0657
2025-11-15 02:51:24,649 - INFO - Epoch: 2, Training Loss: 0.0378, Validation Loss: 0.0279
2025-11-15 02:51:24,650 - INFO -   → New best validation loss: 0.0279
2025-11-15 02:51:36,670 - INFO - Epoch: 3, Training Loss: 0.0253, Validation Loss: 0.0300
2025-11-15 02:51:48,749 - INFO - Epoch: 4, Training Loss: 0.0254, Validation Loss: 0.0276
2025-11-15 02:51:48,750 - INFO -   → New best validation loss: 0.0276
2025-11-15 02:52:01,434 - INFO - Epoch: 5, Training Loss: 0.0261, Validation Loss: 0.0277
2025-11-15 02:52:12,382 - INFO - Epoch: 6, Training Loss: 0.0252, Validation Loss: 0.0302
2025-11-15 02:52:23,136 - INFO - Epoch: 7, Training Loss: 0.0259, Validation Loss: 0.0290
2025-11-15 02:52:34,090 - INFO - Epoch: 8, Training Loss: 0.0254, Validation Loss: 0.0280
2025-11-15 02:52:46,358 - INFO - Epoch: 9, Training Loss: 0.0252, Validation Loss: 0.0277
2025-11-15 02:52:56,755 - INFO - Epoch: 10, Training Loss: 0.0253, Validation Loss: 0.0291
2025-11-15 02:53:11,250 - INFO - Epoch: 11, Training Loss: 0.0245, Validation Loss: 0.0301
2025-11-15 02:53:26,458 - INFO - Epoch: 12, Training Loss: 0.0251, Validation Loss: 0.0276
2025-11-15 02:53:26,459 - INFO -   → New best validation loss: 0.0276
2025-11-15 02:53:39,096 - INFO - Epoch: 13, Training Loss: 0.0249, Validation Loss: 0.0309
2025-11-15 02:53:51,671 - INFO - Epoch: 14, Training Loss: 0.0252, Validation Loss: 0.0282
2025-11-15 02:54:04,324 - INFO - Epoch: 15, Training Loss: 0.0257, Validation Loss: 0.0294
2025-11-15 02:54:19,584 - INFO - Epoch: 16, Training Loss: 0.0247, Validation Loss: 0.0279
2025-11-15 02:54:31,840 - INFO - Epoch: 17, Training Loss: 0.0248, Validation Loss: 0.0282
2025-11-15 02:54:45,222 - INFO - Epoch: 18, Training Loss: 0.0249, Validation Loss: 0.0280
2025-11-15 02:54:54,909 - INFO - Epoch: 19, Training Loss: 0.0248, Validation Loss: 0.0278
2025-11-15 02:55:06,155 - INFO - Epoch: 20, Training Loss: 0.0247, Validation Loss: 0.0281
2025-11-15 02:55:19,633 - INFO - Epoch: 21, Training Loss: 0.0249, Validation Loss: 0.0281
2025-11-15 02:55:31,277 - INFO - Epoch: 22, Training Loss: 0.0249, Validation Loss: 0.0277
2025-11-15 02:55:43,626 - INFO - Epoch: 23, Training Loss: 0.0249, Validation Loss: 0.0277
2025-11-15 02:55:55,174 - INFO - Epoch: 24, Training Loss: 0.0247, Validation Loss: 0.0276
2025-11-15 02:56:08,479 - INFO - Epoch: 25, Training Loss: 0.0246, Validation Loss: 0.0281
2025-11-15 02:56:21,889 - INFO - Epoch: 26, Training Loss: 0.0248, Validation Loss: 0.0283
2025-11-15 02:56:34,262 - INFO - Epoch: 27, Training Loss: 0.0248, Validation Loss: 0.0277
2025-11-15 02:56:47,193 - INFO - Epoch: 28, Training Loss: 0.0247, Validation Loss: 0.0292
2025-11-15 02:56:56,906 - INFO - Epoch: 29, Training Loss: 0.0247, Validation Loss: 0.0281
2025-11-15 02:57:09,577 - INFO - Epoch: 30, Training Loss: 0.0244, Validation Loss: 0.0279
2025-11-15 02:57:22,021 - INFO - Epoch: 31, Training Loss: 0.0248, Validation Loss: 0.0276
2025-11-15 02:57:32,439 - INFO - Epoch: 32, Training Loss: 0.0249, Validation Loss: 0.0278
2025-11-15 02:57:32,439 - INFO - Early stopping triggered at epoch 32
2025-11-15 02:57:32,439 - INFO - Best validation loss: 0.0276
2025-11-15 02:57:32,443 - INFO - Restored best model weights
2025-11-15 02:57:32,443 - INFO - 
============================================================
2025-11-15 02:57:32,443 - INFO - EVALUATION RESULTS
2025-11-15 02:57:32,443 - INFO - ============================================================
2025-11-15 02:57:32,486 - INFO - Validation Set - MSE: 0.027626, MAE: 0.107364, RMSE: 0.166212, Pearson Correlation: 0.056848 (p=0.503137)
2025-11-15 02:57:32,529 - INFO - Test Set - MSE: 0.033232, MAE: 0.110655, RMSE: 0.182296, Pearson Correlation: 0.137249 (p=0.068505)
2025-11-15 02:57:32,529 - INFO - ============================================================

2025-11-15 02:57:32,529 - INFO - CV Fold 1 completed successfully
2025-11-15 02:57:32,529 - INFO - 
--------------------------------------------------------------------------------
2025-11-15 02:57:32,529 - INFO - CV Fold 2
2025-11-15 02:57:32,529 - INFO - --------------------------------------------------------------------------------
2025-11-15 02:57:32,531 - INFO - Loading dataset...
2025-11-15 02:57:32,617 - INFO - Dataset shapes - Train: (567, 17, 25, 1), Valid: (141, 17, 25, 1), Test: (177, 17, 25, 1)
2025-11-15 02:57:32,618 - INFO - Initializing VIGNet model...
2025-11-15 02:57:32,621 - INFO - Number of batch iterations per epoch: 113
2025-11-15 02:57:42,881 - INFO - Epoch: 1, Training Loss: 0.0942, Validation Loss: 0.0701
2025-11-15 02:57:42,882 - INFO -   → New best validation loss: 0.0701
2025-11-15 02:57:54,830 - INFO - Epoch: 2, Training Loss: 0.0481, Validation Loss: 0.0390
2025-11-15 02:57:54,831 - INFO -   → New best validation loss: 0.0390
2025-11-15 02:58:06,167 - INFO - Epoch: 3, Training Loss: 0.0329, Validation Loss: 0.0405
2025-11-15 02:58:21,519 - INFO - Epoch: 4, Training Loss: 0.0320, Validation Loss: 0.0342
2025-11-15 02:58:21,521 - INFO -   → New best validation loss: 0.0342
2025-11-15 02:58:34,326 - INFO - Epoch: 5, Training Loss: 0.0310, Validation Loss: 0.0337
2025-11-15 02:58:34,330 - INFO -   → New best validation loss: 0.0337
2025-11-15 02:58:46,111 - INFO - Epoch: 6, Training Loss: 0.0336, Validation Loss: 0.0340
2025-11-15 02:59:00,279 - INFO - Epoch: 7, Training Loss: 0.0313, Validation Loss: 0.0337
2025-11-15 02:59:13,577 - INFO - Epoch: 8, Training Loss: 0.0310, Validation Loss: 0.0337
2025-11-15 02:59:25,823 - INFO - Epoch: 9, Training Loss: 0.0316, Validation Loss: 0.0339
2025-11-15 02:59:36,919 - INFO - Epoch: 10, Training Loss: 0.0325, Validation Loss: 0.0339
2025-11-15 02:59:45,196 - INFO - Epoch: 11, Training Loss: 0.0306, Validation Loss: 0.0337
2025-11-15 02:59:45,199 - INFO -   → New best validation loss: 0.0337
2025-11-15 02:59:58,062 - INFO - Epoch: 12, Training Loss: 0.0301, Validation Loss: 0.0339
2025-11-15 03:00:12,259 - INFO - Epoch: 13, Training Loss: 0.0297, Validation Loss: 0.0339
2025-11-15 03:00:24,579 - INFO - Epoch: 14, Training Loss: 0.0297, Validation Loss: 0.0338
2025-11-15 03:00:38,450 - INFO - Epoch: 15, Training Loss: 0.0307, Validation Loss: 0.0339
2025-11-15 03:00:50,254 - INFO - Epoch: 16, Training Loss: 0.0304, Validation Loss: 0.0336
2025-11-15 03:00:50,256 - INFO -   → New best validation loss: 0.0336
2025-11-15 03:01:05,117 - INFO - Epoch: 17, Training Loss: 0.0303, Validation Loss: 0.0341
2025-11-15 03:01:18,838 - INFO - Epoch: 18, Training Loss: 0.0302, Validation Loss: 0.0336
2025-11-15 03:01:18,839 - INFO -   → New best validation loss: 0.0336
2025-11-15 03:01:31,547 - INFO - Epoch: 19, Training Loss: 0.0308, Validation Loss: 0.0338
2025-11-15 03:01:45,043 - INFO - Epoch: 20, Training Loss: 0.0305, Validation Loss: 0.0337
2025-11-15 03:01:57,472 - INFO - Epoch: 21, Training Loss: 0.0299, Validation Loss: 0.0427
2025-11-15 03:02:08,977 - INFO - Epoch: 22, Training Loss: 0.0308, Validation Loss: 0.0343
2025-11-15 03:02:23,066 - INFO - Epoch: 23, Training Loss: 0.0304, Validation Loss: 0.0341
2025-11-15 03:02:37,303 - INFO - Epoch: 24, Training Loss: 0.0305, Validation Loss: 0.0343
2025-11-15 03:02:50,384 - INFO - Epoch: 25, Training Loss: 0.0311, Validation Loss: 0.0337
2025-11-15 03:03:01,614 - INFO - Epoch: 26, Training Loss: 0.0300, Validation Loss: 0.0337
2025-11-15 03:03:13,782 - INFO - Epoch: 27, Training Loss: 0.0303, Validation Loss: 0.0337
2025-11-15 03:03:30,327 - INFO - Epoch: 28, Training Loss: 0.0303, Validation Loss: 0.0338
2025-11-15 03:03:45,231 - INFO - Epoch: 29, Training Loss: 0.0302, Validation Loss: 0.0338
2025-11-15 03:03:57,617 - INFO - Epoch: 30, Training Loss: 0.0300, Validation Loss: 0.0337
2025-11-15 03:04:09,831 - INFO - Epoch: 31, Training Loss: 0.0300, Validation Loss: 0.0336
2025-11-15 03:04:22,484 - INFO - Epoch: 32, Training Loss: 0.0300, Validation Loss: 0.0338
2025-11-15 03:04:35,405 - INFO - Epoch: 33, Training Loss: 0.0298, Validation Loss: 0.0338
2025-11-15 03:04:44,103 - INFO - Epoch: 34, Training Loss: 0.0297, Validation Loss: 0.0343
2025-11-15 03:04:56,757 - INFO - Epoch: 35, Training Loss: 0.0300, Validation Loss: 0.0338
2025-11-15 03:05:07,251 - INFO - Epoch: 36, Training Loss: 0.0304, Validation Loss: 0.0338
2025-11-15 03:05:18,249 - INFO - Epoch: 37, Training Loss: 0.0300, Validation Loss: 0.0338
2025-11-15 03:05:30,178 - INFO - Epoch: 38, Training Loss: 0.0295, Validation Loss: 0.0337
2025-11-15 03:05:30,178 - INFO - Early stopping triggered at epoch 38
2025-11-15 03:05:30,178 - INFO - Best validation loss: 0.0336
2025-11-15 03:05:30,192 - INFO - Restored best model weights
2025-11-15 03:05:30,192 - INFO - 
============================================================
2025-11-15 03:05:30,192 - INFO - EVALUATION RESULTS
2025-11-15 03:05:30,192 - INFO - ============================================================
2025-11-15 03:05:30,253 - INFO - Validation Set - MSE: 0.034749, MAE: 0.100013, RMSE: 0.186411, Pearson Correlation: 0.068039 (p=0.422750)
2025-11-15 03:05:30,298 - INFO - Test Set - MSE: 0.011731, MAE: 0.073905, RMSE: 0.108308, Pearson Correlation: 0.170828 (p=0.023005)
2025-11-15 03:05:30,298 - INFO - ============================================================

2025-11-15 03:05:30,298 - INFO - CV Fold 2 completed successfully
2025-11-15 03:05:30,298 - INFO - 
--------------------------------------------------------------------------------
2025-11-15 03:05:30,298 - INFO - CV Fold 3
2025-11-15 03:05:30,298 - INFO - --------------------------------------------------------------------------------
2025-11-15 03:05:30,300 - INFO - Loading dataset...
2025-11-15 03:05:30,386 - INFO - Dataset shapes - Train: (567, 17, 25, 1), Valid: (141, 17, 25, 1), Test: (177, 17, 25, 1)
2025-11-15 03:05:30,388 - INFO - Initializing VIGNet model...
2025-11-15 03:05:30,391 - INFO - Number of batch iterations per epoch: 113
2025-11-15 03:05:43,881 - INFO - Epoch: 1, Training Loss: 0.0883, Validation Loss: 0.0766
2025-11-15 03:05:43,881 - INFO -   → New best validation loss: 0.0766
2025-11-15 03:05:57,858 - INFO - Epoch: 2, Training Loss: 0.0504, Validation Loss: 0.0398
2025-11-15 03:05:57,859 - INFO -   → New best validation loss: 0.0398
2025-11-15 03:06:10,091 - INFO - Epoch: 3, Training Loss: 0.0291, Validation Loss: 0.0274
2025-11-15 03:06:10,092 - INFO -   → New best validation loss: 0.0274
2025-11-15 03:06:25,509 - INFO - Epoch: 4, Training Loss: 0.0288, Validation Loss: 0.0288
2025-11-15 03:06:36,620 - INFO - Epoch: 5, Training Loss: 0.0292, Validation Loss: 0.0284
2025-11-15 03:06:49,806 - INFO - Epoch: 6, Training Loss: 0.0287, Validation Loss: 0.0279
2025-11-15 03:07:02,839 - INFO - Epoch: 7, Training Loss: 0.0292, Validation Loss: 0.0303
2025-11-15 03:07:14,925 - INFO - Epoch: 8, Training Loss: 0.0283, Validation Loss: 0.0272
2025-11-15 03:07:14,927 - INFO -   → New best validation loss: 0.0272
2025-11-15 03:07:28,843 - INFO - Epoch: 9, Training Loss: 0.0277, Validation Loss: 0.0294
2025-11-15 03:07:41,757 - INFO - Epoch: 10, Training Loss: 0.0290, Validation Loss: 0.0283
2025-11-15 03:07:51,621 - INFO - Epoch: 11, Training Loss: 0.0279, Validation Loss: 0.0273
2025-11-15 03:08:04,326 - INFO - Epoch: 12, Training Loss: 0.0283, Validation Loss: 0.0274
2025-11-15 03:08:17,542 - INFO - Epoch: 13, Training Loss: 0.0281, Validation Loss: 0.0295
2025-11-15 03:08:33,131 - INFO - Epoch: 14, Training Loss: 0.0274, Validation Loss: 0.0276
2025-11-15 03:08:46,900 - INFO - Epoch: 15, Training Loss: 0.0280, Validation Loss: 0.0276
2025-11-15 03:09:01,962 - INFO - Epoch: 16, Training Loss: 0.0277, Validation Loss: 0.0292
2025-11-15 03:09:16,951 - INFO - Epoch: 17, Training Loss: 0.0280, Validation Loss: 0.0278
2025-11-15 03:09:30,635 - INFO - Epoch: 18, Training Loss: 0.0275, Validation Loss: 0.0276
2025-11-15 03:09:44,624 - INFO - Epoch: 19, Training Loss: 0.0271, Validation Loss: 0.0290
2025-11-15 03:09:55,621 - INFO - Epoch: 20, Training Loss: 0.0277, Validation Loss: 0.0274
2025-11-15 03:10:09,020 - INFO - Epoch: 21, Training Loss: 0.0270, Validation Loss: 0.0273
2025-11-15 03:10:20,811 - INFO - Epoch: 22, Training Loss: 0.0274, Validation Loss: 0.0273
2025-11-15 03:10:31,216 - INFO - Epoch: 23, Training Loss: 0.0276, Validation Loss: 0.0281
2025-11-15 03:10:44,602 - INFO - Epoch: 24, Training Loss: 0.0276, Validation Loss: 0.0274
2025-11-15 03:10:56,679 - INFO - Epoch: 25, Training Loss: 0.0270, Validation Loss: 0.0273
2025-11-15 03:11:09,312 - INFO - Epoch: 26, Training Loss: 0.0276, Validation Loss: 0.0278
2025-11-15 03:11:22,234 - INFO - Epoch: 27, Training Loss: 0.0275, Validation Loss: 0.0275
2025-11-15 03:11:33,824 - INFO - Epoch: 28, Training Loss: 0.0274, Validation Loss: 0.0275
2025-11-15 03:11:33,824 - INFO - Early stopping triggered at epoch 28
2025-11-15 03:11:33,824 - INFO - Best validation loss: 0.0272
2025-11-15 03:11:33,829 - INFO - Restored best model weights
2025-11-15 03:11:33,829 - INFO - 
============================================================
2025-11-15 03:11:33,829 - INFO - EVALUATION RESULTS
2025-11-15 03:11:33,829 - INFO - ============================================================
2025-11-15 03:11:33,872 - INFO - Validation Set - MSE: 0.028924, MAE: 0.089748, RMSE: 0.170071, Pearson Correlation: 0.126416 (p=0.135241)
2025-11-15 03:11:33,970 - INFO - Test Set - MSE: 0.025875, MAE: 0.101061, RMSE: 0.160856, Pearson Correlation: -0.008808 (p=0.907372)
2025-11-15 03:11:33,970 - INFO - ============================================================

2025-11-15 03:11:33,971 - INFO - CV Fold 3 completed successfully
2025-11-15 03:11:33,971 - INFO - 
--------------------------------------------------------------------------------
2025-11-15 03:11:33,971 - INFO - CV Fold 4
2025-11-15 03:11:33,971 - INFO - --------------------------------------------------------------------------------
2025-11-15 03:11:33,976 - INFO - Loading dataset...
2025-11-15 03:11:34,072 - INFO - Dataset shapes - Train: (567, 17, 25, 1), Valid: (141, 17, 25, 1), Test: (177, 17, 25, 1)
2025-11-15 03:11:34,074 - INFO - Initializing VIGNet model...
2025-11-15 03:11:34,077 - INFO - Number of batch iterations per epoch: 113
2025-11-15 03:11:44,248 - INFO - Epoch: 1, Training Loss: 0.0858, Validation Loss: 0.0781
2025-11-15 03:11:44,249 - INFO -   → New best validation loss: 0.0781
2025-11-15 03:11:53,828 - INFO - Epoch: 2, Training Loss: 0.0442, Validation Loss: 0.0295
2025-11-15 03:11:53,829 - INFO -   → New best validation loss: 0.0295
2025-11-15 03:12:02,176 - INFO - Epoch: 3, Training Loss: 0.0273, Validation Loss: 0.0309
2025-11-15 03:12:14,235 - INFO - Epoch: 4, Training Loss: 0.0287, Validation Loss: 0.0275
2025-11-15 03:12:14,240 - INFO -   → New best validation loss: 0.0275
2025-11-15 03:12:27,256 - INFO - Epoch: 5, Training Loss: 0.0276, Validation Loss: 0.0274
2025-11-15 03:12:27,256 - INFO -   → New best validation loss: 0.0274
2025-11-15 03:12:38,807 - INFO - Epoch: 6, Training Loss: 0.0266, Validation Loss: 0.0275
2025-11-15 03:12:53,084 - INFO - Epoch: 7, Training Loss: 0.0270, Validation Loss: 0.0277
2025-11-15 03:13:08,462 - INFO - Epoch: 8, Training Loss: 0.0267, Validation Loss: 0.0278
2025-11-15 03:13:21,069 - INFO - Epoch: 9, Training Loss: 0.0254, Validation Loss: 0.0284
2025-11-15 03:13:31,529 - INFO - Epoch: 10, Training Loss: 0.0264, Validation Loss: 0.0280
2025-11-15 03:13:43,586 - INFO - Epoch: 11, Training Loss: 0.0263, Validation Loss: 0.0288
2025-11-15 03:13:58,601 - INFO - Epoch: 12, Training Loss: 0.0272, Validation Loss: 0.0282
2025-11-15 03:14:12,068 - INFO - Epoch: 13, Training Loss: 0.0265, Validation Loss: 0.0273
2025-11-15 03:14:12,068 - INFO -   → New best validation loss: 0.0273
2025-11-15 03:14:24,186 - INFO - Epoch: 14, Training Loss: 0.0258, Validation Loss: 0.0290
2025-11-15 03:14:38,441 - INFO - Epoch: 15, Training Loss: 0.0265, Validation Loss: 0.0274
2025-11-15 03:14:50,956 - INFO - Epoch: 16, Training Loss: 0.0263, Validation Loss: 0.0293
2025-11-15 03:15:04,386 - INFO - Epoch: 17, Training Loss: 0.0258, Validation Loss: 0.0276
2025-11-15 03:15:15,994 - INFO - Epoch: 18, Training Loss: 0.0263, Validation Loss: 0.0298
2025-11-15 03:15:24,199 - INFO - Epoch: 19, Training Loss: 0.0257, Validation Loss: 0.0281
2025-11-15 03:15:39,776 - INFO - Epoch: 20, Training Loss: 0.0257, Validation Loss: 0.0282
2025-11-15 03:15:50,177 - INFO - Epoch: 21, Training Loss: 0.0260, Validation Loss: 0.0280
2025-11-15 03:16:02,823 - INFO - Epoch: 22, Training Loss: 0.0262, Validation Loss: 0.0274
2025-11-15 03:16:14,404 - INFO - Epoch: 23, Training Loss: 0.0256, Validation Loss: 0.0275
2025-11-15 03:16:24,763 - INFO - Epoch: 24, Training Loss: 0.0256, Validation Loss: 0.0286
2025-11-15 03:16:36,520 - INFO - Epoch: 25, Training Loss: 0.0255, Validation Loss: 0.0275
2025-11-15 03:16:49,335 - INFO - Epoch: 26, Training Loss: 0.0255, Validation Loss: 0.0275
2025-11-15 03:17:02,118 - INFO - Epoch: 27, Training Loss: 0.0254, Validation Loss: 0.0279
2025-11-15 03:17:14,096 - INFO - Epoch: 28, Training Loss: 0.0259, Validation Loss: 0.0283
2025-11-15 03:17:25,553 - INFO - Epoch: 29, Training Loss: 0.0255, Validation Loss: 0.0277
2025-11-15 03:17:37,681 - INFO - Epoch: 30, Training Loss: 0.0255, Validation Loss: 0.0281
2025-11-15 03:17:47,213 - INFO - Epoch: 31, Training Loss: 0.0254, Validation Loss: 0.0274
2025-11-15 03:17:56,530 - INFO - Epoch: 32, Training Loss: 0.0254, Validation Loss: 0.0281
2025-11-15 03:18:10,595 - INFO - Epoch: 33, Training Loss: 0.0254, Validation Loss: 0.0275
2025-11-15 03:18:10,595 - INFO - Early stopping triggered at epoch 33
2025-11-15 03:18:10,595 - INFO - Best validation loss: 0.0273
2025-11-15 03:18:10,599 - INFO - Restored best model weights
2025-11-15 03:18:10,599 - INFO - 
============================================================
2025-11-15 03:18:10,599 - INFO - EVALUATION RESULTS
2025-11-15 03:18:10,599 - INFO - ============================================================
2025-11-15 03:18:10,644 - INFO - Validation Set - MSE: 0.028533, MAE: 0.087474, RMSE: 0.168916, Pearson Correlation: 0.065292 (p=0.441763)
2025-11-15 03:18:10,696 - INFO - Test Set - MSE: 0.031187, MAE: 0.104321, RMSE: 0.176599, Pearson Correlation: 0.246165 (p=0.000957)
2025-11-15 03:18:10,696 - INFO - ============================================================

2025-11-15 03:18:10,697 - INFO - CV Fold 4 completed successfully
2025-11-15 03:18:10,697 - INFO - 
================================================================================
2025-11-15 03:18:10,697 - INFO - CROSS-VALIDATION SUMMARY - TRIAL 2
2025-11-15 03:18:10,697 - INFO - ================================================================================
2025-11-15 03:18:10,697 - INFO - Validation Set (Average across 5 CV folds):
2025-11-15 03:18:10,697 - INFO -   MSE: 0.029068 ± 0.003077
2025-11-15 03:18:10,697 - INFO -   MAE: 0.097329 ± 0.007546
2025-11-15 03:18:10,697 - INFO -   RMSE: 0.170263 ± 0.008837
2025-11-15 03:18:10,697 - INFO -   Pearson Correlation: 0.070485 ± 0.030161
2025-11-15 03:18:10,697 - INFO - 
Test Set (Average across 5 CV folds):
2025-11-15 03:18:10,697 - INFO -   MSE: 0.026628 ± 0.007837
2025-11-15 03:18:10,697 - INFO -   MAE: 0.099076 ± 0.012958
2025-11-15 03:18:10,697 - INFO -   RMSE: 0.160892 ± 0.027242
2025-11-15 03:18:10,697 - INFO -   Pearson Correlation: 0.138031 ± 0.082916
2025-11-15 03:18:10,697 - INFO - ================================================================================
2025-11-15 03:18:10,697 - INFO - ================================================================================
2025-11-15 03:18:10,697 - INFO - Trial 2 completed. End time: 2025-11-15 03:18:10
2025-11-15 03:18:10,697 - INFO - ================================================================================
