2025-11-15 12:03:35,216 - INFO - ================================================================================
2025-11-15 12:03:35,216 - INFO - TRIAL 11 - Task: RGS
2025-11-15 12:03:35,216 - INFO - Log file: ./logs/trial11_RGS_20251115_003538.log
2025-11-15 12:03:35,216 - INFO - Start time: 2025-11-15 12:03:35
2025-11-15 12:03:35,216 - INFO - ================================================================================
2025-11-15 12:03:35,216 - INFO - 
--------------------------------------------------------------------------------
2025-11-15 12:03:35,216 - INFO - CV Fold 0
2025-11-15 12:03:35,216 - INFO - --------------------------------------------------------------------------------
2025-11-15 12:03:35,223 - INFO - Loading dataset...
2025-11-15 12:03:35,356 - INFO - Dataset shapes - Train: (567, 17, 25, 1), Valid: (141, 17, 25, 1), Test: (177, 17, 25, 1)
2025-11-15 12:03:35,358 - INFO - Initializing VIGNet model...
2025-11-15 12:03:35,361 - INFO - Number of batch iterations per epoch: 113
2025-11-15 12:03:47,188 - INFO - Epoch: 1, Training Loss: 0.1464, Validation Loss: 0.1040
2025-11-15 12:03:47,188 - INFO -   → New best validation loss: 0.1040
2025-11-15 12:03:59,641 - INFO - Epoch: 2, Training Loss: 0.0514, Validation Loss: 0.0297
2025-11-15 12:03:59,641 - INFO -   → New best validation loss: 0.0297
2025-11-15 12:04:11,603 - INFO - Epoch: 3, Training Loss: 0.0211, Validation Loss: 0.0259
2025-11-15 12:04:11,603 - INFO -   → New best validation loss: 0.0259
2025-11-15 12:04:20,544 - INFO - Epoch: 4, Training Loss: 0.0203, Validation Loss: 0.0234
2025-11-15 12:04:20,545 - INFO -   → New best validation loss: 0.0234
2025-11-15 12:04:32,195 - INFO - Epoch: 5, Training Loss: 0.0195, Validation Loss: 0.0270
2025-11-15 12:04:44,552 - INFO - Epoch: 6, Training Loss: 0.0186, Validation Loss: 0.0229
2025-11-15 12:04:44,553 - INFO -   → New best validation loss: 0.0229
2025-11-15 12:04:57,262 - INFO - Epoch: 7, Training Loss: 0.0177, Validation Loss: 0.0231
2025-11-15 12:05:09,950 - INFO - Epoch: 8, Training Loss: 0.0177, Validation Loss: 0.0252
2025-11-15 12:05:21,708 - INFO - Epoch: 9, Training Loss: 0.0183, Validation Loss: 0.0248
2025-11-15 12:05:37,908 - INFO - Epoch: 10, Training Loss: 0.0169, Validation Loss: 0.0226
2025-11-15 12:05:37,910 - INFO -   → New best validation loss: 0.0226
2025-11-15 12:05:49,754 - INFO - Epoch: 11, Training Loss: 0.0180, Validation Loss: 0.0233
2025-11-15 12:06:02,522 - INFO - Epoch: 12, Training Loss: 0.0172, Validation Loss: 0.0243
2025-11-15 12:06:12,729 - INFO - Epoch: 13, Training Loss: 0.0167, Validation Loss: 0.0240
2025-11-15 12:06:23,125 - INFO - Epoch: 14, Training Loss: 0.0180, Validation Loss: 0.0244
2025-11-15 12:06:36,922 - INFO - Epoch: 15, Training Loss: 0.0162, Validation Loss: 0.0241
2025-11-15 12:06:47,687 - INFO - Epoch: 16, Training Loss: 0.0168, Validation Loss: 0.0225
2025-11-15 12:06:47,688 - INFO -   → New best validation loss: 0.0225
2025-11-15 12:06:57,580 - INFO - Epoch: 17, Training Loss: 0.0169, Validation Loss: 0.0228
2025-11-15 12:07:08,690 - INFO - Epoch: 18, Training Loss: 0.0165, Validation Loss: 0.0223
2025-11-15 12:07:08,691 - INFO -   → New best validation loss: 0.0223
2025-11-15 12:07:19,529 - INFO - Epoch: 19, Training Loss: 0.0162, Validation Loss: 0.0248
2025-11-15 12:07:32,836 - INFO - Epoch: 20, Training Loss: 0.0162, Validation Loss: 0.0222
2025-11-15 12:07:32,837 - INFO -   → New best validation loss: 0.0222
2025-11-15 12:07:41,960 - INFO - Epoch: 21, Training Loss: 0.0163, Validation Loss: 0.0223
2025-11-15 12:07:54,909 - INFO - Epoch: 22, Training Loss: 0.0164, Validation Loss: 0.0225
2025-11-15 12:08:03,800 - INFO - Epoch: 23, Training Loss: 0.0159, Validation Loss: 0.0222
2025-11-15 12:08:16,559 - INFO - Epoch: 24, Training Loss: 0.0162, Validation Loss: 0.0225
2025-11-15 12:08:29,618 - INFO - Epoch: 25, Training Loss: 0.0157, Validation Loss: 0.0227
2025-11-15 12:08:40,594 - INFO - Epoch: 26, Training Loss: 0.0156, Validation Loss: 0.0224
2025-11-15 12:08:51,276 - INFO - Epoch: 27, Training Loss: 0.0158, Validation Loss: 0.0220
2025-11-15 12:08:51,277 - INFO -   → New best validation loss: 0.0220
2025-11-15 12:09:06,787 - INFO - Epoch: 28, Training Loss: 0.0161, Validation Loss: 0.0229
2025-11-15 12:09:21,207 - INFO - Epoch: 29, Training Loss: 0.0159, Validation Loss: 0.0227
2025-11-15 12:09:32,531 - INFO - Epoch: 30, Training Loss: 0.0158, Validation Loss: 0.0223
2025-11-15 12:09:42,841 - INFO - Epoch: 31, Training Loss: 0.0158, Validation Loss: 0.0225
2025-11-15 12:09:56,823 - INFO - Epoch: 32, Training Loss: 0.0158, Validation Loss: 0.0239
2025-11-15 12:10:10,779 - INFO - Epoch: 33, Training Loss: 0.0155, Validation Loss: 0.0222
2025-11-15 12:10:25,353 - INFO - Epoch: 34, Training Loss: 0.0156, Validation Loss: 0.0231
2025-11-15 12:10:34,863 - INFO - Epoch: 35, Training Loss: 0.0158, Validation Loss: 0.0222
2025-11-15 12:10:47,750 - INFO - Epoch: 36, Training Loss: 0.0159, Validation Loss: 0.0222
2025-11-15 12:11:01,015 - INFO - Epoch: 37, Training Loss: 0.0158, Validation Loss: 0.0222
2025-11-15 12:11:14,649 - INFO - Epoch: 38, Training Loss: 0.0156, Validation Loss: 0.0221
2025-11-15 12:11:25,772 - INFO - Epoch: 39, Training Loss: 0.0157, Validation Loss: 0.0223
2025-11-15 12:11:36,934 - INFO - Epoch: 40, Training Loss: 0.0157, Validation Loss: 0.0226
2025-11-15 12:11:45,580 - INFO - Epoch: 41, Training Loss: 0.0158, Validation Loss: 0.0224
2025-11-15 12:11:58,099 - INFO - Epoch: 42, Training Loss: 0.0154, Validation Loss: 0.0223
2025-11-15 12:12:10,494 - INFO - Epoch: 43, Training Loss: 0.0158, Validation Loss: 0.0228
2025-11-15 12:12:23,692 - INFO - Epoch: 44, Training Loss: 0.0158, Validation Loss: 0.0223
2025-11-15 12:12:35,382 - INFO - Epoch: 45, Training Loss: 0.0153, Validation Loss: 0.0224
2025-11-15 12:12:48,757 - INFO - Epoch: 46, Training Loss: 0.0156, Validation Loss: 0.0223
2025-11-15 12:13:00,314 - INFO - Epoch: 47, Training Loss: 0.0156, Validation Loss: 0.0222
2025-11-15 12:13:00,315 - INFO - Early stopping triggered at epoch 47
2025-11-15 12:13:00,315 - INFO - Best validation loss: 0.0220
2025-11-15 12:13:00,318 - INFO - Restored best model weights
2025-11-15 12:13:00,318 - INFO - 
============================================================
2025-11-15 12:13:00,318 - INFO - EVALUATION RESULTS
2025-11-15 12:13:00,318 - INFO - ============================================================
2025-11-15 12:13:00,441 - INFO - Validation Set - MSE: 0.022350, MAE: 0.118399, RMSE: 0.149498, Pearson Correlation: -0.135625 (p=0.108815)
2025-11-15 12:13:00,579 - INFO - Test Set - MSE: 0.020346, MAE: 0.114517, RMSE: 0.142640, Pearson Correlation: 0.032557 (p=0.667064)
2025-11-15 12:13:00,580 - INFO - ============================================================

2025-11-15 12:13:00,581 - INFO - CV Fold 0 completed successfully
2025-11-15 12:13:00,581 - INFO - 
--------------------------------------------------------------------------------
2025-11-15 12:13:00,581 - INFO - CV Fold 1
2025-11-15 12:13:00,581 - INFO - --------------------------------------------------------------------------------
2025-11-15 12:13:00,587 - INFO - Loading dataset...
2025-11-15 12:13:00,682 - INFO - Dataset shapes - Train: (567, 17, 25, 1), Valid: (141, 17, 25, 1), Test: (177, 17, 25, 1)
2025-11-15 12:13:00,684 - INFO - Initializing VIGNet model...
2025-11-15 12:13:00,686 - INFO - Number of batch iterations per epoch: 113
2025-11-15 12:13:10,813 - INFO - Epoch: 1, Training Loss: 0.1556, Validation Loss: 0.1376
2025-11-15 12:13:10,816 - INFO -   → New best validation loss: 0.1376
2025-11-15 12:13:23,380 - INFO - Epoch: 2, Training Loss: 0.0705, Validation Loss: 0.0269
2025-11-15 12:13:23,383 - INFO -   → New best validation loss: 0.0269
2025-11-15 12:13:38,127 - INFO - Epoch: 3, Training Loss: 0.0204, Validation Loss: 0.0212
2025-11-15 12:13:38,128 - INFO -   → New best validation loss: 0.0212
2025-11-15 12:13:51,329 - INFO - Epoch: 4, Training Loss: 0.0201, Validation Loss: 0.0184
2025-11-15 12:13:51,330 - INFO -   → New best validation loss: 0.0184
2025-11-15 12:14:07,229 - INFO - Epoch: 5, Training Loss: 0.0208, Validation Loss: 0.0217
2025-11-15 12:14:21,667 - INFO - Epoch: 6, Training Loss: 0.0198, Validation Loss: 0.0186
2025-11-15 12:14:32,294 - INFO - Epoch: 7, Training Loss: 0.0198, Validation Loss: 0.0186
2025-11-15 12:14:46,020 - INFO - Epoch: 8, Training Loss: 0.0194, Validation Loss: 0.0191
2025-11-15 12:14:58,943 - INFO - Epoch: 9, Training Loss: 0.0183, Validation Loss: 0.0191
2025-11-15 12:15:09,798 - INFO - Epoch: 10, Training Loss: 0.0187, Validation Loss: 0.0189
2025-11-15 12:15:21,025 - INFO - Epoch: 11, Training Loss: 0.0188, Validation Loss: 0.0185
2025-11-15 12:15:32,241 - INFO - Epoch: 12, Training Loss: 0.0185, Validation Loss: 0.0209
2025-11-15 12:15:46,150 - INFO - Epoch: 13, Training Loss: 0.0187, Validation Loss: 0.0183
2025-11-15 12:15:46,154 - INFO -   → New best validation loss: 0.0183
2025-11-15 12:15:56,226 - INFO - Epoch: 14, Training Loss: 0.0184, Validation Loss: 0.0191
2025-11-15 12:16:11,452 - INFO - Epoch: 15, Training Loss: 0.0185, Validation Loss: 0.0200
2025-11-15 12:16:23,521 - INFO - Epoch: 16, Training Loss: 0.0189, Validation Loss: 0.0191
2025-11-15 12:16:35,294 - INFO - Epoch: 17, Training Loss: 0.0181, Validation Loss: 0.0184
2025-11-15 12:16:48,781 - INFO - Epoch: 18, Training Loss: 0.0186, Validation Loss: 0.0188
2025-11-15 12:17:01,379 - INFO - Epoch: 19, Training Loss: 0.0184, Validation Loss: 0.0190
2025-11-15 12:17:13,217 - INFO - Epoch: 20, Training Loss: 0.0185, Validation Loss: 0.0185
2025-11-15 12:17:23,558 - INFO - Epoch: 21, Training Loss: 0.0183, Validation Loss: 0.0188
2025-11-15 12:17:33,156 - INFO - Epoch: 22, Training Loss: 0.0182, Validation Loss: 0.0186
2025-11-15 12:17:45,068 - INFO - Epoch: 23, Training Loss: 0.0188, Validation Loss: 0.0190
2025-11-15 12:17:57,840 - INFO - Epoch: 24, Training Loss: 0.0185, Validation Loss: 0.0185
2025-11-15 12:18:11,250 - INFO - Epoch: 25, Training Loss: 0.0185, Validation Loss: 0.0183
2025-11-15 12:18:23,005 - INFO - Epoch: 26, Training Loss: 0.0185, Validation Loss: 0.0189
2025-11-15 12:18:34,990 - INFO - Epoch: 27, Training Loss: 0.0183, Validation Loss: 0.0184
2025-11-15 12:18:50,002 - INFO - Epoch: 28, Training Loss: 0.0185, Validation Loss: 0.0187
2025-11-15 12:19:01,463 - INFO - Epoch: 29, Training Loss: 0.0183, Validation Loss: 0.0193
2025-11-15 12:19:14,058 - INFO - Epoch: 30, Training Loss: 0.0184, Validation Loss: 0.0185
2025-11-15 12:19:26,341 - INFO - Epoch: 31, Training Loss: 0.0182, Validation Loss: 0.0188
2025-11-15 12:19:38,829 - INFO - Epoch: 32, Training Loss: 0.0183, Validation Loss: 0.0190
2025-11-15 12:19:49,816 - INFO - Epoch: 33, Training Loss: 0.0182, Validation Loss: 0.0190
2025-11-15 12:19:49,816 - INFO - Early stopping triggered at epoch 33
2025-11-15 12:19:49,816 - INFO - Best validation loss: 0.0183
2025-11-15 12:19:49,831 - INFO - Restored best model weights
2025-11-15 12:19:49,831 - INFO - 
============================================================
2025-11-15 12:19:49,831 - INFO - EVALUATION RESULTS
2025-11-15 12:19:49,831 - INFO - ============================================================
2025-11-15 12:19:50,038 - INFO - Validation Set - MSE: 0.018501, MAE: 0.109737, RMSE: 0.136019, Pearson Correlation: 0.063340 (p=0.455562)
2025-11-15 12:19:50,216 - INFO - Test Set - MSE: 0.014207, MAE: 0.094672, RMSE: 0.119193, Pearson Correlation: 0.027374 (p=0.717597)
2025-11-15 12:19:50,216 - INFO - ============================================================

2025-11-15 12:19:50,217 - INFO - CV Fold 1 completed successfully
2025-11-15 12:19:50,218 - INFO - 
--------------------------------------------------------------------------------
2025-11-15 12:19:50,218 - INFO - CV Fold 2
2025-11-15 12:19:50,218 - INFO - --------------------------------------------------------------------------------
2025-11-15 12:19:50,225 - INFO - Loading dataset...
2025-11-15 12:19:50,342 - INFO - Dataset shapes - Train: (567, 17, 25, 1), Valid: (141, 17, 25, 1), Test: (177, 17, 25, 1)
2025-11-15 12:19:50,344 - INFO - Initializing VIGNet model...
2025-11-15 12:19:50,347 - INFO - Number of batch iterations per epoch: 113
2025-11-15 12:20:01,394 - INFO - Epoch: 1, Training Loss: 0.1539, Validation Loss: 0.1081
2025-11-15 12:20:01,395 - INFO -   → New best validation loss: 0.1081
2025-11-15 12:20:11,542 - INFO - Epoch: 2, Training Loss: 0.0706, Validation Loss: 0.0163
2025-11-15 12:20:11,543 - INFO -   → New best validation loss: 0.0163
2025-11-15 12:20:22,365 - INFO - Epoch: 3, Training Loss: 0.0194, Validation Loss: 0.0147
2025-11-15 12:20:22,365 - INFO -   → New best validation loss: 0.0147
2025-11-15 12:20:34,191 - INFO - Epoch: 4, Training Loss: 0.0193, Validation Loss: 0.0152
2025-11-15 12:20:47,862 - INFO - Epoch: 5, Training Loss: 0.0194, Validation Loss: 0.0147
2025-11-15 12:21:00,385 - INFO - Epoch: 6, Training Loss: 0.0188, Validation Loss: 0.0148
2025-11-15 12:21:17,571 - INFO - Epoch: 7, Training Loss: 0.0185, Validation Loss: 0.0159
2025-11-15 12:21:28,600 - INFO - Epoch: 8, Training Loss: 0.0180, Validation Loss: 0.0150
2025-11-15 12:21:41,766 - INFO - Epoch: 9, Training Loss: 0.0178, Validation Loss: 0.0153
2025-11-15 12:21:56,198 - INFO - Epoch: 10, Training Loss: 0.0181, Validation Loss: 0.0161
2025-11-15 12:22:06,936 - INFO - Epoch: 11, Training Loss: 0.0178, Validation Loss: 0.0148
2025-11-15 12:22:20,655 - INFO - Epoch: 12, Training Loss: 0.0178, Validation Loss: 0.0152
2025-11-15 12:22:32,883 - INFO - Epoch: 13, Training Loss: 0.0182, Validation Loss: 0.0147
2025-11-15 12:22:32,884 - INFO -   → New best validation loss: 0.0147
2025-11-15 12:22:46,135 - INFO - Epoch: 14, Training Loss: 0.0176, Validation Loss: 0.0149
2025-11-15 12:23:01,774 - INFO - Epoch: 15, Training Loss: 0.0178, Validation Loss: 0.0163
2025-11-15 12:23:15,396 - INFO - Epoch: 16, Training Loss: 0.0178, Validation Loss: 0.0150
2025-11-15 12:23:28,685 - INFO - Epoch: 17, Training Loss: 0.0179, Validation Loss: 0.0151
2025-11-15 12:23:42,217 - INFO - Epoch: 18, Training Loss: 0.0177, Validation Loss: 0.0153
2025-11-15 12:23:56,612 - INFO - Epoch: 19, Training Loss: 0.0177, Validation Loss: 0.0148
2025-11-15 12:24:06,963 - INFO - Epoch: 20, Training Loss: 0.0176, Validation Loss: 0.0149
2025-11-15 12:24:18,984 - INFO - Epoch: 21, Training Loss: 0.0172, Validation Loss: 0.0149
2025-11-15 12:24:32,688 - INFO - Epoch: 22, Training Loss: 0.0174, Validation Loss: 0.0149
2025-11-15 12:24:47,777 - INFO - Epoch: 23, Training Loss: 0.0173, Validation Loss: 0.0151
2025-11-15 12:24:59,602 - INFO - Epoch: 24, Training Loss: 0.0178, Validation Loss: 0.0150
2025-11-15 12:25:10,996 - INFO - Epoch: 25, Training Loss: 0.0175, Validation Loss: 0.0148
2025-11-15 12:25:21,733 - INFO - Epoch: 26, Training Loss: 0.0171, Validation Loss: 0.0148
2025-11-15 12:25:33,304 - INFO - Epoch: 27, Training Loss: 0.0175, Validation Loss: 0.0149
2025-11-15 12:25:49,046 - INFO - Epoch: 28, Training Loss: 0.0172, Validation Loss: 0.0148
2025-11-15 12:26:05,263 - INFO - Epoch: 29, Training Loss: 0.0173, Validation Loss: 0.0148
2025-11-15 12:26:19,624 - INFO - Epoch: 30, Training Loss: 0.0174, Validation Loss: 0.0148
2025-11-15 12:26:32,922 - INFO - Epoch: 31, Training Loss: 0.0176, Validation Loss: 0.0149
2025-11-15 12:26:43,683 - INFO - Epoch: 32, Training Loss: 0.0175, Validation Loss: 0.0149
2025-11-15 12:26:51,451 - INFO - Epoch: 33, Training Loss: 0.0173, Validation Loss: 0.0149
2025-11-15 12:26:51,451 - INFO - Early stopping triggered at epoch 33
2025-11-15 12:26:51,451 - INFO - Best validation loss: 0.0147
2025-11-15 12:26:51,456 - INFO - Restored best model weights
2025-11-15 12:26:51,456 - INFO - 
============================================================
2025-11-15 12:26:51,456 - INFO - EVALUATION RESULTS
2025-11-15 12:26:51,456 - INFO - ============================================================
2025-11-15 12:26:51,500 - INFO - Validation Set - MSE: 0.014800, MAE: 0.094593, RMSE: 0.121656, Pearson Correlation: 0.186830 (p=0.026534)
2025-11-15 12:26:51,542 - INFO - Test Set - MSE: 0.020023, MAE: 0.113568, RMSE: 0.141502, Pearson Correlation: 0.057746 (p=0.445196)
2025-11-15 12:26:51,542 - INFO - ============================================================

2025-11-15 12:26:51,542 - INFO - CV Fold 2 completed successfully
2025-11-15 12:26:51,542 - INFO - 
--------------------------------------------------------------------------------
2025-11-15 12:26:51,542 - INFO - CV Fold 3
2025-11-15 12:26:51,542 - INFO - --------------------------------------------------------------------------------
2025-11-15 12:26:51,544 - INFO - Loading dataset...
2025-11-15 12:26:51,630 - INFO - Dataset shapes - Train: (567, 17, 25, 1), Valid: (141, 17, 25, 1), Test: (177, 17, 25, 1)
2025-11-15 12:26:51,631 - INFO - Initializing VIGNet model...
2025-11-15 12:26:51,634 - INFO - Number of batch iterations per epoch: 113
2025-11-15 12:27:01,307 - INFO - Epoch: 1, Training Loss: 0.1378, Validation Loss: 0.1044
2025-11-15 12:27:01,308 - INFO -   → New best validation loss: 0.1044
2025-11-15 12:27:16,879 - INFO - Epoch: 2, Training Loss: 0.0533, Validation Loss: 0.2376
2025-11-15 12:27:25,195 - INFO - Epoch: 3, Training Loss: 0.0256, Validation Loss: 0.0276
2025-11-15 12:27:25,195 - INFO -   → New best validation loss: 0.0276
2025-11-15 12:27:38,156 - INFO - Epoch: 4, Training Loss: 0.0198, Validation Loss: 0.0220
2025-11-15 12:27:38,159 - INFO -   → New best validation loss: 0.0220
2025-11-15 12:27:51,361 - INFO - Epoch: 5, Training Loss: 0.0217, Validation Loss: 0.0211
2025-11-15 12:27:51,362 - INFO -   → New best validation loss: 0.0211
2025-11-15 12:28:04,848 - INFO - Epoch: 6, Training Loss: 0.0210, Validation Loss: 0.0222
2025-11-15 12:28:19,562 - INFO - Epoch: 7, Training Loss: 0.0193, Validation Loss: 0.0223
2025-11-15 12:28:33,027 - INFO - Epoch: 8, Training Loss: 0.0192, Validation Loss: 0.0218
2025-11-15 12:28:43,064 - INFO - Epoch: 9, Training Loss: 0.0176, Validation Loss: 0.0225
2025-11-15 12:28:54,841 - INFO - Epoch: 10, Training Loss: 0.0181, Validation Loss: 0.0244
2025-11-15 12:29:05,098 - INFO - Epoch: 11, Training Loss: 0.0179, Validation Loss: 0.0212
2025-11-15 12:29:17,577 - INFO - Epoch: 12, Training Loss: 0.0180, Validation Loss: 0.0214
2025-11-15 12:29:29,096 - INFO - Epoch: 13, Training Loss: 0.0179, Validation Loss: 0.0214
2025-11-15 12:29:40,271 - INFO - Epoch: 14, Training Loss: 0.0180, Validation Loss: 0.0219
2025-11-15 12:29:53,371 - INFO - Epoch: 15, Training Loss: 0.0173, Validation Loss: 0.0213
2025-11-15 12:30:08,598 - INFO - Epoch: 16, Training Loss: 0.0176, Validation Loss: 0.0227
2025-11-15 12:30:18,399 - INFO - Epoch: 17, Training Loss: 0.0172, Validation Loss: 0.0213
2025-11-15 12:30:29,290 - INFO - Epoch: 18, Training Loss: 0.0169, Validation Loss: 0.0221
2025-11-15 12:30:41,986 - INFO - Epoch: 19, Training Loss: 0.0173, Validation Loss: 0.0240
2025-11-15 12:30:54,279 - INFO - Epoch: 20, Training Loss: 0.0174, Validation Loss: 0.0219
2025-11-15 12:31:06,425 - INFO - Epoch: 21, Training Loss: 0.0173, Validation Loss: 0.0217
2025-11-15 12:31:20,647 - INFO - Epoch: 22, Training Loss: 0.0173, Validation Loss: 0.0212
2025-11-15 12:31:31,569 - INFO - Epoch: 23, Training Loss: 0.0171, Validation Loss: 0.0214
2025-11-15 12:31:45,634 - INFO - Epoch: 24, Training Loss: 0.0172, Validation Loss: 0.0211
2025-11-15 12:31:58,737 - INFO - Epoch: 25, Training Loss: 0.0172, Validation Loss: 0.0212
2025-11-15 12:31:58,737 - INFO - Early stopping triggered at epoch 25
2025-11-15 12:31:58,737 - INFO - Best validation loss: 0.0211
2025-11-15 12:31:58,746 - INFO - Restored best model weights
2025-11-15 12:31:58,746 - INFO - 
============================================================
2025-11-15 12:31:58,746 - INFO - EVALUATION RESULTS
2025-11-15 12:31:58,746 - INFO - ============================================================
2025-11-15 12:31:58,986 - INFO - Validation Set - MSE: 0.021568, MAE: 0.120296, RMSE: 0.146861, Pearson Correlation: 0.229887 (p=0.006101)
2025-11-15 12:31:59,183 - INFO - Test Set - MSE: 0.015997, MAE: 0.101310, RMSE: 0.126478, Pearson Correlation: 0.212207 (p=0.004574)
2025-11-15 12:31:59,183 - INFO - ============================================================

2025-11-15 12:31:59,184 - INFO - CV Fold 3 completed successfully
2025-11-15 12:31:59,185 - INFO - 
--------------------------------------------------------------------------------
2025-11-15 12:31:59,185 - INFO - CV Fold 4
2025-11-15 12:31:59,185 - INFO - --------------------------------------------------------------------------------
2025-11-15 12:31:59,192 - INFO - Loading dataset...
2025-11-15 12:31:59,300 - INFO - Dataset shapes - Train: (567, 17, 25, 1), Valid: (141, 17, 25, 1), Test: (177, 17, 25, 1)
2025-11-15 12:31:59,302 - INFO - Initializing VIGNet model...
2025-11-15 12:31:59,305 - INFO - Number of batch iterations per epoch: 113
2025-11-15 12:32:12,920 - INFO - Epoch: 1, Training Loss: 0.1619, Validation Loss: 0.1389
2025-11-15 12:32:12,921 - INFO -   → New best validation loss: 0.1389
2025-11-15 12:32:25,495 - INFO - Epoch: 2, Training Loss: 0.0959, Validation Loss: 0.0553
2025-11-15 12:32:25,496 - INFO -   → New best validation loss: 0.0553
2025-11-15 12:32:39,978 - INFO - Epoch: 3, Training Loss: 0.0321, Validation Loss: 0.0174
2025-11-15 12:32:39,978 - INFO -   → New best validation loss: 0.0174
2025-11-15 12:32:50,900 - INFO - Epoch: 4, Training Loss: 0.0239, Validation Loss: 0.0282
2025-11-15 12:33:03,820 - INFO - Epoch: 5, Training Loss: 0.0219, Validation Loss: 0.0188
2025-11-15 12:33:18,473 - INFO - Epoch: 6, Training Loss: 0.0214, Validation Loss: 0.0179
2025-11-15 12:33:30,316 - INFO - Epoch: 7, Training Loss: 0.0201, Validation Loss: 0.0177
2025-11-15 12:33:44,170 - INFO - Epoch: 8, Training Loss: 0.0208, Validation Loss: 0.0197
2025-11-15 12:33:56,251 - INFO - Epoch: 9, Training Loss: 0.0192, Validation Loss: 0.0214
2025-11-15 12:34:09,371 - INFO - Epoch: 10, Training Loss: 0.0190, Validation Loss: 0.0180
2025-11-15 12:34:19,741 - INFO - Epoch: 11, Training Loss: 0.0187, Validation Loss: 0.0290
2025-11-15 12:34:32,563 - INFO - Epoch: 12, Training Loss: 0.0195, Validation Loss: 0.0178
2025-11-15 12:34:48,091 - INFO - Epoch: 13, Training Loss: 0.0180, Validation Loss: 0.0176
2025-11-15 12:34:58,636 - INFO - Epoch: 14, Training Loss: 0.0183, Validation Loss: 0.0193
2025-11-15 12:35:13,855 - INFO - Epoch: 15, Training Loss: 0.0192, Validation Loss: 0.0175
2025-11-15 12:35:28,367 - INFO - Epoch: 16, Training Loss: 0.0182, Validation Loss: 0.0181
2025-11-15 12:35:41,060 - INFO - Epoch: 17, Training Loss: 0.0189, Validation Loss: 0.0194
2025-11-15 12:35:54,420 - INFO - Epoch: 18, Training Loss: 0.0182, Validation Loss: 0.0181
2025-11-15 12:36:06,256 - INFO - Epoch: 19, Training Loss: 0.0180, Validation Loss: 0.0177
2025-11-15 12:36:19,281 - INFO - Epoch: 20, Training Loss: 0.0185, Validation Loss: 0.0183
2025-11-15 12:36:33,031 - INFO - Epoch: 21, Training Loss: 0.0184, Validation Loss: 0.0177
2025-11-15 12:36:44,166 - INFO - Epoch: 22, Training Loss: 0.0177, Validation Loss: 0.0187
2025-11-15 12:36:57,369 - INFO - Epoch: 23, Training Loss: 0.0179, Validation Loss: 0.0188
2025-11-15 12:36:57,369 - INFO - Early stopping triggered at epoch 23
2025-11-15 12:36:57,369 - INFO - Best validation loss: 0.0174
2025-11-15 12:36:57,375 - INFO - Restored best model weights
2025-11-15 12:36:57,375 - INFO - 
============================================================
2025-11-15 12:36:57,375 - INFO - EVALUATION RESULTS
2025-11-15 12:36:57,375 - INFO - ============================================================
2025-11-15 12:36:57,421 - INFO - Validation Set - MSE: 0.027593, MAE: 0.132007, RMSE: 0.166110, Pearson Correlation: 0.400003 (p=0.000001)
2025-11-15 12:36:57,464 - INFO - Test Set - MSE: 0.023264, MAE: 0.119764, RMSE: 0.152525, Pearson Correlation: 0.220428 (p=0.003196)
2025-11-15 12:36:57,464 - INFO - ============================================================

2025-11-15 12:36:57,465 - INFO - CV Fold 4 completed successfully
2025-11-15 12:36:57,465 - INFO - 
================================================================================
2025-11-15 12:36:57,465 - INFO - CROSS-VALIDATION SUMMARY - TRIAL 11
2025-11-15 12:36:57,465 - INFO - ================================================================================
2025-11-15 12:36:57,465 - INFO - Validation Set (Average across 5 CV folds):
2025-11-15 12:36:57,465 - INFO -   MSE: 0.020962 ± 0.004249
2025-11-15 12:36:57,465 - INFO -   MAE: 0.115006 ± 0.012434
2025-11-15 12:36:57,465 - INFO -   RMSE: 0.144029 ± 0.014766
2025-11-15 12:36:57,465 - INFO -   Pearson Correlation: 0.148887 ± 0.178508
2025-11-15 12:36:57,465 - INFO - 
Test Set (Average across 5 CV folds):
2025-11-15 12:36:57,465 - INFO -   MSE: 0.018767 ± 0.003248
2025-11-15 12:36:57,465 - INFO -   MAE: 0.108766 ± 0.009288
2025-11-15 12:36:57,465 - INFO -   RMSE: 0.136468 ± 0.011996
2025-11-15 12:36:57,465 - INFO -   Pearson Correlation: 0.110062 ± 0.087402
2025-11-15 12:36:57,465 - INFO - ================================================================================
2025-11-15 12:36:57,465 - INFO - ================================================================================
2025-11-15 12:36:57,465 - INFO - Trial 11 completed. End time: 2025-11-15 12:36:57
2025-11-15 12:36:57,465 - INFO - ================================================================================
