2025-11-15 08:17:11,747 - INFO - ================================================================================
2025-11-15 08:17:11,747 - INFO - TRIAL 8 - Task: RGS
2025-11-15 08:17:11,747 - INFO - Log file: ./logs/trial8_RGS_20251115_003538.log
2025-11-15 08:17:11,747 - INFO - Start time: 2025-11-15 08:17:11
2025-11-15 08:17:11,747 - INFO - ================================================================================
2025-11-15 08:17:11,747 - INFO - 
--------------------------------------------------------------------------------
2025-11-15 08:17:11,747 - INFO - CV Fold 0
2025-11-15 08:17:11,747 - INFO - --------------------------------------------------------------------------------
2025-11-15 08:17:11,749 - INFO - Loading dataset...
2025-11-15 08:17:11,836 - INFO - Dataset shapes - Train: (567, 17, 25, 1), Valid: (141, 17, 25, 1), Test: (177, 17, 25, 1)
2025-11-15 08:17:11,837 - INFO - Initializing VIGNet model...
2025-11-15 08:17:11,840 - INFO - Number of batch iterations per epoch: 113
2025-11-15 08:17:21,637 - INFO - Epoch: 1, Training Loss: 0.1252, Validation Loss: 0.0788
2025-11-15 08:17:21,638 - INFO -   → New best validation loss: 0.0788
2025-11-15 08:17:32,861 - INFO - Epoch: 2, Training Loss: 0.0854, Validation Loss: 0.0481
2025-11-15 08:17:32,861 - INFO -   → New best validation loss: 0.0481
2025-11-15 08:17:44,439 - INFO - Epoch: 3, Training Loss: 0.0625, Validation Loss: 0.0469
2025-11-15 08:17:44,441 - INFO -   → New best validation loss: 0.0469
2025-11-15 08:17:59,106 - INFO - Epoch: 4, Training Loss: 0.0600, Validation Loss: 0.0467
2025-11-15 08:17:59,107 - INFO -   → New best validation loss: 0.0467
2025-11-15 08:18:09,690 - INFO - Epoch: 5, Training Loss: 0.0610, Validation Loss: 0.0466
2025-11-15 08:18:09,691 - INFO -   → New best validation loss: 0.0466
2025-11-15 08:18:18,943 - INFO - Epoch: 6, Training Loss: 0.0607, Validation Loss: 0.0469
2025-11-15 08:18:31,430 - INFO - Epoch: 7, Training Loss: 0.0594, Validation Loss: 0.0467
2025-11-15 08:18:44,424 - INFO - Epoch: 8, Training Loss: 0.0608, Validation Loss: 0.0488
2025-11-15 08:18:51,269 - INFO - Epoch: 9, Training Loss: 0.0599, Validation Loss: 0.0477
2025-11-15 08:19:02,057 - INFO - Epoch: 10, Training Loss: 0.0602, Validation Loss: 0.0476
2025-11-15 08:19:14,130 - INFO - Epoch: 11, Training Loss: 0.0596, Validation Loss: 0.0470
2025-11-15 08:19:25,319 - INFO - Epoch: 12, Training Loss: 0.0601, Validation Loss: 0.0482
2025-11-15 08:19:39,260 - INFO - Epoch: 13, Training Loss: 0.0595, Validation Loss: 0.0467
2025-11-15 08:19:50,577 - INFO - Epoch: 14, Training Loss: 0.0595, Validation Loss: 0.0467
2025-11-15 08:20:01,351 - INFO - Epoch: 15, Training Loss: 0.0599, Validation Loss: 0.0473
2025-11-15 08:20:10,443 - INFO - Epoch: 16, Training Loss: 0.0593, Validation Loss: 0.0471
2025-11-15 08:20:22,521 - INFO - Epoch: 17, Training Loss: 0.0586, Validation Loss: 0.0479
2025-11-15 08:20:36,746 - INFO - Epoch: 18, Training Loss: 0.0594, Validation Loss: 0.0489
2025-11-15 08:20:50,510 - INFO - Epoch: 19, Training Loss: 0.0597, Validation Loss: 0.0470
2025-11-15 08:21:05,797 - INFO - Epoch: 20, Training Loss: 0.0595, Validation Loss: 0.0463
2025-11-15 08:21:05,798 - INFO -   → New best validation loss: 0.0463
2025-11-15 08:21:17,050 - INFO - Epoch: 21, Training Loss: 0.0597, Validation Loss: 0.0481
2025-11-15 08:21:29,182 - INFO - Epoch: 22, Training Loss: 0.0595, Validation Loss: 0.0477
2025-11-15 08:21:44,627 - INFO - Epoch: 23, Training Loss: 0.0592, Validation Loss: 0.0470
2025-11-15 08:21:56,502 - INFO - Epoch: 24, Training Loss: 0.0589, Validation Loss: 0.0474
2025-11-15 08:22:06,982 - INFO - Epoch: 25, Training Loss: 0.0588, Validation Loss: 0.0469
2025-11-15 08:22:17,288 - INFO - Epoch: 26, Training Loss: 0.0591, Validation Loss: 0.0504
2025-11-15 08:22:30,908 - INFO - Epoch: 27, Training Loss: 0.0586, Validation Loss: 0.0474
2025-11-15 08:22:44,158 - INFO - Epoch: 28, Training Loss: 0.0595, Validation Loss: 0.0466
2025-11-15 08:22:58,312 - INFO - Epoch: 29, Training Loss: 0.0589, Validation Loss: 0.0472
2025-11-15 08:23:11,628 - INFO - Epoch: 30, Training Loss: 0.0594, Validation Loss: 0.0466
2025-11-15 08:23:25,016 - INFO - Epoch: 31, Training Loss: 0.0591, Validation Loss: 0.0480
2025-11-15 08:23:39,778 - INFO - Epoch: 32, Training Loss: 0.0590, Validation Loss: 0.0464
2025-11-15 08:23:53,258 - INFO - Epoch: 33, Training Loss: 0.0592, Validation Loss: 0.0475
2025-11-15 08:24:05,209 - INFO - Epoch: 34, Training Loss: 0.0588, Validation Loss: 0.0478
2025-11-15 08:24:18,796 - INFO - Epoch: 35, Training Loss: 0.0589, Validation Loss: 0.0480
2025-11-15 08:24:31,789 - INFO - Epoch: 36, Training Loss: 0.0590, Validation Loss: 0.0474
2025-11-15 08:24:43,978 - INFO - Epoch: 37, Training Loss: 0.0593, Validation Loss: 0.0466
2025-11-15 08:24:56,278 - INFO - Epoch: 38, Training Loss: 0.0585, Validation Loss: 0.0473
2025-11-15 08:25:10,003 - INFO - Epoch: 39, Training Loss: 0.0585, Validation Loss: 0.0478
2025-11-15 08:25:23,250 - INFO - Epoch: 40, Training Loss: 0.0589, Validation Loss: 0.0482
2025-11-15 08:25:23,250 - INFO - Early stopping triggered at epoch 40
2025-11-15 08:25:23,250 - INFO - Best validation loss: 0.0463
2025-11-15 08:25:23,254 - INFO - Restored best model weights
2025-11-15 08:25:23,254 - INFO - 
============================================================
2025-11-15 08:25:23,254 - INFO - EVALUATION RESULTS
2025-11-15 08:25:23,254 - INFO - ============================================================
2025-11-15 08:25:23,296 - INFO - Validation Set - MSE: 0.048906, MAE: 0.170117, RMSE: 0.221148, Pearson Correlation: -0.265847 (p=0.001442)
2025-11-15 08:25:23,339 - INFO - Test Set - MSE: 0.061225, MAE: 0.179218, RMSE: 0.247436, Pearson Correlation: -0.303354 (p=0.000041)
2025-11-15 08:25:23,339 - INFO - ============================================================

2025-11-15 08:25:23,340 - INFO - CV Fold 0 completed successfully
2025-11-15 08:25:23,340 - INFO - 
--------------------------------------------------------------------------------
2025-11-15 08:25:23,340 - INFO - CV Fold 1
2025-11-15 08:25:23,340 - INFO - --------------------------------------------------------------------------------
2025-11-15 08:25:23,342 - INFO - Loading dataset...
2025-11-15 08:25:23,429 - INFO - Dataset shapes - Train: (567, 17, 25, 1), Valid: (141, 17, 25, 1), Test: (177, 17, 25, 1)
2025-11-15 08:25:23,430 - INFO - Initializing VIGNet model...
2025-11-15 08:25:23,433 - INFO - Number of batch iterations per epoch: 113
2025-11-15 08:25:33,035 - INFO - Epoch: 1, Training Loss: 0.1220, Validation Loss: 0.0875
2025-11-15 08:25:33,036 - INFO -   → New best validation loss: 0.0875
2025-11-15 08:25:43,605 - INFO - Epoch: 2, Training Loss: 0.0809, Validation Loss: 0.0531
2025-11-15 08:25:43,605 - INFO -   → New best validation loss: 0.0531
2025-11-15 08:25:56,636 - INFO - Epoch: 3, Training Loss: 0.0622, Validation Loss: 0.0518
2025-11-15 08:25:56,636 - INFO -   → New best validation loss: 0.0518
2025-11-15 08:26:08,173 - INFO - Epoch: 4, Training Loss: 0.0624, Validation Loss: 0.0520
2025-11-15 08:26:21,988 - INFO - Epoch: 5, Training Loss: 0.0623, Validation Loss: 0.0516
2025-11-15 08:26:21,988 - INFO -   → New best validation loss: 0.0516
2025-11-15 08:26:35,966 - INFO - Epoch: 6, Training Loss: 0.0618, Validation Loss: 0.0518
2025-11-15 08:26:48,962 - INFO - Epoch: 7, Training Loss: 0.0618, Validation Loss: 0.0520
2025-11-15 08:27:00,955 - INFO - Epoch: 8, Training Loss: 0.0623, Validation Loss: 0.0517
2025-11-15 08:27:16,870 - INFO - Epoch: 9, Training Loss: 0.0620, Validation Loss: 0.0565
2025-11-15 08:27:28,262 - INFO - Epoch: 10, Training Loss: 0.0618, Validation Loss: 0.0516
2025-11-15 08:27:28,264 - INFO -   → New best validation loss: 0.0516
2025-11-15 08:27:43,236 - INFO - Epoch: 11, Training Loss: 0.0617, Validation Loss: 0.0521
2025-11-15 08:27:52,849 - INFO - Epoch: 12, Training Loss: 0.0620, Validation Loss: 0.0565
2025-11-15 08:28:05,532 - INFO - Epoch: 13, Training Loss: 0.0616, Validation Loss: 0.0520
2025-11-15 08:28:18,134 - INFO - Epoch: 14, Training Loss: 0.0619, Validation Loss: 0.0516
2025-11-15 08:28:18,136 - INFO -   → New best validation loss: 0.0516
2025-11-15 08:28:29,887 - INFO - Epoch: 15, Training Loss: 0.0617, Validation Loss: 0.0518
2025-11-15 08:28:45,990 - INFO - Epoch: 16, Training Loss: 0.0604, Validation Loss: 0.0516
2025-11-15 08:28:58,225 - INFO - Epoch: 17, Training Loss: 0.0611, Validation Loss: 0.0518
2025-11-15 08:29:08,697 - INFO - Epoch: 18, Training Loss: 0.0615, Validation Loss: 0.0511
2025-11-15 08:29:08,697 - INFO -   → New best validation loss: 0.0511
2025-11-15 08:29:19,130 - INFO - Epoch: 19, Training Loss: 0.0609, Validation Loss: 0.0521
2025-11-15 08:29:34,876 - INFO - Epoch: 20, Training Loss: 0.0613, Validation Loss: 0.0513
2025-11-15 08:29:48,625 - INFO - Epoch: 21, Training Loss: 0.0615, Validation Loss: 0.0513
2025-11-15 08:30:01,391 - INFO - Epoch: 22, Training Loss: 0.0615, Validation Loss: 0.0513
2025-11-15 08:30:10,991 - INFO - Epoch: 23, Training Loss: 0.0610, Validation Loss: 0.0521
2025-11-15 08:30:23,634 - INFO - Epoch: 24, Training Loss: 0.0605, Validation Loss: 0.0526
2025-11-15 08:30:34,387 - INFO - Epoch: 25, Training Loss: 0.0609, Validation Loss: 0.0522
2025-11-15 08:30:46,447 - INFO - Epoch: 26, Training Loss: 0.0609, Validation Loss: 0.0511
2025-11-15 08:30:59,112 - INFO - Epoch: 27, Training Loss: 0.0608, Validation Loss: 0.0514
2025-11-15 08:31:15,625 - INFO - Epoch: 28, Training Loss: 0.0604, Validation Loss: 0.0517
2025-11-15 08:31:28,348 - INFO - Epoch: 29, Training Loss: 0.0609, Validation Loss: 0.0513
2025-11-15 08:31:39,743 - INFO - Epoch: 30, Training Loss: 0.0607, Validation Loss: 0.0511
2025-11-15 08:31:53,020 - INFO - Epoch: 31, Training Loss: 0.0604, Validation Loss: 0.0516
2025-11-15 08:32:06,869 - INFO - Epoch: 32, Training Loss: 0.0609, Validation Loss: 0.0527
2025-11-15 08:32:19,480 - INFO - Epoch: 33, Training Loss: 0.0607, Validation Loss: 0.0515
2025-11-15 08:32:28,560 - INFO - Epoch: 34, Training Loss: 0.0605, Validation Loss: 0.0521
2025-11-15 08:32:41,392 - INFO - Epoch: 35, Training Loss: 0.0606, Validation Loss: 0.0512
2025-11-15 08:32:52,256 - INFO - Epoch: 36, Training Loss: 0.0609, Validation Loss: 0.0514
2025-11-15 08:33:07,581 - INFO - Epoch: 37, Training Loss: 0.0602, Validation Loss: 0.0513
2025-11-15 08:33:18,897 - INFO - Epoch: 38, Training Loss: 0.0598, Validation Loss: 0.0508
2025-11-15 08:33:18,898 - INFO -   → New best validation loss: 0.0508
2025-11-15 08:33:31,506 - INFO - Epoch: 39, Training Loss: 0.0607, Validation Loss: 0.0507
2025-11-15 08:33:31,506 - INFO -   → New best validation loss: 0.0507
2025-11-15 08:33:42,830 - INFO - Epoch: 40, Training Loss: 0.0604, Validation Loss: 0.0525
2025-11-15 08:33:58,329 - INFO - Epoch: 41, Training Loss: 0.0605, Validation Loss: 0.0511
2025-11-15 08:34:08,575 - INFO - Epoch: 42, Training Loss: 0.0601, Validation Loss: 0.0512
2025-11-15 08:34:20,388 - INFO - Epoch: 43, Training Loss: 0.0602, Validation Loss: 0.0506
2025-11-15 08:34:20,390 - INFO -   → New best validation loss: 0.0506
2025-11-15 08:34:33,173 - INFO - Epoch: 44, Training Loss: 0.0600, Validation Loss: 0.0509
2025-11-15 08:34:44,383 - INFO - Epoch: 45, Training Loss: 0.0604, Validation Loss: 0.0512
2025-11-15 08:34:55,235 - INFO - Epoch: 46, Training Loss: 0.0602, Validation Loss: 0.0504
2025-11-15 08:34:55,236 - INFO -   → New best validation loss: 0.0504
2025-11-15 08:35:08,004 - INFO - Epoch: 47, Training Loss: 0.0600, Validation Loss: 0.0514
2025-11-15 08:35:22,359 - INFO - Epoch: 48, Training Loss: 0.0601, Validation Loss: 0.0504
2025-11-15 08:35:34,549 - INFO - Epoch: 49, Training Loss: 0.0593, Validation Loss: 0.0502
2025-11-15 08:35:34,550 - INFO -   → New best validation loss: 0.0502
2025-11-15 08:35:46,415 - INFO - Epoch: 50, Training Loss: 0.0594, Validation Loss: 0.0503
2025-11-15 08:35:56,918 - INFO - Epoch: 51, Training Loss: 0.0600, Validation Loss: 0.0506
2025-11-15 08:36:07,080 - INFO - Epoch: 52, Training Loss: 0.0596, Validation Loss: 0.0507
2025-11-15 08:36:17,463 - INFO - Epoch: 53, Training Loss: 0.0594, Validation Loss: 0.0502
2025-11-15 08:36:17,464 - INFO -   → New best validation loss: 0.0502
2025-11-15 08:36:29,812 - INFO - Epoch: 54, Training Loss: 0.0590, Validation Loss: 0.0517
2025-11-15 08:36:42,856 - INFO - Epoch: 55, Training Loss: 0.0601, Validation Loss: 0.0532
2025-11-15 08:36:53,958 - INFO - Epoch: 56, Training Loss: 0.0593, Validation Loss: 0.0496
2025-11-15 08:36:53,959 - INFO -   → New best validation loss: 0.0496
2025-11-15 08:37:06,444 - INFO - Epoch: 57, Training Loss: 0.0596, Validation Loss: 0.0498
2025-11-15 08:37:23,886 - INFO - Epoch: 58, Training Loss: 0.0584, Validation Loss: 0.0485
2025-11-15 08:37:23,886 - INFO -   → New best validation loss: 0.0485
2025-11-15 08:37:37,057 - INFO - Epoch: 59, Training Loss: 0.0579, Validation Loss: 0.0502
2025-11-15 08:37:48,981 - INFO - Epoch: 60, Training Loss: 0.0589, Validation Loss: 0.0512
2025-11-15 08:38:00,156 - INFO - Epoch: 61, Training Loss: 0.0584, Validation Loss: 0.0484
2025-11-15 08:38:00,157 - INFO -   → New best validation loss: 0.0484
2025-11-15 08:38:11,990 - INFO - Epoch: 62, Training Loss: 0.0584, Validation Loss: 0.0511
2025-11-15 08:38:25,871 - INFO - Epoch: 63, Training Loss: 0.0583, Validation Loss: 0.0492
2025-11-15 08:38:39,491 - INFO - Epoch: 64, Training Loss: 0.0581, Validation Loss: 0.0491
2025-11-15 08:38:51,031 - INFO - Epoch: 65, Training Loss: 0.0577, Validation Loss: 0.0489
2025-11-15 08:39:02,781 - INFO - Epoch: 66, Training Loss: 0.0580, Validation Loss: 0.0473
2025-11-15 08:39:02,782 - INFO -   → New best validation loss: 0.0473
2025-11-15 08:39:14,777 - INFO - Epoch: 67, Training Loss: 0.0576, Validation Loss: 0.0538
2025-11-15 08:39:30,321 - INFO - Epoch: 68, Training Loss: 0.0576, Validation Loss: 0.0482
2025-11-15 08:39:41,565 - INFO - Epoch: 69, Training Loss: 0.0567, Validation Loss: 0.0503
2025-11-15 08:39:55,929 - INFO - Epoch: 70, Training Loss: 0.0575, Validation Loss: 0.0487
2025-11-15 08:40:07,204 - INFO - Epoch: 71, Training Loss: 0.0567, Validation Loss: 0.0507
2025-11-15 08:40:22,411 - INFO - Epoch: 72, Training Loss: 0.0574, Validation Loss: 0.0506
2025-11-15 08:40:34,366 - INFO - Epoch: 73, Training Loss: 0.0568, Validation Loss: 0.0499
2025-11-15 08:40:49,042 - INFO - Epoch: 74, Training Loss: 0.0560, Validation Loss: 0.0450
2025-11-15 08:40:49,044 - INFO -   → New best validation loss: 0.0450
2025-11-15 08:41:03,516 - INFO - Epoch: 75, Training Loss: 0.0555, Validation Loss: 0.0501
2025-11-15 08:41:15,975 - INFO - Epoch: 76, Training Loss: 0.0576, Validation Loss: 0.0487
2025-11-15 08:41:30,527 - INFO - Epoch: 77, Training Loss: 0.0556, Validation Loss: 0.0469
2025-11-15 08:41:42,320 - INFO - Epoch: 78, Training Loss: 0.0556, Validation Loss: 0.0461
2025-11-15 08:41:51,488 - INFO - Epoch: 79, Training Loss: 0.0553, Validation Loss: 0.0458
2025-11-15 08:42:02,660 - INFO - Epoch: 80, Training Loss: 0.0556, Validation Loss: 0.0466
2025-11-15 08:42:13,452 - INFO - Epoch: 81, Training Loss: 0.0545, Validation Loss: 0.0470
2025-11-15 08:42:26,992 - INFO - Epoch: 82, Training Loss: 0.0543, Validation Loss: 0.0466
2025-11-15 08:42:40,726 - INFO - Epoch: 83, Training Loss: 0.0551, Validation Loss: 0.0466
2025-11-15 08:42:55,595 - INFO - Epoch: 84, Training Loss: 0.0527, Validation Loss: 0.0463
2025-11-15 08:43:06,513 - INFO - Epoch: 85, Training Loss: 0.0539, Validation Loss: 0.0469
2025-11-15 08:43:18,436 - INFO - Epoch: 86, Training Loss: 0.0541, Validation Loss: 0.0452
2025-11-15 08:43:35,025 - INFO - Epoch: 87, Training Loss: 0.0535, Validation Loss: 0.0452
2025-11-15 08:43:46,201 - INFO - Epoch: 88, Training Loss: 0.0534, Validation Loss: 0.0448
2025-11-15 08:43:46,205 - INFO -   → New best validation loss: 0.0448
2025-11-15 08:43:57,084 - INFO - Epoch: 89, Training Loss: 0.0536, Validation Loss: 0.0454
2025-11-15 08:44:10,127 - INFO - Epoch: 90, Training Loss: 0.0536, Validation Loss: 0.0473
2025-11-15 08:44:21,359 - INFO - Epoch: 91, Training Loss: 0.0524, Validation Loss: 0.0479
2025-11-15 08:44:31,932 - INFO - Epoch: 92, Training Loss: 0.0524, Validation Loss: 0.0438
2025-11-15 08:44:31,933 - INFO -   → New best validation loss: 0.0438
2025-11-15 08:44:42,140 - INFO - Epoch: 93, Training Loss: 0.0507, Validation Loss: 0.0433
2025-11-15 08:44:42,141 - INFO -   → New best validation loss: 0.0433
2025-11-15 08:44:55,401 - INFO - Epoch: 94, Training Loss: 0.0506, Validation Loss: 0.0437
2025-11-15 08:45:06,115 - INFO - Epoch: 95, Training Loss: 0.0513, Validation Loss: 0.0409
2025-11-15 08:45:06,119 - INFO -   → New best validation loss: 0.0409
2025-11-15 08:45:17,450 - INFO - Epoch: 96, Training Loss: 0.0512, Validation Loss: 0.0441
2025-11-15 08:45:27,387 - INFO - Epoch: 97, Training Loss: 0.0501, Validation Loss: 0.0425
2025-11-15 08:45:39,301 - INFO - Epoch: 98, Training Loss: 0.0504, Validation Loss: 0.0420
2025-11-15 08:45:53,880 - INFO - Epoch: 99, Training Loss: 0.0502, Validation Loss: 0.0488
2025-11-15 08:46:07,100 - INFO - Epoch: 100, Training Loss: 0.0512, Validation Loss: 0.0436
2025-11-15 08:46:19,280 - INFO - Epoch: 101, Training Loss: 0.0479, Validation Loss: 0.0442
2025-11-15 08:46:28,895 - INFO - Epoch: 102, Training Loss: 0.0475, Validation Loss: 0.0404
2025-11-15 08:46:28,896 - INFO -   → New best validation loss: 0.0404
2025-11-15 08:46:46,127 - INFO - Epoch: 103, Training Loss: 0.0482, Validation Loss: 0.0410
2025-11-15 08:46:58,485 - INFO - Epoch: 104, Training Loss: 0.0478, Validation Loss: 0.0408
2025-11-15 08:47:11,335 - INFO - Epoch: 105, Training Loss: 0.0470, Validation Loss: 0.0445
2025-11-15 08:47:28,451 - INFO - Epoch: 106, Training Loss: 0.0454, Validation Loss: 0.0284
2025-11-15 08:47:28,452 - INFO -   → New best validation loss: 0.0284
2025-11-15 08:47:40,710 - INFO - Epoch: 107, Training Loss: 0.0464, Validation Loss: 0.0411
2025-11-15 08:47:54,591 - INFO - Epoch: 108, Training Loss: 0.0463, Validation Loss: 0.0428
2025-11-15 08:48:06,021 - INFO - Epoch: 109, Training Loss: 0.0466, Validation Loss: 0.0396
2025-11-15 08:48:17,899 - INFO - Epoch: 110, Training Loss: 0.0463, Validation Loss: 0.0428
2025-11-15 08:48:27,903 - INFO - Epoch: 111, Training Loss: 0.0449, Validation Loss: 0.0381
2025-11-15 08:48:41,104 - INFO - Epoch: 112, Training Loss: 0.0452, Validation Loss: 0.0377
2025-11-15 08:48:53,323 - INFO - Epoch: 113, Training Loss: 0.0435, Validation Loss: 0.0488
2025-11-15 08:49:08,734 - INFO - Epoch: 114, Training Loss: 0.0435, Validation Loss: 0.0354
2025-11-15 08:49:22,785 - INFO - Epoch: 115, Training Loss: 0.0428, Validation Loss: 0.0344
2025-11-15 08:49:32,478 - INFO - Epoch: 116, Training Loss: 0.0418, Validation Loss: 0.0373
2025-11-15 08:49:45,942 - INFO - Epoch: 117, Training Loss: 0.0445, Validation Loss: 0.0419
2025-11-15 08:49:58,912 - INFO - Epoch: 118, Training Loss: 0.0421, Validation Loss: 0.0325
2025-11-15 08:50:12,420 - INFO - Epoch: 119, Training Loss: 0.0413, Validation Loss: 0.0355
2025-11-15 08:50:22,917 - INFO - Epoch: 120, Training Loss: 0.0429, Validation Loss: 0.0385
2025-11-15 08:50:34,529 - INFO - Epoch: 121, Training Loss: 0.0403, Validation Loss: 0.0221
2025-11-15 08:50:34,532 - INFO -   → New best validation loss: 0.0221
2025-11-15 08:50:46,748 - INFO - Epoch: 122, Training Loss: 0.0400, Validation Loss: 0.0435
2025-11-15 08:50:59,926 - INFO - Epoch: 123, Training Loss: 0.0413, Validation Loss: 0.0371
2025-11-15 08:51:11,206 - INFO - Epoch: 124, Training Loss: 0.0418, Validation Loss: 0.0295
2025-11-15 08:51:22,475 - INFO - Epoch: 125, Training Loss: 0.0392, Validation Loss: 0.0256
2025-11-15 08:51:33,845 - INFO - Epoch: 126, Training Loss: 0.0394, Validation Loss: 0.0199
2025-11-15 08:51:33,847 - INFO -   → New best validation loss: 0.0199
2025-11-15 08:51:49,254 - INFO - Epoch: 127, Training Loss: 0.0388, Validation Loss: 0.0348
2025-11-15 08:52:03,377 - INFO - Epoch: 128, Training Loss: 0.0386, Validation Loss: 0.0251
2025-11-15 08:52:14,089 - INFO - Epoch: 129, Training Loss: 0.0373, Validation Loss: 0.0344
2025-11-15 08:52:26,639 - INFO - Epoch: 130, Training Loss: 0.0392, Validation Loss: 0.0241
2025-11-15 08:52:36,007 - INFO - Epoch: 131, Training Loss: 0.0347, Validation Loss: 0.0308
2025-11-15 08:52:46,790 - INFO - Epoch: 132, Training Loss: 0.0339, Validation Loss: 0.0288
2025-11-15 08:53:01,232 - INFO - Epoch: 133, Training Loss: 0.0371, Validation Loss: 0.0296
2025-11-15 08:53:13,219 - INFO - Epoch: 134, Training Loss: 0.0357, Validation Loss: 0.0353
2025-11-15 08:53:25,476 - INFO - Epoch: 135, Training Loss: 0.0341, Validation Loss: 0.0288
2025-11-15 08:53:34,698 - INFO - Epoch: 136, Training Loss: 0.0354, Validation Loss: 0.0246
2025-11-15 08:53:48,237 - INFO - Epoch: 137, Training Loss: 0.0350, Validation Loss: 0.0297
2025-11-15 08:54:00,050 - INFO - Epoch: 138, Training Loss: 0.0346, Validation Loss: 0.0213
2025-11-15 08:54:13,429 - INFO - Epoch: 139, Training Loss: 0.0325, Validation Loss: 0.0281
2025-11-15 08:54:26,630 - INFO - Epoch: 140, Training Loss: 0.0309, Validation Loss: 0.0282
2025-11-15 08:54:40,428 - INFO - Epoch: 141, Training Loss: 0.0309, Validation Loss: 0.0382
2025-11-15 08:54:56,446 - INFO - Epoch: 142, Training Loss: 0.0320, Validation Loss: 0.0300
2025-11-15 08:55:10,191 - INFO - Epoch: 143, Training Loss: 0.0314, Validation Loss: 0.0294
2025-11-15 08:55:25,095 - INFO - Epoch: 144, Training Loss: 0.0313, Validation Loss: 0.0321
2025-11-15 08:55:36,419 - INFO - Epoch: 145, Training Loss: 0.0312, Validation Loss: 0.0412
2025-11-15 08:55:50,825 - INFO - Epoch: 146, Training Loss: 0.0280, Validation Loss: 0.0244
2025-11-15 08:55:50,826 - INFO - Early stopping triggered at epoch 146
2025-11-15 08:55:50,826 - INFO - Best validation loss: 0.0199
2025-11-15 08:55:50,841 - INFO - Restored best model weights
2025-11-15 08:55:50,842 - INFO - 
============================================================
2025-11-15 08:55:50,842 - INFO - EVALUATION RESULTS
2025-11-15 08:55:50,842 - INFO - ============================================================
2025-11-15 08:55:51,037 - INFO - Validation Set - MSE: 0.034308, MAE: 0.127223, RMSE: 0.185225, Pearson Correlation: 0.843550 (p=0.000000)
2025-11-15 08:55:51,156 - INFO - Test Set - MSE: 0.025944, MAE: 0.110407, RMSE: 0.161071, Pearson Correlation: 0.883039 (p=0.000000)
2025-11-15 08:55:51,156 - INFO - ============================================================

2025-11-15 08:55:51,156 - INFO - CV Fold 1 completed successfully
2025-11-15 08:55:51,156 - INFO - 
--------------------------------------------------------------------------------
2025-11-15 08:55:51,156 - INFO - CV Fold 2
2025-11-15 08:55:51,156 - INFO - --------------------------------------------------------------------------------
2025-11-15 08:55:51,158 - INFO - Loading dataset...
2025-11-15 08:55:51,245 - INFO - Dataset shapes - Train: (567, 17, 25, 1), Valid: (141, 17, 25, 1), Test: (177, 17, 25, 1)
2025-11-15 08:55:51,247 - INFO - Initializing VIGNet model...
2025-11-15 08:55:51,250 - INFO - Number of batch iterations per epoch: 113
2025-11-15 08:56:03,132 - INFO - Epoch: 1, Training Loss: 0.1317, Validation Loss: 0.0970
2025-11-15 08:56:03,133 - INFO -   → New best validation loss: 0.0970
2025-11-15 08:56:14,103 - INFO - Epoch: 2, Training Loss: 0.1043, Validation Loss: 0.0738
2025-11-15 08:56:14,104 - INFO -   → New best validation loss: 0.0738
2025-11-15 08:56:24,295 - INFO - Epoch: 3, Training Loss: 0.0719, Validation Loss: 0.0485
2025-11-15 08:56:24,295 - INFO -   → New best validation loss: 0.0485
2025-11-15 08:56:34,367 - INFO - Epoch: 4, Training Loss: 0.0657, Validation Loss: 0.0471
2025-11-15 08:56:34,368 - INFO -   → New best validation loss: 0.0471
2025-11-15 08:56:44,105 - INFO - Epoch: 5, Training Loss: 0.0625, Validation Loss: 0.0476
2025-11-15 08:57:00,213 - INFO - Epoch: 6, Training Loss: 0.0642, Validation Loss: 0.0484
2025-11-15 08:57:10,147 - INFO - Epoch: 7, Training Loss: 0.0647, Validation Loss: 0.0485
2025-11-15 08:57:20,469 - INFO - Epoch: 8, Training Loss: 0.0628, Validation Loss: 0.0475
2025-11-15 08:57:34,089 - INFO - Epoch: 9, Training Loss: 0.0627, Validation Loss: 0.0471
2025-11-15 08:57:34,089 - INFO -   → New best validation loss: 0.0471
2025-11-15 08:57:47,962 - INFO - Epoch: 10, Training Loss: 0.0621, Validation Loss: 0.0480
2025-11-15 08:57:56,534 - INFO - Epoch: 11, Training Loss: 0.0634, Validation Loss: 0.0476
2025-11-15 08:58:09,507 - INFO - Epoch: 12, Training Loss: 0.0622, Validation Loss: 0.0484
2025-11-15 08:58:21,625 - INFO - Epoch: 13, Training Loss: 0.0625, Validation Loss: 0.0475
2025-11-15 08:58:32,352 - INFO - Epoch: 14, Training Loss: 0.0635, Validation Loss: 0.0479
2025-11-15 08:58:44,215 - INFO - Epoch: 15, Training Loss: 0.0622, Validation Loss: 0.0472
2025-11-15 08:58:55,309 - INFO - Epoch: 16, Training Loss: 0.0618, Validation Loss: 0.0463
2025-11-15 08:58:55,310 - INFO -   → New best validation loss: 0.0463
2025-11-15 08:59:05,982 - INFO - Epoch: 17, Training Loss: 0.0624, Validation Loss: 0.0470
2025-11-15 08:59:17,292 - INFO - Epoch: 18, Training Loss: 0.0614, Validation Loss: 0.0472
2025-11-15 08:59:29,723 - INFO - Epoch: 19, Training Loss: 0.0621, Validation Loss: 0.0470
2025-11-15 08:59:41,759 - INFO - Epoch: 20, Training Loss: 0.0623, Validation Loss: 0.0471
2025-11-15 08:59:54,742 - INFO - Epoch: 21, Training Loss: 0.0620, Validation Loss: 0.0477
2025-11-15 09:00:05,807 - INFO - Epoch: 22, Training Loss: 0.0621, Validation Loss: 0.0475
2025-11-15 09:00:18,817 - INFO - Epoch: 23, Training Loss: 0.0616, Validation Loss: 0.0475
2025-11-15 09:00:31,593 - INFO - Epoch: 24, Training Loss: 0.0623, Validation Loss: 0.0471
2025-11-15 09:00:43,932 - INFO - Epoch: 25, Training Loss: 0.0616, Validation Loss: 0.0474
2025-11-15 09:00:57,016 - INFO - Epoch: 26, Training Loss: 0.0622, Validation Loss: 0.0488
2025-11-15 09:01:10,620 - INFO - Epoch: 27, Training Loss: 0.0616, Validation Loss: 0.0470
2025-11-15 09:01:21,930 - INFO - Epoch: 28, Training Loss: 0.0617, Validation Loss: 0.0470
2025-11-15 09:01:32,086 - INFO - Epoch: 29, Training Loss: 0.0620, Validation Loss: 0.0472
2025-11-15 09:01:44,584 - INFO - Epoch: 30, Training Loss: 0.0616, Validation Loss: 0.0472
2025-11-15 09:01:56,588 - INFO - Epoch: 31, Training Loss: 0.0620, Validation Loss: 0.0475
2025-11-15 09:02:09,827 - INFO - Epoch: 32, Training Loss: 0.0622, Validation Loss: 0.0474
2025-11-15 09:02:25,268 - INFO - Epoch: 33, Training Loss: 0.0622, Validation Loss: 0.0475
2025-11-15 09:02:37,096 - INFO - Epoch: 34, Training Loss: 0.0613, Validation Loss: 0.0482
2025-11-15 09:02:47,864 - INFO - Epoch: 35, Training Loss: 0.0618, Validation Loss: 0.0479
2025-11-15 09:03:03,371 - INFO - Epoch: 36, Training Loss: 0.0611, Validation Loss: 0.0478
2025-11-15 09:03:03,371 - INFO - Early stopping triggered at epoch 36
2025-11-15 09:03:03,371 - INFO - Best validation loss: 0.0463
2025-11-15 09:03:03,375 - INFO - Restored best model weights
2025-11-15 09:03:03,375 - INFO - 
============================================================
2025-11-15 09:03:03,375 - INFO - EVALUATION RESULTS
2025-11-15 09:03:03,375 - INFO - ============================================================
2025-11-15 09:03:03,419 - INFO - Validation Set - MSE: 0.052668, MAE: 0.192305, RMSE: 0.229496, Pearson Correlation: -0.189590 (p=0.024342)
2025-11-15 09:03:03,511 - INFO - Test Set - MSE: 0.052358, MAE: 0.176436, RMSE: 0.228819, Pearson Correlation: -0.109520 (p=0.146747)
2025-11-15 09:03:03,511 - INFO - ============================================================

2025-11-15 09:03:03,512 - INFO - CV Fold 2 completed successfully
2025-11-15 09:03:03,512 - INFO - 
--------------------------------------------------------------------------------
2025-11-15 09:03:03,512 - INFO - CV Fold 3
2025-11-15 09:03:03,513 - INFO - --------------------------------------------------------------------------------
2025-11-15 09:03:03,521 - INFO - Loading dataset...
2025-11-15 09:03:03,671 - INFO - Dataset shapes - Train: (567, 17, 25, 1), Valid: (141, 17, 25, 1), Test: (177, 17, 25, 1)
2025-11-15 09:03:03,673 - INFO - Initializing VIGNet model...
2025-11-15 09:03:03,675 - INFO - Number of batch iterations per epoch: 113
2025-11-15 09:03:16,625 - INFO - Epoch: 1, Training Loss: 0.1001, Validation Loss: 0.0960
2025-11-15 09:03:16,625 - INFO -   → New best validation loss: 0.0960
2025-11-15 09:03:28,668 - INFO - Epoch: 2, Training Loss: 0.0630, Validation Loss: 0.0620
2025-11-15 09:03:28,668 - INFO -   → New best validation loss: 0.0620
2025-11-15 09:03:41,383 - INFO - Epoch: 3, Training Loss: 0.0559, Validation Loss: 0.0629
2025-11-15 09:03:53,544 - INFO - Epoch: 4, Training Loss: 0.0551, Validation Loss: 0.0634
2025-11-15 09:04:05,644 - INFO - Epoch: 5, Training Loss: 0.0550, Validation Loss: 0.0607
2025-11-15 09:04:05,644 - INFO -   → New best validation loss: 0.0607
2025-11-15 09:04:16,055 - INFO - Epoch: 6, Training Loss: 0.0550, Validation Loss: 0.0606
2025-11-15 09:04:16,057 - INFO -   → New best validation loss: 0.0606
2025-11-15 09:04:30,787 - INFO - Epoch: 7, Training Loss: 0.0542, Validation Loss: 0.0613
2025-11-15 09:04:44,455 - INFO - Epoch: 8, Training Loss: 0.0540, Validation Loss: 0.0609
2025-11-15 09:04:57,699 - INFO - Epoch: 9, Training Loss: 0.0549, Validation Loss: 0.0615
2025-11-15 09:05:08,773 - INFO - Epoch: 10, Training Loss: 0.0547, Validation Loss: 0.0606
2025-11-15 09:05:20,338 - INFO - Epoch: 11, Training Loss: 0.0549, Validation Loss: 0.0612
2025-11-15 09:05:31,305 - INFO - Epoch: 12, Training Loss: 0.0544, Validation Loss: 0.0610
2025-11-15 09:05:43,505 - INFO - Epoch: 13, Training Loss: 0.0552, Validation Loss: 0.0607
2025-11-15 09:05:55,986 - INFO - Epoch: 14, Training Loss: 0.0538, Validation Loss: 0.0603
2025-11-15 09:05:55,987 - INFO -   → New best validation loss: 0.0603
2025-11-15 09:06:08,617 - INFO - Epoch: 15, Training Loss: 0.0546, Validation Loss: 0.0602
2025-11-15 09:06:08,619 - INFO -   → New best validation loss: 0.0602
2025-11-15 09:06:25,578 - INFO - Epoch: 16, Training Loss: 0.0544, Validation Loss: 0.0603
2025-11-15 09:06:37,704 - INFO - Epoch: 17, Training Loss: 0.0541, Validation Loss: 0.0618
2025-11-15 09:06:52,670 - INFO - Epoch: 18, Training Loss: 0.0545, Validation Loss: 0.0612
2025-11-15 09:07:03,947 - INFO - Epoch: 19, Training Loss: 0.0548, Validation Loss: 0.0611
2025-11-15 09:07:13,314 - INFO - Epoch: 20, Training Loss: 0.0542, Validation Loss: 0.0602
2025-11-15 09:07:27,303 - INFO - Epoch: 21, Training Loss: 0.0545, Validation Loss: 0.0609
2025-11-15 09:07:36,417 - INFO - Epoch: 22, Training Loss: 0.0535, Validation Loss: 0.0603
2025-11-15 09:07:48,633 - INFO - Epoch: 23, Training Loss: 0.0542, Validation Loss: 0.0603
2025-11-15 09:07:58,281 - INFO - Epoch: 24, Training Loss: 0.0544, Validation Loss: 0.0611
2025-11-15 09:08:09,352 - INFO - Epoch: 25, Training Loss: 0.0544, Validation Loss: 0.0601
2025-11-15 09:08:09,353 - INFO -   → New best validation loss: 0.0601
2025-11-15 09:08:24,072 - INFO - Epoch: 26, Training Loss: 0.0539, Validation Loss: 0.0601
2025-11-15 09:08:24,073 - INFO -   → New best validation loss: 0.0601
2025-11-15 09:08:39,009 - INFO - Epoch: 27, Training Loss: 0.0543, Validation Loss: 0.0608
2025-11-15 09:08:49,625 - INFO - Epoch: 28, Training Loss: 0.0543, Validation Loss: 0.0602
2025-11-15 09:09:02,515 - INFO - Epoch: 29, Training Loss: 0.0539, Validation Loss: 0.0606
2025-11-15 09:09:14,243 - INFO - Epoch: 30, Training Loss: 0.0542, Validation Loss: 0.0605
2025-11-15 09:09:28,527 - INFO - Epoch: 31, Training Loss: 0.0544, Validation Loss: 0.0601
2025-11-15 09:09:28,528 - INFO -   → New best validation loss: 0.0601
2025-11-15 09:09:41,610 - INFO - Epoch: 32, Training Loss: 0.0542, Validation Loss: 0.0602
2025-11-15 09:09:55,386 - INFO - Epoch: 33, Training Loss: 0.0546, Validation Loss: 0.0601
2025-11-15 09:09:55,386 - INFO -   → New best validation loss: 0.0601
2025-11-15 09:10:08,011 - INFO - Epoch: 34, Training Loss: 0.0543, Validation Loss: 0.0604
2025-11-15 09:10:22,031 - INFO - Epoch: 35, Training Loss: 0.0535, Validation Loss: 0.0602
2025-11-15 09:10:34,022 - INFO - Epoch: 36, Training Loss: 0.0536, Validation Loss: 0.0607
2025-11-15 09:10:46,094 - INFO - Epoch: 37, Training Loss: 0.0541, Validation Loss: 0.0601
2025-11-15 09:10:59,260 - INFO - Epoch: 38, Training Loss: 0.0542, Validation Loss: 0.0601
2025-11-15 09:11:10,281 - INFO - Epoch: 39, Training Loss: 0.0543, Validation Loss: 0.0600
2025-11-15 09:11:10,282 - INFO -   → New best validation loss: 0.0600
2025-11-15 09:11:21,020 - INFO - Epoch: 40, Training Loss: 0.0543, Validation Loss: 0.0599
2025-11-15 09:11:21,021 - INFO -   → New best validation loss: 0.0599
2025-11-15 09:11:31,316 - INFO - Epoch: 41, Training Loss: 0.0540, Validation Loss: 0.0604
2025-11-15 09:11:46,211 - INFO - Epoch: 42, Training Loss: 0.0539, Validation Loss: 0.0599
2025-11-15 09:11:46,212 - INFO -   → New best validation loss: 0.0599
2025-11-15 09:11:59,113 - INFO - Epoch: 43, Training Loss: 0.0542, Validation Loss: 0.0600
2025-11-15 09:12:09,725 - INFO - Epoch: 44, Training Loss: 0.0542, Validation Loss: 0.0605
2025-11-15 09:12:23,346 - INFO - Epoch: 45, Training Loss: 0.0543, Validation Loss: 0.0599
2025-11-15 09:12:33,302 - INFO - Epoch: 46, Training Loss: 0.0542, Validation Loss: 0.0612
2025-11-15 09:12:42,853 - INFO - Epoch: 47, Training Loss: 0.0541, Validation Loss: 0.0600
2025-11-15 09:12:53,783 - INFO - Epoch: 48, Training Loss: 0.0541, Validation Loss: 0.0602
2025-11-15 09:13:08,213 - INFO - Epoch: 49, Training Loss: 0.0539, Validation Loss: 0.0605
2025-11-15 09:13:17,037 - INFO - Epoch: 50, Training Loss: 0.0540, Validation Loss: 0.0604
2025-11-15 09:13:29,570 - INFO - Epoch: 51, Training Loss: 0.0540, Validation Loss: 0.0599
2025-11-15 09:13:41,178 - INFO - Epoch: 52, Training Loss: 0.0536, Validation Loss: 0.0599
2025-11-15 09:13:52,381 - INFO - Epoch: 53, Training Loss: 0.0542, Validation Loss: 0.0596
2025-11-15 09:13:52,384 - INFO -   → New best validation loss: 0.0596
2025-11-15 09:14:05,227 - INFO - Epoch: 54, Training Loss: 0.0541, Validation Loss: 0.0596
2025-11-15 09:14:05,227 - INFO -   → New best validation loss: 0.0596
2025-11-15 09:14:19,785 - INFO - Epoch: 55, Training Loss: 0.0539, Validation Loss: 0.0599
2025-11-15 09:14:33,681 - INFO - Epoch: 56, Training Loss: 0.0532, Validation Loss: 0.0606
2025-11-15 09:14:45,361 - INFO - Epoch: 57, Training Loss: 0.0532, Validation Loss: 0.0597
2025-11-15 09:14:58,843 - INFO - Epoch: 58, Training Loss: 0.0539, Validation Loss: 0.0593
2025-11-15 09:14:58,844 - INFO -   → New best validation loss: 0.0593
2025-11-15 09:15:15,297 - INFO - Epoch: 59, Training Loss: 0.0539, Validation Loss: 0.0601
2025-11-15 09:15:30,483 - INFO - Epoch: 60, Training Loss: 0.0536, Validation Loss: 0.0598
2025-11-15 09:15:40,585 - INFO - Epoch: 61, Training Loss: 0.0531, Validation Loss: 0.0595
2025-11-15 09:15:48,488 - INFO - Epoch: 62, Training Loss: 0.0538, Validation Loss: 0.0594
2025-11-15 09:16:00,283 - INFO - Epoch: 63, Training Loss: 0.0538, Validation Loss: 0.0600
2025-11-15 09:16:11,688 - INFO - Epoch: 64, Training Loss: 0.0538, Validation Loss: 0.0599
2025-11-15 09:16:23,554 - INFO - Epoch: 65, Training Loss: 0.0532, Validation Loss: 0.0591
2025-11-15 09:16:23,555 - INFO -   → New best validation loss: 0.0591
2025-11-15 09:16:34,418 - INFO - Epoch: 66, Training Loss: 0.0538, Validation Loss: 0.0602
2025-11-15 09:16:49,382 - INFO - Epoch: 67, Training Loss: 0.0538, Validation Loss: 0.0596
2025-11-15 09:17:04,689 - INFO - Epoch: 68, Training Loss: 0.0534, Validation Loss: 0.0592
2025-11-15 09:17:13,547 - INFO - Epoch: 69, Training Loss: 0.0538, Validation Loss: 0.0589
2025-11-15 09:17:13,547 - INFO -   → New best validation loss: 0.0589
2025-11-15 09:17:24,195 - INFO - Epoch: 70, Training Loss: 0.0535, Validation Loss: 0.0599
2025-11-15 09:17:36,913 - INFO - Epoch: 71, Training Loss: 0.0534, Validation Loss: 0.0589
2025-11-15 09:17:49,706 - INFO - Epoch: 72, Training Loss: 0.0534, Validation Loss: 0.0594
2025-11-15 09:18:03,222 - INFO - Epoch: 73, Training Loss: 0.0531, Validation Loss: 0.0591
2025-11-15 09:18:14,516 - INFO - Epoch: 74, Training Loss: 0.0535, Validation Loss: 0.0591
2025-11-15 09:18:28,986 - INFO - Epoch: 75, Training Loss: 0.0530, Validation Loss: 0.0596
2025-11-15 09:18:40,215 - INFO - Epoch: 76, Training Loss: 0.0537, Validation Loss: 0.0584
2025-11-15 09:18:40,216 - INFO -   → New best validation loss: 0.0584
2025-11-15 09:18:53,448 - INFO - Epoch: 77, Training Loss: 0.0533, Validation Loss: 0.0586
2025-11-15 09:19:06,221 - INFO - Epoch: 78, Training Loss: 0.0532, Validation Loss: 0.0594
2025-11-15 09:19:18,164 - INFO - Epoch: 79, Training Loss: 0.0530, Validation Loss: 0.0589
2025-11-15 09:19:31,230 - INFO - Epoch: 80, Training Loss: 0.0530, Validation Loss: 0.0576
2025-11-15 09:19:31,231 - INFO -   → New best validation loss: 0.0576
2025-11-15 09:19:46,174 - INFO - Epoch: 81, Training Loss: 0.0529, Validation Loss: 0.0592
2025-11-15 09:19:59,865 - INFO - Epoch: 82, Training Loss: 0.0530, Validation Loss: 0.0580
2025-11-15 09:20:13,087 - INFO - Epoch: 83, Training Loss: 0.0524, Validation Loss: 0.0582
2025-11-15 09:20:26,399 - INFO - Epoch: 84, Training Loss: 0.0527, Validation Loss: 0.0580
2025-11-15 09:20:35,240 - INFO - Epoch: 85, Training Loss: 0.0524, Validation Loss: 0.0591
2025-11-15 09:20:49,792 - INFO - Epoch: 86, Training Loss: 0.0527, Validation Loss: 0.0579
2025-11-15 09:21:01,707 - INFO - Epoch: 87, Training Loss: 0.0525, Validation Loss: 0.0579
2025-11-15 09:21:14,041 - INFO - Epoch: 88, Training Loss: 0.0520, Validation Loss: 0.0577
2025-11-15 09:21:25,260 - INFO - Epoch: 89, Training Loss: 0.0521, Validation Loss: 0.0577
2025-11-15 09:21:39,726 - INFO - Epoch: 90, Training Loss: 0.0524, Validation Loss: 0.0577
2025-11-15 09:21:49,312 - INFO - Epoch: 91, Training Loss: 0.0508, Validation Loss: 0.0565
2025-11-15 09:21:49,312 - INFO -   → New best validation loss: 0.0565
2025-11-15 09:22:02,548 - INFO - Epoch: 92, Training Loss: 0.0522, Validation Loss: 0.0571
2025-11-15 09:22:14,554 - INFO - Epoch: 93, Training Loss: 0.0516, Validation Loss: 0.0579
2025-11-15 09:22:28,966 - INFO - Epoch: 94, Training Loss: 0.0518, Validation Loss: 0.0578
2025-11-15 09:22:40,917 - INFO - Epoch: 95, Training Loss: 0.0500, Validation Loss: 0.0563
2025-11-15 09:22:40,919 - INFO -   → New best validation loss: 0.0563
2025-11-15 09:22:53,284 - INFO - Epoch: 96, Training Loss: 0.0519, Validation Loss: 0.0567
2025-11-15 09:23:04,350 - INFO - Epoch: 97, Training Loss: 0.0518, Validation Loss: 0.0580
2025-11-15 09:23:15,212 - INFO - Epoch: 98, Training Loss: 0.0505, Validation Loss: 0.0555
2025-11-15 09:23:15,212 - INFO -   → New best validation loss: 0.0555
2025-11-15 09:23:28,385 - INFO - Epoch: 99, Training Loss: 0.0507, Validation Loss: 0.0555
2025-11-15 09:23:28,387 - INFO -   → New best validation loss: 0.0555
2025-11-15 09:23:41,576 - INFO - Epoch: 100, Training Loss: 0.0506, Validation Loss: 0.0562
2025-11-15 09:23:52,863 - INFO - Epoch: 101, Training Loss: 0.0499, Validation Loss: 0.0568
2025-11-15 09:24:08,131 - INFO - Epoch: 102, Training Loss: 0.0503, Validation Loss: 0.0567
2025-11-15 09:24:18,938 - INFO - Epoch: 103, Training Loss: 0.0504, Validation Loss: 0.0534
2025-11-15 09:24:18,939 - INFO -   → New best validation loss: 0.0534
2025-11-15 09:24:29,091 - INFO - Epoch: 104, Training Loss: 0.0500, Validation Loss: 0.0507
2025-11-15 09:24:29,092 - INFO -   → New best validation loss: 0.0507
2025-11-15 09:24:40,847 - INFO - Epoch: 105, Training Loss: 0.0492, Validation Loss: 0.0532
2025-11-15 09:24:52,526 - INFO - Epoch: 106, Training Loss: 0.0495, Validation Loss: 0.0535
2025-11-15 09:25:04,072 - INFO - Epoch: 107, Training Loss: 0.0505, Validation Loss: 0.0543
2025-11-15 09:25:19,050 - INFO - Epoch: 108, Training Loss: 0.0480, Validation Loss: 0.0538
2025-11-15 09:25:29,928 - INFO - Epoch: 109, Training Loss: 0.0486, Validation Loss: 0.0534
2025-11-15 09:25:43,644 - INFO - Epoch: 110, Training Loss: 0.0479, Validation Loss: 0.0516
2025-11-15 09:25:59,138 - INFO - Epoch: 111, Training Loss: 0.0480, Validation Loss: 0.0540
2025-11-15 09:26:11,229 - INFO - Epoch: 112, Training Loss: 0.0471, Validation Loss: 0.0544
2025-11-15 09:26:24,677 - INFO - Epoch: 113, Training Loss: 0.0477, Validation Loss: 0.0528
2025-11-15 09:26:37,410 - INFO - Epoch: 114, Training Loss: 0.0466, Validation Loss: 0.0512
2025-11-15 09:26:50,039 - INFO - Epoch: 115, Training Loss: 0.0466, Validation Loss: 0.0517
2025-11-15 09:27:02,053 - INFO - Epoch: 116, Training Loss: 0.0459, Validation Loss: 0.0438
2025-11-15 09:27:02,054 - INFO -   → New best validation loss: 0.0438
2025-11-15 09:27:15,122 - INFO - Epoch: 117, Training Loss: 0.0464, Validation Loss: 0.0507
2025-11-15 09:27:29,237 - INFO - Epoch: 118, Training Loss: 0.0430, Validation Loss: 0.0486
2025-11-15 09:27:42,209 - INFO - Epoch: 119, Training Loss: 0.0449, Validation Loss: 0.0429
2025-11-15 09:27:42,211 - INFO -   → New best validation loss: 0.0429
2025-11-15 09:27:56,415 - INFO - Epoch: 120, Training Loss: 0.0444, Validation Loss: 0.0459
2025-11-15 09:28:08,983 - INFO - Epoch: 121, Training Loss: 0.0434, Validation Loss: 0.0506
2025-11-15 09:28:22,725 - INFO - Epoch: 122, Training Loss: 0.0439, Validation Loss: 0.0433
2025-11-15 09:28:34,351 - INFO - Epoch: 123, Training Loss: 0.0431, Validation Loss: 0.0419
2025-11-15 09:28:34,351 - INFO -   → New best validation loss: 0.0419
2025-11-15 09:28:48,308 - INFO - Epoch: 124, Training Loss: 0.0439, Validation Loss: 0.0489
2025-11-15 09:28:59,955 - INFO - Epoch: 125, Training Loss: 0.0425, Validation Loss: 0.0420
2025-11-15 09:29:11,389 - INFO - Epoch: 126, Training Loss: 0.0412, Validation Loss: 0.0497
2025-11-15 09:29:21,410 - INFO - Epoch: 127, Training Loss: 0.0409, Validation Loss: 0.0374
2025-11-15 09:29:21,412 - INFO -   → New best validation loss: 0.0374
2025-11-15 09:29:30,598 - INFO - Epoch: 128, Training Loss: 0.0411, Validation Loss: 0.0409
2025-11-15 09:29:43,821 - INFO - Epoch: 129, Training Loss: 0.0401, Validation Loss: 0.0391
2025-11-15 09:29:57,655 - INFO - Epoch: 130, Training Loss: 0.0391, Validation Loss: 0.0432
2025-11-15 09:30:10,428 - INFO - Epoch: 131, Training Loss: 0.0388, Validation Loss: 0.0563
2025-11-15 09:30:24,572 - INFO - Epoch: 132, Training Loss: 0.0382, Validation Loss: 0.0355
2025-11-15 09:30:24,572 - INFO -   → New best validation loss: 0.0355
2025-11-15 09:30:34,659 - INFO - Epoch: 133, Training Loss: 0.0364, Validation Loss: 0.0336
2025-11-15 09:30:34,659 - INFO -   → New best validation loss: 0.0336
2025-11-15 09:30:44,902 - INFO - Epoch: 134, Training Loss: 0.0369, Validation Loss: 0.0386
2025-11-15 09:30:57,495 - INFO - Epoch: 135, Training Loss: 0.0361, Validation Loss: 0.0339
2025-11-15 09:31:07,727 - INFO - Epoch: 136, Training Loss: 0.0367, Validation Loss: 0.0523
2025-11-15 09:31:14,819 - INFO - Epoch: 137, Training Loss: 0.0309, Validation Loss: 0.0340
2025-11-15 09:31:25,093 - INFO - Epoch: 138, Training Loss: 0.0328, Validation Loss: 0.0385
2025-11-15 09:31:36,432 - INFO - Epoch: 139, Training Loss: 0.0343, Validation Loss: 0.0444
2025-11-15 09:31:49,863 - INFO - Epoch: 140, Training Loss: 0.0298, Validation Loss: 0.0322
2025-11-15 09:31:49,865 - INFO -   → New best validation loss: 0.0322
2025-11-15 09:32:04,351 - INFO - Epoch: 141, Training Loss: 0.0295, Validation Loss: 0.0272
2025-11-15 09:32:04,351 - INFO -   → New best validation loss: 0.0272
2025-11-15 09:32:14,084 - INFO - Epoch: 142, Training Loss: 0.0283, Validation Loss: 0.0296
2025-11-15 09:32:27,837 - INFO - Epoch: 143, Training Loss: 0.0297, Validation Loss: 0.0393
2025-11-15 09:32:40,603 - INFO - Epoch: 144, Training Loss: 0.0273, Validation Loss: 0.0398
2025-11-15 09:32:50,091 - INFO - Epoch: 145, Training Loss: 0.0290, Validation Loss: 0.0250
2025-11-15 09:32:50,092 - INFO -   → New best validation loss: 0.0250
2025-11-15 09:33:00,516 - INFO - Epoch: 146, Training Loss: 0.0242, Validation Loss: 0.0174
2025-11-15 09:33:00,516 - INFO -   → New best validation loss: 0.0174
2025-11-15 09:33:12,706 - INFO - Epoch: 147, Training Loss: 0.0253, Validation Loss: 0.0155
2025-11-15 09:33:12,707 - INFO -   → New best validation loss: 0.0155
2025-11-15 09:33:27,323 - INFO - Epoch: 148, Training Loss: 0.0246, Validation Loss: 0.0210
2025-11-15 09:33:41,149 - INFO - Epoch: 149, Training Loss: 0.0247, Validation Loss: 0.0198
2025-11-15 09:33:53,227 - INFO - Epoch: 150, Training Loss: 0.0213, Validation Loss: 0.0122
2025-11-15 09:33:53,227 - INFO -   → New best validation loss: 0.0122
2025-11-15 09:34:04,844 - INFO - Epoch: 151, Training Loss: 0.0198, Validation Loss: 0.0255
2025-11-15 09:34:13,692 - INFO - Epoch: 152, Training Loss: 0.0229, Validation Loss: 0.0290
2025-11-15 09:34:24,027 - INFO - Epoch: 153, Training Loss: 0.0194, Validation Loss: 0.0274
2025-11-15 09:34:36,236 - INFO - Epoch: 154, Training Loss: 0.0173, Validation Loss: 0.0174
2025-11-15 09:34:50,389 - INFO - Epoch: 155, Training Loss: 0.0224, Validation Loss: 0.0164
2025-11-15 09:35:03,360 - INFO - Epoch: 156, Training Loss: 0.0184, Validation Loss: 0.0090
2025-11-15 09:35:03,362 - INFO -   → New best validation loss: 0.0090
2025-11-15 09:35:14,870 - INFO - Epoch: 157, Training Loss: 0.0188, Validation Loss: 0.0125
2025-11-15 09:35:29,213 - INFO - Epoch: 158, Training Loss: 0.0148, Validation Loss: 0.0183
2025-11-15 09:35:43,426 - INFO - Epoch: 159, Training Loss: 0.0165, Validation Loss: 0.0222
2025-11-15 09:35:55,227 - INFO - Epoch: 160, Training Loss: 0.0166, Validation Loss: 0.0090
2025-11-15 09:35:55,229 - INFO -   → New best validation loss: 0.0090
2025-11-15 09:36:10,053 - INFO - Epoch: 161, Training Loss: 0.0157, Validation Loss: 0.0115
2025-11-15 09:36:21,824 - INFO - Epoch: 162, Training Loss: 0.0116, Validation Loss: 0.0143
2025-11-15 09:36:32,959 - INFO - Epoch: 163, Training Loss: 0.0129, Validation Loss: 0.0105
2025-11-15 09:36:45,864 - INFO - Epoch: 164, Training Loss: 0.0144, Validation Loss: 0.0190
2025-11-15 09:36:59,532 - INFO - Epoch: 165, Training Loss: 0.0141, Validation Loss: 0.0133
2025-11-15 09:37:12,732 - INFO - Epoch: 166, Training Loss: 0.0127, Validation Loss: 0.0153
2025-11-15 09:37:25,625 - INFO - Epoch: 167, Training Loss: 0.0125, Validation Loss: 0.0202
2025-11-15 09:37:43,122 - INFO - Epoch: 168, Training Loss: 0.0139, Validation Loss: 0.0281
2025-11-15 09:37:52,690 - INFO - Epoch: 169, Training Loss: 0.0132, Validation Loss: 0.0064
2025-11-15 09:37:52,694 - INFO -   → New best validation loss: 0.0064
2025-11-15 09:38:04,384 - INFO - Epoch: 170, Training Loss: 0.0125, Validation Loss: 0.0057
2025-11-15 09:38:04,384 - INFO -   → New best validation loss: 0.0057
2025-11-15 09:38:17,705 - INFO - Epoch: 171, Training Loss: 0.0109, Validation Loss: 0.0091
2025-11-15 09:38:29,032 - INFO - Epoch: 172, Training Loss: 0.0131, Validation Loss: 0.0159
2025-11-15 09:38:41,589 - INFO - Epoch: 173, Training Loss: 0.0118, Validation Loss: 0.0096
2025-11-15 09:38:55,828 - INFO - Epoch: 174, Training Loss: 0.0119, Validation Loss: 0.0083
2025-11-15 09:39:08,753 - INFO - Epoch: 175, Training Loss: 0.0122, Validation Loss: 0.0210
2025-11-15 09:39:21,245 - INFO - Epoch: 176, Training Loss: 0.0109, Validation Loss: 0.0073
2025-11-15 09:39:35,975 - INFO - Epoch: 177, Training Loss: 0.0124, Validation Loss: 0.0123
2025-11-15 09:39:48,570 - INFO - Epoch: 178, Training Loss: 0.0108, Validation Loss: 0.0061
2025-11-15 09:40:01,665 - INFO - Epoch: 179, Training Loss: 0.0108, Validation Loss: 0.0141
2025-11-15 09:40:14,840 - INFO - Epoch: 180, Training Loss: 0.0102, Validation Loss: 0.0116
2025-11-15 09:40:22,991 - INFO - Epoch: 181, Training Loss: 0.0102, Validation Loss: 0.0064
2025-11-15 09:40:34,603 - INFO - Epoch: 182, Training Loss: 0.0111, Validation Loss: 0.0085
2025-11-15 09:40:45,069 - INFO - Epoch: 183, Training Loss: 0.0106, Validation Loss: 0.0058
2025-11-15 09:40:56,510 - INFO - Epoch: 184, Training Loss: 0.0107, Validation Loss: 0.0145
2025-11-15 09:41:09,336 - INFO - Epoch: 185, Training Loss: 0.0099, Validation Loss: 0.0088
2025-11-15 09:41:20,345 - INFO - Epoch: 186, Training Loss: 0.0106, Validation Loss: 0.0162
2025-11-15 09:41:29,619 - INFO - Epoch: 187, Training Loss: 0.0092, Validation Loss: 0.0197
2025-11-15 09:41:47,156 - INFO - Epoch: 188, Training Loss: 0.0104, Validation Loss: 0.0127
2025-11-15 09:42:03,073 - INFO - Epoch: 189, Training Loss: 0.0106, Validation Loss: 0.0058
2025-11-15 09:42:16,382 - INFO - Epoch: 190, Training Loss: 0.0093, Validation Loss: 0.0058
2025-11-15 09:42:16,382 - INFO - Early stopping triggered at epoch 190
2025-11-15 09:42:16,382 - INFO - Best validation loss: 0.0057
2025-11-15 09:42:16,387 - INFO - Restored best model weights
2025-11-15 09:42:16,387 - INFO - 
============================================================
2025-11-15 09:42:16,387 - INFO - EVALUATION RESULTS
2025-11-15 09:42:16,387 - INFO - ============================================================
2025-11-15 09:42:16,538 - INFO - Validation Set - MSE: 0.005787, MAE: 0.062694, RMSE: 0.076072, Pearson Correlation: 0.954562 (p=0.000000)
2025-11-15 09:42:16,731 - INFO - Test Set - MSE: 0.014608, MAE: 0.089195, RMSE: 0.120863, Pearson Correlation: 0.943746 (p=0.000000)
2025-11-15 09:42:16,731 - INFO - ============================================================

2025-11-15 09:42:16,732 - INFO - CV Fold 3 completed successfully
2025-11-15 09:42:16,732 - INFO - 
--------------------------------------------------------------------------------
2025-11-15 09:42:16,733 - INFO - CV Fold 4
2025-11-15 09:42:16,733 - INFO - --------------------------------------------------------------------------------
2025-11-15 09:42:16,740 - INFO - Loading dataset...
2025-11-15 09:42:16,846 - INFO - Dataset shapes - Train: (567, 17, 25, 1), Valid: (141, 17, 25, 1), Test: (177, 17, 25, 1)
2025-11-15 09:42:16,848 - INFO - Initializing VIGNet model...
2025-11-15 09:42:16,851 - INFO - Number of batch iterations per epoch: 113
2025-11-15 09:42:28,246 - INFO - Epoch: 1, Training Loss: 0.1215, Validation Loss: 0.0895
2025-11-15 09:42:28,246 - INFO -   → New best validation loss: 0.0895
2025-11-15 09:42:40,837 - INFO - Epoch: 2, Training Loss: 0.0843, Validation Loss: 0.0541
2025-11-15 09:42:40,838 - INFO -   → New best validation loss: 0.0541
2025-11-15 09:42:53,722 - INFO - Epoch: 3, Training Loss: 0.0617, Validation Loss: 0.0531
2025-11-15 09:42:53,723 - INFO -   → New best validation loss: 0.0531
2025-11-15 09:43:08,280 - INFO - Epoch: 4, Training Loss: 0.0609, Validation Loss: 0.0532
2025-11-15 09:43:22,083 - INFO - Epoch: 5, Training Loss: 0.0611, Validation Loss: 0.0528
2025-11-15 09:43:22,084 - INFO -   → New best validation loss: 0.0528
2025-11-15 09:43:34,824 - INFO - Epoch: 6, Training Loss: 0.0608, Validation Loss: 0.0544
2025-11-15 09:43:48,628 - INFO - Epoch: 7, Training Loss: 0.0600, Validation Loss: 0.0533
2025-11-15 09:44:03,100 - INFO - Epoch: 8, Training Loss: 0.0608, Validation Loss: 0.0527
2025-11-15 09:44:03,103 - INFO -   → New best validation loss: 0.0527
2025-11-15 09:44:15,630 - INFO - Epoch: 9, Training Loss: 0.0608, Validation Loss: 0.0537
2025-11-15 09:44:28,378 - INFO - Epoch: 10, Training Loss: 0.0603, Validation Loss: 0.0529
2025-11-15 09:44:39,292 - INFO - Epoch: 11, Training Loss: 0.0604, Validation Loss: 0.0553
2025-11-15 09:44:50,310 - INFO - Epoch: 12, Training Loss: 0.0605, Validation Loss: 0.0545
2025-11-15 09:45:03,091 - INFO - Epoch: 13, Training Loss: 0.0606, Validation Loss: 0.0532
2025-11-15 09:45:18,616 - INFO - Epoch: 14, Training Loss: 0.0603, Validation Loss: 0.0535
2025-11-15 09:45:31,032 - INFO - Epoch: 15, Training Loss: 0.0604, Validation Loss: 0.0539
2025-11-15 09:45:42,961 - INFO - Epoch: 16, Training Loss: 0.0601, Validation Loss: 0.0526
2025-11-15 09:45:42,962 - INFO -   → New best validation loss: 0.0526
2025-11-15 09:45:54,144 - INFO - Epoch: 17, Training Loss: 0.0609, Validation Loss: 0.0524
2025-11-15 09:45:54,145 - INFO -   → New best validation loss: 0.0524
2025-11-15 09:46:08,476 - INFO - Epoch: 18, Training Loss: 0.0603, Validation Loss: 0.0533
2025-11-15 09:46:19,152 - INFO - Epoch: 19, Training Loss: 0.0604, Validation Loss: 0.0528
2025-11-15 09:46:28,923 - INFO - Epoch: 20, Training Loss: 0.0607, Validation Loss: 0.0528
2025-11-15 09:46:38,931 - INFO - Epoch: 21, Training Loss: 0.0595, Validation Loss: 0.0527
2025-11-15 09:46:53,133 - INFO - Epoch: 22, Training Loss: 0.0601, Validation Loss: 0.0543
2025-11-15 09:47:05,659 - INFO - Epoch: 23, Training Loss: 0.0603, Validation Loss: 0.0529
2025-11-15 09:47:15,738 - INFO - Epoch: 24, Training Loss: 0.0604, Validation Loss: 0.0534
2025-11-15 09:47:28,143 - INFO - Epoch: 25, Training Loss: 0.0596, Validation Loss: 0.0522
2025-11-15 09:47:28,145 - INFO -   → New best validation loss: 0.0522
2025-11-15 09:47:41,350 - INFO - Epoch: 26, Training Loss: 0.0603, Validation Loss: 0.0533
2025-11-15 09:47:54,757 - INFO - Epoch: 27, Training Loss: 0.0602, Validation Loss: 0.0533
2025-11-15 09:48:08,410 - INFO - Epoch: 28, Training Loss: 0.0596, Validation Loss: 0.0522
2025-11-15 09:48:08,411 - INFO -   → New best validation loss: 0.0522
2025-11-15 09:48:17,620 - INFO - Epoch: 29, Training Loss: 0.0602, Validation Loss: 0.0535
2025-11-15 09:48:31,431 - INFO - Epoch: 30, Training Loss: 0.0600, Validation Loss: 0.0530
2025-11-15 09:48:45,599 - INFO - Epoch: 31, Training Loss: 0.0602, Validation Loss: 0.0528
2025-11-15 09:48:59,493 - INFO - Epoch: 32, Training Loss: 0.0601, Validation Loss: 0.0534
2025-11-15 09:49:12,833 - INFO - Epoch: 33, Training Loss: 0.0601, Validation Loss: 0.0525
2025-11-15 09:49:24,811 - INFO - Epoch: 34, Training Loss: 0.0594, Validation Loss: 0.0528
2025-11-15 09:49:36,440 - INFO - Epoch: 35, Training Loss: 0.0592, Validation Loss: 0.0524
2025-11-15 09:49:48,373 - INFO - Epoch: 36, Training Loss: 0.0598, Validation Loss: 0.0525
2025-11-15 09:50:01,037 - INFO - Epoch: 37, Training Loss: 0.0600, Validation Loss: 0.0529
2025-11-15 09:50:12,994 - INFO - Epoch: 38, Training Loss: 0.0597, Validation Loss: 0.0522
2025-11-15 09:50:12,998 - INFO -   → New best validation loss: 0.0522
2025-11-15 09:50:27,343 - INFO - Epoch: 39, Training Loss: 0.0599, Validation Loss: 0.0533
2025-11-15 09:50:44,020 - INFO - Epoch: 40, Training Loss: 0.0596, Validation Loss: 0.0524
2025-11-15 09:50:54,440 - INFO - Epoch: 41, Training Loss: 0.0597, Validation Loss: 0.0529
2025-11-15 09:51:07,682 - INFO - Epoch: 42, Training Loss: 0.0601, Validation Loss: 0.0528
2025-11-15 09:51:18,327 - INFO - Epoch: 43, Training Loss: 0.0600, Validation Loss: 0.0525
2025-11-15 09:51:30,199 - INFO - Epoch: 44, Training Loss: 0.0603, Validation Loss: 0.0531
2025-11-15 09:51:42,091 - INFO - Epoch: 45, Training Loss: 0.0597, Validation Loss: 0.0522
2025-11-15 09:51:55,102 - INFO - Epoch: 46, Training Loss: 0.0598, Validation Loss: 0.0523
2025-11-15 09:52:11,095 - INFO - Epoch: 47, Training Loss: 0.0599, Validation Loss: 0.0523
2025-11-15 09:52:24,132 - INFO - Epoch: 48, Training Loss: 0.0596, Validation Loss: 0.0527
2025-11-15 09:52:37,439 - INFO - Epoch: 49, Training Loss: 0.0602, Validation Loss: 0.0529
2025-11-15 09:52:50,044 - INFO - Epoch: 50, Training Loss: 0.0597, Validation Loss: 0.0525
2025-11-15 09:53:02,799 - INFO - Epoch: 51, Training Loss: 0.0594, Validation Loss: 0.0521
2025-11-15 09:53:02,799 - INFO -   → New best validation loss: 0.0521
2025-11-15 09:53:11,313 - INFO - Epoch: 52, Training Loss: 0.0599, Validation Loss: 0.0524
2025-11-15 09:53:24,764 - INFO - Epoch: 53, Training Loss: 0.0603, Validation Loss: 0.0525
2025-11-15 09:53:37,669 - INFO - Epoch: 54, Training Loss: 0.0595, Validation Loss: 0.0529
2025-11-15 09:53:49,127 - INFO - Epoch: 55, Training Loss: 0.0590, Validation Loss: 0.0522
2025-11-15 09:54:01,758 - INFO - Epoch: 56, Training Loss: 0.0590, Validation Loss: 0.0523
2025-11-15 09:54:17,397 - INFO - Epoch: 57, Training Loss: 0.0596, Validation Loss: 0.0525
2025-11-15 09:54:31,220 - INFO - Epoch: 58, Training Loss: 0.0598, Validation Loss: 0.0524
2025-11-15 09:54:45,057 - INFO - Epoch: 59, Training Loss: 0.0596, Validation Loss: 0.0524
2025-11-15 09:54:58,914 - INFO - Epoch: 60, Training Loss: 0.0591, Validation Loss: 0.0518
2025-11-15 09:54:58,915 - INFO -   → New best validation loss: 0.0518
2025-11-15 09:55:15,174 - INFO - Epoch: 61, Training Loss: 0.0598, Validation Loss: 0.0521
2025-11-15 09:55:27,288 - INFO - Epoch: 62, Training Loss: 0.0597, Validation Loss: 0.0525
2025-11-15 09:55:37,692 - INFO - Epoch: 63, Training Loss: 0.0597, Validation Loss: 0.0523
2025-11-15 09:55:49,213 - INFO - Epoch: 64, Training Loss: 0.0590, Validation Loss: 0.0528
2025-11-15 09:56:04,263 - INFO - Epoch: 65, Training Loss: 0.0598, Validation Loss: 0.0519
2025-11-15 09:56:19,892 - INFO - Epoch: 66, Training Loss: 0.0596, Validation Loss: 0.0521
2025-11-15 09:56:34,640 - INFO - Epoch: 67, Training Loss: 0.0596, Validation Loss: 0.0518
2025-11-15 09:56:34,641 - INFO -   → New best validation loss: 0.0518
2025-11-15 09:56:46,537 - INFO - Epoch: 68, Training Loss: 0.0596, Validation Loss: 0.0532
2025-11-15 09:56:58,192 - INFO - Epoch: 69, Training Loss: 0.0596, Validation Loss: 0.0521
2025-11-15 09:57:11,585 - INFO - Epoch: 70, Training Loss: 0.0594, Validation Loss: 0.0531
2025-11-15 09:57:21,285 - INFO - Epoch: 71, Training Loss: 0.0595, Validation Loss: 0.0526
2025-11-15 09:57:34,474 - INFO - Epoch: 72, Training Loss: 0.0590, Validation Loss: 0.0520
2025-11-15 09:57:49,502 - INFO - Epoch: 73, Training Loss: 0.0597, Validation Loss: 0.0524
2025-11-15 09:58:02,409 - INFO - Epoch: 74, Training Loss: 0.0595, Validation Loss: 0.0517
2025-11-15 09:58:02,411 - INFO -   → New best validation loss: 0.0517
2025-11-15 09:58:10,399 - INFO - Epoch: 75, Training Loss: 0.0598, Validation Loss: 0.0520
2025-11-15 09:58:24,061 - INFO - Epoch: 76, Training Loss: 0.0595, Validation Loss: 0.0520
2025-11-15 09:58:32,531 - INFO - Epoch: 77, Training Loss: 0.0594, Validation Loss: 0.0523
2025-11-15 09:58:44,268 - INFO - Epoch: 78, Training Loss: 0.0593, Validation Loss: 0.0525
2025-11-15 09:58:54,561 - INFO - Epoch: 79, Training Loss: 0.0597, Validation Loss: 0.0514
2025-11-15 09:58:54,563 - INFO -   → New best validation loss: 0.0514
2025-11-15 09:59:08,203 - INFO - Epoch: 80, Training Loss: 0.0595, Validation Loss: 0.0521
2025-11-15 09:59:20,500 - INFO - Epoch: 81, Training Loss: 0.0594, Validation Loss: 0.0524
2025-11-15 09:59:31,163 - INFO - Epoch: 82, Training Loss: 0.0592, Validation Loss: 0.0521
2025-11-15 09:59:45,512 - INFO - Epoch: 83, Training Loss: 0.0594, Validation Loss: 0.0527
2025-11-15 09:59:57,806 - INFO - Epoch: 84, Training Loss: 0.0592, Validation Loss: 0.0515
2025-11-15 10:00:12,608 - INFO - Epoch: 85, Training Loss: 0.0593, Validation Loss: 0.0512
2025-11-15 10:00:12,608 - INFO -   → New best validation loss: 0.0512
2025-11-15 10:00:27,112 - INFO - Epoch: 86, Training Loss: 0.0589, Validation Loss: 0.0530
2025-11-15 10:00:41,111 - INFO - Epoch: 87, Training Loss: 0.0586, Validation Loss: 0.0524
2025-11-15 10:00:54,206 - INFO - Epoch: 88, Training Loss: 0.0588, Validation Loss: 0.0519
2025-11-15 10:01:08,369 - INFO - Epoch: 89, Training Loss: 0.0592, Validation Loss: 0.0516
2025-11-15 10:01:22,124 - INFO - Epoch: 90, Training Loss: 0.0587, Validation Loss: 0.0520
2025-11-15 10:01:33,697 - INFO - Epoch: 91, Training Loss: 0.0588, Validation Loss: 0.0526
2025-11-15 10:01:43,964 - INFO - Epoch: 92, Training Loss: 0.0591, Validation Loss: 0.0506
2025-11-15 10:01:43,964 - INFO -   → New best validation loss: 0.0506
2025-11-15 10:01:55,314 - INFO - Epoch: 93, Training Loss: 0.0592, Validation Loss: 0.0519
2025-11-15 10:02:07,522 - INFO - Epoch: 94, Training Loss: 0.0583, Validation Loss: 0.0525
2025-11-15 10:02:19,701 - INFO - Epoch: 95, Training Loss: 0.0588, Validation Loss: 0.0517
2025-11-15 10:02:29,459 - INFO - Epoch: 96, Training Loss: 0.0586, Validation Loss: 0.0512
2025-11-15 10:02:42,932 - INFO - Epoch: 97, Training Loss: 0.0588, Validation Loss: 0.0510
2025-11-15 10:02:56,079 - INFO - Epoch: 98, Training Loss: 0.0588, Validation Loss: 0.0512
2025-11-15 10:03:08,385 - INFO - Epoch: 99, Training Loss: 0.0588, Validation Loss: 0.0509
2025-11-15 10:03:21,438 - INFO - Epoch: 100, Training Loss: 0.0592, Validation Loss: 0.0512
2025-11-15 10:03:33,474 - INFO - Epoch: 101, Training Loss: 0.0589, Validation Loss: 0.0521
2025-11-15 10:03:46,497 - INFO - Epoch: 102, Training Loss: 0.0590, Validation Loss: 0.0507
2025-11-15 10:03:58,895 - INFO - Epoch: 103, Training Loss: 0.0580, Validation Loss: 0.0527
2025-11-15 10:04:13,480 - INFO - Epoch: 104, Training Loss: 0.0577, Validation Loss: 0.0520
2025-11-15 10:04:27,331 - INFO - Epoch: 105, Training Loss: 0.0577, Validation Loss: 0.0507
2025-11-15 10:04:39,646 - INFO - Epoch: 106, Training Loss: 0.0586, Validation Loss: 0.0509
2025-11-15 10:04:50,143 - INFO - Epoch: 107, Training Loss: 0.0576, Validation Loss: 0.0515
2025-11-15 10:05:03,719 - INFO - Epoch: 108, Training Loss: 0.0584, Validation Loss: 0.0517
2025-11-15 10:05:17,070 - INFO - Epoch: 109, Training Loss: 0.0581, Validation Loss: 0.0517
2025-11-15 10:05:28,495 - INFO - Epoch: 110, Training Loss: 0.0583, Validation Loss: 0.0534
2025-11-15 10:05:39,211 - INFO - Epoch: 111, Training Loss: 0.0579, Validation Loss: 0.0510
2025-11-15 10:05:51,977 - INFO - Epoch: 112, Training Loss: 0.0569, Validation Loss: 0.0493
2025-11-15 10:05:51,978 - INFO -   → New best validation loss: 0.0493
2025-11-15 10:06:05,869 - INFO - Epoch: 113, Training Loss: 0.0580, Validation Loss: 0.0510
2025-11-15 10:06:19,000 - INFO - Epoch: 114, Training Loss: 0.0578, Validation Loss: 0.0501
2025-11-15 10:06:33,153 - INFO - Epoch: 115, Training Loss: 0.0580, Validation Loss: 0.0506
2025-11-15 10:06:44,828 - INFO - Epoch: 116, Training Loss: 0.0587, Validation Loss: 0.0521
2025-11-15 10:06:56,728 - INFO - Epoch: 117, Training Loss: 0.0583, Validation Loss: 0.0527
2025-11-15 10:07:08,245 - INFO - Epoch: 118, Training Loss: 0.0583, Validation Loss: 0.0495
2025-11-15 10:07:20,733 - INFO - Epoch: 119, Training Loss: 0.0572, Validation Loss: 0.0503
2025-11-15 10:07:36,876 - INFO - Epoch: 120, Training Loss: 0.0570, Validation Loss: 0.0493
2025-11-15 10:07:48,483 - INFO - Epoch: 121, Training Loss: 0.0578, Validation Loss: 0.0503
2025-11-15 10:08:00,184 - INFO - Epoch: 122, Training Loss: 0.0573, Validation Loss: 0.0495
2025-11-15 10:08:12,692 - INFO - Epoch: 123, Training Loss: 0.0567, Validation Loss: 0.0495
2025-11-15 10:08:25,968 - INFO - Epoch: 124, Training Loss: 0.0569, Validation Loss: 0.0496
2025-11-15 10:08:36,803 - INFO - Epoch: 125, Training Loss: 0.0571, Validation Loss: 0.0494
2025-11-15 10:08:49,965 - INFO - Epoch: 126, Training Loss: 0.0566, Validation Loss: 0.0492
2025-11-15 10:08:49,966 - INFO -   → New best validation loss: 0.0492
2025-11-15 10:09:01,214 - INFO - Epoch: 127, Training Loss: 0.0566, Validation Loss: 0.0491
2025-11-15 10:09:01,215 - INFO -   → New best validation loss: 0.0491
2025-11-15 10:09:15,274 - INFO - Epoch: 128, Training Loss: 0.0553, Validation Loss: 0.0517
2025-11-15 10:09:28,634 - INFO - Epoch: 129, Training Loss: 0.0565, Validation Loss: 0.0489
2025-11-15 10:09:28,636 - INFO -   → New best validation loss: 0.0489
2025-11-15 10:09:43,010 - INFO - Epoch: 130, Training Loss: 0.0548, Validation Loss: 0.0491
2025-11-15 10:09:58,943 - INFO - Epoch: 131, Training Loss: 0.0566, Validation Loss: 0.0488
2025-11-15 10:09:58,944 - INFO -   → New best validation loss: 0.0488
2025-11-15 10:10:12,198 - INFO - Epoch: 132, Training Loss: 0.0557, Validation Loss: 0.0493
2025-11-15 10:10:21,728 - INFO - Epoch: 133, Training Loss: 0.0572, Validation Loss: 0.0493
2025-11-15 10:10:34,874 - INFO - Epoch: 134, Training Loss: 0.0563, Validation Loss: 0.0482
2025-11-15 10:10:34,875 - INFO -   → New best validation loss: 0.0482
2025-11-15 10:10:44,684 - INFO - Epoch: 135, Training Loss: 0.0567, Validation Loss: 0.0477
2025-11-15 10:10:44,685 - INFO -   → New best validation loss: 0.0477
2025-11-15 10:10:57,339 - INFO - Epoch: 136, Training Loss: 0.0556, Validation Loss: 0.0477
2025-11-15 10:10:57,339 - INFO -   → New best validation loss: 0.0477
2025-11-15 10:11:06,999 - INFO - Epoch: 137, Training Loss: 0.0555, Validation Loss: 0.0489
2025-11-15 10:11:17,071 - INFO - Epoch: 138, Training Loss: 0.0556, Validation Loss: 0.0491
2025-11-15 10:11:30,794 - INFO - Epoch: 139, Training Loss: 0.0558, Validation Loss: 0.0484
2025-11-15 10:11:44,377 - INFO - Epoch: 140, Training Loss: 0.0552, Validation Loss: 0.0479
2025-11-15 10:11:57,965 - INFO - Epoch: 141, Training Loss: 0.0546, Validation Loss: 0.0487
2025-11-15 10:12:11,853 - INFO - Epoch: 142, Training Loss: 0.0548, Validation Loss: 0.0509
2025-11-15 10:12:22,863 - INFO - Epoch: 143, Training Loss: 0.0545, Validation Loss: 0.0474
2025-11-15 10:12:22,865 - INFO -   → New best validation loss: 0.0474
2025-11-15 10:12:34,673 - INFO - Epoch: 144, Training Loss: 0.0552, Validation Loss: 0.0488
2025-11-15 10:12:45,915 - INFO - Epoch: 145, Training Loss: 0.0549, Validation Loss: 0.0468
2025-11-15 10:12:45,916 - INFO -   → New best validation loss: 0.0468
2025-11-15 10:12:59,791 - INFO - Epoch: 146, Training Loss: 0.0553, Validation Loss: 0.0506
2025-11-15 10:13:11,900 - INFO - Epoch: 147, Training Loss: 0.0538, Validation Loss: 0.0483
2025-11-15 10:13:24,042 - INFO - Epoch: 148, Training Loss: 0.0528, Validation Loss: 0.0465
2025-11-15 10:13:24,043 - INFO -   → New best validation loss: 0.0465
2025-11-15 10:13:36,900 - INFO - Epoch: 149, Training Loss: 0.0523, Validation Loss: 0.0556
2025-11-15 10:13:50,445 - INFO - Epoch: 150, Training Loss: 0.0519, Validation Loss: 0.0470
2025-11-15 10:14:03,362 - INFO - Epoch: 151, Training Loss: 0.0536, Validation Loss: 0.0487
2025-11-15 10:14:16,104 - INFO - Epoch: 152, Training Loss: 0.0534, Validation Loss: 0.0476
2025-11-15 10:14:28,143 - INFO - Epoch: 153, Training Loss: 0.0540, Validation Loss: 0.0462
2025-11-15 10:14:28,145 - INFO -   → New best validation loss: 0.0462
2025-11-15 10:14:37,381 - INFO - Epoch: 154, Training Loss: 0.0548, Validation Loss: 0.0507
2025-11-15 10:14:52,833 - INFO - Epoch: 155, Training Loss: 0.0533, Validation Loss: 0.0469
2025-11-15 10:15:06,511 - INFO - Epoch: 156, Training Loss: 0.0531, Validation Loss: 0.0492
2025-11-15 10:15:18,013 - INFO - Epoch: 157, Training Loss: 0.0529, Validation Loss: 0.0489
2025-11-15 10:15:31,129 - INFO - Epoch: 158, Training Loss: 0.0521, Validation Loss: 0.0447
2025-11-15 10:15:31,130 - INFO -   → New best validation loss: 0.0447
2025-11-15 10:15:42,846 - INFO - Epoch: 159, Training Loss: 0.0533, Validation Loss: 0.0460
2025-11-15 10:15:56,918 - INFO - Epoch: 160, Training Loss: 0.0518, Validation Loss: 0.0465
2025-11-15 10:16:07,500 - INFO - Epoch: 161, Training Loss: 0.0533, Validation Loss: 0.0462
2025-11-15 10:16:20,740 - INFO - Epoch: 162, Training Loss: 0.0518, Validation Loss: 0.0448
2025-11-15 10:16:32,929 - INFO - Epoch: 163, Training Loss: 0.0522, Validation Loss: 0.0450
2025-11-15 10:16:43,863 - INFO - Epoch: 164, Training Loss: 0.0522, Validation Loss: 0.0452
2025-11-15 10:16:53,948 - INFO - Epoch: 165, Training Loss: 0.0507, Validation Loss: 0.0449
2025-11-15 10:17:09,614 - INFO - Epoch: 166, Training Loss: 0.0516, Validation Loss: 0.0439
2025-11-15 10:17:09,614 - INFO -   → New best validation loss: 0.0439
2025-11-15 10:17:23,877 - INFO - Epoch: 167, Training Loss: 0.0521, Validation Loss: 0.0496
2025-11-15 10:17:35,703 - INFO - Epoch: 168, Training Loss: 0.0515, Validation Loss: 0.0464
2025-11-15 10:17:47,708 - INFO - Epoch: 169, Training Loss: 0.0516, Validation Loss: 0.0449
2025-11-15 10:18:02,096 - INFO - Epoch: 170, Training Loss: 0.0494, Validation Loss: 0.0513
2025-11-15 10:18:17,364 - INFO - Epoch: 171, Training Loss: 0.0529, Validation Loss: 0.0437
2025-11-15 10:18:17,368 - INFO -   → New best validation loss: 0.0437
2025-11-15 10:18:31,434 - INFO - Epoch: 172, Training Loss: 0.0501, Validation Loss: 0.0450
2025-11-15 10:18:41,838 - INFO - Epoch: 173, Training Loss: 0.0511, Validation Loss: 0.0455
2025-11-15 10:18:53,973 - INFO - Epoch: 174, Training Loss: 0.0504, Validation Loss: 0.0485
2025-11-15 10:19:05,224 - INFO - Epoch: 175, Training Loss: 0.0495, Validation Loss: 0.0425
2025-11-15 10:19:05,226 - INFO -   → New best validation loss: 0.0425
2025-11-15 10:19:17,788 - INFO - Epoch: 176, Training Loss: 0.0499, Validation Loss: 0.0427
2025-11-15 10:19:32,168 - INFO - Epoch: 177, Training Loss: 0.0477, Validation Loss: 0.0449
2025-11-15 10:19:46,968 - INFO - Epoch: 178, Training Loss: 0.0474, Validation Loss: 0.0416
2025-11-15 10:19:46,969 - INFO -   → New best validation loss: 0.0416
2025-11-15 10:19:55,407 - INFO - Epoch: 179, Training Loss: 0.0492, Validation Loss: 0.0441
2025-11-15 10:20:07,501 - INFO - Epoch: 180, Training Loss: 0.0478, Validation Loss: 0.0443
2025-11-15 10:20:20,721 - INFO - Epoch: 181, Training Loss: 0.0475, Validation Loss: 0.0427
2025-11-15 10:20:32,228 - INFO - Epoch: 182, Training Loss: 0.0481, Validation Loss: 0.0570
2025-11-15 10:20:43,676 - INFO - Epoch: 183, Training Loss: 0.0481, Validation Loss: 0.0458
2025-11-15 10:20:54,685 - INFO - Epoch: 184, Training Loss: 0.0501, Validation Loss: 0.0451
2025-11-15 10:21:07,031 - INFO - Epoch: 185, Training Loss: 0.0485, Validation Loss: 0.0384
2025-11-15 10:21:07,032 - INFO -   → New best validation loss: 0.0384
2025-11-15 10:21:18,511 - INFO - Epoch: 186, Training Loss: 0.0474, Validation Loss: 0.0495
2025-11-15 10:21:31,612 - INFO - Epoch: 187, Training Loss: 0.0481, Validation Loss: 0.0397
2025-11-15 10:21:44,286 - INFO - Epoch: 188, Training Loss: 0.0466, Validation Loss: 0.0418
2025-11-15 10:21:56,992 - INFO - Epoch: 189, Training Loss: 0.0478, Validation Loss: 0.0411
2025-11-15 10:22:09,987 - INFO - Epoch: 190, Training Loss: 0.0472, Validation Loss: 0.0447
2025-11-15 10:22:24,026 - INFO - Epoch: 191, Training Loss: 0.0457, Validation Loss: 0.0376
2025-11-15 10:22:24,031 - INFO -   → New best validation loss: 0.0376
2025-11-15 10:22:38,715 - INFO - Epoch: 192, Training Loss: 0.0469, Validation Loss: 0.0490
2025-11-15 10:22:48,665 - INFO - Epoch: 193, Training Loss: 0.0459, Validation Loss: 0.0418
2025-11-15 10:23:00,274 - INFO - Epoch: 194, Training Loss: 0.0482, Validation Loss: 0.0409
2025-11-15 10:23:13,482 - INFO - Epoch: 195, Training Loss: 0.0456, Validation Loss: 0.0400
2025-11-15 10:23:23,315 - INFO - Epoch: 196, Training Loss: 0.0451, Validation Loss: 0.0376
2025-11-15 10:23:23,318 - INFO -   → New best validation loss: 0.0376
2025-11-15 10:23:35,377 - INFO - Epoch: 197, Training Loss: 0.0468, Validation Loss: 0.0559
2025-11-15 10:23:50,995 - INFO - Epoch: 198, Training Loss: 0.0452, Validation Loss: 0.0440
2025-11-15 10:24:03,040 - INFO - Epoch: 199, Training Loss: 0.0462, Validation Loss: 0.0508
2025-11-15 10:24:16,373 - INFO - Epoch: 200, Training Loss: 0.0439, Validation Loss: 0.0432
2025-11-15 10:24:31,282 - INFO - Epoch: 201, Training Loss: 0.0460, Validation Loss: 0.0451
2025-11-15 10:24:45,050 - INFO - Epoch: 202, Training Loss: 0.0469, Validation Loss: 0.0400
2025-11-15 10:24:58,503 - INFO - Epoch: 203, Training Loss: 0.0441, Validation Loss: 0.0392
2025-11-15 10:25:12,324 - INFO - Epoch: 204, Training Loss: 0.0469, Validation Loss: 0.0420
2025-11-15 10:25:24,356 - INFO - Epoch: 205, Training Loss: 0.0453, Validation Loss: 0.0391
2025-11-15 10:25:38,187 - INFO - Epoch: 206, Training Loss: 0.0439, Validation Loss: 0.0558
2025-11-15 10:25:53,808 - INFO - Epoch: 207, Training Loss: 0.0439, Validation Loss: 0.0452
2025-11-15 10:26:08,161 - INFO - Epoch: 208, Training Loss: 0.0430, Validation Loss: 0.0541
2025-11-15 10:26:21,259 - INFO - Epoch: 209, Training Loss: 0.0424, Validation Loss: 0.0379
2025-11-15 10:26:35,399 - INFO - Epoch: 210, Training Loss: 0.0418, Validation Loss: 0.0398
2025-11-15 10:26:48,486 - INFO - Epoch: 211, Training Loss: 0.0427, Validation Loss: 0.0393
2025-11-15 10:26:58,989 - INFO - Epoch: 212, Training Loss: 0.0437, Validation Loss: 0.0350
2025-11-15 10:26:58,989 - INFO -   → New best validation loss: 0.0350
2025-11-15 10:27:10,558 - INFO - Epoch: 213, Training Loss: 0.0429, Validation Loss: 0.0395
2025-11-15 10:27:22,331 - INFO - Epoch: 214, Training Loss: 0.0422, Validation Loss: 0.0346
2025-11-15 10:27:22,333 - INFO -   → New best validation loss: 0.0346
2025-11-15 10:27:35,464 - INFO - Epoch: 215, Training Loss: 0.0426, Validation Loss: 0.0435
2025-11-15 10:27:46,233 - INFO - Epoch: 216, Training Loss: 0.0405, Validation Loss: 0.0373
2025-11-15 10:27:57,384 - INFO - Epoch: 217, Training Loss: 0.0420, Validation Loss: 0.0359
2025-11-15 10:28:08,894 - INFO - Epoch: 218, Training Loss: 0.0419, Validation Loss: 0.0387
2025-11-15 10:28:22,520 - INFO - Epoch: 219, Training Loss: 0.0389, Validation Loss: 0.0320
2025-11-15 10:28:22,520 - INFO -   → New best validation loss: 0.0320
2025-11-15 10:28:34,037 - INFO - Epoch: 220, Training Loss: 0.0403, Validation Loss: 0.0359
2025-11-15 10:28:44,866 - INFO - Epoch: 221, Training Loss: 0.0418, Validation Loss: 0.0325
2025-11-15 10:28:58,185 - INFO - Epoch: 222, Training Loss: 0.0418, Validation Loss: 0.0295
2025-11-15 10:28:58,187 - INFO -   → New best validation loss: 0.0295
2025-11-15 10:29:10,702 - INFO - Epoch: 223, Training Loss: 0.0398, Validation Loss: 0.0336
2025-11-15 10:29:26,194 - INFO - Epoch: 224, Training Loss: 0.0420, Validation Loss: 0.0390
2025-11-15 10:29:36,618 - INFO - Epoch: 225, Training Loss: 0.0402, Validation Loss: 0.0354
2025-11-15 10:29:49,219 - INFO - Epoch: 226, Training Loss: 0.0405, Validation Loss: 0.0322
2025-11-15 10:30:02,880 - INFO - Epoch: 227, Training Loss: 0.0403, Validation Loss: 0.0327
2025-11-15 10:30:14,811 - INFO - Epoch: 228, Training Loss: 0.0404, Validation Loss: 0.0340
2025-11-15 10:30:26,604 - INFO - Epoch: 229, Training Loss: 0.0380, Validation Loss: 0.0346
2025-11-15 10:30:35,164 - INFO - Epoch: 230, Training Loss: 0.0425, Validation Loss: 0.0342
2025-11-15 10:30:50,152 - INFO - Epoch: 231, Training Loss: 0.0408, Validation Loss: 0.0506
2025-11-15 10:31:03,617 - INFO - Epoch: 232, Training Loss: 0.0386, Validation Loss: 0.0291
2025-11-15 10:31:03,618 - INFO -   → New best validation loss: 0.0291
2025-11-15 10:31:12,743 - INFO - Epoch: 233, Training Loss: 0.0393, Validation Loss: 0.0319
2025-11-15 10:31:22,509 - INFO - Epoch: 234, Training Loss: 0.0402, Validation Loss: 0.0348
2025-11-15 10:31:34,627 - INFO - Epoch: 235, Training Loss: 0.0379, Validation Loss: 0.0408
2025-11-15 10:31:45,861 - INFO - Epoch: 236, Training Loss: 0.0381, Validation Loss: 0.0355
2025-11-15 10:31:59,676 - INFO - Epoch: 237, Training Loss: 0.0398, Validation Loss: 0.0310
2025-11-15 10:32:12,011 - INFO - Epoch: 238, Training Loss: 0.0367, Validation Loss: 0.0347
2025-11-15 10:32:23,169 - INFO - Epoch: 239, Training Loss: 0.0380, Validation Loss: 0.0343
2025-11-15 10:32:38,675 - INFO - Epoch: 240, Training Loss: 0.0384, Validation Loss: 0.0313
2025-11-15 10:32:50,491 - INFO - Epoch: 241, Training Loss: 0.0356, Validation Loss: 0.0318
2025-11-15 10:33:05,296 - INFO - Epoch: 242, Training Loss: 0.0386, Validation Loss: 0.0335
2025-11-15 10:33:20,628 - INFO - Epoch: 243, Training Loss: 0.0372, Validation Loss: 0.0315
2025-11-15 10:33:33,536 - INFO - Epoch: 244, Training Loss: 0.0364, Validation Loss: 0.0315
2025-11-15 10:33:46,156 - INFO - Epoch: 245, Training Loss: 0.0361, Validation Loss: 0.0331
2025-11-15 10:33:58,105 - INFO - Epoch: 246, Training Loss: 0.0358, Validation Loss: 0.0286
2025-11-15 10:33:58,106 - INFO -   → New best validation loss: 0.0286
2025-11-15 10:34:10,478 - INFO - Epoch: 247, Training Loss: 0.0391, Validation Loss: 0.0305
2025-11-15 10:34:21,399 - INFO - Epoch: 248, Training Loss: 0.0381, Validation Loss: 0.0301
2025-11-15 10:34:34,853 - INFO - Epoch: 249, Training Loss: 0.0363, Validation Loss: 0.0282
2025-11-15 10:34:34,853 - INFO -   → New best validation loss: 0.0282
2025-11-15 10:34:44,091 - INFO - Epoch: 250, Training Loss: 0.0357, Validation Loss: 0.0305
2025-11-15 10:34:57,143 - INFO - Epoch: 251, Training Loss: 0.0350, Validation Loss: 0.0291
2025-11-15 10:35:06,103 - INFO - Epoch: 252, Training Loss: 0.0349, Validation Loss: 0.0322
2025-11-15 10:35:17,718 - INFO - Epoch: 253, Training Loss: 0.0356, Validation Loss: 0.0821
2025-11-15 10:35:32,187 - INFO - Epoch: 254, Training Loss: 0.0351, Validation Loss: 0.0334
2025-11-15 10:35:45,181 - INFO - Epoch: 255, Training Loss: 0.0333, Validation Loss: 0.0314
2025-11-15 10:35:58,140 - INFO - Epoch: 256, Training Loss: 0.0345, Validation Loss: 0.0290
2025-11-15 10:36:13,509 - INFO - Epoch: 257, Training Loss: 0.0352, Validation Loss: 0.0293
2025-11-15 10:36:26,392 - INFO - Epoch: 258, Training Loss: 0.0332, Validation Loss: 0.0303
2025-11-15 10:36:42,483 - INFO - Epoch: 259, Training Loss: 0.0335, Validation Loss: 0.0307
2025-11-15 10:36:57,327 - INFO - Epoch: 260, Training Loss: 0.0336, Validation Loss: 0.0278
2025-11-15 10:36:57,330 - INFO -   → New best validation loss: 0.0278
2025-11-15 10:37:09,341 - INFO - Epoch: 261, Training Loss: 0.0329, Validation Loss: 0.0294
2025-11-15 10:37:20,120 - INFO - Epoch: 262, Training Loss: 0.0336, Validation Loss: 0.0266
2025-11-15 10:37:20,121 - INFO -   → New best validation loss: 0.0266
2025-11-15 10:37:32,134 - INFO - Epoch: 263, Training Loss: 0.0325, Validation Loss: 0.0271
2025-11-15 10:37:43,260 - INFO - Epoch: 264, Training Loss: 0.0320, Validation Loss: 0.0286
2025-11-15 10:37:57,289 - INFO - Epoch: 265, Training Loss: 0.0340, Validation Loss: 0.0329
2025-11-15 10:38:11,051 - INFO - Epoch: 266, Training Loss: 0.0342, Validation Loss: 0.0295
2025-11-15 10:38:22,777 - INFO - Epoch: 267, Training Loss: 0.0302, Validation Loss: 0.0287
2025-11-15 10:38:35,046 - INFO - Epoch: 268, Training Loss: 0.0331, Validation Loss: 0.0320
2025-11-15 10:38:48,810 - INFO - Epoch: 269, Training Loss: 0.0333, Validation Loss: 0.0239
2025-11-15 10:38:48,810 - INFO -   → New best validation loss: 0.0239
2025-11-15 10:39:01,854 - INFO - Epoch: 270, Training Loss: 0.0330, Validation Loss: 0.0283
2025-11-15 10:39:17,667 - INFO - Epoch: 271, Training Loss: 0.0312, Validation Loss: 0.0276
2025-11-15 10:39:30,792 - INFO - Epoch: 272, Training Loss: 0.0321, Validation Loss: 0.0255
2025-11-15 10:39:41,274 - INFO - Epoch: 273, Training Loss: 0.0315, Validation Loss: 0.0365
2025-11-15 10:39:55,054 - INFO - Epoch: 274, Training Loss: 0.0307, Validation Loss: 0.0238
2025-11-15 10:39:55,054 - INFO -   → New best validation loss: 0.0238
2025-11-15 10:40:03,172 - INFO - Epoch: 275, Training Loss: 0.0302, Validation Loss: 0.0215
2025-11-15 10:40:03,173 - INFO -   → New best validation loss: 0.0215
2025-11-15 10:40:17,358 - INFO - Epoch: 276, Training Loss: 0.0321, Validation Loss: 0.0259
2025-11-15 10:40:30,458 - INFO - Epoch: 277, Training Loss: 0.0312, Validation Loss: 0.0279
2025-11-15 10:40:42,716 - INFO - Epoch: 278, Training Loss: 0.0314, Validation Loss: 0.0249
2025-11-15 10:40:54,660 - INFO - Epoch: 279, Training Loss: 0.0317, Validation Loss: 0.0453
2025-11-15 10:41:07,509 - INFO - Epoch: 280, Training Loss: 0.0322, Validation Loss: 0.0388
2025-11-15 10:41:21,581 - INFO - Epoch: 281, Training Loss: 0.0303, Validation Loss: 0.0260
2025-11-15 10:41:34,854 - INFO - Epoch: 282, Training Loss: 0.0304, Validation Loss: 0.0221
2025-11-15 10:41:49,152 - INFO - Epoch: 283, Training Loss: 0.0282, Validation Loss: 0.0326
2025-11-15 10:42:00,378 - INFO - Epoch: 284, Training Loss: 0.0294, Validation Loss: 0.0232
2025-11-15 10:42:10,090 - INFO - Epoch: 285, Training Loss: 0.0292, Validation Loss: 0.0247
2025-11-15 10:42:24,658 - INFO - Epoch: 286, Training Loss: 0.0300, Validation Loss: 0.0255
2025-11-15 10:42:39,744 - INFO - Epoch: 287, Training Loss: 0.0290, Validation Loss: 0.0261
2025-11-15 10:42:52,430 - INFO - Epoch: 288, Training Loss: 0.0312, Validation Loss: 0.0464
2025-11-15 10:43:03,552 - INFO - Epoch: 289, Training Loss: 0.0313, Validation Loss: 0.0376
2025-11-15 10:43:16,926 - INFO - Epoch: 290, Training Loss: 0.0288, Validation Loss: 0.0290
2025-11-15 10:43:32,249 - INFO - Epoch: 291, Training Loss: 0.0285, Validation Loss: 0.0261
2025-11-15 10:43:44,344 - INFO - Epoch: 292, Training Loss: 0.0294, Validation Loss: 0.0239
2025-11-15 10:43:57,658 - INFO - Epoch: 293, Training Loss: 0.0295, Validation Loss: 0.0223
2025-11-15 10:44:10,262 - INFO - Epoch: 294, Training Loss: 0.0287, Validation Loss: 0.0312
2025-11-15 10:44:23,374 - INFO - Epoch: 295, Training Loss: 0.0302, Validation Loss: 0.0311
2025-11-15 10:44:23,374 - INFO - Early stopping triggered at epoch 295
2025-11-15 10:44:23,374 - INFO - Best validation loss: 0.0215
2025-11-15 10:44:23,388 - INFO - Restored best model weights
2025-11-15 10:44:23,389 - INFO - 
============================================================
2025-11-15 10:44:23,389 - INFO - EVALUATION RESULTS
2025-11-15 10:44:23,389 - INFO - ============================================================
2025-11-15 10:44:23,580 - INFO - Validation Set - MSE: 0.025474, MAE: 0.114543, RMSE: 0.159607, Pearson Correlation: 0.767861 (p=0.000000)
2025-11-15 10:44:23,773 - INFO - Test Set - MSE: 0.027938, MAE: 0.118183, RMSE: 0.167147, Pearson Correlation: 0.811301 (p=0.000000)
2025-11-15 10:44:23,773 - INFO - ============================================================

2025-11-15 10:44:23,774 - INFO - CV Fold 4 completed successfully
2025-11-15 10:44:23,774 - INFO - 
================================================================================
2025-11-15 10:44:23,774 - INFO - CROSS-VALIDATION SUMMARY - TRIAL 8
2025-11-15 10:44:23,774 - INFO - ================================================================================
2025-11-15 10:44:23,774 - INFO - Validation Set (Average across 5 CV folds):
2025-11-15 10:44:23,775 - INFO -   MSE: 0.033429 ± 0.016958
2025-11-15 10:44:23,775 - INFO -   MAE: 0.133376 ± 0.045191
2025-11-15 10:44:23,775 - INFO -   RMSE: 0.174309 ± 0.055182
2025-11-15 10:44:23,775 - INFO -   Pearson Correlation: 0.422107 ± 0.534438
2025-11-15 10:44:23,775 - INFO - 
Test Set (Average across 5 CV folds):
2025-11-15 10:44:23,775 - INFO -   MSE: 0.036414 ± 0.017474
2025-11-15 10:44:23,775 - INFO -   MAE: 0.134688 ± 0.036489
2025-11-15 10:44:23,775 - INFO -   RMSE: 0.185067 ± 0.046526
2025-11-15 10:44:23,775 - INFO -   Pearson Correlation: 0.445042 ± 0.537090
2025-11-15 10:44:23,775 - INFO - ================================================================================
2025-11-15 10:44:23,776 - INFO - ================================================================================
2025-11-15 10:44:23,776 - INFO - Trial 8 completed. End time: 2025-11-15 10:44:23
2025-11-15 10:44:23,776 - INFO - ================================================================================
