2025-11-15 05:59:09,707 - INFO - ================================================================================
2025-11-15 05:59:09,707 - INFO - TRIAL 5 - Task: RGS
2025-11-15 05:59:09,707 - INFO - Log file: ./logs/trial5_RGS_20251115_003538.log
2025-11-15 05:59:09,707 - INFO - Start time: 2025-11-15 05:59:09
2025-11-15 05:59:09,707 - INFO - ================================================================================
2025-11-15 05:59:09,707 - INFO - 
--------------------------------------------------------------------------------
2025-11-15 05:59:09,707 - INFO - CV Fold 0
2025-11-15 05:59:09,707 - INFO - --------------------------------------------------------------------------------
2025-11-15 05:59:09,709 - INFO - Loading dataset...
2025-11-15 05:59:09,798 - INFO - Dataset shapes - Train: (567, 17, 25, 1), Valid: (141, 17, 25, 1), Test: (177, 17, 25, 1)
2025-11-15 05:59:09,799 - INFO - Initializing VIGNet model...
2025-11-15 05:59:09,802 - INFO - Number of batch iterations per epoch: 113
2025-11-15 05:59:23,881 - INFO - Epoch: 1, Training Loss: 0.2790, Validation Loss: 0.1979
2025-11-15 05:59:23,881 - INFO -   → New best validation loss: 0.1979
2025-11-15 05:59:38,242 - INFO - Epoch: 2, Training Loss: 0.1824, Validation Loss: 0.0990
2025-11-15 05:59:38,243 - INFO -   → New best validation loss: 0.0990
2025-11-15 05:59:52,023 - INFO - Epoch: 3, Training Loss: 0.1141, Validation Loss: 0.0986
2025-11-15 05:59:52,027 - INFO -   → New best validation loss: 0.0986
2025-11-15 06:00:03,041 - INFO - Epoch: 4, Training Loss: 0.1152, Validation Loss: 0.0976
2025-11-15 06:00:03,042 - INFO -   → New best validation loss: 0.0976
2025-11-15 06:00:14,185 - INFO - Epoch: 5, Training Loss: 0.1115, Validation Loss: 0.0961
2025-11-15 06:00:14,186 - INFO -   → New best validation loss: 0.0961
2025-11-15 06:00:26,175 - INFO - Epoch: 6, Training Loss: 0.1107, Validation Loss: 0.0981
2025-11-15 06:00:38,516 - INFO - Epoch: 7, Training Loss: 0.1099, Validation Loss: 0.0977
2025-11-15 06:00:50,686 - INFO - Epoch: 8, Training Loss: 0.1101, Validation Loss: 0.1133
2025-11-15 06:01:06,332 - INFO - Epoch: 9, Training Loss: 0.1088, Validation Loss: 0.1110
2025-11-15 06:01:19,387 - INFO - Epoch: 10, Training Loss: 0.1110, Validation Loss: 0.0979
2025-11-15 06:01:35,629 - INFO - Epoch: 11, Training Loss: 0.1100, Validation Loss: 0.0983
2025-11-15 06:01:45,550 - INFO - Epoch: 12, Training Loss: 0.1086, Validation Loss: 0.1007
2025-11-15 06:01:58,973 - INFO - Epoch: 13, Training Loss: 0.1089, Validation Loss: 0.0973
2025-11-15 06:02:11,959 - INFO - Epoch: 14, Training Loss: 0.1091, Validation Loss: 0.0962
2025-11-15 06:02:24,872 - INFO - Epoch: 15, Training Loss: 0.1070, Validation Loss: 0.1254
2025-11-15 06:02:39,820 - INFO - Epoch: 16, Training Loss: 0.1083, Validation Loss: 0.0963
2025-11-15 06:02:51,079 - INFO - Epoch: 17, Training Loss: 0.1097, Validation Loss: 0.0979
2025-11-15 06:03:01,196 - INFO - Epoch: 18, Training Loss: 0.1098, Validation Loss: 0.0968
2025-11-15 06:03:14,186 - INFO - Epoch: 19, Training Loss: 0.1074, Validation Loss: 0.0970
2025-11-15 06:03:26,605 - INFO - Epoch: 20, Training Loss: 0.1083, Validation Loss: 0.0984
2025-11-15 06:03:36,138 - INFO - Epoch: 21, Training Loss: 0.1087, Validation Loss: 0.0980
2025-11-15 06:03:50,016 - INFO - Epoch: 22, Training Loss: 0.1080, Validation Loss: 0.0963
2025-11-15 06:04:01,175 - INFO - Epoch: 23, Training Loss: 0.1090, Validation Loss: 0.1005
2025-11-15 06:04:12,726 - INFO - Epoch: 24, Training Loss: 0.1081, Validation Loss: 0.0969
2025-11-15 06:04:22,748 - INFO - Epoch: 25, Training Loss: 0.1080, Validation Loss: 0.0970
2025-11-15 06:04:22,748 - INFO - Early stopping triggered at epoch 25
2025-11-15 06:04:22,748 - INFO - Best validation loss: 0.0961
2025-11-15 06:04:22,752 - INFO - Restored best model weights
2025-11-15 06:04:22,752 - INFO - 
============================================================
2025-11-15 06:04:22,752 - INFO - EVALUATION RESULTS
2025-11-15 06:04:22,752 - INFO - ============================================================
2025-11-15 06:04:22,795 - INFO - Validation Set - MSE: 0.096387, MAE: 0.268210, RMSE: 0.310463, Pearson Correlation: -0.019048 (p=0.822614)
2025-11-15 06:04:22,838 - INFO - Test Set - MSE: 0.114888, MAE: 0.306949, RMSE: 0.338951, Pearson Correlation: 0.000101 (p=0.998931)
2025-11-15 06:04:22,858 - INFO - ============================================================

2025-11-15 06:04:22,858 - INFO - CV Fold 0 completed successfully
2025-11-15 06:04:22,858 - INFO - 
--------------------------------------------------------------------------------
2025-11-15 06:04:22,858 - INFO - CV Fold 1
2025-11-15 06:04:22,858 - INFO - --------------------------------------------------------------------------------
2025-11-15 06:04:22,861 - INFO - Loading dataset...
2025-11-15 06:04:22,948 - INFO - Dataset shapes - Train: (567, 17, 25, 1), Valid: (141, 17, 25, 1), Test: (177, 17, 25, 1)
2025-11-15 06:04:22,949 - INFO - Initializing VIGNet model...
2025-11-15 06:04:22,952 - INFO - Number of batch iterations per epoch: 113
2025-11-15 06:04:34,138 - INFO - Epoch: 1, Training Loss: 0.2766, Validation Loss: 0.2483
2025-11-15 06:04:34,138 - INFO -   → New best validation loss: 0.2483
2025-11-15 06:04:46,216 - INFO - Epoch: 2, Training Loss: 0.1929, Validation Loss: 0.1539
2025-11-15 06:04:46,216 - INFO -   → New best validation loss: 0.1539
2025-11-15 06:04:57,150 - INFO - Epoch: 3, Training Loss: 0.1151, Validation Loss: 0.1078
2025-11-15 06:04:57,153 - INFO -   → New best validation loss: 0.1078
2025-11-15 06:05:10,195 - INFO - Epoch: 4, Training Loss: 0.1102, Validation Loss: 0.1121
2025-11-15 06:05:21,821 - INFO - Epoch: 5, Training Loss: 0.1073, Validation Loss: 0.1069
2025-11-15 06:05:21,822 - INFO -   → New best validation loss: 0.1069
2025-11-15 06:05:35,390 - INFO - Epoch: 6, Training Loss: 0.1077, Validation Loss: 0.1069
2025-11-15 06:05:35,395 - INFO -   → New best validation loss: 0.1069
2025-11-15 06:05:47,956 - INFO - Epoch: 7, Training Loss: 0.1067, Validation Loss: 0.1072
2025-11-15 06:05:59,380 - INFO - Epoch: 8, Training Loss: 0.1075, Validation Loss: 0.1064
2025-11-15 06:05:59,382 - INFO -   → New best validation loss: 0.1064
2025-11-15 06:06:13,325 - INFO - Epoch: 9, Training Loss: 0.1074, Validation Loss: 0.1067
2025-11-15 06:06:26,303 - INFO - Epoch: 10, Training Loss: 0.1078, Validation Loss: 0.1067
2025-11-15 06:06:36,695 - INFO - Epoch: 11, Training Loss: 0.1061, Validation Loss: 0.1080
2025-11-15 06:06:50,505 - INFO - Epoch: 12, Training Loss: 0.1061, Validation Loss: 0.1064
2025-11-15 06:06:50,505 - INFO -   → New best validation loss: 0.1064
2025-11-15 06:07:01,688 - INFO - Epoch: 13, Training Loss: 0.1077, Validation Loss: 0.1065
2025-11-15 06:07:15,184 - INFO - Epoch: 14, Training Loss: 0.1065, Validation Loss: 0.1067
2025-11-15 06:07:27,524 - INFO - Epoch: 15, Training Loss: 0.1074, Validation Loss: 0.1063
2025-11-15 06:07:27,525 - INFO -   → New best validation loss: 0.1063
2025-11-15 06:07:37,081 - INFO - Epoch: 16, Training Loss: 0.1066, Validation Loss: 0.1065
2025-11-15 06:07:46,857 - INFO - Epoch: 17, Training Loss: 0.1065, Validation Loss: 0.1063
2025-11-15 06:07:46,858 - INFO -   → New best validation loss: 0.1063
2025-11-15 06:07:57,826 - INFO - Epoch: 18, Training Loss: 0.1078, Validation Loss: 0.1062
2025-11-15 06:07:57,828 - INFO -   → New best validation loss: 0.1062
2025-11-15 06:08:09,677 - INFO - Epoch: 19, Training Loss: 0.1077, Validation Loss: 0.1066
2025-11-15 06:08:21,240 - INFO - Epoch: 20, Training Loss: 0.1063, Validation Loss: 0.1072
2025-11-15 06:08:33,261 - INFO - Epoch: 21, Training Loss: 0.1054, Validation Loss: 0.1064
2025-11-15 06:08:46,214 - INFO - Epoch: 22, Training Loss: 0.1074, Validation Loss: 0.1066
2025-11-15 06:09:00,726 - INFO - Epoch: 23, Training Loss: 0.1057, Validation Loss: 0.1062
2025-11-15 06:09:00,727 - INFO -   → New best validation loss: 0.1062
2025-11-15 06:09:13,016 - INFO - Epoch: 24, Training Loss: 0.1056, Validation Loss: 0.1070
2025-11-15 06:09:22,025 - INFO - Epoch: 25, Training Loss: 0.1074, Validation Loss: 0.1064
2025-11-15 06:09:35,212 - INFO - Epoch: 26, Training Loss: 0.1061, Validation Loss: 0.1075
2025-11-15 06:09:50,095 - INFO - Epoch: 27, Training Loss: 0.1056, Validation Loss: 0.1067
2025-11-15 06:10:05,454 - INFO - Epoch: 28, Training Loss: 0.1070, Validation Loss: 0.1068
2025-11-15 06:10:16,428 - INFO - Epoch: 29, Training Loss: 0.1061, Validation Loss: 0.1069
2025-11-15 06:10:27,922 - INFO - Epoch: 30, Training Loss: 0.1064, Validation Loss: 0.1069
2025-11-15 06:10:43,158 - INFO - Epoch: 31, Training Loss: 0.1055, Validation Loss: 0.1064
2025-11-15 06:10:53,777 - INFO - Epoch: 32, Training Loss: 0.1066, Validation Loss: 0.1061
2025-11-15 06:10:53,780 - INFO -   → New best validation loss: 0.1061
2025-11-15 06:11:04,434 - INFO - Epoch: 33, Training Loss: 0.1069, Validation Loss: 0.1062
2025-11-15 06:11:18,356 - INFO - Epoch: 34, Training Loss: 0.1053, Validation Loss: 0.1070
2025-11-15 06:11:32,745 - INFO - Epoch: 35, Training Loss: 0.1063, Validation Loss: 0.1086
2025-11-15 06:11:43,645 - INFO - Epoch: 36, Training Loss: 0.1062, Validation Loss: 0.1063
2025-11-15 06:11:57,375 - INFO - Epoch: 37, Training Loss: 0.1064, Validation Loss: 0.1059
2025-11-15 06:11:57,375 - INFO -   → New best validation loss: 0.1059
2025-11-15 06:12:08,963 - INFO - Epoch: 38, Training Loss: 0.1056, Validation Loss: 0.1063
2025-11-15 06:12:20,410 - INFO - Epoch: 39, Training Loss: 0.1049, Validation Loss: 0.1064
2025-11-15 06:12:31,686 - INFO - Epoch: 40, Training Loss: 0.1060, Validation Loss: 0.1061
2025-11-15 06:12:45,160 - INFO - Epoch: 41, Training Loss: 0.1058, Validation Loss: 0.1054
2025-11-15 06:12:45,162 - INFO -   → New best validation loss: 0.1054
2025-11-15 06:12:56,379 - INFO - Epoch: 42, Training Loss: 0.1057, Validation Loss: 0.1065
2025-11-15 06:13:06,404 - INFO - Epoch: 43, Training Loss: 0.1066, Validation Loss: 0.1061
2025-11-15 06:13:19,666 - INFO - Epoch: 44, Training Loss: 0.1059, Validation Loss: 0.1066
2025-11-15 06:13:33,472 - INFO - Epoch: 45, Training Loss: 0.1066, Validation Loss: 0.1058
2025-11-15 06:13:44,629 - INFO - Epoch: 46, Training Loss: 0.1056, Validation Loss: 0.1060
2025-11-15 06:13:57,272 - INFO - Epoch: 47, Training Loss: 0.1055, Validation Loss: 0.1065
2025-11-15 06:14:06,924 - INFO - Epoch: 48, Training Loss: 0.1061, Validation Loss: 0.1068
2025-11-15 06:14:18,219 - INFO - Epoch: 49, Training Loss: 0.1062, Validation Loss: 0.1070
2025-11-15 06:14:31,333 - INFO - Epoch: 50, Training Loss: 0.1057, Validation Loss: 0.1062
2025-11-15 06:14:43,968 - INFO - Epoch: 51, Training Loss: 0.1051, Validation Loss: 0.1053
2025-11-15 06:14:43,971 - INFO -   → New best validation loss: 0.1053
2025-11-15 06:14:59,625 - INFO - Epoch: 52, Training Loss: 0.1058, Validation Loss: 0.1059
2025-11-15 06:15:11,385 - INFO - Epoch: 53, Training Loss: 0.1053, Validation Loss: 0.1058
2025-11-15 06:15:26,449 - INFO - Epoch: 54, Training Loss: 0.1053, Validation Loss: 0.1063
2025-11-15 06:15:42,120 - INFO - Epoch: 55, Training Loss: 0.1059, Validation Loss: 0.1059
2025-11-15 06:15:54,406 - INFO - Epoch: 56, Training Loss: 0.1063, Validation Loss: 0.1059
2025-11-15 06:16:04,496 - INFO - Epoch: 57, Training Loss: 0.1056, Validation Loss: 0.1066
2025-11-15 06:16:15,683 - INFO - Epoch: 58, Training Loss: 0.1062, Validation Loss: 0.1058
2025-11-15 06:16:31,208 - INFO - Epoch: 59, Training Loss: 0.1058, Validation Loss: 0.1060
2025-11-15 06:16:42,204 - INFO - Epoch: 60, Training Loss: 0.1054, Validation Loss: 0.1061
2025-11-15 06:16:54,247 - INFO - Epoch: 61, Training Loss: 0.1063, Validation Loss: 0.1053
2025-11-15 06:17:07,499 - INFO - Epoch: 62, Training Loss: 0.1060, Validation Loss: 0.1058
2025-11-15 06:17:22,346 - INFO - Epoch: 63, Training Loss: 0.1055, Validation Loss: 0.1054
2025-11-15 06:17:32,284 - INFO - Epoch: 64, Training Loss: 0.1051, Validation Loss: 0.1059
2025-11-15 06:17:41,895 - INFO - Epoch: 65, Training Loss: 0.1060, Validation Loss: 0.1054
2025-11-15 06:17:54,553 - INFO - Epoch: 66, Training Loss: 0.1063, Validation Loss: 0.1057
2025-11-15 06:18:07,586 - INFO - Epoch: 67, Training Loss: 0.1054, Validation Loss: 0.1056
2025-11-15 06:18:21,829 - INFO - Epoch: 68, Training Loss: 0.1059, Validation Loss: 0.1060
2025-11-15 06:18:34,213 - INFO - Epoch: 69, Training Loss: 0.1063, Validation Loss: 0.1059
2025-11-15 06:18:47,701 - INFO - Epoch: 70, Training Loss: 0.1052, Validation Loss: 0.1059
2025-11-15 06:19:02,697 - INFO - Epoch: 71, Training Loss: 0.1058, Validation Loss: 0.1065
2025-11-15 06:19:02,698 - INFO - Early stopping triggered at epoch 71
2025-11-15 06:19:02,698 - INFO - Best validation loss: 0.1053
2025-11-15 06:19:02,713 - INFO - Restored best model weights
2025-11-15 06:19:02,713 - INFO - 
============================================================
2025-11-15 06:19:02,713 - INFO - EVALUATION RESULTS
2025-11-15 06:19:02,713 - INFO - ============================================================
2025-11-15 06:19:02,908 - INFO - Validation Set - MSE: 0.105197, MAE: 0.286838, RMSE: 0.324340, Pearson Correlation: 0.525254 (p=0.000000)
2025-11-15 06:19:02,961 - INFO - Test Set - MSE: 0.112621, MAE: 0.305104, RMSE: 0.335590, Pearson Correlation: 0.245545 (p=0.000987)
2025-11-15 06:19:02,961 - INFO - ============================================================

2025-11-15 06:19:02,961 - INFO - CV Fold 1 completed successfully
2025-11-15 06:19:02,961 - INFO - 
--------------------------------------------------------------------------------
2025-11-15 06:19:02,961 - INFO - CV Fold 2
2025-11-15 06:19:02,961 - INFO - --------------------------------------------------------------------------------
2025-11-15 06:19:02,963 - INFO - Loading dataset...
2025-11-15 06:19:03,050 - INFO - Dataset shapes - Train: (567, 17, 25, 1), Valid: (141, 17, 25, 1), Test: (177, 17, 25, 1)
2025-11-15 06:19:03,051 - INFO - Initializing VIGNet model...
2025-11-15 06:19:03,054 - INFO - Number of batch iterations per epoch: 113
2025-11-15 06:19:17,036 - INFO - Epoch: 1, Training Loss: 0.2985, Validation Loss: 0.2559
2025-11-15 06:19:17,037 - INFO -   → New best validation loss: 0.2559
2025-11-15 06:19:27,007 - INFO - Epoch: 2, Training Loss: 0.2099, Validation Loss: 0.1064
2025-11-15 06:19:27,007 - INFO -   → New best validation loss: 0.1064
2025-11-15 06:19:36,736 - INFO - Epoch: 3, Training Loss: 0.1288, Validation Loss: 0.1138
2025-11-15 06:19:49,268 - INFO - Epoch: 4, Training Loss: 0.1202, Validation Loss: 0.1118
2025-11-15 06:20:02,023 - INFO - Epoch: 5, Training Loss: 0.1189, Validation Loss: 0.1113
2025-11-15 06:20:13,205 - INFO - Epoch: 6, Training Loss: 0.1139, Validation Loss: 0.1068
2025-11-15 06:20:22,513 - INFO - Epoch: 7, Training Loss: 0.1149, Validation Loss: 0.1057
2025-11-15 06:20:22,514 - INFO -   → New best validation loss: 0.1057
2025-11-15 06:20:33,995 - INFO - Epoch: 8, Training Loss: 0.1116, Validation Loss: 0.1046
2025-11-15 06:20:33,995 - INFO -   → New best validation loss: 0.1046
2025-11-15 06:20:45,027 - INFO - Epoch: 9, Training Loss: 0.1153, Validation Loss: 0.1050
2025-11-15 06:20:55,753 - INFO - Epoch: 10, Training Loss: 0.1165, Validation Loss: 0.1086
2025-11-15 06:21:07,887 - INFO - Epoch: 11, Training Loss: 0.1143, Validation Loss: 0.1047
2025-11-15 06:21:17,409 - INFO - Epoch: 12, Training Loss: 0.1138, Validation Loss: 0.1047
2025-11-15 06:21:29,323 - INFO - Epoch: 13, Training Loss: 0.1145, Validation Loss: 0.1045
2025-11-15 06:21:29,325 - INFO -   → New best validation loss: 0.1045
2025-11-15 06:21:43,423 - INFO - Epoch: 14, Training Loss: 0.1136, Validation Loss: 0.1051
2025-11-15 06:21:56,872 - INFO - Epoch: 15, Training Loss: 0.1110, Validation Loss: 0.1070
2025-11-15 06:22:09,143 - INFO - Epoch: 16, Training Loss: 0.1120, Validation Loss: 0.1050
2025-11-15 06:22:21,639 - INFO - Epoch: 17, Training Loss: 0.1104, Validation Loss: 0.1086
2025-11-15 06:22:34,602 - INFO - Epoch: 18, Training Loss: 0.1129, Validation Loss: 0.1056
2025-11-15 06:22:46,559 - INFO - Epoch: 19, Training Loss: 0.1127, Validation Loss: 0.1046
2025-11-15 06:22:57,672 - INFO - Epoch: 20, Training Loss: 0.1124, Validation Loss: 0.1044
2025-11-15 06:22:57,673 - INFO -   → New best validation loss: 0.1044
2025-11-15 06:23:12,269 - INFO - Epoch: 21, Training Loss: 0.1109, Validation Loss: 0.1047
2025-11-15 06:23:23,290 - INFO - Epoch: 22, Training Loss: 0.1120, Validation Loss: 0.1047
2025-11-15 06:23:34,065 - INFO - Epoch: 23, Training Loss: 0.1113, Validation Loss: 0.1045
2025-11-15 06:23:44,391 - INFO - Epoch: 24, Training Loss: 0.1111, Validation Loss: 0.1048
2025-11-15 06:23:52,287 - INFO - Epoch: 25, Training Loss: 0.1115, Validation Loss: 0.1047
2025-11-15 06:24:04,947 - INFO - Epoch: 26, Training Loss: 0.1113, Validation Loss: 0.1072
2025-11-15 06:24:18,327 - INFO - Epoch: 27, Training Loss: 0.1116, Validation Loss: 0.1048
2025-11-15 06:24:31,992 - INFO - Epoch: 28, Training Loss: 0.1112, Validation Loss: 0.1044
2025-11-15 06:24:43,139 - INFO - Epoch: 29, Training Loss: 0.1112, Validation Loss: 0.1045
2025-11-15 06:24:55,135 - INFO - Epoch: 30, Training Loss: 0.1110, Validation Loss: 0.1057
2025-11-15 06:25:07,947 - INFO - Epoch: 31, Training Loss: 0.1112, Validation Loss: 0.1050
2025-11-15 06:25:19,162 - INFO - Epoch: 32, Training Loss: 0.1113, Validation Loss: 0.1075
2025-11-15 06:25:29,104 - INFO - Epoch: 33, Training Loss: 0.1101, Validation Loss: 0.1046
2025-11-15 06:25:43,303 - INFO - Epoch: 34, Training Loss: 0.1110, Validation Loss: 0.1046
2025-11-15 06:25:54,593 - INFO - Epoch: 35, Training Loss: 0.1110, Validation Loss: 0.1045
2025-11-15 06:26:07,386 - INFO - Epoch: 36, Training Loss: 0.1111, Validation Loss: 0.1044
2025-11-15 06:26:07,389 - INFO -   → New best validation loss: 0.1044
2025-11-15 06:26:22,439 - INFO - Epoch: 37, Training Loss: 0.1110, Validation Loss: 0.1044
2025-11-15 06:26:35,472 - INFO - Epoch: 38, Training Loss: 0.1114, Validation Loss: 0.1044
2025-11-15 06:26:46,387 - INFO - Epoch: 39, Training Loss: 0.1106, Validation Loss: 0.1044
2025-11-15 06:26:56,530 - INFO - Epoch: 40, Training Loss: 0.1111, Validation Loss: 0.1050
2025-11-15 06:27:11,549 - INFO - Epoch: 41, Training Loss: 0.1109, Validation Loss: 0.1049
2025-11-15 06:27:25,923 - INFO - Epoch: 42, Training Loss: 0.1114, Validation Loss: 0.1048
2025-11-15 06:27:37,736 - INFO - Epoch: 43, Training Loss: 0.1117, Validation Loss: 0.1057
2025-11-15 06:27:50,816 - INFO - Epoch: 44, Training Loss: 0.1118, Validation Loss: 0.1044
2025-11-15 06:27:50,816 - INFO -   → New best validation loss: 0.1044
2025-11-15 06:28:00,566 - INFO - Epoch: 45, Training Loss: 0.1099, Validation Loss: 0.1056
2025-11-15 06:28:10,704 - INFO - Epoch: 46, Training Loss: 0.1114, Validation Loss: 0.1044
2025-11-15 06:28:23,166 - INFO - Epoch: 47, Training Loss: 0.1113, Validation Loss: 0.1048
2025-11-15 06:28:32,789 - INFO - Epoch: 48, Training Loss: 0.1109, Validation Loss: 0.1045
2025-11-15 06:28:46,430 - INFO - Epoch: 49, Training Loss: 0.1107, Validation Loss: 0.1045
2025-11-15 06:28:58,489 - INFO - Epoch: 50, Training Loss: 0.1108, Validation Loss: 0.1044
2025-11-15 06:28:58,490 - INFO -   → New best validation loss: 0.1044
2025-11-15 06:29:09,551 - INFO - Epoch: 51, Training Loss: 0.1104, Validation Loss: 0.1045
2025-11-15 06:29:21,518 - INFO - Epoch: 52, Training Loss: 0.1103, Validation Loss: 0.1044
2025-11-15 06:29:32,725 - INFO - Epoch: 53, Training Loss: 0.1107, Validation Loss: 0.1050
2025-11-15 06:29:42,452 - INFO - Epoch: 54, Training Loss: 0.1108, Validation Loss: 0.1043
2025-11-15 06:29:42,455 - INFO -   → New best validation loss: 0.1043
2025-11-15 06:29:56,592 - INFO - Epoch: 55, Training Loss: 0.1106, Validation Loss: 0.1045
2025-11-15 06:30:09,061 - INFO - Epoch: 56, Training Loss: 0.1104, Validation Loss: 0.1043
2025-11-15 06:30:09,062 - INFO -   → New best validation loss: 0.1043
2025-11-15 06:30:20,125 - INFO - Epoch: 57, Training Loss: 0.1105, Validation Loss: 0.1046
2025-11-15 06:30:30,328 - INFO - Epoch: 58, Training Loss: 0.1106, Validation Loss: 0.1044
2025-11-15 06:30:44,168 - INFO - Epoch: 59, Training Loss: 0.1108, Validation Loss: 0.1046
2025-11-15 06:30:56,883 - INFO - Epoch: 60, Training Loss: 0.1108, Validation Loss: 0.1043
2025-11-15 06:31:07,816 - INFO - Epoch: 61, Training Loss: 0.1104, Validation Loss: 0.1048
2025-11-15 06:31:22,097 - INFO - Epoch: 62, Training Loss: 0.1111, Validation Loss: 0.1042
2025-11-15 06:31:22,100 - INFO -   → New best validation loss: 0.1042
2025-11-15 06:31:34,297 - INFO - Epoch: 63, Training Loss: 0.1105, Validation Loss: 0.1044
2025-11-15 06:31:49,554 - INFO - Epoch: 64, Training Loss: 0.1104, Validation Loss: 0.1045
2025-11-15 06:32:03,208 - INFO - Epoch: 65, Training Loss: 0.1098, Validation Loss: 0.1046
2025-11-15 06:32:11,747 - INFO - Epoch: 66, Training Loss: 0.1106, Validation Loss: 0.1045
2025-11-15 06:32:22,237 - INFO - Epoch: 67, Training Loss: 0.1107, Validation Loss: 0.1048
2025-11-15 06:32:33,981 - INFO - Epoch: 68, Training Loss: 0.1104, Validation Loss: 0.1044
2025-11-15 06:32:47,192 - INFO - Epoch: 69, Training Loss: 0.1103, Validation Loss: 0.1045
2025-11-15 06:33:00,791 - INFO - Epoch: 70, Training Loss: 0.1110, Validation Loss: 0.1039
2025-11-15 06:33:00,792 - INFO -   → New best validation loss: 0.1039
2025-11-15 06:33:12,791 - INFO - Epoch: 71, Training Loss: 0.1107, Validation Loss: 0.1045
2025-11-15 06:33:23,293 - INFO - Epoch: 72, Training Loss: 0.1099, Validation Loss: 0.1043
2025-11-15 06:33:37,877 - INFO - Epoch: 73, Training Loss: 0.1097, Validation Loss: 0.1042
2025-11-15 06:33:46,007 - INFO - Epoch: 74, Training Loss: 0.1100, Validation Loss: 0.1041
2025-11-15 06:33:58,219 - INFO - Epoch: 75, Training Loss: 0.1105, Validation Loss: 0.1050
2025-11-15 06:34:12,084 - INFO - Epoch: 76, Training Loss: 0.1099, Validation Loss: 0.1043
2025-11-15 06:34:24,634 - INFO - Epoch: 77, Training Loss: 0.1106, Validation Loss: 0.1043
2025-11-15 06:34:37,977 - INFO - Epoch: 78, Training Loss: 0.1107, Validation Loss: 0.1042
2025-11-15 06:34:52,076 - INFO - Epoch: 79, Training Loss: 0.1107, Validation Loss: 0.1043
2025-11-15 06:35:04,877 - INFO - Epoch: 80, Training Loss: 0.1104, Validation Loss: 0.1043
2025-11-15 06:35:17,176 - INFO - Epoch: 81, Training Loss: 0.1105, Validation Loss: 0.1042
2025-11-15 06:35:28,220 - INFO - Epoch: 82, Training Loss: 0.1100, Validation Loss: 0.1042
2025-11-15 06:35:40,196 - INFO - Epoch: 83, Training Loss: 0.1103, Validation Loss: 0.1041
2025-11-15 06:35:51,236 - INFO - Epoch: 84, Training Loss: 0.1104, Validation Loss: 0.1048
2025-11-15 06:36:03,233 - INFO - Epoch: 85, Training Loss: 0.1109, Validation Loss: 0.1048
2025-11-15 06:36:14,393 - INFO - Epoch: 86, Training Loss: 0.1109, Validation Loss: 0.1042
2025-11-15 06:36:26,581 - INFO - Epoch: 87, Training Loss: 0.1105, Validation Loss: 0.1041
2025-11-15 06:36:37,141 - INFO - Epoch: 88, Training Loss: 0.1111, Validation Loss: 0.1056
2025-11-15 06:36:47,261 - INFO - Epoch: 89, Training Loss: 0.1100, Validation Loss: 0.1043
2025-11-15 06:36:58,583 - INFO - Epoch: 90, Training Loss: 0.1103, Validation Loss: 0.1043
2025-11-15 06:36:58,584 - INFO - Early stopping triggered at epoch 90
2025-11-15 06:36:58,584 - INFO - Best validation loss: 0.1039
2025-11-15 06:36:58,599 - INFO - Restored best model weights
2025-11-15 06:36:58,599 - INFO - 
============================================================
2025-11-15 06:36:58,599 - INFO - EVALUATION RESULTS
2025-11-15 06:36:58,599 - INFO - ============================================================
2025-11-15 06:36:58,731 - INFO - Validation Set - MSE: 0.104324, MAE: 0.285777, RMSE: 0.322993, Pearson Correlation: 0.286741 (p=0.000566)
2025-11-15 06:36:58,776 - INFO - Test Set - MSE: 0.099397, MAE: 0.282801, RMSE: 0.315273, Pearson Correlation: 0.112026 (p=0.137669)
2025-11-15 06:36:58,776 - INFO - ============================================================

2025-11-15 06:36:58,777 - INFO - CV Fold 2 completed successfully
2025-11-15 06:36:58,777 - INFO - 
--------------------------------------------------------------------------------
2025-11-15 06:36:58,777 - INFO - CV Fold 3
2025-11-15 06:36:58,777 - INFO - --------------------------------------------------------------------------------
2025-11-15 06:36:58,779 - INFO - Loading dataset...
2025-11-15 06:36:58,865 - INFO - Dataset shapes - Train: (567, 17, 25, 1), Valid: (141, 17, 25, 1), Test: (177, 17, 25, 1)
2025-11-15 06:36:58,867 - INFO - Initializing VIGNet model...
2025-11-15 06:36:58,870 - INFO - Number of batch iterations per epoch: 113
2025-11-15 06:37:09,529 - INFO - Epoch: 1, Training Loss: 0.2887, Validation Loss: 0.2308
2025-11-15 06:37:09,530 - INFO -   → New best validation loss: 0.2308
2025-11-15 06:37:24,812 - INFO - Epoch: 2, Training Loss: 0.1966, Validation Loss: 0.1192
2025-11-15 06:37:24,815 - INFO -   → New best validation loss: 0.1192
2025-11-15 06:37:34,239 - INFO - Epoch: 3, Training Loss: 0.1219, Validation Loss: 0.1300
2025-11-15 06:37:43,669 - INFO - Epoch: 4, Training Loss: 0.1194, Validation Loss: 0.1066
2025-11-15 06:37:43,670 - INFO -   → New best validation loss: 0.1066
2025-11-15 06:37:53,744 - INFO - Epoch: 5, Training Loss: 0.1152, Validation Loss: 0.1034
2025-11-15 06:37:53,748 - INFO -   → New best validation loss: 0.1034
2025-11-15 06:38:07,960 - INFO - Epoch: 6, Training Loss: 0.1165, Validation Loss: 0.1101
2025-11-15 06:38:19,712 - INFO - Epoch: 7, Training Loss: 0.1143, Validation Loss: 0.1008
2025-11-15 06:38:19,713 - INFO -   → New best validation loss: 0.1008
2025-11-15 06:38:35,400 - INFO - Epoch: 8, Training Loss: 0.1148, Validation Loss: 0.1060
2025-11-15 06:38:52,122 - INFO - Epoch: 9, Training Loss: 0.1156, Validation Loss: 0.1019
2025-11-15 06:39:05,303 - INFO - Epoch: 10, Training Loss: 0.1163, Validation Loss: 0.1015
2025-11-15 06:39:16,478 - INFO - Epoch: 11, Training Loss: 0.1171, Validation Loss: 0.1107
2025-11-15 06:39:26,809 - INFO - Epoch: 12, Training Loss: 0.1141, Validation Loss: 0.1036
2025-11-15 06:39:39,749 - INFO - Epoch: 13, Training Loss: 0.1133, Validation Loss: 0.1007
2025-11-15 06:39:39,751 - INFO -   → New best validation loss: 0.1007
2025-11-15 06:39:52,392 - INFO - Epoch: 14, Training Loss: 0.1124, Validation Loss: 0.1009
2025-11-15 06:40:03,573 - INFO - Epoch: 15, Training Loss: 0.1120, Validation Loss: 0.1027
2025-11-15 06:40:17,200 - INFO - Epoch: 16, Training Loss: 0.1108, Validation Loss: 0.1035
2025-11-15 06:40:27,248 - INFO - Epoch: 17, Training Loss: 0.1152, Validation Loss: 0.1005
2025-11-15 06:40:27,249 - INFO -   → New best validation loss: 0.1005
2025-11-15 06:40:41,132 - INFO - Epoch: 18, Training Loss: 0.1122, Validation Loss: 0.1005
2025-11-15 06:40:41,135 - INFO -   → New best validation loss: 0.1005
2025-11-15 06:40:53,003 - INFO - Epoch: 19, Training Loss: 0.1123, Validation Loss: 0.1004
2025-11-15 06:40:53,004 - INFO -   → New best validation loss: 0.1004
2025-11-15 06:41:06,722 - INFO - Epoch: 20, Training Loss: 0.1144, Validation Loss: 0.1010
2025-11-15 06:41:18,572 - INFO - Epoch: 21, Training Loss: 0.1124, Validation Loss: 0.1013
2025-11-15 06:41:31,773 - INFO - Epoch: 22, Training Loss: 0.1115, Validation Loss: 0.1021
2025-11-15 06:41:41,039 - INFO - Epoch: 23, Training Loss: 0.1117, Validation Loss: 0.1006
2025-11-15 06:41:51,687 - INFO - Epoch: 24, Training Loss: 0.1135, Validation Loss: 0.0998
2025-11-15 06:41:51,690 - INFO -   → New best validation loss: 0.0998
2025-11-15 06:42:05,202 - INFO - Epoch: 25, Training Loss: 0.1118, Validation Loss: 0.1084
2025-11-15 06:42:16,717 - INFO - Epoch: 26, Training Loss: 0.1107, Validation Loss: 0.0992
2025-11-15 06:42:16,718 - INFO -   → New best validation loss: 0.0992
2025-11-15 06:42:27,218 - INFO - Epoch: 27, Training Loss: 0.1113, Validation Loss: 0.1022
2025-11-15 06:42:40,990 - INFO - Epoch: 28, Training Loss: 0.1109, Validation Loss: 0.1013
2025-11-15 06:42:53,665 - INFO - Epoch: 29, Training Loss: 0.1116, Validation Loss: 0.1007
2025-11-15 06:43:03,314 - INFO - Epoch: 30, Training Loss: 0.1107, Validation Loss: 0.1003
2025-11-15 06:43:15,857 - INFO - Epoch: 31, Training Loss: 0.1109, Validation Loss: 0.1002
2025-11-15 06:43:32,748 - INFO - Epoch: 32, Training Loss: 0.1096, Validation Loss: 0.1029
2025-11-15 06:43:45,238 - INFO - Epoch: 33, Training Loss: 0.1090, Validation Loss: 0.1028
2025-11-15 06:43:58,307 - INFO - Epoch: 34, Training Loss: 0.1099, Validation Loss: 0.1006
2025-11-15 06:44:13,352 - INFO - Epoch: 35, Training Loss: 0.1116, Validation Loss: 0.1000
2025-11-15 06:44:24,209 - INFO - Epoch: 36, Training Loss: 0.1106, Validation Loss: 0.1006
2025-11-15 06:44:38,339 - INFO - Epoch: 37, Training Loss: 0.1104, Validation Loss: 0.0997
2025-11-15 06:44:49,828 - INFO - Epoch: 38, Training Loss: 0.1109, Validation Loss: 0.1004
2025-11-15 06:45:00,554 - INFO - Epoch: 39, Training Loss: 0.1119, Validation Loss: 0.1005
2025-11-15 06:45:11,753 - INFO - Epoch: 40, Training Loss: 0.1087, Validation Loss: 0.0993
2025-11-15 06:45:23,224 - INFO - Epoch: 41, Training Loss: 0.1099, Validation Loss: 0.1001
2025-11-15 06:45:35,145 - INFO - Epoch: 42, Training Loss: 0.1102, Validation Loss: 0.1004
2025-11-15 06:45:48,466 - INFO - Epoch: 43, Training Loss: 0.1102, Validation Loss: 0.1001
2025-11-15 06:45:59,858 - INFO - Epoch: 44, Training Loss: 0.1097, Validation Loss: 0.1028
2025-11-15 06:46:12,514 - INFO - Epoch: 45, Training Loss: 0.1107, Validation Loss: 0.1000
2025-11-15 06:46:25,252 - INFO - Epoch: 46, Training Loss: 0.1110, Validation Loss: 0.1004
2025-11-15 06:46:25,252 - INFO - Early stopping triggered at epoch 46
2025-11-15 06:46:25,252 - INFO - Best validation loss: 0.0992
2025-11-15 06:46:25,256 - INFO - Restored best model weights
2025-11-15 06:46:25,256 - INFO - 
============================================================
2025-11-15 06:46:25,256 - INFO - EVALUATION RESULTS
2025-11-15 06:46:25,256 - INFO - ============================================================
2025-11-15 06:46:25,312 - INFO - Validation Set - MSE: 0.102620, MAE: 0.291669, RMSE: 0.320343, Pearson Correlation: -0.117763 (p=0.164300)
2025-11-15 06:46:25,483 - INFO - Test Set - MSE: 0.105245, MAE: 0.287045, RMSE: 0.324415, Pearson Correlation: -0.010552 (p=0.889143)
2025-11-15 06:46:25,483 - INFO - ============================================================

2025-11-15 06:46:25,484 - INFO - CV Fold 3 completed successfully
2025-11-15 06:46:25,484 - INFO - 
--------------------------------------------------------------------------------
2025-11-15 06:46:25,484 - INFO - CV Fold 4
2025-11-15 06:46:25,484 - INFO - --------------------------------------------------------------------------------
2025-11-15 06:46:25,490 - INFO - Loading dataset...
2025-11-15 06:46:25,636 - INFO - Dataset shapes - Train: (567, 17, 25, 1), Valid: (141, 17, 25, 1), Test: (177, 17, 25, 1)
2025-11-15 06:46:25,637 - INFO - Initializing VIGNet model...
2025-11-15 06:46:25,640 - INFO - Number of batch iterations per epoch: 113
2025-11-15 06:46:41,030 - INFO - Epoch: 1, Training Loss: 0.2821, Validation Loss: 0.2458
2025-11-15 06:46:41,031 - INFO -   → New best validation loss: 0.2458
2025-11-15 06:46:49,139 - INFO - Epoch: 2, Training Loss: 0.1747, Validation Loss: 0.1106
2025-11-15 06:46:49,139 - INFO -   → New best validation loss: 0.1106
2025-11-15 06:47:03,052 - INFO - Epoch: 3, Training Loss: 0.1182, Validation Loss: 0.1097
2025-11-15 06:47:03,053 - INFO -   → New best validation loss: 0.1097
2025-11-15 06:47:16,476 - INFO - Epoch: 4, Training Loss: 0.1152, Validation Loss: 0.1145
2025-11-15 06:47:27,793 - INFO - Epoch: 5, Training Loss: 0.1174, Validation Loss: 0.1069
2025-11-15 06:47:27,795 - INFO -   → New best validation loss: 0.1069
2025-11-15 06:47:42,883 - INFO - Epoch: 6, Training Loss: 0.1151, Validation Loss: 0.1065
2025-11-15 06:47:42,883 - INFO -   → New best validation loss: 0.1065
2025-11-15 06:47:55,047 - INFO - Epoch: 7, Training Loss: 0.1146, Validation Loss: 0.1138
2025-11-15 06:48:05,133 - INFO - Epoch: 8, Training Loss: 0.1166, Validation Loss: 0.1047
2025-11-15 06:48:05,134 - INFO -   → New best validation loss: 0.1047
2025-11-15 06:48:16,124 - INFO - Epoch: 9, Training Loss: 0.1113, Validation Loss: 0.1132
2025-11-15 06:48:27,190 - INFO - Epoch: 10, Training Loss: 0.1141, Validation Loss: 0.1060
2025-11-15 06:48:42,015 - INFO - Epoch: 11, Training Loss: 0.1133, Validation Loss: 0.1152
2025-11-15 06:48:51,083 - INFO - Epoch: 12, Training Loss: 0.1135, Validation Loss: 0.1064
2025-11-15 06:49:04,654 - INFO - Epoch: 13, Training Loss: 0.1107, Validation Loss: 0.1083
2025-11-15 06:49:15,536 - INFO - Epoch: 14, Training Loss: 0.1121, Validation Loss: 0.1054
2025-11-15 06:49:28,447 - INFO - Epoch: 15, Training Loss: 0.1109, Validation Loss: 0.1050
2025-11-15 06:49:39,807 - INFO - Epoch: 16, Training Loss: 0.1104, Validation Loss: 0.1075
2025-11-15 06:49:52,284 - INFO - Epoch: 17, Training Loss: 0.1131, Validation Loss: 0.1091
2025-11-15 06:50:04,335 - INFO - Epoch: 18, Training Loss: 0.1106, Validation Loss: 0.1062
2025-11-15 06:50:16,171 - INFO - Epoch: 19, Training Loss: 0.1126, Validation Loss: 0.1040
2025-11-15 06:50:16,175 - INFO -   → New best validation loss: 0.1040
2025-11-15 06:50:28,862 - INFO - Epoch: 20, Training Loss: 0.1128, Validation Loss: 0.1093
2025-11-15 06:50:44,769 - INFO - Epoch: 21, Training Loss: 0.1124, Validation Loss: 0.1047
2025-11-15 06:50:55,767 - INFO - Epoch: 22, Training Loss: 0.1120, Validation Loss: 0.1036
2025-11-15 06:50:55,768 - INFO -   → New best validation loss: 0.1036
2025-11-15 06:51:07,509 - INFO - Epoch: 23, Training Loss: 0.1113, Validation Loss: 0.1047
2025-11-15 06:51:17,426 - INFO - Epoch: 24, Training Loss: 0.1098, Validation Loss: 0.1048
2025-11-15 06:51:29,983 - INFO - Epoch: 25, Training Loss: 0.1107, Validation Loss: 0.1046
2025-11-15 06:51:42,793 - INFO - Epoch: 26, Training Loss: 0.1093, Validation Loss: 0.1077
2025-11-15 06:51:56,278 - INFO - Epoch: 27, Training Loss: 0.1110, Validation Loss: 0.1073
2025-11-15 06:52:07,346 - INFO - Epoch: 28, Training Loss: 0.1096, Validation Loss: 0.1085
2025-11-15 06:52:16,317 - INFO - Epoch: 29, Training Loss: 0.1074, Validation Loss: 0.1045
2025-11-15 06:52:29,000 - INFO - Epoch: 30, Training Loss: 0.1090, Validation Loss: 0.1045
2025-11-15 06:52:39,650 - INFO - Epoch: 31, Training Loss: 0.1094, Validation Loss: 0.1049
2025-11-15 06:52:52,897 - INFO - Epoch: 32, Training Loss: 0.1104, Validation Loss: 0.1045
2025-11-15 06:53:00,629 - INFO - Epoch: 33, Training Loss: 0.1107, Validation Loss: 0.1060
2025-11-15 06:53:11,794 - INFO - Epoch: 34, Training Loss: 0.1095, Validation Loss: 0.1085
2025-11-15 06:53:21,562 - INFO - Epoch: 35, Training Loss: 0.1095, Validation Loss: 0.1044
2025-11-15 06:53:32,633 - INFO - Epoch: 36, Training Loss: 0.1090, Validation Loss: 0.1047
2025-11-15 06:53:46,477 - INFO - Epoch: 37, Training Loss: 0.1108, Validation Loss: 0.1049
2025-11-15 06:53:58,485 - INFO - Epoch: 38, Training Loss: 0.1093, Validation Loss: 0.1060
2025-11-15 06:54:10,445 - INFO - Epoch: 39, Training Loss: 0.1087, Validation Loss: 0.1041
2025-11-15 06:54:19,256 - INFO - Epoch: 40, Training Loss: 0.1097, Validation Loss: 0.1040
2025-11-15 06:54:32,132 - INFO - Epoch: 41, Training Loss: 0.1096, Validation Loss: 0.1042
2025-11-15 06:54:44,316 - INFO - Epoch: 42, Training Loss: 0.1090, Validation Loss: 0.1055
2025-11-15 06:54:44,316 - INFO - Early stopping triggered at epoch 42
2025-11-15 06:54:44,316 - INFO - Best validation loss: 0.1036
2025-11-15 06:54:44,320 - INFO - Restored best model weights
2025-11-15 06:54:44,320 - INFO - 
============================================================
2025-11-15 06:54:44,320 - INFO - EVALUATION RESULTS
2025-11-15 06:54:44,320 - INFO - ============================================================
2025-11-15 06:54:44,364 - INFO - Validation Set - MSE: 0.106942, MAE: 0.283957, RMSE: 0.327019, Pearson Correlation: -0.060325 (p=0.477340)
2025-11-15 06:54:44,409 - INFO - Test Set - MSE: 0.104864, MAE: 0.277527, RMSE: 0.323827, Pearson Correlation: 0.062927 (p=0.405359)
2025-11-15 06:54:44,409 - INFO - ============================================================

2025-11-15 06:54:44,410 - INFO - CV Fold 4 completed successfully
2025-11-15 06:54:44,410 - INFO - 
================================================================================
2025-11-15 06:54:44,410 - INFO - CROSS-VALIDATION SUMMARY - TRIAL 5
2025-11-15 06:54:44,410 - INFO - ================================================================================
2025-11-15 06:54:44,410 - INFO - Validation Set (Average across 5 CV folds):
2025-11-15 06:54:44,410 - INFO -   MSE: 0.103094 ± 0.003632
2025-11-15 06:54:44,410 - INFO -   MAE: 0.283290 ± 0.007960
2025-11-15 06:54:44,410 - INFO -   RMSE: 0.321032 ± 0.005706
2025-11-15 06:54:44,410 - INFO -   Pearson Correlation: 0.122972 ± 0.245101
2025-11-15 06:54:44,410 - INFO - 
Test Set (Average across 5 CV folds):
2025-11-15 06:54:44,410 - INFO -   MSE: 0.107403 ± 0.005629
2025-11-15 06:54:44,410 - INFO -   MAE: 0.291885 ± 0.011948
2025-11-15 06:54:44,410 - INFO -   RMSE: 0.327611 ± 0.008591
2025-11-15 06:54:44,410 - INFO -   Pearson Correlation: 0.082010 ± 0.093043
2025-11-15 06:54:44,410 - INFO - ================================================================================
2025-11-15 06:54:44,410 - INFO - ================================================================================
2025-11-15 06:54:44,410 - INFO - Trial 5 completed. End time: 2025-11-15 06:54:44
2025-11-15 06:54:44,410 - INFO - ================================================================================
