2025-11-15 07:36:00,630 - INFO - ================================================================================
2025-11-15 07:36:00,630 - INFO - TRIAL 7 - Task: RGS
2025-11-15 07:36:00,630 - INFO - Log file: ./logs/trial7_RGS_20251115_003538.log
2025-11-15 07:36:00,630 - INFO - Start time: 2025-11-15 07:36:00
2025-11-15 07:36:00,630 - INFO - ================================================================================
2025-11-15 07:36:00,630 - INFO - 
--------------------------------------------------------------------------------
2025-11-15 07:36:00,630 - INFO - CV Fold 0
2025-11-15 07:36:00,630 - INFO - --------------------------------------------------------------------------------
2025-11-15 07:36:00,634 - INFO - Loading dataset...
2025-11-15 07:36:00,725 - INFO - Dataset shapes - Train: (567, 17, 25, 1), Valid: (141, 17, 25, 1), Test: (177, 17, 25, 1)
2025-11-15 07:36:00,726 - INFO - Initializing VIGNet model...
2025-11-15 07:36:00,729 - INFO - Number of batch iterations per epoch: 113
2025-11-15 07:36:13,687 - INFO - Epoch: 1, Training Loss: 0.1650, Validation Loss: 0.1247
2025-11-15 07:36:13,688 - INFO -   → New best validation loss: 0.1247
2025-11-15 07:36:23,589 - INFO - Epoch: 2, Training Loss: 0.0629, Validation Loss: 0.0182
2025-11-15 07:36:23,590 - INFO -   → New best validation loss: 0.0182
2025-11-15 07:36:33,688 - INFO - Epoch: 3, Training Loss: 0.0223, Validation Loss: 0.0215
2025-11-15 07:36:44,491 - INFO - Epoch: 4, Training Loss: 0.0207, Validation Loss: 0.0174
2025-11-15 07:36:44,491 - INFO -   → New best validation loss: 0.0174
2025-11-15 07:36:57,825 - INFO - Epoch: 5, Training Loss: 0.0192, Validation Loss: 0.0210
2025-11-15 07:37:10,127 - INFO - Epoch: 6, Training Loss: 0.0193, Validation Loss: 0.0171
2025-11-15 07:37:10,128 - INFO -   → New best validation loss: 0.0171
2025-11-15 07:37:24,476 - INFO - Epoch: 7, Training Loss: 0.0206, Validation Loss: 0.0195
2025-11-15 07:37:37,049 - INFO - Epoch: 8, Training Loss: 0.0148, Validation Loss: 0.0171
2025-11-15 07:37:48,265 - INFO - Epoch: 9, Training Loss: 0.0143, Validation Loss: 0.0351
2025-11-15 07:38:00,394 - INFO - Epoch: 10, Training Loss: 0.0141, Validation Loss: 0.0169
2025-11-15 07:38:00,395 - INFO -   → New best validation loss: 0.0169
2025-11-15 07:38:13,676 - INFO - Epoch: 11, Training Loss: 0.0146, Validation Loss: 0.0180
2025-11-15 07:38:27,681 - INFO - Epoch: 12, Training Loss: 0.0139, Validation Loss: 0.0169
2025-11-15 07:38:40,336 - INFO - Epoch: 13, Training Loss: 0.0137, Validation Loss: 0.0171
2025-11-15 07:38:57,224 - INFO - Epoch: 14, Training Loss: 0.0140, Validation Loss: 0.0170
2025-11-15 07:39:05,730 - INFO - Epoch: 15, Training Loss: 0.0126, Validation Loss: 0.0169
2025-11-15 07:39:19,130 - INFO - Epoch: 16, Training Loss: 0.0133, Validation Loss: 0.0170
2025-11-15 07:39:28,001 - INFO - Epoch: 17, Training Loss: 0.0129, Validation Loss: 0.0176
2025-11-15 07:39:40,711 - INFO - Epoch: 18, Training Loss: 0.0128, Validation Loss: 0.0179
2025-11-15 07:39:50,998 - INFO - Epoch: 19, Training Loss: 0.0136, Validation Loss: 0.0173
2025-11-15 07:40:00,789 - INFO - Epoch: 20, Training Loss: 0.0129, Validation Loss: 0.0189
2025-11-15 07:40:12,090 - INFO - Epoch: 21, Training Loss: 0.0123, Validation Loss: 0.0169
2025-11-15 07:40:22,697 - INFO - Epoch: 22, Training Loss: 0.0120, Validation Loss: 0.0201
2025-11-15 07:40:32,900 - INFO - Epoch: 23, Training Loss: 0.0126, Validation Loss: 0.0171
2025-11-15 07:40:44,838 - INFO - Epoch: 24, Training Loss: 0.0125, Validation Loss: 0.0177
2025-11-15 07:40:55,406 - INFO - Epoch: 25, Training Loss: 0.0120, Validation Loss: 0.0170
2025-11-15 07:41:07,650 - INFO - Epoch: 26, Training Loss: 0.0121, Validation Loss: 0.0169
2025-11-15 07:41:22,367 - INFO - Epoch: 27, Training Loss: 0.0118, Validation Loss: 0.0182
2025-11-15 07:41:33,861 - INFO - Epoch: 28, Training Loss: 0.0121, Validation Loss: 0.0204
2025-11-15 07:41:46,556 - INFO - Epoch: 29, Training Loss: 0.0120, Validation Loss: 0.0171
2025-11-15 07:41:56,846 - INFO - Epoch: 30, Training Loss: 0.0124, Validation Loss: 0.0176
2025-11-15 07:41:56,846 - INFO - Early stopping triggered at epoch 30
2025-11-15 07:41:56,846 - INFO - Best validation loss: 0.0169
2025-11-15 07:41:56,849 - INFO - Restored best model weights
2025-11-15 07:41:56,849 - INFO - 
============================================================
2025-11-15 07:41:56,849 - INFO - EVALUATION RESULTS
2025-11-15 07:41:56,850 - INFO - ============================================================
2025-11-15 07:41:56,893 - INFO - Validation Set - MSE: 0.019028, MAE: 0.084519, RMSE: 0.137941, Pearson Correlation: -0.165683 (p=0.049594)
2025-11-15 07:41:56,937 - INFO - Test Set - MSE: 0.015305, MAE: 0.077170, RMSE: 0.123714, Pearson Correlation: -0.076823 (p=0.309472)
2025-11-15 07:41:56,937 - INFO - ============================================================

2025-11-15 07:41:56,937 - INFO - CV Fold 0 completed successfully
2025-11-15 07:41:56,937 - INFO - 
--------------------------------------------------------------------------------
2025-11-15 07:41:56,937 - INFO - CV Fold 1
2025-11-15 07:41:56,937 - INFO - --------------------------------------------------------------------------------
2025-11-15 07:41:56,939 - INFO - Loading dataset...
2025-11-15 07:41:57,026 - INFO - Dataset shapes - Train: (567, 17, 25, 1), Valid: (141, 17, 25, 1), Test: (177, 17, 25, 1)
2025-11-15 07:41:57,028 - INFO - Initializing VIGNet model...
2025-11-15 07:41:57,031 - INFO - Number of batch iterations per epoch: 113
2025-11-15 07:42:06,224 - INFO - Epoch: 1, Training Loss: 0.1847, Validation Loss: 0.1829
2025-11-15 07:42:06,224 - INFO -   → New best validation loss: 0.1829
2025-11-15 07:42:19,487 - INFO - Epoch: 2, Training Loss: 0.1024, Validation Loss: 0.0755
2025-11-15 07:42:19,488 - INFO -   → New best validation loss: 0.0755
2025-11-15 07:42:36,144 - INFO - Epoch: 3, Training Loss: 0.0222, Validation Loss: 0.0207
2025-11-15 07:42:36,147 - INFO -   → New best validation loss: 0.0207
2025-11-15 07:42:46,708 - INFO - Epoch: 4, Training Loss: 0.0147, Validation Loss: 0.0224
2025-11-15 07:42:59,351 - INFO - Epoch: 5, Training Loss: 0.0143, Validation Loss: 0.0209
2025-11-15 07:43:12,971 - INFO - Epoch: 6, Training Loss: 0.0150, Validation Loss: 0.0244
2025-11-15 07:43:25,561 - INFO - Epoch: 7, Training Loss: 0.0133, Validation Loss: 0.0208
2025-11-15 07:43:41,018 - INFO - Epoch: 8, Training Loss: 0.0134, Validation Loss: 0.0210
2025-11-15 07:43:52,773 - INFO - Epoch: 9, Training Loss: 0.0137, Validation Loss: 0.0205
2025-11-15 07:43:52,774 - INFO -   → New best validation loss: 0.0205
2025-11-15 07:44:03,910 - INFO - Epoch: 10, Training Loss: 0.0125, Validation Loss: 0.0205
2025-11-15 07:44:03,910 - INFO -   → New best validation loss: 0.0205
2025-11-15 07:44:16,622 - INFO - Epoch: 11, Training Loss: 0.0130, Validation Loss: 0.0203
2025-11-15 07:44:16,624 - INFO -   → New best validation loss: 0.0203
2025-11-15 07:44:30,641 - INFO - Epoch: 12, Training Loss: 0.0124, Validation Loss: 0.0210
2025-11-15 07:44:45,036 - INFO - Epoch: 13, Training Loss: 0.0120, Validation Loss: 0.0221
2025-11-15 07:44:56,550 - INFO - Epoch: 14, Training Loss: 0.0121, Validation Loss: 0.0206
2025-11-15 07:45:09,252 - INFO - Epoch: 15, Training Loss: 0.0123, Validation Loss: 0.0206
2025-11-15 07:45:22,883 - INFO - Epoch: 16, Training Loss: 0.0119, Validation Loss: 0.0203
2025-11-15 07:45:37,179 - INFO - Epoch: 17, Training Loss: 0.0122, Validation Loss: 0.0204
2025-11-15 07:45:49,408 - INFO - Epoch: 18, Training Loss: 0.0114, Validation Loss: 0.0212
2025-11-15 07:46:03,562 - INFO - Epoch: 19, Training Loss: 0.0119, Validation Loss: 0.0201
2025-11-15 07:46:03,562 - INFO -   → New best validation loss: 0.0201
2025-11-15 07:46:14,968 - INFO - Epoch: 20, Training Loss: 0.0118, Validation Loss: 0.0214
2025-11-15 07:46:26,627 - INFO - Epoch: 21, Training Loss: 0.0116, Validation Loss: 0.0204
2025-11-15 07:46:38,219 - INFO - Epoch: 22, Training Loss: 0.0115, Validation Loss: 0.0209
2025-11-15 07:46:49,442 - INFO - Epoch: 23, Training Loss: 0.0114, Validation Loss: 0.0205
2025-11-15 07:46:59,215 - INFO - Epoch: 24, Training Loss: 0.0115, Validation Loss: 0.0210
2025-11-15 07:47:14,204 - INFO - Epoch: 25, Training Loss: 0.0116, Validation Loss: 0.0212
2025-11-15 07:47:26,500 - INFO - Epoch: 26, Training Loss: 0.0115, Validation Loss: 0.0203
2025-11-15 07:47:38,459 - INFO - Epoch: 27, Training Loss: 0.0116, Validation Loss: 0.0212
2025-11-15 07:47:49,996 - INFO - Epoch: 28, Training Loss: 0.0115, Validation Loss: 0.0217
2025-11-15 07:48:02,201 - INFO - Epoch: 29, Training Loss: 0.0117, Validation Loss: 0.0204
2025-11-15 07:48:11,979 - INFO - Epoch: 30, Training Loss: 0.0115, Validation Loss: 0.0208
2025-11-15 07:48:26,413 - INFO - Epoch: 31, Training Loss: 0.0114, Validation Loss: 0.0206
2025-11-15 07:48:42,484 - INFO - Epoch: 32, Training Loss: 0.0116, Validation Loss: 0.0204
2025-11-15 07:48:53,204 - INFO - Epoch: 33, Training Loss: 0.0115, Validation Loss: 0.0202
2025-11-15 07:49:03,898 - INFO - Epoch: 34, Training Loss: 0.0115, Validation Loss: 0.0209
2025-11-15 07:49:14,938 - INFO - Epoch: 35, Training Loss: 0.0116, Validation Loss: 0.0202
2025-11-15 07:49:29,282 - INFO - Epoch: 36, Training Loss: 0.0115, Validation Loss: 0.0202
2025-11-15 07:49:40,717 - INFO - Epoch: 37, Training Loss: 0.0115, Validation Loss: 0.0206
2025-11-15 07:49:53,043 - INFO - Epoch: 38, Training Loss: 0.0112, Validation Loss: 0.0207
2025-11-15 07:50:04,183 - INFO - Epoch: 39, Training Loss: 0.0115, Validation Loss: 0.0204
2025-11-15 07:50:04,183 - INFO - Early stopping triggered at epoch 39
2025-11-15 07:50:04,183 - INFO - Best validation loss: 0.0201
2025-11-15 07:50:04,198 - INFO - Restored best model weights
2025-11-15 07:50:04,198 - INFO - 
============================================================
2025-11-15 07:50:04,198 - INFO - EVALUATION RESULTS
2025-11-15 07:50:04,198 - INFO - ============================================================
2025-11-15 07:50:04,367 - INFO - Validation Set - MSE: 0.020137, MAE: 0.087250, RMSE: 0.141905, Pearson Correlation: -0.238871 (p=0.004336)
2025-11-15 07:50:04,537 - INFO - Test Set - MSE: 0.013786, MAE: 0.072777, RMSE: 0.117414, Pearson Correlation: -0.117792 (p=0.118415)
2025-11-15 07:50:04,537 - INFO - ============================================================

2025-11-15 07:50:04,538 - INFO - CV Fold 1 completed successfully
2025-11-15 07:50:04,538 - INFO - 
--------------------------------------------------------------------------------
2025-11-15 07:50:04,538 - INFO - CV Fold 2
2025-11-15 07:50:04,538 - INFO - --------------------------------------------------------------------------------
2025-11-15 07:50:04,540 - INFO - Loading dataset...
2025-11-15 07:50:04,627 - INFO - Dataset shapes - Train: (567, 17, 25, 1), Valid: (141, 17, 25, 1), Test: (177, 17, 25, 1)
2025-11-15 07:50:04,629 - INFO - Initializing VIGNet model...
2025-11-15 07:50:04,632 - INFO - Number of batch iterations per epoch: 113
2025-11-15 07:50:18,905 - INFO - Epoch: 1, Training Loss: 0.1859, Validation Loss: 0.1389
2025-11-15 07:50:18,905 - INFO -   → New best validation loss: 0.1389
2025-11-15 07:50:29,993 - INFO - Epoch: 2, Training Loss: 0.0960, Validation Loss: 0.0414
2025-11-15 07:50:29,994 - INFO -   → New best validation loss: 0.0414
2025-11-15 07:50:41,889 - INFO - Epoch: 3, Training Loss: 0.0246, Validation Loss: 0.0107
2025-11-15 07:50:41,890 - INFO -   → New best validation loss: 0.0107
2025-11-15 07:50:56,960 - INFO - Epoch: 4, Training Loss: 0.0157, Validation Loss: 0.0110
2025-11-15 07:51:08,669 - INFO - Epoch: 5, Training Loss: 0.0161, Validation Loss: 0.0109
2025-11-15 07:51:18,940 - INFO - Epoch: 6, Training Loss: 0.0154, Validation Loss: 0.0110
2025-11-15 07:51:30,846 - INFO - Epoch: 7, Training Loss: 0.0154, Validation Loss: 0.0108
2025-11-15 07:51:46,257 - INFO - Epoch: 8, Training Loss: 0.0146, Validation Loss: 0.0114
2025-11-15 07:51:56,869 - INFO - Epoch: 9, Training Loss: 0.0151, Validation Loss: 0.0112
2025-11-15 07:52:09,546 - INFO - Epoch: 10, Training Loss: 0.0142, Validation Loss: 0.0109
2025-11-15 07:52:20,326 - INFO - Epoch: 11, Training Loss: 0.0146, Validation Loss: 0.0106
2025-11-15 07:52:20,326 - INFO -   → New best validation loss: 0.0106
2025-11-15 07:52:30,002 - INFO - Epoch: 12, Training Loss: 0.0146, Validation Loss: 0.0112
2025-11-15 07:52:43,122 - INFO - Epoch: 13, Training Loss: 0.0143, Validation Loss: 0.0107
2025-11-15 07:52:55,239 - INFO - Epoch: 14, Training Loss: 0.0146, Validation Loss: 0.0108
2025-11-15 07:53:07,609 - INFO - Epoch: 15, Training Loss: 0.0140, Validation Loss: 0.0109
2025-11-15 07:53:19,413 - INFO - Epoch: 16, Training Loss: 0.0144, Validation Loss: 0.0107
2025-11-15 07:53:31,153 - INFO - Epoch: 17, Training Loss: 0.0140, Validation Loss: 0.0108
2025-11-15 07:53:46,079 - INFO - Epoch: 18, Training Loss: 0.0143, Validation Loss: 0.0108
2025-11-15 07:53:56,404 - INFO - Epoch: 19, Training Loss: 0.0142, Validation Loss: 0.0109
2025-11-15 07:54:07,549 - INFO - Epoch: 20, Training Loss: 0.0141, Validation Loss: 0.0106
2025-11-15 07:54:22,579 - INFO - Epoch: 21, Training Loss: 0.0147, Validation Loss: 0.0116
2025-11-15 07:54:39,778 - INFO - Epoch: 22, Training Loss: 0.0145, Validation Loss: 0.0109
2025-11-15 07:54:54,904 - INFO - Epoch: 23, Training Loss: 0.0144, Validation Loss: 0.0107
2025-11-15 07:55:08,158 - INFO - Epoch: 24, Training Loss: 0.0141, Validation Loss: 0.0107
2025-11-15 07:55:19,989 - INFO - Epoch: 25, Training Loss: 0.0138, Validation Loss: 0.0109
2025-11-15 07:55:31,039 - INFO - Epoch: 26, Training Loss: 0.0143, Validation Loss: 0.0114
2025-11-15 07:55:44,097 - INFO - Epoch: 27, Training Loss: 0.0142, Validation Loss: 0.0109
2025-11-15 07:55:57,304 - INFO - Epoch: 28, Training Loss: 0.0141, Validation Loss: 0.0107
2025-11-15 07:56:08,516 - INFO - Epoch: 29, Training Loss: 0.0143, Validation Loss: 0.0161
2025-11-15 07:56:21,446 - INFO - Epoch: 30, Training Loss: 0.0142, Validation Loss: 0.0106
2025-11-15 07:56:21,447 - INFO -   → New best validation loss: 0.0106
2025-11-15 07:56:34,129 - INFO - Epoch: 31, Training Loss: 0.0142, Validation Loss: 0.0107
2025-11-15 07:56:47,069 - INFO - Epoch: 32, Training Loss: 0.0140, Validation Loss: 0.0108
2025-11-15 07:57:02,951 - INFO - Epoch: 33, Training Loss: 0.0138, Validation Loss: 0.0110
2025-11-15 07:57:15,995 - INFO - Epoch: 34, Training Loss: 0.0140, Validation Loss: 0.0108
2025-11-15 07:57:29,124 - INFO - Epoch: 35, Training Loss: 0.0141, Validation Loss: 0.0109
2025-11-15 07:57:42,186 - INFO - Epoch: 36, Training Loss: 0.0141, Validation Loss: 0.0107
2025-11-15 07:57:55,987 - INFO - Epoch: 37, Training Loss: 0.0138, Validation Loss: 0.0109
2025-11-15 07:58:09,782 - INFO - Epoch: 38, Training Loss: 0.0140, Validation Loss: 0.0113
2025-11-15 07:58:19,172 - INFO - Epoch: 39, Training Loss: 0.0140, Validation Loss: 0.0107
2025-11-15 07:58:36,301 - INFO - Epoch: 40, Training Loss: 0.0138, Validation Loss: 0.0109
2025-11-15 07:58:48,334 - INFO - Epoch: 41, Training Loss: 0.0141, Validation Loss: 0.0107
2025-11-15 07:59:01,918 - INFO - Epoch: 42, Training Loss: 0.0141, Validation Loss: 0.0110
2025-11-15 07:59:13,626 - INFO - Epoch: 43, Training Loss: 0.0140, Validation Loss: 0.0106
2025-11-15 07:59:13,629 - INFO -   → New best validation loss: 0.0106
2025-11-15 07:59:25,593 - INFO - Epoch: 44, Training Loss: 0.0141, Validation Loss: 0.0108
2025-11-15 07:59:36,432 - INFO - Epoch: 45, Training Loss: 0.0139, Validation Loss: 0.0115
2025-11-15 07:59:50,764 - INFO - Epoch: 46, Training Loss: 0.0139, Validation Loss: 0.0107
2025-11-15 08:00:01,685 - INFO - Epoch: 47, Training Loss: 0.0141, Validation Loss: 0.0106
2025-11-15 08:00:01,685 - INFO -   → New best validation loss: 0.0106
2025-11-15 08:00:14,728 - INFO - Epoch: 48, Training Loss: 0.0140, Validation Loss: 0.0108
2025-11-15 08:00:28,720 - INFO - Epoch: 49, Training Loss: 0.0139, Validation Loss: 0.0106
2025-11-15 08:00:41,986 - INFO - Epoch: 50, Training Loss: 0.0139, Validation Loss: 0.0107
2025-11-15 08:00:53,654 - INFO - Epoch: 51, Training Loss: 0.0140, Validation Loss: 0.0106
2025-11-15 08:01:06,286 - INFO - Epoch: 52, Training Loss: 0.0139, Validation Loss: 0.0107
2025-11-15 08:01:20,087 - INFO - Epoch: 53, Training Loss: 0.0140, Validation Loss: 0.0106
2025-11-15 08:01:31,138 - INFO - Epoch: 54, Training Loss: 0.0140, Validation Loss: 0.0108
2025-11-15 08:01:42,071 - INFO - Epoch: 55, Training Loss: 0.0140, Validation Loss: 0.0107
2025-11-15 08:01:53,359 - INFO - Epoch: 56, Training Loss: 0.0137, Validation Loss: 0.0106
2025-11-15 08:02:04,892 - INFO - Epoch: 57, Training Loss: 0.0140, Validation Loss: 0.0107
2025-11-15 08:02:16,430 - INFO - Epoch: 58, Training Loss: 0.0140, Validation Loss: 0.0109
2025-11-15 08:02:26,673 - INFO - Epoch: 59, Training Loss: 0.0140, Validation Loss: 0.0107
2025-11-15 08:02:41,051 - INFO - Epoch: 60, Training Loss: 0.0141, Validation Loss: 0.0108
2025-11-15 08:02:52,062 - INFO - Epoch: 61, Training Loss: 0.0140, Validation Loss: 0.0108
2025-11-15 08:03:07,301 - INFO - Epoch: 62, Training Loss: 0.0139, Validation Loss: 0.0106
2025-11-15 08:03:20,499 - INFO - Epoch: 63, Training Loss: 0.0140, Validation Loss: 0.0108
2025-11-15 08:03:37,553 - INFO - Epoch: 64, Training Loss: 0.0140, Validation Loss: 0.0110
2025-11-15 08:03:49,756 - INFO - Epoch: 65, Training Loss: 0.0140, Validation Loss: 0.0106
2025-11-15 08:04:00,569 - INFO - Epoch: 66, Training Loss: 0.0140, Validation Loss: 0.0106
2025-11-15 08:04:12,019 - INFO - Epoch: 67, Training Loss: 0.0139, Validation Loss: 0.0106
2025-11-15 08:04:12,019 - INFO - Early stopping triggered at epoch 67
2025-11-15 08:04:12,019 - INFO - Best validation loss: 0.0106
2025-11-15 08:04:12,034 - INFO - Restored best model weights
2025-11-15 08:04:12,034 - INFO - 
============================================================
2025-11-15 08:04:12,034 - INFO - EVALUATION RESULTS
2025-11-15 08:04:12,034 - INFO - ============================================================
2025-11-15 08:04:12,119 - INFO - Validation Set - MSE: 0.010726, MAE: 0.067126, RMSE: 0.103568, Pearson Correlation: 0.104560 (p=0.217236)
2025-11-15 08:04:12,164 - INFO - Test Set - MSE: 0.013057, MAE: 0.076683, RMSE: 0.114267, Pearson Correlation: -0.456970 (p=0.000000)
2025-11-15 08:04:12,164 - INFO - ============================================================

2025-11-15 08:04:12,164 - INFO - CV Fold 2 completed successfully
2025-11-15 08:04:12,164 - INFO - 
--------------------------------------------------------------------------------
2025-11-15 08:04:12,164 - INFO - CV Fold 3
2025-11-15 08:04:12,164 - INFO - --------------------------------------------------------------------------------
2025-11-15 08:04:12,167 - INFO - Loading dataset...
2025-11-15 08:04:12,320 - INFO - Dataset shapes - Train: (567, 17, 25, 1), Valid: (141, 17, 25, 1), Test: (177, 17, 25, 1)
2025-11-15 08:04:12,322 - INFO - Initializing VIGNet model...
2025-11-15 08:04:12,325 - INFO - Number of batch iterations per epoch: 113
2025-11-15 08:04:21,706 - INFO - Epoch: 1, Training Loss: 0.1750, Validation Loss: 0.1440
2025-11-15 08:04:21,706 - INFO -   → New best validation loss: 0.1440
2025-11-15 08:04:34,311 - INFO - Epoch: 2, Training Loss: 0.0631, Validation Loss: 0.0310
2025-11-15 08:04:34,311 - INFO -   → New best validation loss: 0.0310
2025-11-15 08:04:47,565 - INFO - Epoch: 3, Training Loss: 0.0182, Validation Loss: 0.0232
2025-11-15 08:04:47,568 - INFO -   → New best validation loss: 0.0232
2025-11-15 08:05:02,015 - INFO - Epoch: 4, Training Loss: 0.0178, Validation Loss: 0.0174
2025-11-15 08:05:02,017 - INFO -   → New best validation loss: 0.0174
2025-11-15 08:05:18,291 - INFO - Epoch: 5, Training Loss: 0.0187, Validation Loss: 0.0183
2025-11-15 08:05:30,591 - INFO - Epoch: 6, Training Loss: 0.0163, Validation Loss: 0.0177
2025-11-15 08:05:43,094 - INFO - Epoch: 7, Training Loss: 0.0153, Validation Loss: 0.0177
2025-11-15 08:05:53,148 - INFO - Epoch: 8, Training Loss: 0.0156, Validation Loss: 0.0176
2025-11-15 08:06:07,061 - INFO - Epoch: 9, Training Loss: 0.0169, Validation Loss: 0.0190
2025-11-15 08:06:21,103 - INFO - Epoch: 10, Training Loss: 0.0150, Validation Loss: 0.0187
2025-11-15 08:06:36,701 - INFO - Epoch: 11, Training Loss: 0.0146, Validation Loss: 0.0175
2025-11-15 08:06:46,667 - INFO - Epoch: 12, Training Loss: 0.0141, Validation Loss: 0.0175
2025-11-15 08:06:57,193 - INFO - Epoch: 13, Training Loss: 0.0147, Validation Loss: 0.0174
2025-11-15 08:07:08,158 - INFO - Epoch: 14, Training Loss: 0.0146, Validation Loss: 0.0179
2025-11-15 08:07:23,306 - INFO - Epoch: 15, Training Loss: 0.0150, Validation Loss: 0.0177
2025-11-15 08:07:33,957 - INFO - Epoch: 16, Training Loss: 0.0141, Validation Loss: 0.0174
2025-11-15 08:07:47,819 - INFO - Epoch: 17, Training Loss: 0.0142, Validation Loss: 0.0175
2025-11-15 08:07:58,417 - INFO - Epoch: 18, Training Loss: 0.0143, Validation Loss: 0.0175
2025-11-15 08:08:10,032 - INFO - Epoch: 19, Training Loss: 0.0142, Validation Loss: 0.0189
2025-11-15 08:08:22,852 - INFO - Epoch: 20, Training Loss: 0.0137, Validation Loss: 0.0174
2025-11-15 08:08:34,468 - INFO - Epoch: 21, Training Loss: 0.0141, Validation Loss: 0.0175
2025-11-15 08:08:45,171 - INFO - Epoch: 22, Training Loss: 0.0137, Validation Loss: 0.0176
2025-11-15 08:09:00,309 - INFO - Epoch: 23, Training Loss: 0.0137, Validation Loss: 0.0174
2025-11-15 08:09:09,012 - INFO - Epoch: 24, Training Loss: 0.0137, Validation Loss: 0.0174
2025-11-15 08:09:09,012 - INFO - Early stopping triggered at epoch 24
2025-11-15 08:09:09,012 - INFO - Best validation loss: 0.0174
2025-11-15 08:09:09,018 - INFO - Restored best model weights
2025-11-15 08:09:09,018 - INFO - 
============================================================
2025-11-15 08:09:09,019 - INFO - EVALUATION RESULTS
2025-11-15 08:09:09,019 - INFO - ============================================================
2025-11-15 08:09:09,209 - INFO - Validation Set - MSE: 0.021981, MAE: 0.097894, RMSE: 0.148259, Pearson Correlation: -0.173937 (p=0.039137)
2025-11-15 08:09:09,347 - INFO - Test Set - MSE: 0.010624, MAE: 0.065574, RMSE: 0.103073, Pearson Correlation: -0.080124 (p=0.289085)
2025-11-15 08:09:09,347 - INFO - ============================================================

2025-11-15 08:09:09,347 - INFO - CV Fold 3 completed successfully
2025-11-15 08:09:09,347 - INFO - 
--------------------------------------------------------------------------------
2025-11-15 08:09:09,347 - INFO - CV Fold 4
2025-11-15 08:09:09,347 - INFO - --------------------------------------------------------------------------------
2025-11-15 08:09:09,349 - INFO - Loading dataset...
2025-11-15 08:09:09,436 - INFO - Dataset shapes - Train: (567, 17, 25, 1), Valid: (141, 17, 25, 1), Test: (177, 17, 25, 1)
2025-11-15 08:09:09,438 - INFO - Initializing VIGNet model...
2025-11-15 08:09:09,441 - INFO - Number of batch iterations per epoch: 113
2025-11-15 08:09:19,405 - INFO - Epoch: 1, Training Loss: 0.1838, Validation Loss: 0.1705
2025-11-15 08:09:19,406 - INFO -   → New best validation loss: 0.1705
2025-11-15 08:09:33,781 - INFO - Epoch: 2, Training Loss: 0.1176, Validation Loss: 0.0546
2025-11-15 08:09:33,786 - INFO -   → New best validation loss: 0.0546
2025-11-15 08:09:45,051 - INFO - Epoch: 3, Training Loss: 0.0386, Validation Loss: 0.0236
2025-11-15 08:09:45,051 - INFO -   → New best validation loss: 0.0236
2025-11-15 08:09:58,002 - INFO - Epoch: 4, Training Loss: 0.0246, Validation Loss: 0.0185
2025-11-15 08:09:58,003 - INFO -   → New best validation loss: 0.0185
2025-11-15 08:10:09,151 - INFO - Epoch: 5, Training Loss: 0.0278, Validation Loss: 0.0211
2025-11-15 08:10:22,315 - INFO - Epoch: 6, Training Loss: 0.0200, Validation Loss: 0.0245
2025-11-15 08:10:33,250 - INFO - Epoch: 7, Training Loss: 0.0220, Validation Loss: 0.0142
2025-11-15 08:10:33,250 - INFO -   → New best validation loss: 0.0142
2025-11-15 08:10:47,210 - INFO - Epoch: 8, Training Loss: 0.0171, Validation Loss: 0.0155
2025-11-15 08:10:59,813 - INFO - Epoch: 9, Training Loss: 0.0162, Validation Loss: 0.0555
2025-11-15 08:11:12,146 - INFO - Epoch: 10, Training Loss: 0.0157, Validation Loss: 0.0152
2025-11-15 08:11:24,957 - INFO - Epoch: 11, Training Loss: 0.0155, Validation Loss: 0.0139
2025-11-15 08:11:24,958 - INFO -   → New best validation loss: 0.0139
2025-11-15 08:11:38,142 - INFO - Epoch: 12, Training Loss: 0.0167, Validation Loss: 0.0167
2025-11-15 08:11:53,189 - INFO - Epoch: 13, Training Loss: 0.0159, Validation Loss: 0.0145
2025-11-15 08:12:09,636 - INFO - Epoch: 14, Training Loss: 0.0158, Validation Loss: 0.0136
2025-11-15 08:12:09,636 - INFO -   → New best validation loss: 0.0136
2025-11-15 08:12:22,575 - INFO - Epoch: 15, Training Loss: 0.0136, Validation Loss: 0.0146
2025-11-15 08:12:32,592 - INFO - Epoch: 16, Training Loss: 0.0138, Validation Loss: 0.0138
2025-11-15 08:12:43,831 - INFO - Epoch: 17, Training Loss: 0.0142, Validation Loss: 0.0154
2025-11-15 08:13:00,379 - INFO - Epoch: 18, Training Loss: 0.0143, Validation Loss: 0.0138
2025-11-15 08:13:10,939 - INFO - Epoch: 19, Training Loss: 0.0136, Validation Loss: 0.0135
2025-11-15 08:13:10,941 - INFO -   → New best validation loss: 0.0135
2025-11-15 08:13:24,923 - INFO - Epoch: 20, Training Loss: 0.0134, Validation Loss: 0.0149
2025-11-15 08:13:37,231 - INFO - Epoch: 21, Training Loss: 0.0140, Validation Loss: 0.0158
2025-11-15 08:13:48,884 - INFO - Epoch: 22, Training Loss: 0.0133, Validation Loss: 0.0140
2025-11-15 08:14:01,237 - INFO - Epoch: 23, Training Loss: 0.0133, Validation Loss: 0.0159
2025-11-15 08:14:14,516 - INFO - Epoch: 24, Training Loss: 0.0142, Validation Loss: 0.0145
2025-11-15 08:14:27,347 - INFO - Epoch: 25, Training Loss: 0.0133, Validation Loss: 0.0144
2025-11-15 08:14:40,664 - INFO - Epoch: 26, Training Loss: 0.0129, Validation Loss: 0.0137
2025-11-15 08:14:50,764 - INFO - Epoch: 27, Training Loss: 0.0134, Validation Loss: 0.0139
2025-11-15 08:15:03,259 - INFO - Epoch: 28, Training Loss: 0.0134, Validation Loss: 0.0141
2025-11-15 08:15:16,743 - INFO - Epoch: 29, Training Loss: 0.0132, Validation Loss: 0.0141
2025-11-15 08:15:27,177 - INFO - Epoch: 30, Training Loss: 0.0132, Validation Loss: 0.0137
2025-11-15 08:15:39,262 - INFO - Epoch: 31, Training Loss: 0.0131, Validation Loss: 0.0145
2025-11-15 08:15:53,854 - INFO - Epoch: 32, Training Loss: 0.0130, Validation Loss: 0.0143
2025-11-15 08:16:04,939 - INFO - Epoch: 33, Training Loss: 0.0133, Validation Loss: 0.0153
2025-11-15 08:16:17,144 - INFO - Epoch: 34, Training Loss: 0.0129, Validation Loss: 0.0137
2025-11-15 08:16:28,460 - INFO - Epoch: 35, Training Loss: 0.0127, Validation Loss: 0.0136
2025-11-15 08:16:39,356 - INFO - Epoch: 36, Training Loss: 0.0128, Validation Loss: 0.0185
2025-11-15 08:16:49,848 - INFO - Epoch: 37, Training Loss: 0.0130, Validation Loss: 0.0135
2025-11-15 08:17:01,352 - INFO - Epoch: 38, Training Loss: 0.0133, Validation Loss: 0.0145
2025-11-15 08:17:11,656 - INFO - Epoch: 39, Training Loss: 0.0135, Validation Loss: 0.0139
2025-11-15 08:17:11,656 - INFO - Early stopping triggered at epoch 39
2025-11-15 08:17:11,656 - INFO - Best validation loss: 0.0135
2025-11-15 08:17:11,660 - INFO - Restored best model weights
2025-11-15 08:17:11,660 - INFO - 
============================================================
2025-11-15 08:17:11,660 - INFO - EVALUATION RESULTS
2025-11-15 08:17:11,660 - INFO - ============================================================
2025-11-15 08:17:11,703 - INFO - Validation Set - MSE: 0.014161, MAE: 0.070484, RMSE: 0.119002, Pearson Correlation: -0.311561 (p=0.000169)
2025-11-15 08:17:11,746 - INFO - Test Set - MSE: 0.015122, MAE: 0.080425, RMSE: 0.122973, Pearson Correlation: -0.211700 (p=0.004674)
2025-11-15 08:17:11,746 - INFO - ============================================================

2025-11-15 08:17:11,746 - INFO - CV Fold 4 completed successfully
2025-11-15 08:17:11,746 - INFO - 
================================================================================
2025-11-15 08:17:11,746 - INFO - CROSS-VALIDATION SUMMARY - TRIAL 7
2025-11-15 08:17:11,746 - INFO - ================================================================================
2025-11-15 08:17:11,746 - INFO - Validation Set (Average across 5 CV folds):
2025-11-15 08:17:11,746 - INFO -   MSE: 0.017207 ± 0.004146
2025-11-15 08:17:11,746 - INFO -   MAE: 0.081455 ± 0.011304
2025-11-15 08:17:11,746 - INFO -   RMSE: 0.130135 ± 0.016478
2025-11-15 08:17:11,746 - INFO -   Pearson Correlation: -0.157098 ± 0.140973
2025-11-15 08:17:11,746 - INFO - 
Test Set (Average across 5 CV folds):
2025-11-15 08:17:11,746 - INFO -   MSE: 0.013579 ± 0.001698
2025-11-15 08:17:11,746 - INFO -   MAE: 0.074526 ± 0.005092
2025-11-15 08:17:11,746 - INFO -   RMSE: 0.116288 ± 0.007481
2025-11-15 08:17:11,746 - INFO -   Pearson Correlation: -0.188682 ± 0.142710
2025-11-15 08:17:11,746 - INFO - ================================================================================
2025-11-15 08:17:11,746 - INFO - ================================================================================
2025-11-15 08:17:11,746 - INFO - Trial 7 completed. End time: 2025-11-15 08:17:11
2025-11-15 08:17:11,746 - INFO - ================================================================================
