2025-11-15 12:36:57,465 - INFO - ================================================================================
2025-11-15 12:36:57,465 - INFO - TRIAL 12 - Task: RGS
2025-11-15 12:36:57,465 - INFO - Log file: ./logs/trial12_RGS_20251115_003538.log
2025-11-15 12:36:57,465 - INFO - Start time: 2025-11-15 12:36:57
2025-11-15 12:36:57,465 - INFO - ================================================================================
2025-11-15 12:36:57,465 - INFO - 
--------------------------------------------------------------------------------
2025-11-15 12:36:57,465 - INFO - CV Fold 0
2025-11-15 12:36:57,465 - INFO - --------------------------------------------------------------------------------
2025-11-15 12:36:57,467 - INFO - Loading dataset...
2025-11-15 12:36:57,554 - INFO - Dataset shapes - Train: (567, 17, 25, 1), Valid: (141, 17, 25, 1), Test: (177, 17, 25, 1)
2025-11-15 12:36:57,555 - INFO - Initializing VIGNet model...
2025-11-15 12:36:57,558 - INFO - Number of batch iterations per epoch: 113
2025-11-15 12:37:09,668 - INFO - Epoch: 1, Training Loss: 0.4931, Validation Loss: 0.5133
2025-11-15 12:37:09,669 - INFO -   → New best validation loss: 0.5133
2025-11-15 12:37:19,035 - INFO - Epoch: 2, Training Loss: 0.3708, Validation Loss: 0.3016
2025-11-15 12:37:19,036 - INFO -   → New best validation loss: 0.3016
2025-11-15 12:37:27,768 - INFO - Epoch: 3, Training Loss: 0.1901, Validation Loss: 0.1403
2025-11-15 12:37:27,770 - INFO -   → New best validation loss: 0.1403
2025-11-15 12:37:39,965 - INFO - Epoch: 4, Training Loss: 0.1559, Validation Loss: 0.1551
2025-11-15 12:37:51,555 - INFO - Epoch: 5, Training Loss: 0.1535, Validation Loss: 0.1414
2025-11-15 12:38:02,082 - INFO - Epoch: 6, Training Loss: 0.1508, Validation Loss: 0.1432
2025-11-15 12:38:16,097 - INFO - Epoch: 7, Training Loss: 0.1530, Validation Loss: 0.1454
2025-11-15 12:38:29,028 - INFO - Epoch: 8, Training Loss: 0.1509, Validation Loss: 0.1308
2025-11-15 12:38:29,028 - INFO -   → New best validation loss: 0.1308
2025-11-15 12:38:38,431 - INFO - Epoch: 9, Training Loss: 0.1510, Validation Loss: 0.1313
2025-11-15 12:38:49,631 - INFO - Epoch: 10, Training Loss: 0.1528, Validation Loss: 0.1311
2025-11-15 12:39:00,602 - INFO - Epoch: 11, Training Loss: 0.1508, Validation Loss: 0.1392
2025-11-15 12:39:14,603 - INFO - Epoch: 12, Training Loss: 0.1490, Validation Loss: 0.1433
2025-11-15 12:39:27,785 - INFO - Epoch: 13, Training Loss: 0.1466, Validation Loss: 0.1417
2025-11-15 12:39:40,029 - INFO - Epoch: 14, Training Loss: 0.1523, Validation Loss: 0.1417
2025-11-15 12:39:51,349 - INFO - Epoch: 15, Training Loss: 0.1522, Validation Loss: 0.1347
2025-11-15 12:40:02,205 - INFO - Epoch: 16, Training Loss: 0.1509, Validation Loss: 0.1361
2025-11-15 12:40:13,388 - INFO - Epoch: 17, Training Loss: 0.1445, Validation Loss: 0.1396
2025-11-15 12:40:25,242 - INFO - Epoch: 18, Training Loss: 0.1447, Validation Loss: 0.1409
2025-11-15 12:40:33,550 - INFO - Epoch: 19, Training Loss: 0.1430, Validation Loss: 0.1307
2025-11-15 12:40:33,551 - INFO -   → New best validation loss: 0.1307
2025-11-15 12:40:44,890 - INFO - Epoch: 20, Training Loss: 0.1483, Validation Loss: 0.1334
2025-11-15 12:40:57,211 - INFO - Epoch: 21, Training Loss: 0.1463, Validation Loss: 0.1363
2025-11-15 12:41:08,992 - INFO - Epoch: 22, Training Loss: 0.1486, Validation Loss: 0.1425
2025-11-15 12:41:20,403 - INFO - Epoch: 23, Training Loss: 0.1449, Validation Loss: 0.1352
2025-11-15 12:41:31,456 - INFO - Epoch: 24, Training Loss: 0.1452, Validation Loss: 0.1299
2025-11-15 12:41:31,456 - INFO -   → New best validation loss: 0.1299
2025-11-15 12:41:43,420 - INFO - Epoch: 25, Training Loss: 0.1449, Validation Loss: 0.1326
2025-11-15 12:41:55,508 - INFO - Epoch: 26, Training Loss: 0.1462, Validation Loss: 0.1304
2025-11-15 12:42:06,283 - INFO - Epoch: 27, Training Loss: 0.1440, Validation Loss: 0.1431
2025-11-15 12:42:15,280 - INFO - Epoch: 28, Training Loss: 0.1451, Validation Loss: 0.1360
2025-11-15 12:42:30,188 - INFO - Epoch: 29, Training Loss: 0.1459, Validation Loss: 0.1338
2025-11-15 12:42:42,003 - INFO - Epoch: 30, Training Loss: 0.1455, Validation Loss: 0.1331
2025-11-15 12:42:54,115 - INFO - Epoch: 31, Training Loss: 0.1459, Validation Loss: 0.1312
2025-11-15 12:43:06,870 - INFO - Epoch: 32, Training Loss: 0.1454, Validation Loss: 0.1391
2025-11-15 12:43:20,524 - INFO - Epoch: 33, Training Loss: 0.1448, Validation Loss: 0.1433
2025-11-15 12:43:33,093 - INFO - Epoch: 34, Training Loss: 0.1437, Validation Loss: 0.1320
2025-11-15 12:43:43,337 - INFO - Epoch: 35, Training Loss: 0.1471, Validation Loss: 0.1442
2025-11-15 12:43:59,414 - INFO - Epoch: 36, Training Loss: 0.1436, Validation Loss: 0.1401
2025-11-15 12:44:14,311 - INFO - Epoch: 37, Training Loss: 0.1454, Validation Loss: 0.1440
2025-11-15 12:44:26,913 - INFO - Epoch: 38, Training Loss: 0.1465, Validation Loss: 0.1349
2025-11-15 12:44:37,157 - INFO - Epoch: 39, Training Loss: 0.1439, Validation Loss: 0.1351
2025-11-15 12:44:49,785 - INFO - Epoch: 40, Training Loss: 0.1459, Validation Loss: 0.1409
2025-11-15 12:45:01,659 - INFO - Epoch: 41, Training Loss: 0.1443, Validation Loss: 0.1329
2025-11-15 12:45:15,552 - INFO - Epoch: 42, Training Loss: 0.1430, Validation Loss: 0.1304
2025-11-15 12:45:27,232 - INFO - Epoch: 43, Training Loss: 0.1428, Validation Loss: 0.1343
2025-11-15 12:45:35,452 - INFO - Epoch: 44, Training Loss: 0.1451, Validation Loss: 0.1281
2025-11-15 12:45:35,453 - INFO -   → New best validation loss: 0.1281
2025-11-15 12:45:50,036 - INFO - Epoch: 45, Training Loss: 0.1449, Validation Loss: 0.1416
2025-11-15 12:46:02,717 - INFO - Epoch: 46, Training Loss: 0.1459, Validation Loss: 0.1343
2025-11-15 12:46:14,408 - INFO - Epoch: 47, Training Loss: 0.1432, Validation Loss: 0.1287
2025-11-15 12:46:28,295 - INFO - Epoch: 48, Training Loss: 0.1459, Validation Loss: 0.1361
2025-11-15 12:46:39,548 - INFO - Epoch: 49, Training Loss: 0.1429, Validation Loss: 0.1363
2025-11-15 12:46:51,895 - INFO - Epoch: 50, Training Loss: 0.1427, Validation Loss: 0.1351
2025-11-15 12:47:04,721 - INFO - Epoch: 51, Training Loss: 0.1439, Validation Loss: 0.1316
2025-11-15 12:47:18,345 - INFO - Epoch: 52, Training Loss: 0.1431, Validation Loss: 0.1281
2025-11-15 12:47:18,346 - INFO -   → New best validation loss: 0.1281
2025-11-15 12:47:30,539 - INFO - Epoch: 53, Training Loss: 0.1431, Validation Loss: 0.1317
2025-11-15 12:47:39,717 - INFO - Epoch: 54, Training Loss: 0.1432, Validation Loss: 0.1402
2025-11-15 12:47:51,450 - INFO - Epoch: 55, Training Loss: 0.1447, Validation Loss: 0.1328
2025-11-15 12:48:01,422 - INFO - Epoch: 56, Training Loss: 0.1427, Validation Loss: 0.1293
2025-11-15 12:48:12,951 - INFO - Epoch: 57, Training Loss: 0.1434, Validation Loss: 0.1359
2025-11-15 12:48:25,279 - INFO - Epoch: 58, Training Loss: 0.1421, Validation Loss: 0.1377
2025-11-15 12:48:35,558 - INFO - Epoch: 59, Training Loss: 0.1424, Validation Loss: 0.1388
2025-11-15 12:48:47,457 - INFO - Epoch: 60, Training Loss: 0.1410, Validation Loss: 0.1271
2025-11-15 12:48:47,459 - INFO -   → New best validation loss: 0.1271
2025-11-15 12:49:01,145 - INFO - Epoch: 61, Training Loss: 0.1438, Validation Loss: 0.1350
2025-11-15 12:49:15,542 - INFO - Epoch: 62, Training Loss: 0.1419, Validation Loss: 0.1286
2025-11-15 12:49:26,996 - INFO - Epoch: 63, Training Loss: 0.1423, Validation Loss: 0.1315
2025-11-15 12:49:38,617 - INFO - Epoch: 64, Training Loss: 0.1410, Validation Loss: 0.1367
2025-11-15 12:49:52,466 - INFO - Epoch: 65, Training Loss: 0.1421, Validation Loss: 0.1342
2025-11-15 12:50:07,879 - INFO - Epoch: 66, Training Loss: 0.1420, Validation Loss: 0.1348
2025-11-15 12:50:20,114 - INFO - Epoch: 67, Training Loss: 0.1414, Validation Loss: 0.1377
2025-11-15 12:50:30,498 - INFO - Epoch: 68, Training Loss: 0.1421, Validation Loss: 0.1313
2025-11-15 12:50:41,342 - INFO - Epoch: 69, Training Loss: 0.1399, Validation Loss: 0.1291
2025-11-15 12:50:56,973 - INFO - Epoch: 70, Training Loss: 0.1427, Validation Loss: 0.1302
2025-11-15 12:51:10,351 - INFO - Epoch: 71, Training Loss: 0.1420, Validation Loss: 0.1294
2025-11-15 12:51:21,129 - INFO - Epoch: 72, Training Loss: 0.1405, Validation Loss: 0.1376
2025-11-15 12:51:36,104 - INFO - Epoch: 73, Training Loss: 0.1403, Validation Loss: 0.1337
2025-11-15 12:51:44,534 - INFO - Epoch: 74, Training Loss: 0.1418, Validation Loss: 0.1323
2025-11-15 12:51:54,737 - INFO - Epoch: 75, Training Loss: 0.1414, Validation Loss: 0.1441
2025-11-15 12:52:05,975 - INFO - Epoch: 76, Training Loss: 0.1405, Validation Loss: 0.1380
2025-11-15 12:52:21,866 - INFO - Epoch: 77, Training Loss: 0.1390, Validation Loss: 0.1287
2025-11-15 12:52:36,374 - INFO - Epoch: 78, Training Loss: 0.1410, Validation Loss: 0.1310
2025-11-15 12:52:50,067 - INFO - Epoch: 79, Training Loss: 0.1396, Validation Loss: 0.1361
2025-11-15 12:53:01,768 - INFO - Epoch: 80, Training Loss: 0.1412, Validation Loss: 0.1362
2025-11-15 12:53:01,768 - INFO - Early stopping triggered at epoch 80
2025-11-15 12:53:01,768 - INFO - Best validation loss: 0.1271
2025-11-15 12:53:01,782 - INFO - Restored best model weights
2025-11-15 12:53:01,782 - INFO - 
============================================================
2025-11-15 12:53:01,782 - INFO - EVALUATION RESULTS
2025-11-15 12:53:01,782 - INFO - ============================================================
2025-11-15 12:53:01,981 - INFO - Validation Set - MSE: 0.128967, MAE: 0.335843, RMSE: 0.359120, Pearson Correlation: 0.628025 (p=0.000000)
2025-11-15 12:53:02,122 - INFO - Test Set - MSE: 0.133652, MAE: 0.341989, RMSE: 0.365585, Pearson Correlation: 0.599946 (p=0.000000)
2025-11-15 12:53:02,122 - INFO - ============================================================

2025-11-15 12:53:02,123 - INFO - CV Fold 0 completed successfully
2025-11-15 12:53:02,123 - INFO - 
--------------------------------------------------------------------------------
2025-11-15 12:53:02,123 - INFO - CV Fold 1
2025-11-15 12:53:02,124 - INFO - --------------------------------------------------------------------------------
2025-11-15 12:53:02,131 - INFO - Loading dataset...
2025-11-15 12:53:02,239 - INFO - Dataset shapes - Train: (567, 17, 25, 1), Valid: (141, 17, 25, 1), Test: (177, 17, 25, 1)
2025-11-15 12:53:02,241 - INFO - Initializing VIGNet model...
2025-11-15 12:53:02,244 - INFO - Number of batch iterations per epoch: 113
2025-11-15 12:53:16,685 - INFO - Epoch: 1, Training Loss: 0.4786, Validation Loss: 0.4846
2025-11-15 12:53:16,689 - INFO -   → New best validation loss: 0.4846
2025-11-15 12:53:33,961 - INFO - Epoch: 2, Training Loss: 0.3353, Validation Loss: 0.3018
2025-11-15 12:53:33,962 - INFO -   → New best validation loss: 0.3018
2025-11-15 12:53:46,127 - INFO - Epoch: 3, Training Loss: 0.1771, Validation Loss: 0.1518
2025-11-15 12:53:46,128 - INFO -   → New best validation loss: 0.1518
2025-11-15 12:53:56,326 - INFO - Epoch: 4, Training Loss: 0.1482, Validation Loss: 0.1446
2025-11-15 12:53:56,327 - INFO -   → New best validation loss: 0.1446
2025-11-15 12:54:09,682 - INFO - Epoch: 5, Training Loss: 0.1512, Validation Loss: 0.1458
2025-11-15 12:54:21,084 - INFO - Epoch: 6, Training Loss: 0.1506, Validation Loss: 0.1435
2025-11-15 12:54:21,085 - INFO -   → New best validation loss: 0.1435
2025-11-15 12:54:33,235 - INFO - Epoch: 7, Training Loss: 0.1462, Validation Loss: 0.1752
2025-11-15 12:54:43,420 - INFO - Epoch: 8, Training Loss: 0.1526, Validation Loss: 0.1584
2025-11-15 12:54:55,964 - INFO - Epoch: 9, Training Loss: 0.1525, Validation Loss: 0.1601
2025-11-15 12:55:12,203 - INFO - Epoch: 10, Training Loss: 0.1543, Validation Loss: 0.1432
2025-11-15 12:55:12,203 - INFO -   → New best validation loss: 0.1432
2025-11-15 12:55:25,621 - INFO - Epoch: 11, Training Loss: 0.1469, Validation Loss: 0.1618
2025-11-15 12:55:37,524 - INFO - Epoch: 12, Training Loss: 0.1530, Validation Loss: 0.1416
2025-11-15 12:55:37,525 - INFO -   → New best validation loss: 0.1416
2025-11-15 12:55:50,875 - INFO - Epoch: 13, Training Loss: 0.1491, Validation Loss: 0.1448
2025-11-15 12:56:02,642 - INFO - Epoch: 14, Training Loss: 0.1467, Validation Loss: 0.1442
2025-11-15 12:56:13,728 - INFO - Epoch: 15, Training Loss: 0.1447, Validation Loss: 0.1413
2025-11-15 12:56:13,729 - INFO -   → New best validation loss: 0.1413
2025-11-15 12:56:23,168 - INFO - Epoch: 16, Training Loss: 0.1477, Validation Loss: 0.1458
2025-11-15 12:56:33,491 - INFO - Epoch: 17, Training Loss: 0.1457, Validation Loss: 0.1417
2025-11-15 12:56:43,530 - INFO - Epoch: 18, Training Loss: 0.1469, Validation Loss: 0.1477
2025-11-15 12:56:56,894 - INFO - Epoch: 19, Training Loss: 0.1447, Validation Loss: 0.1484
2025-11-15 12:57:09,635 - INFO - Epoch: 20, Training Loss: 0.1481, Validation Loss: 0.1466
2025-11-15 12:57:18,021 - INFO - Epoch: 21, Training Loss: 0.1436, Validation Loss: 0.1497
2025-11-15 12:57:36,186 - INFO - Epoch: 22, Training Loss: 0.1430, Validation Loss: 0.1460
2025-11-15 12:57:48,199 - INFO - Epoch: 23, Training Loss: 0.1437, Validation Loss: 0.1433
2025-11-15 12:57:59,088 - INFO - Epoch: 24, Training Loss: 0.1460, Validation Loss: 0.1450
2025-11-15 12:58:10,370 - INFO - Epoch: 25, Training Loss: 0.1447, Validation Loss: 0.1454
2025-11-15 12:58:20,913 - INFO - Epoch: 26, Training Loss: 0.1442, Validation Loss: 0.1458
2025-11-15 12:58:32,055 - INFO - Epoch: 27, Training Loss: 0.1434, Validation Loss: 0.1468
2025-11-15 12:58:46,123 - INFO - Epoch: 28, Training Loss: 0.1459, Validation Loss: 0.1468
2025-11-15 12:59:01,101 - INFO - Epoch: 29, Training Loss: 0.1458, Validation Loss: 0.1493
2025-11-15 12:59:12,737 - INFO - Epoch: 30, Training Loss: 0.1460, Validation Loss: 0.1467
2025-11-15 12:59:22,466 - INFO - Epoch: 31, Training Loss: 0.1433, Validation Loss: 0.1455
2025-11-15 12:59:32,928 - INFO - Epoch: 32, Training Loss: 0.1441, Validation Loss: 0.1406
2025-11-15 12:59:32,929 - INFO -   → New best validation loss: 0.1406
2025-11-15 12:59:44,662 - INFO - Epoch: 33, Training Loss: 0.1446, Validation Loss: 0.1411
2025-11-15 12:59:58,535 - INFO - Epoch: 34, Training Loss: 0.1452, Validation Loss: 0.1455
2025-11-15 13:00:11,167 - INFO - Epoch: 35, Training Loss: 0.1442, Validation Loss: 0.1448
2025-11-15 13:00:24,555 - INFO - Epoch: 36, Training Loss: 0.1433, Validation Loss: 0.1423
2025-11-15 13:00:35,428 - INFO - Epoch: 37, Training Loss: 0.1437, Validation Loss: 0.1436
2025-11-15 13:00:47,666 - INFO - Epoch: 38, Training Loss: 0.1431, Validation Loss: 0.1434
2025-11-15 13:01:01,484 - INFO - Epoch: 39, Training Loss: 0.1445, Validation Loss: 0.1431
2025-11-15 13:01:12,493 - INFO - Epoch: 40, Training Loss: 0.1441, Validation Loss: 0.1518
2025-11-15 13:01:24,880 - INFO - Epoch: 41, Training Loss: 0.1431, Validation Loss: 0.1445
2025-11-15 13:01:37,186 - INFO - Epoch: 42, Training Loss: 0.1429, Validation Loss: 0.1423
2025-11-15 13:01:50,514 - INFO - Epoch: 43, Training Loss: 0.1435, Validation Loss: 0.1416
2025-11-15 13:02:02,280 - INFO - Epoch: 44, Training Loss: 0.1430, Validation Loss: 0.1406
2025-11-15 13:02:02,280 - INFO -   → New best validation loss: 0.1406
2025-11-15 13:02:16,838 - INFO - Epoch: 45, Training Loss: 0.1433, Validation Loss: 0.1404
2025-11-15 13:02:16,840 - INFO -   → New best validation loss: 0.1404
2025-11-15 13:02:32,834 - INFO - Epoch: 46, Training Loss: 0.1435, Validation Loss: 0.1401
2025-11-15 13:02:32,834 - INFO -   → New best validation loss: 0.1401
2025-11-15 13:02:49,177 - INFO - Epoch: 47, Training Loss: 0.1434, Validation Loss: 0.1416
2025-11-15 13:03:04,592 - INFO - Epoch: 48, Training Loss: 0.1412, Validation Loss: 0.1425
2025-11-15 13:03:16,280 - INFO - Epoch: 49, Training Loss: 0.1406, Validation Loss: 0.1401
2025-11-15 13:03:27,172 - INFO - Epoch: 50, Training Loss: 0.1417, Validation Loss: 0.1485
2025-11-15 13:03:38,163 - INFO - Epoch: 51, Training Loss: 0.1424, Validation Loss: 0.1410
2025-11-15 13:03:48,877 - INFO - Epoch: 52, Training Loss: 0.1427, Validation Loss: 0.1392
2025-11-15 13:03:48,878 - INFO -   → New best validation loss: 0.1392
2025-11-15 13:04:00,856 - INFO - Epoch: 53, Training Loss: 0.1422, Validation Loss: 0.1419
2025-11-15 13:04:12,373 - INFO - Epoch: 54, Training Loss: 0.1425, Validation Loss: 0.1405
2025-11-15 13:04:26,058 - INFO - Epoch: 55, Training Loss: 0.1408, Validation Loss: 0.1406
2025-11-15 13:04:36,741 - INFO - Epoch: 56, Training Loss: 0.1431, Validation Loss: 0.1441
2025-11-15 13:04:47,978 - INFO - Epoch: 57, Training Loss: 0.1418, Validation Loss: 0.1425
2025-11-15 13:05:03,955 - INFO - Epoch: 58, Training Loss: 0.1423, Validation Loss: 0.1417
2025-11-15 13:05:20,221 - INFO - Epoch: 59, Training Loss: 0.1431, Validation Loss: 0.1393
2025-11-15 13:05:33,750 - INFO - Epoch: 60, Training Loss: 0.1414, Validation Loss: 0.1426
2025-11-15 13:05:44,870 - INFO - Epoch: 61, Training Loss: 0.1422, Validation Loss: 0.1452
2025-11-15 13:05:58,463 - INFO - Epoch: 62, Training Loss: 0.1425, Validation Loss: 0.1419
2025-11-15 13:06:11,350 - INFO - Epoch: 63, Training Loss: 0.1422, Validation Loss: 0.1412
2025-11-15 13:06:22,568 - INFO - Epoch: 64, Training Loss: 0.1418, Validation Loss: 0.1446
2025-11-15 13:06:34,993 - INFO - Epoch: 65, Training Loss: 0.1416, Validation Loss: 0.1441
2025-11-15 13:06:47,494 - INFO - Epoch: 66, Training Loss: 0.1426, Validation Loss: 0.1423
2025-11-15 13:07:01,331 - INFO - Epoch: 67, Training Loss: 0.1411, Validation Loss: 0.1426
2025-11-15 13:07:12,874 - INFO - Epoch: 68, Training Loss: 0.1416, Validation Loss: 0.1458
2025-11-15 13:07:22,825 - INFO - Epoch: 69, Training Loss: 0.1406, Validation Loss: 0.1381
2025-11-15 13:07:22,830 - INFO -   → New best validation loss: 0.1381
2025-11-15 13:07:33,559 - INFO - Epoch: 70, Training Loss: 0.1412, Validation Loss: 0.1472
2025-11-15 13:07:46,002 - INFO - Epoch: 71, Training Loss: 0.1418, Validation Loss: 0.1404
2025-11-15 13:07:56,315 - INFO - Epoch: 72, Training Loss: 0.1419, Validation Loss: 0.1389
2025-11-15 13:08:11,183 - INFO - Epoch: 73, Training Loss: 0.1403, Validation Loss: 0.1419
2025-11-15 13:08:23,186 - INFO - Epoch: 74, Training Loss: 0.1417, Validation Loss: 0.1429
2025-11-15 13:08:35,624 - INFO - Epoch: 75, Training Loss: 0.1414, Validation Loss: 0.1410
2025-11-15 13:08:48,156 - INFO - Epoch: 76, Training Loss: 0.1427, Validation Loss: 0.1419
2025-11-15 13:08:58,365 - INFO - Epoch: 77, Training Loss: 0.1427, Validation Loss: 0.1405
2025-11-15 13:09:11,578 - INFO - Epoch: 78, Training Loss: 0.1419, Validation Loss: 0.1471
2025-11-15 13:09:27,559 - INFO - Epoch: 79, Training Loss: 0.1403, Validation Loss: 0.1515
2025-11-15 13:09:38,673 - INFO - Epoch: 80, Training Loss: 0.1421, Validation Loss: 0.1434
2025-11-15 13:09:49,905 - INFO - Epoch: 81, Training Loss: 0.1416, Validation Loss: 0.1386
2025-11-15 13:10:01,268 - INFO - Epoch: 82, Training Loss: 0.1400, Validation Loss: 0.1388
2025-11-15 13:10:10,825 - INFO - Epoch: 83, Training Loss: 0.1425, Validation Loss: 0.1391
2025-11-15 13:10:21,316 - INFO - Epoch: 84, Training Loss: 0.1404, Validation Loss: 0.1481
2025-11-15 13:10:34,683 - INFO - Epoch: 85, Training Loss: 0.1418, Validation Loss: 0.1392
2025-11-15 13:10:45,143 - INFO - Epoch: 86, Training Loss: 0.1411, Validation Loss: 0.1424
2025-11-15 13:10:56,527 - INFO - Epoch: 87, Training Loss: 0.1417, Validation Loss: 0.1403
2025-11-15 13:11:09,286 - INFO - Epoch: 88, Training Loss: 0.1406, Validation Loss: 0.1412
2025-11-15 13:11:21,089 - INFO - Epoch: 89, Training Loss: 0.1407, Validation Loss: 0.1400
2025-11-15 13:11:21,089 - INFO - Early stopping triggered at epoch 89
2025-11-15 13:11:21,089 - INFO - Best validation loss: 0.1381
2025-11-15 13:11:21,093 - INFO - Restored best model weights
2025-11-15 13:11:21,093 - INFO - 
============================================================
2025-11-15 13:11:21,093 - INFO - EVALUATION RESULTS
2025-11-15 13:11:21,093 - INFO - ============================================================
2025-11-15 13:11:21,136 - INFO - Validation Set - MSE: 0.141812, MAE: 0.361198, RMSE: 0.376580, Pearson Correlation: 0.527374 (p=0.000000)
2025-11-15 13:11:21,179 - INFO - Test Set - MSE: 0.140652, MAE: 0.358426, RMSE: 0.375035, Pearson Correlation: 0.667334 (p=0.000000)
2025-11-15 13:11:21,179 - INFO - ============================================================

2025-11-15 13:11:21,180 - INFO - CV Fold 1 completed successfully
2025-11-15 13:11:21,180 - INFO - 
--------------------------------------------------------------------------------
2025-11-15 13:11:21,180 - INFO - CV Fold 2
2025-11-15 13:11:21,180 - INFO - --------------------------------------------------------------------------------
2025-11-15 13:11:21,182 - INFO - Loading dataset...
2025-11-15 13:11:21,269 - INFO - Dataset shapes - Train: (567, 17, 25, 1), Valid: (141, 17, 25, 1), Test: (177, 17, 25, 1)
2025-11-15 13:11:21,270 - INFO - Initializing VIGNet model...
2025-11-15 13:11:21,273 - INFO - Number of batch iterations per epoch: 113
2025-11-15 13:11:31,706 - INFO - Epoch: 1, Training Loss: 0.4843, Validation Loss: 0.4857
2025-11-15 13:11:31,707 - INFO -   → New best validation loss: 0.4857
2025-11-15 13:11:43,593 - INFO - Epoch: 2, Training Loss: 0.3203, Validation Loss: 0.2425
2025-11-15 13:11:43,594 - INFO -   → New best validation loss: 0.2425
2025-11-15 13:11:55,377 - INFO - Epoch: 3, Training Loss: 0.1649, Validation Loss: 0.1376
2025-11-15 13:11:55,378 - INFO -   → New best validation loss: 0.1376
2025-11-15 13:12:05,405 - INFO - Epoch: 4, Training Loss: 0.1458, Validation Loss: 0.1561
2025-11-15 13:12:15,579 - INFO - Epoch: 5, Training Loss: 0.1531, Validation Loss: 0.1486
2025-11-15 13:12:26,183 - INFO - Epoch: 6, Training Loss: 0.1487, Validation Loss: 0.1555
