2025-11-15 11:20:48,740 - INFO - ================================================================================
2025-11-15 11:20:48,740 - INFO - TRIAL 10 - Task: RGS
2025-11-15 11:20:48,740 - INFO - Log file: ./logs/trial10_RGS_20251115_003538.log
2025-11-15 11:20:48,740 - INFO - Start time: 2025-11-15 11:20:48
2025-11-15 11:20:48,740 - INFO - ================================================================================
2025-11-15 11:20:48,740 - INFO - 
--------------------------------------------------------------------------------
2025-11-15 11:20:48,740 - INFO - CV Fold 0
2025-11-15 11:20:48,740 - INFO - --------------------------------------------------------------------------------
2025-11-15 11:20:48,742 - INFO - Loading dataset...
2025-11-15 11:20:48,829 - INFO - Dataset shapes - Train: (567, 17, 25, 1), Valid: (141, 17, 25, 1), Test: (177, 17, 25, 1)
2025-11-15 11:20:48,830 - INFO - Initializing VIGNet model...
2025-11-15 11:20:48,833 - INFO - Number of batch iterations per epoch: 113
2025-11-15 11:21:00,788 - INFO - Epoch: 1, Training Loss: 0.1822, Validation Loss: 0.1453
2025-11-15 11:21:00,789 - INFO -   → New best validation loss: 0.1453
2025-11-15 11:21:09,299 - INFO - Epoch: 2, Training Loss: 0.0829, Validation Loss: 0.0396
2025-11-15 11:21:09,300 - INFO -   → New best validation loss: 0.0396
2025-11-15 11:21:21,492 - INFO - Epoch: 3, Training Loss: 0.0251, Validation Loss: 0.0252
2025-11-15 11:21:21,496 - INFO -   → New best validation loss: 0.0252
2025-11-15 11:21:32,692 - INFO - Epoch: 4, Training Loss: 0.0244, Validation Loss: 0.0301
2025-11-15 11:21:44,620 - INFO - Epoch: 5, Training Loss: 0.0234, Validation Loss: 0.0295
2025-11-15 11:21:58,685 - INFO - Epoch: 6, Training Loss: 0.0244, Validation Loss: 0.0331
2025-11-15 11:22:09,708 - INFO - Epoch: 7, Training Loss: 0.0249, Validation Loss: 0.0269
2025-11-15 11:22:22,167 - INFO - Epoch: 8, Training Loss: 0.0228, Validation Loss: 0.0245
2025-11-15 11:22:22,168 - INFO -   → New best validation loss: 0.0245
2025-11-15 11:22:32,703 - INFO - Epoch: 9, Training Loss: 0.0227, Validation Loss: 0.0249
2025-11-15 11:22:45,461 - INFO - Epoch: 10, Training Loss: 0.0217, Validation Loss: 0.0272
2025-11-15 11:22:58,735 - INFO - Epoch: 11, Training Loss: 0.0211, Validation Loss: 0.0250
2025-11-15 11:23:08,713 - INFO - Epoch: 12, Training Loss: 0.0222, Validation Loss: 0.0247
2025-11-15 11:23:17,786 - INFO - Epoch: 13, Training Loss: 0.0212, Validation Loss: 0.0244
2025-11-15 11:23:17,787 - INFO -   → New best validation loss: 0.0244
2025-11-15 11:23:29,514 - INFO - Epoch: 14, Training Loss: 0.0214, Validation Loss: 0.0266
2025-11-15 11:23:41,918 - INFO - Epoch: 15, Training Loss: 0.0208, Validation Loss: 0.0267
2025-11-15 11:23:53,457 - INFO - Epoch: 16, Training Loss: 0.0215, Validation Loss: 0.0258
2025-11-15 11:24:04,723 - INFO - Epoch: 17, Training Loss: 0.0214, Validation Loss: 0.0245
2025-11-15 11:24:18,001 - INFO - Epoch: 18, Training Loss: 0.0210, Validation Loss: 0.0247
2025-11-15 11:24:29,342 - INFO - Epoch: 19, Training Loss: 0.0215, Validation Loss: 0.0245
2025-11-15 11:24:43,146 - INFO - Epoch: 20, Training Loss: 0.0202, Validation Loss: 0.0273
2025-11-15 11:24:56,022 - INFO - Epoch: 21, Training Loss: 0.0212, Validation Loss: 0.0246
2025-11-15 11:25:06,936 - INFO - Epoch: 22, Training Loss: 0.0212, Validation Loss: 0.0281
2025-11-15 11:25:17,948 - INFO - Epoch: 23, Training Loss: 0.0215, Validation Loss: 0.0243
2025-11-15 11:25:17,949 - INFO -   → New best validation loss: 0.0243
2025-11-15 11:25:29,413 - INFO - Epoch: 24, Training Loss: 0.0217, Validation Loss: 0.0244
2025-11-15 11:25:39,258 - INFO - Epoch: 25, Training Loss: 0.0210, Validation Loss: 0.0268
2025-11-15 11:25:47,469 - INFO - Epoch: 26, Training Loss: 0.0207, Validation Loss: 0.0249
2025-11-15 11:25:59,107 - INFO - Epoch: 27, Training Loss: 0.0208, Validation Loss: 0.0244
2025-11-15 11:26:13,488 - INFO - Epoch: 28, Training Loss: 0.0208, Validation Loss: 0.0277
2025-11-15 11:26:24,977 - INFO - Epoch: 29, Training Loss: 0.0210, Validation Loss: 0.0246
2025-11-15 11:26:37,271 - INFO - Epoch: 30, Training Loss: 0.0202, Validation Loss: 0.0248
2025-11-15 11:26:46,857 - INFO - Epoch: 31, Training Loss: 0.0204, Validation Loss: 0.0245
2025-11-15 11:26:58,827 - INFO - Epoch: 32, Training Loss: 0.0205, Validation Loss: 0.0259
2025-11-15 11:27:12,596 - INFO - Epoch: 33, Training Loss: 0.0202, Validation Loss: 0.0250
2025-11-15 11:27:25,072 - INFO - Epoch: 34, Training Loss: 0.0205, Validation Loss: 0.0248
2025-11-15 11:27:37,291 - INFO - Epoch: 35, Training Loss: 0.0211, Validation Loss: 0.0251
2025-11-15 11:27:50,951 - INFO - Epoch: 36, Training Loss: 0.0205, Validation Loss: 0.0251
2025-11-15 11:28:03,910 - INFO - Epoch: 37, Training Loss: 0.0208, Validation Loss: 0.0245
2025-11-15 11:28:13,955 - INFO - Epoch: 38, Training Loss: 0.0205, Validation Loss: 0.0244
2025-11-15 11:28:26,423 - INFO - Epoch: 39, Training Loss: 0.0209, Validation Loss: 0.0247
2025-11-15 11:28:41,478 - INFO - Epoch: 40, Training Loss: 0.0204, Validation Loss: 0.0247
2025-11-15 11:28:51,262 - INFO - Epoch: 41, Training Loss: 0.0208, Validation Loss: 0.0245
2025-11-15 11:29:01,507 - INFO - Epoch: 42, Training Loss: 0.0206, Validation Loss: 0.0244
2025-11-15 11:29:11,225 - INFO - Epoch: 43, Training Loss: 0.0202, Validation Loss: 0.0244
2025-11-15 11:29:11,226 - INFO - Early stopping triggered at epoch 43
2025-11-15 11:29:11,226 - INFO - Best validation loss: 0.0243
2025-11-15 11:29:11,234 - INFO - Restored best model weights
2025-11-15 11:29:11,234 - INFO - 
============================================================
2025-11-15 11:29:11,234 - INFO - EVALUATION RESULTS
2025-11-15 11:29:11,234 - INFO - ============================================================
2025-11-15 11:29:11,431 - INFO - Validation Set - MSE: 0.024520, MAE: 0.127495, RMSE: 0.156590, Pearson Correlation: 0.008954 (p=0.916075)
2025-11-15 11:29:11,608 - INFO - Test Set - MSE: 0.021375, MAE: 0.119741, RMSE: 0.146203, Pearson Correlation: 0.154303 (p=0.040304)
2025-11-15 11:29:11,608 - INFO - ============================================================

2025-11-15 11:29:11,609 - INFO - CV Fold 0 completed successfully
2025-11-15 11:29:11,610 - INFO - 
--------------------------------------------------------------------------------
2025-11-15 11:29:11,610 - INFO - CV Fold 1
2025-11-15 11:29:11,610 - INFO - --------------------------------------------------------------------------------
2025-11-15 11:29:11,617 - INFO - Loading dataset...
2025-11-15 11:29:11,741 - INFO - Dataset shapes - Train: (567, 17, 25, 1), Valid: (141, 17, 25, 1), Test: (177, 17, 25, 1)
2025-11-15 11:29:11,743 - INFO - Initializing VIGNet model...
2025-11-15 11:29:11,746 - INFO - Number of batch iterations per epoch: 113
2025-11-15 11:29:27,201 - INFO - Epoch: 1, Training Loss: 0.1773, Validation Loss: 0.1702
2025-11-15 11:29:27,203 - INFO -   → New best validation loss: 0.1702
2025-11-15 11:29:36,382 - INFO - Epoch: 2, Training Loss: 0.1004, Validation Loss: 0.0780
2025-11-15 11:29:36,383 - INFO -   → New best validation loss: 0.0780
2025-11-15 11:29:48,548 - INFO - Epoch: 3, Training Loss: 0.0330, Validation Loss: 0.0568
2025-11-15 11:29:48,550 - INFO -   → New best validation loss: 0.0568
2025-11-15 11:30:03,234 - INFO - Epoch: 4, Training Loss: 0.0263, Validation Loss: 0.0452
2025-11-15 11:30:03,236 - INFO -   → New best validation loss: 0.0452
2025-11-15 11:30:16,688 - INFO - Epoch: 5, Training Loss: 0.0231, Validation Loss: 0.0328
2025-11-15 11:30:16,689 - INFO -   → New best validation loss: 0.0328
2025-11-15 11:30:29,626 - INFO - Epoch: 6, Training Loss: 0.0243, Validation Loss: 0.0255
2025-11-15 11:30:29,627 - INFO -   → New best validation loss: 0.0255
2025-11-15 11:30:40,501 - INFO - Epoch: 7, Training Loss: 0.0232, Validation Loss: 0.0265
2025-11-15 11:30:51,498 - INFO - Epoch: 8, Training Loss: 0.0229, Validation Loss: 0.0262
2025-11-15 11:31:02,309 - INFO - Epoch: 9, Training Loss: 0.0225, Validation Loss: 0.0264
2025-11-15 11:31:15,147 - INFO - Epoch: 10, Training Loss: 0.0221, Validation Loss: 0.0264
2025-11-15 11:31:27,059 - INFO - Epoch: 11, Training Loss: 0.0219, Validation Loss: 0.0285
2025-11-15 11:31:40,425 - INFO - Epoch: 12, Training Loss: 0.0216, Validation Loss: 0.0264
2025-11-15 11:31:51,421 - INFO - Epoch: 13, Training Loss: 0.0214, Validation Loss: 0.0275
2025-11-15 11:32:03,444 - INFO - Epoch: 14, Training Loss: 0.0217, Validation Loss: 0.0279
2025-11-15 11:32:12,650 - INFO - Epoch: 15, Training Loss: 0.0222, Validation Loss: 0.0275
2025-11-15 11:32:24,124 - INFO - Epoch: 16, Training Loss: 0.0215, Validation Loss: 0.0272
2025-11-15 11:32:34,646 - INFO - Epoch: 17, Training Loss: 0.0212, Validation Loss: 0.0263
2025-11-15 11:32:47,476 - INFO - Epoch: 18, Training Loss: 0.0216, Validation Loss: 0.0270
2025-11-15 11:32:59,695 - INFO - Epoch: 19, Training Loss: 0.0216, Validation Loss: 0.0275
2025-11-15 11:33:15,798 - INFO - Epoch: 20, Training Loss: 0.0211, Validation Loss: 0.0273
2025-11-15 11:33:25,946 - INFO - Epoch: 21, Training Loss: 0.0211, Validation Loss: 0.0270
2025-11-15 11:33:37,078 - INFO - Epoch: 22, Training Loss: 0.0217, Validation Loss: 0.0262
2025-11-15 11:33:49,818 - INFO - Epoch: 23, Training Loss: 0.0213, Validation Loss: 0.0273
2025-11-15 11:34:02,460 - INFO - Epoch: 24, Training Loss: 0.0210, Validation Loss: 0.0262
2025-11-15 11:34:14,153 - INFO - Epoch: 25, Training Loss: 0.0212, Validation Loss: 0.0259
2025-11-15 11:34:24,919 - INFO - Epoch: 26, Training Loss: 0.0208, Validation Loss: 0.0257
2025-11-15 11:34:24,919 - INFO - Early stopping triggered at epoch 26
2025-11-15 11:34:24,919 - INFO - Best validation loss: 0.0255
2025-11-15 11:34:24,923 - INFO - Restored best model weights
2025-11-15 11:34:24,923 - INFO - 
============================================================
2025-11-15 11:34:24,923 - INFO - EVALUATION RESULTS
2025-11-15 11:34:24,923 - INFO - ============================================================
2025-11-15 11:34:24,967 - INFO - Validation Set - MSE: 0.029134, MAE: 0.137227, RMSE: 0.170688, Pearson Correlation: -0.066313 (p=0.434641)
2025-11-15 11:34:25,010 - INFO - Test Set - MSE: 0.027643, MAE: 0.130841, RMSE: 0.166261, Pearson Correlation: 0.179414 (p=0.016873)
2025-11-15 11:34:25,010 - INFO - ============================================================

2025-11-15 11:34:25,011 - INFO - CV Fold 1 completed successfully
2025-11-15 11:34:25,011 - INFO - 
--------------------------------------------------------------------------------
2025-11-15 11:34:25,011 - INFO - CV Fold 2
2025-11-15 11:34:25,011 - INFO - --------------------------------------------------------------------------------
2025-11-15 11:34:25,013 - INFO - Loading dataset...
2025-11-15 11:34:25,099 - INFO - Dataset shapes - Train: (567, 17, 25, 1), Valid: (141, 17, 25, 1), Test: (177, 17, 25, 1)
2025-11-15 11:34:25,101 - INFO - Initializing VIGNet model...
2025-11-15 11:34:25,104 - INFO - Number of batch iterations per epoch: 113
2025-11-15 11:34:36,901 - INFO - Epoch: 1, Training Loss: 0.1948, Validation Loss: 0.1811
2025-11-15 11:34:36,902 - INFO -   → New best validation loss: 0.1811
2025-11-15 11:34:48,655 - INFO - Epoch: 2, Training Loss: 0.1390, Validation Loss: 0.1162
2025-11-15 11:34:48,656 - INFO -   → New best validation loss: 0.1162
2025-11-15 11:35:01,210 - INFO - Epoch: 3, Training Loss: 0.0608, Validation Loss: 0.0379
2025-11-15 11:35:01,211 - INFO -   → New best validation loss: 0.0379
2025-11-15 11:35:11,889 - INFO - Epoch: 4, Training Loss: 0.0358, Validation Loss: 0.0381
2025-11-15 11:35:22,149 - INFO - Epoch: 5, Training Loss: 0.0295, Validation Loss: 0.0200
2025-11-15 11:35:22,150 - INFO -   → New best validation loss: 0.0200
2025-11-15 11:35:32,965 - INFO - Epoch: 6, Training Loss: 0.0251, Validation Loss: 0.0267
2025-11-15 11:35:45,893 - INFO - Epoch: 7, Training Loss: 0.0254, Validation Loss: 0.0273
2025-11-15 11:35:58,932 - INFO - Epoch: 8, Training Loss: 0.0247, Validation Loss: 0.0277
2025-11-15 11:36:10,846 - INFO - Epoch: 9, Training Loss: 0.0247, Validation Loss: 0.0220
2025-11-15 11:36:23,192 - INFO - Epoch: 10, Training Loss: 0.0242, Validation Loss: 0.0221
2025-11-15 11:36:38,352 - INFO - Epoch: 11, Training Loss: 0.0233, Validation Loss: 0.0211
2025-11-15 11:36:50,839 - INFO - Epoch: 12, Training Loss: 0.0223, Validation Loss: 0.0202
2025-11-15 11:37:03,204 - INFO - Epoch: 13, Training Loss: 0.0226, Validation Loss: 0.0202
2025-11-15 11:37:18,342 - INFO - Epoch: 14, Training Loss: 0.0228, Validation Loss: 0.0202
2025-11-15 11:37:30,095 - INFO - Epoch: 15, Training Loss: 0.0221, Validation Loss: 0.0202
2025-11-15 11:37:41,489 - INFO - Epoch: 16, Training Loss: 0.0225, Validation Loss: 0.0202
2025-11-15 11:37:51,646 - INFO - Epoch: 17, Training Loss: 0.0222, Validation Loss: 0.0211
2025-11-15 11:38:03,510 - INFO - Epoch: 18, Training Loss: 0.0231, Validation Loss: 0.0408
2025-11-15 11:38:14,737 - INFO - Epoch: 19, Training Loss: 0.0220, Validation Loss: 0.0204
2025-11-15 11:38:28,494 - INFO - Epoch: 20, Training Loss: 0.0225, Validation Loss: 0.0212
2025-11-15 11:38:39,611 - INFO - Epoch: 21, Training Loss: 0.0222, Validation Loss: 0.0204
2025-11-15 11:38:50,890 - INFO - Epoch: 22, Training Loss: 0.0222, Validation Loss: 0.0224
2025-11-15 11:39:01,168 - INFO - Epoch: 23, Training Loss: 0.0220, Validation Loss: 0.0203
2025-11-15 11:39:15,240 - INFO - Epoch: 24, Training Loss: 0.0213, Validation Loss: 0.0218
2025-11-15 11:39:29,118 - INFO - Epoch: 25, Training Loss: 0.0221, Validation Loss: 0.0203
2025-11-15 11:39:29,118 - INFO - Early stopping triggered at epoch 25
2025-11-15 11:39:29,118 - INFO - Best validation loss: 0.0200
2025-11-15 11:39:29,122 - INFO - Restored best model weights
2025-11-15 11:39:29,122 - INFO - 
============================================================
2025-11-15 11:39:29,122 - INFO - EVALUATION RESULTS
2025-11-15 11:39:29,122 - INFO - ============================================================
2025-11-15 11:39:29,166 - INFO - Validation Set - MSE: 0.021030, MAE: 0.119201, RMSE: 0.145017, Pearson Correlation: 0.005011 (p=0.952969)
2025-11-15 11:39:29,209 - INFO - Test Set - MSE: 0.021747, MAE: 0.115555, RMSE: 0.147468, Pearson Correlation: 0.096191 (p=0.202797)
2025-11-15 11:39:29,209 - INFO - ============================================================

2025-11-15 11:39:29,210 - INFO - CV Fold 2 completed successfully
2025-11-15 11:39:29,210 - INFO - 
--------------------------------------------------------------------------------
2025-11-15 11:39:29,210 - INFO - CV Fold 3
2025-11-15 11:39:29,210 - INFO - --------------------------------------------------------------------------------
2025-11-15 11:39:29,211 - INFO - Loading dataset...
2025-11-15 11:39:29,297 - INFO - Dataset shapes - Train: (567, 17, 25, 1), Valid: (141, 17, 25, 1), Test: (177, 17, 25, 1)
2025-11-15 11:39:29,299 - INFO - Initializing VIGNet model...
2025-11-15 11:39:29,302 - INFO - Number of batch iterations per epoch: 113
2025-11-15 11:39:41,364 - INFO - Epoch: 1, Training Loss: 0.1862, Validation Loss: 0.1618
2025-11-15 11:39:41,364 - INFO -   → New best validation loss: 0.1618
2025-11-15 11:39:51,630 - INFO - Epoch: 2, Training Loss: 0.1195, Validation Loss: 0.0690
2025-11-15 11:39:51,632 - INFO -   → New best validation loss: 0.0690
2025-11-15 11:40:05,713 - INFO - Epoch: 3, Training Loss: 0.0366, Validation Loss: 0.0234
2025-11-15 11:40:05,713 - INFO -   → New best validation loss: 0.0234
2025-11-15 11:40:18,997 - INFO - Epoch: 4, Training Loss: 0.0218, Validation Loss: 0.0223
2025-11-15 11:40:19,002 - INFO -   → New best validation loss: 0.0223
2025-11-15 11:40:30,989 - INFO - Epoch: 5, Training Loss: 0.0218, Validation Loss: 0.0192
2025-11-15 11:40:30,993 - INFO -   → New best validation loss: 0.0192
2025-11-15 11:40:43,739 - INFO - Epoch: 6, Training Loss: 0.0212, Validation Loss: 0.0238
2025-11-15 11:40:56,650 - INFO - Epoch: 7, Training Loss: 0.0222, Validation Loss: 0.0191
2025-11-15 11:40:56,652 - INFO -   → New best validation loss: 0.0191
2025-11-15 11:41:09,837 - INFO - Epoch: 8, Training Loss: 0.0222, Validation Loss: 0.0194
2025-11-15 11:41:23,450 - INFO - Epoch: 9, Training Loss: 0.0217, Validation Loss: 0.0194
2025-11-15 11:41:35,963 - INFO - Epoch: 10, Training Loss: 0.0220, Validation Loss: 0.0192
2025-11-15 11:41:50,544 - INFO - Epoch: 11, Training Loss: 0.0218, Validation Loss: 0.0191
2025-11-15 11:41:50,544 - INFO -   → New best validation loss: 0.0191
2025-11-15 11:42:02,128 - INFO - Epoch: 12, Training Loss: 0.0221, Validation Loss: 0.0197
2025-11-15 11:42:14,335 - INFO - Epoch: 13, Training Loss: 0.0221, Validation Loss: 0.0195
2025-11-15 11:42:27,618 - INFO - Epoch: 14, Training Loss: 0.0215, Validation Loss: 0.0190
2025-11-15 11:42:27,619 - INFO -   → New best validation loss: 0.0190
2025-11-15 11:42:39,365 - INFO - Epoch: 15, Training Loss: 0.0217, Validation Loss: 0.0201
2025-11-15 11:42:52,861 - INFO - Epoch: 16, Training Loss: 0.0218, Validation Loss: 0.0192
2025-11-15 11:43:05,308 - INFO - Epoch: 17, Training Loss: 0.0222, Validation Loss: 0.0192
2025-11-15 11:43:17,862 - INFO - Epoch: 18, Training Loss: 0.0214, Validation Loss: 0.0190
2025-11-15 11:43:17,867 - INFO -   → New best validation loss: 0.0190
2025-11-15 11:43:30,287 - INFO - Epoch: 19, Training Loss: 0.0215, Validation Loss: 0.0191
2025-11-15 11:43:45,582 - INFO - Epoch: 20, Training Loss: 0.0213, Validation Loss: 0.0191
2025-11-15 11:43:57,496 - INFO - Epoch: 21, Training Loss: 0.0214, Validation Loss: 0.0190
2025-11-15 11:44:06,595 - INFO - Epoch: 22, Training Loss: 0.0213, Validation Loss: 0.0191
2025-11-15 11:44:22,203 - INFO - Epoch: 23, Training Loss: 0.0213, Validation Loss: 0.0193
2025-11-15 11:44:34,815 - INFO - Epoch: 24, Training Loss: 0.0214, Validation Loss: 0.0192
2025-11-15 11:44:45,285 - INFO - Epoch: 25, Training Loss: 0.0211, Validation Loss: 0.0192
2025-11-15 11:44:56,389 - INFO - Epoch: 26, Training Loss: 0.0212, Validation Loss: 0.0191
2025-11-15 11:45:10,671 - INFO - Epoch: 27, Training Loss: 0.0212, Validation Loss: 0.0198
2025-11-15 11:45:23,750 - INFO - Epoch: 28, Training Loss: 0.0213, Validation Loss: 0.0192
2025-11-15 11:45:36,693 - INFO - Epoch: 29, Training Loss: 0.0213, Validation Loss: 0.0191
2025-11-15 11:45:45,843 - INFO - Epoch: 30, Training Loss: 0.0211, Validation Loss: 0.0191
2025-11-15 11:46:02,463 - INFO - Epoch: 31, Training Loss: 0.0213, Validation Loss: 0.0191
2025-11-15 11:46:16,441 - INFO - Epoch: 32, Training Loss: 0.0212, Validation Loss: 0.0192
2025-11-15 11:46:29,636 - INFO - Epoch: 33, Training Loss: 0.0212, Validation Loss: 0.0190
2025-11-15 11:46:29,636 - INFO -   → New best validation loss: 0.0190
2025-11-15 11:46:43,235 - INFO - Epoch: 34, Training Loss: 0.0214, Validation Loss: 0.0191
2025-11-15 11:46:53,420 - INFO - Epoch: 35, Training Loss: 0.0211, Validation Loss: 0.0191
2025-11-15 11:47:08,063 - INFO - Epoch: 36, Training Loss: 0.0213, Validation Loss: 0.0191
2025-11-15 11:47:18,451 - INFO - Epoch: 37, Training Loss: 0.0212, Validation Loss: 0.0191
2025-11-15 11:47:31,945 - INFO - Epoch: 38, Training Loss: 0.0212, Validation Loss: 0.0192
2025-11-15 11:47:45,043 - INFO - Epoch: 39, Training Loss: 0.0215, Validation Loss: 0.0191
2025-11-15 11:47:58,299 - INFO - Epoch: 40, Training Loss: 0.0213, Validation Loss: 0.0192
2025-11-15 11:48:10,603 - INFO - Epoch: 41, Training Loss: 0.0212, Validation Loss: 0.0191
2025-11-15 11:48:21,345 - INFO - Epoch: 42, Training Loss: 0.0214, Validation Loss: 0.0196
2025-11-15 11:48:34,310 - INFO - Epoch: 43, Training Loss: 0.0212, Validation Loss: 0.0198
2025-11-15 11:48:45,302 - INFO - Epoch: 44, Training Loss: 0.0212, Validation Loss: 0.0190
2025-11-15 11:48:58,767 - INFO - Epoch: 45, Training Loss: 0.0215, Validation Loss: 0.0223
2025-11-15 11:49:10,766 - INFO - Epoch: 46, Training Loss: 0.0210, Validation Loss: 0.0195
2025-11-15 11:49:23,185 - INFO - Epoch: 47, Training Loss: 0.0212, Validation Loss: 0.0192
2025-11-15 11:49:38,265 - INFO - Epoch: 48, Training Loss: 0.0213, Validation Loss: 0.0198
2025-11-15 11:49:50,014 - INFO - Epoch: 49, Training Loss: 0.0212, Validation Loss: 0.0190
2025-11-15 11:50:04,287 - INFO - Epoch: 50, Training Loss: 0.0214, Validation Loss: 0.0193
2025-11-15 11:50:16,425 - INFO - Epoch: 51, Training Loss: 0.0212, Validation Loss: 0.0193
2025-11-15 11:50:28,066 - INFO - Epoch: 52, Training Loss: 0.0214, Validation Loss: 0.0191
2025-11-15 11:50:40,369 - INFO - Epoch: 53, Training Loss: 0.0211, Validation Loss: 0.0192
2025-11-15 11:50:40,369 - INFO - Early stopping triggered at epoch 53
2025-11-15 11:50:40,369 - INFO - Best validation loss: 0.0190
2025-11-15 11:50:40,373 - INFO - Restored best model weights
2025-11-15 11:50:40,373 - INFO - 
============================================================
2025-11-15 11:50:40,373 - INFO - EVALUATION RESULTS
2025-11-15 11:50:40,373 - INFO - ============================================================
2025-11-15 11:50:40,416 - INFO - Validation Set - MSE: 0.019221, MAE: 0.113251, RMSE: 0.138641, Pearson Correlation: 0.134936 (p=0.110640)
2025-11-15 11:50:40,507 - INFO - Test Set - MSE: 0.023303, MAE: 0.124044, RMSE: 0.152655, Pearson Correlation: 0.171752 (p=0.022264)
2025-11-15 11:50:40,507 - INFO - ============================================================

2025-11-15 11:50:40,508 - INFO - CV Fold 3 completed successfully
2025-11-15 11:50:40,508 - INFO - 
--------------------------------------------------------------------------------
2025-11-15 11:50:40,508 - INFO - CV Fold 4
2025-11-15 11:50:40,508 - INFO - --------------------------------------------------------------------------------
2025-11-15 11:50:40,514 - INFO - Loading dataset...
2025-11-15 11:50:40,613 - INFO - Dataset shapes - Train: (567, 17, 25, 1), Valid: (141, 17, 25, 1), Test: (177, 17, 25, 1)
2025-11-15 11:50:40,615 - INFO - Initializing VIGNet model...
2025-11-15 11:50:40,618 - INFO - Number of batch iterations per epoch: 113
2025-11-15 11:50:51,880 - INFO - Epoch: 1, Training Loss: 0.1724, Validation Loss: 0.1631
2025-11-15 11:50:51,880 - INFO -   → New best validation loss: 0.1631
2025-11-15 11:51:08,261 - INFO - Epoch: 2, Training Loss: 0.0810, Validation Loss: 0.0237
2025-11-15 11:51:08,263 - INFO -   → New best validation loss: 0.0237
2025-11-15 11:51:21,780 - INFO - Epoch: 3, Training Loss: 0.0282, Validation Loss: 0.0849
2025-11-15 11:51:35,623 - INFO - Epoch: 4, Training Loss: 0.0282, Validation Loss: 0.0281
2025-11-15 11:51:52,182 - INFO - Epoch: 5, Training Loss: 0.0242, Validation Loss: 0.0243
2025-11-15 11:52:05,025 - INFO - Epoch: 6, Training Loss: 0.0237, Validation Loss: 0.0360
2025-11-15 11:52:19,160 - INFO - Epoch: 7, Training Loss: 0.0246, Validation Loss: 0.0249
2025-11-15 11:52:29,326 - INFO - Epoch: 8, Training Loss: 0.0240, Validation Loss: 0.0265
2025-11-15 11:52:40,790 - INFO - Epoch: 9, Training Loss: 0.0240, Validation Loss: 0.0302
2025-11-15 11:52:52,990 - INFO - Epoch: 10, Training Loss: 0.0220, Validation Loss: 0.0242
2025-11-15 11:53:06,650 - INFO - Epoch: 11, Training Loss: 0.0232, Validation Loss: 0.0234
2025-11-15 11:53:06,650 - INFO -   → New best validation loss: 0.0234
2025-11-15 11:53:19,339 - INFO - Epoch: 12, Training Loss: 0.0213, Validation Loss: 0.0241
2025-11-15 11:53:29,323 - INFO - Epoch: 13, Training Loss: 0.0218, Validation Loss: 0.0235
2025-11-15 11:53:40,913 - INFO - Epoch: 14, Training Loss: 0.0220, Validation Loss: 0.0264
2025-11-15 11:53:52,987 - INFO - Epoch: 15, Training Loss: 0.0214, Validation Loss: 0.0254
2025-11-15 11:54:05,662 - INFO - Epoch: 16, Training Loss: 0.0221, Validation Loss: 0.0237
2025-11-15 11:54:20,222 - INFO - Epoch: 17, Training Loss: 0.0221, Validation Loss: 0.0245
2025-11-15 11:54:32,880 - INFO - Epoch: 18, Training Loss: 0.0222, Validation Loss: 0.0234
2025-11-15 11:54:32,881 - INFO -   → New best validation loss: 0.0234
2025-11-15 11:54:48,055 - INFO - Epoch: 19, Training Loss: 0.0216, Validation Loss: 0.0234
2025-11-15 11:54:48,055 - INFO -   → New best validation loss: 0.0234
2025-11-15 11:55:02,897 - INFO - Epoch: 20, Training Loss: 0.0211, Validation Loss: 0.0239
2025-11-15 11:55:14,146 - INFO - Epoch: 21, Training Loss: 0.0218, Validation Loss: 0.0245
2025-11-15 11:55:26,562 - INFO - Epoch: 22, Training Loss: 0.0213, Validation Loss: 0.0233
2025-11-15 11:55:26,564 - INFO -   → New best validation loss: 0.0233
2025-11-15 11:55:40,871 - INFO - Epoch: 23, Training Loss: 0.0211, Validation Loss: 0.0238
2025-11-15 11:55:52,550 - INFO - Epoch: 24, Training Loss: 0.0208, Validation Loss: 0.0266
2025-11-15 11:56:05,631 - INFO - Epoch: 25, Training Loss: 0.0214, Validation Loss: 0.0251
2025-11-15 11:56:18,179 - INFO - Epoch: 26, Training Loss: 0.0215, Validation Loss: 0.0246
2025-11-15 11:56:31,193 - INFO - Epoch: 27, Training Loss: 0.0213, Validation Loss: 0.0245
2025-11-15 11:56:41,789 - INFO - Epoch: 28, Training Loss: 0.0214, Validation Loss: 0.0253
2025-11-15 11:56:55,544 - INFO - Epoch: 29, Training Loss: 0.0213, Validation Loss: 0.0259
2025-11-15 11:57:09,568 - INFO - Epoch: 30, Training Loss: 0.0214, Validation Loss: 0.0239
2025-11-15 11:57:24,256 - INFO - Epoch: 31, Training Loss: 0.0207, Validation Loss: 0.0240
2025-11-15 11:57:39,860 - INFO - Epoch: 32, Training Loss: 0.0210, Validation Loss: 0.0244
2025-11-15 11:57:55,913 - INFO - Epoch: 33, Training Loss: 0.0216, Validation Loss: 0.0258
2025-11-15 11:58:10,027 - INFO - Epoch: 34, Training Loss: 0.0209, Validation Loss: 0.0240
2025-11-15 11:58:19,951 - INFO - Epoch: 35, Training Loss: 0.0207, Validation Loss: 0.0235
2025-11-15 11:58:29,741 - INFO - Epoch: 36, Training Loss: 0.0212, Validation Loss: 0.0247
2025-11-15 11:58:42,489 - INFO - Epoch: 37, Training Loss: 0.0210, Validation Loss: 0.0235
2025-11-15 11:58:53,059 - INFO - Epoch: 38, Training Loss: 0.0212, Validation Loss: 0.0242
2025-11-15 11:59:06,663 - INFO - Epoch: 39, Training Loss: 0.0214, Validation Loss: 0.0238
2025-11-15 11:59:18,611 - INFO - Epoch: 40, Training Loss: 0.0215, Validation Loss: 0.0233
2025-11-15 11:59:18,613 - INFO -   → New best validation loss: 0.0233
2025-11-15 11:59:30,278 - INFO - Epoch: 41, Training Loss: 0.0209, Validation Loss: 0.0237
2025-11-15 11:59:39,261 - INFO - Epoch: 42, Training Loss: 0.0211, Validation Loss: 0.0234
2025-11-15 11:59:51,237 - INFO - Epoch: 43, Training Loss: 0.0210, Validation Loss: 0.0243
2025-11-15 12:00:07,302 - INFO - Epoch: 44, Training Loss: 0.0209, Validation Loss: 0.0253
2025-11-15 12:00:21,256 - INFO - Epoch: 45, Training Loss: 0.0209, Validation Loss: 0.0257
2025-11-15 12:00:34,374 - INFO - Epoch: 46, Training Loss: 0.0208, Validation Loss: 0.0257
2025-11-15 12:00:50,970 - INFO - Epoch: 47, Training Loss: 0.0211, Validation Loss: 0.0249
2025-11-15 12:01:02,024 - INFO - Epoch: 48, Training Loss: 0.0210, Validation Loss: 0.0239
2025-11-15 12:01:14,590 - INFO - Epoch: 49, Training Loss: 0.0209, Validation Loss: 0.0242
2025-11-15 12:01:26,801 - INFO - Epoch: 50, Training Loss: 0.0204, Validation Loss: 0.0244
2025-11-15 12:01:39,652 - INFO - Epoch: 51, Training Loss: 0.0210, Validation Loss: 0.0243
2025-11-15 12:01:52,811 - INFO - Epoch: 52, Training Loss: 0.0211, Validation Loss: 0.0235
2025-11-15 12:02:03,202 - INFO - Epoch: 53, Training Loss: 0.0210, Validation Loss: 0.0238
2025-11-15 12:02:17,944 - INFO - Epoch: 54, Training Loss: 0.0207, Validation Loss: 0.0268
2025-11-15 12:02:34,145 - INFO - Epoch: 55, Training Loss: 0.0209, Validation Loss: 0.0234
2025-11-15 12:02:47,070 - INFO - Epoch: 56, Training Loss: 0.0210, Validation Loss: 0.0252
2025-11-15 12:02:56,934 - INFO - Epoch: 57, Training Loss: 0.0208, Validation Loss: 0.0246
2025-11-15 12:03:08,046 - INFO - Epoch: 58, Training Loss: 0.0210, Validation Loss: 0.0240
2025-11-15 12:03:21,286 - INFO - Epoch: 59, Training Loss: 0.0209, Validation Loss: 0.0254
2025-11-15 12:03:34,857 - INFO - Epoch: 60, Training Loss: 0.0211, Validation Loss: 0.0245
2025-11-15 12:03:34,857 - INFO - Early stopping triggered at epoch 60
2025-11-15 12:03:34,857 - INFO - Best validation loss: 0.0233
2025-11-15 12:03:34,865 - INFO - Restored best model weights
2025-11-15 12:03:34,865 - INFO - 
============================================================
2025-11-15 12:03:34,865 - INFO - EVALUATION RESULTS
2025-11-15 12:03:34,865 - INFO - ============================================================
2025-11-15 12:03:35,050 - INFO - Validation Set - MSE: 0.023332, MAE: 0.129251, RMSE: 0.152747, Pearson Correlation: 0.096655 (p=0.254218)
2025-11-15 12:03:35,213 - INFO - Test Set - MSE: 0.021960, MAE: 0.126234, RMSE: 0.148189, Pearson Correlation: 0.215344 (p=0.003996)
2025-11-15 12:03:35,213 - INFO - ============================================================

2025-11-15 12:03:35,214 - INFO - CV Fold 4 completed successfully
2025-11-15 12:03:35,214 - INFO - 
================================================================================
2025-11-15 12:03:35,214 - INFO - CROSS-VALIDATION SUMMARY - TRIAL 10
2025-11-15 12:03:35,214 - INFO - ================================================================================
2025-11-15 12:03:35,214 - INFO - Validation Set (Average across 5 CV folds):
2025-11-15 12:03:35,215 - INFO -   MSE: 0.023448 ± 0.003383
2025-11-15 12:03:35,215 - INFO -   MAE: 0.125285 ± 0.008307
2025-11-15 12:03:35,215 - INFO -   RMSE: 0.152737 ± 0.010912
2025-11-15 12:03:35,215 - INFO -   Pearson Correlation: 0.035849 ± 0.071592
2025-11-15 12:03:35,215 - INFO - 
Test Set (Average across 5 CV folds):
2025-11-15 12:03:35,215 - INFO -   MSE: 0.023206 ± 0.002312
2025-11-15 12:03:35,215 - INFO -   MAE: 0.123283 ± 0.005267
2025-11-15 12:03:35,215 - INFO -   RMSE: 0.152155 ± 0.007381
2025-11-15 12:03:35,215 - INFO -   Pearson Correlation: 0.163401 ± 0.039049
2025-11-15 12:03:35,215 - INFO - ================================================================================
2025-11-15 12:03:35,215 - INFO - ================================================================================
2025-11-15 12:03:35,215 - INFO - Trial 10 completed. End time: 2025-11-15 12:03:35
2025-11-15 12:03:35,216 - INFO - ================================================================================
