2025-11-15 00:12:33,704 - INFO - ================================================================================
2025-11-15 00:12:33,704 - INFO - TRIAL 1 - Task: RGS
2025-11-15 00:12:33,704 - INFO - Log file: ./logs/trial1_RGS_20251115_001233.log
2025-11-15 00:12:33,704 - INFO - Start time: 2025-11-15 00:12:33
2025-11-15 00:12:33,704 - INFO - ================================================================================
2025-11-15 00:12:33,704 - INFO - 
--------------------------------------------------------------------------------
2025-11-15 00:12:33,704 - INFO - CV Fold 0
2025-11-15 00:12:33,704 - INFO - --------------------------------------------------------------------------------
2025-11-15 00:12:34,076 - INFO - Loading dataset...
2025-11-15 00:12:34,163 - INFO - Dataset shapes - Train: (567, 17, 25, 1), Valid: (141, 17, 25, 1), Test: (177, 17, 25, 1)
2025-11-15 00:12:34,163 - INFO - Initializing VIGNet model...
2025-11-15 00:12:34,169 - INFO - Number of batch iterations per epoch: 113
2025-11-15 00:12:46,310 - INFO - Epoch: 1, Training Loss: 0.1065, Validation Loss: 0.0933
2025-11-15 00:12:46,311 - INFO -   → New best validation loss: 0.0933
2025-11-15 00:13:01,073 - INFO - Epoch: 2, Training Loss: 0.0946, Validation Loss: 0.0795
2025-11-15 00:13:01,073 - INFO -   → New best validation loss: 0.0795
2025-11-15 00:13:11,486 - INFO - Epoch: 3, Training Loss: 0.0944, Validation Loss: 0.0793
2025-11-15 00:13:11,486 - INFO -   → New best validation loss: 0.0793
2025-11-15 00:13:25,299 - INFO - Epoch: 4, Training Loss: 0.0897, Validation Loss: 0.0908
2025-11-15 00:13:38,977 - INFO - Epoch: 5, Training Loss: 0.0881, Validation Loss: 0.0794
2025-11-15 00:13:51,814 - INFO - Epoch: 6, Training Loss: 0.0849, Validation Loss: 0.0964
2025-11-15 00:14:04,170 - INFO - Epoch: 7, Training Loss: 0.0871, Validation Loss: 0.0805
2025-11-15 00:14:16,328 - INFO - Epoch: 8, Training Loss: 0.0886, Validation Loss: 0.1037
2025-11-15 00:14:28,443 - INFO - Epoch: 9, Training Loss: 0.9589, Validation Loss: 0.0435
2025-11-15 00:14:28,444 - INFO -   → New best validation loss: 0.0435
