2025-11-15 00:35:38,217 - INFO - ================================================================================
2025-11-15 00:35:38,217 - INFO - TRIAL 1 - Task: RGS
2025-11-15 00:35:38,217 - INFO - Log file: ./logs/trial1_RGS_20251115_003538.log
2025-11-15 00:35:38,217 - INFO - Start time: 2025-11-15 00:35:38
2025-11-15 00:35:38,217 - INFO - ================================================================================
2025-11-15 00:35:38,217 - INFO - 
--------------------------------------------------------------------------------
2025-11-15 00:35:38,217 - INFO - CV Fold 0
2025-11-15 00:35:38,217 - INFO - --------------------------------------------------------------------------------
2025-11-15 00:35:38,590 - INFO - Loading dataset...
2025-11-15 00:35:38,678 - INFO - Dataset shapes - Train: (567, 17, 25, 1), Valid: (141, 17, 25, 1), Test: (177, 17, 25, 1)
2025-11-15 00:35:38,680 - INFO - Initializing VIGNet model...
2025-11-15 00:35:38,686 - INFO - Number of batch iterations per epoch: 113
2025-11-15 00:35:51,410 - INFO - Epoch: 1, Training Loss: 0.4755, Validation Loss: 0.3559
2025-11-15 00:35:51,411 - INFO -   → New best validation loss: 0.3559
2025-11-15 00:36:03,833 - INFO - Epoch: 2, Training Loss: 0.3057, Validation Loss: 0.1297
2025-11-15 00:36:03,833 - INFO -   → New best validation loss: 0.1297
2025-11-15 00:36:15,261 - INFO - Epoch: 3, Training Loss: 0.1222, Validation Loss: 0.1290
2025-11-15 00:36:15,262 - INFO -   → New best validation loss: 0.1290
2025-11-15 00:36:24,574 - INFO - Epoch: 4, Training Loss: 0.1046, Validation Loss: 0.0858
2025-11-15 00:36:24,575 - INFO -   → New best validation loss: 0.0858
2025-11-15 00:36:36,863 - INFO - Epoch: 5, Training Loss: 0.1051, Validation Loss: 0.0991
2025-11-15 00:36:45,398 - INFO - Epoch: 6, Training Loss: 0.1018, Validation Loss: 0.0841
2025-11-15 00:36:45,399 - INFO -   → New best validation loss: 0.0841
2025-11-15 00:36:59,045 - INFO - Epoch: 7, Training Loss: 0.0948, Validation Loss: 0.0822
2025-11-15 00:36:59,047 - INFO -   → New best validation loss: 0.0822
2025-11-15 00:37:14,252 - INFO - Epoch: 8, Training Loss: 0.0934, Validation Loss: 0.0876
2025-11-15 00:37:25,628 - INFO - Epoch: 9, Training Loss: 0.0929, Validation Loss: 0.0860
2025-11-15 00:37:40,973 - INFO - Epoch: 10, Training Loss: 0.0960, Validation Loss: 0.0815
2025-11-15 00:37:40,973 - INFO -   → New best validation loss: 0.0815
2025-11-15 00:37:53,130 - INFO - Epoch: 11, Training Loss: 0.0906, Validation Loss: 0.0833
2025-11-15 00:38:05,582 - INFO - Epoch: 12, Training Loss: 0.0955, Validation Loss: 0.0815
2025-11-15 00:38:18,243 - INFO - Epoch: 13, Training Loss: 0.0938, Validation Loss: 0.0821
2025-11-15 00:38:35,360 - INFO - Epoch: 14, Training Loss: 0.0910, Validation Loss: 0.0872
2025-11-15 00:38:49,569 - INFO - Epoch: 15, Training Loss: 0.0881, Validation Loss: 0.0940
2025-11-15 00:39:03,324 - INFO - Epoch: 16, Training Loss: 0.0884, Validation Loss: 0.0923
2025-11-15 00:39:18,734 - INFO - Epoch: 17, Training Loss: 0.0908, Validation Loss: 0.0847
2025-11-15 00:39:29,287 - INFO - Epoch: 18, Training Loss: 0.0910, Validation Loss: 0.0855
2025-11-15 00:39:42,037 - INFO - Epoch: 19, Training Loss: 0.0881, Validation Loss: 0.0889
2025-11-15 00:39:54,307 - INFO - Epoch: 20, Training Loss: 0.0895, Validation Loss: 0.0923
2025-11-15 00:40:07,169 - INFO - Epoch: 21, Training Loss: 0.0894, Validation Loss: 0.0811
2025-11-15 00:40:07,170 - INFO -   → New best validation loss: 0.0811
2025-11-15 00:40:19,436 - INFO - Epoch: 22, Training Loss: 0.0865, Validation Loss: 0.0852
2025-11-15 00:40:33,520 - INFO - Epoch: 23, Training Loss: 0.0888, Validation Loss: 0.0831
2025-11-15 00:40:45,033 - INFO - Epoch: 24, Training Loss: 0.0876, Validation Loss: 0.0868
2025-11-15 00:40:58,653 - INFO - Epoch: 25, Training Loss: 0.0889, Validation Loss: 0.0867
2025-11-15 00:41:12,238 - INFO - Epoch: 26, Training Loss: 0.0864, Validation Loss: 0.0866
2025-11-15 00:41:23,355 - INFO - Epoch: 27, Training Loss: 0.0870, Validation Loss: 0.0821
2025-11-15 00:41:35,766 - INFO - Epoch: 28, Training Loss: 0.0866, Validation Loss: 0.0848
2025-11-15 00:41:49,498 - INFO - Epoch: 29, Training Loss: 0.0869, Validation Loss: 0.0907
2025-11-15 00:42:04,959 - INFO - Epoch: 30, Training Loss: 0.0864, Validation Loss: 0.0827
2025-11-15 00:42:19,489 - INFO - Epoch: 31, Training Loss: 0.0870, Validation Loss: 0.0824
2025-11-15 00:42:31,772 - INFO - Epoch: 32, Training Loss: 0.0851, Validation Loss: 0.0833
2025-11-15 00:42:47,143 - INFO - Epoch: 33, Training Loss: 0.0855, Validation Loss: 0.0974
2025-11-15 00:43:00,156 - INFO - Epoch: 34, Training Loss: 0.0872, Validation Loss: 0.0836
2025-11-15 00:43:11,736 - INFO - Epoch: 35, Training Loss: 0.0847, Validation Loss: 0.0803
2025-11-15 00:43:11,740 - INFO -   → New best validation loss: 0.0803
2025-11-15 00:43:22,471 - INFO - Epoch: 36, Training Loss: 0.0858, Validation Loss: 0.0824
2025-11-15 00:43:36,131 - INFO - Epoch: 37, Training Loss: 0.0850, Validation Loss: 0.0862
2025-11-15 00:43:49,322 - INFO - Epoch: 38, Training Loss: 0.0854, Validation Loss: 0.0862
2025-11-15 00:44:03,048 - INFO - Epoch: 39, Training Loss: 0.0856, Validation Loss: 0.0896
2025-11-15 00:44:16,012 - INFO - Epoch: 40, Training Loss: 0.0849, Validation Loss: 0.0823
2025-11-15 00:44:29,110 - INFO - Epoch: 41, Training Loss: 0.0861, Validation Loss: 0.0832
2025-11-15 00:44:41,514 - INFO - Epoch: 42, Training Loss: 0.0851, Validation Loss: 0.0864
2025-11-15 00:44:52,532 - INFO - Epoch: 43, Training Loss: 0.0843, Validation Loss: 0.0947
2025-11-15 00:45:05,350 - INFO - Epoch: 44, Training Loss: 0.0844, Validation Loss: 0.0807
2025-11-15 00:45:19,408 - INFO - Epoch: 45, Training Loss: 0.0855, Validation Loss: 0.0839
2025-11-15 00:45:27,952 - INFO - Epoch: 46, Training Loss: 0.0841, Validation Loss: 0.0910
2025-11-15 00:45:39,552 - INFO - Epoch: 47, Training Loss: 0.0848, Validation Loss: 0.0827
2025-11-15 00:45:54,511 - INFO - Epoch: 48, Training Loss: 0.0841, Validation Loss: 0.0821
2025-11-15 00:46:11,038 - INFO - Epoch: 49, Training Loss: 0.0848, Validation Loss: 0.0899
2025-11-15 00:46:23,102 - INFO - Epoch: 50, Training Loss: 0.0836, Validation Loss: 0.0797
2025-11-15 00:46:23,102 - INFO -   → New best validation loss: 0.0797
2025-11-15 00:46:37,019 - INFO - Epoch: 51, Training Loss: 0.0845, Validation Loss: 0.0797
2025-11-15 00:46:50,665 - INFO - Epoch: 52, Training Loss: 0.0836, Validation Loss: 0.0866
2025-11-15 00:47:02,651 - INFO - Epoch: 53, Training Loss: 0.0849, Validation Loss: 0.0861
2025-11-15 00:47:15,668 - INFO - Epoch: 54, Training Loss: 0.0836, Validation Loss: 0.0810
2025-11-15 00:47:30,229 - INFO - Epoch: 55, Training Loss: 0.0833, Validation Loss: 0.0824
2025-11-15 00:47:42,165 - INFO - Epoch: 56, Training Loss: 0.0841, Validation Loss: 0.0802
2025-11-15 00:47:56,704 - INFO - Epoch: 57, Training Loss: 0.0836, Validation Loss: 0.0825
2025-11-15 00:48:10,842 - INFO - Epoch: 58, Training Loss: 0.0841, Validation Loss: 0.0852
2025-11-15 00:48:24,019 - INFO - Epoch: 59, Training Loss: 0.0835, Validation Loss: 0.0815
2025-11-15 00:48:36,727 - INFO - Epoch: 60, Training Loss: 0.0829, Validation Loss: 0.0809
2025-11-15 00:48:48,144 - INFO - Epoch: 61, Training Loss: 0.0818, Validation Loss: 0.0871
2025-11-15 00:49:02,043 - INFO - Epoch: 62, Training Loss: 0.0821, Validation Loss: 0.0811
2025-11-15 00:49:14,181 - INFO - Epoch: 63, Training Loss: 0.0822, Validation Loss: 0.0856
2025-11-15 00:49:26,233 - INFO - Epoch: 64, Training Loss: 0.0835, Validation Loss: 0.1041
2025-11-15 00:49:41,462 - INFO - Epoch: 65, Training Loss: 0.0831, Validation Loss: 0.0825
2025-11-15 00:49:54,214 - INFO - Epoch: 66, Training Loss: 0.0825, Validation Loss: 0.0836
2025-11-15 00:50:08,353 - INFO - Epoch: 67, Training Loss: 0.0832, Validation Loss: 0.0796
2025-11-15 00:50:08,354 - INFO -   → New best validation loss: 0.0796
2025-11-15 00:50:21,344 - INFO - Epoch: 68, Training Loss: 0.0821, Validation Loss: 0.0782
2025-11-15 00:50:21,344 - INFO -   → New best validation loss: 0.0782
2025-11-15 00:50:34,918 - INFO - Epoch: 69, Training Loss: 0.0821, Validation Loss: 0.0815
2025-11-15 00:50:46,759 - INFO - Epoch: 70, Training Loss: 0.0816, Validation Loss: 0.0807
2025-11-15 00:51:01,615 - INFO - Epoch: 71, Training Loss: 0.0824, Validation Loss: 0.0837
2025-11-15 00:51:18,147 - INFO - Epoch: 72, Training Loss: 0.0817, Validation Loss: 0.0808
2025-11-15 00:51:30,300 - INFO - Epoch: 73, Training Loss: 0.0807, Validation Loss: 0.0809
2025-11-15 00:51:38,261 - INFO - Epoch: 74, Training Loss: 0.0819, Validation Loss: 0.0773
2025-11-15 00:51:38,261 - INFO -   → New best validation loss: 0.0773
2025-11-15 00:51:46,748 - INFO - Epoch: 75, Training Loss: 0.0801, Validation Loss: 0.0830
2025-11-15 00:52:01,827 - INFO - Epoch: 76, Training Loss: 0.0805, Validation Loss: 0.0841
2025-11-15 00:52:11,219 - INFO - Epoch: 77, Training Loss: 0.0803, Validation Loss: 0.0799
2025-11-15 00:52:22,171 - INFO - Epoch: 78, Training Loss: 0.0791, Validation Loss: 0.0762
2025-11-15 00:52:22,171 - INFO -   → New best validation loss: 0.0762
2025-11-15 00:52:34,447 - INFO - Epoch: 79, Training Loss: 0.0786, Validation Loss: 0.0761
2025-11-15 00:52:34,451 - INFO -   → New best validation loss: 0.0761
2025-11-15 00:52:50,151 - INFO - Epoch: 80, Training Loss: 0.0796, Validation Loss: 0.0786
2025-11-15 00:53:02,031 - INFO - Epoch: 81, Training Loss: 0.0784, Validation Loss: 0.0787
2025-11-15 00:53:12,338 - INFO - Epoch: 82, Training Loss: 0.0779, Validation Loss: 0.0798
2025-11-15 00:53:26,354 - INFO - Epoch: 83, Training Loss: 0.0794, Validation Loss: 0.0708
2025-11-15 00:53:26,358 - INFO -   → New best validation loss: 0.0708
2025-11-15 00:53:42,627 - INFO - Epoch: 84, Training Loss: 0.0779, Validation Loss: 0.0789
2025-11-15 00:53:57,908 - INFO - Epoch: 85, Training Loss: 0.0775, Validation Loss: 0.0854
2025-11-15 00:54:11,461 - INFO - Epoch: 86, Training Loss: 0.0754, Validation Loss: 0.0793
2025-11-15 00:54:22,364 - INFO - Epoch: 87, Training Loss: 0.0768, Validation Loss: 0.0748
2025-11-15 00:54:34,317 - INFO - Epoch: 88, Training Loss: 0.0727, Validation Loss: 0.0639
2025-11-15 00:54:34,318 - INFO -   → New best validation loss: 0.0639
2025-11-15 00:54:47,286 - INFO - Epoch: 89, Training Loss: 0.0739, Validation Loss: 0.0818
2025-11-15 00:54:59,849 - INFO - Epoch: 90, Training Loss: 0.0741, Validation Loss: 0.0691
2025-11-15 00:55:12,374 - INFO - Epoch: 91, Training Loss: 0.0744, Validation Loss: 0.0707
2025-11-15 00:55:27,862 - INFO - Epoch: 92, Training Loss: 0.0698, Validation Loss: 0.0679
2025-11-15 00:55:41,662 - INFO - Epoch: 93, Training Loss: 0.0723, Validation Loss: 0.0824
2025-11-15 00:55:56,170 - INFO - Epoch: 94, Training Loss: 0.0696, Validation Loss: 0.0720
2025-11-15 00:56:11,443 - INFO - Epoch: 95, Training Loss: 0.0681, Validation Loss: 0.0601
2025-11-15 00:56:11,444 - INFO -   → New best validation loss: 0.0601
2025-11-15 00:56:22,736 - INFO - Epoch: 96, Training Loss: 0.0684, Validation Loss: 0.0652
2025-11-15 00:56:36,849 - INFO - Epoch: 97, Training Loss: 0.0655, Validation Loss: 0.0726
2025-11-15 00:56:47,519 - INFO - Epoch: 98, Training Loss: 0.0644, Validation Loss: 0.0583
2025-11-15 00:56:47,523 - INFO -   → New best validation loss: 0.0583
2025-11-15 00:57:01,144 - INFO - Epoch: 99, Training Loss: 0.0628, Validation Loss: 0.0599
2025-11-15 00:57:19,162 - INFO - Epoch: 100, Training Loss: 0.0612, Validation Loss: 0.0561
2025-11-15 00:57:19,162 - INFO -   → New best validation loss: 0.0561
2025-11-15 00:57:34,313 - INFO - Epoch: 101, Training Loss: 0.0588, Validation Loss: 0.0545
2025-11-15 00:57:34,316 - INFO -   → New best validation loss: 0.0545
2025-11-15 00:57:48,768 - INFO - Epoch: 102, Training Loss: 0.0563, Validation Loss: 0.0529
2025-11-15 00:57:48,769 - INFO -   → New best validation loss: 0.0529
2025-11-15 00:58:00,456 - INFO - Epoch: 103, Training Loss: 0.0608, Validation Loss: 0.0514
2025-11-15 00:58:00,456 - INFO -   → New best validation loss: 0.0514
2025-11-15 00:58:15,282 - INFO - Epoch: 104, Training Loss: 0.0549, Validation Loss: 0.0497
2025-11-15 00:58:15,283 - INFO -   → New best validation loss: 0.0497
2025-11-15 00:58:28,709 - INFO - Epoch: 105, Training Loss: 0.0542, Validation Loss: 0.0431
2025-11-15 00:58:28,710 - INFO -   → New best validation loss: 0.0431
2025-11-15 00:58:42,172 - INFO - Epoch: 106, Training Loss: 0.0499, Validation Loss: 0.0416
2025-11-15 00:58:42,174 - INFO -   → New best validation loss: 0.0416
2025-11-15 00:58:54,361 - INFO - Epoch: 107, Training Loss: 0.0517, Validation Loss: 0.0441
2025-11-15 00:59:08,656 - INFO - Epoch: 108, Training Loss: 0.0456, Validation Loss: 0.0509
2025-11-15 00:59:20,500 - INFO - Epoch: 109, Training Loss: 0.0461, Validation Loss: 0.0655
2025-11-15 00:59:34,326 - INFO - Epoch: 110, Training Loss: 0.0448, Validation Loss: 0.0305
2025-11-15 00:59:34,327 - INFO -   → New best validation loss: 0.0305
2025-11-15 00:59:45,741 - INFO - Epoch: 111, Training Loss: 0.0439, Validation Loss: 0.0326
2025-11-15 01:00:01,412 - INFO - Epoch: 112, Training Loss: 0.0404, Validation Loss: 0.0350
2025-11-15 01:00:14,687 - INFO - Epoch: 113, Training Loss: 0.0407, Validation Loss: 0.0606
2025-11-15 01:00:27,721 - INFO - Epoch: 114, Training Loss: 0.0392, Validation Loss: 0.0309
2025-11-15 01:00:39,859 - INFO - Epoch: 115, Training Loss: 0.0361, Validation Loss: 0.0309
2025-11-15 01:00:51,956 - INFO - Epoch: 116, Training Loss: 0.0360, Validation Loss: 0.0179
2025-11-15 01:00:51,958 - INFO -   → New best validation loss: 0.0179
2025-11-15 01:01:07,321 - INFO - Epoch: 117, Training Loss: 0.0385, Validation Loss: 0.0348
2025-11-15 01:01:22,151 - INFO - Epoch: 118, Training Loss: 0.0356, Validation Loss: 0.0216
2025-11-15 01:01:34,366 - INFO - Epoch: 119, Training Loss: 0.0332, Validation Loss: 0.0360
2025-11-15 01:01:48,545 - INFO - Epoch: 120, Training Loss: 0.0314, Validation Loss: 0.0357
2025-11-15 01:01:59,148 - INFO - Epoch: 121, Training Loss: 0.0306, Validation Loss: 0.0257
2025-11-15 01:02:12,791 - INFO - Epoch: 122, Training Loss: 0.0324, Validation Loss: 0.0260
2025-11-15 01:02:25,109 - INFO - Epoch: 123, Training Loss: 0.0276, Validation Loss: 0.0178
2025-11-15 01:02:25,110 - INFO -   → New best validation loss: 0.0178
2025-11-15 01:02:39,105 - INFO - Epoch: 124, Training Loss: 0.0277, Validation Loss: 0.0211
2025-11-15 01:02:50,546 - INFO - Epoch: 125, Training Loss: 0.0267, Validation Loss: 0.0350
2025-11-15 01:03:02,555 - INFO - Epoch: 126, Training Loss: 0.0259, Validation Loss: 0.0252
2025-11-15 01:03:17,198 - INFO - Epoch: 127, Training Loss: 0.0274, Validation Loss: 0.0239
2025-11-15 01:03:30,355 - INFO - Epoch: 128, Training Loss: 0.0264, Validation Loss: 0.0650
2025-11-15 01:03:45,670 - INFO - Epoch: 129, Training Loss: 0.0256, Validation Loss: 0.0199
2025-11-15 01:03:57,609 - INFO - Epoch: 130, Training Loss: 0.0258, Validation Loss: 0.0280
2025-11-15 01:04:11,540 - INFO - Epoch: 131, Training Loss: 0.0240, Validation Loss: 0.0314
2025-11-15 01:04:24,842 - INFO - Epoch: 132, Training Loss: 0.0274, Validation Loss: 0.0321
2025-11-15 01:04:36,957 - INFO - Epoch: 133, Training Loss: 0.0239, Validation Loss: 0.0261
2025-11-15 01:04:50,319 - INFO - Epoch: 134, Training Loss: 0.0246, Validation Loss: 0.0221
2025-11-15 01:05:01,588 - INFO - Epoch: 135, Training Loss: 0.0220, Validation Loss: 0.0220
2025-11-15 01:05:15,973 - INFO - Epoch: 136, Training Loss: 0.0258, Validation Loss: 0.0172
2025-11-15 01:05:15,975 - INFO -   → New best validation loss: 0.0172
2025-11-15 01:05:29,229 - INFO - Epoch: 137, Training Loss: 0.0241, Validation Loss: 0.0443
2025-11-15 01:05:41,651 - INFO - Epoch: 138, Training Loss: 0.0212, Validation Loss: 0.0143
2025-11-15 01:05:41,652 - INFO -   → New best validation loss: 0.0143
2025-11-15 01:05:53,249 - INFO - Epoch: 139, Training Loss: 0.0223, Validation Loss: 0.0473
2025-11-15 01:06:05,633 - INFO - Epoch: 140, Training Loss: 0.0203, Validation Loss: 0.0154
2025-11-15 01:06:18,750 - INFO - Epoch: 141, Training Loss: 0.0227, Validation Loss: 0.0286
2025-11-15 01:06:33,917 - INFO - Epoch: 142, Training Loss: 0.0221, Validation Loss: 0.0140
2025-11-15 01:06:33,921 - INFO -   → New best validation loss: 0.0140
2025-11-15 01:06:48,783 - INFO - Epoch: 143, Training Loss: 0.0221, Validation Loss: 0.0156
2025-11-15 01:07:02,107 - INFO - Epoch: 144, Training Loss: 0.0198, Validation Loss: 0.0157
2025-11-15 01:07:15,464 - INFO - Epoch: 145, Training Loss: 0.0210, Validation Loss: 0.0301
2025-11-15 01:07:30,009 - INFO - Epoch: 146, Training Loss: 0.0213, Validation Loss: 0.0176
2025-11-15 01:07:42,225 - INFO - Epoch: 147, Training Loss: 0.0217, Validation Loss: 0.0154
2025-11-15 01:07:55,630 - INFO - Epoch: 148, Training Loss: 0.0208, Validation Loss: 0.0156
2025-11-15 01:08:09,924 - INFO - Epoch: 149, Training Loss: 0.0224, Validation Loss: 0.0147
2025-11-15 01:08:22,393 - INFO - Epoch: 150, Training Loss: 0.0199, Validation Loss: 0.0185
2025-11-15 01:08:35,418 - INFO - Epoch: 151, Training Loss: 0.0189, Validation Loss: 0.0157
2025-11-15 01:08:47,143 - INFO - Epoch: 152, Training Loss: 0.0195, Validation Loss: 0.0195
2025-11-15 01:08:59,331 - INFO - Epoch: 153, Training Loss: 0.0198, Validation Loss: 0.0167
2025-11-15 01:09:13,386 - INFO - Epoch: 154, Training Loss: 0.0180, Validation Loss: 0.0194
2025-11-15 01:09:26,893 - INFO - Epoch: 155, Training Loss: 0.0191, Validation Loss: 0.0171
2025-11-15 01:09:43,139 - INFO - Epoch: 156, Training Loss: 0.0204, Validation Loss: 0.0252
2025-11-15 01:09:55,968 - INFO - Epoch: 157, Training Loss: 0.0199, Validation Loss: 0.0245
2025-11-15 01:10:08,057 - INFO - Epoch: 158, Training Loss: 0.0189, Validation Loss: 0.0268
2025-11-15 01:10:21,648 - INFO - Epoch: 159, Training Loss: 0.0180, Validation Loss: 0.0203
2025-11-15 01:10:35,492 - INFO - Epoch: 160, Training Loss: 0.0196, Validation Loss: 0.0136
2025-11-15 01:10:35,493 - INFO -   → New best validation loss: 0.0136
2025-11-15 01:10:48,617 - INFO - Epoch: 161, Training Loss: 0.0191, Validation Loss: 0.0138
2025-11-15 01:11:02,672 - INFO - Epoch: 162, Training Loss: 0.0201, Validation Loss: 0.0144
2025-11-15 01:11:14,373 - INFO - Epoch: 163, Training Loss: 0.0196, Validation Loss: 0.0165
2025-11-15 01:11:24,504 - INFO - Epoch: 164, Training Loss: 0.0184, Validation Loss: 0.0316
2025-11-15 01:11:38,045 - INFO - Epoch: 165, Training Loss: 0.0190, Validation Loss: 0.0145
2025-11-15 01:11:51,549 - INFO - Epoch: 166, Training Loss: 0.0166, Validation Loss: 0.0206
2025-11-15 01:12:05,833 - INFO - Epoch: 167, Training Loss: 0.0204, Validation Loss: 0.0169
2025-11-15 01:12:18,425 - INFO - Epoch: 168, Training Loss: 0.0192, Validation Loss: 0.0328
2025-11-15 01:12:32,557 - INFO - Epoch: 169, Training Loss: 0.0189, Validation Loss: 0.0153
2025-11-15 01:12:45,673 - INFO - Epoch: 170, Training Loss: 0.0183, Validation Loss: 0.0163
2025-11-15 01:12:57,063 - INFO - Epoch: 171, Training Loss: 0.0186, Validation Loss: 0.0143
2025-11-15 01:13:10,301 - INFO - Epoch: 172, Training Loss: 0.0193, Validation Loss: 0.0176
2025-11-15 01:13:22,753 - INFO - Epoch: 173, Training Loss: 0.0194, Validation Loss: 0.0138
2025-11-15 01:13:36,875 - INFO - Epoch: 174, Training Loss: 0.0195, Validation Loss: 0.0144
2025-11-15 01:13:50,045 - INFO - Epoch: 175, Training Loss: 0.0183, Validation Loss: 0.0166
2025-11-15 01:14:03,651 - INFO - Epoch: 176, Training Loss: 0.0175, Validation Loss: 0.0131
2025-11-15 01:14:03,652 - INFO -   → New best validation loss: 0.0131
2025-11-15 01:14:16,676 - INFO - Epoch: 177, Training Loss: 0.0175, Validation Loss: 0.0160
2025-11-15 01:14:28,928 - INFO - Epoch: 178, Training Loss: 0.0181, Validation Loss: 0.0184
2025-11-15 01:14:42,896 - INFO - Epoch: 179, Training Loss: 0.0179, Validation Loss: 0.0148
2025-11-15 01:14:53,954 - INFO - Epoch: 180, Training Loss: 0.0184, Validation Loss: 0.0174
2025-11-15 01:15:07,609 - INFO - Epoch: 181, Training Loss: 0.0178, Validation Loss: 0.0143
2025-11-15 01:15:19,818 - INFO - Epoch: 182, Training Loss: 0.0182, Validation Loss: 0.0143
2025-11-15 01:15:32,907 - INFO - Epoch: 183, Training Loss: 0.0178, Validation Loss: 0.0136
2025-11-15 01:15:45,455 - INFO - Epoch: 184, Training Loss: 0.0175, Validation Loss: 0.0246
2025-11-15 01:16:02,437 - INFO - Epoch: 185, Training Loss: 0.0194, Validation Loss: 0.0151
2025-11-15 01:16:16,064 - INFO - Epoch: 186, Training Loss: 0.0186, Validation Loss: 0.0210
2025-11-15 01:16:27,836 - INFO - Epoch: 187, Training Loss: 0.0174, Validation Loss: 0.0142
2025-11-15 01:16:44,062 - INFO - Epoch: 188, Training Loss: 0.0170, Validation Loss: 0.0133
2025-11-15 01:16:58,607 - INFO - Epoch: 189, Training Loss: 0.0166, Validation Loss: 0.0152
2025-11-15 01:17:11,721 - INFO - Epoch: 190, Training Loss: 0.0175, Validation Loss: 0.0144
2025-11-15 01:17:27,361 - INFO - Epoch: 191, Training Loss: 0.0182, Validation Loss: 0.0148
2025-11-15 01:17:40,435 - INFO - Epoch: 192, Training Loss: 0.0178, Validation Loss: 0.0148
2025-11-15 01:17:51,733 - INFO - Epoch: 193, Training Loss: 0.0175, Validation Loss: 0.0138
2025-11-15 01:18:07,352 - INFO - Epoch: 194, Training Loss: 0.0178, Validation Loss: 0.0143
2025-11-15 01:18:20,168 - INFO - Epoch: 195, Training Loss: 0.0169, Validation Loss: 0.0255
2025-11-15 01:18:34,664 - INFO - Epoch: 196, Training Loss: 0.0178, Validation Loss: 0.0178
2025-11-15 01:18:34,665 - INFO - Early stopping triggered at epoch 196
2025-11-15 01:18:34,665 - INFO - Best validation loss: 0.0131
2025-11-15 01:18:34,670 - INFO - Restored best model weights
2025-11-15 01:18:34,670 - INFO - 
============================================================
2025-11-15 01:18:34,670 - INFO - EVALUATION RESULTS
2025-11-15 01:18:34,670 - INFO - ============================================================
2025-11-15 01:18:34,721 - INFO - Validation Set - MSE: 0.014445, MAE: 0.097814, RMSE: 0.120189, Pearson Correlation: 0.908551 (p=0.000000)
2025-11-15 01:18:34,915 - INFO - Test Set - MSE: 0.017811, MAE: 0.119569, RMSE: 0.133457, Pearson Correlation: 0.903606 (p=0.000000)
2025-11-15 01:18:34,915 - INFO - ============================================================

2025-11-15 01:18:34,916 - INFO - CV Fold 0 completed successfully
2025-11-15 01:18:34,916 - INFO - 
--------------------------------------------------------------------------------
2025-11-15 01:18:34,916 - INFO - CV Fold 1
2025-11-15 01:18:34,916 - INFO - --------------------------------------------------------------------------------
2025-11-15 01:18:34,924 - INFO - Loading dataset...
2025-11-15 01:18:35,095 - INFO - Dataset shapes - Train: (567, 17, 25, 1), Valid: (141, 17, 25, 1), Test: (177, 17, 25, 1)
2025-11-15 01:18:35,097 - INFO - Initializing VIGNet model...
2025-11-15 01:18:35,100 - INFO - Number of batch iterations per epoch: 113
2025-11-15 01:18:51,424 - INFO - Epoch: 1, Training Loss: 0.4659, Validation Loss: 0.2792
2025-11-15 01:18:51,424 - INFO -   → New best validation loss: 0.2792
2025-11-15 01:19:04,484 - INFO - Epoch: 2, Training Loss: 0.2830, Validation Loss: 0.1106
2025-11-15 01:19:04,486 - INFO -   → New best validation loss: 0.1106
2025-11-15 01:19:17,764 - INFO - Epoch: 3, Training Loss: 0.1181, Validation Loss: 0.1084
2025-11-15 01:19:17,765 - INFO -   → New best validation loss: 0.1084
2025-11-15 01:19:31,228 - INFO - Epoch: 4, Training Loss: 0.1039, Validation Loss: 0.0861
2025-11-15 01:19:31,229 - INFO -   → New best validation loss: 0.0861
2025-11-15 01:19:43,406 - INFO - Epoch: 5, Training Loss: 0.1006, Validation Loss: 0.0853
2025-11-15 01:19:43,406 - INFO -   → New best validation loss: 0.0853
2025-11-15 01:19:57,614 - INFO - Epoch: 6, Training Loss: 0.0966, Validation Loss: 0.0993
2025-11-15 01:20:08,772 - INFO - Epoch: 7, Training Loss: 0.0941, Validation Loss: 0.0854
2025-11-15 01:20:19,497 - INFO - Epoch: 8, Training Loss: 0.0901, Validation Loss: 0.0874
2025-11-15 01:20:33,886 - INFO - Epoch: 9, Training Loss: 0.0893, Validation Loss: 0.0857
2025-11-15 01:20:43,772 - INFO - Epoch: 10, Training Loss: 0.0874, Validation Loss: 0.1219
2025-11-15 01:20:56,940 - INFO - Epoch: 11, Training Loss: 0.0863, Validation Loss: 0.0905
2025-11-15 01:21:06,482 - INFO - Epoch: 12, Training Loss: 0.0877, Validation Loss: 0.0861
2025-11-15 01:21:20,537 - INFO - Epoch: 13, Training Loss: 0.0864, Validation Loss: 0.1025
2025-11-15 01:21:33,739 - INFO - Epoch: 14, Training Loss: 0.0880, Validation Loss: 0.0851
2025-11-15 01:21:33,740 - INFO -   → New best validation loss: 0.0851
2025-11-15 01:21:48,469 - INFO - Epoch: 15, Training Loss: 0.0866, Validation Loss: 0.0854
2025-11-15 01:22:01,241 - INFO - Epoch: 16, Training Loss: 0.0859, Validation Loss: 0.0842
2025-11-15 01:22:01,242 - INFO -   → New best validation loss: 0.0842
2025-11-15 01:22:12,319 - INFO - Epoch: 17, Training Loss: 0.0837, Validation Loss: 0.0872
2025-11-15 01:22:27,732 - INFO - Epoch: 18, Training Loss: 0.0855, Validation Loss: 0.1117
2025-11-15 01:22:40,820 - INFO - Epoch: 19, Training Loss: 0.0836, Validation Loss: 0.0868
2025-11-15 01:22:53,873 - INFO - Epoch: 20, Training Loss: 0.0844, Validation Loss: 0.0942
2025-11-15 01:23:08,481 - INFO - Epoch: 21, Training Loss: 0.0836, Validation Loss: 0.0896
2025-11-15 01:23:21,054 - INFO - Epoch: 22, Training Loss: 0.0844, Validation Loss: 0.0860
2025-11-15 01:23:33,767 - INFO - Epoch: 23, Training Loss: 0.0830, Validation Loss: 0.0879
2025-11-15 01:23:45,883 - INFO - Epoch: 24, Training Loss: 0.0847, Validation Loss: 0.0930
2025-11-15 01:24:00,599 - INFO - Epoch: 25, Training Loss: 0.0838, Validation Loss: 0.0861
2025-11-15 01:24:14,888 - INFO - Epoch: 26, Training Loss: 0.0835, Validation Loss: 0.0963
2025-11-15 01:24:29,939 - INFO - Epoch: 27, Training Loss: 0.0839, Validation Loss: 0.0856
2025-11-15 01:24:44,441 - INFO - Epoch: 28, Training Loss: 0.0833, Validation Loss: 0.0845
2025-11-15 01:24:58,541 - INFO - Epoch: 29, Training Loss: 0.0830, Validation Loss: 0.0886
2025-11-15 01:25:12,494 - INFO - Epoch: 30, Training Loss: 0.0833, Validation Loss: 0.0901
2025-11-15 01:25:24,278 - INFO - Epoch: 31, Training Loss: 0.0833, Validation Loss: 0.0909
2025-11-15 01:25:37,008 - INFO - Epoch: 32, Training Loss: 0.0824, Validation Loss: 0.0888
2025-11-15 01:25:50,558 - INFO - Epoch: 33, Training Loss: 0.0826, Validation Loss: 0.0860
2025-11-15 01:26:04,633 - INFO - Epoch: 34, Training Loss: 0.0832, Validation Loss: 0.0881
2025-11-15 01:26:17,940 - INFO - Epoch: 35, Training Loss: 0.0829, Validation Loss: 0.0906
2025-11-15 01:26:29,059 - INFO - Epoch: 36, Training Loss: 0.0832, Validation Loss: 0.0890
2025-11-15 01:26:29,060 - INFO - Early stopping triggered at epoch 36
2025-11-15 01:26:29,060 - INFO - Best validation loss: 0.0842
2025-11-15 01:26:29,076 - INFO - Restored best model weights
2025-11-15 01:26:29,076 - INFO - 
============================================================
2025-11-15 01:26:29,076 - INFO - EVALUATION RESULTS
2025-11-15 01:26:29,076 - INFO - ============================================================
2025-11-15 01:26:29,271 - INFO - Validation Set - MSE: 0.100989, MAE: 0.305798, RMSE: 0.317788, Pearson Correlation: -0.705186 (p=0.000000)
2025-11-15 01:26:29,465 - INFO - Test Set - MSE: 0.082543, MAE: 0.274718, RMSE: 0.287304, Pearson Correlation: -0.715579 (p=0.000000)
2025-11-15 01:26:29,465 - INFO - ============================================================

2025-11-15 01:26:29,466 - INFO - CV Fold 1 completed successfully
2025-11-15 01:26:29,466 - INFO - 
--------------------------------------------------------------------------------
2025-11-15 01:26:29,466 - INFO - CV Fold 2
2025-11-15 01:26:29,466 - INFO - --------------------------------------------------------------------------------
2025-11-15 01:26:29,474 - INFO - Loading dataset...
2025-11-15 01:26:29,608 - INFO - Dataset shapes - Train: (567, 17, 25, 1), Valid: (141, 17, 25, 1), Test: (177, 17, 25, 1)
2025-11-15 01:26:29,609 - INFO - Initializing VIGNet model...
2025-11-15 01:26:29,612 - INFO - Number of batch iterations per epoch: 113
2025-11-15 01:26:45,001 - INFO - Epoch: 1, Training Loss: 0.4818, Validation Loss: 0.4426
2025-11-15 01:26:45,002 - INFO -   → New best validation loss: 0.4426
2025-11-15 01:26:55,365 - INFO - Epoch: 2, Training Loss: 0.3525, Validation Loss: 0.2528
2025-11-15 01:26:55,366 - INFO -   → New best validation loss: 0.2528
2025-11-15 01:27:09,034 - INFO - Epoch: 3, Training Loss: 0.1362, Validation Loss: 0.0915
2025-11-15 01:27:09,035 - INFO -   → New best validation loss: 0.0915
2025-11-15 01:27:23,142 - INFO - Epoch: 4, Training Loss: 0.0921, Validation Loss: 0.0909
2025-11-15 01:27:23,143 - INFO -   → New best validation loss: 0.0909
2025-11-15 01:27:34,297 - INFO - Epoch: 5, Training Loss: 0.0923, Validation Loss: 0.1229
2025-11-15 01:27:48,898 - INFO - Epoch: 6, Training Loss: 0.0892, Validation Loss: 0.1051
2025-11-15 01:28:02,876 - INFO - Epoch: 7, Training Loss: 0.0870, Validation Loss: 0.0854
2025-11-15 01:28:02,881 - INFO -   → New best validation loss: 0.0854
2025-11-15 01:28:17,816 - INFO - Epoch: 8, Training Loss: 0.0858, Validation Loss: 0.0843
2025-11-15 01:28:17,820 - INFO -   → New best validation loss: 0.0843
2025-11-15 01:28:31,113 - INFO - Epoch: 9, Training Loss: 0.0895, Validation Loss: 0.0868
2025-11-15 01:28:45,290 - INFO - Epoch: 10, Training Loss: 0.0878, Validation Loss: 0.0904
2025-11-15 01:29:00,939 - INFO - Epoch: 11, Training Loss: 0.0892, Validation Loss: 0.0876
2025-11-15 01:29:13,593 - INFO - Epoch: 12, Training Loss: 0.0856, Validation Loss: 0.0842
2025-11-15 01:29:13,595 - INFO -   → New best validation loss: 0.0842
2025-11-15 01:29:25,351 - INFO - Epoch: 13, Training Loss: 0.0847, Validation Loss: 0.0840
2025-11-15 01:29:25,352 - INFO -   → New best validation loss: 0.0840
2025-11-15 01:29:36,204 - INFO - Epoch: 14, Training Loss: 0.0871, Validation Loss: 0.0847
2025-11-15 01:29:49,201 - INFO - Epoch: 15, Training Loss: 0.0869, Validation Loss: 0.0847
2025-11-15 01:30:01,023 - INFO - Epoch: 16, Training Loss: 0.0862, Validation Loss: 0.0839
2025-11-15 01:30:01,023 - INFO -   → New best validation loss: 0.0839
2025-11-15 01:30:11,364 - INFO - Epoch: 17, Training Loss: 0.0838, Validation Loss: 0.0853
2025-11-15 01:30:21,802 - INFO - Epoch: 18, Training Loss: 0.0834, Validation Loss: 0.0839
2025-11-15 01:30:21,804 - INFO -   → New best validation loss: 0.0839
2025-11-15 01:30:33,889 - INFO - Epoch: 19, Training Loss: 0.0845, Validation Loss: 0.0856
2025-11-15 01:30:45,583 - INFO - Epoch: 20, Training Loss: 0.0863, Validation Loss: 0.0842
2025-11-15 01:30:52,714 - INFO - Epoch: 21, Training Loss: 0.0843, Validation Loss: 0.0842
2025-11-15 01:31:03,354 - INFO - Epoch: 22, Training Loss: 0.0832, Validation Loss: 0.0831
2025-11-15 01:31:03,355 - INFO -   → New best validation loss: 0.0831
2025-11-15 01:31:18,045 - INFO - Epoch: 23, Training Loss: 0.0828, Validation Loss: 0.0839
2025-11-15 01:31:31,575 - INFO - Epoch: 24, Training Loss: 0.0819, Validation Loss: 0.0843
2025-11-15 01:31:45,036 - INFO - Epoch: 25, Training Loss: 0.0827, Validation Loss: 0.0835
2025-11-15 01:31:58,666 - INFO - Epoch: 26, Training Loss: 0.0839, Validation Loss: 0.0834
2025-11-15 01:32:13,817 - INFO - Epoch: 27, Training Loss: 0.0838, Validation Loss: 0.0850
2025-11-15 01:32:25,898 - INFO - Epoch: 28, Training Loss: 0.0828, Validation Loss: 0.0844
2025-11-15 01:32:39,764 - INFO - Epoch: 29, Training Loss: 0.0817, Validation Loss: 0.0836
2025-11-15 01:32:53,448 - INFO - Epoch: 30, Training Loss: 0.0839, Validation Loss: 0.0830
2025-11-15 01:32:53,449 - INFO -   → New best validation loss: 0.0830
2025-11-15 01:33:05,490 - INFO - Epoch: 31, Training Loss: 0.0824, Validation Loss: 0.0852
2025-11-15 01:33:19,593 - INFO - Epoch: 32, Training Loss: 0.0827, Validation Loss: 0.0832
2025-11-15 01:33:33,302 - INFO - Epoch: 33, Training Loss: 0.0828, Validation Loss: 0.0841
2025-11-15 01:33:48,530 - INFO - Epoch: 34, Training Loss: 0.0824, Validation Loss: 0.0830
2025-11-15 01:33:48,531 - INFO -   → New best validation loss: 0.0830
2025-11-15 01:34:00,870 - INFO - Epoch: 35, Training Loss: 0.0825, Validation Loss: 0.0831
2025-11-15 01:34:14,146 - INFO - Epoch: 36, Training Loss: 0.0825, Validation Loss: 0.0829
2025-11-15 01:34:14,150 - INFO -   → New best validation loss: 0.0829
2025-11-15 01:34:27,356 - INFO - Epoch: 37, Training Loss: 0.0814, Validation Loss: 0.0826
2025-11-15 01:34:27,357 - INFO -   → New best validation loss: 0.0826
2025-11-15 01:34:42,469 - INFO - Epoch: 38, Training Loss: 0.0815, Validation Loss: 0.0826
2025-11-15 01:34:42,470 - INFO -   → New best validation loss: 0.0826
2025-11-15 01:34:55,333 - INFO - Epoch: 39, Training Loss: 0.0820, Validation Loss: 0.0821
2025-11-15 01:34:55,333 - INFO -   → New best validation loss: 0.0821
2025-11-15 01:35:10,729 - INFO - Epoch: 40, Training Loss: 0.0819, Validation Loss: 0.0828
2025-11-15 01:35:22,171 - INFO - Epoch: 41, Training Loss: 0.0825, Validation Loss: 0.0833
2025-11-15 01:35:35,407 - INFO - Epoch: 42, Training Loss: 0.0819, Validation Loss: 0.0824
2025-11-15 01:35:49,957 - INFO - Epoch: 43, Training Loss: 0.0812, Validation Loss: 0.0809
2025-11-15 01:35:49,957 - INFO -   → New best validation loss: 0.0809
2025-11-15 01:36:02,640 - INFO - Epoch: 44, Training Loss: 0.0809, Validation Loss: 0.0822
2025-11-15 01:36:16,785 - INFO - Epoch: 45, Training Loss: 0.0818, Validation Loss: 0.0817
2025-11-15 01:36:28,830 - INFO - Epoch: 46, Training Loss: 0.0814, Validation Loss: 0.0822
2025-11-15 01:36:40,507 - INFO - Epoch: 47, Training Loss: 0.0807, Validation Loss: 0.0828
2025-11-15 01:36:51,376 - INFO - Epoch: 48, Training Loss: 0.0803, Validation Loss: 0.0837
2025-11-15 01:37:03,611 - INFO - Epoch: 49, Training Loss: 0.0817, Validation Loss: 0.0827
2025-11-15 01:37:20,522 - INFO - Epoch: 50, Training Loss: 0.0806, Validation Loss: 0.0817
2025-11-15 01:37:32,187 - INFO - Epoch: 51, Training Loss: 0.0818, Validation Loss: 0.0824
2025-11-15 01:37:44,078 - INFO - Epoch: 52, Training Loss: 0.0810, Validation Loss: 0.0822
2025-11-15 01:37:57,306 - INFO - Epoch: 53, Training Loss: 0.0809, Validation Loss: 0.0810
2025-11-15 01:38:14,192 - INFO - Epoch: 54, Training Loss: 0.0811, Validation Loss: 0.0822
2025-11-15 01:38:25,951 - INFO - Epoch: 55, Training Loss: 0.0804, Validation Loss: 0.0829
2025-11-15 01:38:40,700 - INFO - Epoch: 56, Training Loss: 0.0809, Validation Loss: 0.0813
2025-11-15 01:38:56,888 - INFO - Epoch: 57, Training Loss: 0.0802, Validation Loss: 0.0846
2025-11-15 01:39:09,881 - INFO - Epoch: 58, Training Loss: 0.0808, Validation Loss: 0.0808
2025-11-15 01:39:09,882 - INFO -   → New best validation loss: 0.0808
2025-11-15 01:39:24,171 - INFO - Epoch: 59, Training Loss: 0.0798, Validation Loss: 0.0819
2025-11-15 01:39:37,067 - INFO - Epoch: 60, Training Loss: 0.0805, Validation Loss: 0.0806
2025-11-15 01:39:37,070 - INFO -   → New best validation loss: 0.0806
2025-11-15 01:39:51,813 - INFO - Epoch: 61, Training Loss: 0.0810, Validation Loss: 0.0789
2025-11-15 01:39:51,814 - INFO -   → New best validation loss: 0.0789
2025-11-15 01:40:05,029 - INFO - Epoch: 62, Training Loss: 0.0807, Validation Loss: 0.0827
2025-11-15 01:40:19,555 - INFO - Epoch: 63, Training Loss: 0.0791, Validation Loss: 0.0817
2025-11-15 01:40:31,247 - INFO - Epoch: 64, Training Loss: 0.0802, Validation Loss: 0.0801
2025-11-15 01:40:44,953 - INFO - Epoch: 65, Training Loss: 0.0793, Validation Loss: 0.0805
2025-11-15 01:40:57,812 - INFO - Epoch: 66, Training Loss: 0.0796, Validation Loss: 0.0813
2025-11-15 01:41:13,409 - INFO - Epoch: 67, Training Loss: 0.0785, Validation Loss: 0.0791
2025-11-15 01:41:28,407 - INFO - Epoch: 68, Training Loss: 0.0788, Validation Loss: 0.0795
2025-11-15 01:41:42,293 - INFO - Epoch: 69, Training Loss: 0.0793, Validation Loss: 0.0806
2025-11-15 01:41:54,676 - INFO - Epoch: 70, Training Loss: 0.0796, Validation Loss: 0.0804
2025-11-15 01:42:09,191 - INFO - Epoch: 71, Training Loss: 0.0772, Validation Loss: 0.0786
2025-11-15 01:42:09,192 - INFO -   → New best validation loss: 0.0786
2025-11-15 01:42:22,568 - INFO - Epoch: 72, Training Loss: 0.0775, Validation Loss: 0.0749
2025-11-15 01:42:22,568 - INFO -   → New best validation loss: 0.0749
2025-11-15 01:42:36,171 - INFO - Epoch: 73, Training Loss: 0.0787, Validation Loss: 0.0768
2025-11-15 01:42:48,503 - INFO - Epoch: 74, Training Loss: 0.0774, Validation Loss: 0.0806
2025-11-15 01:43:01,418 - INFO - Epoch: 75, Training Loss: 0.0762, Validation Loss: 0.0781
2025-11-15 01:43:16,843 - INFO - Epoch: 76, Training Loss: 0.0774, Validation Loss: 0.0721
2025-11-15 01:43:16,844 - INFO -   → New best validation loss: 0.0721
2025-11-15 01:43:30,994 - INFO - Epoch: 77, Training Loss: 0.0775, Validation Loss: 0.0737
2025-11-15 01:43:41,440 - INFO - Epoch: 78, Training Loss: 0.0754, Validation Loss: 0.0787
2025-11-15 01:43:55,952 - INFO - Epoch: 79, Training Loss: 0.0761, Validation Loss: 0.0776
2025-11-15 01:44:07,958 - INFO - Epoch: 80, Training Loss: 0.0743, Validation Loss: 0.0819
2025-11-15 01:44:23,170 - INFO - Epoch: 81, Training Loss: 0.0738, Validation Loss: 0.0774
2025-11-15 01:44:34,006 - INFO - Epoch: 82, Training Loss: 0.0737, Validation Loss: 0.0755
2025-11-15 01:44:46,126 - INFO - Epoch: 83, Training Loss: 0.0730, Validation Loss: 0.0742
2025-11-15 01:44:58,772 - INFO - Epoch: 84, Training Loss: 0.0721, Validation Loss: 0.0741
2025-11-15 01:45:13,299 - INFO - Epoch: 85, Training Loss: 0.0724, Validation Loss: 0.0755
2025-11-15 01:45:24,325 - INFO - Epoch: 86, Training Loss: 0.0710, Validation Loss: 0.0733
2025-11-15 01:45:38,746 - INFO - Epoch: 87, Training Loss: 0.0690, Validation Loss: 0.0658
2025-11-15 01:45:38,747 - INFO -   → New best validation loss: 0.0658
2025-11-15 01:45:51,138 - INFO - Epoch: 88, Training Loss: 0.0714, Validation Loss: 0.0780
2025-11-15 01:46:03,507 - INFO - Epoch: 89, Training Loss: 0.0689, Validation Loss: 0.0686
2025-11-15 01:46:17,065 - INFO - Epoch: 90, Training Loss: 0.0672, Validation Loss: 0.0653
2025-11-15 01:46:17,066 - INFO -   → New best validation loss: 0.0653
2025-11-15 01:46:29,713 - INFO - Epoch: 91, Training Loss: 0.0667, Validation Loss: 0.0826
2025-11-15 01:46:41,496 - INFO - Epoch: 92, Training Loss: 0.0651, Validation Loss: 0.0705
2025-11-15 01:46:54,717 - INFO - Epoch: 93, Training Loss: 0.0637, Validation Loss: 0.0646
2025-11-15 01:46:54,721 - INFO -   → New best validation loss: 0.0646
2025-11-15 01:47:09,817 - INFO - Epoch: 94, Training Loss: 0.0635, Validation Loss: 0.0585
2025-11-15 01:47:09,818 - INFO -   → New best validation loss: 0.0585
2025-11-15 01:47:22,206 - INFO - Epoch: 95, Training Loss: 0.0609, Validation Loss: 0.0434
2025-11-15 01:47:22,207 - INFO -   → New best validation loss: 0.0434
2025-11-15 01:47:38,037 - INFO - Epoch: 96, Training Loss: 0.0619, Validation Loss: 0.0542
2025-11-15 01:47:52,242 - INFO - Epoch: 97, Training Loss: 0.0612, Validation Loss: 0.0621
2025-11-15 01:48:04,320 - INFO - Epoch: 98, Training Loss: 0.0561, Validation Loss: 0.0449
2025-11-15 01:48:17,093 - INFO - Epoch: 99, Training Loss: 0.0554, Validation Loss: 0.0617
2025-11-15 01:48:31,630 - INFO - Epoch: 100, Training Loss: 0.0554, Validation Loss: 0.0351
2025-11-15 01:48:31,631 - INFO -   → New best validation loss: 0.0351
2025-11-15 01:48:44,235 - INFO - Epoch: 101, Training Loss: 0.0563, Validation Loss: 0.0499
2025-11-15 01:49:00,015 - INFO - Epoch: 102, Training Loss: 0.0528, Validation Loss: 0.0597
2025-11-15 01:49:15,888 - INFO - Epoch: 103, Training Loss: 0.0500, Validation Loss: 0.0489
2025-11-15 01:49:28,770 - INFO - Epoch: 104, Training Loss: 0.0523, Validation Loss: 0.0580
2025-11-15 01:49:44,274 - INFO - Epoch: 105, Training Loss: 0.0498, Validation Loss: 0.0524
2025-11-15 01:49:59,467 - INFO - Epoch: 106, Training Loss: 0.0471, Validation Loss: 0.0444
2025-11-15 01:50:13,457 - INFO - Epoch: 107, Training Loss: 0.0452, Validation Loss: 0.0662
2025-11-15 01:50:29,391 - INFO - Epoch: 108, Training Loss: 0.0444, Validation Loss: 0.0329
2025-11-15 01:50:29,391 - INFO -   → New best validation loss: 0.0329
2025-11-15 01:50:42,479 - INFO - Epoch: 109, Training Loss: 0.0428, Validation Loss: 0.0474
2025-11-15 01:50:58,795 - INFO - Epoch: 110, Training Loss: 0.0437, Validation Loss: 0.0455
2025-11-15 01:51:10,950 - INFO - Epoch: 111, Training Loss: 0.0390, Validation Loss: 0.0420
2025-11-15 01:51:23,160 - INFO - Epoch: 112, Training Loss: 0.0402, Validation Loss: 0.0524
2025-11-15 01:51:37,175 - INFO - Epoch: 113, Training Loss: 0.0357, Validation Loss: 0.0417
2025-11-15 01:51:50,184 - INFO - Epoch: 114, Training Loss: 0.0340, Validation Loss: 0.0464
2025-11-15 01:52:03,135 - INFO - Epoch: 115, Training Loss: 0.0368, Validation Loss: 0.0234
2025-11-15 01:52:03,136 - INFO -   → New best validation loss: 0.0234
2025-11-15 01:52:15,796 - INFO - Epoch: 116, Training Loss: 0.0352, Validation Loss: 0.0396
2025-11-15 01:52:30,999 - INFO - Epoch: 117, Training Loss: 0.0339, Validation Loss: 0.0842
2025-11-15 01:52:42,061 - INFO - Epoch: 118, Training Loss: 0.0361, Validation Loss: 0.0291
2025-11-15 01:52:55,627 - INFO - Epoch: 119, Training Loss: 0.0325, Validation Loss: 0.0577
2025-11-15 01:53:06,824 - INFO - Epoch: 120, Training Loss: 0.0330, Validation Loss: 0.0235
2025-11-15 01:53:20,603 - INFO - Epoch: 121, Training Loss: 0.0299, Validation Loss: 0.0439
2025-11-15 01:53:31,726 - INFO - Epoch: 122, Training Loss: 0.0309, Validation Loss: 0.0204
2025-11-15 01:53:31,730 - INFO -   → New best validation loss: 0.0204
2025-11-15 01:53:43,608 - INFO - Epoch: 123, Training Loss: 0.0324, Validation Loss: 0.0352
2025-11-15 01:53:57,262 - INFO - Epoch: 124, Training Loss: 0.0297, Validation Loss: 0.0262
2025-11-15 01:54:08,470 - INFO - Epoch: 125, Training Loss: 0.0284, Validation Loss: 0.0513
2025-11-15 01:54:21,023 - INFO - Epoch: 126, Training Loss: 0.0285, Validation Loss: 0.0212
2025-11-15 01:54:34,108 - INFO - Epoch: 127, Training Loss: 0.0278, Validation Loss: 0.0278
2025-11-15 01:54:47,669 - INFO - Epoch: 128, Training Loss: 0.0269, Validation Loss: 0.0191
2025-11-15 01:54:47,673 - INFO -   → New best validation loss: 0.0191
2025-11-15 01:55:01,405 - INFO - Epoch: 129, Training Loss: 0.0254, Validation Loss: 0.0234
2025-11-15 01:55:15,901 - INFO - Epoch: 130, Training Loss: 0.0239, Validation Loss: 0.0210
2025-11-15 01:55:33,346 - INFO - Epoch: 131, Training Loss: 0.0244, Validation Loss: 0.0273
2025-11-15 01:55:45,463 - INFO - Epoch: 132, Training Loss: 0.0260, Validation Loss: 0.0247
2025-11-15 01:55:56,830 - INFO - Epoch: 133, Training Loss: 0.0249, Validation Loss: 0.0216
2025-11-15 01:56:09,662 - INFO - Epoch: 134, Training Loss: 0.0220, Validation Loss: 0.0255
2025-11-15 01:56:24,067 - INFO - Epoch: 135, Training Loss: 0.0244, Validation Loss: 0.0222
2025-11-15 01:56:40,121 - INFO - Epoch: 136, Training Loss: 0.0269, Validation Loss: 0.0191
2025-11-15 01:56:40,121 - INFO -   → New best validation loss: 0.0191
2025-11-15 01:56:51,172 - INFO - Epoch: 137, Training Loss: 0.0226, Validation Loss: 0.0195
2025-11-15 01:57:05,165 - INFO - Epoch: 138, Training Loss: 0.0227, Validation Loss: 0.0180
2025-11-15 01:57:05,166 - INFO -   → New best validation loss: 0.0180
2025-11-15 01:57:18,406 - INFO - Epoch: 139, Training Loss: 0.0234, Validation Loss: 0.0200
2025-11-15 01:57:33,759 - INFO - Epoch: 140, Training Loss: 0.0229, Validation Loss: 0.0234
2025-11-15 01:57:46,433 - INFO - Epoch: 141, Training Loss: 0.0214, Validation Loss: 0.0253
2025-11-15 01:58:03,614 - INFO - Epoch: 142, Training Loss: 0.0215, Validation Loss: 0.0230
2025-11-15 01:58:17,230 - INFO - Epoch: 143, Training Loss: 0.0203, Validation Loss: 0.0171
2025-11-15 01:58:17,233 - INFO -   → New best validation loss: 0.0171
2025-11-15 01:58:32,267 - INFO - Epoch: 144, Training Loss: 0.0226, Validation Loss: 0.0162
2025-11-15 01:58:32,268 - INFO -   → New best validation loss: 0.0162
2025-11-15 01:58:43,912 - INFO - Epoch: 145, Training Loss: 0.0203, Validation Loss: 0.0166
2025-11-15 01:58:57,317 - INFO - Epoch: 146, Training Loss: 0.0229, Validation Loss: 0.0200
2025-11-15 01:59:08,859 - INFO - Epoch: 147, Training Loss: 0.0198, Validation Loss: 0.0233
2025-11-15 01:59:21,431 - INFO - Epoch: 148, Training Loss: 0.0237, Validation Loss: 0.0170
2025-11-15 01:59:34,711 - INFO - Epoch: 149, Training Loss: 0.0209, Validation Loss: 0.0196
2025-11-15 01:59:48,652 - INFO - Epoch: 150, Training Loss: 0.0190, Validation Loss: 0.0155
2025-11-15 01:59:48,654 - INFO -   → New best validation loss: 0.0155
2025-11-15 02:00:02,179 - INFO - Epoch: 151, Training Loss: 0.0223, Validation Loss: 0.0196
2025-11-15 02:00:14,636 - INFO - Epoch: 152, Training Loss: 0.0220, Validation Loss: 0.0174
2025-11-15 02:00:29,172 - INFO - Epoch: 153, Training Loss: 0.0201, Validation Loss: 0.0196
2025-11-15 02:00:42,104 - INFO - Epoch: 154, Training Loss: 0.0196, Validation Loss: 0.0266
2025-11-15 02:00:55,710 - INFO - Epoch: 155, Training Loss: 0.0191, Validation Loss: 0.0202
2025-11-15 02:01:10,426 - INFO - Epoch: 156, Training Loss: 0.0210, Validation Loss: 0.0310
2025-11-15 02:01:24,705 - INFO - Epoch: 157, Training Loss: 0.0198, Validation Loss: 0.0168
2025-11-15 02:01:39,136 - INFO - Epoch: 158, Training Loss: 0.0192, Validation Loss: 0.0209
2025-11-15 02:01:51,179 - INFO - Epoch: 159, Training Loss: 0.0203, Validation Loss: 0.0180
2025-11-15 02:02:04,265 - INFO - Epoch: 160, Training Loss: 0.0201, Validation Loss: 0.0184
2025-11-15 02:02:16,909 - INFO - Epoch: 161, Training Loss: 0.0190, Validation Loss: 0.0194
2025-11-15 02:02:27,986 - INFO - Epoch: 162, Training Loss: 0.0180, Validation Loss: 0.0169
2025-11-15 02:02:40,816 - INFO - Epoch: 163, Training Loss: 0.0187, Validation Loss: 0.0182
2025-11-15 02:02:51,523 - INFO - Epoch: 164, Training Loss: 0.0183, Validation Loss: 0.0186
2025-11-15 02:03:04,029 - INFO - Epoch: 165, Training Loss: 0.0184, Validation Loss: 0.0177
2025-11-15 02:03:17,846 - INFO - Epoch: 166, Training Loss: 0.0176, Validation Loss: 0.0257
2025-11-15 02:03:33,490 - INFO - Epoch: 167, Training Loss: 0.0196, Validation Loss: 0.0211
2025-11-15 02:03:47,162 - INFO - Epoch: 168, Training Loss: 0.0183, Validation Loss: 0.0222
2025-11-15 02:04:02,870 - INFO - Epoch: 169, Training Loss: 0.0189, Validation Loss: 0.0175
2025-11-15 02:04:14,918 - INFO - Epoch: 170, Training Loss: 0.0189, Validation Loss: 0.0245
2025-11-15 02:04:14,918 - INFO - Early stopping triggered at epoch 170
2025-11-15 02:04:14,918 - INFO - Best validation loss: 0.0155
2025-11-15 02:04:14,923 - INFO - Restored best model weights
2025-11-15 02:04:14,923 - INFO - 
============================================================
2025-11-15 02:04:14,923 - INFO - EVALUATION RESULTS
2025-11-15 02:04:14,923 - INFO - ============================================================
2025-11-15 02:04:14,966 - INFO - Validation Set - MSE: 0.022120, MAE: 0.109903, RMSE: 0.148729, Pearson Correlation: 0.896149 (p=0.000000)
2025-11-15 02:04:15,010 - INFO - Test Set - MSE: 0.021160, MAE: 0.124849, RMSE: 0.145464, Pearson Correlation: 0.908076 (p=0.000000)
2025-11-15 02:04:15,010 - INFO - ============================================================

2025-11-15 02:04:15,010 - INFO - CV Fold 2 completed successfully
2025-11-15 02:04:15,010 - INFO - 
--------------------------------------------------------------------------------
2025-11-15 02:04:15,010 - INFO - CV Fold 3
2025-11-15 02:04:15,010 - INFO - --------------------------------------------------------------------------------
2025-11-15 02:04:15,012 - INFO - Loading dataset...
2025-11-15 02:04:15,097 - INFO - Dataset shapes - Train: (567, 17, 25, 1), Valid: (141, 17, 25, 1), Test: (177, 17, 25, 1)
2025-11-15 02:04:15,099 - INFO - Initializing VIGNet model...
2025-11-15 02:04:15,102 - INFO - Number of batch iterations per epoch: 113
2025-11-15 02:04:28,073 - INFO - Epoch: 1, Training Loss: 0.4657, Validation Loss: 0.4220
2025-11-15 02:04:28,076 - INFO -   → New best validation loss: 0.4220
2025-11-15 02:04:42,344 - INFO - Epoch: 2, Training Loss: 0.2929, Validation Loss: 0.1747
2025-11-15 02:04:42,346 - INFO -   → New best validation loss: 0.1747
2025-11-15 02:04:55,255 - INFO - Epoch: 3, Training Loss: 0.1083, Validation Loss: 0.0885
2025-11-15 02:04:55,259 - INFO -   → New best validation loss: 0.0885
2025-11-15 02:05:07,926 - INFO - Epoch: 4, Training Loss: 0.0929, Validation Loss: 0.0976
2025-11-15 02:05:20,997 - INFO - Epoch: 5, Training Loss: 0.0928, Validation Loss: 0.0889
2025-11-15 02:05:33,429 - INFO - Epoch: 6, Training Loss: 0.0859, Validation Loss: 0.0868
2025-11-15 02:05:33,433 - INFO -   → New best validation loss: 0.0868
2025-11-15 02:05:45,348 - INFO - Epoch: 7, Training Loss: 0.0917, Validation Loss: 0.0928
2025-11-15 02:05:59,534 - INFO - Epoch: 8, Training Loss: 0.0883, Validation Loss: 0.0882
2025-11-15 02:06:11,238 - INFO - Epoch: 9, Training Loss: 0.0855, Validation Loss: 0.0861
2025-11-15 02:06:11,238 - INFO -   → New best validation loss: 0.0861
2025-11-15 02:06:25,815 - INFO - Epoch: 10, Training Loss: 0.0845, Validation Loss: 0.1053
2025-11-15 02:06:36,486 - INFO - Epoch: 11, Training Loss: 0.0850, Validation Loss: 0.0854
2025-11-15 02:06:36,487 - INFO -   → New best validation loss: 0.0854
2025-11-15 02:06:51,260 - INFO - Epoch: 12, Training Loss: 0.0842, Validation Loss: 0.0890
2025-11-15 02:07:03,750 - INFO - Epoch: 13, Training Loss: 0.0842, Validation Loss: 0.0855
2025-11-15 02:07:16,106 - INFO - Epoch: 14, Training Loss: 0.0835, Validation Loss: 0.0856
2025-11-15 02:07:28,133 - INFO - Epoch: 15, Training Loss: 0.0855, Validation Loss: 0.0863
2025-11-15 02:07:38,684 - INFO - Epoch: 16, Training Loss: 0.0857, Validation Loss: 0.0848
2025-11-15 02:07:38,685 - INFO -   → New best validation loss: 0.0848
2025-11-15 02:07:51,368 - INFO - Epoch: 17, Training Loss: 0.0833, Validation Loss: 0.0869
2025-11-15 02:08:05,487 - INFO - Epoch: 18, Training Loss: 0.0834, Validation Loss: 0.0868
2025-11-15 02:08:19,557 - INFO - Epoch: 19, Training Loss: 0.0844, Validation Loss: 0.0842
2025-11-15 02:08:19,561 - INFO -   → New best validation loss: 0.0842
2025-11-15 02:08:35,871 - INFO - Epoch: 20, Training Loss: 0.0815, Validation Loss: 0.0866
2025-11-15 02:08:52,073 - INFO - Epoch: 21, Training Loss: 0.0829, Validation Loss: 0.0855
2025-11-15 02:09:03,588 - INFO - Epoch: 22, Training Loss: 0.0815, Validation Loss: 0.0841
2025-11-15 02:09:03,590 - INFO -   → New best validation loss: 0.0841
2025-11-15 02:09:15,858 - INFO - Epoch: 23, Training Loss: 0.0824, Validation Loss: 0.0847
2025-11-15 02:09:30,041 - INFO - Epoch: 24, Training Loss: 0.0822, Validation Loss: 0.0841
2025-11-15 02:09:44,037 - INFO - Epoch: 25, Training Loss: 0.0816, Validation Loss: 0.0847
2025-11-15 02:09:58,129 - INFO - Epoch: 26, Training Loss: 0.0814, Validation Loss: 0.0858
2025-11-15 02:10:11,860 - INFO - Epoch: 27, Training Loss: 0.0821, Validation Loss: 0.0857
2025-11-15 02:10:25,350 - INFO - Epoch: 28, Training Loss: 0.0829, Validation Loss: 0.0898
2025-11-15 02:10:38,837 - INFO - Epoch: 29, Training Loss: 0.0821, Validation Loss: 0.0846
2025-11-15 02:10:50,668 - INFO - Epoch: 30, Training Loss: 0.0805, Validation Loss: 0.0876
2025-11-15 02:11:03,836 - INFO - Epoch: 31, Training Loss: 0.0814, Validation Loss: 0.0844
2025-11-15 02:11:18,911 - INFO - Epoch: 32, Training Loss: 0.0829, Validation Loss: 0.0844
2025-11-15 02:11:33,650 - INFO - Epoch: 33, Training Loss: 0.0812, Validation Loss: 0.0853
2025-11-15 02:11:47,242 - INFO - Epoch: 34, Training Loss: 0.0808, Validation Loss: 0.0837
2025-11-15 02:11:47,242 - INFO -   → New best validation loss: 0.0837
2025-11-15 02:12:01,481 - INFO - Epoch: 35, Training Loss: 0.0818, Validation Loss: 0.0841
2025-11-15 02:12:13,471 - INFO - Epoch: 36, Training Loss: 0.0803, Validation Loss: 0.0849
2025-11-15 02:12:23,428 - INFO - Epoch: 37, Training Loss: 0.0805, Validation Loss: 0.0836
2025-11-15 02:12:23,428 - INFO -   → New best validation loss: 0.0836
2025-11-15 02:12:38,637 - INFO - Epoch: 38, Training Loss: 0.0812, Validation Loss: 0.0835
2025-11-15 02:12:38,638 - INFO -   → New best validation loss: 0.0835
2025-11-15 02:12:50,825 - INFO - Epoch: 39, Training Loss: 0.0810, Validation Loss: 0.0836
2025-11-15 02:13:05,212 - INFO - Epoch: 40, Training Loss: 0.0802, Validation Loss: 0.0834
2025-11-15 02:13:05,213 - INFO -   → New best validation loss: 0.0834
2025-11-15 02:13:19,758 - INFO - Epoch: 41, Training Loss: 0.0797, Validation Loss: 0.0839
2025-11-15 02:13:33,057 - INFO - Epoch: 42, Training Loss: 0.0795, Validation Loss: 0.0829
2025-11-15 02:13:33,058 - INFO -   → New best validation loss: 0.0829
2025-11-15 02:13:44,750 - INFO - Epoch: 43, Training Loss: 0.0806, Validation Loss: 0.0844
2025-11-15 02:13:58,651 - INFO - Epoch: 44, Training Loss: 0.0795, Validation Loss: 0.0823
2025-11-15 02:13:58,652 - INFO -   → New best validation loss: 0.0823
2025-11-15 02:14:11,876 - INFO - Epoch: 45, Training Loss: 0.0795, Validation Loss: 0.0827
2025-11-15 02:14:26,662 - INFO - Epoch: 46, Training Loss: 0.0794, Validation Loss: 0.0829
2025-11-15 02:14:42,057 - INFO - Epoch: 47, Training Loss: 0.0788, Validation Loss: 0.0856
2025-11-15 02:14:56,256 - INFO - Epoch: 48, Training Loss: 0.0808, Validation Loss: 0.0826
2025-11-15 02:15:08,707 - INFO - Epoch: 49, Training Loss: 0.0781, Validation Loss: 0.0851
2025-11-15 02:15:21,080 - INFO - Epoch: 50, Training Loss: 0.0801, Validation Loss: 0.0824
2025-11-15 02:15:34,468 - INFO - Epoch: 51, Training Loss: 0.0801, Validation Loss: 0.0823
2025-11-15 02:15:34,469 - INFO -   → New best validation loss: 0.0823
2025-11-15 02:15:46,118 - INFO - Epoch: 52, Training Loss: 0.0785, Validation Loss: 0.0820
2025-11-15 02:15:46,120 - INFO -   → New best validation loss: 0.0820
2025-11-15 02:15:59,201 - INFO - Epoch: 53, Training Loss: 0.0791, Validation Loss: 0.0814
2025-11-15 02:15:59,202 - INFO -   → New best validation loss: 0.0814
2025-11-15 02:16:14,204 - INFO - Epoch: 54, Training Loss: 0.0781, Validation Loss: 0.0805
2025-11-15 02:16:14,205 - INFO -   → New best validation loss: 0.0805
2025-11-15 02:16:27,099 - INFO - Epoch: 55, Training Loss: 0.0788, Validation Loss: 0.0821
2025-11-15 02:16:38,462 - INFO - Epoch: 56, Training Loss: 0.0789, Validation Loss: 0.0813
2025-11-15 02:16:54,214 - INFO - Epoch: 57, Training Loss: 0.0773, Validation Loss: 0.0824
2025-11-15 02:17:08,858 - INFO - Epoch: 58, Training Loss: 0.0770, Validation Loss: 0.0822
2025-11-15 02:17:23,386 - INFO - Epoch: 59, Training Loss: 0.0775, Validation Loss: 0.0823
2025-11-15 02:17:40,793 - INFO - Epoch: 60, Training Loss: 0.0776, Validation Loss: 0.0817
2025-11-15 02:17:56,722 - INFO - Epoch: 61, Training Loss: 0.0770, Validation Loss: 0.0849
2025-11-15 02:18:10,320 - INFO - Epoch: 62, Training Loss: 0.0770, Validation Loss: 0.0833
2025-11-15 02:18:21,073 - INFO - Epoch: 63, Training Loss: 0.0762, Validation Loss: 0.0786
2025-11-15 02:18:21,074 - INFO -   → New best validation loss: 0.0786
2025-11-15 02:18:34,949 - INFO - Epoch: 64, Training Loss: 0.0764, Validation Loss: 0.0811
2025-11-15 02:18:51,015 - INFO - Epoch: 65, Training Loss: 0.0750, Validation Loss: 0.0797
2025-11-15 02:19:01,477 - INFO - Epoch: 66, Training Loss: 0.0746, Validation Loss: 0.0784
2025-11-15 02:19:01,478 - INFO -   → New best validation loss: 0.0784
2025-11-15 02:19:17,444 - INFO - Epoch: 67, Training Loss: 0.0752, Validation Loss: 0.0772
2025-11-15 02:19:17,446 - INFO -   → New best validation loss: 0.0772
2025-11-15 02:19:29,663 - INFO - Epoch: 68, Training Loss: 0.0749, Validation Loss: 0.0775
2025-11-15 02:19:43,892 - INFO - Epoch: 69, Training Loss: 0.0746, Validation Loss: 0.0751
2025-11-15 02:19:43,892 - INFO -   → New best validation loss: 0.0751
2025-11-15 02:19:56,196 - INFO - Epoch: 70, Training Loss: 0.0746, Validation Loss: 0.0774
2025-11-15 02:20:06,651 - INFO - Epoch: 71, Training Loss: 0.0727, Validation Loss: 0.0741
2025-11-15 02:20:06,652 - INFO -   → New best validation loss: 0.0741
2025-11-15 02:20:20,156 - INFO - Epoch: 72, Training Loss: 0.0730, Validation Loss: 0.0770
2025-11-15 02:20:34,771 - INFO - Epoch: 73, Training Loss: 0.0711, Validation Loss: 0.0720
2025-11-15 02:20:34,772 - INFO -   → New best validation loss: 0.0720
2025-11-15 02:20:47,605 - INFO - Epoch: 74, Training Loss: 0.0708, Validation Loss: 0.0744
2025-11-15 02:21:02,635 - INFO - Epoch: 75, Training Loss: 0.0707, Validation Loss: 0.0722
2025-11-15 02:21:16,814 - INFO - Epoch: 76, Training Loss: 0.0710, Validation Loss: 0.0756
2025-11-15 02:21:29,383 - INFO - Epoch: 77, Training Loss: 0.0679, Validation Loss: 0.0694
2025-11-15 02:21:29,384 - INFO -   → New best validation loss: 0.0694
2025-11-15 02:21:42,029 - INFO - Epoch: 78, Training Loss: 0.0666, Validation Loss: 0.0683
2025-11-15 02:21:42,032 - INFO -   → New best validation loss: 0.0683
2025-11-15 02:21:56,093 - INFO - Epoch: 79, Training Loss: 0.0658, Validation Loss: 0.0707
2025-11-15 02:22:09,077 - INFO - Epoch: 80, Training Loss: 0.0667, Validation Loss: 0.0703
2025-11-15 02:22:24,110 - INFO - Epoch: 81, Training Loss: 0.0656, Validation Loss: 0.0699
2025-11-15 02:22:37,597 - INFO - Epoch: 82, Training Loss: 0.0614, Validation Loss: 0.0676
2025-11-15 02:22:37,599 - INFO -   → New best validation loss: 0.0676
2025-11-15 02:22:52,854 - INFO - Epoch: 83, Training Loss: 0.0631, Validation Loss: 0.0649
2025-11-15 02:22:52,855 - INFO -   → New best validation loss: 0.0649
2025-11-15 02:23:05,426 - INFO - Epoch: 84, Training Loss: 0.0594, Validation Loss: 0.0616
2025-11-15 02:23:05,427 - INFO -   → New best validation loss: 0.0616
2025-11-15 02:23:18,333 - INFO - Epoch: 85, Training Loss: 0.0598, Validation Loss: 0.0613
2025-11-15 02:23:18,337 - INFO -   → New best validation loss: 0.0613
2025-11-15 02:23:34,825 - INFO - Epoch: 86, Training Loss: 0.0559, Validation Loss: 0.0599
2025-11-15 02:23:34,826 - INFO -   → New best validation loss: 0.0599
2025-11-15 02:23:47,898 - INFO - Epoch: 87, Training Loss: 0.0548, Validation Loss: 0.0604
2025-11-15 02:23:59,107 - INFO - Epoch: 88, Training Loss: 0.0533, Validation Loss: 0.0535
2025-11-15 02:23:59,108 - INFO -   → New best validation loss: 0.0535
2025-11-15 02:24:12,457 - INFO - Epoch: 89, Training Loss: 0.0505, Validation Loss: 0.0598
2025-11-15 02:24:27,716 - INFO - Epoch: 90, Training Loss: 0.0471, Validation Loss: 0.0465
2025-11-15 02:24:27,716 - INFO -   → New best validation loss: 0.0465
2025-11-15 02:24:42,180 - INFO - Epoch: 91, Training Loss: 0.0473, Validation Loss: 0.0467
2025-11-15 02:24:54,892 - INFO - Epoch: 92, Training Loss: 0.0445, Validation Loss: 0.0394
2025-11-15 02:24:54,894 - INFO -   → New best validation loss: 0.0394
2025-11-15 02:25:08,762 - INFO - Epoch: 93, Training Loss: 0.0435, Validation Loss: 0.0430
2025-11-15 02:25:19,106 - INFO - Epoch: 94, Training Loss: 0.0439, Validation Loss: 0.0376
2025-11-15 02:25:19,108 - INFO -   → New best validation loss: 0.0376
2025-11-15 02:25:31,607 - INFO - Epoch: 95, Training Loss: 0.0385, Validation Loss: 0.0385
2025-11-15 02:25:43,808 - INFO - Epoch: 96, Training Loss: 0.0370, Validation Loss: 0.0360
2025-11-15 02:25:43,810 - INFO -   → New best validation loss: 0.0360
2025-11-15 02:25:55,498 - INFO - Epoch: 97, Training Loss: 0.0354, Validation Loss: 0.0422
2025-11-15 02:26:07,879 - INFO - Epoch: 98, Training Loss: 0.0336, Validation Loss: 0.0286
2025-11-15 02:26:07,883 - INFO -   → New best validation loss: 0.0286
2025-11-15 02:26:20,057 - INFO - Epoch: 99, Training Loss: 0.0329, Validation Loss: 0.0303
2025-11-15 02:26:35,527 - INFO - Epoch: 100, Training Loss: 0.0323, Validation Loss: 0.0298
2025-11-15 02:26:48,532 - INFO - Epoch: 101, Training Loss: 0.0331, Validation Loss: 0.0233
2025-11-15 02:26:48,534 - INFO -   → New best validation loss: 0.0233
2025-11-15 02:27:02,265 - INFO - Epoch: 102, Training Loss: 0.0269, Validation Loss: 0.0447
2025-11-15 02:27:14,202 - INFO - Epoch: 103, Training Loss: 0.0279, Validation Loss: 0.0257
2025-11-15 02:27:29,179 - INFO - Epoch: 104, Training Loss: 0.0264, Validation Loss: 0.0297
2025-11-15 02:27:40,386 - INFO - Epoch: 105, Training Loss: 0.0266, Validation Loss: 0.0299
2025-11-15 02:27:54,954 - INFO - Epoch: 106, Training Loss: 0.0257, Validation Loss: 0.0266
2025-11-15 02:28:07,583 - INFO - Epoch: 107, Training Loss: 0.0244, Validation Loss: 0.0278
2025-11-15 02:28:20,416 - INFO - Epoch: 108, Training Loss: 0.0249, Validation Loss: 0.0302
2025-11-15 02:28:32,055 - INFO - Epoch: 109, Training Loss: 0.0240, Validation Loss: 0.0235
2025-11-15 02:28:47,200 - INFO - Epoch: 110, Training Loss: 0.0222, Validation Loss: 0.0252
2025-11-15 02:29:01,114 - INFO - Epoch: 111, Training Loss: 0.0212, Validation Loss: 0.0204
2025-11-15 02:29:01,114 - INFO -   → New best validation loss: 0.0204
2025-11-15 02:29:18,069 - INFO - Epoch: 112, Training Loss: 0.0216, Validation Loss: 0.0232
2025-11-15 02:29:29,264 - INFO - Epoch: 113, Training Loss: 0.0221, Validation Loss: 0.0236
2025-11-15 02:29:40,196 - INFO - Epoch: 114, Training Loss: 0.0209, Validation Loss: 0.0217
2025-11-15 02:29:54,339 - INFO - Epoch: 115, Training Loss: 0.0223, Validation Loss: 0.0646
2025-11-15 02:30:09,509 - INFO - Epoch: 116, Training Loss: 0.0208, Validation Loss: 0.0229
2025-11-15 02:30:23,212 - INFO - Epoch: 117, Training Loss: 0.0220, Validation Loss: 0.0206
2025-11-15 02:30:35,268 - INFO - Epoch: 118, Training Loss: 0.0199, Validation Loss: 0.0250
2025-11-15 02:30:50,822 - INFO - Epoch: 119, Training Loss: 0.0210, Validation Loss: 0.0369
2025-11-15 02:31:06,475 - INFO - Epoch: 120, Training Loss: 0.0201, Validation Loss: 0.0216
2025-11-15 02:31:21,101 - INFO - Epoch: 121, Training Loss: 0.0185, Validation Loss: 0.0290
2025-11-15 02:31:33,605 - INFO - Epoch: 122, Training Loss: 0.0200, Validation Loss: 0.0200
2025-11-15 02:31:33,607 - INFO -   → New best validation loss: 0.0200
2025-11-15 02:31:46,293 - INFO - Epoch: 123, Training Loss: 0.0192, Validation Loss: 0.0242
2025-11-15 02:32:01,020 - INFO - Epoch: 124, Training Loss: 0.0184, Validation Loss: 0.0210
2025-11-15 02:32:12,879 - INFO - Epoch: 125, Training Loss: 0.0197, Validation Loss: 0.0235
2025-11-15 02:32:21,501 - INFO - Epoch: 126, Training Loss: 0.0208, Validation Loss: 0.0248
2025-11-15 02:32:33,162 - INFO - Epoch: 127, Training Loss: 0.0206, Validation Loss: 0.0229
2025-11-15 02:32:47,937 - INFO - Epoch: 128, Training Loss: 0.0191, Validation Loss: 0.0421
2025-11-15 02:32:59,417 - INFO - Epoch: 129, Training Loss: 0.0182, Validation Loss: 0.0207
2025-11-15 02:33:12,251 - INFO - Epoch: 130, Training Loss: 0.0184, Validation Loss: 0.0217
2025-11-15 02:33:25,641 - INFO - Epoch: 131, Training Loss: 0.0189, Validation Loss: 0.0192
2025-11-15 02:33:25,642 - INFO -   → New best validation loss: 0.0192
2025-11-15 02:33:37,280 - INFO - Epoch: 132, Training Loss: 0.0183, Validation Loss: 0.0186
2025-11-15 02:33:37,282 - INFO -   → New best validation loss: 0.0186
2025-11-15 02:33:47,198 - INFO - Epoch: 133, Training Loss: 0.0184, Validation Loss: 0.0327
2025-11-15 02:33:59,272 - INFO - Epoch: 134, Training Loss: 0.0169, Validation Loss: 0.0176
2025-11-15 02:33:59,273 - INFO -   → New best validation loss: 0.0176
2025-11-15 02:34:09,382 - INFO - Epoch: 135, Training Loss: 0.0188, Validation Loss: 0.0216
2025-11-15 02:34:21,525 - INFO - Epoch: 136, Training Loss: 0.0174, Validation Loss: 0.0275
2025-11-15 02:34:35,665 - INFO - Epoch: 137, Training Loss: 0.0180, Validation Loss: 0.0192
2025-11-15 02:34:47,913 - INFO - Epoch: 138, Training Loss: 0.0175, Validation Loss: 0.0211
2025-11-15 02:34:59,880 - INFO - Epoch: 139, Training Loss: 0.0182, Validation Loss: 0.0190
2025-11-15 02:35:12,937 - INFO - Epoch: 140, Training Loss: 0.0168, Validation Loss: 0.0193
2025-11-15 02:35:26,851 - INFO - Epoch: 141, Training Loss: 0.0181, Validation Loss: 0.0226
2025-11-15 02:35:39,568 - INFO - Epoch: 142, Training Loss: 0.0191, Validation Loss: 0.0262
2025-11-15 02:35:52,645 - INFO - Epoch: 143, Training Loss: 0.0169, Validation Loss: 0.0201
2025-11-15 02:36:06,660 - INFO - Epoch: 144, Training Loss: 0.0182, Validation Loss: 0.0209
2025-11-15 02:36:18,090 - INFO - Epoch: 145, Training Loss: 0.0166, Validation Loss: 0.0201
2025-11-15 02:36:31,628 - INFO - Epoch: 146, Training Loss: 0.0167, Validation Loss: 0.0182
2025-11-15 02:36:43,926 - INFO - Epoch: 147, Training Loss: 0.0170, Validation Loss: 0.0192
2025-11-15 02:36:54,447 - INFO - Epoch: 148, Training Loss: 0.0168, Validation Loss: 0.0266
2025-11-15 02:37:07,712 - INFO - Epoch: 149, Training Loss: 0.0164, Validation Loss: 0.0206
2025-11-15 02:37:19,212 - INFO - Epoch: 150, Training Loss: 0.0175, Validation Loss: 0.0194
2025-11-15 02:37:31,265 - INFO - Epoch: 151, Training Loss: 0.0169, Validation Loss: 0.0255
2025-11-15 02:37:41,722 - INFO - Epoch: 152, Training Loss: 0.0168, Validation Loss: 0.0186
2025-11-15 02:37:52,533 - INFO - Epoch: 153, Training Loss: 0.0167, Validation Loss: 0.0191
2025-11-15 02:38:02,848 - INFO - Epoch: 154, Training Loss: 0.0171, Validation Loss: 0.0190
2025-11-15 02:38:02,848 - INFO - Early stopping triggered at epoch 154
2025-11-15 02:38:02,848 - INFO - Best validation loss: 0.0176
2025-11-15 02:38:02,852 - INFO - Restored best model weights
2025-11-15 02:38:02,852 - INFO - 
============================================================
2025-11-15 02:38:02,852 - INFO - EVALUATION RESULTS
2025-11-15 02:38:02,852 - INFO - ============================================================
2025-11-15 02:38:02,896 - INFO - Validation Set - MSE: 0.018211, MAE: 0.106733, RMSE: 0.134947, Pearson Correlation: 0.886406 (p=0.000000)
2025-11-15 02:38:02,963 - INFO - Test Set - MSE: 0.015421, MAE: 0.097567, RMSE: 0.124183, Pearson Correlation: 0.914563 (p=0.000000)
2025-11-15 02:38:02,963 - INFO - ============================================================

2025-11-15 02:38:02,963 - INFO - CV Fold 3 completed successfully
2025-11-15 02:38:02,963 - INFO - 
--------------------------------------------------------------------------------
2025-11-15 02:38:02,963 - INFO - CV Fold 4
2025-11-15 02:38:02,963 - INFO - --------------------------------------------------------------------------------
2025-11-15 02:38:02,966 - INFO - Loading dataset...
2025-11-15 02:38:03,052 - INFO - Dataset shapes - Train: (567, 17, 25, 1), Valid: (141, 17, 25, 1), Test: (177, 17, 25, 1)
2025-11-15 02:38:03,054 - INFO - Initializing VIGNet model...
2025-11-15 02:38:03,057 - INFO - Number of batch iterations per epoch: 113
2025-11-15 02:38:17,952 - INFO - Epoch: 1, Training Loss: 0.4970, Validation Loss: 0.4257
2025-11-15 02:38:17,954 - INFO -   → New best validation loss: 0.4257
2025-11-15 02:38:28,426 - INFO - Epoch: 2, Training Loss: 0.3786, Validation Loss: 0.1848
2025-11-15 02:38:28,427 - INFO -   → New best validation loss: 0.1848
2025-11-15 02:38:38,379 - INFO - Epoch: 3, Training Loss: 0.1765, Validation Loss: 0.0890
2025-11-15 02:38:38,379 - INFO -   → New best validation loss: 0.0890
2025-11-15 02:38:52,762 - INFO - Epoch: 4, Training Loss: 0.1147, Validation Loss: 0.0892
2025-11-15 02:39:05,146 - INFO - Epoch: 5, Training Loss: 0.1111, Validation Loss: 0.0879
2025-11-15 02:39:05,147 - INFO -   → New best validation loss: 0.0879
2025-11-15 02:39:16,047 - INFO - Epoch: 6, Training Loss: 0.1060, Validation Loss: 0.0877
2025-11-15 02:39:16,048 - INFO -   → New best validation loss: 0.0877
2025-11-15 02:39:28,638 - INFO - Epoch: 7, Training Loss: 0.1015, Validation Loss: 0.0861
2025-11-15 02:39:28,639 - INFO -   → New best validation loss: 0.0861
2025-11-15 02:39:39,369 - INFO - Epoch: 8, Training Loss: 0.0967, Validation Loss: 0.0972
2025-11-15 02:39:52,948 - INFO - Epoch: 9, Training Loss: 0.0959, Validation Loss: 0.1229
2025-11-15 02:40:04,021 - INFO - Epoch: 10, Training Loss: 0.0961, Validation Loss: 0.1066
2025-11-15 02:40:13,875 - INFO - Epoch: 11, Training Loss: 0.0955, Validation Loss: 0.0845
2025-11-15 02:40:13,876 - INFO -   → New best validation loss: 0.0845
2025-11-15 02:40:26,792 - INFO - Epoch: 12, Training Loss: 0.0911, Validation Loss: 0.0910
2025-11-15 02:40:40,313 - INFO - Epoch: 13, Training Loss: 0.0913, Validation Loss: 0.0864
2025-11-15 02:40:51,349 - INFO - Epoch: 14, Training Loss: 0.0900, Validation Loss: 0.0872
2025-11-15 02:41:04,996 - INFO - Epoch: 15, Training Loss: 0.0899, Validation Loss: 0.0853
2025-11-15 02:41:16,323 - INFO - Epoch: 16, Training Loss: 0.0895, Validation Loss: 0.0888
2025-11-15 02:41:30,185 - INFO - Epoch: 17, Training Loss: 0.0908, Validation Loss: 0.0864
2025-11-15 02:41:44,338 - INFO - Epoch: 18, Training Loss: 0.0865, Validation Loss: 0.0855
2025-11-15 02:41:56,653 - INFO - Epoch: 19, Training Loss: 0.0887, Validation Loss: 0.0812
2025-11-15 02:41:56,653 - INFO -   → New best validation loss: 0.0812
2025-11-15 02:42:08,930 - INFO - Epoch: 20, Training Loss: 0.0883, Validation Loss: 0.0856
2025-11-15 02:42:19,064 - INFO - Epoch: 21, Training Loss: 0.0915, Validation Loss: 0.0850
2025-11-15 02:42:33,163 - INFO - Epoch: 22, Training Loss: 0.0838, Validation Loss: 0.0847
2025-11-15 02:42:43,676 - INFO - Epoch: 23, Training Loss: 0.0861, Validation Loss: 0.0895
2025-11-15 02:42:56,300 - INFO - Epoch: 24, Training Loss: 0.0851, Validation Loss: 0.0875
2025-11-15 02:43:10,468 - INFO - Epoch: 25, Training Loss: 0.0841, Validation Loss: 0.0843
2025-11-15 02:43:19,996 - INFO - Epoch: 26, Training Loss: 0.0869, Validation Loss: 0.0837
2025-11-15 02:43:32,673 - INFO - Epoch: 27, Training Loss: 0.0875, Validation Loss: 0.0845
2025-11-15 02:43:44,804 - INFO - Epoch: 28, Training Loss: 0.0863, Validation Loss: 0.0839
2025-11-15 02:43:58,418 - INFO - Epoch: 29, Training Loss: 0.0842, Validation Loss: 0.0833
2025-11-15 02:44:11,778 - INFO - Epoch: 30, Training Loss: 0.0862, Validation Loss: 0.0851
2025-11-15 02:44:25,989 - INFO - Epoch: 31, Training Loss: 0.0861, Validation Loss: 0.0844
2025-11-15 02:44:38,106 - INFO - Epoch: 32, Training Loss: 0.0852, Validation Loss: 0.0841
2025-11-15 02:44:52,048 - INFO - Epoch: 33, Training Loss: 0.0853, Validation Loss: 0.0835
2025-11-15 02:45:06,966 - INFO - Epoch: 34, Training Loss: 0.0850, Validation Loss: 0.0826
2025-11-15 02:45:20,159 - INFO - Epoch: 35, Training Loss: 0.0849, Validation Loss: 0.0840
2025-11-15 02:45:30,506 - INFO - Epoch: 36, Training Loss: 0.0838, Validation Loss: 0.0875
2025-11-15 02:45:42,454 - INFO - Epoch: 37, Training Loss: 0.0857, Validation Loss: 0.0839
2025-11-15 02:45:53,968 - INFO - Epoch: 38, Training Loss: 0.0845, Validation Loss: 0.0842
2025-11-15 02:46:07,813 - INFO - Epoch: 39, Training Loss: 0.0844, Validation Loss: 0.0833
2025-11-15 02:46:07,813 - INFO - Early stopping triggered at epoch 39
2025-11-15 02:46:07,813 - INFO - Best validation loss: 0.0812
2025-11-15 02:46:07,816 - INFO - Restored best model weights
2025-11-15 02:46:07,816 - INFO - 
============================================================
2025-11-15 02:46:07,816 - INFO - EVALUATION RESULTS
2025-11-15 02:46:07,816 - INFO - ============================================================
2025-11-15 02:46:07,860 - INFO - Validation Set - MSE: 0.084136, MAE: 0.280215, RMSE: 0.290061, Pearson Correlation: -0.032592 (p=0.701225)
2025-11-15 02:46:07,904 - INFO - Test Set - MSE: 0.080817, MAE: 0.271578, RMSE: 0.284283, Pearson Correlation: -0.617546 (p=0.000000)
2025-11-15 02:46:07,904 - INFO - ============================================================

2025-11-15 02:46:07,904 - INFO - CV Fold 4 completed successfully
2025-11-15 02:46:07,904 - INFO - 
================================================================================
2025-11-15 02:46:07,904 - INFO - CROSS-VALIDATION SUMMARY - TRIAL 1
2025-11-15 02:46:07,904 - INFO - ================================================================================
2025-11-15 02:46:07,904 - INFO - Validation Set (Average across 5 CV folds):
2025-11-15 02:46:07,904 - INFO -   MSE: 0.047980 ± 0.036869
2025-11-15 02:46:07,904 - INFO -   MAE: 0.180092 ± 0.092633
2025-11-15 02:46:07,904 - INFO -   RMSE: 0.202343 ± 0.083890
2025-11-15 02:46:07,904 - INFO -   Pearson Correlation: 0.390666 ± 0.655670
2025-11-15 02:46:07,904 - INFO - 
Test Set (Average across 5 CV folds):
2025-11-15 02:46:07,904 - INFO -   MSE: 0.043550 ± 0.031191
2025-11-15 02:46:07,904 - INFO -   MAE: 0.177656 ± 0.078510
2025-11-15 02:46:07,904 - INFO -   RMSE: 0.194938 ± 0.074496
2025-11-15 02:46:07,904 - INFO -   Pearson Correlation: 0.278624 ± 0.772372
2025-11-15 02:46:07,904 - INFO - ================================================================================
2025-11-15 02:46:07,904 - INFO - ================================================================================
2025-11-15 02:46:07,904 - INFO - Trial 1 completed. End time: 2025-11-15 02:46:07
2025-11-15 02:46:07,904 - INFO - ================================================================================
