2025-11-15 06:54:44,410 - INFO - ================================================================================
2025-11-15 06:54:44,410 - INFO - TRIAL 6 - Task: RGS
2025-11-15 06:54:44,410 - INFO - Log file: ./logs/trial6_RGS_20251115_003538.log
2025-11-15 06:54:44,410 - INFO - Start time: 2025-11-15 06:54:44
2025-11-15 06:54:44,410 - INFO - ================================================================================
2025-11-15 06:54:44,410 - INFO - 
--------------------------------------------------------------------------------
2025-11-15 06:54:44,410 - INFO - CV Fold 0
2025-11-15 06:54:44,410 - INFO - --------------------------------------------------------------------------------
2025-11-15 06:54:44,412 - INFO - Loading dataset...
2025-11-15 06:54:44,499 - INFO - Dataset shapes - Train: (567, 17, 25, 1), Valid: (141, 17, 25, 1), Test: (177, 17, 25, 1)
2025-11-15 06:54:44,501 - INFO - Initializing VIGNet model...
2025-11-15 06:54:44,505 - INFO - Number of batch iterations per epoch: 113
2025-11-15 06:54:55,086 - INFO - Epoch: 1, Training Loss: 0.1375, Validation Loss: 0.0811
2025-11-15 06:54:55,086 - INFO -   → New best validation loss: 0.0811
2025-11-15 06:55:05,202 - INFO - Epoch: 2, Training Loss: 0.0680, Validation Loss: 0.0290
2025-11-15 06:55:05,203 - INFO -   → New best validation loss: 0.0290
2025-11-15 06:55:16,010 - INFO - Epoch: 3, Training Loss: 0.0257, Validation Loss: 0.0172
2025-11-15 06:55:16,014 - INFO -   → New best validation loss: 0.0172
2025-11-15 06:55:29,203 - INFO - Epoch: 4, Training Loss: 0.0200, Validation Loss: 0.0538
2025-11-15 06:55:43,242 - INFO - Epoch: 5, Training Loss: 0.0201, Validation Loss: 0.0175
2025-11-15 06:55:55,109 - INFO - Epoch: 6, Training Loss: 0.0186, Validation Loss: 0.0171
2025-11-15 06:55:55,113 - INFO -   → New best validation loss: 0.0171
2025-11-15 06:56:07,957 - INFO - Epoch: 7, Training Loss: 0.0191, Validation Loss: 0.0172
2025-11-15 06:56:19,328 - INFO - Epoch: 8, Training Loss: 0.0172, Validation Loss: 0.0170
2025-11-15 06:56:19,328 - INFO -   → New best validation loss: 0.0170
2025-11-15 06:56:29,860 - INFO - Epoch: 9, Training Loss: 0.0183, Validation Loss: 0.0168
2025-11-15 06:56:29,861 - INFO -   → New best validation loss: 0.0168
2025-11-15 06:56:46,867 - INFO - Epoch: 10, Training Loss: 0.0170, Validation Loss: 0.0178
2025-11-15 06:57:01,395 - INFO - Epoch: 11, Training Loss: 0.0174, Validation Loss: 0.0165
2025-11-15 06:57:01,397 - INFO -   → New best validation loss: 0.0165
2025-11-15 06:57:16,878 - INFO - Epoch: 12, Training Loss: 0.0172, Validation Loss: 0.0174
2025-11-15 06:57:28,373 - INFO - Epoch: 13, Training Loss: 0.0183, Validation Loss: 0.0164
2025-11-15 06:57:28,374 - INFO -   → New best validation loss: 0.0164
2025-11-15 06:57:38,124 - INFO - Epoch: 14, Training Loss: 0.0176, Validation Loss: 0.0169
2025-11-15 06:57:49,587 - INFO - Epoch: 15, Training Loss: 0.0169, Validation Loss: 0.0165
2025-11-15 06:57:59,832 - INFO - Epoch: 16, Training Loss: 0.0170, Validation Loss: 0.0164
2025-11-15 06:57:59,832 - INFO -   → New best validation loss: 0.0164
2025-11-15 06:58:12,918 - INFO - Epoch: 17, Training Loss: 0.0169, Validation Loss: 0.0166
2025-11-15 06:58:21,277 - INFO - Epoch: 18, Training Loss: 0.0169, Validation Loss: 0.0165
2025-11-15 06:58:33,529 - INFO - Epoch: 19, Training Loss: 0.0173, Validation Loss: 0.0164
2025-11-15 06:58:44,896 - INFO - Epoch: 20, Training Loss: 0.0167, Validation Loss: 0.0164
2025-11-15 06:58:58,339 - INFO - Epoch: 21, Training Loss: 0.0165, Validation Loss: 0.0166
2025-11-15 06:59:09,013 - INFO - Epoch: 22, Training Loss: 0.0169, Validation Loss: 0.0169
2025-11-15 06:59:20,477 - INFO - Epoch: 23, Training Loss: 0.0174, Validation Loss: 0.0164
2025-11-15 06:59:31,614 - INFO - Epoch: 24, Training Loss: 0.0163, Validation Loss: 0.0167
2025-11-15 06:59:44,299 - INFO - Epoch: 25, Training Loss: 0.0172, Validation Loss: 0.0166
2025-11-15 06:59:58,762 - INFO - Epoch: 26, Training Loss: 0.0163, Validation Loss: 0.0171
2025-11-15 07:00:12,059 - INFO - Epoch: 27, Training Loss: 0.0164, Validation Loss: 0.0166
2025-11-15 07:00:23,948 - INFO - Epoch: 28, Training Loss: 0.0167, Validation Loss: 0.0169
2025-11-15 07:00:36,546 - INFO - Epoch: 29, Training Loss: 0.0165, Validation Loss: 0.0165
2025-11-15 07:00:51,161 - INFO - Epoch: 30, Training Loss: 0.0167, Validation Loss: 0.0169
2025-11-15 07:01:02,532 - INFO - Epoch: 31, Training Loss: 0.0167, Validation Loss: 0.0165
2025-11-15 07:01:17,775 - INFO - Epoch: 32, Training Loss: 0.0165, Validation Loss: 0.0164
2025-11-15 07:01:29,346 - INFO - Epoch: 33, Training Loss: 0.0163, Validation Loss: 0.0170
2025-11-15 07:01:39,248 - INFO - Epoch: 34, Training Loss: 0.0165, Validation Loss: 0.0169
2025-11-15 07:01:50,387 - INFO - Epoch: 35, Training Loss: 0.0164, Validation Loss: 0.0164
2025-11-15 07:02:04,223 - INFO - Epoch: 36, Training Loss: 0.0164, Validation Loss: 0.0164
2025-11-15 07:02:04,223 - INFO - Early stopping triggered at epoch 36
2025-11-15 07:02:04,223 - INFO - Best validation loss: 0.0164
2025-11-15 07:02:04,238 - INFO - Restored best model weights
2025-11-15 07:02:04,238 - INFO - 
============================================================
2025-11-15 07:02:04,238 - INFO - EVALUATION RESULTS
2025-11-15 07:02:04,238 - INFO - ============================================================
2025-11-15 07:02:04,377 - INFO - Validation Set - MSE: 0.016781, MAE: 0.102447, RMSE: 0.129543, Pearson Correlation: 0.194542 (p=0.020798)
2025-11-15 07:02:04,577 - INFO - Test Set - MSE: 0.015670, MAE: 0.103994, RMSE: 0.125180, Pearson Correlation: 0.081462 (p=0.281078)
2025-11-15 07:02:04,577 - INFO - ============================================================

2025-11-15 07:02:04,578 - INFO - CV Fold 0 completed successfully
2025-11-15 07:02:04,578 - INFO - 
--------------------------------------------------------------------------------
2025-11-15 07:02:04,578 - INFO - CV Fold 1
2025-11-15 07:02:04,579 - INFO - --------------------------------------------------------------------------------
2025-11-15 07:02:04,586 - INFO - Loading dataset...
2025-11-15 07:02:04,694 - INFO - Dataset shapes - Train: (567, 17, 25, 1), Valid: (141, 17, 25, 1), Test: (177, 17, 25, 1)
2025-11-15 07:02:04,696 - INFO - Initializing VIGNet model...
2025-11-15 07:02:04,699 - INFO - Number of batch iterations per epoch: 113
2025-11-15 07:02:14,712 - INFO - Epoch: 1, Training Loss: 0.1355, Validation Loss: 0.1166
2025-11-15 07:02:14,713 - INFO -   → New best validation loss: 0.1166
2025-11-15 07:02:29,498 - INFO - Epoch: 2, Training Loss: 0.0743, Validation Loss: 0.0389
2025-11-15 07:02:29,500 - INFO -   → New best validation loss: 0.0389
2025-11-15 07:02:40,462 - INFO - Epoch: 3, Training Loss: 0.0237, Validation Loss: 0.0162
2025-11-15 07:02:40,464 - INFO -   → New best validation loss: 0.0162
2025-11-15 07:02:51,428 - INFO - Epoch: 4, Training Loss: 0.0194, Validation Loss: 0.0167
2025-11-15 07:03:08,298 - INFO - Epoch: 5, Training Loss: 0.0198, Validation Loss: 0.0163
2025-11-15 07:03:20,580 - INFO - Epoch: 6, Training Loss: 0.0214, Validation Loss: 0.0221
2025-11-15 07:03:31,273 - INFO - Epoch: 7, Training Loss: 0.0188, Validation Loss: 0.0177
2025-11-15 07:03:45,033 - INFO - Epoch: 8, Training Loss: 0.0182, Validation Loss: 0.0163
2025-11-15 07:03:57,853 - INFO - Epoch: 9, Training Loss: 0.0180, Validation Loss: 0.0165
2025-11-15 07:04:10,981 - INFO - Epoch: 10, Training Loss: 0.0179, Validation Loss: 0.0178
2025-11-15 07:04:21,907 - INFO - Epoch: 11, Training Loss: 0.0175, Validation Loss: 0.0161
2025-11-15 07:04:21,908 - INFO -   → New best validation loss: 0.0161
2025-11-15 07:04:38,539 - INFO - Epoch: 12, Training Loss: 0.0188, Validation Loss: 0.0176
2025-11-15 07:04:48,067 - INFO - Epoch: 13, Training Loss: 0.0172, Validation Loss: 0.0157
2025-11-15 07:04:48,068 - INFO -   → New best validation loss: 0.0157
2025-11-15 07:04:59,702 - INFO - Epoch: 14, Training Loss: 0.0175, Validation Loss: 0.0177
2025-11-15 07:05:11,017 - INFO - Epoch: 15, Training Loss: 0.0166, Validation Loss: 0.0158
2025-11-15 07:05:24,107 - INFO - Epoch: 16, Training Loss: 0.0165, Validation Loss: 0.0158
2025-11-15 07:05:34,605 - INFO - Epoch: 17, Training Loss: 0.0176, Validation Loss: 0.0167
2025-11-15 07:05:44,193 - INFO - Epoch: 18, Training Loss: 0.0167, Validation Loss: 0.0172
2025-11-15 07:05:55,033 - INFO - Epoch: 19, Training Loss: 0.0171, Validation Loss: 0.0162
2025-11-15 07:06:08,159 - INFO - Epoch: 20, Training Loss: 0.0165, Validation Loss: 0.0157
2025-11-15 07:06:08,160 - INFO -   → New best validation loss: 0.0157
2025-11-15 07:06:18,340 - INFO - Epoch: 21, Training Loss: 0.0168, Validation Loss: 0.0160
2025-11-15 07:06:32,845 - INFO - Epoch: 22, Training Loss: 0.0171, Validation Loss: 0.0167
2025-11-15 07:06:45,729 - INFO - Epoch: 23, Training Loss: 0.0168, Validation Loss: 0.0186
2025-11-15 07:06:59,084 - INFO - Epoch: 24, Training Loss: 0.0164, Validation Loss: 0.0162
2025-11-15 07:07:09,135 - INFO - Epoch: 25, Training Loss: 0.0171, Validation Loss: 0.0162
2025-11-15 07:07:22,020 - INFO - Epoch: 26, Training Loss: 0.0164, Validation Loss: 0.0162
2025-11-15 07:07:34,717 - INFO - Epoch: 27, Training Loss: 0.0167, Validation Loss: 0.0157
2025-11-15 07:07:46,984 - INFO - Epoch: 28, Training Loss: 0.0166, Validation Loss: 0.0169
2025-11-15 07:08:01,064 - INFO - Epoch: 29, Training Loss: 0.0165, Validation Loss: 0.0160
2025-11-15 07:08:13,271 - INFO - Epoch: 30, Training Loss: 0.0165, Validation Loss: 0.0162
2025-11-15 07:08:25,779 - INFO - Epoch: 31, Training Loss: 0.0168, Validation Loss: 0.0166
2025-11-15 07:08:39,480 - INFO - Epoch: 32, Training Loss: 0.0165, Validation Loss: 0.0157
2025-11-15 07:08:51,347 - INFO - Epoch: 33, Training Loss: 0.0162, Validation Loss: 0.0164
2025-11-15 07:09:05,439 - INFO - Epoch: 34, Training Loss: 0.0163, Validation Loss: 0.0166
2025-11-15 07:09:15,714 - INFO - Epoch: 35, Training Loss: 0.0165, Validation Loss: 0.0158
2025-11-15 07:09:28,183 - INFO - Epoch: 36, Training Loss: 0.0166, Validation Loss: 0.0166
2025-11-15 07:09:42,940 - INFO - Epoch: 37, Training Loss: 0.0168, Validation Loss: 0.0158
2025-11-15 07:09:55,693 - INFO - Epoch: 38, Training Loss: 0.0165, Validation Loss: 0.0160
2025-11-15 07:10:08,172 - INFO - Epoch: 39, Training Loss: 0.0163, Validation Loss: 0.0157
2025-11-15 07:10:19,144 - INFO - Epoch: 40, Training Loss: 0.0165, Validation Loss: 0.0161
2025-11-15 07:10:19,144 - INFO - Early stopping triggered at epoch 40
2025-11-15 07:10:19,144 - INFO - Best validation loss: 0.0157
2025-11-15 07:10:19,148 - INFO - Restored best model weights
2025-11-15 07:10:19,148 - INFO - 
============================================================
2025-11-15 07:10:19,148 - INFO - EVALUATION RESULTS
2025-11-15 07:10:19,148 - INFO - ============================================================
2025-11-15 07:10:19,191 - INFO - Validation Set - MSE: 0.016790, MAE: 0.103669, RMSE: 0.129577, Pearson Correlation: -0.061162 (p=0.471238)
2025-11-15 07:10:19,326 - INFO - Test Set - MSE: 0.015433, MAE: 0.101494, RMSE: 0.124228, Pearson Correlation: 0.183365 (p=0.014567)
2025-11-15 07:10:19,326 - INFO - ============================================================

2025-11-15 07:10:19,327 - INFO - CV Fold 1 completed successfully
2025-11-15 07:10:19,327 - INFO - 
--------------------------------------------------------------------------------
2025-11-15 07:10:19,327 - INFO - CV Fold 2
2025-11-15 07:10:19,327 - INFO - --------------------------------------------------------------------------------
2025-11-15 07:10:19,334 - INFO - Loading dataset...
2025-11-15 07:10:19,451 - INFO - Dataset shapes - Train: (567, 17, 25, 1), Valid: (141, 17, 25, 1), Test: (177, 17, 25, 1)
2025-11-15 07:10:19,452 - INFO - Initializing VIGNet model...
2025-11-15 07:10:19,455 - INFO - Number of batch iterations per epoch: 113
2025-11-15 07:10:33,313 - INFO - Epoch: 1, Training Loss: 0.1465, Validation Loss: 0.1148
2025-11-15 07:10:33,313 - INFO -   → New best validation loss: 0.1148
2025-11-15 07:10:45,509 - INFO - Epoch: 2, Training Loss: 0.0805, Validation Loss: 0.0251
2025-11-15 07:10:45,510 - INFO -   → New best validation loss: 0.0251
2025-11-15 07:10:58,229 - INFO - Epoch: 3, Training Loss: 0.0224, Validation Loss: 0.0121
2025-11-15 07:10:58,230 - INFO -   → New best validation loss: 0.0121
2025-11-15 07:11:12,140 - INFO - Epoch: 4, Training Loss: 0.0176, Validation Loss: 0.0123
2025-11-15 07:11:25,066 - INFO - Epoch: 5, Training Loss: 0.0174, Validation Loss: 0.0120
2025-11-15 07:11:25,066 - INFO -   → New best validation loss: 0.0120
2025-11-15 07:11:36,788 - INFO - Epoch: 6, Training Loss: 0.0166, Validation Loss: 0.0121
2025-11-15 07:11:50,962 - INFO - Epoch: 7, Training Loss: 0.0173, Validation Loss: 0.0120
2025-11-15 07:11:50,966 - INFO -   → New best validation loss: 0.0120
2025-11-15 07:12:04,402 - INFO - Epoch: 8, Training Loss: 0.0167, Validation Loss: 0.0120
2025-11-15 07:12:04,403 - INFO -   → New best validation loss: 0.0120
2025-11-15 07:12:17,231 - INFO - Epoch: 9, Training Loss: 0.0166, Validation Loss: 0.0120
2025-11-15 07:12:33,102 - INFO - Epoch: 10, Training Loss: 0.0165, Validation Loss: 0.0119
2025-11-15 07:12:33,105 - INFO -   → New best validation loss: 0.0119
2025-11-15 07:12:44,446 - INFO - Epoch: 11, Training Loss: 0.0164, Validation Loss: 0.0120
2025-11-15 07:12:59,425 - INFO - Epoch: 12, Training Loss: 0.0171, Validation Loss: 0.0133
2025-11-15 07:13:10,712 - INFO - Epoch: 13, Training Loss: 0.0163, Validation Loss: 0.0119
2025-11-15 07:13:17,390 - INFO - Epoch: 14, Training Loss: 0.0163, Validation Loss: 0.0123
2025-11-15 07:13:29,776 - INFO - Epoch: 15, Training Loss: 0.0163, Validation Loss: 0.0130
2025-11-15 07:13:44,824 - INFO - Epoch: 16, Training Loss: 0.0167, Validation Loss: 0.0143
2025-11-15 07:13:59,849 - INFO - Epoch: 17, Training Loss: 0.0165, Validation Loss: 0.0120
2025-11-15 07:14:11,449 - INFO - Epoch: 18, Training Loss: 0.0166, Validation Loss: 0.0120
2025-11-15 07:14:26,753 - INFO - Epoch: 19, Training Loss: 0.0163, Validation Loss: 0.0120
2025-11-15 07:14:36,625 - INFO - Epoch: 20, Training Loss: 0.0164, Validation Loss: 0.0120
2025-11-15 07:14:48,139 - INFO - Epoch: 21, Training Loss: 0.0167, Validation Loss: 0.0120
2025-11-15 07:15:03,774 - INFO - Epoch: 22, Training Loss: 0.0160, Validation Loss: 0.0127
2025-11-15 07:15:16,746 - INFO - Epoch: 23, Training Loss: 0.0163, Validation Loss: 0.0121
2025-11-15 07:15:28,522 - INFO - Epoch: 24, Training Loss: 0.0162, Validation Loss: 0.0122
2025-11-15 07:15:41,081 - INFO - Epoch: 25, Training Loss: 0.0166, Validation Loss: 0.0123
2025-11-15 07:15:50,855 - INFO - Epoch: 26, Training Loss: 0.0160, Validation Loss: 0.0121
2025-11-15 07:16:04,838 - INFO - Epoch: 27, Training Loss: 0.0163, Validation Loss: 0.0119
2025-11-15 07:16:04,839 - INFO -   → New best validation loss: 0.0119
2025-11-15 07:16:15,827 - INFO - Epoch: 28, Training Loss: 0.0163, Validation Loss: 0.0120
2025-11-15 07:16:27,283 - INFO - Epoch: 29, Training Loss: 0.0162, Validation Loss: 0.0120
2025-11-15 07:16:40,897 - INFO - Epoch: 30, Training Loss: 0.0164, Validation Loss: 0.0121
2025-11-15 07:16:50,474 - INFO - Epoch: 31, Training Loss: 0.0161, Validation Loss: 0.0130
2025-11-15 07:17:03,626 - INFO - Epoch: 32, Training Loss: 0.0162, Validation Loss: 0.0120
2025-11-15 07:17:14,871 - INFO - Epoch: 33, Training Loss: 0.0163, Validation Loss: 0.0120
2025-11-15 07:17:26,888 - INFO - Epoch: 34, Training Loss: 0.0162, Validation Loss: 0.0120
2025-11-15 07:17:42,850 - INFO - Epoch: 35, Training Loss: 0.0162, Validation Loss: 0.0120
2025-11-15 07:17:54,452 - INFO - Epoch: 36, Training Loss: 0.0163, Validation Loss: 0.0119
2025-11-15 07:18:07,566 - INFO - Epoch: 37, Training Loss: 0.0161, Validation Loss: 0.0122
2025-11-15 07:18:20,214 - INFO - Epoch: 38, Training Loss: 0.0162, Validation Loss: 0.0119
2025-11-15 07:18:20,215 - INFO -   → New best validation loss: 0.0119
2025-11-15 07:18:30,408 - INFO - Epoch: 39, Training Loss: 0.0161, Validation Loss: 0.0119
2025-11-15 07:18:44,907 - INFO - Epoch: 40, Training Loss: 0.0161, Validation Loss: 0.0122
2025-11-15 07:18:56,081 - INFO - Epoch: 41, Training Loss: 0.0162, Validation Loss: 0.0120
2025-11-15 07:19:08,337 - INFO - Epoch: 42, Training Loss: 0.0160, Validation Loss: 0.0119
2025-11-15 07:19:21,708 - INFO - Epoch: 43, Training Loss: 0.0163, Validation Loss: 0.0120
2025-11-15 07:19:31,680 - INFO - Epoch: 44, Training Loss: 0.0163, Validation Loss: 0.0122
2025-11-15 07:19:44,700 - INFO - Epoch: 45, Training Loss: 0.0162, Validation Loss: 0.0120
2025-11-15 07:19:56,051 - INFO - Epoch: 46, Training Loss: 0.0161, Validation Loss: 0.0125
2025-11-15 07:20:07,179 - INFO - Epoch: 47, Training Loss: 0.0161, Validation Loss: 0.0125
2025-11-15 07:20:18,978 - INFO - Epoch: 48, Training Loss: 0.0162, Validation Loss: 0.0120
2025-11-15 07:20:31,160 - INFO - Epoch: 49, Training Loss: 0.0161, Validation Loss: 0.0121
2025-11-15 07:20:46,245 - INFO - Epoch: 50, Training Loss: 0.0161, Validation Loss: 0.0121
2025-11-15 07:21:02,717 - INFO - Epoch: 51, Training Loss: 0.0163, Validation Loss: 0.0122
2025-11-15 07:21:14,945 - INFO - Epoch: 52, Training Loss: 0.0161, Validation Loss: 0.0119
2025-11-15 07:21:24,300 - INFO - Epoch: 53, Training Loss: 0.0162, Validation Loss: 0.0120
2025-11-15 07:21:36,028 - INFO - Epoch: 54, Training Loss: 0.0162, Validation Loss: 0.0119
2025-11-15 07:21:49,646 - INFO - Epoch: 55, Training Loss: 0.0160, Validation Loss: 0.0120
2025-11-15 07:21:58,314 - INFO - Epoch: 56, Training Loss: 0.0162, Validation Loss: 0.0119
2025-11-15 07:22:07,715 - INFO - Epoch: 57, Training Loss: 0.0160, Validation Loss: 0.0122
2025-11-15 07:22:20,461 - INFO - Epoch: 58, Training Loss: 0.0162, Validation Loss: 0.0119
2025-11-15 07:22:20,461 - INFO - Early stopping triggered at epoch 58
2025-11-15 07:22:20,461 - INFO - Best validation loss: 0.0119
2025-11-15 07:22:20,470 - INFO - Restored best model weights
2025-11-15 07:22:20,470 - INFO - 
============================================================
2025-11-15 07:22:20,470 - INFO - EVALUATION RESULTS
2025-11-15 07:22:20,470 - INFO - ============================================================
2025-11-15 07:22:20,520 - INFO - Validation Set - MSE: 0.012076, MAE: 0.086389, RMSE: 0.109889, Pearson Correlation: 0.113813 (p=0.179013)
2025-11-15 07:22:20,708 - INFO - Test Set - MSE: 0.019174, MAE: 0.111698, RMSE: 0.138471, Pearson Correlation: -0.271047 (p=0.000263)
2025-11-15 07:22:20,708 - INFO - ============================================================

2025-11-15 07:22:20,709 - INFO - CV Fold 2 completed successfully
2025-11-15 07:22:20,709 - INFO - 
--------------------------------------------------------------------------------
2025-11-15 07:22:20,710 - INFO - CV Fold 3
2025-11-15 07:22:20,710 - INFO - --------------------------------------------------------------------------------
2025-11-15 07:22:20,716 - INFO - Loading dataset...
2025-11-15 07:22:20,815 - INFO - Dataset shapes - Train: (567, 17, 25, 1), Valid: (141, 17, 25, 1), Test: (177, 17, 25, 1)
2025-11-15 07:22:20,817 - INFO - Initializing VIGNet model...
2025-11-15 07:22:20,820 - INFO - Number of batch iterations per epoch: 113
2025-11-15 07:22:30,040 - INFO - Epoch: 1, Training Loss: 0.1243, Validation Loss: 0.0757
2025-11-15 07:22:30,040 - INFO -   → New best validation loss: 0.0757
2025-11-15 07:22:40,808 - INFO - Epoch: 2, Training Loss: 0.0557, Validation Loss: 0.0177
2025-11-15 07:22:40,808 - INFO -   → New best validation loss: 0.0177
2025-11-15 07:22:55,581 - INFO - Epoch: 3, Training Loss: 0.0217, Validation Loss: 0.0207
2025-11-15 07:23:03,278 - INFO - Epoch: 4, Training Loss: 0.0193, Validation Loss: 0.0501
2025-11-15 07:23:13,022 - INFO - Epoch: 5, Training Loss: 0.0194, Validation Loss: 0.0175
2025-11-15 07:23:13,023 - INFO -   → New best validation loss: 0.0175
2025-11-15 07:23:24,395 - INFO - Epoch: 6, Training Loss: 0.0195, Validation Loss: 0.0231
2025-11-15 07:23:38,939 - INFO - Epoch: 7, Training Loss: 0.0188, Validation Loss: 0.0184
2025-11-15 07:23:50,651 - INFO - Epoch: 8, Training Loss: 0.0182, Validation Loss: 0.0201
2025-11-15 07:24:02,399 - INFO - Epoch: 9, Training Loss: 0.0178, Validation Loss: 0.0177
2025-11-15 07:24:13,520 - INFO - Epoch: 10, Training Loss: 0.0177, Validation Loss: 0.0177
2025-11-15 07:24:23,832 - INFO - Epoch: 11, Training Loss: 0.0180, Validation Loss: 0.0181
2025-11-15 07:24:38,742 - INFO - Epoch: 12, Training Loss: 0.0169, Validation Loss: 0.0179
2025-11-15 07:24:52,564 - INFO - Epoch: 13, Training Loss: 0.0168, Validation Loss: 0.0181
2025-11-15 07:25:05,758 - INFO - Epoch: 14, Training Loss: 0.0178, Validation Loss: 0.0177
2025-11-15 07:25:19,766 - INFO - Epoch: 15, Training Loss: 0.0164, Validation Loss: 0.0176
2025-11-15 07:25:34,258 - INFO - Epoch: 16, Training Loss: 0.0172, Validation Loss: 0.0185
2025-11-15 07:25:51,184 - INFO - Epoch: 17, Training Loss: 0.0169, Validation Loss: 0.0195
2025-11-15 07:26:04,866 - INFO - Epoch: 18, Training Loss: 0.0161, Validation Loss: 0.0226
2025-11-15 07:26:17,238 - INFO - Epoch: 19, Training Loss: 0.0162, Validation Loss: 0.0193
2025-11-15 07:26:29,592 - INFO - Epoch: 20, Training Loss: 0.0166, Validation Loss: 0.0177
2025-11-15 07:26:41,935 - INFO - Epoch: 21, Training Loss: 0.0164, Validation Loss: 0.0206
2025-11-15 07:26:55,052 - INFO - Epoch: 22, Training Loss: 0.0163, Validation Loss: 0.0177
2025-11-15 07:27:08,032 - INFO - Epoch: 23, Training Loss: 0.0165, Validation Loss: 0.0175
2025-11-15 07:27:17,868 - INFO - Epoch: 24, Training Loss: 0.0165, Validation Loss: 0.0176
2025-11-15 07:27:29,888 - INFO - Epoch: 25, Training Loss: 0.0159, Validation Loss: 0.0180
2025-11-15 07:27:29,888 - INFO - Early stopping triggered at epoch 25
2025-11-15 07:27:29,888 - INFO - Best validation loss: 0.0175
2025-11-15 07:27:29,892 - INFO - Restored best model weights
2025-11-15 07:27:29,892 - INFO - 
============================================================
2025-11-15 07:27:29,892 - INFO - EVALUATION RESULTS
2025-11-15 07:27:29,892 - INFO - ============================================================
2025-11-15 07:27:29,937 - INFO - Validation Set - MSE: 0.031637, MAE: 0.140071, RMSE: 0.177868, Pearson Correlation: -0.217207 (p=0.009676)
2025-11-15 07:27:29,981 - INFO - Test Set - MSE: 0.014389, MAE: 0.091680, RMSE: 0.119955, Pearson Correlation: 0.070620 (p=0.350276)
2025-11-15 07:27:29,981 - INFO - ============================================================

2025-11-15 07:27:29,981 - INFO - CV Fold 3 completed successfully
2025-11-15 07:27:29,981 - INFO - 
--------------------------------------------------------------------------------
2025-11-15 07:27:29,981 - INFO - CV Fold 4
2025-11-15 07:27:29,981 - INFO - --------------------------------------------------------------------------------
2025-11-15 07:27:29,983 - INFO - Loading dataset...
2025-11-15 07:27:30,069 - INFO - Dataset shapes - Train: (567, 17, 25, 1), Valid: (141, 17, 25, 1), Test: (177, 17, 25, 1)
2025-11-15 07:27:30,071 - INFO - Initializing VIGNet model...
2025-11-15 07:27:30,074 - INFO - Number of batch iterations per epoch: 113
2025-11-15 07:27:47,732 - INFO - Epoch: 1, Training Loss: 0.1371, Validation Loss: 0.1048
2025-11-15 07:27:47,734 - INFO -   → New best validation loss: 0.1048
2025-11-15 07:27:58,503 - INFO - Epoch: 2, Training Loss: 0.0642, Validation Loss: 0.0280
2025-11-15 07:27:58,505 - INFO -   → New best validation loss: 0.0280
2025-11-15 07:28:09,004 - INFO - Epoch: 3, Training Loss: 0.0202, Validation Loss: 0.0160
2025-11-15 07:28:09,004 - INFO -   → New best validation loss: 0.0160
2025-11-15 07:28:19,069 - INFO - Epoch: 4, Training Loss: 0.0177, Validation Loss: 0.0168
2025-11-15 07:28:31,896 - INFO - Epoch: 5, Training Loss: 0.0181, Validation Loss: 0.0170
2025-11-15 07:28:41,884 - INFO - Epoch: 6, Training Loss: 0.0165, Validation Loss: 0.0158
2025-11-15 07:28:41,884 - INFO -   → New best validation loss: 0.0158
2025-11-15 07:28:50,144 - INFO - Epoch: 7, Training Loss: 0.0167, Validation Loss: 0.0186
2025-11-15 07:29:02,869 - INFO - Epoch: 8, Training Loss: 0.0169, Validation Loss: 0.0211
2025-11-15 07:29:11,780 - INFO - Epoch: 9, Training Loss: 0.0174, Validation Loss: 0.0198
2025-11-15 07:29:21,870 - INFO - Epoch: 10, Training Loss: 0.0164, Validation Loss: 0.0165
2025-11-15 07:29:33,079 - INFO - Epoch: 11, Training Loss: 0.0174, Validation Loss: 0.0157
2025-11-15 07:29:33,080 - INFO -   → New best validation loss: 0.0157
2025-11-15 07:29:45,666 - INFO - Epoch: 12, Training Loss: 0.0168, Validation Loss: 0.0153
2025-11-15 07:29:45,668 - INFO -   → New best validation loss: 0.0153
2025-11-15 07:29:57,479 - INFO - Epoch: 13, Training Loss: 0.0166, Validation Loss: 0.0153
2025-11-15 07:30:13,572 - INFO - Epoch: 14, Training Loss: 0.0166, Validation Loss: 0.0153
2025-11-15 07:30:29,907 - INFO - Epoch: 15, Training Loss: 0.0169, Validation Loss: 0.0161
2025-11-15 07:30:39,934 - INFO - Epoch: 16, Training Loss: 0.0162, Validation Loss: 0.0158
2025-11-15 07:30:50,935 - INFO - Epoch: 17, Training Loss: 0.0166, Validation Loss: 0.0153
2025-11-15 07:31:04,459 - INFO - Epoch: 18, Training Loss: 0.0165, Validation Loss: 0.0153
2025-11-15 07:31:17,568 - INFO - Epoch: 19, Training Loss: 0.0164, Validation Loss: 0.0154
2025-11-15 07:31:28,947 - INFO - Epoch: 20, Training Loss: 0.0165, Validation Loss: 0.0186
2025-11-15 07:31:39,994 - INFO - Epoch: 21, Training Loss: 0.0165, Validation Loss: 0.0161
2025-11-15 07:31:51,182 - INFO - Epoch: 22, Training Loss: 0.0165, Validation Loss: 0.0154
2025-11-15 07:32:02,996 - INFO - Epoch: 23, Training Loss: 0.0165, Validation Loss: 0.0152
2025-11-15 07:32:02,996 - INFO -   → New best validation loss: 0.0152
2025-11-15 07:32:15,232 - INFO - Epoch: 24, Training Loss: 0.0160, Validation Loss: 0.0153
2025-11-15 07:32:28,662 - INFO - Epoch: 25, Training Loss: 0.0162, Validation Loss: 0.0169
2025-11-15 07:32:40,057 - INFO - Epoch: 26, Training Loss: 0.0165, Validation Loss: 0.0153
2025-11-15 07:32:52,890 - INFO - Epoch: 27, Training Loss: 0.0161, Validation Loss: 0.0153
2025-11-15 07:33:04,785 - INFO - Epoch: 28, Training Loss: 0.0160, Validation Loss: 0.0154
2025-11-15 07:33:17,729 - INFO - Epoch: 29, Training Loss: 0.0163, Validation Loss: 0.0153
2025-11-15 07:33:27,549 - INFO - Epoch: 30, Training Loss: 0.0159, Validation Loss: 0.0158
2025-11-15 07:33:34,949 - INFO - Epoch: 31, Training Loss: 0.0162, Validation Loss: 0.0166
2025-11-15 07:33:48,084 - INFO - Epoch: 32, Training Loss: 0.0163, Validation Loss: 0.0154
2025-11-15 07:33:59,136 - INFO - Epoch: 33, Training Loss: 0.0162, Validation Loss: 0.0156
2025-11-15 07:34:11,982 - INFO - Epoch: 34, Training Loss: 0.0163, Validation Loss: 0.0153
2025-11-15 07:34:22,907 - INFO - Epoch: 35, Training Loss: 0.0161, Validation Loss: 0.0153
2025-11-15 07:34:35,600 - INFO - Epoch: 36, Training Loss: 0.0164, Validation Loss: 0.0157
2025-11-15 07:34:47,380 - INFO - Epoch: 37, Training Loss: 0.0162, Validation Loss: 0.0155
2025-11-15 07:34:58,398 - INFO - Epoch: 38, Training Loss: 0.0160, Validation Loss: 0.0153
2025-11-15 07:35:10,433 - INFO - Epoch: 39, Training Loss: 0.0162, Validation Loss: 0.0156
2025-11-15 07:35:22,931 - INFO - Epoch: 40, Training Loss: 0.0162, Validation Loss: 0.0155
2025-11-15 07:35:34,470 - INFO - Epoch: 41, Training Loss: 0.0160, Validation Loss: 0.0155
2025-11-15 07:35:46,951 - INFO - Epoch: 42, Training Loss: 0.0161, Validation Loss: 0.0152
2025-11-15 07:36:00,253 - INFO - Epoch: 43, Training Loss: 0.0159, Validation Loss: 0.0153
2025-11-15 07:36:00,253 - INFO - Early stopping triggered at epoch 43
2025-11-15 07:36:00,253 - INFO - Best validation loss: 0.0152
2025-11-15 07:36:00,268 - INFO - Restored best model weights
2025-11-15 07:36:00,269 - INFO - 
============================================================
2025-11-15 07:36:00,269 - INFO - EVALUATION RESULTS
2025-11-15 07:36:00,269 - INFO - ============================================================
2025-11-15 07:36:00,435 - INFO - Validation Set - MSE: 0.015613, MAE: 0.104365, RMSE: 0.124953, Pearson Correlation: -0.094241 (p=0.266327)
2025-11-15 07:36:00,628 - INFO - Test Set - MSE: 0.016491, MAE: 0.102490, RMSE: 0.128419, Pearson Correlation: -0.011498 (p=0.879269)
2025-11-15 07:36:00,628 - INFO - ============================================================

2025-11-15 07:36:00,629 - INFO - CV Fold 4 completed successfully
2025-11-15 07:36:00,629 - INFO - 
================================================================================
2025-11-15 07:36:00,629 - INFO - CROSS-VALIDATION SUMMARY - TRIAL 6
2025-11-15 07:36:00,629 - INFO - ================================================================================
2025-11-15 07:36:00,629 - INFO - Validation Set (Average across 5 CV folds):
2025-11-15 07:36:00,629 - INFO -   MSE: 0.018580 ± 0.006753
2025-11-15 07:36:00,629 - INFO -   MAE: 0.107388 ± 0.017644
2025-11-15 07:36:00,629 - INFO -   RMSE: 0.134366 ± 0.022919
2025-11-15 07:36:00,629 - INFO -   Pearson Correlation: -0.012851 ± 0.148172
2025-11-15 07:36:00,629 - INFO - 
Test Set (Average across 5 CV folds):
2025-11-15 07:36:00,629 - INFO -   MSE: 0.016232 ± 0.001617
2025-11-15 07:36:00,629 - INFO -   MAE: 0.102271 ± 0.006398
2025-11-15 07:36:00,629 - INFO -   RMSE: 0.127251 ± 0.006228
2025-11-15 07:36:00,630 - INFO -   Pearson Correlation: 0.010580 ± 0.153808
2025-11-15 07:36:00,630 - INFO - ================================================================================
2025-11-15 07:36:00,630 - INFO - ================================================================================
2025-11-15 07:36:00,630 - INFO - Trial 6 completed. End time: 2025-11-15 07:36:00
2025-11-15 07:36:00,630 - INFO - ================================================================================
