2025-11-23 00:17:05,061 - INFO - ================================================================================
2025-11-23 00:17:05,061 - INFO - TRIAL 11 - Task: RGS (FP1/FP2 only, no CV)
2025-11-23 00:17:05,061 - INFO - Log file: ./logs_fp_no_cv/trial11_RGS_20251122_213534.log
2025-11-23 00:17:05,061 - INFO - Start time: 2025-11-23 00:17:05
2025-11-23 00:17:05,061 - INFO - ================================================================================
2025-11-23 00:17:05,063 - INFO - START TRAINING - Task: RGS (FP1/FP2 only, no CV)
2025-11-23 00:17:05,063 - INFO - Learning rate: 0.005, Epochs: 200, Batches: 8
2025-11-23 00:17:05,063 - INFO - Data split: 70% train / 15% validation / 15% test
2025-11-23 00:17:05,063 - INFO - Loading dataset (FP1/FP2 channels only, fixed split)...
2025-11-23 00:17:05,075 - INFO - Dataset shapes - Train: (617, 2, 25, 1), Valid: (130, 2, 25, 1), Test: (138, 2, 25, 1)
2025-11-23 00:17:05,075 - INFO - Applied feature normalization (StandardScaler)
2025-11-23 00:17:05,076 - INFO - Initializing VIGNet-FP model (2 channels)...
2025-11-23 00:17:05,080 - INFO - Number of batch iterations per epoch: 77
2025-11-23 00:17:14,340 - INFO - Epoch: 1, Training Loss: 0.0273, Validation Loss: 0.0169
2025-11-23 00:17:14,342 - INFO -   → New best validation loss: 0.0169
2025-11-23 00:17:21,958 - INFO - Epoch: 2, Training Loss: 0.0190, Validation Loss: 0.0151
2025-11-23 00:17:21,959 - INFO -   → New best validation loss: 0.0151
2025-11-23 00:17:31,395 - INFO - Epoch: 3, Training Loss: 0.0191, Validation Loss: 0.0121
2025-11-23 00:17:31,396 - INFO -   → New best validation loss: 0.0121
2025-11-23 00:17:37,343 - INFO - Epoch: 4, Training Loss: 0.0144, Validation Loss: 0.0147
2025-11-23 00:17:46,175 - INFO - Epoch: 5, Training Loss: 0.0129, Validation Loss: 0.0087
2025-11-23 00:17:46,181 - INFO -   → New best validation loss: 0.0087
2025-11-23 00:17:55,259 - INFO - Epoch: 6, Training Loss: 0.0102, Validation Loss: 0.0088
2025-11-23 00:18:06,756 - INFO - Epoch: 7, Training Loss: 0.0108, Validation Loss: 0.0106
2025-11-23 00:18:16,529 - INFO - Epoch: 8, Training Loss: 0.0097, Validation Loss: 0.0137
2025-11-23 00:18:26,890 - INFO - Epoch: 9, Training Loss: 0.0095, Validation Loss: 0.0083
2025-11-23 00:18:26,891 - INFO -   → New best validation loss: 0.0083
2025-11-23 00:18:35,012 - INFO - Epoch: 10, Training Loss: 0.0081, Validation Loss: 0.0072
2025-11-23 00:18:35,013 - INFO -   → New best validation loss: 0.0072
2025-11-23 00:18:46,414 - INFO - Epoch: 11, Training Loss: 0.0082, Validation Loss: 0.0076
2025-11-23 00:18:54,069 - INFO - Epoch: 12, Training Loss: 0.0077, Validation Loss: 0.0092
2025-11-23 00:19:03,241 - INFO - Epoch: 13, Training Loss: 0.0079, Validation Loss: 0.0071
2025-11-23 00:19:03,242 - INFO -   → New best validation loss: 0.0071
2025-11-23 00:19:09,664 - INFO - Epoch: 14, Training Loss: 0.0075, Validation Loss: 0.0072
2025-11-23 00:19:19,292 - INFO - Epoch: 15, Training Loss: 0.0077, Validation Loss: 0.0075
2025-11-23 00:19:26,678 - INFO - Epoch: 16, Training Loss: 0.0077, Validation Loss: 0.0076
2025-11-23 00:19:37,717 - INFO - Epoch: 17, Training Loss: 0.0066, Validation Loss: 0.0087
2025-11-23 00:19:47,220 - INFO - Epoch: 18, Training Loss: 0.0070, Validation Loss: 0.0074
2025-11-23 00:19:58,356 - INFO - Epoch: 19, Training Loss: 0.0064, Validation Loss: 0.0053
2025-11-23 00:19:58,357 - INFO -   → New best validation loss: 0.0053
2025-11-23 00:20:08,122 - INFO - Epoch: 20, Training Loss: 0.0060, Validation Loss: 0.0052
2025-11-23 00:20:08,127 - INFO -   → New best validation loss: 0.0052
2025-11-23 00:20:16,951 - INFO - Epoch: 21, Training Loss: 0.0055, Validation Loss: 0.0076
2025-11-23 00:20:27,632 - INFO - Epoch: 22, Training Loss: 0.0055, Validation Loss: 0.0048
2025-11-23 00:20:27,635 - INFO -   → New best validation loss: 0.0048
2025-11-23 00:20:38,865 - INFO - Epoch: 23, Training Loss: 0.0047, Validation Loss: 0.0043
2025-11-23 00:20:38,866 - INFO -   → New best validation loss: 0.0043
2025-11-23 00:20:48,581 - INFO - Epoch: 24, Training Loss: 0.0047, Validation Loss: 0.0050
2025-11-23 00:20:58,027 - INFO - Epoch: 25, Training Loss: 0.0050, Validation Loss: 0.0096
2025-11-23 00:21:07,537 - INFO - Epoch: 26, Training Loss: 0.0052, Validation Loss: 0.0043
2025-11-23 00:21:17,326 - INFO - Epoch: 27, Training Loss: 0.0037, Validation Loss: 0.0045
2025-11-23 00:21:27,290 - INFO - Epoch: 28, Training Loss: 0.0051, Validation Loss: 0.0058
2025-11-23 00:21:35,496 - INFO - Epoch: 29, Training Loss: 0.0043, Validation Loss: 0.0031
2025-11-23 00:21:35,501 - INFO -   → New best validation loss: 0.0031
2025-11-23 00:21:45,442 - INFO - Epoch: 30, Training Loss: 0.0044, Validation Loss: 0.0060
2025-11-23 00:21:55,014 - INFO - Epoch: 31, Training Loss: 0.0046, Validation Loss: 0.0033
2025-11-23 00:22:04,841 - INFO - Epoch: 32, Training Loss: 0.0036, Validation Loss: 0.0056
2025-11-23 00:22:14,220 - INFO - Epoch: 33, Training Loss: 0.0033, Validation Loss: 0.0046
2025-11-23 00:22:23,756 - INFO - Epoch: 34, Training Loss: 0.0033, Validation Loss: 0.0029
2025-11-23 00:22:23,761 - INFO -   → New best validation loss: 0.0029
2025-11-23 00:22:34,607 - INFO - Epoch: 35, Training Loss: 0.0030, Validation Loss: 0.0046
2025-11-23 00:22:43,393 - INFO - Epoch: 36, Training Loss: 0.0033, Validation Loss: 0.0036
2025-11-23 00:22:53,040 - INFO - Epoch: 37, Training Loss: 0.0030, Validation Loss: 0.0025
2025-11-23 00:22:53,041 - INFO -   → New best validation loss: 0.0025
2025-11-23 00:23:01,984 - INFO - Epoch: 38, Training Loss: 0.0026, Validation Loss: 0.0029
2025-11-23 00:23:11,490 - INFO - Epoch: 39, Training Loss: 0.0026, Validation Loss: 0.0046
2025-11-23 00:23:20,287 - INFO - Epoch: 40, Training Loss: 0.0034, Validation Loss: 0.0029
2025-11-23 00:23:29,764 - INFO - Epoch: 41, Training Loss: 0.0027, Validation Loss: 0.0032
2025-11-23 00:23:39,820 - INFO - Epoch: 42, Training Loss: 0.0022, Validation Loss: 0.0024
2025-11-23 00:23:39,822 - INFO -   → New best validation loss: 0.0024
2025-11-23 00:23:46,503 - INFO - Epoch: 43, Training Loss: 0.0028, Validation Loss: 0.0039
2025-11-23 00:23:54,898 - INFO - Epoch: 44, Training Loss: 0.0025, Validation Loss: 0.0021
2025-11-23 00:23:54,899 - INFO -   → New best validation loss: 0.0021
2025-11-23 00:24:03,842 - INFO - Epoch: 45, Training Loss: 0.0021, Validation Loss: 0.0025
2025-11-23 00:24:13,150 - INFO - Epoch: 46, Training Loss: 0.0021, Validation Loss: 0.0040
2025-11-23 00:24:21,496 - INFO - Epoch: 47, Training Loss: 0.0032, Validation Loss: 0.0024
2025-11-23 00:24:31,046 - INFO - Epoch: 48, Training Loss: 0.0021, Validation Loss: 0.0025
2025-11-23 00:24:42,211 - INFO - Epoch: 49, Training Loss: 0.0016, Validation Loss: 0.0030
2025-11-23 00:24:52,457 - INFO - Epoch: 50, Training Loss: 0.0019, Validation Loss: 0.0033
2025-11-23 00:25:00,660 - INFO - Epoch: 51, Training Loss: 0.0017, Validation Loss: 0.0044
2025-11-23 00:25:09,047 - INFO - Epoch: 52, Training Loss: 0.0025, Validation Loss: 0.0030
2025-11-23 00:25:18,571 - INFO - Epoch: 53, Training Loss: 0.0018, Validation Loss: 0.0022
2025-11-23 00:25:28,644 - INFO - Epoch: 54, Training Loss: 0.0016, Validation Loss: 0.0016
2025-11-23 00:25:28,649 - INFO -   → New best validation loss: 0.0016
2025-11-23 00:25:37,351 - INFO - Epoch: 55, Training Loss: 0.0018, Validation Loss: 0.0038
2025-11-23 00:25:46,670 - INFO - Epoch: 56, Training Loss: 0.0017, Validation Loss: 0.0019
2025-11-23 00:25:55,233 - INFO - Epoch: 57, Training Loss: 0.0013, Validation Loss: 0.0029
2025-11-23 00:26:02,756 - INFO - Epoch: 58, Training Loss: 0.0015, Validation Loss: 0.0021
2025-11-23 00:26:11,033 - INFO - Epoch: 59, Training Loss: 0.0022, Validation Loss: 0.0024
2025-11-23 00:26:18,394 - INFO - Epoch: 60, Training Loss: 0.0014, Validation Loss: 0.0017
2025-11-23 00:26:27,110 - INFO - Epoch: 61, Training Loss: 0.0014, Validation Loss: 0.0037
2025-11-23 00:26:36,192 - INFO - Epoch: 62, Training Loss: 0.0015, Validation Loss: 0.0017
2025-11-23 00:26:45,030 - INFO - Epoch: 63, Training Loss: 0.0014, Validation Loss: 0.0016
2025-11-23 00:26:55,309 - INFO - Epoch: 64, Training Loss: 0.0014, Validation Loss: 0.0026
2025-11-23 00:27:04,861 - INFO - Epoch: 65, Training Loss: 0.0017, Validation Loss: 0.0022
2025-11-23 00:27:13,268 - INFO - Epoch: 66, Training Loss: 0.0016, Validation Loss: 0.0013
2025-11-23 00:27:13,269 - INFO -   → New best validation loss: 0.0013
2025-11-23 00:27:22,727 - INFO - Epoch: 67, Training Loss: 0.0016, Validation Loss: 0.0021
2025-11-23 00:27:30,122 - INFO - Epoch: 68, Training Loss: 0.0017, Validation Loss: 0.0016
2025-11-23 00:27:39,148 - INFO - Epoch: 69, Training Loss: 0.0013, Validation Loss: 0.0026
2025-11-23 00:27:47,264 - INFO - Epoch: 70, Training Loss: 0.0015, Validation Loss: 0.0013
2025-11-23 00:27:56,454 - INFO - Epoch: 71, Training Loss: 0.0012, Validation Loss: 0.0016
2025-11-23 00:28:04,481 - INFO - Epoch: 72, Training Loss: 0.0014, Validation Loss: 0.0018
2025-11-23 00:28:14,483 - INFO - Epoch: 73, Training Loss: 0.0013, Validation Loss: 0.0014
2025-11-23 00:28:26,499 - INFO - Epoch: 74, Training Loss: 0.0010, Validation Loss: 0.0015
2025-11-23 00:28:34,003 - INFO - Epoch: 75, Training Loss: 0.0010, Validation Loss: 0.0023
2025-11-23 00:28:43,985 - INFO - Epoch: 76, Training Loss: 0.0010, Validation Loss: 0.0016
2025-11-23 00:28:52,578 - INFO - Epoch: 77, Training Loss: 0.0017, Validation Loss: 0.0014
2025-11-23 00:28:59,785 - INFO - Epoch: 78, Training Loss: 0.0011, Validation Loss: 0.0011
2025-11-23 00:28:59,786 - INFO -   → New best validation loss: 0.0011
2025-11-23 00:29:08,435 - INFO - Epoch: 79, Training Loss: 0.0016, Validation Loss: 0.0029
2025-11-23 00:29:17,605 - INFO - Epoch: 80, Training Loss: 0.0013, Validation Loss: 0.0017
2025-11-23 00:29:28,294 - INFO - Epoch: 81, Training Loss: 0.0010, Validation Loss: 0.0024
2025-11-23 00:29:38,343 - INFO - Epoch: 82, Training Loss: 0.0013, Validation Loss: 0.0018
2025-11-23 00:29:45,560 - INFO - Epoch: 83, Training Loss: 0.0014, Validation Loss: 0.0016
2025-11-23 00:29:53,204 - INFO - Epoch: 84, Training Loss: 0.0016, Validation Loss: 0.0019
2025-11-23 00:30:03,680 - INFO - Epoch: 85, Training Loss: 0.0016, Validation Loss: 0.0014
2025-11-23 00:30:13,413 - INFO - Epoch: 86, Training Loss: 0.0013, Validation Loss: 0.0013
2025-11-23 00:30:21,821 - INFO - Epoch: 87, Training Loss: 0.0011, Validation Loss: 0.0023
2025-11-23 00:30:28,258 - INFO - Epoch: 88, Training Loss: 0.0012, Validation Loss: 0.0018
2025-11-23 00:30:36,622 - INFO - Epoch: 89, Training Loss: 0.0011, Validation Loss: 0.0012
2025-11-23 00:30:46,056 - INFO - Epoch: 90, Training Loss: 0.0011, Validation Loss: 0.0014
2025-11-23 00:30:56,562 - INFO - Epoch: 91, Training Loss: 0.0009, Validation Loss: 0.0016
2025-11-23 00:31:06,730 - INFO - Epoch: 92, Training Loss: 0.0012, Validation Loss: 0.0014
2025-11-23 00:31:17,364 - INFO - Epoch: 93, Training Loss: 0.0009, Validation Loss: 0.0015
2025-11-23 00:31:26,820 - INFO - Epoch: 94, Training Loss: 0.0009, Validation Loss: 0.0012
2025-11-23 00:31:38,061 - INFO - Epoch: 95, Training Loss: 0.0014, Validation Loss: 0.0017
2025-11-23 00:31:47,776 - INFO - Epoch: 96, Training Loss: 0.0015, Validation Loss: 0.0017
2025-11-23 00:31:59,623 - INFO - Epoch: 97, Training Loss: 0.0010, Validation Loss: 0.0015
2025-11-23 00:32:08,439 - INFO - Epoch: 98, Training Loss: 0.0011, Validation Loss: 0.0018
2025-11-23 00:32:08,439 - INFO - Early stopping triggered at epoch 98
2025-11-23 00:32:08,439 - INFO - Best validation loss: 0.0011
2025-11-23 00:32:08,444 - INFO - Restored best model weights
2025-11-23 00:32:08,444 - INFO - Starting model save process...
2025-11-23 00:32:08,444 - INFO - Creating models directory: ./logs_fp_no_cv/models
2025-11-23 00:32:08,444 - INFO - Models directory created/verified: ./logs_fp_no_cv/models
2025-11-23 00:32:08,444 - INFO - Attempting to save model to: ./logs_fp_no_cv/models/trial11_best_model
2025-11-23 00:32:08,710 - WARNING - Failed to save model in SavedModel format: in user code:

    File "/home/vivian/miniconda3/envs/seed/lib/python3.8/site-packages/keras/src/saving/legacy/saving_utils.py", line 147, in _wrapped_model  *
        outputs = model(*args, **kwargs)
    File "/home/vivian/miniconda3/envs/seed/lib/python3.8/site-packages/keras/src/utils/traceback_utils.py", line 70, in error_handler  **
        raise e.with_traceback(filtered_tb) from None
    File "/tmp/__autograph_generated_file3t0ck_8q.py", line 10, in tf__call
        att1 = ag__.converted_call(ag__.ld(self).MHRSSA, (ag__.ld(x), 10), None, fscope)
    File "/tmp/__autograph_generated_file2szops_9.py", line 41, in tf__MHRSSA
        ag__.for_stmt(ag__.converted_call(ag__.ld(range), (ag__.ld(out_filter),), None, fscope), None, loop_body, get_state_1, set_state_1, ('MHRSSA',), {'iterate_names': 'i'})
    File "/tmp/__autograph_generated_file2szops_9.py", line 21, in loop_body
        tmp = ag__.converted_call(ag__.converted_call(ag__.ld(tf).keras.layers.Conv2D, (ag__.ld(num_channel), (ag__.ld(num_channel), 1)), dict(kernel_regularizer=ag__.ld(self).regularizer, activation=None), fscope), (ag__.ld(x),), None, fscope)

    ValueError: Exception encountered when calling layer 'vignet_fp_10' (type vignet_fp).
    
    in user code:
    
        File "/home/vivian/eeg/SEED_VIG/VIGNet/network_fp.py", line 56, in call  *
            att1 = self.MHRSSA(x, 10)
        File "/home/vivian/eeg/SEED_VIG/VIGNet/network_fp.py", line 44, in MHRSSA  *
            tmp = tf.keras.layers.Conv2D(num_channel, (num_channel, 1), kernel_regularizer=self.regularizer, activation=None)(x)
        File "/home/vivian/miniconda3/envs/seed/lib/python3.8/site-packages/keras/src/utils/traceback_utils.py", line 70, in error_handler  **
            raise e.with_traceback(filtered_tb) from None
    
        ValueError: tf.function only supports singleton tf.Variables created on the first call. Make sure the tf.Variable is only created once or created outside tf.function. See https://www.tensorflow.org/guide/function#creating_tfvariables for more information.
    
    
    Call arguments received by layer 'vignet_fp_10' (type vignet_fp):
      • x=tf.Tensor(shape=(None, 2, 25, 1), dtype=float64)
      • training=False

2025-11-23 00:32:08,710 - WARNING - Traceback (most recent call last):
  File "experiment_fp_no_cv.py", line 261, in _save_model
    model.save(model_save_path, save_format='tf')
  File "/home/vivian/miniconda3/envs/seed/lib/python3.8/site-packages/keras/src/utils/traceback_utils.py", line 70, in error_handler
    raise e.with_traceback(filtered_tb) from None
  File "/tmp/__autograph_generated_fileu3w_yla6.py", line 14, in tf___wrapped_model
    outputs = ag__.converted_call(ag__.ld(model), tuple(ag__.ld(args)), dict(**ag__.ld(kwargs)), fscope)
  File "/tmp/__autograph_generated_file3t0ck_8q.py", line 10, in tf__call
    att1 = ag__.converted_call(ag__.ld(self).MHRSSA, (ag__.ld(x), 10), None, fscope)
  File "/tmp/__autograph_generated_file2szops_9.py", line 41, in tf__MHRSSA
    ag__.for_stmt(ag__.converted_call(ag__.ld(range), (ag__.ld(out_filter),), None, fscope), None, loop_body, get_state_1, set_state_1, ('MHRSSA',), {'iterate_names': 'i'})
  File "/tmp/__autograph_generated_file2szops_9.py", line 21, in loop_body
    tmp = ag__.converted_call(ag__.converted_call(ag__.ld(tf).keras.layers.Conv2D, (ag__.ld(num_channel), (ag__.ld(num_channel), 1)), dict(kernel_regularizer=ag__.ld(self).regularizer, activation=None), fscope), (ag__.ld(x),), None, fscope)
ValueError: in user code:

    File "/home/vivian/miniconda3/envs/seed/lib/python3.8/site-packages/keras/src/saving/legacy/saving_utils.py", line 147, in _wrapped_model  *
        outputs = model(*args, **kwargs)
    File "/home/vivian/miniconda3/envs/seed/lib/python3.8/site-packages/keras/src/utils/traceback_utils.py", line 70, in error_handler  **
        raise e.with_traceback(filtered_tb) from None
    File "/tmp/__autograph_generated_file3t0ck_8q.py", line 10, in tf__call
        att1 = ag__.converted_call(ag__.ld(self).MHRSSA, (ag__.ld(x), 10), None, fscope)
    File "/tmp/__autograph_generated_file2szops_9.py", line 41, in tf__MHRSSA
        ag__.for_stmt(ag__.converted_call(ag__.ld(range), (ag__.ld(out_filter),), None, fscope), None, loop_body, get_state_1, set_state_1, ('MHRSSA',), {'iterate_names': 'i'})
    File "/tmp/__autograph_generated_file2szops_9.py", line 21, in loop_body
        tmp = ag__.converted_call(ag__.converted_call(ag__.ld(tf).keras.layers.Conv2D, (ag__.ld(num_channel), (ag__.ld(num_channel), 1)), dict(kernel_regularizer=ag__.ld(self).regularizer, activation=None), fscope), (ag__.ld(x),), None, fscope)

    ValueError: Exception encountered when calling layer 'vignet_fp_10' (type vignet_fp).
    
    in user code:
    
        File "/home/vivian/eeg/SEED_VIG/VIGNet/network_fp.py", line 56, in call  *
            att1 = self.MHRSSA(x, 10)
        File "/home/vivian/eeg/SEED_VIG/VIGNet/network_fp.py", line 44, in MHRSSA  *
            tmp = tf.keras.layers.Conv2D(num_channel, (num_channel, 1), kernel_regularizer=self.regularizer, activation=None)(x)
        File "/home/vivian/miniconda3/envs/seed/lib/python3.8/site-packages/keras/src/utils/traceback_utils.py", line 70, in error_handler  **
            raise e.with_traceback(filtered_tb) from None
    
        ValueError: tf.function only supports singleton tf.Variables created on the first call. Make sure the tf.Variable is only created once or created outside tf.function. See https://www.tensorflow.org/guide/function#creating_tfvariables for more information.
    
    
    Call arguments received by layer 'vignet_fp_10' (type vignet_fp):
      • x=tf.Tensor(shape=(None, 2, 25, 1), dtype=float64)
      • training=False


2025-11-23 00:32:08,710 - INFO - Attempting to save model weights to: ./logs_fp_no_cv/models/trial11_best_weights.h5
2025-11-23 00:32:08,720 - INFO - ✓ Saved model weights to: ./logs_fp_no_cv/models/trial11_best_weights.h5
2025-11-23 00:32:08,720 - INFO - Attempting to save scaler to: ./logs_fp_no_cv/models/trial11_scaler.pkl
2025-11-23 00:32:08,721 - INFO - ✓ Saved scaler to: ./logs_fp_no_cv/models/trial11_scaler.pkl
2025-11-23 00:32:08,721 - INFO - Attempting to save metadata to: ./logs_fp_no_cv/models/trial11_metadata.pkl
2025-11-23 00:32:08,721 - INFO - ✓ Saved model metadata to: ./logs_fp_no_cv/models/trial11_metadata.pkl
2025-11-23 00:32:08,721 - INFO - Model save process completed
2025-11-23 00:32:08,721 - INFO - 
============================================================
2025-11-23 00:32:08,721 - INFO - EVALUATION RESULTS
2025-11-23 00:32:08,721 - INFO - ============================================================
2025-11-23 00:32:08,860 - INFO - Validation Prediction Stats:
2025-11-23 00:32:08,860 - INFO -   Std: 0.119166, Range: 0.581465, Unique ratio: 0.6923
2025-11-23 00:32:08,861 - INFO - Validation Set - MSE: 0.001323, MAE: 0.029810, RMSE: 0.036371, Pearson Correlation: 0.963180 (p=0.000000)
2025-11-23 00:32:09,052 - INFO - Test Prediction Stats:
2025-11-23 00:32:09,052 - INFO -   Std: 0.130525, Range: 0.630633, Unique ratio: 0.7609
2025-11-23 00:32:09,054 - INFO - Test Set - MSE: 0.001030, MAE: 0.024867, RMSE: 0.032097, Pearson Correlation: 0.973460 (p=0.000000)
2025-11-23 00:32:09,054 - INFO - ============================================================

2025-11-23 00:32:09,055 - INFO - Trial completed successfully
2025-11-23 00:32:09,055 - INFO - ================================================================================
2025-11-23 00:32:09,055 - INFO - Trial 11 completed. End time: 2025-11-23 00:32:09
2025-11-23 00:32:09,055 - INFO - ================================================================================
