2025-11-17 14:17:58,743 - INFO - ================================================================================
2025-11-17 14:17:58,743 - INFO - TRIAL 16 - Task: RGS (FP1/FP2 only, no CV)
2025-11-17 14:17:58,743 - INFO - Log file: ./logs_fp_no_cv/trial16_RGS_20251117_093635.log
2025-11-17 14:17:58,743 - INFO - Start time: 2025-11-17 14:17:58
2025-11-17 14:17:58,743 - INFO - ================================================================================
2025-11-17 14:17:58,744 - INFO - START TRAINING - Task: RGS (FP1/FP2 only, no CV)
2025-11-17 14:17:58,744 - INFO - Learning rate: 0.005, Epochs: 200, Batches: 8
2025-11-17 14:17:58,744 - INFO - Data split: 70% train / 15% validation / 15% test
2025-11-17 14:17:58,745 - INFO - Loading dataset (FP1/FP2 channels only, fixed split)...
2025-11-17 14:17:58,756 - INFO - Dataset shapes - Train: (617, 2, 25, 1), Valid: (131, 2, 25, 1), Test: (137, 2, 25, 1)
2025-11-17 14:17:58,757 - INFO - Applied feature normalization (StandardScaler)
2025-11-17 14:17:58,757 - INFO - Initializing VIGNet-FP model (2 channels)...
2025-11-17 14:17:58,761 - INFO - Number of batch iterations per epoch: 77
2025-11-17 14:18:08,537 - INFO - Epoch: 1, Training Loss: 0.1349, Validation Loss: 0.0619
2025-11-17 14:18:08,538 - INFO -   → New best validation loss: 0.0619
2025-11-17 14:18:15,370 - INFO - Epoch: 2, Training Loss: 0.0595, Validation Loss: 0.0732
2025-11-17 14:18:24,712 - INFO - Epoch: 3, Training Loss: 0.0633, Validation Loss: 0.0556
2025-11-17 14:18:24,713 - INFO -   → New best validation loss: 0.0556
2025-11-17 14:18:30,672 - INFO - Epoch: 4, Training Loss: 0.0517, Validation Loss: 0.0529
2025-11-17 14:18:30,674 - INFO -   → New best validation loss: 0.0529
2025-11-17 14:18:39,816 - INFO - Epoch: 5, Training Loss: 0.0405, Validation Loss: 0.0281
2025-11-17 14:18:39,817 - INFO -   → New best validation loss: 0.0281
2025-11-17 14:18:48,099 - INFO - Epoch: 6, Training Loss: 0.0257, Validation Loss: 0.0251
2025-11-17 14:18:48,105 - INFO -   → New best validation loss: 0.0251
2025-11-17 14:18:55,431 - INFO - Epoch: 7, Training Loss: 0.0224, Validation Loss: 0.0246
2025-11-17 14:18:55,432 - INFO -   → New best validation loss: 0.0246
2025-11-17 14:19:03,834 - INFO - Epoch: 8, Training Loss: 0.0220, Validation Loss: 0.0399
2025-11-17 14:19:10,004 - INFO - Epoch: 9, Training Loss: 0.0214, Validation Loss: 0.0212
2025-11-17 14:19:10,005 - INFO -   → New best validation loss: 0.0212
2025-11-17 14:19:18,814 - INFO - Epoch: 10, Training Loss: 0.0198, Validation Loss: 0.0223
2025-11-17 14:19:28,854 - INFO - Epoch: 11, Training Loss: 0.0199, Validation Loss: 0.0200
2025-11-17 14:19:28,855 - INFO -   → New best validation loss: 0.0200
2025-11-17 14:19:37,710 - INFO - Epoch: 12, Training Loss: 0.0205, Validation Loss: 0.0160
2025-11-17 14:19:37,711 - INFO -   → New best validation loss: 0.0160
2025-11-17 14:19:45,195 - INFO - Epoch: 13, Training Loss: 0.0184, Validation Loss: 0.0157
2025-11-17 14:19:45,196 - INFO -   → New best validation loss: 0.0157
2025-11-17 14:19:55,718 - INFO - Epoch: 14, Training Loss: 0.0198, Validation Loss: 0.0149
2025-11-17 14:19:55,718 - INFO -   → New best validation loss: 0.0149
2025-11-17 14:20:03,634 - INFO - Epoch: 15, Training Loss: 0.0188, Validation Loss: 0.0162
2025-11-17 14:20:12,936 - INFO - Epoch: 16, Training Loss: 0.0176, Validation Loss: 0.0146
2025-11-17 14:20:12,940 - INFO -   → New best validation loss: 0.0146
2025-11-17 14:20:21,773 - INFO - Epoch: 17, Training Loss: 0.0156, Validation Loss: 0.0123
2025-11-17 14:20:21,774 - INFO -   → New best validation loss: 0.0123
2025-11-17 14:20:27,501 - INFO - Epoch: 18, Training Loss: 0.0144, Validation Loss: 0.0157
2025-11-17 14:20:35,682 - INFO - Epoch: 19, Training Loss: 0.0123, Validation Loss: 0.0130
2025-11-17 14:20:45,231 - INFO - Epoch: 20, Training Loss: 0.0134, Validation Loss: 0.0114
2025-11-17 14:20:45,234 - INFO -   → New best validation loss: 0.0114
2025-11-17 14:20:53,616 - INFO - Epoch: 21, Training Loss: 0.0135, Validation Loss: 0.0214
2025-11-17 14:21:02,205 - INFO - Epoch: 22, Training Loss: 0.0116, Validation Loss: 0.0102
2025-11-17 14:21:02,207 - INFO -   → New best validation loss: 0.0102
2025-11-17 14:21:10,154 - INFO - Epoch: 23, Training Loss: 0.0113, Validation Loss: 0.0149
2025-11-17 14:21:17,637 - INFO - Epoch: 24, Training Loss: 0.0110, Validation Loss: 0.0101
2025-11-17 14:21:17,638 - INFO -   → New best validation loss: 0.0101
2025-11-17 14:21:24,792 - INFO - Epoch: 25, Training Loss: 0.0102, Validation Loss: 0.0108
2025-11-17 14:21:31,944 - INFO - Epoch: 26, Training Loss: 0.0097, Validation Loss: 0.0094
2025-11-17 14:21:31,945 - INFO -   → New best validation loss: 0.0094
2025-11-17 14:21:41,099 - INFO - Epoch: 27, Training Loss: 0.0089, Validation Loss: 0.0121
2025-11-17 14:21:50,140 - INFO - Epoch: 28, Training Loss: 0.0093, Validation Loss: 0.0080
2025-11-17 14:21:50,145 - INFO -   → New best validation loss: 0.0080
2025-11-17 14:21:58,613 - INFO - Epoch: 29, Training Loss: 0.0090, Validation Loss: 0.0117
2025-11-17 14:22:07,403 - INFO - Epoch: 30, Training Loss: 0.0083, Validation Loss: 0.0101
2025-11-17 14:22:15,214 - INFO - Epoch: 31, Training Loss: 0.0078, Validation Loss: 0.0049
2025-11-17 14:22:15,215 - INFO -   → New best validation loss: 0.0049
2025-11-17 14:22:23,609 - INFO - Epoch: 32, Training Loss: 0.0078, Validation Loss: 0.0086
2025-11-17 14:22:31,831 - INFO - Epoch: 33, Training Loss: 0.0063, Validation Loss: 0.0074
2025-11-17 14:22:42,549 - INFO - Epoch: 34, Training Loss: 0.0058, Validation Loss: 0.0091
2025-11-17 14:22:51,422 - INFO - Epoch: 35, Training Loss: 0.0053, Validation Loss: 0.0040
2025-11-17 14:22:51,423 - INFO -   → New best validation loss: 0.0040
2025-11-17 14:22:59,607 - INFO - Epoch: 36, Training Loss: 0.0049, Validation Loss: 0.0045
2025-11-17 14:23:08,177 - INFO - Epoch: 37, Training Loss: 0.0046, Validation Loss: 0.0067
2025-11-17 14:23:15,300 - INFO - Epoch: 38, Training Loss: 0.0052, Validation Loss: 0.0037
2025-11-17 14:23:15,301 - INFO -   → New best validation loss: 0.0037
2025-11-17 14:23:21,789 - INFO - Epoch: 39, Training Loss: 0.0042, Validation Loss: 0.0027
2025-11-17 14:23:21,790 - INFO -   → New best validation loss: 0.0027
2025-11-17 14:23:29,560 - INFO - Epoch: 40, Training Loss: 0.0040, Validation Loss: 0.0040
2025-11-17 14:23:39,078 - INFO - Epoch: 41, Training Loss: 0.0034, Validation Loss: 0.0031
2025-11-17 14:23:47,910 - INFO - Epoch: 42, Training Loss: 0.0037, Validation Loss: 0.0027
2025-11-17 14:23:47,911 - INFO -   → New best validation loss: 0.0027
2025-11-17 14:23:53,368 - INFO - Epoch: 43, Training Loss: 0.0033, Validation Loss: 0.0038
2025-11-17 14:24:02,804 - INFO - Epoch: 44, Training Loss: 0.0031, Validation Loss: 0.0024
2025-11-17 14:24:02,807 - INFO -   → New best validation loss: 0.0024
2025-11-17 14:24:10,659 - INFO - Epoch: 45, Training Loss: 0.0038, Validation Loss: 0.0040
2025-11-17 14:24:20,834 - INFO - Epoch: 46, Training Loss: 0.0027, Validation Loss: 0.0022
2025-11-17 14:24:20,835 - INFO -   → New best validation loss: 0.0022
2025-11-17 14:24:29,084 - INFO - Epoch: 47, Training Loss: 0.0025, Validation Loss: 0.0020
2025-11-17 14:24:29,085 - INFO -   → New best validation loss: 0.0020
2025-11-17 14:24:38,139 - INFO - Epoch: 48, Training Loss: 0.0027, Validation Loss: 0.0022
2025-11-17 14:24:43,638 - INFO - Epoch: 49, Training Loss: 0.0020, Validation Loss: 0.0026
2025-11-17 14:24:49,706 - INFO - Epoch: 50, Training Loss: 0.0029, Validation Loss: 0.0023
2025-11-17 14:24:59,544 - INFO - Epoch: 51, Training Loss: 0.0021, Validation Loss: 0.0019
2025-11-17 14:24:59,550 - INFO -   → New best validation loss: 0.0019
2025-11-17 14:25:07,141 - INFO - Epoch: 52, Training Loss: 0.0027, Validation Loss: 0.0021
2025-11-17 14:25:15,067 - INFO - Epoch: 53, Training Loss: 0.0028, Validation Loss: 0.0019
2025-11-17 14:25:15,068 - INFO -   → New best validation loss: 0.0019
2025-11-17 14:25:23,224 - INFO - Epoch: 54, Training Loss: 0.0022, Validation Loss: 0.0025
2025-11-17 14:25:33,152 - INFO - Epoch: 55, Training Loss: 0.0024, Validation Loss: 0.0023
2025-11-17 14:25:40,829 - INFO - Epoch: 56, Training Loss: 0.0022, Validation Loss: 0.0024
2025-11-17 14:25:48,806 - INFO - Epoch: 57, Training Loss: 0.0024, Validation Loss: 0.0019
2025-11-17 14:25:48,811 - INFO -   → New best validation loss: 0.0019
2025-11-17 14:25:57,913 - INFO - Epoch: 58, Training Loss: 0.0034, Validation Loss: 0.0022
2025-11-17 14:26:08,211 - INFO - Epoch: 59, Training Loss: 0.0024, Validation Loss: 0.0011
2025-11-17 14:26:08,212 - INFO -   → New best validation loss: 0.0011
2025-11-17 14:26:16,052 - INFO - Epoch: 60, Training Loss: 0.0020, Validation Loss: 0.0025
2025-11-17 14:26:24,794 - INFO - Epoch: 61, Training Loss: 0.0026, Validation Loss: 0.0015
2025-11-17 14:26:33,194 - INFO - Epoch: 62, Training Loss: 0.0021, Validation Loss: 0.0018
2025-11-17 14:26:40,693 - INFO - Epoch: 63, Training Loss: 0.0021, Validation Loss: 0.0023
2025-11-17 14:26:50,171 - INFO - Epoch: 64, Training Loss: 0.0017, Validation Loss: 0.0011
2025-11-17 14:26:50,172 - INFO -   → New best validation loss: 0.0011
2025-11-17 14:26:58,798 - INFO - Epoch: 65, Training Loss: 0.0020, Validation Loss: 0.0025
2025-11-17 14:27:06,747 - INFO - Epoch: 66, Training Loss: 0.0025, Validation Loss: 0.0012
2025-11-17 14:27:16,184 - INFO - Epoch: 67, Training Loss: 0.0017, Validation Loss: 0.0014
2025-11-17 14:27:24,053 - INFO - Epoch: 68, Training Loss: 0.0019, Validation Loss: 0.0015
2025-11-17 14:27:33,243 - INFO - Epoch: 69, Training Loss: 0.0020, Validation Loss: 0.0034
2025-11-17 14:27:40,274 - INFO - Epoch: 70, Training Loss: 0.0021, Validation Loss: 0.0020
2025-11-17 14:27:46,958 - INFO - Epoch: 71, Training Loss: 0.0020, Validation Loss: 0.0019
2025-11-17 14:27:57,438 - INFO - Epoch: 72, Training Loss: 0.0023, Validation Loss: 0.0044
2025-11-17 14:28:06,852 - INFO - Epoch: 73, Training Loss: 0.0020, Validation Loss: 0.0011
2025-11-17 14:28:16,244 - INFO - Epoch: 74, Training Loss: 0.0015, Validation Loss: 0.0015
2025-11-17 14:28:24,435 - INFO - Epoch: 75, Training Loss: 0.0019, Validation Loss: 0.0017
2025-11-17 14:28:34,758 - INFO - Epoch: 76, Training Loss: 0.0016, Validation Loss: 0.0017
2025-11-17 14:28:42,989 - INFO - Epoch: 77, Training Loss: 0.0019, Validation Loss: 0.0012
2025-11-17 14:28:51,441 - INFO - Epoch: 78, Training Loss: 0.0017, Validation Loss: 0.0016
2025-11-17 14:29:00,655 - INFO - Epoch: 79, Training Loss: 0.0018, Validation Loss: 0.0014
2025-11-17 14:29:10,713 - INFO - Epoch: 80, Training Loss: 0.0015, Validation Loss: 0.0014
2025-11-17 14:29:18,545 - INFO - Epoch: 81, Training Loss: 0.0016, Validation Loss: 0.0014
2025-11-17 14:29:26,295 - INFO - Epoch: 82, Training Loss: 0.0015, Validation Loss: 0.0020
2025-11-17 14:29:35,076 - INFO - Epoch: 83, Training Loss: 0.0017, Validation Loss: 0.0011
2025-11-17 14:29:43,571 - INFO - Epoch: 84, Training Loss: 0.0013, Validation Loss: 0.0012
2025-11-17 14:29:43,571 - INFO - Early stopping triggered at epoch 84
2025-11-17 14:29:43,571 - INFO - Best validation loss: 0.0011
2025-11-17 14:29:43,576 - INFO - Restored best model weights
2025-11-17 14:29:43,576 - INFO - 
============================================================
2025-11-17 14:29:43,576 - INFO - EVALUATION RESULTS
2025-11-17 14:29:43,576 - INFO - ============================================================
2025-11-17 14:29:43,619 - INFO - Validation Prediction Stats:
2025-11-17 14:29:43,619 - INFO -   Std: 0.329336, Range: 0.981846, Unique ratio: 0.7481
2025-11-17 14:29:43,620 - INFO - Validation Set - MSE: 0.001060, MAE: 0.025393, RMSE: 0.032553, Pearson Correlation: 0.995111 (p=0.000000)
2025-11-17 14:29:43,663 - INFO - Test Prediction Stats:
2025-11-17 14:29:43,663 - INFO -   Std: 0.320194, Range: 1.014377, Unique ratio: 0.7518
2025-11-17 14:29:43,663 - INFO - Test Set - MSE: 0.001607, MAE: 0.030466, RMSE: 0.040082, Pearson Correlation: 0.992139 (p=0.000000)
2025-11-17 14:29:43,663 - INFO - ============================================================

2025-11-17 14:29:43,664 - INFO - Trial completed successfully
2025-11-17 14:29:43,664 - INFO - ================================================================================
2025-11-17 14:29:43,664 - INFO - Trial 16 completed. End time: 2025-11-17 14:29:43
2025-11-17 14:29:43,664 - INFO - ================================================================================
