2025-11-22 22:23:24,242 - INFO - ================================================================================
2025-11-22 22:23:24,242 - INFO - TRIAL 4 - Task: RGS (FP1/FP2 only, no CV)
2025-11-22 22:23:24,242 - INFO - Log file: ./logs_fp_no_cv/trial4_RGS_20251122_213534.log
2025-11-22 22:23:24,242 - INFO - Start time: 2025-11-22 22:23:24
2025-11-22 22:23:24,242 - INFO - ================================================================================
2025-11-22 22:23:24,244 - INFO - START TRAINING - Task: RGS (FP1/FP2 only, no CV)
2025-11-22 22:23:24,244 - INFO - Learning rate: 0.005, Epochs: 200, Batches: 8
2025-11-22 22:23:24,244 - INFO - Data split: 70% train / 15% validation / 15% test
2025-11-22 22:23:24,244 - INFO - Loading dataset (FP1/FP2 channels only, fixed split)...
2025-11-22 22:23:24,256 - INFO - Dataset shapes - Train: (616, 2, 25, 1), Valid: (131, 2, 25, 1), Test: (138, 2, 25, 1)
2025-11-22 22:23:24,257 - INFO - Applied feature normalization (StandardScaler)
2025-11-22 22:23:24,257 - INFO - Initializing VIGNet-FP model (2 channels)...
2025-11-22 22:23:24,261 - INFO - Number of batch iterations per epoch: 77
2025-11-22 22:23:32,459 - INFO - Epoch: 1, Training Loss: 0.0408, Validation Loss: 0.0165
2025-11-22 22:23:32,460 - INFO -   → New best validation loss: 0.0165
2025-11-22 22:23:40,699 - INFO - Epoch: 2, Training Loss: 0.0181, Validation Loss: 0.0142
2025-11-22 22:23:40,701 - INFO -   → New best validation loss: 0.0142
2025-11-22 22:23:50,605 - INFO - Epoch: 3, Training Loss: 0.0163, Validation Loss: 0.0133
2025-11-22 22:23:50,606 - INFO -   → New best validation loss: 0.0133
2025-11-22 22:23:59,072 - INFO - Epoch: 4, Training Loss: 0.0143, Validation Loss: 0.0119
2025-11-22 22:23:59,073 - INFO -   → New best validation loss: 0.0119
2025-11-22 22:24:06,245 - INFO - Epoch: 5, Training Loss: 0.0150, Validation Loss: 0.0162
2025-11-22 22:24:15,143 - INFO - Epoch: 6, Training Loss: 0.0143, Validation Loss: 0.0120
2025-11-22 22:24:21,655 - INFO - Epoch: 7, Training Loss: 0.0132, Validation Loss: 0.0106
2025-11-22 22:24:21,656 - INFO -   → New best validation loss: 0.0106
2025-11-22 22:24:28,917 - INFO - Epoch: 8, Training Loss: 0.0134, Validation Loss: 0.0107
2025-11-22 22:24:36,547 - INFO - Epoch: 9, Training Loss: 0.0121, Validation Loss: 0.0112
2025-11-22 22:24:45,912 - INFO - Epoch: 10, Training Loss: 0.0119, Validation Loss: 0.0098
2025-11-22 22:24:45,913 - INFO -   → New best validation loss: 0.0098
2025-11-22 22:24:53,016 - INFO - Epoch: 11, Training Loss: 0.0115, Validation Loss: 0.0098
2025-11-22 22:25:03,721 - INFO - Epoch: 12, Training Loss: 0.0113, Validation Loss: 0.0093
2025-11-22 22:25:03,722 - INFO -   → New best validation loss: 0.0093
2025-11-22 22:25:11,529 - INFO - Epoch: 13, Training Loss: 0.0115, Validation Loss: 0.0095
2025-11-22 22:25:19,892 - INFO - Epoch: 14, Training Loss: 0.0109, Validation Loss: 0.0141
2025-11-22 22:25:28,079 - INFO - Epoch: 15, Training Loss: 0.0110, Validation Loss: 0.0113
2025-11-22 22:25:36,964 - INFO - Epoch: 16, Training Loss: 0.0105, Validation Loss: 0.0121
2025-11-22 22:25:48,980 - INFO - Epoch: 17, Training Loss: 0.0108, Validation Loss: 0.0090
2025-11-22 22:25:48,981 - INFO -   → New best validation loss: 0.0090
2025-11-22 22:25:56,701 - INFO - Epoch: 18, Training Loss: 0.0104, Validation Loss: 0.0091
2025-11-22 22:26:02,774 - INFO - Epoch: 19, Training Loss: 0.0102, Validation Loss: 0.0098
2025-11-22 22:26:14,163 - INFO - Epoch: 20, Training Loss: 0.0090, Validation Loss: 0.0091
2025-11-22 22:26:23,078 - INFO - Epoch: 21, Training Loss: 0.0095, Validation Loss: 0.0085
2025-11-22 22:26:23,079 - INFO -   → New best validation loss: 0.0085
2025-11-22 22:26:33,748 - INFO - Epoch: 22, Training Loss: 0.0097, Validation Loss: 0.0090
2025-11-22 22:26:42,488 - INFO - Epoch: 23, Training Loss: 0.0084, Validation Loss: 0.0064
2025-11-22 22:26:42,494 - INFO -   → New best validation loss: 0.0064
2025-11-22 22:26:51,182 - INFO - Epoch: 24, Training Loss: 0.0084, Validation Loss: 0.0061
2025-11-22 22:26:51,183 - INFO -   → New best validation loss: 0.0061
2025-11-22 22:27:00,167 - INFO - Epoch: 25, Training Loss: 0.0072, Validation Loss: 0.0081
2025-11-22 22:27:10,404 - INFO - Epoch: 26, Training Loss: 0.0080, Validation Loss: 0.0076
2025-11-22 22:27:20,327 - INFO - Epoch: 27, Training Loss: 0.0068, Validation Loss: 0.0073
2025-11-22 22:27:27,358 - INFO - Epoch: 28, Training Loss: 0.0063, Validation Loss: 0.0092
2025-11-22 22:27:36,218 - INFO - Epoch: 29, Training Loss: 0.0068, Validation Loss: 0.0095
2025-11-22 22:27:44,939 - INFO - Epoch: 30, Training Loss: 0.0065, Validation Loss: 0.0076
2025-11-22 22:27:52,993 - INFO - Epoch: 31, Training Loss: 0.0062, Validation Loss: 0.0094
2025-11-22 22:28:01,799 - INFO - Epoch: 32, Training Loss: 0.0057, Validation Loss: 0.0067
2025-11-22 22:28:09,700 - INFO - Epoch: 33, Training Loss: 0.0062, Validation Loss: 0.0047
2025-11-22 22:28:09,706 - INFO -   → New best validation loss: 0.0047
2025-11-22 22:28:18,797 - INFO - Epoch: 34, Training Loss: 0.0058, Validation Loss: 0.0068
2025-11-22 22:28:26,465 - INFO - Epoch: 35, Training Loss: 0.0055, Validation Loss: 0.0064
2025-11-22 22:28:36,158 - INFO - Epoch: 36, Training Loss: 0.0051, Validation Loss: 0.0066
2025-11-22 22:28:43,415 - INFO - Epoch: 37, Training Loss: 0.0051, Validation Loss: 0.0059
2025-11-22 22:28:53,571 - INFO - Epoch: 38, Training Loss: 0.0045, Validation Loss: 0.0052
2025-11-22 22:29:02,608 - INFO - Epoch: 39, Training Loss: 0.0048, Validation Loss: 0.0043
2025-11-22 22:29:02,610 - INFO -   → New best validation loss: 0.0043
2025-11-22 22:29:10,531 - INFO - Epoch: 40, Training Loss: 0.0042, Validation Loss: 0.0046
2025-11-22 22:29:19,634 - INFO - Epoch: 41, Training Loss: 0.0046, Validation Loss: 0.0028
2025-11-22 22:29:19,635 - INFO -   → New best validation loss: 0.0028
2025-11-22 22:29:29,580 - INFO - Epoch: 42, Training Loss: 0.0034, Validation Loss: 0.0033
2025-11-22 22:29:39,930 - INFO - Epoch: 43, Training Loss: 0.0037, Validation Loss: 0.0056
2025-11-22 22:29:49,067 - INFO - Epoch: 44, Training Loss: 0.0036, Validation Loss: 0.0059
2025-11-22 22:29:59,045 - INFO - Epoch: 45, Training Loss: 0.0038, Validation Loss: 0.0049
2025-11-22 22:30:05,040 - INFO - Epoch: 46, Training Loss: 0.0039, Validation Loss: 0.0029
2025-11-22 22:30:12,651 - INFO - Epoch: 47, Training Loss: 0.0028, Validation Loss: 0.0047
2025-11-22 22:30:22,054 - INFO - Epoch: 48, Training Loss: 0.0026, Validation Loss: 0.0028
2025-11-22 22:30:22,055 - INFO -   → New best validation loss: 0.0028
2025-11-22 22:30:32,775 - INFO - Epoch: 49, Training Loss: 0.0025, Validation Loss: 0.0032
2025-11-22 22:30:41,275 - INFO - Epoch: 50, Training Loss: 0.0026, Validation Loss: 0.0026
2025-11-22 22:30:41,280 - INFO -   → New best validation loss: 0.0026
2025-11-22 22:30:52,245 - INFO - Epoch: 51, Training Loss: 0.0025, Validation Loss: 0.0027
2025-11-22 22:31:01,970 - INFO - Epoch: 52, Training Loss: 0.0022, Validation Loss: 0.0019
2025-11-22 22:31:01,971 - INFO -   → New best validation loss: 0.0019
2025-11-22 22:31:09,441 - INFO - Epoch: 53, Training Loss: 0.0026, Validation Loss: 0.0018
2025-11-22 22:31:09,442 - INFO -   → New best validation loss: 0.0018
2025-11-22 22:31:16,760 - INFO - Epoch: 54, Training Loss: 0.0028, Validation Loss: 0.0022
2025-11-22 22:31:25,975 - INFO - Epoch: 55, Training Loss: 0.0027, Validation Loss: 0.0018
2025-11-22 22:31:25,976 - INFO -   → New best validation loss: 0.0018
2025-11-22 22:31:34,135 - INFO - Epoch: 56, Training Loss: 0.0023, Validation Loss: 0.0020
2025-11-22 22:31:43,041 - INFO - Epoch: 57, Training Loss: 0.0020, Validation Loss: 0.0016
2025-11-22 22:31:43,042 - INFO -   → New best validation loss: 0.0016
2025-11-22 22:31:52,019 - INFO - Epoch: 58, Training Loss: 0.0019, Validation Loss: 0.0017
2025-11-22 22:32:00,886 - INFO - Epoch: 59, Training Loss: 0.0024, Validation Loss: 0.0014
2025-11-22 22:32:00,887 - INFO -   → New best validation loss: 0.0014
2025-11-22 22:32:12,076 - INFO - Epoch: 60, Training Loss: 0.0020, Validation Loss: 0.0031
2025-11-22 22:32:19,401 - INFO - Epoch: 61, Training Loss: 0.0023, Validation Loss: 0.0024
2025-11-22 22:32:27,187 - INFO - Epoch: 62, Training Loss: 0.0020, Validation Loss: 0.0015
2025-11-22 22:32:35,713 - INFO - Epoch: 63, Training Loss: 0.0021, Validation Loss: 0.0019
2025-11-22 22:32:42,645 - INFO - Epoch: 64, Training Loss: 0.0021, Validation Loss: 0.0016
2025-11-22 22:32:52,839 - INFO - Epoch: 65, Training Loss: 0.0021, Validation Loss: 0.0030
2025-11-22 22:33:00,852 - INFO - Epoch: 66, Training Loss: 0.0018, Validation Loss: 0.0034
2025-11-22 22:33:07,990 - INFO - Epoch: 67, Training Loss: 0.0018, Validation Loss: 0.0017
2025-11-22 22:33:17,065 - INFO - Epoch: 68, Training Loss: 0.0018, Validation Loss: 0.0011
2025-11-22 22:33:17,065 - INFO -   → New best validation loss: 0.0011
2025-11-22 22:33:25,245 - INFO - Epoch: 69, Training Loss: 0.0017, Validation Loss: 0.0012
2025-11-22 22:33:32,904 - INFO - Epoch: 70, Training Loss: 0.0017, Validation Loss: 0.0019
2025-11-22 22:33:41,589 - INFO - Epoch: 71, Training Loss: 0.0017, Validation Loss: 0.0014
2025-11-22 22:33:50,151 - INFO - Epoch: 72, Training Loss: 0.0015, Validation Loss: 0.0020
2025-11-22 22:33:58,557 - INFO - Epoch: 73, Training Loss: 0.0016, Validation Loss: 0.0013
2025-11-22 22:34:09,998 - INFO - Epoch: 74, Training Loss: 0.0013, Validation Loss: 0.0018
2025-11-22 22:34:19,531 - INFO - Epoch: 75, Training Loss: 0.0021, Validation Loss: 0.0022
2025-11-22 22:34:27,123 - INFO - Epoch: 76, Training Loss: 0.0023, Validation Loss: 0.0014
2025-11-22 22:34:37,787 - INFO - Epoch: 77, Training Loss: 0.0015, Validation Loss: 0.0014
2025-11-22 22:34:45,930 - INFO - Epoch: 78, Training Loss: 0.0014, Validation Loss: 0.0012
2025-11-22 22:34:53,855 - INFO - Epoch: 79, Training Loss: 0.0017, Validation Loss: 0.0025
2025-11-22 22:35:00,679 - INFO - Epoch: 80, Training Loss: 0.0022, Validation Loss: 0.0021
2025-11-22 22:35:07,293 - INFO - Epoch: 81, Training Loss: 0.0015, Validation Loss: 0.0013
2025-11-22 22:35:17,894 - INFO - Epoch: 82, Training Loss: 0.0016, Validation Loss: 0.0016
2025-11-22 22:35:27,624 - INFO - Epoch: 83, Training Loss: 0.0017, Validation Loss: 0.0024
2025-11-22 22:35:38,880 - INFO - Epoch: 84, Training Loss: 0.0017, Validation Loss: 0.0013
2025-11-22 22:35:48,168 - INFO - Epoch: 85, Training Loss: 0.0017, Validation Loss: 0.0023
2025-11-22 22:35:54,242 - INFO - Epoch: 86, Training Loss: 0.0017, Validation Loss: 0.0014
2025-11-22 22:36:01,561 - INFO - Epoch: 87, Training Loss: 0.0012, Validation Loss: 0.0025
2025-11-22 22:36:11,182 - INFO - Epoch: 88, Training Loss: 0.0019, Validation Loss: 0.0019
2025-11-22 22:36:11,182 - INFO - Early stopping triggered at epoch 88
2025-11-22 22:36:11,182 - INFO - Best validation loss: 0.0011
2025-11-22 22:36:11,186 - INFO - Restored best model weights
2025-11-22 22:36:11,211 - INFO - Starting model save process...
2025-11-22 22:36:11,211 - INFO - Creating models directory: ./logs_fp_no_cv/models
2025-11-22 22:36:11,211 - INFO - Models directory created/verified: ./logs_fp_no_cv/models
2025-11-22 22:36:11,211 - INFO - Attempting to save model to: ./logs_fp_no_cv/models/trial4_best_model
2025-11-22 22:36:11,333 - WARNING - Failed to save model in SavedModel format: in user code:

    File "/home/vivian/miniconda3/envs/seed/lib/python3.8/site-packages/keras/src/saving/legacy/saving_utils.py", line 147, in _wrapped_model  *
        outputs = model(*args, **kwargs)
    File "/home/vivian/miniconda3/envs/seed/lib/python3.8/site-packages/keras/src/utils/traceback_utils.py", line 70, in error_handler  **
        raise e.with_traceback(filtered_tb) from None
    File "/tmp/__autograph_generated_file3t0ck_8q.py", line 10, in tf__call
        att1 = ag__.converted_call(ag__.ld(self).MHRSSA, (ag__.ld(x), 10), None, fscope)
    File "/tmp/__autograph_generated_file2szops_9.py", line 41, in tf__MHRSSA
        ag__.for_stmt(ag__.converted_call(ag__.ld(range), (ag__.ld(out_filter),), None, fscope), None, loop_body, get_state_1, set_state_1, ('MHRSSA',), {'iterate_names': 'i'})
    File "/tmp/__autograph_generated_file2szops_9.py", line 21, in loop_body
        tmp = ag__.converted_call(ag__.converted_call(ag__.ld(tf).keras.layers.Conv2D, (ag__.ld(num_channel), (ag__.ld(num_channel), 1)), dict(kernel_regularizer=ag__.ld(self).regularizer, activation=None), fscope), (ag__.ld(x),), None, fscope)

    ValueError: Exception encountered when calling layer 'vignet_fp_3' (type vignet_fp).
    
    in user code:
    
        File "/home/vivian/eeg/SEED_VIG/VIGNet/network_fp.py", line 56, in call  *
            att1 = self.MHRSSA(x, 10)
        File "/home/vivian/eeg/SEED_VIG/VIGNet/network_fp.py", line 44, in MHRSSA  *
            tmp = tf.keras.layers.Conv2D(num_channel, (num_channel, 1), kernel_regularizer=self.regularizer, activation=None)(x)
        File "/home/vivian/miniconda3/envs/seed/lib/python3.8/site-packages/keras/src/utils/traceback_utils.py", line 70, in error_handler  **
            raise e.with_traceback(filtered_tb) from None
    
        ValueError: tf.function only supports singleton tf.Variables created on the first call. Make sure the tf.Variable is only created once or created outside tf.function. See https://www.tensorflow.org/guide/function#creating_tfvariables for more information.
    
    
    Call arguments received by layer 'vignet_fp_3' (type vignet_fp):
      • x=tf.Tensor(shape=(None, 2, 25, 1), dtype=float64)
      • training=False

2025-11-22 22:36:11,334 - WARNING - Traceback (most recent call last):
  File "experiment_fp_no_cv.py", line 261, in _save_model
    model.save(model_save_path, save_format='tf')
  File "/home/vivian/miniconda3/envs/seed/lib/python3.8/site-packages/keras/src/utils/traceback_utils.py", line 70, in error_handler
    raise e.with_traceback(filtered_tb) from None
  File "/tmp/__autograph_generated_fileu3w_yla6.py", line 14, in tf___wrapped_model
    outputs = ag__.converted_call(ag__.ld(model), tuple(ag__.ld(args)), dict(**ag__.ld(kwargs)), fscope)
  File "/tmp/__autograph_generated_file3t0ck_8q.py", line 10, in tf__call
    att1 = ag__.converted_call(ag__.ld(self).MHRSSA, (ag__.ld(x), 10), None, fscope)
  File "/tmp/__autograph_generated_file2szops_9.py", line 41, in tf__MHRSSA
    ag__.for_stmt(ag__.converted_call(ag__.ld(range), (ag__.ld(out_filter),), None, fscope), None, loop_body, get_state_1, set_state_1, ('MHRSSA',), {'iterate_names': 'i'})
  File "/tmp/__autograph_generated_file2szops_9.py", line 21, in loop_body
    tmp = ag__.converted_call(ag__.converted_call(ag__.ld(tf).keras.layers.Conv2D, (ag__.ld(num_channel), (ag__.ld(num_channel), 1)), dict(kernel_regularizer=ag__.ld(self).regularizer, activation=None), fscope), (ag__.ld(x),), None, fscope)
ValueError: in user code:

    File "/home/vivian/miniconda3/envs/seed/lib/python3.8/site-packages/keras/src/saving/legacy/saving_utils.py", line 147, in _wrapped_model  *
        outputs = model(*args, **kwargs)
    File "/home/vivian/miniconda3/envs/seed/lib/python3.8/site-packages/keras/src/utils/traceback_utils.py", line 70, in error_handler  **
        raise e.with_traceback(filtered_tb) from None
    File "/tmp/__autograph_generated_file3t0ck_8q.py", line 10, in tf__call
        att1 = ag__.converted_call(ag__.ld(self).MHRSSA, (ag__.ld(x), 10), None, fscope)
    File "/tmp/__autograph_generated_file2szops_9.py", line 41, in tf__MHRSSA
        ag__.for_stmt(ag__.converted_call(ag__.ld(range), (ag__.ld(out_filter),), None, fscope), None, loop_body, get_state_1, set_state_1, ('MHRSSA',), {'iterate_names': 'i'})
    File "/tmp/__autograph_generated_file2szops_9.py", line 21, in loop_body
        tmp = ag__.converted_call(ag__.converted_call(ag__.ld(tf).keras.layers.Conv2D, (ag__.ld(num_channel), (ag__.ld(num_channel), 1)), dict(kernel_regularizer=ag__.ld(self).regularizer, activation=None), fscope), (ag__.ld(x),), None, fscope)

    ValueError: Exception encountered when calling layer 'vignet_fp_3' (type vignet_fp).
    
    in user code:
    
        File "/home/vivian/eeg/SEED_VIG/VIGNet/network_fp.py", line 56, in call  *
            att1 = self.MHRSSA(x, 10)
        File "/home/vivian/eeg/SEED_VIG/VIGNet/network_fp.py", line 44, in MHRSSA  *
            tmp = tf.keras.layers.Conv2D(num_channel, (num_channel, 1), kernel_regularizer=self.regularizer, activation=None)(x)
        File "/home/vivian/miniconda3/envs/seed/lib/python3.8/site-packages/keras/src/utils/traceback_utils.py", line 70, in error_handler  **
            raise e.with_traceback(filtered_tb) from None
    
        ValueError: tf.function only supports singleton tf.Variables created on the first call. Make sure the tf.Variable is only created once or created outside tf.function. See https://www.tensorflow.org/guide/function#creating_tfvariables for more information.
    
    
    Call arguments received by layer 'vignet_fp_3' (type vignet_fp):
      • x=tf.Tensor(shape=(None, 2, 25, 1), dtype=float64)
      • training=False


2025-11-22 22:36:11,334 - INFO - Attempting to save model weights to: ./logs_fp_no_cv/models/trial4_best_weights.h5
2025-11-22 22:36:11,340 - INFO - ✓ Saved model weights to: ./logs_fp_no_cv/models/trial4_best_weights.h5
2025-11-22 22:36:11,340 - INFO - Attempting to save scaler to: ./logs_fp_no_cv/models/trial4_scaler.pkl
2025-11-22 22:36:11,340 - INFO - ✓ Saved scaler to: ./logs_fp_no_cv/models/trial4_scaler.pkl
2025-11-22 22:36:11,340 - INFO - Attempting to save metadata to: ./logs_fp_no_cv/models/trial4_metadata.pkl
2025-11-22 22:36:11,340 - INFO - ✓ Saved model metadata to: ./logs_fp_no_cv/models/trial4_metadata.pkl
2025-11-22 22:36:11,340 - INFO - Model save process completed
2025-11-22 22:36:11,340 - INFO - 
============================================================
2025-11-22 22:36:11,340 - INFO - EVALUATION RESULTS
2025-11-22 22:36:11,340 - INFO - ============================================================
2025-11-22 22:36:11,386 - INFO - Validation Prediction Stats:
2025-11-22 22:36:11,387 - INFO -   Std: 0.193649, Range: 0.758879, Unique ratio: 0.7481
2025-11-22 22:36:11,387 - INFO - Validation Set - MSE: 0.001376, MAE: 0.030388, RMSE: 0.037090, Pearson Correlation: 0.982813 (p=0.000000)
2025-11-22 22:36:11,461 - INFO - Test Prediction Stats:
2025-11-22 22:36:11,461 - INFO -   Std: 0.196527, Range: 0.938761, Unique ratio: 0.7536
2025-11-22 22:36:11,462 - INFO - Test Set - MSE: 0.001794, MAE: 0.033292, RMSE: 0.042351, Pearson Correlation: 0.976600 (p=0.000000)
2025-11-22 22:36:11,462 - INFO - ============================================================

2025-11-22 22:36:11,462 - INFO - Trial completed successfully
2025-11-22 22:36:11,462 - INFO - ================================================================================
2025-11-22 22:36:11,462 - INFO - Trial 4 completed. End time: 2025-11-22 22:36:11
2025-11-22 22:36:11,462 - INFO - ================================================================================
