2025-11-17 12:10:04,576 - INFO - ================================================================================
2025-11-17 12:10:04,576 - INFO - TRIAL 9 - Task: RGS (FP1/FP2 only, no CV)
2025-11-17 12:10:04,576 - INFO - Log file: ./logs_fp_no_cv/trial9_RGS_20251117_093635.log
2025-11-17 12:10:04,576 - INFO - Start time: 2025-11-17 12:10:04
2025-11-17 12:10:04,576 - INFO - ================================================================================
2025-11-17 12:10:04,578 - INFO - START TRAINING - Task: RGS (FP1/FP2 only, no CV)
2025-11-17 12:10:04,578 - INFO - Learning rate: 0.005, Epochs: 200, Batches: 8
2025-11-17 12:10:04,578 - INFO - Data split: 70% train / 15% validation / 15% test
2025-11-17 12:10:04,578 - INFO - Loading dataset (FP1/FP2 channels only, fixed split)...
2025-11-17 12:10:04,590 - INFO - Dataset shapes - Train: (617, 2, 25, 1), Valid: (130, 2, 25, 1), Test: (138, 2, 25, 1)
2025-11-17 12:10:04,590 - INFO - Applied feature normalization (StandardScaler)
2025-11-17 12:10:04,591 - INFO - Initializing VIGNet-FP model (2 channels)...
2025-11-17 12:10:04,596 - INFO - Number of batch iterations per epoch: 77
2025-11-17 12:10:12,035 - INFO - Epoch: 1, Training Loss: 0.0277, Validation Loss: 0.0119
2025-11-17 12:10:12,036 - INFO -   → New best validation loss: 0.0119
2025-11-17 12:10:18,814 - INFO - Epoch: 2, Training Loss: 0.0137, Validation Loss: 0.0137
2025-11-17 12:10:29,284 - INFO - Epoch: 3, Training Loss: 0.0125, Validation Loss: 0.0099
2025-11-17 12:10:29,284 - INFO -   → New best validation loss: 0.0099
2025-11-17 12:10:41,286 - INFO - Epoch: 4, Training Loss: 0.0112, Validation Loss: 0.0082
2025-11-17 12:10:41,287 - INFO -   → New best validation loss: 0.0082
2025-11-17 12:10:47,081 - INFO - Epoch: 5, Training Loss: 0.0105, Validation Loss: 0.0079
2025-11-17 12:10:47,084 - INFO -   → New best validation loss: 0.0079
2025-11-17 12:10:57,149 - INFO - Epoch: 6, Training Loss: 0.0102, Validation Loss: 0.0144
2025-11-17 12:11:07,529 - INFO - Epoch: 7, Training Loss: 0.0099, Validation Loss: 0.0067
2025-11-17 12:11:07,530 - INFO -   → New best validation loss: 0.0067
2025-11-17 12:11:14,950 - INFO - Epoch: 8, Training Loss: 0.0088, Validation Loss: 0.0098
2025-11-17 12:11:23,247 - INFO - Epoch: 9, Training Loss: 0.0079, Validation Loss: 0.0062
2025-11-17 12:11:23,248 - INFO -   → New best validation loss: 0.0062
2025-11-17 12:11:32,709 - INFO - Epoch: 10, Training Loss: 0.0067, Validation Loss: 0.0061
2025-11-17 12:11:32,711 - INFO -   → New best validation loss: 0.0061
2025-11-17 12:11:41,876 - INFO - Epoch: 11, Training Loss: 0.0060, Validation Loss: 0.0053
2025-11-17 12:11:41,877 - INFO -   → New best validation loss: 0.0053
2025-11-17 12:11:54,451 - INFO - Epoch: 12, Training Loss: 0.0059, Validation Loss: 0.0043
2025-11-17 12:11:54,452 - INFO -   → New best validation loss: 0.0043
2025-11-17 12:12:01,420 - INFO - Epoch: 13, Training Loss: 0.0050, Validation Loss: 0.0040
2025-11-17 12:12:01,421 - INFO -   → New best validation loss: 0.0040
2025-11-17 12:12:08,344 - INFO - Epoch: 14, Training Loss: 0.0055, Validation Loss: 0.0049
2025-11-17 12:12:15,767 - INFO - Epoch: 15, Training Loss: 0.0047, Validation Loss: 0.0044
2025-11-17 12:12:24,757 - INFO - Epoch: 16, Training Loss: 0.0046, Validation Loss: 0.0051
2025-11-17 12:12:36,949 - INFO - Epoch: 17, Training Loss: 0.0047, Validation Loss: 0.0031
2025-11-17 12:12:36,952 - INFO -   → New best validation loss: 0.0031
2025-11-17 12:12:46,054 - INFO - Epoch: 18, Training Loss: 0.0040, Validation Loss: 0.0072
2025-11-17 12:12:54,928 - INFO - Epoch: 19, Training Loss: 0.0047, Validation Loss: 0.0033
2025-11-17 12:13:05,164 - INFO - Epoch: 20, Training Loss: 0.0041, Validation Loss: 0.0035
2025-11-17 12:13:13,045 - INFO - Epoch: 21, Training Loss: 0.0040, Validation Loss: 0.0031
2025-11-17 12:13:22,451 - INFO - Epoch: 22, Training Loss: 0.0035, Validation Loss: 0.0029
2025-11-17 12:13:22,455 - INFO -   → New best validation loss: 0.0029
2025-11-17 12:13:30,604 - INFO - Epoch: 23, Training Loss: 0.0038, Validation Loss: 0.0049
2025-11-17 12:13:40,274 - INFO - Epoch: 24, Training Loss: 0.0035, Validation Loss: 0.0033
2025-11-17 12:13:48,972 - INFO - Epoch: 25, Training Loss: 0.0031, Validation Loss: 0.0033
2025-11-17 12:13:58,636 - INFO - Epoch: 26, Training Loss: 0.0031, Validation Loss: 0.0028
2025-11-17 12:13:58,637 - INFO -   → New best validation loss: 0.0028
2025-11-17 12:14:08,476 - INFO - Epoch: 27, Training Loss: 0.0033, Validation Loss: 0.0027
2025-11-17 12:14:08,485 - INFO -   → New best validation loss: 0.0027
2025-11-17 12:14:18,191 - INFO - Epoch: 28, Training Loss: 0.0028, Validation Loss: 0.0026
2025-11-17 12:14:18,192 - INFO -   → New best validation loss: 0.0026
2025-11-17 12:14:25,704 - INFO - Epoch: 29, Training Loss: 0.0028, Validation Loss: 0.0029
2025-11-17 12:14:35,314 - INFO - Epoch: 30, Training Loss: 0.0029, Validation Loss: 0.0027
2025-11-17 12:14:44,050 - INFO - Epoch: 31, Training Loss: 0.0026, Validation Loss: 0.0023
2025-11-17 12:14:44,055 - INFO -   → New best validation loss: 0.0023
2025-11-17 12:14:55,704 - INFO - Epoch: 32, Training Loss: 0.0024, Validation Loss: 0.0024
2025-11-17 12:15:05,430 - INFO - Epoch: 33, Training Loss: 0.0024, Validation Loss: 0.0037
2025-11-17 12:15:16,560 - INFO - Epoch: 34, Training Loss: 0.0027, Validation Loss: 0.0022
2025-11-17 12:15:16,561 - INFO -   → New best validation loss: 0.0022
2025-11-17 12:15:23,981 - INFO - Epoch: 35, Training Loss: 0.0023, Validation Loss: 0.0020
2025-11-17 12:15:23,983 - INFO -   → New best validation loss: 0.0020
2025-11-17 12:15:33,004 - INFO - Epoch: 36, Training Loss: 0.0026, Validation Loss: 0.0031
2025-11-17 12:15:41,911 - INFO - Epoch: 37, Training Loss: 0.0021, Validation Loss: 0.0028
2025-11-17 12:15:51,018 - INFO - Epoch: 38, Training Loss: 0.0022, Validation Loss: 0.0021
2025-11-17 12:16:00,533 - INFO - Epoch: 39, Training Loss: 0.0020, Validation Loss: 0.0017
2025-11-17 12:16:00,537 - INFO -   → New best validation loss: 0.0017
2025-11-17 12:16:10,724 - INFO - Epoch: 40, Training Loss: 0.0021, Validation Loss: 0.0034
2025-11-17 12:16:18,018 - INFO - Epoch: 41, Training Loss: 0.0022, Validation Loss: 0.0016
2025-11-17 12:16:18,021 - INFO -   → New best validation loss: 0.0016
2025-11-17 12:16:27,248 - INFO - Epoch: 42, Training Loss: 0.0018, Validation Loss: 0.0017
2025-11-17 12:16:35,005 - INFO - Epoch: 43, Training Loss: 0.0020, Validation Loss: 0.0022
2025-11-17 12:16:46,991 - INFO - Epoch: 44, Training Loss: 0.0021, Validation Loss: 0.0029
2025-11-17 12:16:56,446 - INFO - Epoch: 45, Training Loss: 0.0018, Validation Loss: 0.0020
2025-11-17 12:17:05,021 - INFO - Epoch: 46, Training Loss: 0.0019, Validation Loss: 0.0013
2025-11-17 12:17:05,022 - INFO -   → New best validation loss: 0.0013
2025-11-17 12:17:15,069 - INFO - Epoch: 47, Training Loss: 0.0019, Validation Loss: 0.0017
2025-11-17 12:17:25,287 - INFO - Epoch: 48, Training Loss: 0.0015, Validation Loss: 0.0019
2025-11-17 12:17:35,488 - INFO - Epoch: 49, Training Loss: 0.0017, Validation Loss: 0.0017
2025-11-17 12:17:45,519 - INFO - Epoch: 50, Training Loss: 0.0015, Validation Loss: 0.0016
2025-11-17 12:17:52,701 - INFO - Epoch: 51, Training Loss: 0.0016, Validation Loss: 0.0016
2025-11-17 12:18:00,654 - INFO - Epoch: 52, Training Loss: 0.0013, Validation Loss: 0.0012
2025-11-17 12:18:00,655 - INFO -   → New best validation loss: 0.0012
2025-11-17 12:18:11,315 - INFO - Epoch: 53, Training Loss: 0.0014, Validation Loss: 0.0014
2025-11-17 12:18:20,482 - INFO - Epoch: 54, Training Loss: 0.0014, Validation Loss: 0.0020
2025-11-17 12:18:29,218 - INFO - Epoch: 55, Training Loss: 0.0014, Validation Loss: 0.0019
2025-11-17 12:18:38,051 - INFO - Epoch: 56, Training Loss: 0.0014, Validation Loss: 0.0016
2025-11-17 12:18:44,943 - INFO - Epoch: 57, Training Loss: 0.0013, Validation Loss: 0.0013
2025-11-17 12:18:55,422 - INFO - Epoch: 58, Training Loss: 0.0018, Validation Loss: 0.0015
2025-11-17 12:19:04,161 - INFO - Epoch: 59, Training Loss: 0.0013, Validation Loss: 0.0030
2025-11-17 12:19:13,120 - INFO - Epoch: 60, Training Loss: 0.0014, Validation Loss: 0.0025
2025-11-17 12:19:18,327 - INFO - Epoch: 61, Training Loss: 0.0012, Validation Loss: 0.0017
2025-11-17 12:19:27,056 - INFO - Epoch: 62, Training Loss: 0.0012, Validation Loss: 0.0014
2025-11-17 12:19:38,312 - INFO - Epoch: 63, Training Loss: 0.0012, Validation Loss: 0.0013
2025-11-17 12:19:46,761 - INFO - Epoch: 64, Training Loss: 0.0013, Validation Loss: 0.0014
2025-11-17 12:19:56,036 - INFO - Epoch: 65, Training Loss: 0.0015, Validation Loss: 0.0012
2025-11-17 12:19:56,037 - INFO -   → New best validation loss: 0.0012
2025-11-17 12:20:06,573 - INFO - Epoch: 66, Training Loss: 0.0012, Validation Loss: 0.0009
2025-11-17 12:20:06,576 - INFO -   → New best validation loss: 0.0009
2025-11-17 12:20:13,729 - INFO - Epoch: 67, Training Loss: 0.0015, Validation Loss: 0.0016
2025-11-17 12:20:22,026 - INFO - Epoch: 68, Training Loss: 0.0013, Validation Loss: 0.0010
2025-11-17 12:20:28,184 - INFO - Epoch: 69, Training Loss: 0.0012, Validation Loss: 0.0019
2025-11-17 12:20:36,957 - INFO - Epoch: 70, Training Loss: 0.0014, Validation Loss: 0.0014
2025-11-17 12:20:43,314 - INFO - Epoch: 71, Training Loss: 0.0011, Validation Loss: 0.0013
2025-11-17 12:20:51,843 - INFO - Epoch: 72, Training Loss: 0.0011, Validation Loss: 0.0016
2025-11-17 12:20:58,662 - INFO - Epoch: 73, Training Loss: 0.0010, Validation Loss: 0.0009
2025-11-17 12:21:06,969 - INFO - Epoch: 74, Training Loss: 0.0009, Validation Loss: 0.0014
2025-11-17 12:21:15,500 - INFO - Epoch: 75, Training Loss: 0.0012, Validation Loss: 0.0011
2025-11-17 12:21:26,046 - INFO - Epoch: 76, Training Loss: 0.0012, Validation Loss: 0.0016
2025-11-17 12:21:36,180 - INFO - Epoch: 77, Training Loss: 0.0013, Validation Loss: 0.0011
2025-11-17 12:21:46,908 - INFO - Epoch: 78, Training Loss: 0.0013, Validation Loss: 0.0011
2025-11-17 12:21:55,082 - INFO - Epoch: 79, Training Loss: 0.0014, Validation Loss: 0.0021
2025-11-17 12:22:02,427 - INFO - Epoch: 80, Training Loss: 0.0014, Validation Loss: 0.0013
2025-11-17 12:22:12,075 - INFO - Epoch: 81, Training Loss: 0.0021, Validation Loss: 0.0015
2025-11-17 12:22:18,175 - INFO - Epoch: 82, Training Loss: 0.0011, Validation Loss: 0.0009
2025-11-17 12:22:29,479 - INFO - Epoch: 83, Training Loss: 0.0011, Validation Loss: 0.0013
2025-11-17 12:22:39,758 - INFO - Epoch: 84, Training Loss: 0.0013, Validation Loss: 0.0012
2025-11-17 12:22:49,040 - INFO - Epoch: 85, Training Loss: 0.0009, Validation Loss: 0.0009
2025-11-17 12:22:56,533 - INFO - Epoch: 86, Training Loss: 0.0011, Validation Loss: 0.0013
2025-11-17 12:22:56,533 - INFO - Early stopping triggered at epoch 86
2025-11-17 12:22:56,533 - INFO - Best validation loss: 0.0009
2025-11-17 12:22:56,537 - INFO - Restored best model weights
2025-11-17 12:22:56,538 - INFO - 
============================================================
2025-11-17 12:22:56,538 - INFO - EVALUATION RESULTS
2025-11-17 12:22:56,538 - INFO - ============================================================
2025-11-17 12:22:56,581 - INFO - Validation Prediction Stats:
2025-11-17 12:22:56,581 - INFO -   Std: 0.111473, Range: 0.595988, Unique ratio: 0.6462
2025-11-17 12:22:56,581 - INFO - Validation Set - MSE: 0.001027, MAE: 0.024275, RMSE: 0.032047, Pearson Correlation: 0.965059 (p=0.000000)
2025-11-17 12:22:56,639 - INFO - Test Prediction Stats:
2025-11-17 12:22:56,639 - INFO -   Std: 0.110842, Range: 0.555177, Unique ratio: 0.6522
2025-11-17 12:22:56,640 - INFO - Test Set - MSE: 0.001014, MAE: 0.024619, RMSE: 0.031848, Pearson Correlation: 0.975592 (p=0.000000)
2025-11-17 12:22:56,640 - INFO - ============================================================

2025-11-17 12:22:56,641 - INFO - Trial completed successfully
2025-11-17 12:22:56,641 - INFO - ================================================================================
2025-11-17 12:22:56,641 - INFO - Trial 9 completed. End time: 2025-11-17 12:22:56
2025-11-17 12:22:56,641 - INFO - ================================================================================
