2025-11-17 13:17:42,345 - INFO - ================================================================================
2025-11-17 13:17:42,345 - INFO - TRIAL 13 - Task: RGS (FP1/FP2 only, no CV)
2025-11-17 13:17:42,345 - INFO - Log file: ./logs_fp_no_cv/trial13_RGS_20251117_093635.log
2025-11-17 13:17:42,345 - INFO - Start time: 2025-11-17 13:17:42
2025-11-17 13:17:42,345 - INFO - ================================================================================
2025-11-17 13:17:42,347 - INFO - START TRAINING - Task: RGS (FP1/FP2 only, no CV)
2025-11-17 13:17:42,347 - INFO - Learning rate: 0.005, Epochs: 200, Batches: 8
2025-11-17 13:17:42,347 - INFO - Data split: 70% train / 15% validation / 15% test
2025-11-17 13:17:42,347 - INFO - Loading dataset (FP1/FP2 channels only, fixed split)...
2025-11-17 13:17:42,359 - INFO - Dataset shapes - Train: (617, 2, 25, 1), Valid: (131, 2, 25, 1), Test: (137, 2, 25, 1)
2025-11-17 13:17:42,360 - INFO - Applied feature normalization (StandardScaler)
2025-11-17 13:17:42,360 - INFO - Initializing VIGNet-FP model (2 channels)...
2025-11-17 13:17:42,364 - INFO - Number of batch iterations per epoch: 77
2025-11-17 13:17:50,127 - INFO - Epoch: 1, Training Loss: 0.0865, Validation Loss: 0.0113
2025-11-17 13:17:50,132 - INFO -   → New best validation loss: 0.0113
2025-11-17 13:17:59,134 - INFO - Epoch: 2, Training Loss: 0.0097, Validation Loss: 0.0070
2025-11-17 13:17:59,135 - INFO -   → New best validation loss: 0.0070
2025-11-17 13:18:08,034 - INFO - Epoch: 3, Training Loss: 0.0086, Validation Loss: 0.0102
2025-11-17 13:18:16,763 - INFO - Epoch: 4, Training Loss: 0.0101, Validation Loss: 0.0082
2025-11-17 13:18:25,665 - INFO - Epoch: 5, Training Loss: 0.0089, Validation Loss: 0.0092
2025-11-17 13:18:36,089 - INFO - Epoch: 6, Training Loss: 0.0085, Validation Loss: 0.0061
2025-11-17 13:18:36,090 - INFO -   → New best validation loss: 0.0061
2025-11-17 13:18:44,595 - INFO - Epoch: 7, Training Loss: 0.0080, Validation Loss: 0.0063
2025-11-17 13:18:52,236 - INFO - Epoch: 8, Training Loss: 0.0075, Validation Loss: 0.0091
2025-11-17 13:18:58,496 - INFO - Epoch: 9, Training Loss: 0.0075, Validation Loss: 0.0069
2025-11-17 13:19:08,099 - INFO - Epoch: 10, Training Loss: 0.0068, Validation Loss: 0.0070
2025-11-17 13:19:16,730 - INFO - Epoch: 11, Training Loss: 0.0071, Validation Loss: 0.0064
2025-11-17 13:19:25,537 - INFO - Epoch: 12, Training Loss: 0.0067, Validation Loss: 0.0058
2025-11-17 13:19:25,538 - INFO -   → New best validation loss: 0.0058
2025-11-17 13:19:32,501 - INFO - Epoch: 13, Training Loss: 0.0080, Validation Loss: 0.0064
2025-11-17 13:19:38,061 - INFO - Epoch: 14, Training Loss: 0.0070, Validation Loss: 0.0076
2025-11-17 13:19:48,080 - INFO - Epoch: 15, Training Loss: 0.0061, Validation Loss: 0.0062
2025-11-17 13:19:55,086 - INFO - Epoch: 16, Training Loss: 0.0062, Validation Loss: 0.0051
2025-11-17 13:19:55,092 - INFO -   → New best validation loss: 0.0051
2025-11-17 13:20:05,110 - INFO - Epoch: 17, Training Loss: 0.0058, Validation Loss: 0.0064
2025-11-17 13:20:14,317 - INFO - Epoch: 18, Training Loss: 0.0059, Validation Loss: 0.0057
2025-11-17 13:20:23,313 - INFO - Epoch: 19, Training Loss: 0.0061, Validation Loss: 0.0052
2025-11-17 13:20:30,979 - INFO - Epoch: 20, Training Loss: 0.0061, Validation Loss: 0.0075
2025-11-17 13:20:39,784 - INFO - Epoch: 21, Training Loss: 0.0062, Validation Loss: 0.0052
2025-11-17 13:20:47,407 - INFO - Epoch: 22, Training Loss: 0.0058, Validation Loss: 0.0057
2025-11-17 13:20:55,381 - INFO - Epoch: 23, Training Loss: 0.0060, Validation Loss: 0.0054
2025-11-17 13:21:04,432 - INFO - Epoch: 24, Training Loss: 0.0055, Validation Loss: 0.0047
2025-11-17 13:21:04,433 - INFO -   → New best validation loss: 0.0047
2025-11-17 13:21:11,426 - INFO - Epoch: 25, Training Loss: 0.0056, Validation Loss: 0.0069
2025-11-17 13:21:20,770 - INFO - Epoch: 26, Training Loss: 0.0059, Validation Loss: 0.0044
2025-11-17 13:21:20,776 - INFO -   → New best validation loss: 0.0044
2025-11-17 13:21:31,208 - INFO - Epoch: 27, Training Loss: 0.0054, Validation Loss: 0.0105
2025-11-17 13:21:38,534 - INFO - Epoch: 28, Training Loss: 0.0057, Validation Loss: 0.0050
2025-11-17 13:21:47,709 - INFO - Epoch: 29, Training Loss: 0.0050, Validation Loss: 0.0051
2025-11-17 13:21:57,298 - INFO - Epoch: 30, Training Loss: 0.0049, Validation Loss: 0.0041
2025-11-17 13:21:57,300 - INFO -   → New best validation loss: 0.0041
2025-11-17 13:22:07,467 - INFO - Epoch: 31, Training Loss: 0.0045, Validation Loss: 0.0044
2025-11-17 13:22:14,946 - INFO - Epoch: 32, Training Loss: 0.0043, Validation Loss: 0.0055
2025-11-17 13:22:24,774 - INFO - Epoch: 33, Training Loss: 0.0045, Validation Loss: 0.0042
2025-11-17 13:22:32,049 - INFO - Epoch: 34, Training Loss: 0.0044, Validation Loss: 0.0040
2025-11-17 13:22:32,054 - INFO -   → New best validation loss: 0.0040
2025-11-17 13:22:39,640 - INFO - Epoch: 35, Training Loss: 0.0040, Validation Loss: 0.0049
2025-11-17 13:22:49,843 - INFO - Epoch: 36, Training Loss: 0.0038, Validation Loss: 0.0044
2025-11-17 13:22:59,733 - INFO - Epoch: 37, Training Loss: 0.0041, Validation Loss: 0.0051
2025-11-17 13:23:09,066 - INFO - Epoch: 38, Training Loss: 0.0036, Validation Loss: 0.0041
2025-11-17 13:23:17,186 - INFO - Epoch: 39, Training Loss: 0.0039, Validation Loss: 0.0043
2025-11-17 13:23:24,972 - INFO - Epoch: 40, Training Loss: 0.0032, Validation Loss: 0.0042
2025-11-17 13:23:35,890 - INFO - Epoch: 41, Training Loss: 0.0034, Validation Loss: 0.0031
2025-11-17 13:23:35,891 - INFO -   → New best validation loss: 0.0031
2025-11-17 13:23:45,049 - INFO - Epoch: 42, Training Loss: 0.0033, Validation Loss: 0.0030
2025-11-17 13:23:45,052 - INFO -   → New best validation loss: 0.0030
2025-11-17 13:23:51,763 - INFO - Epoch: 43, Training Loss: 0.0027, Validation Loss: 0.0031
2025-11-17 13:23:59,885 - INFO - Epoch: 44, Training Loss: 0.0030, Validation Loss: 0.0038
2025-11-17 13:24:08,769 - INFO - Epoch: 45, Training Loss: 0.0032, Validation Loss: 0.0031
2025-11-17 13:24:16,909 - INFO - Epoch: 46, Training Loss: 0.0029, Validation Loss: 0.0028
2025-11-17 13:24:16,913 - INFO -   → New best validation loss: 0.0028
2025-11-17 13:24:26,657 - INFO - Epoch: 47, Training Loss: 0.0032, Validation Loss: 0.0059
2025-11-17 13:24:36,853 - INFO - Epoch: 48, Training Loss: 0.0028, Validation Loss: 0.0027
2025-11-17 13:24:36,854 - INFO -   → New best validation loss: 0.0027
2025-11-17 13:24:44,541 - INFO - Epoch: 49, Training Loss: 0.0026, Validation Loss: 0.0038
2025-11-17 13:24:54,634 - INFO - Epoch: 50, Training Loss: 0.0026, Validation Loss: 0.0022
2025-11-17 13:24:54,639 - INFO -   → New best validation loss: 0.0022
2025-11-17 13:25:02,985 - INFO - Epoch: 51, Training Loss: 0.0025, Validation Loss: 0.0027
2025-11-17 13:25:13,605 - INFO - Epoch: 52, Training Loss: 0.0022, Validation Loss: 0.0049
2025-11-17 13:25:23,995 - INFO - Epoch: 53, Training Loss: 0.0024, Validation Loss: 0.0049
2025-11-17 13:25:32,338 - INFO - Epoch: 54, Training Loss: 0.0023, Validation Loss: 0.0034
2025-11-17 13:25:41,327 - INFO - Epoch: 55, Training Loss: 0.0023, Validation Loss: 0.0023
2025-11-17 13:25:48,709 - INFO - Epoch: 56, Training Loss: 0.0025, Validation Loss: 0.0017
2025-11-17 13:25:48,711 - INFO -   → New best validation loss: 0.0017
2025-11-17 13:25:59,668 - INFO - Epoch: 57, Training Loss: 0.0022, Validation Loss: 0.0026
2025-11-17 13:26:08,635 - INFO - Epoch: 58, Training Loss: 0.0025, Validation Loss: 0.0020
2025-11-17 13:26:16,552 - INFO - Epoch: 59, Training Loss: 0.0021, Validation Loss: 0.0024
2025-11-17 13:26:23,153 - INFO - Epoch: 60, Training Loss: 0.0026, Validation Loss: 0.0019
2025-11-17 13:26:31,299 - INFO - Epoch: 61, Training Loss: 0.0024, Validation Loss: 0.0019
2025-11-17 13:26:40,225 - INFO - Epoch: 62, Training Loss: 0.0016, Validation Loss: 0.0027
2025-11-17 13:26:51,179 - INFO - Epoch: 63, Training Loss: 0.0017, Validation Loss: 0.0019
2025-11-17 13:27:01,648 - INFO - Epoch: 64, Training Loss: 0.0015, Validation Loss: 0.0016
2025-11-17 13:27:01,649 - INFO -   → New best validation loss: 0.0016
2025-11-17 13:27:11,845 - INFO - Epoch: 65, Training Loss: 0.0016, Validation Loss: 0.0019
2025-11-17 13:27:21,237 - INFO - Epoch: 66, Training Loss: 0.0014, Validation Loss: 0.0014
2025-11-17 13:27:21,238 - INFO -   → New best validation loss: 0.0014
2025-11-17 13:27:31,776 - INFO - Epoch: 67, Training Loss: 0.0016, Validation Loss: 0.0012
2025-11-17 13:27:31,778 - INFO -   → New best validation loss: 0.0012
2025-11-17 13:27:41,066 - INFO - Epoch: 68, Training Loss: 0.0018, Validation Loss: 0.0016
2025-11-17 13:27:51,740 - INFO - Epoch: 69, Training Loss: 0.0015, Validation Loss: 0.0015
2025-11-17 13:28:00,448 - INFO - Epoch: 70, Training Loss: 0.0015, Validation Loss: 0.0016
2025-11-17 13:28:08,314 - INFO - Epoch: 71, Training Loss: 0.0014, Validation Loss: 0.0012
2025-11-17 13:28:15,302 - INFO - Epoch: 72, Training Loss: 0.0016, Validation Loss: 0.0011
2025-11-17 13:28:15,303 - INFO -   → New best validation loss: 0.0011
2025-11-17 13:28:23,158 - INFO - Epoch: 73, Training Loss: 0.0013, Validation Loss: 0.0021
2025-11-17 13:28:31,631 - INFO - Epoch: 74, Training Loss: 0.0012, Validation Loss: 0.0016
2025-11-17 13:28:41,087 - INFO - Epoch: 75, Training Loss: 0.0014, Validation Loss: 0.0017
2025-11-17 13:28:49,510 - INFO - Epoch: 76, Training Loss: 0.0011, Validation Loss: 0.0013
2025-11-17 13:29:00,005 - INFO - Epoch: 77, Training Loss: 0.0014, Validation Loss: 0.0016
2025-11-17 13:29:09,219 - INFO - Epoch: 78, Training Loss: 0.0013, Validation Loss: 0.0018
2025-11-17 13:29:22,281 - INFO - Epoch: 79, Training Loss: 0.0011, Validation Loss: 0.0016
2025-11-17 13:29:29,475 - INFO - Epoch: 80, Training Loss: 0.0011, Validation Loss: 0.0011
2025-11-17 13:29:38,839 - INFO - Epoch: 81, Training Loss: 0.0012, Validation Loss: 0.0011
2025-11-17 13:29:38,840 - INFO -   → New best validation loss: 0.0011
2025-11-17 13:29:49,649 - INFO - Epoch: 82, Training Loss: 0.0011, Validation Loss: 0.0009
2025-11-17 13:29:49,650 - INFO -   → New best validation loss: 0.0009
2025-11-17 13:29:57,961 - INFO - Epoch: 83, Training Loss: 0.0012, Validation Loss: 0.0016
2025-11-17 13:30:07,633 - INFO - Epoch: 84, Training Loss: 0.0012, Validation Loss: 0.0013
2025-11-17 13:30:16,467 - INFO - Epoch: 85, Training Loss: 0.0011, Validation Loss: 0.0010
2025-11-17 13:30:25,760 - INFO - Epoch: 86, Training Loss: 0.0012, Validation Loss: 0.0008
2025-11-17 13:30:25,767 - INFO -   → New best validation loss: 0.0008
2025-11-17 13:30:33,373 - INFO - Epoch: 87, Training Loss: 0.0009, Validation Loss: 0.0011
2025-11-17 13:30:43,080 - INFO - Epoch: 88, Training Loss: 0.0013, Validation Loss: 0.0026
2025-11-17 13:30:53,170 - INFO - Epoch: 89, Training Loss: 0.0012, Validation Loss: 0.0014
2025-11-17 13:31:02,799 - INFO - Epoch: 90, Training Loss: 0.0010, Validation Loss: 0.0010
2025-11-17 13:31:11,186 - INFO - Epoch: 91, Training Loss: 0.0010, Validation Loss: 0.0013
2025-11-17 13:31:22,353 - INFO - Epoch: 92, Training Loss: 0.0011, Validation Loss: 0.0023
2025-11-17 13:31:31,838 - INFO - Epoch: 93, Training Loss: 0.0008, Validation Loss: 0.0009
2025-11-17 13:31:45,040 - INFO - Epoch: 94, Training Loss: 0.0008, Validation Loss: 0.0010
2025-11-17 13:31:54,371 - INFO - Epoch: 95, Training Loss: 0.0009, Validation Loss: 0.0010
2025-11-17 13:32:02,739 - INFO - Epoch: 96, Training Loss: 0.0011, Validation Loss: 0.0012
2025-11-17 13:32:14,896 - INFO - Epoch: 97, Training Loss: 0.0010, Validation Loss: 0.0008
2025-11-17 13:32:14,899 - INFO -   → New best validation loss: 0.0008
2025-11-17 13:32:24,381 - INFO - Epoch: 98, Training Loss: 0.0010, Validation Loss: 0.0010
2025-11-17 13:32:34,749 - INFO - Epoch: 99, Training Loss: 0.0010, Validation Loss: 0.0008
2025-11-17 13:32:34,750 - INFO -   → New best validation loss: 0.0008
2025-11-17 13:32:45,263 - INFO - Epoch: 100, Training Loss: 0.0012, Validation Loss: 0.0014
2025-11-17 13:32:54,323 - INFO - Epoch: 101, Training Loss: 0.0010, Validation Loss: 0.0010
2025-11-17 13:33:00,293 - INFO - Epoch: 102, Training Loss: 0.0009, Validation Loss: 0.0010
2025-11-17 13:33:08,787 - INFO - Epoch: 103, Training Loss: 0.0007, Validation Loss: 0.0006
2025-11-17 13:33:08,788 - INFO -   → New best validation loss: 0.0006
2025-11-17 13:33:17,584 - INFO - Epoch: 104, Training Loss: 0.0009, Validation Loss: 0.0011
2025-11-17 13:33:25,112 - INFO - Epoch: 105, Training Loss: 0.0008, Validation Loss: 0.0010
2025-11-17 13:33:30,388 - INFO - Epoch: 106, Training Loss: 0.0008, Validation Loss: 0.0012
2025-11-17 13:33:36,140 - INFO - Epoch: 107, Training Loss: 0.0012, Validation Loss: 0.0007
2025-11-17 13:33:44,577 - INFO - Epoch: 108, Training Loss: 0.0008, Validation Loss: 0.0008
2025-11-17 13:33:52,407 - INFO - Epoch: 109, Training Loss: 0.0009, Validation Loss: 0.0011
2025-11-17 13:34:01,478 - INFO - Epoch: 110, Training Loss: 0.0009, Validation Loss: 0.0010
2025-11-17 13:34:13,377 - INFO - Epoch: 111, Training Loss: 0.0009, Validation Loss: 0.0008
2025-11-17 13:34:21,407 - INFO - Epoch: 112, Training Loss: 0.0007, Validation Loss: 0.0012
2025-11-17 13:34:30,714 - INFO - Epoch: 113, Training Loss: 0.0008, Validation Loss: 0.0009
2025-11-17 13:34:38,647 - INFO - Epoch: 114, Training Loss: 0.0009, Validation Loss: 0.0008
2025-11-17 13:34:45,474 - INFO - Epoch: 115, Training Loss: 0.0006, Validation Loss: 0.0008
2025-11-17 13:34:56,978 - INFO - Epoch: 116, Training Loss: 0.0009, Validation Loss: 0.0009
2025-11-17 13:35:04,347 - INFO - Epoch: 117, Training Loss: 0.0007, Validation Loss: 0.0006
2025-11-17 13:35:04,348 - INFO -   → New best validation loss: 0.0006
2025-11-17 13:35:14,951 - INFO - Epoch: 118, Training Loss: 0.0009, Validation Loss: 0.0011
2025-11-17 13:35:24,540 - INFO - Epoch: 119, Training Loss: 0.0008, Validation Loss: 0.0008
2025-11-17 13:35:33,267 - INFO - Epoch: 120, Training Loss: 0.0011, Validation Loss: 0.0012
2025-11-17 13:35:43,233 - INFO - Epoch: 121, Training Loss: 0.0009, Validation Loss: 0.0010
2025-11-17 13:35:53,174 - INFO - Epoch: 122, Training Loss: 0.0009, Validation Loss: 0.0008
2025-11-17 13:36:02,885 - INFO - Epoch: 123, Training Loss: 0.0008, Validation Loss: 0.0008
2025-11-17 13:36:10,467 - INFO - Epoch: 124, Training Loss: 0.0007, Validation Loss: 0.0008
2025-11-17 13:36:21,108 - INFO - Epoch: 125, Training Loss: 0.0007, Validation Loss: 0.0007
2025-11-17 13:36:31,166 - INFO - Epoch: 126, Training Loss: 0.0008, Validation Loss: 0.0008
2025-11-17 13:36:37,106 - INFO - Epoch: 127, Training Loss: 0.0009, Validation Loss: 0.0011
2025-11-17 13:36:48,186 - INFO - Epoch: 128, Training Loss: 0.0008, Validation Loss: 0.0008
2025-11-17 13:36:58,832 - INFO - Epoch: 129, Training Loss: 0.0009, Validation Loss: 0.0005
2025-11-17 13:36:58,833 - INFO -   → New best validation loss: 0.0005
2025-11-17 13:37:06,546 - INFO - Epoch: 130, Training Loss: 0.0008, Validation Loss: 0.0009
2025-11-17 13:37:14,166 - INFO - Epoch: 131, Training Loss: 0.0009, Validation Loss: 0.0008
2025-11-17 13:37:21,400 - INFO - Epoch: 132, Training Loss: 0.0008, Validation Loss: 0.0008
2025-11-17 13:37:29,855 - INFO - Epoch: 133, Training Loss: 0.0007, Validation Loss: 0.0026
2025-11-17 13:37:38,022 - INFO - Epoch: 134, Training Loss: 0.0010, Validation Loss: 0.0011
2025-11-17 13:37:46,364 - INFO - Epoch: 135, Training Loss: 0.0010, Validation Loss: 0.0012
2025-11-17 13:37:56,505 - INFO - Epoch: 136, Training Loss: 0.0010, Validation Loss: 0.0007
2025-11-17 13:38:08,089 - INFO - Epoch: 137, Training Loss: 0.0007, Validation Loss: 0.0007
2025-11-17 13:38:17,029 - INFO - Epoch: 138, Training Loss: 0.0007, Validation Loss: 0.0005
2025-11-17 13:38:25,957 - INFO - Epoch: 139, Training Loss: 0.0007, Validation Loss: 0.0007
2025-11-17 13:38:34,840 - INFO - Epoch: 140, Training Loss: 0.0010, Validation Loss: 0.0009
2025-11-17 13:38:43,868 - INFO - Epoch: 141, Training Loss: 0.0009, Validation Loss: 0.0008
2025-11-17 13:38:54,794 - INFO - Epoch: 142, Training Loss: 0.0007, Validation Loss: 0.0006
2025-11-17 13:39:02,804 - INFO - Epoch: 143, Training Loss: 0.0006, Validation Loss: 0.0013
2025-11-17 13:39:09,446 - INFO - Epoch: 144, Training Loss: 0.0009, Validation Loss: 0.0006
2025-11-17 13:39:18,236 - INFO - Epoch: 145, Training Loss: 0.0008, Validation Loss: 0.0006
2025-11-17 13:39:28,651 - INFO - Epoch: 146, Training Loss: 0.0007, Validation Loss: 0.0008
2025-11-17 13:39:35,440 - INFO - Epoch: 147, Training Loss: 0.0007, Validation Loss: 0.0006
2025-11-17 13:39:44,514 - INFO - Epoch: 148, Training Loss: 0.0009, Validation Loss: 0.0009
2025-11-17 13:39:54,776 - INFO - Epoch: 149, Training Loss: 0.0008, Validation Loss: 0.0010
2025-11-17 13:39:54,776 - INFO - Early stopping triggered at epoch 149
2025-11-17 13:39:54,776 - INFO - Best validation loss: 0.0005
2025-11-17 13:39:54,784 - INFO - Restored best model weights
2025-11-17 13:39:54,784 - INFO - 
============================================================
2025-11-17 13:39:54,784 - INFO - EVALUATION RESULTS
2025-11-17 13:39:54,784 - INFO - ============================================================
2025-11-17 13:39:54,830 - INFO - Validation Prediction Stats:
2025-11-17 13:39:54,830 - INFO -   Std: 0.197308, Range: 0.593127, Unique ratio: 0.6794
2025-11-17 13:39:54,831 - INFO - Validation Set - MSE: 0.000701, MAE: 0.020512, RMSE: 0.026483, Pearson Correlation: 0.992044 (p=0.000000)
2025-11-17 13:39:54,876 - INFO - Test Prediction Stats:
2025-11-17 13:39:54,876 - INFO -   Std: 0.204211, Range: 0.589997, Unique ratio: 0.6642
2025-11-17 13:39:54,876 - INFO - Test Set - MSE: 0.000590, MAE: 0.018944, RMSE: 0.024282, Pearson Correlation: 0.994034 (p=0.000000)
2025-11-17 13:39:54,876 - INFO - ============================================================

2025-11-17 13:39:54,877 - INFO - Trial completed successfully
2025-11-17 13:39:54,877 - INFO - ================================================================================
2025-11-17 13:39:54,877 - INFO - Trial 13 completed. End time: 2025-11-17 13:39:54
2025-11-17 13:39:54,877 - INFO - ================================================================================
