2025-11-23 01:58:09,870 - INFO - ================================================================================
2025-11-23 01:58:09,870 - INFO - TRIAL 18 - Task: RGS (FP1/FP2 only, no CV)
2025-11-23 01:58:09,870 - INFO - Log file: ./logs_fp_no_cv/trial18_RGS_20251122_213534.log
2025-11-23 01:58:09,870 - INFO - Start time: 2025-11-23 01:58:09
2025-11-23 01:58:09,870 - INFO - ================================================================================
2025-11-23 01:58:09,873 - INFO - START TRAINING - Task: RGS (FP1/FP2 only, no CV)
2025-11-23 01:58:09,874 - INFO - Learning rate: 0.005, Epochs: 200, Batches: 8
2025-11-23 01:58:09,874 - INFO - Data split: 70% train / 15% validation / 15% test
2025-11-23 01:58:09,874 - INFO - Loading dataset (FP1/FP2 channels only, fixed split)...
2025-11-23 01:58:09,890 - INFO - Dataset shapes - Train: (616, 2, 25, 1), Valid: (131, 2, 25, 1), Test: (138, 2, 25, 1)
2025-11-23 01:58:09,890 - INFO - Applied feature normalization (StandardScaler)
2025-11-23 01:58:09,891 - INFO - Initializing VIGNet-FP model (2 channels)...
2025-11-23 01:58:09,895 - INFO - Number of batch iterations per epoch: 77
2025-11-23 01:58:19,813 - INFO - Epoch: 1, Training Loss: 0.1025, Validation Loss: 0.0255
2025-11-23 01:58:19,814 - INFO -   → New best validation loss: 0.0255
2025-11-23 01:58:27,975 - INFO - Epoch: 2, Training Loss: 0.0234, Validation Loss: 0.0160
2025-11-23 01:58:27,976 - INFO -   → New best validation loss: 0.0160
2025-11-23 01:58:37,907 - INFO - Epoch: 3, Training Loss: 0.0197, Validation Loss: 0.0161
2025-11-23 01:58:48,694 - INFO - Epoch: 4, Training Loss: 0.0215, Validation Loss: 0.0162
2025-11-23 01:58:58,361 - INFO - Epoch: 5, Training Loss: 0.0201, Validation Loss: 0.0118
2025-11-23 01:58:58,367 - INFO -   → New best validation loss: 0.0118
2025-11-23 01:59:07,953 - INFO - Epoch: 6, Training Loss: 0.0193, Validation Loss: 0.0111
2025-11-23 01:59:07,954 - INFO -   → New best validation loss: 0.0111
2025-11-23 01:59:16,666 - INFO - Epoch: 7, Training Loss: 0.0171, Validation Loss: 0.0129
2025-11-23 01:59:24,499 - INFO - Epoch: 8, Training Loss: 0.0165, Validation Loss: 0.0121
2025-11-23 01:59:34,534 - INFO - Epoch: 9, Training Loss: 0.0151, Validation Loss: 0.0186
2025-11-23 01:59:42,557 - INFO - Epoch: 10, Training Loss: 0.0142, Validation Loss: 0.0115
2025-11-23 01:59:54,543 - INFO - Epoch: 11, Training Loss: 0.0133, Validation Loss: 0.0099
2025-11-23 01:59:54,548 - INFO -   → New best validation loss: 0.0099
2025-11-23 02:00:03,474 - INFO - Epoch: 12, Training Loss: 0.0126, Validation Loss: 0.0073
2025-11-23 02:00:03,475 - INFO -   → New best validation loss: 0.0073
2025-11-23 02:00:11,587 - INFO - Epoch: 13, Training Loss: 0.0120, Validation Loss: 0.0096
2025-11-23 02:00:20,126 - INFO - Epoch: 14, Training Loss: 0.0092, Validation Loss: 0.0092
2025-11-23 02:00:28,936 - INFO - Epoch: 15, Training Loss: 0.0092, Validation Loss: 0.0082
2025-11-23 02:00:39,461 - INFO - Epoch: 16, Training Loss: 0.0081, Validation Loss: 0.0068
2025-11-23 02:00:39,467 - INFO -   → New best validation loss: 0.0068
2025-11-23 02:00:49,875 - INFO - Epoch: 17, Training Loss: 0.0076, Validation Loss: 0.0073
2025-11-23 02:00:57,740 - INFO - Epoch: 18, Training Loss: 0.0073, Validation Loss: 0.0073
2025-11-23 02:01:07,877 - INFO - Epoch: 19, Training Loss: 0.0075, Validation Loss: 0.0082
2025-11-23 02:01:17,113 - INFO - Epoch: 20, Training Loss: 0.0071, Validation Loss: 0.0064
2025-11-23 02:01:17,114 - INFO -   → New best validation loss: 0.0064
2025-11-23 02:01:26,556 - INFO - Epoch: 21, Training Loss: 0.0077, Validation Loss: 0.0093
2025-11-23 02:01:35,134 - INFO - Epoch: 22, Training Loss: 0.0077, Validation Loss: 0.0062
2025-11-23 02:01:35,134 - INFO -   → New best validation loss: 0.0062
2025-11-23 02:01:45,091 - INFO - Epoch: 23, Training Loss: 0.0076, Validation Loss: 0.0060
2025-11-23 02:01:45,094 - INFO -   → New best validation loss: 0.0060
2025-11-23 02:01:56,457 - INFO - Epoch: 24, Training Loss: 0.0066, Validation Loss: 0.0058
2025-11-23 02:01:56,461 - INFO -   → New best validation loss: 0.0058
2025-11-23 02:02:03,783 - INFO - Epoch: 25, Training Loss: 0.0068, Validation Loss: 0.0089
2025-11-23 02:02:11,077 - INFO - Epoch: 26, Training Loss: 0.0062, Validation Loss: 0.0060
2025-11-23 02:02:20,152 - INFO - Epoch: 27, Training Loss: 0.0061, Validation Loss: 0.0064
2025-11-23 02:02:29,856 - INFO - Epoch: 28, Training Loss: 0.0065, Validation Loss: 0.0068
2025-11-23 02:02:35,753 - INFO - Epoch: 29, Training Loss: 0.0065, Validation Loss: 0.0069
2025-11-23 02:02:44,790 - INFO - Epoch: 30, Training Loss: 0.0059, Validation Loss: 0.0090
2025-11-23 02:02:54,668 - INFO - Epoch: 31, Training Loss: 0.0067, Validation Loss: 0.0058
2025-11-23 02:03:03,377 - INFO - Epoch: 32, Training Loss: 0.0054, Validation Loss: 0.0070
2025-11-23 02:03:12,919 - INFO - Epoch: 33, Training Loss: 0.0060, Validation Loss: 0.0062
2025-11-23 02:03:21,026 - INFO - Epoch: 34, Training Loss: 0.0059, Validation Loss: 0.0064
2025-11-23 02:03:32,259 - INFO - Epoch: 35, Training Loss: 0.0059, Validation Loss: 0.0054
2025-11-23 02:03:32,260 - INFO -   → New best validation loss: 0.0054
2025-11-23 02:03:40,230 - INFO - Epoch: 36, Training Loss: 0.0062, Validation Loss: 0.0084
2025-11-23 02:03:48,586 - INFO - Epoch: 37, Training Loss: 0.0055, Validation Loss: 0.0070
2025-11-23 02:03:56,691 - INFO - Epoch: 38, Training Loss: 0.0060, Validation Loss: 0.0058
2025-11-23 02:04:02,937 - INFO - Epoch: 39, Training Loss: 0.0054, Validation Loss: 0.0064
2025-11-23 02:04:12,164 - INFO - Epoch: 40, Training Loss: 0.0056, Validation Loss: 0.0063
2025-11-23 02:04:21,330 - INFO - Epoch: 41, Training Loss: 0.0051, Validation Loss: 0.0064
2025-11-23 02:04:30,799 - INFO - Epoch: 42, Training Loss: 0.0053, Validation Loss: 0.0053
2025-11-23 02:04:30,800 - INFO -   → New best validation loss: 0.0053
2025-11-23 02:04:41,271 - INFO - Epoch: 43, Training Loss: 0.0050, Validation Loss: 0.0061
2025-11-23 02:04:51,783 - INFO - Epoch: 44, Training Loss: 0.0051, Validation Loss: 0.0085
2025-11-23 02:05:01,040 - INFO - Epoch: 45, Training Loss: 0.0051, Validation Loss: 0.0055
2025-11-23 02:05:11,044 - INFO - Epoch: 46, Training Loss: 0.0047, Validation Loss: 0.0053
2025-11-23 02:05:11,044 - INFO -   → New best validation loss: 0.0053
2025-11-23 02:05:20,327 - INFO - Epoch: 47, Training Loss: 0.0050, Validation Loss: 0.0053
2025-11-23 02:05:30,051 - INFO - Epoch: 48, Training Loss: 0.0048, Validation Loss: 0.0053
2025-11-23 02:05:30,052 - INFO -   → New best validation loss: 0.0053
2025-11-23 02:05:40,770 - INFO - Epoch: 49, Training Loss: 0.0050, Validation Loss: 0.0055
2025-11-23 02:05:50,200 - INFO - Epoch: 50, Training Loss: 0.0050, Validation Loss: 0.0052
2025-11-23 02:05:50,206 - INFO -   → New best validation loss: 0.0052
2025-11-23 02:06:00,823 - INFO - Epoch: 51, Training Loss: 0.0045, Validation Loss: 0.0064
2025-11-23 02:06:09,016 - INFO - Epoch: 52, Training Loss: 0.0045, Validation Loss: 0.0053
2025-11-23 02:06:18,309 - INFO - Epoch: 53, Training Loss: 0.0043, Validation Loss: 0.0044
2025-11-23 02:06:18,315 - INFO -   → New best validation loss: 0.0044
2025-11-23 02:06:27,920 - INFO - Epoch: 54, Training Loss: 0.0043, Validation Loss: 0.0055
2025-11-23 02:06:36,298 - INFO - Epoch: 55, Training Loss: 0.0045, Validation Loss: 0.0060
2025-11-23 02:06:47,757 - INFO - Epoch: 56, Training Loss: 0.0045, Validation Loss: 0.0060
2025-11-23 02:06:55,850 - INFO - Epoch: 57, Training Loss: 0.0039, Validation Loss: 0.0060
2025-11-23 02:07:03,947 - INFO - Epoch: 58, Training Loss: 0.0045, Validation Loss: 0.0057
2025-11-23 02:07:13,127 - INFO - Epoch: 59, Training Loss: 0.0046, Validation Loss: 0.0052
2025-11-23 02:07:20,937 - INFO - Epoch: 60, Training Loss: 0.0043, Validation Loss: 0.0054
2025-11-23 02:07:29,003 - INFO - Epoch: 61, Training Loss: 0.0042, Validation Loss: 0.0054
2025-11-23 02:07:38,805 - INFO - Epoch: 62, Training Loss: 0.0045, Validation Loss: 0.0042
2025-11-23 02:07:38,810 - INFO -   → New best validation loss: 0.0042
2025-11-23 02:07:48,131 - INFO - Epoch: 63, Training Loss: 0.0040, Validation Loss: 0.0091
2025-11-23 02:07:54,672 - INFO - Epoch: 64, Training Loss: 0.0050, Validation Loss: 0.0061
2025-11-23 02:08:05,224 - INFO - Epoch: 65, Training Loss: 0.0040, Validation Loss: 0.0053
2025-11-23 02:08:14,822 - INFO - Epoch: 66, Training Loss: 0.0038, Validation Loss: 0.0052
2025-11-23 02:08:23,420 - INFO - Epoch: 67, Training Loss: 0.0040, Validation Loss: 0.0047
2025-11-23 02:08:34,584 - INFO - Epoch: 68, Training Loss: 0.0036, Validation Loss: 0.0047
2025-11-23 02:08:43,758 - INFO - Epoch: 69, Training Loss: 0.0040, Validation Loss: 0.0062
2025-11-23 02:08:51,306 - INFO - Epoch: 70, Training Loss: 0.0045, Validation Loss: 0.0041
2025-11-23 02:08:51,307 - INFO -   → New best validation loss: 0.0041
2025-11-23 02:09:01,159 - INFO - Epoch: 71, Training Loss: 0.0038, Validation Loss: 0.0046
2025-11-23 02:09:10,717 - INFO - Epoch: 72, Training Loss: 0.0039, Validation Loss: 0.0051
2025-11-23 02:09:18,062 - INFO - Epoch: 73, Training Loss: 0.0042, Validation Loss: 0.0047
2025-11-23 02:09:27,933 - INFO - Epoch: 74, Training Loss: 0.0039, Validation Loss: 0.0049
2025-11-23 02:09:38,708 - INFO - Epoch: 75, Training Loss: 0.0036, Validation Loss: 0.0064
2025-11-23 02:09:47,867 - INFO - Epoch: 76, Training Loss: 0.0040, Validation Loss: 0.0039
2025-11-23 02:09:47,868 - INFO -   → New best validation loss: 0.0039
2025-11-23 02:09:55,832 - INFO - Epoch: 77, Training Loss: 0.0037, Validation Loss: 0.0042
2025-11-23 02:10:05,369 - INFO - Epoch: 78, Training Loss: 0.0034, Validation Loss: 0.0044
2025-11-23 02:10:15,941 - INFO - Epoch: 79, Training Loss: 0.0039, Validation Loss: 0.0041
2025-11-23 02:10:28,192 - INFO - Epoch: 80, Training Loss: 0.0037, Validation Loss: 0.0051
2025-11-23 02:10:36,664 - INFO - Epoch: 81, Training Loss: 0.0041, Validation Loss: 0.0044
2025-11-23 02:10:44,013 - INFO - Epoch: 82, Training Loss: 0.0033, Validation Loss: 0.0041
2025-11-23 02:10:52,255 - INFO - Epoch: 83, Training Loss: 0.0036, Validation Loss: 0.0035
2025-11-23 02:10:52,257 - INFO -   → New best validation loss: 0.0035
2025-11-23 02:11:00,082 - INFO - Epoch: 84, Training Loss: 0.0030, Validation Loss: 0.0035
2025-11-23 02:11:00,083 - INFO -   → New best validation loss: 0.0035
2025-11-23 02:11:09,646 - INFO - Epoch: 85, Training Loss: 0.0031, Validation Loss: 0.0041
2025-11-23 02:11:18,264 - INFO - Epoch: 86, Training Loss: 0.0034, Validation Loss: 0.0040
2025-11-23 02:11:27,822 - INFO - Epoch: 87, Training Loss: 0.0041, Validation Loss: 0.0049
2025-11-23 02:11:36,640 - INFO - Epoch: 88, Training Loss: 0.0032, Validation Loss: 0.0051
2025-11-23 02:11:46,341 - INFO - Epoch: 89, Training Loss: 0.0033, Validation Loss: 0.0038
2025-11-23 02:11:55,247 - INFO - Epoch: 90, Training Loss: 0.0031, Validation Loss: 0.0041
2025-11-23 02:12:04,111 - INFO - Epoch: 91, Training Loss: 0.0035, Validation Loss: 0.0049
2025-11-23 02:12:13,239 - INFO - Epoch: 92, Training Loss: 0.0031, Validation Loss: 0.0049
2025-11-23 02:12:24,458 - INFO - Epoch: 93, Training Loss: 0.0030, Validation Loss: 0.0039
2025-11-23 02:12:33,905 - INFO - Epoch: 94, Training Loss: 0.0028, Validation Loss: 0.0036
2025-11-23 02:12:43,515 - INFO - Epoch: 95, Training Loss: 0.0032, Validation Loss: 0.0036
2025-11-23 02:12:54,249 - INFO - Epoch: 96, Training Loss: 0.0026, Validation Loss: 0.0059
2025-11-23 02:13:01,237 - INFO - Epoch: 97, Training Loss: 0.0036, Validation Loss: 0.0037
2025-11-23 02:13:09,741 - INFO - Epoch: 98, Training Loss: 0.0028, Validation Loss: 0.0031
2025-11-23 02:13:09,746 - INFO -   → New best validation loss: 0.0031
2025-11-23 02:13:17,320 - INFO - Epoch: 99, Training Loss: 0.0031, Validation Loss: 0.0030
2025-11-23 02:13:17,321 - INFO -   → New best validation loss: 0.0030
2025-11-23 02:13:26,428 - INFO - Epoch: 100, Training Loss: 0.0040, Validation Loss: 0.0055
2025-11-23 02:13:35,044 - INFO - Epoch: 101, Training Loss: 0.0032, Validation Loss: 0.0035
2025-11-23 02:13:44,564 - INFO - Epoch: 102, Training Loss: 0.0029, Validation Loss: 0.0029
2025-11-23 02:13:44,569 - INFO -   → New best validation loss: 0.0029
2025-11-23 02:13:53,458 - INFO - Epoch: 103, Training Loss: 0.0033, Validation Loss: 0.0034
2025-11-23 02:14:03,785 - INFO - Epoch: 104, Training Loss: 0.0029, Validation Loss: 0.0039
2025-11-23 02:14:14,318 - INFO - Epoch: 105, Training Loss: 0.0029, Validation Loss: 0.0033
2025-11-23 02:14:22,483 - INFO - Epoch: 106, Training Loss: 0.0025, Validation Loss: 0.0031
2025-11-23 02:14:31,687 - INFO - Epoch: 107, Training Loss: 0.0025, Validation Loss: 0.0037
2025-11-23 02:14:40,971 - INFO - Epoch: 108, Training Loss: 0.0028, Validation Loss: 0.0030
2025-11-23 02:14:49,079 - INFO - Epoch: 109, Training Loss: 0.0024, Validation Loss: 0.0033
2025-11-23 02:14:58,736 - INFO - Epoch: 110, Training Loss: 0.0029, Validation Loss: 0.0029
2025-11-23 02:15:07,714 - INFO - Epoch: 111, Training Loss: 0.0025, Validation Loss: 0.0028
2025-11-23 02:15:07,718 - INFO -   → New best validation loss: 0.0028
2025-11-23 02:15:19,580 - INFO - Epoch: 112, Training Loss: 0.0023, Validation Loss: 0.0026
2025-11-23 02:15:19,586 - INFO -   → New best validation loss: 0.0026
2025-11-23 02:15:28,219 - INFO - Epoch: 113, Training Loss: 0.0027, Validation Loss: 0.0038
2025-11-23 02:15:35,382 - INFO - Epoch: 114, Training Loss: 0.0029, Validation Loss: 0.0035
2025-11-23 02:15:44,773 - INFO - Epoch: 115, Training Loss: 0.0030, Validation Loss: 0.0029
2025-11-23 02:15:56,031 - INFO - Epoch: 116, Training Loss: 0.0023, Validation Loss: 0.0023
2025-11-23 02:15:56,034 - INFO -   → New best validation loss: 0.0023
2025-11-23 02:16:03,996 - INFO - Epoch: 117, Training Loss: 0.0027, Validation Loss: 0.0020
2025-11-23 02:16:03,998 - INFO -   → New best validation loss: 0.0020
2025-11-23 02:16:12,763 - INFO - Epoch: 118, Training Loss: 0.0022, Validation Loss: 0.0030
2025-11-23 02:16:20,267 - INFO - Epoch: 119, Training Loss: 0.0026, Validation Loss: 0.0024
2025-11-23 02:16:29,677 - INFO - Epoch: 120, Training Loss: 0.0022, Validation Loss: 0.0021
2025-11-23 02:16:37,195 - INFO - Epoch: 121, Training Loss: 0.0027, Validation Loss: 0.0027
2025-11-23 02:16:45,596 - INFO - Epoch: 122, Training Loss: 0.0026, Validation Loss: 0.0031
2025-11-23 02:16:54,356 - INFO - Epoch: 123, Training Loss: 0.0028, Validation Loss: 0.0028
2025-11-23 02:17:03,550 - INFO - Epoch: 124, Training Loss: 0.0026, Validation Loss: 0.0031
2025-11-23 02:17:14,593 - INFO - Epoch: 125, Training Loss: 0.0025, Validation Loss: 0.0027
2025-11-23 02:17:23,648 - INFO - Epoch: 126, Training Loss: 0.0024, Validation Loss: 0.0039
2025-11-23 02:17:31,280 - INFO - Epoch: 127, Training Loss: 0.0023, Validation Loss: 0.0024
2025-11-23 02:17:38,347 - INFO - Epoch: 128, Training Loss: 0.0023, Validation Loss: 0.0036
2025-11-23 02:17:46,935 - INFO - Epoch: 129, Training Loss: 0.0021, Validation Loss: 0.0020
2025-11-23 02:17:46,937 - INFO -   → New best validation loss: 0.0020
2025-11-23 02:17:55,344 - INFO - Epoch: 130, Training Loss: 0.0023, Validation Loss: 0.0020
2025-11-23 02:17:55,352 - INFO -   → New best validation loss: 0.0020
2025-11-23 02:18:03,599 - INFO - Epoch: 131, Training Loss: 0.0022, Validation Loss: 0.0024
2025-11-23 02:18:13,713 - INFO - Epoch: 132, Training Loss: 0.0020, Validation Loss: 0.0018
2025-11-23 02:18:13,715 - INFO -   → New best validation loss: 0.0018
2025-11-23 02:18:20,632 - INFO - Epoch: 133, Training Loss: 0.0022, Validation Loss: 0.0017
2025-11-23 02:18:20,634 - INFO -   → New best validation loss: 0.0017
2025-11-23 02:18:30,738 - INFO - Epoch: 134, Training Loss: 0.0022, Validation Loss: 0.0019
2025-11-23 02:18:36,562 - INFO - Epoch: 135, Training Loss: 0.0021, Validation Loss: 0.0022
2025-11-23 02:18:45,601 - INFO - Epoch: 136, Training Loss: 0.0022, Validation Loss: 0.0019
2025-11-23 02:18:52,797 - INFO - Epoch: 137, Training Loss: 0.0019, Validation Loss: 0.0024
2025-11-23 02:19:02,848 - INFO - Epoch: 138, Training Loss: 0.0020, Validation Loss: 0.0031
2025-11-23 02:19:09,826 - INFO - Epoch: 139, Training Loss: 0.0019, Validation Loss: 0.0019
2025-11-23 02:19:18,791 - INFO - Epoch: 140, Training Loss: 0.0022, Validation Loss: 0.0034
2025-11-23 02:19:27,982 - INFO - Epoch: 141, Training Loss: 0.0021, Validation Loss: 0.0030
2025-11-23 02:19:38,325 - INFO - Epoch: 142, Training Loss: 0.0022, Validation Loss: 0.0021
2025-11-23 02:19:48,079 - INFO - Epoch: 143, Training Loss: 0.0026, Validation Loss: 0.0028
2025-11-23 02:20:00,029 - INFO - Epoch: 144, Training Loss: 0.0020, Validation Loss: 0.0025
2025-11-23 02:20:09,344 - INFO - Epoch: 145, Training Loss: 0.0022, Validation Loss: 0.0023
2025-11-23 02:20:18,057 - INFO - Epoch: 146, Training Loss: 0.0024, Validation Loss: 0.0036
2025-11-23 02:20:26,356 - INFO - Epoch: 147, Training Loss: 0.0025, Validation Loss: 0.0017
2025-11-23 02:20:26,362 - INFO -   → New best validation loss: 0.0017
2025-11-23 02:20:34,063 - INFO - Epoch: 148, Training Loss: 0.0022, Validation Loss: 0.0035
2025-11-23 02:20:42,952 - INFO - Epoch: 149, Training Loss: 0.0021, Validation Loss: 0.0022
2025-11-23 02:20:51,523 - INFO - Epoch: 150, Training Loss: 0.0021, Validation Loss: 0.0034
2025-11-23 02:21:01,360 - INFO - Epoch: 151, Training Loss: 0.0020, Validation Loss: 0.0026
2025-11-23 02:21:09,036 - INFO - Epoch: 152, Training Loss: 0.0020, Validation Loss: 0.0021
2025-11-23 02:21:18,338 - INFO - Epoch: 153, Training Loss: 0.0025, Validation Loss: 0.0026
2025-11-23 02:21:27,713 - INFO - Epoch: 154, Training Loss: 0.0021, Validation Loss: 0.0025
2025-11-23 02:21:35,159 - INFO - Epoch: 155, Training Loss: 0.0021, Validation Loss: 0.0017
2025-11-23 02:21:35,160 - INFO -   → New best validation loss: 0.0017
2025-11-23 02:21:46,158 - INFO - Epoch: 156, Training Loss: 0.0019, Validation Loss: 0.0022
2025-11-23 02:21:54,539 - INFO - Epoch: 157, Training Loss: 0.0020, Validation Loss: 0.0043
2025-11-23 02:22:01,539 - INFO - Epoch: 158, Training Loss: 0.0020, Validation Loss: 0.0019
2025-11-23 02:22:09,270 - INFO - Epoch: 159, Training Loss: 0.0028, Validation Loss: 0.0027
2025-11-23 02:22:20,109 - INFO - Epoch: 160, Training Loss: 0.0021, Validation Loss: 0.0020
2025-11-23 02:22:30,251 - INFO - Epoch: 161, Training Loss: 0.0019, Validation Loss: 0.0019
2025-11-23 02:22:38,259 - INFO - Epoch: 162, Training Loss: 0.0024, Validation Loss: 0.0025
2025-11-23 02:22:47,089 - INFO - Epoch: 163, Training Loss: 0.0021, Validation Loss: 0.0023
2025-11-23 02:22:56,447 - INFO - Epoch: 164, Training Loss: 0.0022, Validation Loss: 0.0026
2025-11-23 02:23:07,193 - INFO - Epoch: 165, Training Loss: 0.0019, Validation Loss: 0.0022
2025-11-23 02:23:17,037 - INFO - Epoch: 166, Training Loss: 0.0018, Validation Loss: 0.0018
2025-11-23 02:23:28,559 - INFO - Epoch: 167, Training Loss: 0.0019, Validation Loss: 0.0020
2025-11-23 02:23:36,422 - INFO - Epoch: 168, Training Loss: 0.0019, Validation Loss: 0.0034
2025-11-23 02:23:47,252 - INFO - Epoch: 169, Training Loss: 0.0023, Validation Loss: 0.0033
2025-11-23 02:23:55,099 - INFO - Epoch: 170, Training Loss: 0.0022, Validation Loss: 0.0017
2025-11-23 02:24:03,700 - INFO - Epoch: 171, Training Loss: 0.0017, Validation Loss: 0.0017
2025-11-23 02:24:14,340 - INFO - Epoch: 172, Training Loss: 0.0020, Validation Loss: 0.0019
2025-11-23 02:24:23,578 - INFO - Epoch: 173, Training Loss: 0.0019, Validation Loss: 0.0022
2025-11-23 02:24:32,585 - INFO - Epoch: 174, Training Loss: 0.0019, Validation Loss: 0.0020
2025-11-23 02:24:41,795 - INFO - Epoch: 175, Training Loss: 0.0022, Validation Loss: 0.0024
2025-11-23 02:24:41,795 - INFO - Early stopping triggered at epoch 175
2025-11-23 02:24:41,795 - INFO - Best validation loss: 0.0017
2025-11-23 02:24:41,800 - INFO - Restored best model weights
2025-11-23 02:24:41,800 - INFO - Starting model save process...
2025-11-23 02:24:41,800 - INFO - Creating models directory: ./logs_fp_no_cv/models
2025-11-23 02:24:41,800 - INFO - Models directory created/verified: ./logs_fp_no_cv/models
2025-11-23 02:24:41,800 - INFO - Attempting to save model to: ./logs_fp_no_cv/models/trial18_best_model
2025-11-23 02:24:41,907 - WARNING - Failed to save model in SavedModel format: in user code:

    File "/home/vivian/miniconda3/envs/seed/lib/python3.8/site-packages/keras/src/saving/legacy/saving_utils.py", line 147, in _wrapped_model  *
        outputs = model(*args, **kwargs)
    File "/home/vivian/miniconda3/envs/seed/lib/python3.8/site-packages/keras/src/utils/traceback_utils.py", line 70, in error_handler  **
        raise e.with_traceback(filtered_tb) from None
    File "/tmp/__autograph_generated_file3t0ck_8q.py", line 10, in tf__call
        att1 = ag__.converted_call(ag__.ld(self).MHRSSA, (ag__.ld(x), 10), None, fscope)
    File "/tmp/__autograph_generated_file2szops_9.py", line 41, in tf__MHRSSA
        ag__.for_stmt(ag__.converted_call(ag__.ld(range), (ag__.ld(out_filter),), None, fscope), None, loop_body, get_state_1, set_state_1, ('MHRSSA',), {'iterate_names': 'i'})
    File "/tmp/__autograph_generated_file2szops_9.py", line 21, in loop_body
        tmp = ag__.converted_call(ag__.converted_call(ag__.ld(tf).keras.layers.Conv2D, (ag__.ld(num_channel), (ag__.ld(num_channel), 1)), dict(kernel_regularizer=ag__.ld(self).regularizer, activation=None), fscope), (ag__.ld(x),), None, fscope)

    ValueError: Exception encountered when calling layer 'vignet_fp_17' (type vignet_fp).
    
    in user code:
    
        File "/home/vivian/eeg/SEED_VIG/VIGNet/network_fp.py", line 56, in call  *
            att1 = self.MHRSSA(x, 10)
        File "/home/vivian/eeg/SEED_VIG/VIGNet/network_fp.py", line 44, in MHRSSA  *
            tmp = tf.keras.layers.Conv2D(num_channel, (num_channel, 1), kernel_regularizer=self.regularizer, activation=None)(x)
        File "/home/vivian/miniconda3/envs/seed/lib/python3.8/site-packages/keras/src/utils/traceback_utils.py", line 70, in error_handler  **
            raise e.with_traceback(filtered_tb) from None
    
        ValueError: tf.function only supports singleton tf.Variables created on the first call. Make sure the tf.Variable is only created once or created outside tf.function. See https://www.tensorflow.org/guide/function#creating_tfvariables for more information.
    
    
    Call arguments received by layer 'vignet_fp_17' (type vignet_fp):
      • x=tf.Tensor(shape=(None, 2, 25, 1), dtype=float64)
      • training=False

2025-11-23 02:24:41,908 - WARNING - Traceback (most recent call last):
  File "experiment_fp_no_cv.py", line 261, in _save_model
    model.save(model_save_path, save_format='tf')
  File "/home/vivian/miniconda3/envs/seed/lib/python3.8/site-packages/keras/src/utils/traceback_utils.py", line 70, in error_handler
    raise e.with_traceback(filtered_tb) from None
  File "/tmp/__autograph_generated_fileu3w_yla6.py", line 14, in tf___wrapped_model
    outputs = ag__.converted_call(ag__.ld(model), tuple(ag__.ld(args)), dict(**ag__.ld(kwargs)), fscope)
  File "/tmp/__autograph_generated_file3t0ck_8q.py", line 10, in tf__call
    att1 = ag__.converted_call(ag__.ld(self).MHRSSA, (ag__.ld(x), 10), None, fscope)
  File "/tmp/__autograph_generated_file2szops_9.py", line 41, in tf__MHRSSA
    ag__.for_stmt(ag__.converted_call(ag__.ld(range), (ag__.ld(out_filter),), None, fscope), None, loop_body, get_state_1, set_state_1, ('MHRSSA',), {'iterate_names': 'i'})
  File "/tmp/__autograph_generated_file2szops_9.py", line 21, in loop_body
    tmp = ag__.converted_call(ag__.converted_call(ag__.ld(tf).keras.layers.Conv2D, (ag__.ld(num_channel), (ag__.ld(num_channel), 1)), dict(kernel_regularizer=ag__.ld(self).regularizer, activation=None), fscope), (ag__.ld(x),), None, fscope)
ValueError: in user code:

    File "/home/vivian/miniconda3/envs/seed/lib/python3.8/site-packages/keras/src/saving/legacy/saving_utils.py", line 147, in _wrapped_model  *
        outputs = model(*args, **kwargs)
    File "/home/vivian/miniconda3/envs/seed/lib/python3.8/site-packages/keras/src/utils/traceback_utils.py", line 70, in error_handler  **
        raise e.with_traceback(filtered_tb) from None
    File "/tmp/__autograph_generated_file3t0ck_8q.py", line 10, in tf__call
        att1 = ag__.converted_call(ag__.ld(self).MHRSSA, (ag__.ld(x), 10), None, fscope)
    File "/tmp/__autograph_generated_file2szops_9.py", line 41, in tf__MHRSSA
        ag__.for_stmt(ag__.converted_call(ag__.ld(range), (ag__.ld(out_filter),), None, fscope), None, loop_body, get_state_1, set_state_1, ('MHRSSA',), {'iterate_names': 'i'})
    File "/tmp/__autograph_generated_file2szops_9.py", line 21, in loop_body
        tmp = ag__.converted_call(ag__.converted_call(ag__.ld(tf).keras.layers.Conv2D, (ag__.ld(num_channel), (ag__.ld(num_channel), 1)), dict(kernel_regularizer=ag__.ld(self).regularizer, activation=None), fscope), (ag__.ld(x),), None, fscope)

    ValueError: Exception encountered when calling layer 'vignet_fp_17' (type vignet_fp).
    
    in user code:
    
        File "/home/vivian/eeg/SEED_VIG/VIGNet/network_fp.py", line 56, in call  *
            att1 = self.MHRSSA(x, 10)
        File "/home/vivian/eeg/SEED_VIG/VIGNet/network_fp.py", line 44, in MHRSSA  *
            tmp = tf.keras.layers.Conv2D(num_channel, (num_channel, 1), kernel_regularizer=self.regularizer, activation=None)(x)
        File "/home/vivian/miniconda3/envs/seed/lib/python3.8/site-packages/keras/src/utils/traceback_utils.py", line 70, in error_handler  **
            raise e.with_traceback(filtered_tb) from None
    
        ValueError: tf.function only supports singleton tf.Variables created on the first call. Make sure the tf.Variable is only created once or created outside tf.function. See https://www.tensorflow.org/guide/function#creating_tfvariables for more information.
    
    
    Call arguments received by layer 'vignet_fp_17' (type vignet_fp):
      • x=tf.Tensor(shape=(None, 2, 25, 1), dtype=float64)
      • training=False


2025-11-23 02:24:41,908 - INFO - Attempting to save model weights to: ./logs_fp_no_cv/models/trial18_best_weights.h5
2025-11-23 02:24:41,914 - INFO - ✓ Saved model weights to: ./logs_fp_no_cv/models/trial18_best_weights.h5
2025-11-23 02:24:41,914 - INFO - Attempting to save scaler to: ./logs_fp_no_cv/models/trial18_scaler.pkl
2025-11-23 02:24:41,914 - INFO - ✓ Saved scaler to: ./logs_fp_no_cv/models/trial18_scaler.pkl
2025-11-23 02:24:41,914 - INFO - Attempting to save metadata to: ./logs_fp_no_cv/models/trial18_metadata.pkl
2025-11-23 02:24:41,914 - INFO - ✓ Saved model metadata to: ./logs_fp_no_cv/models/trial18_metadata.pkl
2025-11-23 02:24:41,914 - INFO - Model save process completed
2025-11-23 02:24:41,914 - INFO - 
============================================================
2025-11-23 02:24:41,914 - INFO - EVALUATION RESULTS
2025-11-23 02:24:41,914 - INFO - ============================================================
2025-11-23 02:24:42,044 - INFO - Validation Prediction Stats:
2025-11-23 02:24:42,044 - INFO -   Std: 0.348865, Range: 0.981847, Unique ratio: 0.7099
2025-11-23 02:24:42,046 - INFO - Validation Set - MSE: 0.001739, MAE: 0.030608, RMSE: 0.041705, Pearson Correlation: 0.992888 (p=0.000000)
2025-11-23 02:24:42,246 - INFO - Test Prediction Stats:
2025-11-23 02:24:42,246 - INFO -   Std: 0.339473, Range: 0.959437, Unique ratio: 0.7101
2025-11-23 02:24:42,247 - INFO - Test Set - MSE: 0.001938, MAE: 0.032581, RMSE: 0.044023, Pearson Correlation: 0.991633 (p=0.000000)
2025-11-23 02:24:42,247 - INFO - ============================================================

2025-11-23 02:24:42,248 - INFO - Trial completed successfully
2025-11-23 02:24:42,249 - INFO - ================================================================================
2025-11-23 02:24:42,249 - INFO - Trial 18 completed. End time: 2025-11-23 02:24:42
2025-11-23 02:24:42,249 - INFO - ================================================================================
