2025-11-22 23:48:40,833 - INFO - ================================================================================
2025-11-22 23:48:40,833 - INFO - TRIAL 9 - Task: RGS (FP1/FP2 only, no CV)
2025-11-22 23:48:40,833 - INFO - Log file: ./logs_fp_no_cv/trial9_RGS_20251122_213534.log
2025-11-22 23:48:40,833 - INFO - Start time: 2025-11-22 23:48:40
2025-11-22 23:48:40,833 - INFO - ================================================================================
2025-11-22 23:48:40,835 - INFO - START TRAINING - Task: RGS (FP1/FP2 only, no CV)
2025-11-22 23:48:40,835 - INFO - Learning rate: 0.005, Epochs: 200, Batches: 8
2025-11-22 23:48:40,835 - INFO - Data split: 70% train / 15% validation / 15% test
2025-11-22 23:48:40,835 - INFO - Loading dataset (FP1/FP2 channels only, fixed split)...
2025-11-22 23:48:40,847 - INFO - Dataset shapes - Train: (617, 2, 25, 1), Valid: (130, 2, 25, 1), Test: (138, 2, 25, 1)
2025-11-22 23:48:40,848 - INFO - Applied feature normalization (StandardScaler)
2025-11-22 23:48:40,849 - INFO - Initializing VIGNet-FP model (2 channels)...
2025-11-22 23:48:40,853 - INFO - Number of batch iterations per epoch: 77
2025-11-22 23:48:48,019 - INFO - Epoch: 1, Training Loss: 0.0287, Validation Loss: 0.0109
2025-11-22 23:48:48,023 - INFO -   → New best validation loss: 0.0109
2025-11-22 23:48:55,960 - INFO - Epoch: 2, Training Loss: 0.0134, Validation Loss: 0.0121
2025-11-22 23:49:03,762 - INFO - Epoch: 3, Training Loss: 0.0114, Validation Loss: 0.0083
2025-11-22 23:49:03,764 - INFO -   → New best validation loss: 0.0083
2025-11-22 23:49:12,001 - INFO - Epoch: 4, Training Loss: 0.0103, Validation Loss: 0.0075
2025-11-22 23:49:12,004 - INFO -   → New best validation loss: 0.0075
2025-11-22 23:49:21,917 - INFO - Epoch: 5, Training Loss: 0.0098, Validation Loss: 0.0078
2025-11-22 23:49:30,763 - INFO - Epoch: 6, Training Loss: 0.0093, Validation Loss: 0.0098
2025-11-22 23:49:40,386 - INFO - Epoch: 7, Training Loss: 0.0088, Validation Loss: 0.0062
2025-11-22 23:49:40,386 - INFO -   → New best validation loss: 0.0062
2025-11-22 23:49:47,981 - INFO - Epoch: 8, Training Loss: 0.0080, Validation Loss: 0.0113
2025-11-22 23:49:55,004 - INFO - Epoch: 9, Training Loss: 0.0074, Validation Loss: 0.0057
2025-11-22 23:49:55,005 - INFO -   → New best validation loss: 0.0057
2025-11-22 23:50:05,967 - INFO - Epoch: 10, Training Loss: 0.0066, Validation Loss: 0.0056
2025-11-22 23:50:05,972 - INFO -   → New best validation loss: 0.0056
2025-11-22 23:50:14,637 - INFO - Epoch: 11, Training Loss: 0.0056, Validation Loss: 0.0058
2025-11-22 23:50:22,127 - INFO - Epoch: 12, Training Loss: 0.0063, Validation Loss: 0.0053
2025-11-22 23:50:22,128 - INFO -   → New best validation loss: 0.0053
2025-11-22 23:50:33,467 - INFO - Epoch: 13, Training Loss: 0.0050, Validation Loss: 0.0050
2025-11-22 23:50:33,473 - INFO -   → New best validation loss: 0.0050
2025-11-22 23:50:43,385 - INFO - Epoch: 14, Training Loss: 0.0050, Validation Loss: 0.0046
2025-11-22 23:50:43,390 - INFO -   → New best validation loss: 0.0046
2025-11-22 23:50:52,531 - INFO - Epoch: 15, Training Loss: 0.0049, Validation Loss: 0.0060
2025-11-22 23:51:00,997 - INFO - Epoch: 16, Training Loss: 0.0046, Validation Loss: 0.0047
2025-11-22 23:51:08,480 - INFO - Epoch: 17, Training Loss: 0.0044, Validation Loss: 0.0038
2025-11-22 23:51:08,481 - INFO -   → New best validation loss: 0.0038
2025-11-22 23:51:19,541 - INFO - Epoch: 18, Training Loss: 0.0042, Validation Loss: 0.0054
2025-11-22 23:51:29,188 - INFO - Epoch: 19, Training Loss: 0.0041, Validation Loss: 0.0037
2025-11-22 23:51:29,189 - INFO -   → New best validation loss: 0.0037
2025-11-22 23:51:38,040 - INFO - Epoch: 20, Training Loss: 0.0040, Validation Loss: 0.0036
2025-11-22 23:51:38,041 - INFO -   → New best validation loss: 0.0036
2025-11-22 23:51:47,900 - INFO - Epoch: 21, Training Loss: 0.0038, Validation Loss: 0.0047
2025-11-22 23:51:56,838 - INFO - Epoch: 22, Training Loss: 0.0041, Validation Loss: 0.0036
2025-11-22 23:52:04,194 - INFO - Epoch: 23, Training Loss: 0.0038, Validation Loss: 0.0038
2025-11-22 23:52:11,817 - INFO - Epoch: 24, Training Loss: 0.0037, Validation Loss: 0.0033
2025-11-22 23:52:11,818 - INFO -   → New best validation loss: 0.0033
2025-11-22 23:52:20,036 - INFO - Epoch: 25, Training Loss: 0.0035, Validation Loss: 0.0039
2025-11-22 23:52:27,448 - INFO - Epoch: 26, Training Loss: 0.0030, Validation Loss: 0.0032
2025-11-22 23:52:27,451 - INFO -   → New best validation loss: 0.0032
2025-11-22 23:52:37,138 - INFO - Epoch: 27, Training Loss: 0.0030, Validation Loss: 0.0036
2025-11-22 23:52:48,228 - INFO - Epoch: 28, Training Loss: 0.0026, Validation Loss: 0.0036
2025-11-22 23:52:57,129 - INFO - Epoch: 29, Training Loss: 0.0028, Validation Loss: 0.0024
2025-11-22 23:52:57,134 - INFO -   → New best validation loss: 0.0024
2025-11-22 23:53:07,083 - INFO - Epoch: 30, Training Loss: 0.0024, Validation Loss: 0.0025
2025-11-22 23:53:15,210 - INFO - Epoch: 31, Training Loss: 0.0022, Validation Loss: 0.0033
2025-11-22 23:53:25,957 - INFO - Epoch: 32, Training Loss: 0.0026, Validation Loss: 0.0023
2025-11-22 23:53:25,958 - INFO -   → New best validation loss: 0.0023
2025-11-22 23:53:34,458 - INFO - Epoch: 33, Training Loss: 0.0020, Validation Loss: 0.0026
2025-11-22 23:53:44,365 - INFO - Epoch: 34, Training Loss: 0.0019, Validation Loss: 0.0016
2025-11-22 23:53:44,368 - INFO -   → New best validation loss: 0.0016
2025-11-22 23:53:54,206 - INFO - Epoch: 35, Training Loss: 0.0017, Validation Loss: 0.0018
2025-11-22 23:54:01,600 - INFO - Epoch: 36, Training Loss: 0.0021, Validation Loss: 0.0025
2025-11-22 23:54:09,533 - INFO - Epoch: 37, Training Loss: 0.0019, Validation Loss: 0.0034
2025-11-22 23:54:17,753 - INFO - Epoch: 38, Training Loss: 0.0023, Validation Loss: 0.0021
2025-11-22 23:54:25,397 - INFO - Epoch: 39, Training Loss: 0.0018, Validation Loss: 0.0025
2025-11-22 23:54:35,042 - INFO - Epoch: 40, Training Loss: 0.0017, Validation Loss: 0.0028
2025-11-22 23:54:46,392 - INFO - Epoch: 41, Training Loss: 0.0016, Validation Loss: 0.0020
2025-11-22 23:54:55,102 - INFO - Epoch: 42, Training Loss: 0.0014, Validation Loss: 0.0012
2025-11-22 23:54:55,107 - INFO -   → New best validation loss: 0.0012
2025-11-22 23:55:04,972 - INFO - Epoch: 43, Training Loss: 0.0014, Validation Loss: 0.0017
2025-11-22 23:55:12,676 - INFO - Epoch: 44, Training Loss: 0.0017, Validation Loss: 0.0019
2025-11-22 23:55:22,943 - INFO - Epoch: 45, Training Loss: 0.0015, Validation Loss: 0.0014
2025-11-22 23:55:29,438 - INFO - Epoch: 46, Training Loss: 0.0016, Validation Loss: 0.0018
2025-11-22 23:55:39,730 - INFO - Epoch: 47, Training Loss: 0.0014, Validation Loss: 0.0011
2025-11-22 23:55:39,733 - INFO -   → New best validation loss: 0.0011
2025-11-22 23:55:48,224 - INFO - Epoch: 48, Training Loss: 0.0015, Validation Loss: 0.0020
2025-11-22 23:55:59,518 - INFO - Epoch: 49, Training Loss: 0.0014, Validation Loss: 0.0014
2025-11-22 23:56:08,439 - INFO - Epoch: 50, Training Loss: 0.0015, Validation Loss: 0.0015
2025-11-22 23:56:17,019 - INFO - Epoch: 51, Training Loss: 0.0014, Validation Loss: 0.0018
2025-11-22 23:56:25,241 - INFO - Epoch: 52, Training Loss: 0.0011, Validation Loss: 0.0014
2025-11-22 23:56:32,627 - INFO - Epoch: 53, Training Loss: 0.0013, Validation Loss: 0.0011
2025-11-22 23:56:41,031 - INFO - Epoch: 54, Training Loss: 0.0014, Validation Loss: 0.0015
2025-11-22 23:56:51,086 - INFO - Epoch: 55, Training Loss: 0.0013, Validation Loss: 0.0019
2025-11-22 23:56:59,688 - INFO - Epoch: 56, Training Loss: 0.0013, Validation Loss: 0.0009
2025-11-22 23:56:59,689 - INFO -   → New best validation loss: 0.0009
2025-11-22 23:57:06,228 - INFO - Epoch: 57, Training Loss: 0.0013, Validation Loss: 0.0012
2025-11-22 23:57:12,775 - INFO - Epoch: 58, Training Loss: 0.0011, Validation Loss: 0.0025
2025-11-22 23:57:19,879 - INFO - Epoch: 59, Training Loss: 0.0011, Validation Loss: 0.0022
2025-11-22 23:57:27,876 - INFO - Epoch: 60, Training Loss: 0.0011, Validation Loss: 0.0012
2025-11-22 23:57:35,221 - INFO - Epoch: 61, Training Loss: 0.0012, Validation Loss: 0.0016
2025-11-22 23:57:44,202 - INFO - Epoch: 62, Training Loss: 0.0013, Validation Loss: 0.0027
2025-11-22 23:57:54,684 - INFO - Epoch: 63, Training Loss: 0.0012, Validation Loss: 0.0015
2025-11-22 23:58:02,844 - INFO - Epoch: 64, Training Loss: 0.0013, Validation Loss: 0.0009
2025-11-22 23:58:11,332 - INFO - Epoch: 65, Training Loss: 0.0015, Validation Loss: 0.0024
2025-11-22 23:58:20,968 - INFO - Epoch: 66, Training Loss: 0.0012, Validation Loss: 0.0009
2025-11-22 23:58:28,247 - INFO - Epoch: 67, Training Loss: 0.0013, Validation Loss: 0.0019
2025-11-22 23:58:39,035 - INFO - Epoch: 68, Training Loss: 0.0017, Validation Loss: 0.0016
2025-11-22 23:58:47,227 - INFO - Epoch: 69, Training Loss: 0.0012, Validation Loss: 0.0015
2025-11-22 23:58:57,655 - INFO - Epoch: 70, Training Loss: 0.0010, Validation Loss: 0.0009
2025-11-22 23:59:08,887 - INFO - Epoch: 71, Training Loss: 0.0011, Validation Loss: 0.0018
2025-11-22 23:59:18,965 - INFO - Epoch: 72, Training Loss: 0.0012, Validation Loss: 0.0011
2025-11-22 23:59:26,913 - INFO - Epoch: 73, Training Loss: 0.0010, Validation Loss: 0.0012
2025-11-22 23:59:38,189 - INFO - Epoch: 74, Training Loss: 0.0010, Validation Loss: 0.0011
2025-11-22 23:59:47,434 - INFO - Epoch: 75, Training Loss: 0.0011, Validation Loss: 0.0012
2025-11-22 23:59:56,176 - INFO - Epoch: 76, Training Loss: 0.0010, Validation Loss: 0.0008
2025-11-22 23:59:56,180 - INFO -   → New best validation loss: 0.0008
2025-11-23 00:00:03,673 - INFO - Epoch: 77, Training Loss: 0.0009, Validation Loss: 0.0011
2025-11-23 00:00:14,442 - INFO - Epoch: 78, Training Loss: 0.0009, Validation Loss: 0.0008
2025-11-23 00:00:22,489 - INFO - Epoch: 79, Training Loss: 0.0010, Validation Loss: 0.0012
2025-11-23 00:00:32,399 - INFO - Epoch: 80, Training Loss: 0.0011, Validation Loss: 0.0008
2025-11-23 00:00:41,517 - INFO - Epoch: 81, Training Loss: 0.0013, Validation Loss: 0.0010
2025-11-23 00:00:49,289 - INFO - Epoch: 82, Training Loss: 0.0010, Validation Loss: 0.0009
2025-11-23 00:00:58,544 - INFO - Epoch: 83, Training Loss: 0.0010, Validation Loss: 0.0011
2025-11-23 00:01:06,018 - INFO - Epoch: 84, Training Loss: 0.0009, Validation Loss: 0.0009
2025-11-23 00:01:14,740 - INFO - Epoch: 85, Training Loss: 0.0009, Validation Loss: 0.0013
2025-11-23 00:01:23,285 - INFO - Epoch: 86, Training Loss: 0.0011, Validation Loss: 0.0010
2025-11-23 00:01:32,460 - INFO - Epoch: 87, Training Loss: 0.0011, Validation Loss: 0.0015
2025-11-23 00:01:42,771 - INFO - Epoch: 88, Training Loss: 0.0012, Validation Loss: 0.0016
2025-11-23 00:01:52,068 - INFO - Epoch: 89, Training Loss: 0.0009, Validation Loss: 0.0012
2025-11-23 00:02:01,438 - INFO - Epoch: 90, Training Loss: 0.0009, Validation Loss: 0.0012
2025-11-23 00:02:10,485 - INFO - Epoch: 91, Training Loss: 0.0011, Validation Loss: 0.0013
2025-11-23 00:02:16,272 - INFO - Epoch: 92, Training Loss: 0.0010, Validation Loss: 0.0010
2025-11-23 00:02:27,847 - INFO - Epoch: 93, Training Loss: 0.0011, Validation Loss: 0.0012
2025-11-23 00:02:37,205 - INFO - Epoch: 94, Training Loss: 0.0009, Validation Loss: 0.0008
2025-11-23 00:02:46,607 - INFO - Epoch: 95, Training Loss: 0.0012, Validation Loss: 0.0010
2025-11-23 00:02:56,481 - INFO - Epoch: 96, Training Loss: 0.0009, Validation Loss: 0.0009
2025-11-23 00:02:56,481 - INFO - Early stopping triggered at epoch 96
2025-11-23 00:02:56,481 - INFO - Best validation loss: 0.0008
2025-11-23 00:02:56,487 - INFO - Restored best model weights
2025-11-23 00:02:56,487 - INFO - Starting model save process...
2025-11-23 00:02:56,487 - INFO - Creating models directory: ./logs_fp_no_cv/models
2025-11-23 00:02:56,487 - INFO - Models directory created/verified: ./logs_fp_no_cv/models
2025-11-23 00:02:56,487 - INFO - Attempting to save model to: ./logs_fp_no_cv/models/trial9_best_model
2025-11-23 00:02:56,798 - WARNING - Failed to save model in SavedModel format: in user code:

    File "/home/vivian/miniconda3/envs/seed/lib/python3.8/site-packages/keras/src/saving/legacy/saving_utils.py", line 147, in _wrapped_model  *
        outputs = model(*args, **kwargs)
    File "/home/vivian/miniconda3/envs/seed/lib/python3.8/site-packages/keras/src/utils/traceback_utils.py", line 70, in error_handler  **
        raise e.with_traceback(filtered_tb) from None
    File "/tmp/__autograph_generated_file3t0ck_8q.py", line 10, in tf__call
        att1 = ag__.converted_call(ag__.ld(self).MHRSSA, (ag__.ld(x), 10), None, fscope)
    File "/tmp/__autograph_generated_file2szops_9.py", line 41, in tf__MHRSSA
        ag__.for_stmt(ag__.converted_call(ag__.ld(range), (ag__.ld(out_filter),), None, fscope), None, loop_body, get_state_1, set_state_1, ('MHRSSA',), {'iterate_names': 'i'})
    File "/tmp/__autograph_generated_file2szops_9.py", line 21, in loop_body
        tmp = ag__.converted_call(ag__.converted_call(ag__.ld(tf).keras.layers.Conv2D, (ag__.ld(num_channel), (ag__.ld(num_channel), 1)), dict(kernel_regularizer=ag__.ld(self).regularizer, activation=None), fscope), (ag__.ld(x),), None, fscope)

    ValueError: Exception encountered when calling layer 'vignet_fp_8' (type vignet_fp).
    
    in user code:
    
        File "/home/vivian/eeg/SEED_VIG/VIGNet/network_fp.py", line 56, in call  *
            att1 = self.MHRSSA(x, 10)
        File "/home/vivian/eeg/SEED_VIG/VIGNet/network_fp.py", line 44, in MHRSSA  *
            tmp = tf.keras.layers.Conv2D(num_channel, (num_channel, 1), kernel_regularizer=self.regularizer, activation=None)(x)
        File "/home/vivian/miniconda3/envs/seed/lib/python3.8/site-packages/keras/src/utils/traceback_utils.py", line 70, in error_handler  **
            raise e.with_traceback(filtered_tb) from None
    
        ValueError: tf.function only supports singleton tf.Variables created on the first call. Make sure the tf.Variable is only created once or created outside tf.function. See https://www.tensorflow.org/guide/function#creating_tfvariables for more information.
    
    
    Call arguments received by layer 'vignet_fp_8' (type vignet_fp):
      • x=tf.Tensor(shape=(None, 2, 25, 1), dtype=float64)
      • training=False

2025-11-23 00:02:56,798 - WARNING - Traceback (most recent call last):
  File "experiment_fp_no_cv.py", line 261, in _save_model
    model.save(model_save_path, save_format='tf')
  File "/home/vivian/miniconda3/envs/seed/lib/python3.8/site-packages/keras/src/utils/traceback_utils.py", line 70, in error_handler
    raise e.with_traceback(filtered_tb) from None
  File "/tmp/__autograph_generated_fileu3w_yla6.py", line 14, in tf___wrapped_model
    outputs = ag__.converted_call(ag__.ld(model), tuple(ag__.ld(args)), dict(**ag__.ld(kwargs)), fscope)
  File "/tmp/__autograph_generated_file3t0ck_8q.py", line 10, in tf__call
    att1 = ag__.converted_call(ag__.ld(self).MHRSSA, (ag__.ld(x), 10), None, fscope)
  File "/tmp/__autograph_generated_file2szops_9.py", line 41, in tf__MHRSSA
    ag__.for_stmt(ag__.converted_call(ag__.ld(range), (ag__.ld(out_filter),), None, fscope), None, loop_body, get_state_1, set_state_1, ('MHRSSA',), {'iterate_names': 'i'})
  File "/tmp/__autograph_generated_file2szops_9.py", line 21, in loop_body
    tmp = ag__.converted_call(ag__.converted_call(ag__.ld(tf).keras.layers.Conv2D, (ag__.ld(num_channel), (ag__.ld(num_channel), 1)), dict(kernel_regularizer=ag__.ld(self).regularizer, activation=None), fscope), (ag__.ld(x),), None, fscope)
ValueError: in user code:

    File "/home/vivian/miniconda3/envs/seed/lib/python3.8/site-packages/keras/src/saving/legacy/saving_utils.py", line 147, in _wrapped_model  *
        outputs = model(*args, **kwargs)
    File "/home/vivian/miniconda3/envs/seed/lib/python3.8/site-packages/keras/src/utils/traceback_utils.py", line 70, in error_handler  **
        raise e.with_traceback(filtered_tb) from None
    File "/tmp/__autograph_generated_file3t0ck_8q.py", line 10, in tf__call
        att1 = ag__.converted_call(ag__.ld(self).MHRSSA, (ag__.ld(x), 10), None, fscope)
    File "/tmp/__autograph_generated_file2szops_9.py", line 41, in tf__MHRSSA
        ag__.for_stmt(ag__.converted_call(ag__.ld(range), (ag__.ld(out_filter),), None, fscope), None, loop_body, get_state_1, set_state_1, ('MHRSSA',), {'iterate_names': 'i'})
    File "/tmp/__autograph_generated_file2szops_9.py", line 21, in loop_body
        tmp = ag__.converted_call(ag__.converted_call(ag__.ld(tf).keras.layers.Conv2D, (ag__.ld(num_channel), (ag__.ld(num_channel), 1)), dict(kernel_regularizer=ag__.ld(self).regularizer, activation=None), fscope), (ag__.ld(x),), None, fscope)

    ValueError: Exception encountered when calling layer 'vignet_fp_8' (type vignet_fp).
    
    in user code:
    
        File "/home/vivian/eeg/SEED_VIG/VIGNet/network_fp.py", line 56, in call  *
            att1 = self.MHRSSA(x, 10)
        File "/home/vivian/eeg/SEED_VIG/VIGNet/network_fp.py", line 44, in MHRSSA  *
            tmp = tf.keras.layers.Conv2D(num_channel, (num_channel, 1), kernel_regularizer=self.regularizer, activation=None)(x)
        File "/home/vivian/miniconda3/envs/seed/lib/python3.8/site-packages/keras/src/utils/traceback_utils.py", line 70, in error_handler  **
            raise e.with_traceback(filtered_tb) from None
    
        ValueError: tf.function only supports singleton tf.Variables created on the first call. Make sure the tf.Variable is only created once or created outside tf.function. See https://www.tensorflow.org/guide/function#creating_tfvariables for more information.
    
    
    Call arguments received by layer 'vignet_fp_8' (type vignet_fp):
      • x=tf.Tensor(shape=(None, 2, 25, 1), dtype=float64)
      • training=False


2025-11-23 00:02:56,798 - INFO - Attempting to save model weights to: ./logs_fp_no_cv/models/trial9_best_weights.h5
2025-11-23 00:02:56,805 - INFO - ✓ Saved model weights to: ./logs_fp_no_cv/models/trial9_best_weights.h5
2025-11-23 00:02:56,805 - INFO - Attempting to save scaler to: ./logs_fp_no_cv/models/trial9_scaler.pkl
2025-11-23 00:02:56,805 - INFO - ✓ Saved scaler to: ./logs_fp_no_cv/models/trial9_scaler.pkl
2025-11-23 00:02:56,805 - INFO - Attempting to save metadata to: ./logs_fp_no_cv/models/trial9_metadata.pkl
2025-11-23 00:02:56,805 - INFO - ✓ Saved model metadata to: ./logs_fp_no_cv/models/trial9_metadata.pkl
2025-11-23 00:02:56,805 - INFO - Model save process completed
2025-11-23 00:02:56,805 - INFO - 
============================================================
2025-11-23 00:02:56,805 - INFO - EVALUATION RESULTS
2025-11-23 00:02:56,805 - INFO - ============================================================
2025-11-23 00:02:56,929 - INFO - Validation Prediction Stats:
2025-11-23 00:02:56,929 - INFO -   Std: 0.118405, Range: 0.612213, Unique ratio: 0.6615
2025-11-23 00:02:56,930 - INFO - Validation Set - MSE: 0.000978, MAE: 0.024090, RMSE: 0.031273, Pearson Correlation: 0.965090 (p=0.000000)
2025-11-23 00:02:57,036 - INFO - Test Prediction Stats:
2025-11-23 00:02:57,036 - INFO -   Std: 0.130460, Range: 0.624571, Unique ratio: 0.6667
2025-11-23 00:02:57,037 - INFO - Test Set - MSE: 0.000876, MAE: 0.022154, RMSE: 0.029600, Pearson Correlation: 0.974473 (p=0.000000)
2025-11-23 00:02:57,037 - INFO - ============================================================

2025-11-23 00:02:57,037 - INFO - Trial completed successfully
2025-11-23 00:02:57,037 - INFO - ================================================================================
2025-11-23 00:02:57,037 - INFO - Trial 9 completed. End time: 2025-11-23 00:02:57
2025-11-23 00:02:57,037 - INFO - ================================================================================
