2025-11-23 01:23:12,252 - INFO - ================================================================================
2025-11-23 01:23:12,252 - INFO - TRIAL 15 - Task: RGS (FP1/FP2 only, no CV)
2025-11-23 01:23:12,252 - INFO - Log file: ./logs_fp_no_cv/trial15_RGS_20251122_213534.log
2025-11-23 01:23:12,252 - INFO - Start time: 2025-11-23 01:23:12
2025-11-23 01:23:12,252 - INFO - ================================================================================
2025-11-23 01:23:12,254 - INFO - START TRAINING - Task: RGS (FP1/FP2 only, no CV)
2025-11-23 01:23:12,254 - INFO - Learning rate: 0.005, Epochs: 200, Batches: 8
2025-11-23 01:23:12,254 - INFO - Data split: 70% train / 15% validation / 15% test
2025-11-23 01:23:12,254 - INFO - Loading dataset (FP1/FP2 channels only, fixed split)...
2025-11-23 01:23:12,266 - INFO - Dataset shapes - Train: (617, 2, 25, 1), Valid: (129, 2, 25, 1), Test: (139, 2, 25, 1)
2025-11-23 01:23:12,266 - INFO - Applied feature normalization (StandardScaler)
2025-11-23 01:23:12,267 - INFO - Initializing VIGNet-FP model (2 channels)...
2025-11-23 01:23:12,272 - INFO - Number of batch iterations per epoch: 77
2025-11-23 01:23:20,172 - INFO - Epoch: 1, Training Loss: 0.0397, Validation Loss: 0.0283
2025-11-23 01:23:20,176 - INFO -   → New best validation loss: 0.0283
2025-11-23 01:23:28,461 - INFO - Epoch: 2, Training Loss: 0.0176, Validation Loss: 0.0144
2025-11-23 01:23:28,462 - INFO -   → New best validation loss: 0.0144
2025-11-23 01:23:34,824 - INFO - Epoch: 3, Training Loss: 0.0128, Validation Loss: 0.0122
2025-11-23 01:23:34,825 - INFO -   → New best validation loss: 0.0122
2025-11-23 01:23:47,072 - INFO - Epoch: 4, Training Loss: 0.0111, Validation Loss: 0.0108
2025-11-23 01:23:47,073 - INFO -   → New best validation loss: 0.0108
2025-11-23 01:23:55,147 - INFO - Epoch: 5, Training Loss: 0.0119, Validation Loss: 0.0165
2025-11-23 01:24:03,380 - INFO - Epoch: 6, Training Loss: 0.0120, Validation Loss: 0.0086
2025-11-23 01:24:03,381 - INFO -   → New best validation loss: 0.0086
2025-11-23 01:24:13,223 - INFO - Epoch: 7, Training Loss: 0.0101, Validation Loss: 0.0097
2025-11-23 01:24:22,727 - INFO - Epoch: 8, Training Loss: 0.0099, Validation Loss: 0.0088
2025-11-23 01:24:32,360 - INFO - Epoch: 9, Training Loss: 0.0099, Validation Loss: 0.0074
2025-11-23 01:24:32,361 - INFO -   → New best validation loss: 0.0074
2025-11-23 01:24:40,749 - INFO - Epoch: 10, Training Loss: 0.0099, Validation Loss: 0.0115
2025-11-23 01:24:47,148 - INFO - Epoch: 11, Training Loss: 0.0116, Validation Loss: 0.0075
2025-11-23 01:24:54,444 - INFO - Epoch: 12, Training Loss: 0.0074, Validation Loss: 0.0079
2025-11-23 01:25:04,541 - INFO - Epoch: 13, Training Loss: 0.0073, Validation Loss: 0.0069
2025-11-23 01:25:04,542 - INFO -   → New best validation loss: 0.0069
2025-11-23 01:25:12,557 - INFO - Epoch: 14, Training Loss: 0.0065, Validation Loss: 0.0058
2025-11-23 01:25:12,558 - INFO -   → New best validation loss: 0.0058
2025-11-23 01:25:21,470 - INFO - Epoch: 15, Training Loss: 0.0057, Validation Loss: 0.0057
2025-11-23 01:25:21,471 - INFO -   → New best validation loss: 0.0057
2025-11-23 01:25:28,017 - INFO - Epoch: 16, Training Loss: 0.0050, Validation Loss: 0.0045
2025-11-23 01:25:28,022 - INFO -   → New best validation loss: 0.0045
2025-11-23 01:25:39,410 - INFO - Epoch: 17, Training Loss: 0.0048, Validation Loss: 0.0066
2025-11-23 01:25:50,608 - INFO - Epoch: 18, Training Loss: 0.0053, Validation Loss: 0.0098
2025-11-23 01:26:00,487 - INFO - Epoch: 19, Training Loss: 0.0051, Validation Loss: 0.0051
2025-11-23 01:26:08,254 - INFO - Epoch: 20, Training Loss: 0.0042, Validation Loss: 0.0030
2025-11-23 01:26:08,254 - INFO -   → New best validation loss: 0.0030
2025-11-23 01:26:17,282 - INFO - Epoch: 21, Training Loss: 0.0034, Validation Loss: 0.0053
2025-11-23 01:26:24,426 - INFO - Epoch: 22, Training Loss: 0.0041, Validation Loss: 0.0034
2025-11-23 01:26:34,687 - INFO - Epoch: 23, Training Loss: 0.0037, Validation Loss: 0.0034
2025-11-23 01:26:44,296 - INFO - Epoch: 24, Training Loss: 0.0033, Validation Loss: 0.0031
2025-11-23 01:26:52,622 - INFO - Epoch: 25, Training Loss: 0.0040, Validation Loss: 0.0037
2025-11-23 01:27:02,552 - INFO - Epoch: 26, Training Loss: 0.0037, Validation Loss: 0.0046
2025-11-23 01:27:12,486 - INFO - Epoch: 27, Training Loss: 0.0032, Validation Loss: 0.0047
2025-11-23 01:27:22,863 - INFO - Epoch: 28, Training Loss: 0.0035, Validation Loss: 0.0035
2025-11-23 01:27:35,396 - INFO - Epoch: 29, Training Loss: 0.0029, Validation Loss: 0.0035
2025-11-23 01:27:43,307 - INFO - Epoch: 30, Training Loss: 0.0040, Validation Loss: 0.0034
2025-11-23 01:27:53,551 - INFO - Epoch: 31, Training Loss: 0.0031, Validation Loss: 0.0027
2025-11-23 01:27:53,558 - INFO -   → New best validation loss: 0.0027
2025-11-23 01:28:02,309 - INFO - Epoch: 32, Training Loss: 0.0027, Validation Loss: 0.0027
2025-11-23 01:28:02,310 - INFO -   → New best validation loss: 0.0027
2025-11-23 01:28:10,935 - INFO - Epoch: 33, Training Loss: 0.0029, Validation Loss: 0.0019
2025-11-23 01:28:10,938 - INFO -   → New best validation loss: 0.0019
2025-11-23 01:28:21,653 - INFO - Epoch: 34, Training Loss: 0.0021, Validation Loss: 0.0026
2025-11-23 01:28:34,078 - INFO - Epoch: 35, Training Loss: 0.0021, Validation Loss: 0.0023
2025-11-23 01:28:39,659 - INFO - Epoch: 36, Training Loss: 0.0022, Validation Loss: 0.0021
2025-11-23 01:28:46,889 - INFO - Epoch: 37, Training Loss: 0.0024, Validation Loss: 0.0015
2025-11-23 01:28:46,890 - INFO -   → New best validation loss: 0.0015
2025-11-23 01:28:57,767 - INFO - Epoch: 38, Training Loss: 0.0019, Validation Loss: 0.0023
2025-11-23 01:29:06,826 - INFO - Epoch: 39, Training Loss: 0.0018, Validation Loss: 0.0018
2025-11-23 01:29:15,370 - INFO - Epoch: 40, Training Loss: 0.0022, Validation Loss: 0.0016
2025-11-23 01:29:24,854 - INFO - Epoch: 41, Training Loss: 0.0022, Validation Loss: 0.0016
2025-11-23 01:29:36,207 - INFO - Epoch: 42, Training Loss: 0.0019, Validation Loss: 0.0021
2025-11-23 01:29:47,385 - INFO - Epoch: 43, Training Loss: 0.0022, Validation Loss: 0.0023
2025-11-23 01:29:54,453 - INFO - Epoch: 44, Training Loss: 0.0016, Validation Loss: 0.0017
2025-11-23 01:30:04,153 - INFO - Epoch: 45, Training Loss: 0.0022, Validation Loss: 0.0020
2025-11-23 01:30:11,613 - INFO - Epoch: 46, Training Loss: 0.0022, Validation Loss: 0.0015
2025-11-23 01:30:11,614 - INFO -   → New best validation loss: 0.0015
2025-11-23 01:30:21,429 - INFO - Epoch: 47, Training Loss: 0.0017, Validation Loss: 0.0028
2025-11-23 01:30:32,949 - INFO - Epoch: 48, Training Loss: 0.0017, Validation Loss: 0.0014
2025-11-23 01:30:32,957 - INFO -   → New best validation loss: 0.0014
2025-11-23 01:30:42,232 - INFO - Epoch: 49, Training Loss: 0.0016, Validation Loss: 0.0020
2025-11-23 01:30:50,413 - INFO - Epoch: 50, Training Loss: 0.0019, Validation Loss: 0.0025
2025-11-23 01:31:00,339 - INFO - Epoch: 51, Training Loss: 0.0016, Validation Loss: 0.0014
2025-11-23 01:31:06,449 - INFO - Epoch: 52, Training Loss: 0.0015, Validation Loss: 0.0019
2025-11-23 01:31:14,519 - INFO - Epoch: 53, Training Loss: 0.0016, Validation Loss: 0.0022
2025-11-23 01:31:23,522 - INFO - Epoch: 54, Training Loss: 0.0023, Validation Loss: 0.0015
2025-11-23 01:31:31,819 - INFO - Epoch: 55, Training Loss: 0.0014, Validation Loss: 0.0023
2025-11-23 01:31:39,123 - INFO - Epoch: 56, Training Loss: 0.0019, Validation Loss: 0.0019
2025-11-23 01:31:46,363 - INFO - Epoch: 57, Training Loss: 0.0015, Validation Loss: 0.0015
2025-11-23 01:31:56,160 - INFO - Epoch: 58, Training Loss: 0.0019, Validation Loss: 0.0017
2025-11-23 01:32:02,770 - INFO - Epoch: 59, Training Loss: 0.0015, Validation Loss: 0.0010
2025-11-23 01:32:02,771 - INFO -   → New best validation loss: 0.0010
2025-11-23 01:32:10,839 - INFO - Epoch: 60, Training Loss: 0.0014, Validation Loss: 0.0016
2025-11-23 01:32:21,714 - INFO - Epoch: 61, Training Loss: 0.0014, Validation Loss: 0.0015
2025-11-23 01:32:29,409 - INFO - Epoch: 62, Training Loss: 0.0014, Validation Loss: 0.0016
2025-11-23 01:32:39,602 - INFO - Epoch: 63, Training Loss: 0.0012, Validation Loss: 0.0015
2025-11-23 01:32:49,211 - INFO - Epoch: 64, Training Loss: 0.0014, Validation Loss: 0.0019
2025-11-23 01:32:58,412 - INFO - Epoch: 65, Training Loss: 0.0016, Validation Loss: 0.0015
2025-11-23 01:33:09,024 - INFO - Epoch: 66, Training Loss: 0.0013, Validation Loss: 0.0009
2025-11-23 01:33:09,025 - INFO -   → New best validation loss: 0.0009
2025-11-23 01:33:18,259 - INFO - Epoch: 67, Training Loss: 0.0015, Validation Loss: 0.0012
2025-11-23 01:33:27,122 - INFO - Epoch: 68, Training Loss: 0.0012, Validation Loss: 0.0009
2025-11-23 01:33:27,127 - INFO -   → New best validation loss: 0.0009
2025-11-23 01:33:38,023 - INFO - Epoch: 69, Training Loss: 0.0011, Validation Loss: 0.0014
2025-11-23 01:33:49,125 - INFO - Epoch: 70, Training Loss: 0.0010, Validation Loss: 0.0015
2025-11-23 01:33:55,583 - INFO - Epoch: 71, Training Loss: 0.0010, Validation Loss: 0.0010
2025-11-23 01:34:05,300 - INFO - Epoch: 72, Training Loss: 0.0013, Validation Loss: 0.0015
2025-11-23 01:34:16,119 - INFO - Epoch: 73, Training Loss: 0.0013, Validation Loss: 0.0013
2025-11-23 01:34:25,253 - INFO - Epoch: 74, Training Loss: 0.0013, Validation Loss: 0.0011
2025-11-23 01:34:32,166 - INFO - Epoch: 75, Training Loss: 0.0017, Validation Loss: 0.0020
2025-11-23 01:34:38,417 - INFO - Epoch: 76, Training Loss: 0.0021, Validation Loss: 0.0016
2025-11-23 01:34:50,253 - INFO - Epoch: 77, Training Loss: 0.0014, Validation Loss: 0.0017
2025-11-23 01:35:00,865 - INFO - Epoch: 78, Training Loss: 0.0012, Validation Loss: 0.0010
2025-11-23 01:35:10,262 - INFO - Epoch: 79, Training Loss: 0.0010, Validation Loss: 0.0012
2025-11-23 01:35:17,944 - INFO - Epoch: 80, Training Loss: 0.0009, Validation Loss: 0.0012
2025-11-23 01:35:23,680 - INFO - Epoch: 81, Training Loss: 0.0012, Validation Loss: 0.0016
2025-11-23 01:35:31,146 - INFO - Epoch: 82, Training Loss: 0.0009, Validation Loss: 0.0011
2025-11-23 01:35:37,472 - INFO - Epoch: 83, Training Loss: 0.0014, Validation Loss: 0.0012
2025-11-23 01:35:45,547 - INFO - Epoch: 84, Training Loss: 0.0013, Validation Loss: 0.0023
2025-11-23 01:35:53,425 - INFO - Epoch: 85, Training Loss: 0.0014, Validation Loss: 0.0012
2025-11-23 01:36:02,499 - INFO - Epoch: 86, Training Loss: 0.0010, Validation Loss: 0.0012
2025-11-23 01:36:11,143 - INFO - Epoch: 87, Training Loss: 0.0010, Validation Loss: 0.0013
2025-11-23 01:36:20,112 - INFO - Epoch: 88, Training Loss: 0.0009, Validation Loss: 0.0021
2025-11-23 01:36:20,112 - INFO - Early stopping triggered at epoch 88
2025-11-23 01:36:20,112 - INFO - Best validation loss: 0.0009
2025-11-23 01:36:20,130 - INFO - Restored best model weights
2025-11-23 01:36:20,130 - INFO - Starting model save process...
2025-11-23 01:36:20,130 - INFO - Creating models directory: ./logs_fp_no_cv/models
2025-11-23 01:36:20,130 - INFO - Models directory created/verified: ./logs_fp_no_cv/models
2025-11-23 01:36:20,130 - INFO - Attempting to save model to: ./logs_fp_no_cv/models/trial15_best_model
2025-11-23 01:36:20,353 - WARNING - Failed to save model in SavedModel format: in user code:

    File "/home/vivian/miniconda3/envs/seed/lib/python3.8/site-packages/keras/src/saving/legacy/saving_utils.py", line 147, in _wrapped_model  *
        outputs = model(*args, **kwargs)
    File "/home/vivian/miniconda3/envs/seed/lib/python3.8/site-packages/keras/src/utils/traceback_utils.py", line 70, in error_handler  **
        raise e.with_traceback(filtered_tb) from None
    File "/tmp/__autograph_generated_file3t0ck_8q.py", line 10, in tf__call
        att1 = ag__.converted_call(ag__.ld(self).MHRSSA, (ag__.ld(x), 10), None, fscope)
    File "/tmp/__autograph_generated_file2szops_9.py", line 41, in tf__MHRSSA
        ag__.for_stmt(ag__.converted_call(ag__.ld(range), (ag__.ld(out_filter),), None, fscope), None, loop_body, get_state_1, set_state_1, ('MHRSSA',), {'iterate_names': 'i'})
    File "/tmp/__autograph_generated_file2szops_9.py", line 21, in loop_body
        tmp = ag__.converted_call(ag__.converted_call(ag__.ld(tf).keras.layers.Conv2D, (ag__.ld(num_channel), (ag__.ld(num_channel), 1)), dict(kernel_regularizer=ag__.ld(self).regularizer, activation=None), fscope), (ag__.ld(x),), None, fscope)

    ValueError: Exception encountered when calling layer 'vignet_fp_14' (type vignet_fp).
    
    in user code:
    
        File "/home/vivian/eeg/SEED_VIG/VIGNet/network_fp.py", line 56, in call  *
            att1 = self.MHRSSA(x, 10)
        File "/home/vivian/eeg/SEED_VIG/VIGNet/network_fp.py", line 44, in MHRSSA  *
            tmp = tf.keras.layers.Conv2D(num_channel, (num_channel, 1), kernel_regularizer=self.regularizer, activation=None)(x)
        File "/home/vivian/miniconda3/envs/seed/lib/python3.8/site-packages/keras/src/utils/traceback_utils.py", line 70, in error_handler  **
            raise e.with_traceback(filtered_tb) from None
    
        ValueError: tf.function only supports singleton tf.Variables created on the first call. Make sure the tf.Variable is only created once or created outside tf.function. See https://www.tensorflow.org/guide/function#creating_tfvariables for more information.
    
    
    Call arguments received by layer 'vignet_fp_14' (type vignet_fp):
      • x=tf.Tensor(shape=(None, 2, 25, 1), dtype=float64)
      • training=False

2025-11-23 01:36:20,353 - WARNING - Traceback (most recent call last):
  File "experiment_fp_no_cv.py", line 261, in _save_model
    model.save(model_save_path, save_format='tf')
  File "/home/vivian/miniconda3/envs/seed/lib/python3.8/site-packages/keras/src/utils/traceback_utils.py", line 70, in error_handler
    raise e.with_traceback(filtered_tb) from None
  File "/tmp/__autograph_generated_fileu3w_yla6.py", line 14, in tf___wrapped_model
    outputs = ag__.converted_call(ag__.ld(model), tuple(ag__.ld(args)), dict(**ag__.ld(kwargs)), fscope)
  File "/tmp/__autograph_generated_file3t0ck_8q.py", line 10, in tf__call
    att1 = ag__.converted_call(ag__.ld(self).MHRSSA, (ag__.ld(x), 10), None, fscope)
  File "/tmp/__autograph_generated_file2szops_9.py", line 41, in tf__MHRSSA
    ag__.for_stmt(ag__.converted_call(ag__.ld(range), (ag__.ld(out_filter),), None, fscope), None, loop_body, get_state_1, set_state_1, ('MHRSSA',), {'iterate_names': 'i'})
  File "/tmp/__autograph_generated_file2szops_9.py", line 21, in loop_body
    tmp = ag__.converted_call(ag__.converted_call(ag__.ld(tf).keras.layers.Conv2D, (ag__.ld(num_channel), (ag__.ld(num_channel), 1)), dict(kernel_regularizer=ag__.ld(self).regularizer, activation=None), fscope), (ag__.ld(x),), None, fscope)
ValueError: in user code:

    File "/home/vivian/miniconda3/envs/seed/lib/python3.8/site-packages/keras/src/saving/legacy/saving_utils.py", line 147, in _wrapped_model  *
        outputs = model(*args, **kwargs)
    File "/home/vivian/miniconda3/envs/seed/lib/python3.8/site-packages/keras/src/utils/traceback_utils.py", line 70, in error_handler  **
        raise e.with_traceback(filtered_tb) from None
    File "/tmp/__autograph_generated_file3t0ck_8q.py", line 10, in tf__call
        att1 = ag__.converted_call(ag__.ld(self).MHRSSA, (ag__.ld(x), 10), None, fscope)
    File "/tmp/__autograph_generated_file2szops_9.py", line 41, in tf__MHRSSA
        ag__.for_stmt(ag__.converted_call(ag__.ld(range), (ag__.ld(out_filter),), None, fscope), None, loop_body, get_state_1, set_state_1, ('MHRSSA',), {'iterate_names': 'i'})
    File "/tmp/__autograph_generated_file2szops_9.py", line 21, in loop_body
        tmp = ag__.converted_call(ag__.converted_call(ag__.ld(tf).keras.layers.Conv2D, (ag__.ld(num_channel), (ag__.ld(num_channel), 1)), dict(kernel_regularizer=ag__.ld(self).regularizer, activation=None), fscope), (ag__.ld(x),), None, fscope)

    ValueError: Exception encountered when calling layer 'vignet_fp_14' (type vignet_fp).
    
    in user code:
    
        File "/home/vivian/eeg/SEED_VIG/VIGNet/network_fp.py", line 56, in call  *
            att1 = self.MHRSSA(x, 10)
        File "/home/vivian/eeg/SEED_VIG/VIGNet/network_fp.py", line 44, in MHRSSA  *
            tmp = tf.keras.layers.Conv2D(num_channel, (num_channel, 1), kernel_regularizer=self.regularizer, activation=None)(x)
        File "/home/vivian/miniconda3/envs/seed/lib/python3.8/site-packages/keras/src/utils/traceback_utils.py", line 70, in error_handler  **
            raise e.with_traceback(filtered_tb) from None
    
        ValueError: tf.function only supports singleton tf.Variables created on the first call. Make sure the tf.Variable is only created once or created outside tf.function. See https://www.tensorflow.org/guide/function#creating_tfvariables for more information.
    
    
    Call arguments received by layer 'vignet_fp_14' (type vignet_fp):
      • x=tf.Tensor(shape=(None, 2, 25, 1), dtype=float64)
      • training=False


2025-11-23 01:36:20,353 - INFO - Attempting to save model weights to: ./logs_fp_no_cv/models/trial15_best_weights.h5
2025-11-23 01:36:20,358 - INFO - ✓ Saved model weights to: ./logs_fp_no_cv/models/trial15_best_weights.h5
2025-11-23 01:36:20,359 - INFO - Attempting to save scaler to: ./logs_fp_no_cv/models/trial15_scaler.pkl
2025-11-23 01:36:20,359 - INFO - ✓ Saved scaler to: ./logs_fp_no_cv/models/trial15_scaler.pkl
2025-11-23 01:36:20,359 - INFO - Attempting to save metadata to: ./logs_fp_no_cv/models/trial15_metadata.pkl
2025-11-23 01:36:20,359 - INFO - ✓ Saved model metadata to: ./logs_fp_no_cv/models/trial15_metadata.pkl
2025-11-23 01:36:20,359 - INFO - Model save process completed
2025-11-23 01:36:20,359 - INFO - 
============================================================
2025-11-23 01:36:20,359 - INFO - EVALUATION RESULTS
2025-11-23 01:36:20,359 - INFO - ============================================================
2025-11-23 01:36:20,413 - INFO - Validation Prediction Stats:
2025-11-23 01:36:20,413 - INFO -   Std: 0.160545, Range: 0.762284, Unique ratio: 0.6512
2025-11-23 01:36:20,414 - INFO - Validation Set - MSE: 0.001243, MAE: 0.027099, RMSE: 0.035250, Pearson Correlation: 0.978790 (p=0.000000)
2025-11-23 01:36:20,538 - INFO - Test Prediction Stats:
2025-11-23 01:36:20,539 - INFO -   Std: 0.164315, Range: 0.769188, Unique ratio: 0.6619
2025-11-23 01:36:20,540 - INFO - Test Set - MSE: 0.000824, MAE: 0.022382, RMSE: 0.028714, Pearson Correlation: 0.986009 (p=0.000000)
2025-11-23 01:36:20,540 - INFO - ============================================================

2025-11-23 01:36:20,541 - INFO - Trial completed successfully
2025-11-23 01:36:20,541 - INFO - ================================================================================
2025-11-23 01:36:20,541 - INFO - Trial 15 completed. End time: 2025-11-23 01:36:20
2025-11-23 01:36:20,541 - INFO - ================================================================================
