2025-11-23 01:47:17,955 - INFO - ================================================================================
2025-11-23 01:47:17,955 - INFO - TRIAL 17 - Task: RGS (FP1/FP2 only, no CV)
2025-11-23 01:47:17,955 - INFO - Log file: ./logs_fp_no_cv/trial17_RGS_20251122_213534.log
2025-11-23 01:47:17,955 - INFO - Start time: 2025-11-23 01:47:17
2025-11-23 01:47:17,955 - INFO - ================================================================================
2025-11-23 01:47:17,957 - INFO - START TRAINING - Task: RGS (FP1/FP2 only, no CV)
2025-11-23 01:47:17,957 - INFO - Learning rate: 0.005, Epochs: 200, Batches: 8
2025-11-23 01:47:17,957 - INFO - Data split: 70% train / 15% validation / 15% test
2025-11-23 01:47:17,957 - INFO - Loading dataset (FP1/FP2 channels only, fixed split)...
2025-11-23 01:47:17,969 - INFO - Dataset shapes - Train: (617, 2, 25, 1), Valid: (130, 2, 25, 1), Test: (138, 2, 25, 1)
2025-11-23 01:47:17,969 - INFO - Applied feature normalization (StandardScaler)
2025-11-23 01:47:17,970 - INFO - Initializing VIGNet-FP model (2 channels)...
2025-11-23 01:47:17,974 - INFO - Number of batch iterations per epoch: 77
2025-11-23 01:47:23,910 - INFO - Epoch: 1, Training Loss: 0.0618, Validation Loss: 0.0354
2025-11-23 01:47:23,915 - INFO -   → New best validation loss: 0.0354
2025-11-23 01:47:30,527 - INFO - Epoch: 2, Training Loss: 0.0229, Validation Loss: 0.0145
2025-11-23 01:47:30,532 - INFO -   → New best validation loss: 0.0145
2025-11-23 01:47:41,892 - INFO - Epoch: 3, Training Loss: 0.0080, Validation Loss: 0.0051
2025-11-23 01:47:41,893 - INFO -   → New best validation loss: 0.0051
2025-11-23 01:47:50,107 - INFO - Epoch: 4, Training Loss: 0.0073, Validation Loss: 0.0040
2025-11-23 01:47:50,108 - INFO -   → New best validation loss: 0.0040
2025-11-23 01:47:58,194 - INFO - Epoch: 5, Training Loss: 0.0060, Validation Loss: 0.0051
2025-11-23 01:48:08,659 - INFO - Epoch: 6, Training Loss: 0.0062, Validation Loss: 0.0032
2025-11-23 01:48:08,660 - INFO -   → New best validation loss: 0.0032
2025-11-23 01:48:15,704 - INFO - Epoch: 7, Training Loss: 0.0067, Validation Loss: 0.0035
2025-11-23 01:48:24,745 - INFO - Epoch: 8, Training Loss: 0.0061, Validation Loss: 0.0082
2025-11-23 01:48:36,275 - INFO - Epoch: 9, Training Loss: 0.0050, Validation Loss: 0.0046
2025-11-23 01:48:46,697 - INFO - Epoch: 10, Training Loss: 0.0044, Validation Loss: 0.0044
2025-11-23 01:48:57,286 - INFO - Epoch: 11, Training Loss: 0.0050, Validation Loss: 0.0037
2025-11-23 01:49:05,281 - INFO - Epoch: 12, Training Loss: 0.0040, Validation Loss: 0.0053
2025-11-23 01:49:14,038 - INFO - Epoch: 13, Training Loss: 0.0046, Validation Loss: 0.0029
2025-11-23 01:49:14,039 - INFO -   → New best validation loss: 0.0029
2025-11-23 01:49:22,533 - INFO - Epoch: 14, Training Loss: 0.0041, Validation Loss: 0.0046
2025-11-23 01:49:33,819 - INFO - Epoch: 15, Training Loss: 0.0035, Validation Loss: 0.0065
2025-11-23 01:49:43,627 - INFO - Epoch: 16, Training Loss: 0.0035, Validation Loss: 0.0037
2025-11-23 01:49:53,782 - INFO - Epoch: 17, Training Loss: 0.0029, Validation Loss: 0.0035
2025-11-23 01:50:03,226 - INFO - Epoch: 18, Training Loss: 0.0031, Validation Loss: 0.0023
2025-11-23 01:50:03,228 - INFO -   → New best validation loss: 0.0023
2025-11-23 01:50:10,808 - INFO - Epoch: 19, Training Loss: 0.0024, Validation Loss: 0.0024
2025-11-23 01:50:20,317 - INFO - Epoch: 20, Training Loss: 0.0027, Validation Loss: 0.0021
2025-11-23 01:50:20,318 - INFO -   → New best validation loss: 0.0021
2025-11-23 01:50:28,826 - INFO - Epoch: 21, Training Loss: 0.0027, Validation Loss: 0.0017
2025-11-23 01:50:28,833 - INFO -   → New best validation loss: 0.0017
2025-11-23 01:50:37,518 - INFO - Epoch: 22, Training Loss: 0.0025, Validation Loss: 0.0023
2025-11-23 01:50:48,329 - INFO - Epoch: 23, Training Loss: 0.0021, Validation Loss: 0.0052
2025-11-23 01:50:58,989 - INFO - Epoch: 24, Training Loss: 0.0025, Validation Loss: 0.0033
2025-11-23 01:51:06,471 - INFO - Epoch: 25, Training Loss: 0.0017, Validation Loss: 0.0017
2025-11-23 01:51:06,472 - INFO -   → New best validation loss: 0.0017
2025-11-23 01:51:14,771 - INFO - Epoch: 26, Training Loss: 0.0021, Validation Loss: 0.0031
2025-11-23 01:51:24,019 - INFO - Epoch: 27, Training Loss: 0.0018, Validation Loss: 0.0017
2025-11-23 01:51:34,434 - INFO - Epoch: 28, Training Loss: 0.0014, Validation Loss: 0.0028
2025-11-23 01:51:41,618 - INFO - Epoch: 29, Training Loss: 0.0015, Validation Loss: 0.0017
2025-11-23 01:51:41,618 - INFO -   → New best validation loss: 0.0017
2025-11-23 01:51:50,660 - INFO - Epoch: 30, Training Loss: 0.0012, Validation Loss: 0.0012
2025-11-23 01:51:50,661 - INFO -   → New best validation loss: 0.0012
2025-11-23 01:51:59,267 - INFO - Epoch: 31, Training Loss: 0.0021, Validation Loss: 0.0015
2025-11-23 01:52:07,301 - INFO - Epoch: 32, Training Loss: 0.0019, Validation Loss: 0.0024
2025-11-23 01:52:15,931 - INFO - Epoch: 33, Training Loss: 0.0015, Validation Loss: 0.0012
2025-11-23 01:52:23,848 - INFO - Epoch: 34, Training Loss: 0.0014, Validation Loss: 0.0013
2025-11-23 01:52:32,198 - INFO - Epoch: 35, Training Loss: 0.0012, Validation Loss: 0.0021
2025-11-23 01:52:43,541 - INFO - Epoch: 36, Training Loss: 0.0011, Validation Loss: 0.0012
2025-11-23 01:52:55,804 - INFO - Epoch: 37, Training Loss: 0.0012, Validation Loss: 0.0022
2025-11-23 01:53:04,683 - INFO - Epoch: 38, Training Loss: 0.0011, Validation Loss: 0.0014
2025-11-23 01:53:15,081 - INFO - Epoch: 39, Training Loss: 0.0010, Validation Loss: 0.0012
2025-11-23 01:53:24,574 - INFO - Epoch: 40, Training Loss: 0.0013, Validation Loss: 0.0016
2025-11-23 01:53:34,253 - INFO - Epoch: 41, Training Loss: 0.0010, Validation Loss: 0.0021
2025-11-23 01:53:40,824 - INFO - Epoch: 42, Training Loss: 0.0015, Validation Loss: 0.0019
2025-11-23 01:53:53,502 - INFO - Epoch: 43, Training Loss: 0.0010, Validation Loss: 0.0008
2025-11-23 01:53:53,508 - INFO -   → New best validation loss: 0.0008
2025-11-23 01:54:03,432 - INFO - Epoch: 44, Training Loss: 0.0010, Validation Loss: 0.0011
2025-11-23 01:54:11,462 - INFO - Epoch: 45, Training Loss: 0.0011, Validation Loss: 0.0018
2025-11-23 01:54:19,608 - INFO - Epoch: 46, Training Loss: 0.0012, Validation Loss: 0.0011
2025-11-23 01:54:28,811 - INFO - Epoch: 47, Training Loss: 0.0011, Validation Loss: 0.0028
2025-11-23 01:54:35,945 - INFO - Epoch: 48, Training Loss: 0.0010, Validation Loss: 0.0016
2025-11-23 01:54:43,412 - INFO - Epoch: 49, Training Loss: 0.0009, Validation Loss: 0.0009
2025-11-23 01:54:52,354 - INFO - Epoch: 50, Training Loss: 0.0012, Validation Loss: 0.0027
2025-11-23 01:55:02,885 - INFO - Epoch: 51, Training Loss: 0.0018, Validation Loss: 0.0014
2025-11-23 01:55:11,994 - INFO - Epoch: 52, Training Loss: 0.0011, Validation Loss: 0.0008
2025-11-23 01:55:12,003 - INFO -   → New best validation loss: 0.0008
2025-11-23 01:55:21,350 - INFO - Epoch: 53, Training Loss: 0.0010, Validation Loss: 0.0013
2025-11-23 01:55:31,678 - INFO - Epoch: 54, Training Loss: 0.0010, Validation Loss: 0.0012
2025-11-23 01:55:41,463 - INFO - Epoch: 55, Training Loss: 0.0009, Validation Loss: 0.0011
2025-11-23 01:55:52,577 - INFO - Epoch: 56, Training Loss: 0.0009, Validation Loss: 0.0011
2025-11-23 01:56:00,263 - INFO - Epoch: 57, Training Loss: 0.0008, Validation Loss: 0.0009
2025-11-23 01:56:10,727 - INFO - Epoch: 58, Training Loss: 0.0012, Validation Loss: 0.0014
2025-11-23 01:56:19,544 - INFO - Epoch: 59, Training Loss: 0.0011, Validation Loss: 0.0014
2025-11-23 01:56:27,819 - INFO - Epoch: 60, Training Loss: 0.0010, Validation Loss: 0.0009
2025-11-23 01:56:36,999 - INFO - Epoch: 61, Training Loss: 0.0010, Validation Loss: 0.0016
2025-11-23 01:56:45,232 - INFO - Epoch: 62, Training Loss: 0.0012, Validation Loss: 0.0011
2025-11-23 01:56:56,077 - INFO - Epoch: 63, Training Loss: 0.0010, Validation Loss: 0.0011
2025-11-23 01:57:04,099 - INFO - Epoch: 64, Training Loss: 0.0009, Validation Loss: 0.0015
2025-11-23 01:57:11,050 - INFO - Epoch: 65, Training Loss: 0.0008, Validation Loss: 0.0012
2025-11-23 01:57:19,435 - INFO - Epoch: 66, Training Loss: 0.0012, Validation Loss: 0.0017
2025-11-23 01:57:27,944 - INFO - Epoch: 67, Training Loss: 0.0008, Validation Loss: 0.0019
2025-11-23 01:57:37,063 - INFO - Epoch: 68, Training Loss: 0.0009, Validation Loss: 0.0008
2025-11-23 01:57:43,290 - INFO - Epoch: 69, Training Loss: 0.0007, Validation Loss: 0.0015
2025-11-23 01:57:51,814 - INFO - Epoch: 70, Training Loss: 0.0011, Validation Loss: 0.0019
2025-11-23 01:58:00,358 - INFO - Epoch: 71, Training Loss: 0.0008, Validation Loss: 0.0011
2025-11-23 01:58:09,443 - INFO - Epoch: 72, Training Loss: 0.0009, Validation Loss: 0.0012
2025-11-23 01:58:09,443 - INFO - Early stopping triggered at epoch 72
2025-11-23 01:58:09,443 - INFO - Best validation loss: 0.0008
2025-11-23 01:58:09,447 - INFO - Restored best model weights
2025-11-23 01:58:09,447 - INFO - Starting model save process...
2025-11-23 01:58:09,447 - INFO - Creating models directory: ./logs_fp_no_cv/models
2025-11-23 01:58:09,447 - INFO - Models directory created/verified: ./logs_fp_no_cv/models
2025-11-23 01:58:09,447 - INFO - Attempting to save model to: ./logs_fp_no_cv/models/trial17_best_model
2025-11-23 01:58:09,552 - WARNING - Failed to save model in SavedModel format: in user code:

    File "/home/vivian/miniconda3/envs/seed/lib/python3.8/site-packages/keras/src/saving/legacy/saving_utils.py", line 147, in _wrapped_model  *
        outputs = model(*args, **kwargs)
    File "/home/vivian/miniconda3/envs/seed/lib/python3.8/site-packages/keras/src/utils/traceback_utils.py", line 70, in error_handler  **
        raise e.with_traceback(filtered_tb) from None
    File "/tmp/__autograph_generated_file3t0ck_8q.py", line 10, in tf__call
        att1 = ag__.converted_call(ag__.ld(self).MHRSSA, (ag__.ld(x), 10), None, fscope)
    File "/tmp/__autograph_generated_file2szops_9.py", line 41, in tf__MHRSSA
        ag__.for_stmt(ag__.converted_call(ag__.ld(range), (ag__.ld(out_filter),), None, fscope), None, loop_body, get_state_1, set_state_1, ('MHRSSA',), {'iterate_names': 'i'})
    File "/tmp/__autograph_generated_file2szops_9.py", line 21, in loop_body
        tmp = ag__.converted_call(ag__.converted_call(ag__.ld(tf).keras.layers.Conv2D, (ag__.ld(num_channel), (ag__.ld(num_channel), 1)), dict(kernel_regularizer=ag__.ld(self).regularizer, activation=None), fscope), (ag__.ld(x),), None, fscope)

    ValueError: Exception encountered when calling layer 'vignet_fp_16' (type vignet_fp).
    
    in user code:
    
        File "/home/vivian/eeg/SEED_VIG/VIGNet/network_fp.py", line 56, in call  *
            att1 = self.MHRSSA(x, 10)
        File "/home/vivian/eeg/SEED_VIG/VIGNet/network_fp.py", line 44, in MHRSSA  *
            tmp = tf.keras.layers.Conv2D(num_channel, (num_channel, 1), kernel_regularizer=self.regularizer, activation=None)(x)
        File "/home/vivian/miniconda3/envs/seed/lib/python3.8/site-packages/keras/src/utils/traceback_utils.py", line 70, in error_handler  **
            raise e.with_traceback(filtered_tb) from None
    
        ValueError: tf.function only supports singleton tf.Variables created on the first call. Make sure the tf.Variable is only created once or created outside tf.function. See https://www.tensorflow.org/guide/function#creating_tfvariables for more information.
    
    
    Call arguments received by layer 'vignet_fp_16' (type vignet_fp):
      • x=tf.Tensor(shape=(None, 2, 25, 1), dtype=float64)
      • training=False

2025-11-23 01:58:09,553 - WARNING - Traceback (most recent call last):
  File "experiment_fp_no_cv.py", line 261, in _save_model
    model.save(model_save_path, save_format='tf')
  File "/home/vivian/miniconda3/envs/seed/lib/python3.8/site-packages/keras/src/utils/traceback_utils.py", line 70, in error_handler
    raise e.with_traceback(filtered_tb) from None
  File "/tmp/__autograph_generated_fileu3w_yla6.py", line 14, in tf___wrapped_model
    outputs = ag__.converted_call(ag__.ld(model), tuple(ag__.ld(args)), dict(**ag__.ld(kwargs)), fscope)
  File "/tmp/__autograph_generated_file3t0ck_8q.py", line 10, in tf__call
    att1 = ag__.converted_call(ag__.ld(self).MHRSSA, (ag__.ld(x), 10), None, fscope)
  File "/tmp/__autograph_generated_file2szops_9.py", line 41, in tf__MHRSSA
    ag__.for_stmt(ag__.converted_call(ag__.ld(range), (ag__.ld(out_filter),), None, fscope), None, loop_body, get_state_1, set_state_1, ('MHRSSA',), {'iterate_names': 'i'})
  File "/tmp/__autograph_generated_file2szops_9.py", line 21, in loop_body
    tmp = ag__.converted_call(ag__.converted_call(ag__.ld(tf).keras.layers.Conv2D, (ag__.ld(num_channel), (ag__.ld(num_channel), 1)), dict(kernel_regularizer=ag__.ld(self).regularizer, activation=None), fscope), (ag__.ld(x),), None, fscope)
ValueError: in user code:

    File "/home/vivian/miniconda3/envs/seed/lib/python3.8/site-packages/keras/src/saving/legacy/saving_utils.py", line 147, in _wrapped_model  *
        outputs = model(*args, **kwargs)
    File "/home/vivian/miniconda3/envs/seed/lib/python3.8/site-packages/keras/src/utils/traceback_utils.py", line 70, in error_handler  **
        raise e.with_traceback(filtered_tb) from None
    File "/tmp/__autograph_generated_file3t0ck_8q.py", line 10, in tf__call
        att1 = ag__.converted_call(ag__.ld(self).MHRSSA, (ag__.ld(x), 10), None, fscope)
    File "/tmp/__autograph_generated_file2szops_9.py", line 41, in tf__MHRSSA
        ag__.for_stmt(ag__.converted_call(ag__.ld(range), (ag__.ld(out_filter),), None, fscope), None, loop_body, get_state_1, set_state_1, ('MHRSSA',), {'iterate_names': 'i'})
    File "/tmp/__autograph_generated_file2szops_9.py", line 21, in loop_body
        tmp = ag__.converted_call(ag__.converted_call(ag__.ld(tf).keras.layers.Conv2D, (ag__.ld(num_channel), (ag__.ld(num_channel), 1)), dict(kernel_regularizer=ag__.ld(self).regularizer, activation=None), fscope), (ag__.ld(x),), None, fscope)

    ValueError: Exception encountered when calling layer 'vignet_fp_16' (type vignet_fp).
    
    in user code:
    
        File "/home/vivian/eeg/SEED_VIG/VIGNet/network_fp.py", line 56, in call  *
            att1 = self.MHRSSA(x, 10)
        File "/home/vivian/eeg/SEED_VIG/VIGNet/network_fp.py", line 44, in MHRSSA  *
            tmp = tf.keras.layers.Conv2D(num_channel, (num_channel, 1), kernel_regularizer=self.regularizer, activation=None)(x)
        File "/home/vivian/miniconda3/envs/seed/lib/python3.8/site-packages/keras/src/utils/traceback_utils.py", line 70, in error_handler  **
            raise e.with_traceback(filtered_tb) from None
    
        ValueError: tf.function only supports singleton tf.Variables created on the first call. Make sure the tf.Variable is only created once or created outside tf.function. See https://www.tensorflow.org/guide/function#creating_tfvariables for more information.
    
    
    Call arguments received by layer 'vignet_fp_16' (type vignet_fp):
      • x=tf.Tensor(shape=(None, 2, 25, 1), dtype=float64)
      • training=False


2025-11-23 01:58:09,553 - INFO - Attempting to save model weights to: ./logs_fp_no_cv/models/trial17_best_weights.h5
2025-11-23 01:58:09,559 - INFO - ✓ Saved model weights to: ./logs_fp_no_cv/models/trial17_best_weights.h5
2025-11-23 01:58:09,559 - INFO - Attempting to save scaler to: ./logs_fp_no_cv/models/trial17_scaler.pkl
2025-11-23 01:58:09,559 - INFO - ✓ Saved scaler to: ./logs_fp_no_cv/models/trial17_scaler.pkl
2025-11-23 01:58:09,559 - INFO - Attempting to save metadata to: ./logs_fp_no_cv/models/trial17_metadata.pkl
2025-11-23 01:58:09,559 - INFO - ✓ Saved model metadata to: ./logs_fp_no_cv/models/trial17_metadata.pkl
2025-11-23 01:58:09,559 - INFO - Model save process completed
2025-11-23 01:58:09,559 - INFO - 
============================================================
2025-11-23 01:58:09,559 - INFO - EVALUATION RESULTS
2025-11-23 01:58:09,559 - INFO - ============================================================
2025-11-23 01:58:09,669 - INFO - Validation Prediction Stats:
2025-11-23 01:58:09,669 - INFO -   Std: 0.201459, Range: 0.690115, Unique ratio: 0.6385
2025-11-23 01:58:09,671 - INFO - Validation Set - MSE: 0.000846, MAE: 0.020102, RMSE: 0.029094, Pearson Correlation: 0.989587 (p=0.000000)
2025-11-23 01:58:09,867 - INFO - Test Prediction Stats:
2025-11-23 01:58:09,867 - INFO -   Std: 0.192679, Range: 0.684917, Unique ratio: 0.6232
2025-11-23 01:58:09,868 - INFO - Test Set - MSE: 0.000876, MAE: 0.021157, RMSE: 0.029600, Pearson Correlation: 0.990251 (p=0.000000)
2025-11-23 01:58:09,868 - INFO - ============================================================

2025-11-23 01:58:09,869 - INFO - Trial completed successfully
2025-11-23 01:58:09,869 - INFO - ================================================================================
2025-11-23 01:58:09,869 - INFO - Trial 17 completed. End time: 2025-11-23 01:58:09
2025-11-23 01:58:09,869 - INFO - ================================================================================
