2025-11-17 09:36:35,061 - INFO - ================================================================================
2025-11-17 09:36:35,061 - INFO - TRIAL 1 - Task: RGS (FP1/FP2 only, no CV)
2025-11-17 09:36:35,061 - INFO - Log file: ./logs_fp_no_cv/trial1_RGS_20251117_093635.log
2025-11-17 09:36:35,061 - INFO - Start time: 2025-11-17 09:36:35
2025-11-17 09:36:35,061 - INFO - ================================================================================
2025-11-17 09:36:35,506 - INFO - START TRAINING - Task: RGS (FP1/FP2 only, no CV)
2025-11-17 09:36:35,506 - INFO - Learning rate: 0.005, Epochs: 200, Batches: 8
2025-11-17 09:36:35,506 - INFO - Data split: 70% train / 15% validation / 15% test
2025-11-17 09:36:35,506 - INFO - Loading dataset (FP1/FP2 channels only, fixed split)...
2025-11-17 09:36:35,517 - INFO - Dataset shapes - Train: (616, 2, 25, 1), Valid: (131, 2, 25, 1), Test: (138, 2, 25, 1)
2025-11-17 09:36:35,518 - INFO - Applied feature normalization (StandardScaler)
2025-11-17 09:36:35,519 - INFO - Initializing VIGNet-FP model (2 channels)...
2025-11-17 09:36:35,573 - INFO - Number of batch iterations per epoch: 77
2025-11-17 09:36:43,565 - INFO - Epoch: 1, Training Loss: 0.0837, Validation Loss: 0.0113
2025-11-17 09:36:43,566 - INFO -   → New best validation loss: 0.0113
2025-11-17 09:36:53,304 - INFO - Epoch: 2, Training Loss: 0.0106, Validation Loss: 0.0061
2025-11-17 09:36:53,305 - INFO -   → New best validation loss: 0.0061
2025-11-17 09:37:00,759 - INFO - Epoch: 3, Training Loss: 0.0088, Validation Loss: 0.0048
2025-11-17 09:37:00,760 - INFO -   → New best validation loss: 0.0048
2025-11-17 09:37:11,285 - INFO - Epoch: 4, Training Loss: 0.0079, Validation Loss: 0.0051
2025-11-17 09:37:17,770 - INFO - Epoch: 5, Training Loss: 0.0064, Validation Loss: 0.0047
2025-11-17 09:37:17,771 - INFO -   → New best validation loss: 0.0047
2025-11-17 09:37:25,557 - INFO - Epoch: 6, Training Loss: 0.0072, Validation Loss: 0.0044
2025-11-17 09:37:25,562 - INFO -   → New best validation loss: 0.0044
2025-11-17 09:37:34,495 - INFO - Epoch: 7, Training Loss: 0.0062, Validation Loss: 0.0050
2025-11-17 09:37:44,442 - INFO - Epoch: 8, Training Loss: 0.0073, Validation Loss: 0.0040
2025-11-17 09:37:44,447 - INFO -   → New best validation loss: 0.0040
2025-11-17 09:37:54,848 - INFO - Epoch: 9, Training Loss: 0.0050, Validation Loss: 0.0042
2025-11-17 09:38:02,952 - INFO - Epoch: 10, Training Loss: 0.0052, Validation Loss: 0.0033
2025-11-17 09:38:02,958 - INFO -   → New best validation loss: 0.0033
2025-11-17 09:38:13,571 - INFO - Epoch: 11, Training Loss: 0.0053, Validation Loss: 0.0040
2025-11-17 09:38:25,129 - INFO - Epoch: 12, Training Loss: 0.0050, Validation Loss: 0.0048
2025-11-17 09:38:35,189 - INFO - Epoch: 13, Training Loss: 0.0051, Validation Loss: 0.0041
2025-11-17 09:38:46,003 - INFO - Epoch: 14, Training Loss: 0.0053, Validation Loss: 0.0041
2025-11-17 09:38:57,804 - INFO - Epoch: 15, Training Loss: 0.0047, Validation Loss: 0.0036
2025-11-17 09:39:06,969 - INFO - Epoch: 16, Training Loss: 0.0045, Validation Loss: 0.0033
2025-11-17 09:39:06,970 - INFO -   → New best validation loss: 0.0033
2025-11-17 09:39:16,786 - INFO - Epoch: 17, Training Loss: 0.0042, Validation Loss: 0.0058
2025-11-17 09:39:26,585 - INFO - Epoch: 18, Training Loss: 0.0050, Validation Loss: 0.0111
2025-11-17 09:39:37,760 - INFO - Epoch: 19, Training Loss: 0.0040, Validation Loss: 0.0026
2025-11-17 09:39:37,763 - INFO -   → New best validation loss: 0.0026
2025-11-17 09:39:46,418 - INFO - Epoch: 20, Training Loss: 0.0039, Validation Loss: 0.0033
2025-11-17 09:39:54,610 - INFO - Epoch: 21, Training Loss: 0.0037, Validation Loss: 0.0026
2025-11-17 09:40:02,648 - INFO - Epoch: 22, Training Loss: 0.0037, Validation Loss: 0.0033
2025-11-17 09:40:12,398 - INFO - Epoch: 23, Training Loss: 0.0035, Validation Loss: 0.0030
2025-11-17 09:40:23,306 - INFO - Epoch: 24, Training Loss: 0.0030, Validation Loss: 0.0025
2025-11-17 09:40:23,311 - INFO -   → New best validation loss: 0.0025
2025-11-17 09:40:31,544 - INFO - Epoch: 25, Training Loss: 0.0037, Validation Loss: 0.0024
2025-11-17 09:40:31,551 - INFO -   → New best validation loss: 0.0024
2025-11-17 09:40:41,797 - INFO - Epoch: 26, Training Loss: 0.0033, Validation Loss: 0.0023
2025-11-17 09:40:41,802 - INFO -   → New best validation loss: 0.0023
2025-11-17 09:40:51,076 - INFO - Epoch: 27, Training Loss: 0.0029, Validation Loss: 0.0026
2025-11-17 09:41:00,424 - INFO - Epoch: 28, Training Loss: 0.0030, Validation Loss: 0.0018
2025-11-17 09:41:00,425 - INFO -   → New best validation loss: 0.0018
2025-11-17 09:41:09,378 - INFO - Epoch: 29, Training Loss: 0.0030, Validation Loss: 0.0036
2025-11-17 09:41:20,540 - INFO - Epoch: 30, Training Loss: 0.0032, Validation Loss: 0.0031
2025-11-17 09:41:29,797 - INFO - Epoch: 31, Training Loss: 0.0027, Validation Loss: 0.0036
2025-11-17 09:41:40,148 - INFO - Epoch: 32, Training Loss: 0.0031, Validation Loss: 0.0026
2025-11-17 09:41:48,764 - INFO - Epoch: 33, Training Loss: 0.0029, Validation Loss: 0.0042
2025-11-17 09:41:57,542 - INFO - Epoch: 34, Training Loss: 0.0027, Validation Loss: 0.0039
2025-11-17 09:42:07,693 - INFO - Epoch: 35, Training Loss: 0.0024, Validation Loss: 0.0020
2025-11-17 09:42:15,116 - INFO - Epoch: 36, Training Loss: 0.0025, Validation Loss: 0.0027
2025-11-17 09:42:25,509 - INFO - Epoch: 37, Training Loss: 0.0025, Validation Loss: 0.0016
2025-11-17 09:42:25,515 - INFO -   → New best validation loss: 0.0016
2025-11-17 09:42:37,022 - INFO - Epoch: 38, Training Loss: 0.0024, Validation Loss: 0.0016
2025-11-17 09:42:46,149 - INFO - Epoch: 39, Training Loss: 0.0022, Validation Loss: 0.0020
2025-11-17 09:42:55,861 - INFO - Epoch: 40, Training Loss: 0.0018, Validation Loss: 0.0014
2025-11-17 09:42:55,863 - INFO -   → New best validation loss: 0.0014
2025-11-17 09:43:07,299 - INFO - Epoch: 41, Training Loss: 0.0021, Validation Loss: 0.0017
2025-11-17 09:43:18,436 - INFO - Epoch: 42, Training Loss: 0.0019, Validation Loss: 0.0017
2025-11-17 09:43:26,114 - INFO - Epoch: 43, Training Loss: 0.0019, Validation Loss: 0.0028
2025-11-17 09:43:36,711 - INFO - Epoch: 44, Training Loss: 0.0023, Validation Loss: 0.0017
2025-11-17 09:43:45,482 - INFO - Epoch: 45, Training Loss: 0.0017, Validation Loss: 0.0015
2025-11-17 09:43:54,553 - INFO - Epoch: 46, Training Loss: 0.0018, Validation Loss: 0.0012
2025-11-17 09:43:54,557 - INFO -   → New best validation loss: 0.0012
2025-11-17 09:44:04,299 - INFO - Epoch: 47, Training Loss: 0.0018, Validation Loss: 0.0013
2025-11-17 09:44:11,532 - INFO - Epoch: 48, Training Loss: 0.0016, Validation Loss: 0.0011
2025-11-17 09:44:11,533 - INFO -   → New best validation loss: 0.0011
2025-11-17 09:44:20,989 - INFO - Epoch: 49, Training Loss: 0.0018, Validation Loss: 0.0023
2025-11-17 09:44:29,124 - INFO - Epoch: 50, Training Loss: 0.0016, Validation Loss: 0.0010
2025-11-17 09:44:29,126 - INFO -   → New best validation loss: 0.0010
2025-11-17 09:44:37,137 - INFO - Epoch: 51, Training Loss: 0.0016, Validation Loss: 0.0012
2025-11-17 09:44:45,857 - INFO - Epoch: 52, Training Loss: 0.0015, Validation Loss: 0.0012
2025-11-17 09:44:53,406 - INFO - Epoch: 53, Training Loss: 0.0017, Validation Loss: 0.0010
2025-11-17 09:44:53,407 - INFO -   → New best validation loss: 0.0010
2025-11-17 09:45:02,185 - INFO - Epoch: 54, Training Loss: 0.0015, Validation Loss: 0.0010
2025-11-17 09:45:02,187 - INFO -   → New best validation loss: 0.0010
2025-11-17 09:45:09,955 - INFO - Epoch: 55, Training Loss: 0.0016, Validation Loss: 0.0014
2025-11-17 09:45:18,140 - INFO - Epoch: 56, Training Loss: 0.0016, Validation Loss: 0.0009
2025-11-17 09:45:18,141 - INFO -   → New best validation loss: 0.0009
2025-11-17 09:45:26,177 - INFO - Epoch: 57, Training Loss: 0.0012, Validation Loss: 0.0010
2025-11-17 09:45:35,909 - INFO - Epoch: 58, Training Loss: 0.0014, Validation Loss: 0.0016
2025-11-17 09:45:45,132 - INFO - Epoch: 59, Training Loss: 0.0016, Validation Loss: 0.0012
2025-11-17 09:45:54,712 - INFO - Epoch: 60, Training Loss: 0.0013, Validation Loss: 0.0012
2025-11-17 09:46:05,505 - INFO - Epoch: 61, Training Loss: 0.0020, Validation Loss: 0.0017
2025-11-17 09:46:13,589 - INFO - Epoch: 62, Training Loss: 0.0016, Validation Loss: 0.0010
2025-11-17 09:46:21,790 - INFO - Epoch: 63, Training Loss: 0.0013, Validation Loss: 0.0016
2025-11-17 09:46:34,020 - INFO - Epoch: 64, Training Loss: 0.0014, Validation Loss: 0.0011
2025-11-17 09:46:44,487 - INFO - Epoch: 65, Training Loss: 0.0015, Validation Loss: 0.0024
2025-11-17 09:46:55,419 - INFO - Epoch: 66, Training Loss: 0.0014, Validation Loss: 0.0016
2025-11-17 09:47:05,094 - INFO - Epoch: 67, Training Loss: 0.0012, Validation Loss: 0.0010
2025-11-17 09:47:14,686 - INFO - Epoch: 68, Training Loss: 0.0012, Validation Loss: 0.0007
2025-11-17 09:47:14,687 - INFO -   → New best validation loss: 0.0007
2025-11-17 09:47:23,897 - INFO - Epoch: 69, Training Loss: 0.0013, Validation Loss: 0.0013
2025-11-17 09:47:32,573 - INFO - Epoch: 70, Training Loss: 0.0015, Validation Loss: 0.0014
2025-11-17 09:47:41,092 - INFO - Epoch: 71, Training Loss: 0.0013, Validation Loss: 0.0012
2025-11-17 09:47:51,422 - INFO - Epoch: 72, Training Loss: 0.0011, Validation Loss: 0.0008
2025-11-17 09:47:59,431 - INFO - Epoch: 73, Training Loss: 0.0011, Validation Loss: 0.0009
2025-11-17 09:48:07,366 - INFO - Epoch: 74, Training Loss: 0.0010, Validation Loss: 0.0013
2025-11-17 09:48:14,309 - INFO - Epoch: 75, Training Loss: 0.0011, Validation Loss: 0.0022
2025-11-17 09:48:24,894 - INFO - Epoch: 76, Training Loss: 0.0013, Validation Loss: 0.0011
2025-11-17 09:48:33,426 - INFO - Epoch: 77, Training Loss: 0.0013, Validation Loss: 0.0010
2025-11-17 09:48:43,591 - INFO - Epoch: 78, Training Loss: 0.0015, Validation Loss: 0.0010
2025-11-17 09:48:54,272 - INFO - Epoch: 79, Training Loss: 0.0012, Validation Loss: 0.0008
2025-11-17 09:49:02,934 - INFO - Epoch: 80, Training Loss: 0.0012, Validation Loss: 0.0007
2025-11-17 09:49:02,935 - INFO -   → New best validation loss: 0.0007
2025-11-17 09:49:11,410 - INFO - Epoch: 81, Training Loss: 0.0011, Validation Loss: 0.0013
2025-11-17 09:49:19,193 - INFO - Epoch: 82, Training Loss: 0.0016, Validation Loss: 0.0010
2025-11-17 09:49:28,229 - INFO - Epoch: 83, Training Loss: 0.0012, Validation Loss: 0.0016
2025-11-17 09:49:38,863 - INFO - Epoch: 84, Training Loss: 0.0015, Validation Loss: 0.0011
2025-11-17 09:49:47,581 - INFO - Epoch: 85, Training Loss: 0.0011, Validation Loss: 0.0008
2025-11-17 09:49:56,931 - INFO - Epoch: 86, Training Loss: 0.0010, Validation Loss: 0.0014
2025-11-17 09:50:06,452 - INFO - Epoch: 87, Training Loss: 0.0011, Validation Loss: 0.0010
2025-11-17 09:50:15,941 - INFO - Epoch: 88, Training Loss: 0.0009, Validation Loss: 0.0009
2025-11-17 09:50:24,044 - INFO - Epoch: 89, Training Loss: 0.0009, Validation Loss: 0.0008
2025-11-17 09:50:31,936 - INFO - Epoch: 90, Training Loss: 0.0010, Validation Loss: 0.0006
2025-11-17 09:50:31,942 - INFO -   → New best validation loss: 0.0006
2025-11-17 09:50:39,688 - INFO - Epoch: 91, Training Loss: 0.0009, Validation Loss: 0.0010
2025-11-17 09:50:47,883 - INFO - Epoch: 92, Training Loss: 0.0009, Validation Loss: 0.0007
2025-11-17 09:50:56,793 - INFO - Epoch: 93, Training Loss: 0.0010, Validation Loss: 0.0015
2025-11-17 09:51:04,281 - INFO - Epoch: 94, Training Loss: 0.0011, Validation Loss: 0.0009
2025-11-17 09:51:11,230 - INFO - Epoch: 95, Training Loss: 0.0014, Validation Loss: 0.0011
2025-11-17 09:51:18,834 - INFO - Epoch: 96, Training Loss: 0.0009, Validation Loss: 0.0008
2025-11-17 09:51:27,756 - INFO - Epoch: 97, Training Loss: 0.0009, Validation Loss: 0.0008
2025-11-17 09:51:35,941 - INFO - Epoch: 98, Training Loss: 0.0014, Validation Loss: 0.0011
2025-11-17 09:51:42,581 - INFO - Epoch: 99, Training Loss: 0.0012, Validation Loss: 0.0008
2025-11-17 09:51:49,945 - INFO - Epoch: 100, Training Loss: 0.0011, Validation Loss: 0.0008
2025-11-17 09:51:58,291 - INFO - Epoch: 101, Training Loss: 0.0010, Validation Loss: 0.0007
2025-11-17 09:52:07,999 - INFO - Epoch: 102, Training Loss: 0.0007, Validation Loss: 0.0007
2025-11-17 09:52:19,029 - INFO - Epoch: 103, Training Loss: 0.0008, Validation Loss: 0.0005
2025-11-17 09:52:19,034 - INFO -   → New best validation loss: 0.0005
2025-11-17 09:52:27,932 - INFO - Epoch: 104, Training Loss: 0.0009, Validation Loss: 0.0007
2025-11-17 09:52:37,804 - INFO - Epoch: 105, Training Loss: 0.0012, Validation Loss: 0.0014
2025-11-17 09:52:47,256 - INFO - Epoch: 106, Training Loss: 0.0008, Validation Loss: 0.0010
2025-11-17 09:52:57,591 - INFO - Epoch: 107, Training Loss: 0.0007, Validation Loss: 0.0006
2025-11-17 09:53:08,297 - INFO - Epoch: 108, Training Loss: 0.0008, Validation Loss: 0.0012
2025-11-17 09:53:18,496 - INFO - Epoch: 109, Training Loss: 0.0009, Validation Loss: 0.0007
2025-11-17 09:53:28,915 - INFO - Epoch: 110, Training Loss: 0.0011, Validation Loss: 0.0015
2025-11-17 09:53:35,643 - INFO - Epoch: 111, Training Loss: 0.0010, Validation Loss: 0.0007
2025-11-17 09:53:43,870 - INFO - Epoch: 112, Training Loss: 0.0007, Validation Loss: 0.0008
2025-11-17 09:53:52,900 - INFO - Epoch: 113, Training Loss: 0.0008, Validation Loss: 0.0010
2025-11-17 09:54:02,809 - INFO - Epoch: 114, Training Loss: 0.0008, Validation Loss: 0.0009
2025-11-17 09:54:10,399 - INFO - Epoch: 115, Training Loss: 0.0007, Validation Loss: 0.0008
2025-11-17 09:54:16,351 - INFO - Epoch: 116, Training Loss: 0.0011, Validation Loss: 0.0005
2025-11-17 09:54:24,614 - INFO - Epoch: 117, Training Loss: 0.0007, Validation Loss: 0.0010
2025-11-17 09:54:32,113 - INFO - Epoch: 118, Training Loss: 0.0007, Validation Loss: 0.0014
2025-11-17 09:54:43,112 - INFO - Epoch: 119, Training Loss: 0.0007, Validation Loss: 0.0009
2025-11-17 09:54:48,878 - INFO - Epoch: 120, Training Loss: 0.0013, Validation Loss: 0.0013
2025-11-17 09:55:00,380 - INFO - Epoch: 121, Training Loss: 0.0012, Validation Loss: 0.0012
2025-11-17 09:55:09,646 - INFO - Epoch: 122, Training Loss: 0.0010, Validation Loss: 0.0005
2025-11-17 09:55:09,647 - INFO -   → New best validation loss: 0.0005
2025-11-17 09:55:20,023 - INFO - Epoch: 123, Training Loss: 0.0007, Validation Loss: 0.0011
2025-11-17 09:55:29,097 - INFO - Epoch: 124, Training Loss: 0.0007, Validation Loss: 0.0007
2025-11-17 09:55:38,448 - INFO - Epoch: 125, Training Loss: 0.0009, Validation Loss: 0.0006
2025-11-17 09:55:46,940 - INFO - Epoch: 126, Training Loss: 0.0008, Validation Loss: 0.0009
2025-11-17 09:55:56,403 - INFO - Epoch: 127, Training Loss: 0.0008, Validation Loss: 0.0007
2025-11-17 09:56:05,832 - INFO - Epoch: 128, Training Loss: 0.0007, Validation Loss: 0.0010
2025-11-17 09:56:14,541 - INFO - Epoch: 129, Training Loss: 0.0008, Validation Loss: 0.0013
2025-11-17 09:56:23,059 - INFO - Epoch: 130, Training Loss: 0.0009, Validation Loss: 0.0007
2025-11-17 09:56:33,207 - INFO - Epoch: 131, Training Loss: 0.0008, Validation Loss: 0.0006
2025-11-17 09:56:42,671 - INFO - Epoch: 132, Training Loss: 0.0007, Validation Loss: 0.0007
2025-11-17 09:56:54,235 - INFO - Epoch: 133, Training Loss: 0.0005, Validation Loss: 0.0007
2025-11-17 09:57:04,831 - INFO - Epoch: 134, Training Loss: 0.0007, Validation Loss: 0.0008
2025-11-17 09:57:13,557 - INFO - Epoch: 135, Training Loss: 0.0007, Validation Loss: 0.0008
2025-11-17 09:57:23,010 - INFO - Epoch: 136, Training Loss: 0.0006, Validation Loss: 0.0006
2025-11-17 09:57:30,960 - INFO - Epoch: 137, Training Loss: 0.0009, Validation Loss: 0.0010
2025-11-17 09:57:40,044 - INFO - Epoch: 138, Training Loss: 0.0009, Validation Loss: 0.0016
2025-11-17 09:57:50,607 - INFO - Epoch: 139, Training Loss: 0.0009, Validation Loss: 0.0006
2025-11-17 09:57:57,765 - INFO - Epoch: 140, Training Loss: 0.0008, Validation Loss: 0.0006
2025-11-17 09:58:05,494 - INFO - Epoch: 141, Training Loss: 0.0009, Validation Loss: 0.0006
2025-11-17 09:58:15,826 - INFO - Epoch: 142, Training Loss: 0.0007, Validation Loss: 0.0006
2025-11-17 09:58:15,826 - INFO - Early stopping triggered at epoch 142
2025-11-17 09:58:15,826 - INFO - Best validation loss: 0.0005
2025-11-17 09:58:15,831 - INFO - Restored best model weights
2025-11-17 09:58:15,831 - INFO - 
============================================================
2025-11-17 09:58:15,831 - INFO - EVALUATION RESULTS
2025-11-17 09:58:15,831 - INFO - ============================================================
2025-11-17 09:58:15,876 - INFO - Validation Prediction Stats:
2025-11-17 09:58:15,876 - INFO -   Std: 0.288023, Range: 0.762712, Unique ratio: 0.6641
2025-11-17 09:58:15,876 - INFO - Validation Set - MSE: 0.000446, MAE: 0.015384, RMSE: 0.021115, Pearson Correlation: 0.997445 (p=0.000000)
2025-11-17 09:58:15,923 - INFO - Test Prediction Stats:
2025-11-17 09:58:15,923 - INFO -   Std: 0.284514, Range: 0.783348, Unique ratio: 0.6377
2025-11-17 09:58:15,923 - INFO - Test Set - MSE: 0.000992, MAE: 0.020169, RMSE: 0.031494, Pearson Correlation: 0.993984 (p=0.000000)
2025-11-17 09:58:15,923 - INFO - ============================================================

2025-11-17 09:58:15,924 - INFO - Trial completed successfully
2025-11-17 09:58:15,924 - INFO - ================================================================================
2025-11-17 09:58:15,924 - INFO - Trial 1 completed. End time: 2025-11-17 09:58:15
2025-11-17 09:58:15,924 - INFO - ================================================================================
