2025-11-18 11:43:24,676 - INFO - ================================================================================
2025-11-18 11:43:24,676 - INFO - TRIAL 1 - Task: RGS (FP1/FP2 only, no CV)
2025-11-18 11:43:24,676 - INFO - Log file: ./logs_fp_no_cv/trial1_RGS_20251118_114324.log
2025-11-18 11:43:24,676 - INFO - Start time: 2025-11-18 11:43:24
2025-11-18 11:43:24,676 - INFO - ================================================================================
2025-11-18 11:43:25,103 - INFO - START TRAINING - Task: RGS (FP1/FP2 only, no CV)
2025-11-18 11:43:25,103 - INFO - Learning rate: 0.005, Epochs: 200, Batches: 8
2025-11-18 11:43:25,103 - INFO - Data split: 70% train / 15% validation / 15% test
2025-11-18 11:43:25,103 - INFO - Loading dataset (FP1/FP2 channels only, fixed split)...
2025-11-18 11:43:25,115 - INFO - Dataset shapes - Train: (616, 2, 25, 1), Valid: (131, 2, 25, 1), Test: (138, 2, 25, 1)
2025-11-18 11:43:25,115 - INFO - Applied feature normalization (StandardScaler)
2025-11-18 11:43:25,116 - INFO - Initializing VIGNet-FP model (2 channels)...
2025-11-18 11:43:25,170 - INFO - Number of batch iterations per epoch: 77
2025-11-18 11:43:32,289 - INFO - Epoch: 1, Training Loss: 0.0835, Validation Loss: 0.0229
2025-11-18 11:43:32,290 - INFO -   → New best validation loss: 0.0229
2025-11-18 11:43:39,559 - INFO - Epoch: 2, Training Loss: 0.0124, Validation Loss: 0.0085
2025-11-18 11:43:39,560 - INFO -   → New best validation loss: 0.0085
2025-11-18 11:43:47,497 - INFO - Epoch: 3, Training Loss: 0.0114, Validation Loss: 0.0057
2025-11-18 11:43:47,499 - INFO -   → New best validation loss: 0.0057
2025-11-18 11:43:58,396 - INFO - Epoch: 4, Training Loss: 0.0085, Validation Loss: 0.0136
2025-11-18 11:44:08,783 - INFO - Epoch: 5, Training Loss: 0.0068, Validation Loss: 0.0038
2025-11-18 11:44:08,786 - INFO -   → New best validation loss: 0.0038
2025-11-18 11:44:17,911 - INFO - Epoch: 6, Training Loss: 0.0078, Validation Loss: 0.0119
2025-11-18 11:44:25,591 - INFO - Epoch: 7, Training Loss: 0.0062, Validation Loss: 0.0071
2025-11-18 11:44:35,015 - INFO - Epoch: 8, Training Loss: 0.0064, Validation Loss: 0.0032
2025-11-18 11:44:35,016 - INFO -   → New best validation loss: 0.0032
2025-11-18 11:44:44,450 - INFO - Epoch: 9, Training Loss: 0.0045, Validation Loss: 0.0065
2025-11-18 11:44:54,526 - INFO - Epoch: 10, Training Loss: 0.0054, Validation Loss: 0.0043
2025-11-18 11:45:01,574 - INFO - Epoch: 11, Training Loss: 0.0049, Validation Loss: 0.0039
2025-11-18 11:45:13,513 - INFO - Epoch: 12, Training Loss: 0.0053, Validation Loss: 0.0028
2025-11-18 11:45:13,517 - INFO -   → New best validation loss: 0.0028
2025-11-18 11:45:22,926 - INFO - Epoch: 13, Training Loss: 0.0049, Validation Loss: 0.0034
2025-11-18 11:45:30,766 - INFO - Epoch: 14, Training Loss: 0.0048, Validation Loss: 0.0068
2025-11-18 11:45:39,071 - INFO - Epoch: 15, Training Loss: 0.0042, Validation Loss: 0.0041
2025-11-18 11:45:49,414 - INFO - Epoch: 16, Training Loss: 0.0043, Validation Loss: 0.0032
2025-11-18 11:45:57,881 - INFO - Epoch: 17, Training Loss: 0.0039, Validation Loss: 0.0056
2025-11-18 11:46:07,072 - INFO - Epoch: 18, Training Loss: 0.0047, Validation Loss: 0.0115
2025-11-18 11:46:14,963 - INFO - Epoch: 19, Training Loss: 0.0038, Validation Loss: 0.0034
2025-11-18 11:46:21,822 - INFO - Epoch: 20, Training Loss: 0.0035, Validation Loss: 0.0030
2025-11-18 11:46:30,329 - INFO - Epoch: 21, Training Loss: 0.0036, Validation Loss: 0.0035
2025-11-18 11:46:39,129 - INFO - Epoch: 22, Training Loss: 0.0042, Validation Loss: 0.0040
2025-11-18 11:46:47,791 - INFO - Epoch: 23, Training Loss: 0.0033, Validation Loss: 0.0020
2025-11-18 11:46:47,794 - INFO -   → New best validation loss: 0.0020
2025-11-18 11:46:55,522 - INFO - Epoch: 24, Training Loss: 0.0033, Validation Loss: 0.0023
2025-11-18 11:47:03,956 - INFO - Epoch: 25, Training Loss: 0.0031, Validation Loss: 0.0026
2025-11-18 11:47:10,045 - INFO - Epoch: 26, Training Loss: 0.0032, Validation Loss: 0.0017
2025-11-18 11:47:10,046 - INFO -   → New best validation loss: 0.0017
2025-11-18 11:47:20,041 - INFO - Epoch: 27, Training Loss: 0.0029, Validation Loss: 0.0037
2025-11-18 11:47:29,518 - INFO - Epoch: 28, Training Loss: 0.0033, Validation Loss: 0.0021
2025-11-18 11:47:37,242 - INFO - Epoch: 29, Training Loss: 0.0033, Validation Loss: 0.0016
2025-11-18 11:47:37,248 - INFO -   → New best validation loss: 0.0016
2025-11-18 11:47:47,440 - INFO - Epoch: 30, Training Loss: 0.0027, Validation Loss: 0.0021
2025-11-18 11:47:55,279 - INFO - Epoch: 31, Training Loss: 0.0028, Validation Loss: 0.0040
2025-11-18 11:48:05,201 - INFO - Epoch: 32, Training Loss: 0.0028, Validation Loss: 0.0028
2025-11-18 11:48:14,349 - INFO - Epoch: 33, Training Loss: 0.0025, Validation Loss: 0.0035
2025-11-18 11:48:22,146 - INFO - Epoch: 34, Training Loss: 0.0026, Validation Loss: 0.0022
2025-11-18 11:48:29,397 - INFO - Epoch: 35, Training Loss: 0.0032, Validation Loss: 0.0018
2025-11-18 11:48:38,974 - INFO - Epoch: 36, Training Loss: 0.0023, Validation Loss: 0.0023
2025-11-18 11:48:49,901 - INFO - Epoch: 37, Training Loss: 0.0023, Validation Loss: 0.0013
2025-11-18 11:48:49,902 - INFO -   → New best validation loss: 0.0013
2025-11-18 11:48:58,747 - INFO - Epoch: 38, Training Loss: 0.0026, Validation Loss: 0.0029
2025-11-18 11:49:06,816 - INFO - Epoch: 39, Training Loss: 0.0023, Validation Loss: 0.0015
2025-11-18 11:49:15,598 - INFO - Epoch: 40, Training Loss: 0.0023, Validation Loss: 0.0017
2025-11-18 11:49:24,024 - INFO - Epoch: 41, Training Loss: 0.0025, Validation Loss: 0.0015
2025-11-18 11:49:34,793 - INFO - Epoch: 42, Training Loss: 0.0021, Validation Loss: 0.0015
2025-11-18 11:49:42,980 - INFO - Epoch: 43, Training Loss: 0.0023, Validation Loss: 0.0033
2025-11-18 11:49:51,662 - INFO - Epoch: 44, Training Loss: 0.0024, Validation Loss: 0.0018
2025-11-18 11:50:00,376 - INFO - Epoch: 45, Training Loss: 0.0023, Validation Loss: 0.0020
2025-11-18 11:50:08,313 - INFO - Epoch: 46, Training Loss: 0.0024, Validation Loss: 0.0015
2025-11-18 11:50:17,889 - INFO - Epoch: 47, Training Loss: 0.0020, Validation Loss: 0.0013
2025-11-18 11:50:25,335 - INFO - Epoch: 48, Training Loss: 0.0018, Validation Loss: 0.0014
2025-11-18 11:50:33,420 - INFO - Epoch: 49, Training Loss: 0.0020, Validation Loss: 0.0030
2025-11-18 11:50:43,889 - INFO - Epoch: 50, Training Loss: 0.0017, Validation Loss: 0.0014
2025-11-18 11:50:53,259 - INFO - Epoch: 51, Training Loss: 0.0020, Validation Loss: 0.0020
2025-11-18 11:51:03,900 - INFO - Epoch: 52, Training Loss: 0.0019, Validation Loss: 0.0021
2025-11-18 11:51:11,588 - INFO - Epoch: 53, Training Loss: 0.0018, Validation Loss: 0.0012
2025-11-18 11:51:11,589 - INFO -   → New best validation loss: 0.0012
2025-11-18 11:51:18,930 - INFO - Epoch: 54, Training Loss: 0.0018, Validation Loss: 0.0025
2025-11-18 11:51:28,224 - INFO - Epoch: 55, Training Loss: 0.0016, Validation Loss: 0.0014
2025-11-18 11:51:39,363 - INFO - Epoch: 56, Training Loss: 0.0018, Validation Loss: 0.0020
2025-11-18 11:51:46,146 - INFO - Epoch: 57, Training Loss: 0.0016, Validation Loss: 0.0016
2025-11-18 11:51:56,713 - INFO - Epoch: 58, Training Loss: 0.0019, Validation Loss: 0.0024
2025-11-18 11:52:05,582 - INFO - Epoch: 59, Training Loss: 0.0020, Validation Loss: 0.0013
2025-11-18 11:52:12,325 - INFO - Epoch: 60, Training Loss: 0.0014, Validation Loss: 0.0012
2025-11-18 11:52:21,731 - INFO - Epoch: 61, Training Loss: 0.0012, Validation Loss: 0.0017
2025-11-18 11:52:30,300 - INFO - Epoch: 62, Training Loss: 0.0014, Validation Loss: 0.0012
2025-11-18 11:52:40,018 - INFO - Epoch: 63, Training Loss: 0.0015, Validation Loss: 0.0016
2025-11-18 11:52:50,461 - INFO - Epoch: 64, Training Loss: 0.0019, Validation Loss: 0.0013
2025-11-18 11:52:58,797 - INFO - Epoch: 65, Training Loss: 0.0017, Validation Loss: 0.0017
2025-11-18 11:53:08,206 - INFO - Epoch: 66, Training Loss: 0.0015, Validation Loss: 0.0022
2025-11-18 11:53:18,343 - INFO - Epoch: 67, Training Loss: 0.0015, Validation Loss: 0.0010
2025-11-18 11:53:18,348 - INFO -   → New best validation loss: 0.0010
2025-11-18 11:53:28,075 - INFO - Epoch: 68, Training Loss: 0.0017, Validation Loss: 0.0011
2025-11-18 11:53:35,991 - INFO - Epoch: 69, Training Loss: 0.0014, Validation Loss: 0.0015
2025-11-18 11:53:41,950 - INFO - Epoch: 70, Training Loss: 0.0014, Validation Loss: 0.0013
2025-11-18 11:53:51,313 - INFO - Epoch: 71, Training Loss: 0.0011, Validation Loss: 0.0018
2025-11-18 11:53:58,283 - INFO - Epoch: 72, Training Loss: 0.0015, Validation Loss: 0.0015
2025-11-18 11:54:07,560 - INFO - Epoch: 73, Training Loss: 0.0015, Validation Loss: 0.0014
2025-11-18 11:54:16,461 - INFO - Epoch: 74, Training Loss: 0.0017, Validation Loss: 0.0022
2025-11-18 11:54:26,285 - INFO - Epoch: 75, Training Loss: 0.0016, Validation Loss: 0.0016
2025-11-18 11:54:35,871 - INFO - Epoch: 76, Training Loss: 0.0013, Validation Loss: 0.0014
2025-11-18 11:54:44,200 - INFO - Epoch: 77, Training Loss: 0.0015, Validation Loss: 0.0011
2025-11-18 11:54:52,681 - INFO - Epoch: 78, Training Loss: 0.0013, Validation Loss: 0.0010
2025-11-18 11:55:01,675 - INFO - Epoch: 79, Training Loss: 0.0013, Validation Loss: 0.0029
2025-11-18 11:55:11,162 - INFO - Epoch: 80, Training Loss: 0.0012, Validation Loss: 0.0009
2025-11-18 11:55:11,166 - INFO -   → New best validation loss: 0.0009
2025-11-18 11:55:20,572 - INFO - Epoch: 81, Training Loss: 0.0011, Validation Loss: 0.0012
2025-11-18 11:55:27,264 - INFO - Epoch: 82, Training Loss: 0.0013, Validation Loss: 0.0012
2025-11-18 11:55:36,245 - INFO - Epoch: 83, Training Loss: 0.0014, Validation Loss: 0.0027
2025-11-18 11:55:41,756 - INFO - Epoch: 84, Training Loss: 0.0018, Validation Loss: 0.0009
2025-11-18 11:55:50,953 - INFO - Epoch: 85, Training Loss: 0.0013, Validation Loss: 0.0008
2025-11-18 11:55:50,954 - INFO -   → New best validation loss: 0.0008
2025-11-18 11:55:59,278 - INFO - Epoch: 86, Training Loss: 0.0015, Validation Loss: 0.0015
2025-11-18 11:56:08,598 - INFO - Epoch: 87, Training Loss: 0.0012, Validation Loss: 0.0011
2025-11-18 11:56:18,697 - INFO - Epoch: 88, Training Loss: 0.0013, Validation Loss: 0.0019
2025-11-18 11:56:29,514 - INFO - Epoch: 89, Training Loss: 0.0013, Validation Loss: 0.0007
2025-11-18 11:56:29,515 - INFO -   → New best validation loss: 0.0007
2025-11-18 11:56:38,418 - INFO - Epoch: 90, Training Loss: 0.0013, Validation Loss: 0.0007
2025-11-18 11:56:38,419 - INFO -   → New best validation loss: 0.0007
2025-11-18 11:56:46,324 - INFO - Epoch: 91, Training Loss: 0.0013, Validation Loss: 0.0019
2025-11-18 11:56:54,456 - INFO - Epoch: 92, Training Loss: 0.0011, Validation Loss: 0.0016
2025-11-18 11:57:03,839 - INFO - Epoch: 93, Training Loss: 0.0016, Validation Loss: 0.0022
2025-11-18 11:57:12,132 - INFO - Epoch: 94, Training Loss: 0.0013, Validation Loss: 0.0026
2025-11-18 11:57:20,256 - INFO - Epoch: 95, Training Loss: 0.0012, Validation Loss: 0.0017
2025-11-18 11:57:26,688 - INFO - Epoch: 96, Training Loss: 0.0012, Validation Loss: 0.0011
2025-11-18 11:57:38,156 - INFO - Epoch: 97, Training Loss: 0.0013, Validation Loss: 0.0009
2025-11-18 11:57:47,822 - INFO - Epoch: 98, Training Loss: 0.0013, Validation Loss: 0.0009
2025-11-18 11:57:57,319 - INFO - Epoch: 99, Training Loss: 0.0012, Validation Loss: 0.0010
2025-11-18 11:58:08,446 - INFO - Epoch: 100, Training Loss: 0.0013, Validation Loss: 0.0015
2025-11-18 11:58:18,031 - INFO - Epoch: 101, Training Loss: 0.0011, Validation Loss: 0.0013
2025-11-18 11:58:24,425 - INFO - Epoch: 102, Training Loss: 0.0014, Validation Loss: 0.0026
2025-11-18 11:58:35,202 - INFO - Epoch: 103, Training Loss: 0.0012, Validation Loss: 0.0016
2025-11-18 11:58:44,939 - INFO - Epoch: 104, Training Loss: 0.0013, Validation Loss: 0.0020
2025-11-18 11:58:53,982 - INFO - Epoch: 105, Training Loss: 0.0013, Validation Loss: 0.0007
2025-11-18 11:59:02,251 - INFO - Epoch: 106, Training Loss: 0.0010, Validation Loss: 0.0010
2025-11-18 11:59:10,265 - INFO - Epoch: 107, Training Loss: 0.0009, Validation Loss: 0.0009
2025-11-18 11:59:18,142 - INFO - Epoch: 108, Training Loss: 0.0011, Validation Loss: 0.0010
2025-11-18 11:59:25,217 - INFO - Epoch: 109, Training Loss: 0.0010, Validation Loss: 0.0010
2025-11-18 11:59:36,256 - INFO - Epoch: 110, Training Loss: 0.0014, Validation Loss: 0.0014
2025-11-18 11:59:36,257 - INFO - Early stopping triggered at epoch 110
2025-11-18 11:59:36,257 - INFO - Best validation loss: 0.0007
2025-11-18 11:59:36,275 - INFO - Restored best model weights
2025-11-18 11:59:36,630 - WARNING - Failed to save model in SavedModel format: in user code:

    File "/home/vivian/miniconda3/envs/seed/lib/python3.8/site-packages/keras/src/saving/legacy/saving_utils.py", line 147, in _wrapped_model  *
        outputs = model(*args, **kwargs)
    File "/home/vivian/miniconda3/envs/seed/lib/python3.8/site-packages/keras/src/utils/traceback_utils.py", line 70, in error_handler  **
        raise e.with_traceback(filtered_tb) from None
    File "/tmp/__autograph_generated_filefptaoi0b.py", line 10, in tf__call
        att1 = ag__.converted_call(ag__.ld(self).MHRSSA, (ag__.ld(x), 10), None, fscope)
    File "/tmp/__autograph_generated_filelvv1f72f.py", line 41, in tf__MHRSSA
        ag__.for_stmt(ag__.converted_call(ag__.ld(range), (ag__.ld(out_filter),), None, fscope), None, loop_body, get_state_1, set_state_1, ('MHRSSA',), {'iterate_names': 'i'})
    File "/tmp/__autograph_generated_filelvv1f72f.py", line 21, in loop_body
        tmp = ag__.converted_call(ag__.converted_call(ag__.ld(tf).keras.layers.Conv2D, (ag__.ld(num_channel), (ag__.ld(num_channel), 1)), dict(kernel_regularizer=ag__.ld(self).regularizer, activation=None), fscope), (ag__.ld(x),), None, fscope)

    ValueError: Exception encountered when calling layer 'vignet_fp' (type vignet_fp).
    
    in user code:
    
        File "/home/vivian/eeg/SEED_VIG/VIGNet/network_fp.py", line 56, in call  *
            att1 = self.MHRSSA(x, 10)
        File "/home/vivian/eeg/SEED_VIG/VIGNet/network_fp.py", line 44, in MHRSSA  *
            tmp = tf.keras.layers.Conv2D(num_channel, (num_channel, 1), kernel_regularizer=self.regularizer, activation=None)(x)
        File "/home/vivian/miniconda3/envs/seed/lib/python3.8/site-packages/keras/src/utils/traceback_utils.py", line 70, in error_handler  **
            raise e.with_traceback(filtered_tb) from None
    
        ValueError: tf.function only supports singleton tf.Variables created on the first call. Make sure the tf.Variable is only created once or created outside tf.function. See https://www.tensorflow.org/guide/function#creating_tfvariables for more information.
    
    
    Call arguments received by layer 'vignet_fp' (type vignet_fp):
      • x=tf.Tensor(shape=(None, 2, 25, 1), dtype=float64)
      • training=False

2025-11-18 11:59:36,640 - INFO - Saved model weights to: ./logs_fp_no_cv/models/trial1_best_weights.h5
2025-11-18 11:59:36,640 - INFO - Saved scaler to: ./logs_fp_no_cv/models/trial1_scaler.pkl
2025-11-18 11:59:36,640 - INFO - Saved model metadata to: ./logs_fp_no_cv/models/trial1_metadata.pkl
2025-11-18 11:59:36,640 - INFO - 
============================================================
2025-11-18 11:59:36,640 - INFO - EVALUATION RESULTS
2025-11-18 11:59:36,640 - INFO - ============================================================
2025-11-18 11:59:36,687 - INFO - Validation Prediction Stats:
2025-11-18 11:59:36,687 - INFO -   Std: 0.287848, Range: 0.827660, Unique ratio: 0.6947
2025-11-18 11:59:36,687 - INFO - Validation Set - MSE: 0.000810, MAE: 0.021244, RMSE: 0.028460, Pearson Correlation: 0.995301 (p=0.000000)
2025-11-18 11:59:36,738 - INFO - Test Prediction Stats:
2025-11-18 11:59:36,738 - INFO -   Std: 0.292662, Range: 0.791998, Unique ratio: 0.6449
2025-11-18 11:59:36,739 - INFO - Test Set - MSE: 0.001208, MAE: 0.023504, RMSE: 0.034761, Pearson Correlation: 0.993266 (p=0.000000)
2025-11-18 11:59:36,739 - INFO - ============================================================

2025-11-18 11:59:36,740 - INFO - Trial completed successfully
2025-11-18 11:59:36,740 - INFO - ================================================================================
2025-11-18 11:59:36,740 - INFO - Trial 1 completed. End time: 2025-11-18 11:59:36
2025-11-18 11:59:36,740 - INFO - ================================================================================
