2025-11-23 00:02:57,038 - INFO - ================================================================================
2025-11-23 00:02:57,038 - INFO - TRIAL 10 - Task: RGS (FP1/FP2 only, no CV)
2025-11-23 00:02:57,038 - INFO - Log file: ./logs_fp_no_cv/trial10_RGS_20251122_213534.log
2025-11-23 00:02:57,038 - INFO - Start time: 2025-11-23 00:02:57
2025-11-23 00:02:57,038 - INFO - ================================================================================
2025-11-23 00:02:57,040 - INFO - START TRAINING - Task: RGS (FP1/FP2 only, no CV)
2025-11-23 00:02:57,040 - INFO - Learning rate: 0.005, Epochs: 200, Batches: 8
2025-11-23 00:02:57,040 - INFO - Data split: 70% train / 15% validation / 15% test
2025-11-23 00:02:57,040 - INFO - Loading dataset (FP1/FP2 channels only, fixed split)...
2025-11-23 00:02:57,079 - INFO - Dataset shapes - Train: (617, 2, 25, 1), Valid: (130, 2, 25, 1), Test: (138, 2, 25, 1)
2025-11-23 00:02:57,081 - INFO - Applied feature normalization (StandardScaler)
2025-11-23 00:02:57,083 - INFO - Initializing VIGNet-FP model (2 channels)...
2025-11-23 00:02:57,095 - INFO - Number of batch iterations per epoch: 77
2025-11-23 00:03:05,261 - INFO - Epoch: 1, Training Loss: 0.0340, Validation Loss: 0.0261
2025-11-23 00:03:05,262 - INFO -   → New best validation loss: 0.0261
2025-11-23 00:03:13,333 - INFO - Epoch: 2, Training Loss: 0.0208, Validation Loss: 0.0162
2025-11-23 00:03:13,334 - INFO -   → New best validation loss: 0.0162
2025-11-23 00:03:20,735 - INFO - Epoch: 3, Training Loss: 0.0176, Validation Loss: 0.0158
2025-11-23 00:03:20,737 - INFO -   → New best validation loss: 0.0158
2025-11-23 00:03:32,376 - INFO - Epoch: 4, Training Loss: 0.0182, Validation Loss: 0.0167
2025-11-23 00:03:42,532 - INFO - Epoch: 5, Training Loss: 0.0165, Validation Loss: 0.0147
2025-11-23 00:03:42,537 - INFO -   → New best validation loss: 0.0147
2025-11-23 00:03:53,179 - INFO - Epoch: 6, Training Loss: 0.0150, Validation Loss: 0.0158
2025-11-23 00:04:02,642 - INFO - Epoch: 7, Training Loss: 0.0139, Validation Loss: 0.0112
2025-11-23 00:04:02,642 - INFO -   → New best validation loss: 0.0112
2025-11-23 00:04:08,440 - INFO - Epoch: 8, Training Loss: 0.0131, Validation Loss: 0.0120
2025-11-23 00:04:17,124 - INFO - Epoch: 9, Training Loss: 0.0122, Validation Loss: 0.0107
2025-11-23 00:04:17,125 - INFO -   → New best validation loss: 0.0107
2025-11-23 00:04:23,616 - INFO - Epoch: 10, Training Loss: 0.0114, Validation Loss: 0.0106
2025-11-23 00:04:23,617 - INFO -   → New best validation loss: 0.0106
2025-11-23 00:04:34,160 - INFO - Epoch: 11, Training Loss: 0.0117, Validation Loss: 0.0103
2025-11-23 00:04:34,161 - INFO -   → New best validation loss: 0.0103
2025-11-23 00:04:41,557 - INFO - Epoch: 12, Training Loss: 0.0109, Validation Loss: 0.0111
2025-11-23 00:04:50,418 - INFO - Epoch: 13, Training Loss: 0.0110, Validation Loss: 0.0099
2025-11-23 00:04:50,419 - INFO -   → New best validation loss: 0.0099
2025-11-23 00:04:58,902 - INFO - Epoch: 14, Training Loss: 0.0104, Validation Loss: 0.0122
2025-11-23 00:05:07,003 - INFO - Epoch: 15, Training Loss: 0.0108, Validation Loss: 0.0115
2025-11-23 00:05:15,904 - INFO - Epoch: 16, Training Loss: 0.0104, Validation Loss: 0.0102
2025-11-23 00:05:24,546 - INFO - Epoch: 17, Training Loss: 0.0106, Validation Loss: 0.0086
2025-11-23 00:05:24,549 - INFO -   → New best validation loss: 0.0086
2025-11-23 00:05:33,125 - INFO - Epoch: 18, Training Loss: 0.0083, Validation Loss: 0.0080
2025-11-23 00:05:33,126 - INFO -   → New best validation loss: 0.0080
2025-11-23 00:05:41,726 - INFO - Epoch: 19, Training Loss: 0.0086, Validation Loss: 0.0091
2025-11-23 00:05:53,091 - INFO - Epoch: 20, Training Loss: 0.0082, Validation Loss: 0.0081
2025-11-23 00:06:01,173 - INFO - Epoch: 21, Training Loss: 0.0080, Validation Loss: 0.0083
2025-11-23 00:06:09,386 - INFO - Epoch: 22, Training Loss: 0.0082, Validation Loss: 0.0072
2025-11-23 00:06:09,388 - INFO -   → New best validation loss: 0.0072
2025-11-23 00:06:17,575 - INFO - Epoch: 23, Training Loss: 0.0078, Validation Loss: 0.0097
2025-11-23 00:06:27,235 - INFO - Epoch: 24, Training Loss: 0.0078, Validation Loss: 0.0076
2025-11-23 00:06:37,954 - INFO - Epoch: 25, Training Loss: 0.0068, Validation Loss: 0.0080
2025-11-23 00:06:45,548 - INFO - Epoch: 26, Training Loss: 0.0057, Validation Loss: 0.0074
2025-11-23 00:06:54,951 - INFO - Epoch: 27, Training Loss: 0.0063, Validation Loss: 0.0093
2025-11-23 00:07:04,185 - INFO - Epoch: 28, Training Loss: 0.0056, Validation Loss: 0.0072
2025-11-23 00:07:04,186 - INFO -   → New best validation loss: 0.0072
2025-11-23 00:07:12,685 - INFO - Epoch: 29, Training Loss: 0.0050, Validation Loss: 0.0055
2025-11-23 00:07:12,686 - INFO -   → New best validation loss: 0.0055
2025-11-23 00:07:20,967 - INFO - Epoch: 30, Training Loss: 0.0053, Validation Loss: 0.0051
2025-11-23 00:07:20,968 - INFO -   → New best validation loss: 0.0051
2025-11-23 00:07:29,621 - INFO - Epoch: 31, Training Loss: 0.0043, Validation Loss: 0.0058
2025-11-23 00:07:37,759 - INFO - Epoch: 32, Training Loss: 0.0046, Validation Loss: 0.0050
2025-11-23 00:07:37,760 - INFO -   → New best validation loss: 0.0050
2025-11-23 00:07:43,943 - INFO - Epoch: 33, Training Loss: 0.0046, Validation Loss: 0.0044
2025-11-23 00:07:43,948 - INFO -   → New best validation loss: 0.0044
2025-11-23 00:07:51,368 - INFO - Epoch: 34, Training Loss: 0.0051, Validation Loss: 0.0057
2025-11-23 00:07:59,288 - INFO - Epoch: 35, Training Loss: 0.0038, Validation Loss: 0.0035
2025-11-23 00:07:59,292 - INFO -   → New best validation loss: 0.0035
2025-11-23 00:08:07,379 - INFO - Epoch: 36, Training Loss: 0.0037, Validation Loss: 0.0037
2025-11-23 00:08:17,035 - INFO - Epoch: 37, Training Loss: 0.0036, Validation Loss: 0.0046
2025-11-23 00:08:25,803 - INFO - Epoch: 38, Training Loss: 0.0036, Validation Loss: 0.0033
2025-11-23 00:08:25,805 - INFO -   → New best validation loss: 0.0033
2025-11-23 00:08:32,810 - INFO - Epoch: 39, Training Loss: 0.0036, Validation Loss: 0.0053
2025-11-23 00:08:44,121 - INFO - Epoch: 40, Training Loss: 0.0033, Validation Loss: 0.0033
2025-11-23 00:08:52,833 - INFO - Epoch: 41, Training Loss: 0.0034, Validation Loss: 0.0041
2025-11-23 00:09:02,324 - INFO - Epoch: 42, Training Loss: 0.0028, Validation Loss: 0.0050
2025-11-23 00:09:12,951 - INFO - Epoch: 43, Training Loss: 0.0030, Validation Loss: 0.0044
2025-11-23 00:09:21,294 - INFO - Epoch: 44, Training Loss: 0.0027, Validation Loss: 0.0026
2025-11-23 00:09:21,295 - INFO -   → New best validation loss: 0.0026
2025-11-23 00:09:30,850 - INFO - Epoch: 45, Training Loss: 0.0028, Validation Loss: 0.0025
2025-11-23 00:09:30,851 - INFO -   → New best validation loss: 0.0025
2025-11-23 00:09:40,292 - INFO - Epoch: 46, Training Loss: 0.0029, Validation Loss: 0.0035
2025-11-23 00:09:49,361 - INFO - Epoch: 47, Training Loss: 0.0024, Validation Loss: 0.0043
2025-11-23 00:09:59,308 - INFO - Epoch: 48, Training Loss: 0.0027, Validation Loss: 0.0023
2025-11-23 00:09:59,313 - INFO -   → New best validation loss: 0.0023
2025-11-23 00:10:07,652 - INFO - Epoch: 49, Training Loss: 0.0024, Validation Loss: 0.0043
2025-11-23 00:10:13,916 - INFO - Epoch: 50, Training Loss: 0.0025, Validation Loss: 0.0023
2025-11-23 00:10:13,921 - INFO -   → New best validation loss: 0.0023
2025-11-23 00:10:23,921 - INFO - Epoch: 51, Training Loss: 0.0021, Validation Loss: 0.0025
2025-11-23 00:10:32,026 - INFO - Epoch: 52, Training Loss: 0.0021, Validation Loss: 0.0022
2025-11-23 00:10:32,028 - INFO -   → New best validation loss: 0.0022
2025-11-23 00:10:44,471 - INFO - Epoch: 53, Training Loss: 0.0021, Validation Loss: 0.0022
2025-11-23 00:10:52,744 - INFO - Epoch: 54, Training Loss: 0.0021, Validation Loss: 0.0021
2025-11-23 00:10:52,748 - INFO -   → New best validation loss: 0.0021
2025-11-23 00:11:00,253 - INFO - Epoch: 55, Training Loss: 0.0020, Validation Loss: 0.0019
2025-11-23 00:11:00,254 - INFO -   → New best validation loss: 0.0019
2025-11-23 00:11:09,702 - INFO - Epoch: 56, Training Loss: 0.0022, Validation Loss: 0.0025
2025-11-23 00:11:18,417 - INFO - Epoch: 57, Training Loss: 0.0021, Validation Loss: 0.0032
2025-11-23 00:11:26,887 - INFO - Epoch: 58, Training Loss: 0.0020, Validation Loss: 0.0014
2025-11-23 00:11:26,888 - INFO -   → New best validation loss: 0.0014
2025-11-23 00:11:35,550 - INFO - Epoch: 59, Training Loss: 0.0023, Validation Loss: 0.0014
2025-11-23 00:11:46,865 - INFO - Epoch: 60, Training Loss: 0.0018, Validation Loss: 0.0027
2025-11-23 00:11:52,387 - INFO - Epoch: 61, Training Loss: 0.0020, Validation Loss: 0.0014
2025-11-23 00:12:02,168 - INFO - Epoch: 62, Training Loss: 0.0018, Validation Loss: 0.0025
2025-11-23 00:12:09,285 - INFO - Epoch: 63, Training Loss: 0.0015, Validation Loss: 0.0016
2025-11-23 00:12:19,662 - INFO - Epoch: 64, Training Loss: 0.0022, Validation Loss: 0.0016
2025-11-23 00:12:28,645 - INFO - Epoch: 65, Training Loss: 0.0017, Validation Loss: 0.0018
2025-11-23 00:12:37,593 - INFO - Epoch: 66, Training Loss: 0.0021, Validation Loss: 0.0025
2025-11-23 00:12:46,750 - INFO - Epoch: 67, Training Loss: 0.0020, Validation Loss: 0.0025
2025-11-23 00:12:56,371 - INFO - Epoch: 68, Training Loss: 0.0016, Validation Loss: 0.0017
2025-11-23 00:13:04,616 - INFO - Epoch: 69, Training Loss: 0.0018, Validation Loss: 0.0017
2025-11-23 00:13:12,777 - INFO - Epoch: 70, Training Loss: 0.0018, Validation Loss: 0.0024
2025-11-23 00:13:23,271 - INFO - Epoch: 71, Training Loss: 0.0015, Validation Loss: 0.0013
2025-11-23 00:13:23,276 - INFO -   → New best validation loss: 0.0013
2025-11-23 00:13:33,895 - INFO - Epoch: 72, Training Loss: 0.0014, Validation Loss: 0.0012
2025-11-23 00:13:33,896 - INFO -   → New best validation loss: 0.0012
2025-11-23 00:13:41,827 - INFO - Epoch: 73, Training Loss: 0.0019, Validation Loss: 0.0017
2025-11-23 00:13:51,668 - INFO - Epoch: 74, Training Loss: 0.0014, Validation Loss: 0.0013
2025-11-23 00:14:01,133 - INFO - Epoch: 75, Training Loss: 0.0015, Validation Loss: 0.0008
2025-11-23 00:14:01,134 - INFO -   → New best validation loss: 0.0008
2025-11-23 00:14:08,136 - INFO - Epoch: 76, Training Loss: 0.0015, Validation Loss: 0.0019
2025-11-23 00:14:14,865 - INFO - Epoch: 77, Training Loss: 0.0014, Validation Loss: 0.0014
2025-11-23 00:14:22,317 - INFO - Epoch: 78, Training Loss: 0.0015, Validation Loss: 0.0019
2025-11-23 00:14:32,798 - INFO - Epoch: 79, Training Loss: 0.0016, Validation Loss: 0.0015
2025-11-23 00:14:44,252 - INFO - Epoch: 80, Training Loss: 0.0016, Validation Loss: 0.0021
2025-11-23 00:14:54,293 - INFO - Epoch: 81, Training Loss: 0.0014, Validation Loss: 0.0017
2025-11-23 00:15:04,859 - INFO - Epoch: 82, Training Loss: 0.0018, Validation Loss: 0.0014
2025-11-23 00:15:15,297 - INFO - Epoch: 83, Training Loss: 0.0015, Validation Loss: 0.0026
2025-11-23 00:15:24,423 - INFO - Epoch: 84, Training Loss: 0.0014, Validation Loss: 0.0015
2025-11-23 00:15:32,685 - INFO - Epoch: 85, Training Loss: 0.0015, Validation Loss: 0.0019
2025-11-23 00:15:44,353 - INFO - Epoch: 86, Training Loss: 0.0016, Validation Loss: 0.0012
2025-11-23 00:15:51,109 - INFO - Epoch: 87, Training Loss: 0.0017, Validation Loss: 0.0037
2025-11-23 00:15:58,151 - INFO - Epoch: 88, Training Loss: 0.0017, Validation Loss: 0.0023
2025-11-23 00:16:09,287 - INFO - Epoch: 89, Training Loss: 0.0015, Validation Loss: 0.0013
2025-11-23 00:16:19,359 - INFO - Epoch: 90, Training Loss: 0.0015, Validation Loss: 0.0014
2025-11-23 00:16:27,690 - INFO - Epoch: 91, Training Loss: 0.0018, Validation Loss: 0.0022
2025-11-23 00:16:34,218 - INFO - Epoch: 92, Training Loss: 0.0016, Validation Loss: 0.0013
2025-11-23 00:16:45,479 - INFO - Epoch: 93, Training Loss: 0.0014, Validation Loss: 0.0019
2025-11-23 00:16:53,558 - INFO - Epoch: 94, Training Loss: 0.0014, Validation Loss: 0.0015
2025-11-23 00:17:04,501 - INFO - Epoch: 95, Training Loss: 0.0013, Validation Loss: 0.0012
2025-11-23 00:17:04,501 - INFO - Early stopping triggered at epoch 95
2025-11-23 00:17:04,501 - INFO - Best validation loss: 0.0008
2025-11-23 00:17:04,521 - INFO - Restored best model weights
2025-11-23 00:17:04,521 - INFO - Starting model save process...
2025-11-23 00:17:04,521 - INFO - Creating models directory: ./logs_fp_no_cv/models
2025-11-23 00:17:04,521 - INFO - Models directory created/verified: ./logs_fp_no_cv/models
2025-11-23 00:17:04,521 - INFO - Attempting to save model to: ./logs_fp_no_cv/models/trial10_best_model
2025-11-23 00:17:04,793 - WARNING - Failed to save model in SavedModel format: in user code:

    File "/home/vivian/miniconda3/envs/seed/lib/python3.8/site-packages/keras/src/saving/legacy/saving_utils.py", line 147, in _wrapped_model  *
        outputs = model(*args, **kwargs)
    File "/home/vivian/miniconda3/envs/seed/lib/python3.8/site-packages/keras/src/utils/traceback_utils.py", line 70, in error_handler  **
        raise e.with_traceback(filtered_tb) from None
    File "/tmp/__autograph_generated_file3t0ck_8q.py", line 10, in tf__call
        att1 = ag__.converted_call(ag__.ld(self).MHRSSA, (ag__.ld(x), 10), None, fscope)
    File "/tmp/__autograph_generated_file2szops_9.py", line 41, in tf__MHRSSA
        ag__.for_stmt(ag__.converted_call(ag__.ld(range), (ag__.ld(out_filter),), None, fscope), None, loop_body, get_state_1, set_state_1, ('MHRSSA',), {'iterate_names': 'i'})
    File "/tmp/__autograph_generated_file2szops_9.py", line 21, in loop_body
        tmp = ag__.converted_call(ag__.converted_call(ag__.ld(tf).keras.layers.Conv2D, (ag__.ld(num_channel), (ag__.ld(num_channel), 1)), dict(kernel_regularizer=ag__.ld(self).regularizer, activation=None), fscope), (ag__.ld(x),), None, fscope)

    ValueError: Exception encountered when calling layer 'vignet_fp_9' (type vignet_fp).
    
    in user code:
    
        File "/home/vivian/eeg/SEED_VIG/VIGNet/network_fp.py", line 56, in call  *
            att1 = self.MHRSSA(x, 10)
        File "/home/vivian/eeg/SEED_VIG/VIGNet/network_fp.py", line 44, in MHRSSA  *
            tmp = tf.keras.layers.Conv2D(num_channel, (num_channel, 1), kernel_regularizer=self.regularizer, activation=None)(x)
        File "/home/vivian/miniconda3/envs/seed/lib/python3.8/site-packages/keras/src/utils/traceback_utils.py", line 70, in error_handler  **
            raise e.with_traceback(filtered_tb) from None
    
        ValueError: tf.function only supports singleton tf.Variables created on the first call. Make sure the tf.Variable is only created once or created outside tf.function. See https://www.tensorflow.org/guide/function#creating_tfvariables for more information.
    
    
    Call arguments received by layer 'vignet_fp_9' (type vignet_fp):
      • x=tf.Tensor(shape=(None, 2, 25, 1), dtype=float64)
      • training=False

2025-11-23 00:17:04,794 - WARNING - Traceback (most recent call last):
  File "experiment_fp_no_cv.py", line 261, in _save_model
    model.save(model_save_path, save_format='tf')
  File "/home/vivian/miniconda3/envs/seed/lib/python3.8/site-packages/keras/src/utils/traceback_utils.py", line 70, in error_handler
    raise e.with_traceback(filtered_tb) from None
  File "/tmp/__autograph_generated_fileu3w_yla6.py", line 14, in tf___wrapped_model
    outputs = ag__.converted_call(ag__.ld(model), tuple(ag__.ld(args)), dict(**ag__.ld(kwargs)), fscope)
  File "/tmp/__autograph_generated_file3t0ck_8q.py", line 10, in tf__call
    att1 = ag__.converted_call(ag__.ld(self).MHRSSA, (ag__.ld(x), 10), None, fscope)
  File "/tmp/__autograph_generated_file2szops_9.py", line 41, in tf__MHRSSA
    ag__.for_stmt(ag__.converted_call(ag__.ld(range), (ag__.ld(out_filter),), None, fscope), None, loop_body, get_state_1, set_state_1, ('MHRSSA',), {'iterate_names': 'i'})
  File "/tmp/__autograph_generated_file2szops_9.py", line 21, in loop_body
    tmp = ag__.converted_call(ag__.converted_call(ag__.ld(tf).keras.layers.Conv2D, (ag__.ld(num_channel), (ag__.ld(num_channel), 1)), dict(kernel_regularizer=ag__.ld(self).regularizer, activation=None), fscope), (ag__.ld(x),), None, fscope)
ValueError: in user code:

    File "/home/vivian/miniconda3/envs/seed/lib/python3.8/site-packages/keras/src/saving/legacy/saving_utils.py", line 147, in _wrapped_model  *
        outputs = model(*args, **kwargs)
    File "/home/vivian/miniconda3/envs/seed/lib/python3.8/site-packages/keras/src/utils/traceback_utils.py", line 70, in error_handler  **
        raise e.with_traceback(filtered_tb) from None
    File "/tmp/__autograph_generated_file3t0ck_8q.py", line 10, in tf__call
        att1 = ag__.converted_call(ag__.ld(self).MHRSSA, (ag__.ld(x), 10), None, fscope)
    File "/tmp/__autograph_generated_file2szops_9.py", line 41, in tf__MHRSSA
        ag__.for_stmt(ag__.converted_call(ag__.ld(range), (ag__.ld(out_filter),), None, fscope), None, loop_body, get_state_1, set_state_1, ('MHRSSA',), {'iterate_names': 'i'})
    File "/tmp/__autograph_generated_file2szops_9.py", line 21, in loop_body
        tmp = ag__.converted_call(ag__.converted_call(ag__.ld(tf).keras.layers.Conv2D, (ag__.ld(num_channel), (ag__.ld(num_channel), 1)), dict(kernel_regularizer=ag__.ld(self).regularizer, activation=None), fscope), (ag__.ld(x),), None, fscope)

    ValueError: Exception encountered when calling layer 'vignet_fp_9' (type vignet_fp).
    
    in user code:
    
        File "/home/vivian/eeg/SEED_VIG/VIGNet/network_fp.py", line 56, in call  *
            att1 = self.MHRSSA(x, 10)
        File "/home/vivian/eeg/SEED_VIG/VIGNet/network_fp.py", line 44, in MHRSSA  *
            tmp = tf.keras.layers.Conv2D(num_channel, (num_channel, 1), kernel_regularizer=self.regularizer, activation=None)(x)
        File "/home/vivian/miniconda3/envs/seed/lib/python3.8/site-packages/keras/src/utils/traceback_utils.py", line 70, in error_handler  **
            raise e.with_traceback(filtered_tb) from None
    
        ValueError: tf.function only supports singleton tf.Variables created on the first call. Make sure the tf.Variable is only created once or created outside tf.function. See https://www.tensorflow.org/guide/function#creating_tfvariables for more information.
    
    
    Call arguments received by layer 'vignet_fp_9' (type vignet_fp):
      • x=tf.Tensor(shape=(None, 2, 25, 1), dtype=float64)
      • training=False


2025-11-23 00:17:04,794 - INFO - Attempting to save model weights to: ./logs_fp_no_cv/models/trial10_best_weights.h5
2025-11-23 00:17:04,805 - INFO - ✓ Saved model weights to: ./logs_fp_no_cv/models/trial10_best_weights.h5
2025-11-23 00:17:04,805 - INFO - Attempting to save scaler to: ./logs_fp_no_cv/models/trial10_scaler.pkl
2025-11-23 00:17:04,805 - INFO - ✓ Saved scaler to: ./logs_fp_no_cv/models/trial10_scaler.pkl
2025-11-23 00:17:04,805 - INFO - Attempting to save metadata to: ./logs_fp_no_cv/models/trial10_metadata.pkl
2025-11-23 00:17:04,805 - INFO - ✓ Saved model metadata to: ./logs_fp_no_cv/models/trial10_metadata.pkl
2025-11-23 00:17:04,805 - INFO - Model save process completed
2025-11-23 00:17:04,805 - INFO - 
============================================================
2025-11-23 00:17:04,805 - INFO - EVALUATION RESULTS
2025-11-23 00:17:04,805 - INFO - ============================================================
2025-11-23 00:17:04,988 - INFO - Validation Prediction Stats:
2025-11-23 00:17:04,988 - INFO -   Std: 0.137911, Range: 0.680716, Unique ratio: 0.7769
2025-11-23 00:17:04,990 - INFO - Validation Set - MSE: 0.001136, MAE: 0.026854, RMSE: 0.033711, Pearson Correlation: 0.973576 (p=0.000000)
2025-11-23 00:17:05,060 - INFO - Test Prediction Stats:
2025-11-23 00:17:05,060 - INFO -   Std: 0.132981, Range: 0.643125, Unique ratio: 0.7681
2025-11-23 00:17:05,060 - INFO - Test Set - MSE: 0.001061, MAE: 0.025657, RMSE: 0.032577, Pearson Correlation: 0.977607 (p=0.000000)
2025-11-23 00:17:05,060 - INFO - ============================================================

2025-11-23 00:17:05,061 - INFO - Trial completed successfully
2025-11-23 00:17:05,061 - INFO - ================================================================================
2025-11-23 00:17:05,061 - INFO - Trial 10 completed. End time: 2025-11-23 00:17:05
2025-11-23 00:17:05,061 - INFO - ================================================================================
