2025-11-22 23:10:37,183 - INFO - ================================================================================
2025-11-22 23:10:37,184 - INFO - TRIAL 7 - Task: RGS (FP1/FP2 only, no CV)
2025-11-22 23:10:37,184 - INFO - Log file: ./logs_fp_no_cv/trial7_RGS_20251122_213534.log
2025-11-22 23:10:37,184 - INFO - Start time: 2025-11-22 23:10:37
2025-11-22 23:10:37,184 - INFO - ================================================================================
2025-11-22 23:10:37,191 - INFO - START TRAINING - Task: RGS (FP1/FP2 only, no CV)
2025-11-22 23:10:37,191 - INFO - Learning rate: 0.005, Epochs: 200, Batches: 8
2025-11-22 23:10:37,191 - INFO - Data split: 70% train / 15% validation / 15% test
2025-11-22 23:10:37,191 - INFO - Loading dataset (FP1/FP2 channels only, fixed split)...
2025-11-22 23:10:37,216 - INFO - Dataset shapes - Train: (618, 2, 25, 1), Valid: (130, 2, 25, 1), Test: (137, 2, 25, 1)
2025-11-22 23:10:37,216 - INFO - Applied feature normalization (StandardScaler)
2025-11-22 23:10:37,217 - INFO - Initializing VIGNet-FP model (2 channels)...
2025-11-22 23:10:37,222 - INFO - Number of batch iterations per epoch: 77
2025-11-22 23:10:46,070 - INFO - Epoch: 1, Training Loss: 0.0251, Validation Loss: 0.0100
2025-11-22 23:10:46,071 - INFO -   → New best validation loss: 0.0100
2025-11-22 23:10:52,680 - INFO - Epoch: 2, Training Loss: 0.0129, Validation Loss: 0.0062
2025-11-22 23:10:52,681 - INFO -   → New best validation loss: 0.0062
2025-11-22 23:11:00,094 - INFO - Epoch: 3, Training Loss: 0.0073, Validation Loss: 0.0104
2025-11-22 23:11:11,871 - INFO - Epoch: 4, Training Loss: 0.0069, Validation Loss: 0.0037
2025-11-22 23:11:11,872 - INFO -   → New best validation loss: 0.0037
2025-11-22 23:11:19,954 - INFO - Epoch: 5, Training Loss: 0.0063, Validation Loss: 0.0055
2025-11-22 23:11:28,443 - INFO - Epoch: 6, Training Loss: 0.0061, Validation Loss: 0.0085
2025-11-22 23:11:36,796 - INFO - Epoch: 7, Training Loss: 0.0057, Validation Loss: 0.0052
2025-11-22 23:11:44,144 - INFO - Epoch: 8, Training Loss: 0.0046, Validation Loss: 0.0044
2025-11-22 23:11:53,277 - INFO - Epoch: 9, Training Loss: 0.0048, Validation Loss: 0.0040
2025-11-22 23:12:01,503 - INFO - Epoch: 10, Training Loss: 0.0045, Validation Loss: 0.0034
2025-11-22 23:12:01,504 - INFO -   → New best validation loss: 0.0034
2025-11-22 23:12:10,768 - INFO - Epoch: 11, Training Loss: 0.0048, Validation Loss: 0.0038
2025-11-22 23:12:19,260 - INFO - Epoch: 12, Training Loss: 0.0039, Validation Loss: 0.0031
2025-11-22 23:12:19,261 - INFO -   → New best validation loss: 0.0031
2025-11-22 23:12:26,408 - INFO - Epoch: 13, Training Loss: 0.0039, Validation Loss: 0.0057
2025-11-22 23:12:35,211 - INFO - Epoch: 14, Training Loss: 0.0046, Validation Loss: 0.0036
2025-11-22 23:12:43,970 - INFO - Epoch: 15, Training Loss: 0.0051, Validation Loss: 0.0044
2025-11-22 23:12:56,592 - INFO - Epoch: 16, Training Loss: 0.0046, Validation Loss: 0.0044
2025-11-22 23:13:07,009 - INFO - Epoch: 17, Training Loss: 0.0046, Validation Loss: 0.0040
2025-11-22 23:13:16,564 - INFO - Epoch: 18, Training Loss: 0.0037, Validation Loss: 0.0042
2025-11-22 23:13:23,286 - INFO - Epoch: 19, Training Loss: 0.0033, Validation Loss: 0.0034
2025-11-22 23:13:29,938 - INFO - Epoch: 20, Training Loss: 0.0036, Validation Loss: 0.0027
2025-11-22 23:13:29,939 - INFO -   → New best validation loss: 0.0027
2025-11-22 23:13:39,658 - INFO - Epoch: 21, Training Loss: 0.0041, Validation Loss: 0.0062
2025-11-22 23:13:47,369 - INFO - Epoch: 22, Training Loss: 0.0039, Validation Loss: 0.0026
2025-11-22 23:13:47,370 - INFO -   → New best validation loss: 0.0026
2025-11-22 23:13:55,581 - INFO - Epoch: 23, Training Loss: 0.0036, Validation Loss: 0.0042
2025-11-22 23:14:05,405 - INFO - Epoch: 24, Training Loss: 0.0028, Validation Loss: 0.0051
2025-11-22 23:14:14,851 - INFO - Epoch: 25, Training Loss: 0.0029, Validation Loss: 0.0023
2025-11-22 23:14:14,852 - INFO -   → New best validation loss: 0.0023
2025-11-22 23:14:24,930 - INFO - Epoch: 26, Training Loss: 0.0023, Validation Loss: 0.0021
2025-11-22 23:14:24,931 - INFO -   → New best validation loss: 0.0021
2025-11-22 23:14:31,492 - INFO - Epoch: 27, Training Loss: 0.0026, Validation Loss: 0.0022
2025-11-22 23:14:42,065 - INFO - Epoch: 28, Training Loss: 0.0024, Validation Loss: 0.0028
2025-11-22 23:14:49,336 - INFO - Epoch: 29, Training Loss: 0.0031, Validation Loss: 0.0021
2025-11-22 23:14:57,415 - INFO - Epoch: 30, Training Loss: 0.0025, Validation Loss: 0.0023
2025-11-22 23:15:05,667 - INFO - Epoch: 31, Training Loss: 0.0023, Validation Loss: 0.0020
2025-11-22 23:15:05,668 - INFO -   → New best validation loss: 0.0020
2025-11-22 23:15:15,003 - INFO - Epoch: 32, Training Loss: 0.0024, Validation Loss: 0.0023
2025-11-22 23:15:23,881 - INFO - Epoch: 33, Training Loss: 0.0022, Validation Loss: 0.0020
2025-11-22 23:15:31,852 - INFO - Epoch: 34, Training Loss: 0.0024, Validation Loss: 0.0022
2025-11-22 23:15:43,023 - INFO - Epoch: 35, Training Loss: 0.0025, Validation Loss: 0.0018
2025-11-22 23:15:43,024 - INFO -   → New best validation loss: 0.0018
2025-11-22 23:15:51,686 - INFO - Epoch: 36, Training Loss: 0.0023, Validation Loss: 0.0025
2025-11-22 23:16:01,067 - INFO - Epoch: 37, Training Loss: 0.0023, Validation Loss: 0.0021
2025-11-22 23:16:11,814 - INFO - Epoch: 38, Training Loss: 0.0017, Validation Loss: 0.0022
2025-11-22 23:16:19,977 - INFO - Epoch: 39, Training Loss: 0.0022, Validation Loss: 0.0041
2025-11-22 23:16:28,710 - INFO - Epoch: 40, Training Loss: 0.0022, Validation Loss: 0.0020
2025-11-22 23:16:37,692 - INFO - Epoch: 41, Training Loss: 0.0020, Validation Loss: 0.0021
2025-11-22 23:16:46,888 - INFO - Epoch: 42, Training Loss: 0.0023, Validation Loss: 0.0023
2025-11-22 23:16:56,151 - INFO - Epoch: 43, Training Loss: 0.0024, Validation Loss: 0.0028
2025-11-22 23:17:07,945 - INFO - Epoch: 44, Training Loss: 0.0018, Validation Loss: 0.0017
2025-11-22 23:17:07,946 - INFO -   → New best validation loss: 0.0017
2025-11-22 23:17:16,310 - INFO - Epoch: 45, Training Loss: 0.0021, Validation Loss: 0.0017
2025-11-22 23:17:16,311 - INFO -   → New best validation loss: 0.0017
2025-11-22 23:17:24,007 - INFO - Epoch: 46, Training Loss: 0.0023, Validation Loss: 0.0033
2025-11-22 23:17:32,561 - INFO - Epoch: 47, Training Loss: 0.0023, Validation Loss: 0.0019
2025-11-22 23:17:40,358 - INFO - Epoch: 48, Training Loss: 0.0032, Validation Loss: 0.0032
2025-11-22 23:17:51,513 - INFO - Epoch: 49, Training Loss: 0.0020, Validation Loss: 0.0017
2025-11-22 23:17:51,514 - INFO -   → New best validation loss: 0.0017
2025-11-22 23:18:00,369 - INFO - Epoch: 50, Training Loss: 0.0020, Validation Loss: 0.0027
2025-11-22 23:18:08,457 - INFO - Epoch: 51, Training Loss: 0.0014, Validation Loss: 0.0018
2025-11-22 23:18:16,053 - INFO - Epoch: 52, Training Loss: 0.0020, Validation Loss: 0.0017
2025-11-22 23:18:26,841 - INFO - Epoch: 53, Training Loss: 0.0020, Validation Loss: 0.0024
2025-11-22 23:18:33,575 - INFO - Epoch: 54, Training Loss: 0.0019, Validation Loss: 0.0030
2025-11-22 23:18:40,907 - INFO - Epoch: 55, Training Loss: 0.0018, Validation Loss: 0.0037
2025-11-22 23:18:48,740 - INFO - Epoch: 56, Training Loss: 0.0017, Validation Loss: 0.0014
2025-11-22 23:18:48,743 - INFO -   → New best validation loss: 0.0014
2025-11-22 23:18:56,947 - INFO - Epoch: 57, Training Loss: 0.0016, Validation Loss: 0.0018
2025-11-22 23:19:06,499 - INFO - Epoch: 58, Training Loss: 0.0018, Validation Loss: 0.0025
2025-11-22 23:19:17,215 - INFO - Epoch: 59, Training Loss: 0.0018, Validation Loss: 0.0016
2025-11-22 23:19:24,742 - INFO - Epoch: 60, Training Loss: 0.0015, Validation Loss: 0.0025
2025-11-22 23:19:33,501 - INFO - Epoch: 61, Training Loss: 0.0014, Validation Loss: 0.0014
2025-11-22 23:19:33,506 - INFO -   → New best validation loss: 0.0014
2025-11-22 23:19:39,186 - INFO - Epoch: 62, Training Loss: 0.0017, Validation Loss: 0.0015
2025-11-22 23:19:45,188 - INFO - Epoch: 63, Training Loss: 0.0015, Validation Loss: 0.0027
2025-11-22 23:19:52,712 - INFO - Epoch: 64, Training Loss: 0.0016, Validation Loss: 0.0013
2025-11-22 23:19:52,719 - INFO -   → New best validation loss: 0.0013
2025-11-22 23:20:00,558 - INFO - Epoch: 65, Training Loss: 0.0018, Validation Loss: 0.0036
2025-11-22 23:20:08,204 - INFO - Epoch: 66, Training Loss: 0.0017, Validation Loss: 0.0015
2025-11-22 23:20:16,544 - INFO - Epoch: 67, Training Loss: 0.0014, Validation Loss: 0.0012
2025-11-22 23:20:16,545 - INFO -   → New best validation loss: 0.0012
2025-11-22 23:20:27,823 - INFO - Epoch: 68, Training Loss: 0.0013, Validation Loss: 0.0017
2025-11-22 23:20:37,005 - INFO - Epoch: 69, Training Loss: 0.0015, Validation Loss: 0.0022
2025-11-22 23:20:48,958 - INFO - Epoch: 70, Training Loss: 0.0014, Validation Loss: 0.0015
2025-11-22 23:20:57,344 - INFO - Epoch: 71, Training Loss: 0.0013, Validation Loss: 0.0013
2025-11-22 23:21:06,838 - INFO - Epoch: 72, Training Loss: 0.0012, Validation Loss: 0.0015
2025-11-22 23:21:16,098 - INFO - Epoch: 73, Training Loss: 0.0013, Validation Loss: 0.0020
2025-11-22 23:21:25,508 - INFO - Epoch: 74, Training Loss: 0.0026, Validation Loss: 0.0014
2025-11-22 23:21:34,352 - INFO - Epoch: 75, Training Loss: 0.0010, Validation Loss: 0.0019
2025-11-22 23:21:43,747 - INFO - Epoch: 76, Training Loss: 0.0013, Validation Loss: 0.0011
2025-11-22 23:21:43,748 - INFO -   → New best validation loss: 0.0011
2025-11-22 23:21:51,990 - INFO - Epoch: 77, Training Loss: 0.0013, Validation Loss: 0.0013
2025-11-22 23:21:59,864 - INFO - Epoch: 78, Training Loss: 0.0011, Validation Loss: 0.0018
2025-11-22 23:22:08,644 - INFO - Epoch: 79, Training Loss: 0.0014, Validation Loss: 0.0011
2025-11-22 23:22:15,667 - INFO - Epoch: 80, Training Loss: 0.0018, Validation Loss: 0.0017
2025-11-22 23:22:22,571 - INFO - Epoch: 81, Training Loss: 0.0015, Validation Loss: 0.0020
2025-11-22 23:22:32,154 - INFO - Epoch: 82, Training Loss: 0.0012, Validation Loss: 0.0015
2025-11-22 23:22:41,464 - INFO - Epoch: 83, Training Loss: 0.0010, Validation Loss: 0.0009
2025-11-22 23:22:41,465 - INFO -   → New best validation loss: 0.0009
2025-11-22 23:22:50,561 - INFO - Epoch: 84, Training Loss: 0.0011, Validation Loss: 0.0009
2025-11-22 23:22:59,682 - INFO - Epoch: 85, Training Loss: 0.0011, Validation Loss: 0.0024
2025-11-22 23:23:09,054 - INFO - Epoch: 86, Training Loss: 0.0012, Validation Loss: 0.0012
2025-11-22 23:23:16,109 - INFO - Epoch: 87, Training Loss: 0.0015, Validation Loss: 0.0021
2025-11-22 23:23:27,062 - INFO - Epoch: 88, Training Loss: 0.0015, Validation Loss: 0.0012
2025-11-22 23:23:37,258 - INFO - Epoch: 89, Training Loss: 0.0013, Validation Loss: 0.0010
2025-11-22 23:23:47,106 - INFO - Epoch: 90, Training Loss: 0.0010, Validation Loss: 0.0012
2025-11-22 23:23:56,228 - INFO - Epoch: 91, Training Loss: 0.0013, Validation Loss: 0.0019
2025-11-22 23:24:06,860 - INFO - Epoch: 92, Training Loss: 0.0012, Validation Loss: 0.0009
2025-11-22 23:24:06,861 - INFO -   → New best validation loss: 0.0009
2025-11-22 23:24:16,167 - INFO - Epoch: 93, Training Loss: 0.0012, Validation Loss: 0.0011
2025-11-22 23:24:25,044 - INFO - Epoch: 94, Training Loss: 0.0009, Validation Loss: 0.0011
2025-11-22 23:24:34,394 - INFO - Epoch: 95, Training Loss: 0.0009, Validation Loss: 0.0007
2025-11-22 23:24:34,396 - INFO -   → New best validation loss: 0.0007
2025-11-22 23:24:42,499 - INFO - Epoch: 96, Training Loss: 0.0009, Validation Loss: 0.0010
2025-11-22 23:24:51,007 - INFO - Epoch: 97, Training Loss: 0.0011, Validation Loss: 0.0009
2025-11-22 23:25:00,043 - INFO - Epoch: 98, Training Loss: 0.0016, Validation Loss: 0.0023
2025-11-22 23:25:08,655 - INFO - Epoch: 99, Training Loss: 0.0013, Validation Loss: 0.0012
2025-11-22 23:25:16,219 - INFO - Epoch: 100, Training Loss: 0.0012, Validation Loss: 0.0010
2025-11-22 23:25:27,225 - INFO - Epoch: 101, Training Loss: 0.0010, Validation Loss: 0.0010
2025-11-22 23:25:35,554 - INFO - Epoch: 102, Training Loss: 0.0009, Validation Loss: 0.0012
2025-11-22 23:25:44,436 - INFO - Epoch: 103, Training Loss: 0.0009, Validation Loss: 0.0015
2025-11-22 23:25:54,575 - INFO - Epoch: 104, Training Loss: 0.0010, Validation Loss: 0.0010
2025-11-22 23:26:03,431 - INFO - Epoch: 105, Training Loss: 0.0009, Validation Loss: 0.0018
2025-11-22 23:26:12,494 - INFO - Epoch: 106, Training Loss: 0.0010, Validation Loss: 0.0010
2025-11-22 23:26:20,307 - INFO - Epoch: 107, Training Loss: 0.0008, Validation Loss: 0.0009
2025-11-22 23:26:28,680 - INFO - Epoch: 108, Training Loss: 0.0010, Validation Loss: 0.0011
2025-11-22 23:26:38,784 - INFO - Epoch: 109, Training Loss: 0.0012, Validation Loss: 0.0008
2025-11-22 23:26:50,242 - INFO - Epoch: 110, Training Loss: 0.0010, Validation Loss: 0.0009
2025-11-22 23:27:00,385 - INFO - Epoch: 111, Training Loss: 0.0011, Validation Loss: 0.0014
2025-11-22 23:27:08,457 - INFO - Epoch: 112, Training Loss: 0.0008, Validation Loss: 0.0016
2025-11-22 23:27:19,464 - INFO - Epoch: 113, Training Loss: 0.0009, Validation Loss: 0.0011
2025-11-22 23:27:29,516 - INFO - Epoch: 114, Training Loss: 0.0011, Validation Loss: 0.0010
2025-11-22 23:27:39,337 - INFO - Epoch: 115, Training Loss: 0.0009, Validation Loss: 0.0013
2025-11-22 23:27:39,337 - INFO - Early stopping triggered at epoch 115
2025-11-22 23:27:39,337 - INFO - Best validation loss: 0.0007
2025-11-22 23:27:39,341 - INFO - Restored best model weights
2025-11-22 23:27:39,341 - INFO - Starting model save process...
2025-11-22 23:27:39,341 - INFO - Creating models directory: ./logs_fp_no_cv/models
2025-11-22 23:27:39,341 - INFO - Models directory created/verified: ./logs_fp_no_cv/models
2025-11-22 23:27:39,341 - INFO - Attempting to save model to: ./logs_fp_no_cv/models/trial7_best_model
2025-11-22 23:27:39,449 - WARNING - Failed to save model in SavedModel format: in user code:

    File "/home/vivian/miniconda3/envs/seed/lib/python3.8/site-packages/keras/src/saving/legacy/saving_utils.py", line 147, in _wrapped_model  *
        outputs = model(*args, **kwargs)
    File "/home/vivian/miniconda3/envs/seed/lib/python3.8/site-packages/keras/src/utils/traceback_utils.py", line 70, in error_handler  **
        raise e.with_traceback(filtered_tb) from None
    File "/tmp/__autograph_generated_file3t0ck_8q.py", line 10, in tf__call
        att1 = ag__.converted_call(ag__.ld(self).MHRSSA, (ag__.ld(x), 10), None, fscope)
    File "/tmp/__autograph_generated_file2szops_9.py", line 41, in tf__MHRSSA
        ag__.for_stmt(ag__.converted_call(ag__.ld(range), (ag__.ld(out_filter),), None, fscope), None, loop_body, get_state_1, set_state_1, ('MHRSSA',), {'iterate_names': 'i'})
    File "/tmp/__autograph_generated_file2szops_9.py", line 21, in loop_body
        tmp = ag__.converted_call(ag__.converted_call(ag__.ld(tf).keras.layers.Conv2D, (ag__.ld(num_channel), (ag__.ld(num_channel), 1)), dict(kernel_regularizer=ag__.ld(self).regularizer, activation=None), fscope), (ag__.ld(x),), None, fscope)

    ValueError: Exception encountered when calling layer 'vignet_fp_6' (type vignet_fp).
    
    in user code:
    
        File "/home/vivian/eeg/SEED_VIG/VIGNet/network_fp.py", line 56, in call  *
            att1 = self.MHRSSA(x, 10)
        File "/home/vivian/eeg/SEED_VIG/VIGNet/network_fp.py", line 44, in MHRSSA  *
            tmp = tf.keras.layers.Conv2D(num_channel, (num_channel, 1), kernel_regularizer=self.regularizer, activation=None)(x)
        File "/home/vivian/miniconda3/envs/seed/lib/python3.8/site-packages/keras/src/utils/traceback_utils.py", line 70, in error_handler  **
            raise e.with_traceback(filtered_tb) from None
    
        ValueError: tf.function only supports singleton tf.Variables created on the first call. Make sure the tf.Variable is only created once or created outside tf.function. See https://www.tensorflow.org/guide/function#creating_tfvariables for more information.
    
    
    Call arguments received by layer 'vignet_fp_6' (type vignet_fp):
      • x=tf.Tensor(shape=(None, 2, 25, 1), dtype=float64)
      • training=False

2025-11-22 23:27:39,449 - WARNING - Traceback (most recent call last):
  File "experiment_fp_no_cv.py", line 261, in _save_model
    model.save(model_save_path, save_format='tf')
  File "/home/vivian/miniconda3/envs/seed/lib/python3.8/site-packages/keras/src/utils/traceback_utils.py", line 70, in error_handler
    raise e.with_traceback(filtered_tb) from None
  File "/tmp/__autograph_generated_fileu3w_yla6.py", line 14, in tf___wrapped_model
    outputs = ag__.converted_call(ag__.ld(model), tuple(ag__.ld(args)), dict(**ag__.ld(kwargs)), fscope)
  File "/tmp/__autograph_generated_file3t0ck_8q.py", line 10, in tf__call
    att1 = ag__.converted_call(ag__.ld(self).MHRSSA, (ag__.ld(x), 10), None, fscope)
  File "/tmp/__autograph_generated_file2szops_9.py", line 41, in tf__MHRSSA
    ag__.for_stmt(ag__.converted_call(ag__.ld(range), (ag__.ld(out_filter),), None, fscope), None, loop_body, get_state_1, set_state_1, ('MHRSSA',), {'iterate_names': 'i'})
  File "/tmp/__autograph_generated_file2szops_9.py", line 21, in loop_body
    tmp = ag__.converted_call(ag__.converted_call(ag__.ld(tf).keras.layers.Conv2D, (ag__.ld(num_channel), (ag__.ld(num_channel), 1)), dict(kernel_regularizer=ag__.ld(self).regularizer, activation=None), fscope), (ag__.ld(x),), None, fscope)
ValueError: in user code:

    File "/home/vivian/miniconda3/envs/seed/lib/python3.8/site-packages/keras/src/saving/legacy/saving_utils.py", line 147, in _wrapped_model  *
        outputs = model(*args, **kwargs)
    File "/home/vivian/miniconda3/envs/seed/lib/python3.8/site-packages/keras/src/utils/traceback_utils.py", line 70, in error_handler  **
        raise e.with_traceback(filtered_tb) from None
    File "/tmp/__autograph_generated_file3t0ck_8q.py", line 10, in tf__call
        att1 = ag__.converted_call(ag__.ld(self).MHRSSA, (ag__.ld(x), 10), None, fscope)
    File "/tmp/__autograph_generated_file2szops_9.py", line 41, in tf__MHRSSA
        ag__.for_stmt(ag__.converted_call(ag__.ld(range), (ag__.ld(out_filter),), None, fscope), None, loop_body, get_state_1, set_state_1, ('MHRSSA',), {'iterate_names': 'i'})
    File "/tmp/__autograph_generated_file2szops_9.py", line 21, in loop_body
        tmp = ag__.converted_call(ag__.converted_call(ag__.ld(tf).keras.layers.Conv2D, (ag__.ld(num_channel), (ag__.ld(num_channel), 1)), dict(kernel_regularizer=ag__.ld(self).regularizer, activation=None), fscope), (ag__.ld(x),), None, fscope)

    ValueError: Exception encountered when calling layer 'vignet_fp_6' (type vignet_fp).
    
    in user code:
    
        File "/home/vivian/eeg/SEED_VIG/VIGNet/network_fp.py", line 56, in call  *
            att1 = self.MHRSSA(x, 10)
        File "/home/vivian/eeg/SEED_VIG/VIGNet/network_fp.py", line 44, in MHRSSA  *
            tmp = tf.keras.layers.Conv2D(num_channel, (num_channel, 1), kernel_regularizer=self.regularizer, activation=None)(x)
        File "/home/vivian/miniconda3/envs/seed/lib/python3.8/site-packages/keras/src/utils/traceback_utils.py", line 70, in error_handler  **
            raise e.with_traceback(filtered_tb) from None
    
        ValueError: tf.function only supports singleton tf.Variables created on the first call. Make sure the tf.Variable is only created once or created outside tf.function. See https://www.tensorflow.org/guide/function#creating_tfvariables for more information.
    
    
    Call arguments received by layer 'vignet_fp_6' (type vignet_fp):
      • x=tf.Tensor(shape=(None, 2, 25, 1), dtype=float64)
      • training=False


2025-11-22 23:27:39,449 - INFO - Attempting to save model weights to: ./logs_fp_no_cv/models/trial7_best_weights.h5
2025-11-22 23:27:39,455 - INFO - ✓ Saved model weights to: ./logs_fp_no_cv/models/trial7_best_weights.h5
2025-11-22 23:27:39,455 - INFO - Attempting to save scaler to: ./logs_fp_no_cv/models/trial7_scaler.pkl
2025-11-22 23:27:39,455 - INFO - ✓ Saved scaler to: ./logs_fp_no_cv/models/trial7_scaler.pkl
2025-11-22 23:27:39,455 - INFO - Attempting to save metadata to: ./logs_fp_no_cv/models/trial7_metadata.pkl
2025-11-22 23:27:39,455 - INFO - ✓ Saved model metadata to: ./logs_fp_no_cv/models/trial7_metadata.pkl
2025-11-22 23:27:39,455 - INFO - Model save process completed
2025-11-22 23:27:39,455 - INFO - 
============================================================
2025-11-22 23:27:39,455 - INFO - EVALUATION RESULTS
2025-11-22 23:27:39,455 - INFO - ============================================================
2025-11-22 23:27:39,504 - INFO - Validation Prediction Stats:
2025-11-22 23:27:39,504 - INFO -   Std: 0.108939, Range: 0.746016, Unique ratio: 0.6154
2025-11-22 23:27:39,505 - INFO - Validation Set - MSE: 0.000733, MAE: 0.018897, RMSE: 0.027069, Pearson Correlation: 0.971724 (p=0.000000)
2025-11-22 23:27:39,549 - INFO - Test Prediction Stats:
2025-11-22 23:27:39,549 - INFO -   Std: 0.125065, Range: 0.772097, Unique ratio: 0.5766
2025-11-22 23:27:39,550 - INFO - Test Set - MSE: 0.000706, MAE: 0.019393, RMSE: 0.026576, Pearson Correlation: 0.977367 (p=0.000000)
2025-11-22 23:27:39,550 - INFO - ============================================================

2025-11-22 23:27:39,550 - INFO - Trial completed successfully
2025-11-22 23:27:39,550 - INFO - ================================================================================
2025-11-22 23:27:39,550 - INFO - Trial 7 completed. End time: 2025-11-22 23:27:39
2025-11-22 23:27:39,550 - INFO - ================================================================================
