2025-11-17 10:06:04,490 - INFO - ================================================================================
2025-11-17 10:06:04,490 - INFO - TRIAL 3 - Task: RGS (FP1/FP2 only, no CV)
2025-11-17 10:06:04,490 - INFO - Log file: ./logs_fp_no_cv/trial3_RGS_20251117_093635.log
2025-11-17 10:06:04,490 - INFO - Start time: 2025-11-17 10:06:04
2025-11-17 10:06:04,490 - INFO - ================================================================================
2025-11-17 10:06:04,494 - INFO - START TRAINING - Task: RGS (FP1/FP2 only, no CV)
2025-11-17 10:06:04,494 - INFO - Learning rate: 0.005, Epochs: 200, Batches: 8
2025-11-17 10:06:04,494 - INFO - Data split: 70% train / 15% validation / 15% test
2025-11-17 10:06:04,494 - INFO - Loading dataset (FP1/FP2 channels only, fixed split)...
2025-11-17 10:06:04,510 - INFO - Dataset shapes - Train: (618, 2, 25, 1), Valid: (130, 2, 25, 1), Test: (137, 2, 25, 1)
2025-11-17 10:06:04,511 - INFO - Applied feature normalization (StandardScaler)
2025-11-17 10:06:04,511 - INFO - Initializing VIGNet-FP model (2 channels)...
2025-11-17 10:06:04,515 - INFO - Number of batch iterations per epoch: 77
2025-11-17 10:06:14,450 - INFO - Epoch: 1, Training Loss: 0.0419, Validation Loss: 0.0147
2025-11-17 10:06:14,452 - INFO -   → New best validation loss: 0.0147
2025-11-17 10:06:23,814 - INFO - Epoch: 2, Training Loss: 0.0157, Validation Loss: 0.0127
2025-11-17 10:06:23,815 - INFO -   → New best validation loss: 0.0127
2025-11-17 10:06:31,828 - INFO - Epoch: 3, Training Loss: 0.0128, Validation Loss: 0.0137
2025-11-17 10:06:40,642 - INFO - Epoch: 4, Training Loss: 0.0146, Validation Loss: 0.0139
2025-11-17 10:06:50,580 - INFO - Epoch: 5, Training Loss: 0.0141, Validation Loss: 0.0130
2025-11-17 10:07:01,214 - INFO - Epoch: 6, Training Loss: 0.0140, Validation Loss: 0.0124
2025-11-17 10:07:01,215 - INFO -   → New best validation loss: 0.0124
2025-11-17 10:07:13,769 - INFO - Epoch: 7, Training Loss: 0.0116, Validation Loss: 0.0166
2025-11-17 10:07:21,195 - INFO - Epoch: 8, Training Loss: 0.0117, Validation Loss: 0.0121
2025-11-17 10:07:21,196 - INFO -   → New best validation loss: 0.0121
2025-11-17 10:07:29,133 - INFO - Epoch: 9, Training Loss: 0.0129, Validation Loss: 0.0173
2025-11-17 10:07:37,789 - INFO - Epoch: 10, Training Loss: 0.0119, Validation Loss: 0.0112
2025-11-17 10:07:37,789 - INFO -   → New best validation loss: 0.0112
2025-11-17 10:07:45,883 - INFO - Epoch: 11, Training Loss: 0.0133, Validation Loss: 0.0130
2025-11-17 10:07:54,173 - INFO - Epoch: 12, Training Loss: 0.0128, Validation Loss: 0.0126
2025-11-17 10:08:05,377 - INFO - Epoch: 13, Training Loss: 0.0117, Validation Loss: 0.0126
2025-11-17 10:08:14,472 - INFO - Epoch: 14, Training Loss: 0.0133, Validation Loss: 0.0114
2025-11-17 10:08:24,450 - INFO - Epoch: 15, Training Loss: 0.0126, Validation Loss: 0.0106
2025-11-17 10:08:24,451 - INFO -   → New best validation loss: 0.0106
2025-11-17 10:08:33,408 - INFO - Epoch: 16, Training Loss: 0.0109, Validation Loss: 0.0112
2025-11-17 10:08:43,674 - INFO - Epoch: 17, Training Loss: 0.0105, Validation Loss: 0.0104
2025-11-17 10:08:43,675 - INFO -   → New best validation loss: 0.0104
2025-11-17 10:08:53,010 - INFO - Epoch: 18, Training Loss: 0.0120, Validation Loss: 0.0108
2025-11-17 10:09:01,343 - INFO - Epoch: 19, Training Loss: 0.0112, Validation Loss: 0.0126
2025-11-17 10:09:09,448 - INFO - Epoch: 20, Training Loss: 0.0136, Validation Loss: 0.0113
2025-11-17 10:09:20,711 - INFO - Epoch: 21, Training Loss: 0.0113, Validation Loss: 0.0107
2025-11-17 10:09:29,281 - INFO - Epoch: 22, Training Loss: 0.0132, Validation Loss: 0.0122
2025-11-17 10:09:37,269 - INFO - Epoch: 23, Training Loss: 0.0109, Validation Loss: 0.0095
2025-11-17 10:09:37,270 - INFO -   → New best validation loss: 0.0095
2025-11-17 10:09:45,706 - INFO - Epoch: 24, Training Loss: 0.0105, Validation Loss: 0.0095
2025-11-17 10:09:55,462 - INFO - Epoch: 25, Training Loss: 0.0108, Validation Loss: 0.0101
2025-11-17 10:10:05,036 - INFO - Epoch: 26, Training Loss: 0.0089, Validation Loss: 0.0068
2025-11-17 10:10:05,037 - INFO -   → New best validation loss: 0.0068
2025-11-17 10:10:14,977 - INFO - Epoch: 27, Training Loss: 0.0081, Validation Loss: 0.0076
2025-11-17 10:10:23,904 - INFO - Epoch: 28, Training Loss: 0.0078, Validation Loss: 0.0080
2025-11-17 10:10:33,237 - INFO - Epoch: 29, Training Loss: 0.0073, Validation Loss: 0.0076
2025-11-17 10:10:45,490 - INFO - Epoch: 30, Training Loss: 0.0080, Validation Loss: 0.0057
2025-11-17 10:10:45,494 - INFO -   → New best validation loss: 0.0057
2025-11-17 10:10:56,247 - INFO - Epoch: 31, Training Loss: 0.0066, Validation Loss: 0.0049
2025-11-17 10:10:56,248 - INFO -   → New best validation loss: 0.0049
2025-11-17 10:11:03,053 - INFO - Epoch: 32, Training Loss: 0.0061, Validation Loss: 0.0054
2025-11-17 10:11:10,377 - INFO - Epoch: 33, Training Loss: 0.0049, Validation Loss: 0.0049
2025-11-17 10:11:20,251 - INFO - Epoch: 34, Training Loss: 0.0055, Validation Loss: 0.0055
2025-11-17 10:11:28,240 - INFO - Epoch: 35, Training Loss: 0.0052, Validation Loss: 0.0060
2025-11-17 10:11:35,548 - INFO - Epoch: 36, Training Loss: 0.0049, Validation Loss: 0.0052
2025-11-17 10:11:45,343 - INFO - Epoch: 37, Training Loss: 0.0049, Validation Loss: 0.0051
2025-11-17 10:11:55,049 - INFO - Epoch: 38, Training Loss: 0.0059, Validation Loss: 0.0047
2025-11-17 10:11:55,053 - INFO -   → New best validation loss: 0.0047
2025-11-17 10:12:06,375 - INFO - Epoch: 39, Training Loss: 0.0049, Validation Loss: 0.0055
2025-11-17 10:12:13,436 - INFO - Epoch: 40, Training Loss: 0.0046, Validation Loss: 0.0048
2025-11-17 10:12:24,906 - INFO - Epoch: 41, Training Loss: 0.0047, Validation Loss: 0.0050
2025-11-17 10:12:33,681 - INFO - Epoch: 42, Training Loss: 0.0045, Validation Loss: 0.0040
2025-11-17 10:12:33,682 - INFO -   → New best validation loss: 0.0040
2025-11-17 10:12:43,430 - INFO - Epoch: 43, Training Loss: 0.0045, Validation Loss: 0.0045
2025-11-17 10:12:50,649 - INFO - Epoch: 44, Training Loss: 0.0048, Validation Loss: 0.0040
2025-11-17 10:13:00,365 - INFO - Epoch: 45, Training Loss: 0.0055, Validation Loss: 0.0052
2025-11-17 10:13:11,509 - INFO - Epoch: 46, Training Loss: 0.0043, Validation Loss: 0.0046
2025-11-17 10:13:19,117 - INFO - Epoch: 47, Training Loss: 0.0039, Validation Loss: 0.0038
2025-11-17 10:13:19,117 - INFO -   → New best validation loss: 0.0038
2025-11-17 10:13:25,193 - INFO - Epoch: 48, Training Loss: 0.0040, Validation Loss: 0.0027
2025-11-17 10:13:25,194 - INFO -   → New best validation loss: 0.0027
2025-11-17 10:13:35,097 - INFO - Epoch: 49, Training Loss: 0.0053, Validation Loss: 0.0036
2025-11-17 10:13:44,332 - INFO - Epoch: 50, Training Loss: 0.0039, Validation Loss: 0.0036
2025-11-17 10:13:51,450 - INFO - Epoch: 51, Training Loss: 0.0031, Validation Loss: 0.0031
2025-11-17 10:13:59,762 - INFO - Epoch: 52, Training Loss: 0.0030, Validation Loss: 0.0025
2025-11-17 10:13:59,766 - INFO -   → New best validation loss: 0.0025
2025-11-17 10:14:07,550 - INFO - Epoch: 53, Training Loss: 0.0025, Validation Loss: 0.0028
2025-11-17 10:14:14,951 - INFO - Epoch: 54, Training Loss: 0.0027, Validation Loss: 0.0027
2025-11-17 10:14:21,800 - INFO - Epoch: 55, Training Loss: 0.0031, Validation Loss: 0.0030
2025-11-17 10:14:30,088 - INFO - Epoch: 56, Training Loss: 0.0033, Validation Loss: 0.0042
2025-11-17 10:14:37,261 - INFO - Epoch: 57, Training Loss: 0.0040, Validation Loss: 0.0022
2025-11-17 10:14:37,262 - INFO -   → New best validation loss: 0.0022
2025-11-17 10:14:45,583 - INFO - Epoch: 58, Training Loss: 0.0024, Validation Loss: 0.0040
2025-11-17 10:14:56,836 - INFO - Epoch: 59, Training Loss: 0.0027, Validation Loss: 0.0018
2025-11-17 10:14:56,837 - INFO -   → New best validation loss: 0.0018
2025-11-17 10:15:05,251 - INFO - Epoch: 60, Training Loss: 0.0024, Validation Loss: 0.0023
2025-11-17 10:15:16,114 - INFO - Epoch: 61, Training Loss: 0.0027, Validation Loss: 0.0024
2025-11-17 10:15:26,826 - INFO - Epoch: 62, Training Loss: 0.0023, Validation Loss: 0.0017
2025-11-17 10:15:26,830 - INFO -   → New best validation loss: 0.0017
2025-11-17 10:15:35,100 - INFO - Epoch: 63, Training Loss: 0.0024, Validation Loss: 0.0022
2025-11-17 10:15:44,598 - INFO - Epoch: 64, Training Loss: 0.0027, Validation Loss: 0.0028
2025-11-17 10:15:53,784 - INFO - Epoch: 65, Training Loss: 0.0026, Validation Loss: 0.0029
2025-11-17 10:16:00,461 - INFO - Epoch: 66, Training Loss: 0.0021, Validation Loss: 0.0036
2025-11-17 10:16:12,114 - INFO - Epoch: 67, Training Loss: 0.0036, Validation Loss: 0.0019
2025-11-17 10:16:21,821 - INFO - Epoch: 68, Training Loss: 0.0025, Validation Loss: 0.0087
2025-11-17 10:16:32,754 - INFO - Epoch: 69, Training Loss: 0.0022, Validation Loss: 0.0079
2025-11-17 10:16:41,145 - INFO - Epoch: 70, Training Loss: 0.0028, Validation Loss: 0.0024
2025-11-17 10:16:48,916 - INFO - Epoch: 71, Training Loss: 0.0026, Validation Loss: 0.0028
2025-11-17 10:16:58,772 - INFO - Epoch: 72, Training Loss: 0.0022, Validation Loss: 0.0048
2025-11-17 10:17:08,371 - INFO - Epoch: 73, Training Loss: 0.0020, Validation Loss: 0.0027
2025-11-17 10:17:16,884 - INFO - Epoch: 74, Training Loss: 0.0018, Validation Loss: 0.0040
2025-11-17 10:17:26,693 - INFO - Epoch: 75, Training Loss: 0.0030, Validation Loss: 0.0013
2025-11-17 10:17:26,698 - INFO -   → New best validation loss: 0.0013
2025-11-17 10:17:33,443 - INFO - Epoch: 76, Training Loss: 0.0019, Validation Loss: 0.0016
2025-11-17 10:17:39,796 - INFO - Epoch: 77, Training Loss: 0.0019, Validation Loss: 0.0015
2025-11-17 10:17:48,690 - INFO - Epoch: 78, Training Loss: 0.0018, Validation Loss: 0.0015
2025-11-17 10:18:01,920 - INFO - Epoch: 79, Training Loss: 0.0019, Validation Loss: 0.0019
2025-11-17 10:18:11,410 - INFO - Epoch: 80, Training Loss: 0.0018, Validation Loss: 0.0020
2025-11-17 10:18:21,371 - INFO - Epoch: 81, Training Loss: 0.0023, Validation Loss: 0.0018
2025-11-17 10:18:31,643 - INFO - Epoch: 82, Training Loss: 0.0022, Validation Loss: 0.0025
2025-11-17 10:18:42,489 - INFO - Epoch: 83, Training Loss: 0.0021, Validation Loss: 0.0176
2025-11-17 10:18:50,446 - INFO - Epoch: 84, Training Loss: 0.0021, Validation Loss: 0.0014
2025-11-17 10:18:58,246 - INFO - Epoch: 85, Training Loss: 0.0023, Validation Loss: 0.0027
2025-11-17 10:19:08,265 - INFO - Epoch: 86, Training Loss: 0.0023, Validation Loss: 0.0015
2025-11-17 10:19:16,379 - INFO - Epoch: 87, Training Loss: 0.0017, Validation Loss: 0.0024
2025-11-17 10:19:26,331 - INFO - Epoch: 88, Training Loss: 0.0020, Validation Loss: 0.0021
2025-11-17 10:19:34,440 - INFO - Epoch: 89, Training Loss: 0.0017, Validation Loss: 0.0025
2025-11-17 10:19:41,327 - INFO - Epoch: 90, Training Loss: 0.0015, Validation Loss: 0.0022
2025-11-17 10:19:51,896 - INFO - Epoch: 91, Training Loss: 0.0018, Validation Loss: 0.0019
2025-11-17 10:20:01,656 - INFO - Epoch: 92, Training Loss: 0.0020, Validation Loss: 0.0015
2025-11-17 10:20:13,015 - INFO - Epoch: 93, Training Loss: 0.0016, Validation Loss: 0.0045
2025-11-17 10:20:22,929 - INFO - Epoch: 94, Training Loss: 0.0018, Validation Loss: 0.0013
2025-11-17 10:20:22,936 - INFO -   → New best validation loss: 0.0013
2025-11-17 10:20:32,465 - INFO - Epoch: 95, Training Loss: 0.0016, Validation Loss: 0.0035
2025-11-17 10:20:38,715 - INFO - Epoch: 96, Training Loss: 0.0017, Validation Loss: 0.0013
2025-11-17 10:20:49,859 - INFO - Epoch: 97, Training Loss: 0.0017, Validation Loss: 0.0016
2025-11-17 10:20:59,674 - INFO - Epoch: 98, Training Loss: 0.0019, Validation Loss: 0.0017
2025-11-17 10:21:10,255 - INFO - Epoch: 99, Training Loss: 0.0021, Validation Loss: 0.0015
2025-11-17 10:21:17,286 - INFO - Epoch: 100, Training Loss: 0.0014, Validation Loss: 0.0018
2025-11-17 10:21:26,588 - INFO - Epoch: 101, Training Loss: 0.0014, Validation Loss: 0.0009
2025-11-17 10:21:26,590 - INFO -   → New best validation loss: 0.0009
2025-11-17 10:21:32,714 - INFO - Epoch: 102, Training Loss: 0.0017, Validation Loss: 0.0017
2025-11-17 10:21:42,103 - INFO - Epoch: 103, Training Loss: 0.0016, Validation Loss: 0.0021
2025-11-17 10:21:50,745 - INFO - Epoch: 104, Training Loss: 0.0019, Validation Loss: 0.0016
2025-11-17 10:21:59,439 - INFO - Epoch: 105, Training Loss: 0.0020, Validation Loss: 0.0020
2025-11-17 10:22:09,993 - INFO - Epoch: 106, Training Loss: 0.0017, Validation Loss: 0.0014
2025-11-17 10:22:20,636 - INFO - Epoch: 107, Training Loss: 0.0016, Validation Loss: 0.0020
2025-11-17 10:22:31,281 - INFO - Epoch: 108, Training Loss: 0.0017, Validation Loss: 0.0012
2025-11-17 10:22:41,008 - INFO - Epoch: 109, Training Loss: 0.0013, Validation Loss: 0.0011
2025-11-17 10:22:50,797 - INFO - Epoch: 110, Training Loss: 0.0014, Validation Loss: 0.0012
2025-11-17 10:22:58,577 - INFO - Epoch: 111, Training Loss: 0.0014, Validation Loss: 0.0020
2025-11-17 10:23:06,554 - INFO - Epoch: 112, Training Loss: 0.0022, Validation Loss: 0.0012
2025-11-17 10:23:14,597 - INFO - Epoch: 113, Training Loss: 0.0026, Validation Loss: 0.0016
2025-11-17 10:23:22,517 - INFO - Epoch: 114, Training Loss: 0.0021, Validation Loss: 0.0017
2025-11-17 10:23:33,118 - INFO - Epoch: 115, Training Loss: 0.0019, Validation Loss: 0.0038
2025-11-17 10:23:41,374 - INFO - Epoch: 116, Training Loss: 0.0014, Validation Loss: 0.0018
2025-11-17 10:23:52,063 - INFO - Epoch: 117, Training Loss: 0.0015, Validation Loss: 0.0020
2025-11-17 10:23:58,925 - INFO - Epoch: 118, Training Loss: 0.0014, Validation Loss: 0.0015
2025-11-17 10:24:08,625 - INFO - Epoch: 119, Training Loss: 0.0014, Validation Loss: 0.0016
2025-11-17 10:24:17,192 - INFO - Epoch: 120, Training Loss: 0.0011, Validation Loss: 0.0011
2025-11-17 10:24:26,314 - INFO - Epoch: 121, Training Loss: 0.0011, Validation Loss: 0.0009
2025-11-17 10:24:26,315 - INFO -   → New best validation loss: 0.0009
2025-11-17 10:24:34,054 - INFO - Epoch: 122, Training Loss: 0.0009, Validation Loss: 0.0009
2025-11-17 10:24:34,055 - INFO -   → New best validation loss: 0.0009
2025-11-17 10:24:42,909 - INFO - Epoch: 123, Training Loss: 0.0013, Validation Loss: 0.0015
2025-11-17 10:24:53,433 - INFO - Epoch: 124, Training Loss: 0.0012, Validation Loss: 0.0019
2025-11-17 10:25:01,758 - INFO - Epoch: 125, Training Loss: 0.0011, Validation Loss: 0.0008
2025-11-17 10:25:01,759 - INFO -   → New best validation loss: 0.0008
2025-11-17 10:25:10,538 - INFO - Epoch: 126, Training Loss: 0.0012, Validation Loss: 0.0006
2025-11-17 10:25:10,539 - INFO -   → New best validation loss: 0.0006
2025-11-17 10:25:18,469 - INFO - Epoch: 127, Training Loss: 0.0011, Validation Loss: 0.0008
2025-11-17 10:25:28,207 - INFO - Epoch: 128, Training Loss: 0.0014, Validation Loss: 0.0018
2025-11-17 10:25:36,498 - INFO - Epoch: 129, Training Loss: 0.0014, Validation Loss: 0.0014
2025-11-17 10:25:46,075 - INFO - Epoch: 130, Training Loss: 0.0010, Validation Loss: 0.0023
2025-11-17 10:25:55,162 - INFO - Epoch: 131, Training Loss: 0.0015, Validation Loss: 0.0011
2025-11-17 10:26:03,940 - INFO - Epoch: 132, Training Loss: 0.0013, Validation Loss: 0.0022
2025-11-17 10:26:11,388 - INFO - Epoch: 133, Training Loss: 0.0011, Validation Loss: 0.0010
2025-11-17 10:26:20,069 - INFO - Epoch: 134, Training Loss: 0.0015, Validation Loss: 0.0014
2025-11-17 10:26:28,835 - INFO - Epoch: 135, Training Loss: 0.0014, Validation Loss: 0.0013
2025-11-17 10:26:36,972 - INFO - Epoch: 136, Training Loss: 0.0013, Validation Loss: 0.0010
2025-11-17 10:26:45,938 - INFO - Epoch: 137, Training Loss: 0.0016, Validation Loss: 0.0014
2025-11-17 10:26:54,343 - INFO - Epoch: 138, Training Loss: 0.0016, Validation Loss: 0.0015
2025-11-17 10:27:03,878 - INFO - Epoch: 139, Training Loss: 0.0015, Validation Loss: 0.0012
2025-11-17 10:27:10,948 - INFO - Epoch: 140, Training Loss: 0.0011, Validation Loss: 0.0010
2025-11-17 10:27:21,522 - INFO - Epoch: 141, Training Loss: 0.0011, Validation Loss: 0.0015
2025-11-17 10:27:32,383 - INFO - Epoch: 142, Training Loss: 0.0010, Validation Loss: 0.0016
2025-11-17 10:27:42,229 - INFO - Epoch: 143, Training Loss: 0.0011, Validation Loss: 0.0015
2025-11-17 10:27:51,520 - INFO - Epoch: 144, Training Loss: 0.0014, Validation Loss: 0.0013
2025-11-17 10:28:02,572 - INFO - Epoch: 145, Training Loss: 0.0012, Validation Loss: 0.0011
2025-11-17 10:28:11,586 - INFO - Epoch: 146, Training Loss: 0.0012, Validation Loss: 0.0026
2025-11-17 10:28:11,587 - INFO - Early stopping triggered at epoch 146
2025-11-17 10:28:11,587 - INFO - Best validation loss: 0.0006
2025-11-17 10:28:11,591 - INFO - Restored best model weights
2025-11-17 10:28:11,591 - INFO - 
============================================================
2025-11-17 10:28:11,591 - INFO - EVALUATION RESULTS
2025-11-17 10:28:11,591 - INFO - ============================================================
2025-11-17 10:28:11,634 - INFO - Validation Prediction Stats:
2025-11-17 10:28:11,634 - INFO -   Std: 0.151861, Range: 0.776312, Unique ratio: 0.7000
2025-11-17 10:28:11,635 - INFO - Validation Set - MSE: 0.001058, MAE: 0.025082, RMSE: 0.032526, Pearson Correlation: 0.983284 (p=0.000000)
2025-11-17 10:28:11,681 - INFO - Test Prediction Stats:
2025-11-17 10:28:11,681 - INFO -   Std: 0.181981, Range: 0.866810, Unique ratio: 0.7372
2025-11-17 10:28:11,682 - INFO - Test Set - MSE: 0.001036, MAE: 0.024357, RMSE: 0.032186, Pearson Correlation: 0.986523 (p=0.000000)
2025-11-17 10:28:11,682 - INFO - ============================================================

2025-11-17 10:28:11,682 - INFO - Trial completed successfully
2025-11-17 10:28:11,682 - INFO - ================================================================================
2025-11-17 10:28:11,682 - INFO - Trial 3 completed. End time: 2025-11-17 10:28:11
2025-11-17 10:28:11,682 - INFO - ================================================================================
