2025-11-22 22:08:35,993 - INFO - ================================================================================
2025-11-22 22:08:35,993 - INFO - TRIAL 3 - Task: RGS (FP1/FP2 only, no CV)
2025-11-22 22:08:35,993 - INFO - Log file: ./logs_fp_no_cv/trial3_RGS_20251122_213534.log
2025-11-22 22:08:35,993 - INFO - Start time: 2025-11-22 22:08:35
2025-11-22 22:08:35,993 - INFO - ================================================================================
2025-11-22 22:08:35,995 - INFO - START TRAINING - Task: RGS (FP1/FP2 only, no CV)
2025-11-22 22:08:35,995 - INFO - Learning rate: 0.005, Epochs: 200, Batches: 8
2025-11-22 22:08:35,995 - INFO - Data split: 70% train / 15% validation / 15% test
2025-11-22 22:08:35,995 - INFO - Loading dataset (FP1/FP2 channels only, fixed split)...
2025-11-22 22:08:36,007 - INFO - Dataset shapes - Train: (618, 2, 25, 1), Valid: (130, 2, 25, 1), Test: (137, 2, 25, 1)
2025-11-22 22:08:36,007 - INFO - Applied feature normalization (StandardScaler)
2025-11-22 22:08:36,008 - INFO - Initializing VIGNet-FP model (2 channels)...
2025-11-22 22:08:36,012 - INFO - Number of batch iterations per epoch: 77
2025-11-22 22:08:47,209 - INFO - Epoch: 1, Training Loss: 0.0418, Validation Loss: 0.0162
2025-11-22 22:08:47,212 - INFO -   → New best validation loss: 0.0162
2025-11-22 22:08:59,487 - INFO - Epoch: 2, Training Loss: 0.0205, Validation Loss: 0.0183
2025-11-22 22:09:06,094 - INFO - Epoch: 3, Training Loss: 0.0184, Validation Loss: 0.0157
2025-11-22 22:09:06,099 - INFO -   → New best validation loss: 0.0157
2025-11-22 22:09:14,360 - INFO - Epoch: 4, Training Loss: 0.0176, Validation Loss: 0.0150
2025-11-22 22:09:14,362 - INFO -   → New best validation loss: 0.0150
2025-11-22 22:09:23,423 - INFO - Epoch: 5, Training Loss: 0.0163, Validation Loss: 0.0257
2025-11-22 22:09:31,163 - INFO - Epoch: 6, Training Loss: 0.0158, Validation Loss: 0.0241
2025-11-22 22:09:40,855 - INFO - Epoch: 7, Training Loss: 0.0145, Validation Loss: 0.0186
2025-11-22 22:09:46,934 - INFO - Epoch: 8, Training Loss: 0.0142, Validation Loss: 0.0148
2025-11-22 22:09:46,940 - INFO -   → New best validation loss: 0.0148
2025-11-22 22:09:56,653 - INFO - Epoch: 9, Training Loss: 0.0140, Validation Loss: 0.0101
2025-11-22 22:09:56,654 - INFO -   → New best validation loss: 0.0101
2025-11-22 22:10:07,575 - INFO - Epoch: 10, Training Loss: 0.0122, Validation Loss: 0.0094
2025-11-22 22:10:07,576 - INFO -   → New best validation loss: 0.0094
2025-11-22 22:10:15,028 - INFO - Epoch: 11, Training Loss: 0.0106, Validation Loss: 0.0356
2025-11-22 22:10:22,823 - INFO - Epoch: 12, Training Loss: 0.0118, Validation Loss: 0.0160
2025-11-22 22:10:30,777 - INFO - Epoch: 13, Training Loss: 0.0085, Validation Loss: 0.0084
2025-11-22 22:10:30,778 - INFO -   → New best validation loss: 0.0084
2025-11-22 22:10:37,984 - INFO - Epoch: 14, Training Loss: 0.0075, Validation Loss: 0.0090
2025-11-22 22:10:46,794 - INFO - Epoch: 15, Training Loss: 0.0087, Validation Loss: 0.0086
2025-11-22 22:10:55,978 - INFO - Epoch: 16, Training Loss: 0.0086, Validation Loss: 0.0113
2025-11-22 22:11:05,895 - INFO - Epoch: 17, Training Loss: 0.0078, Validation Loss: 0.0075
2025-11-22 22:11:05,896 - INFO -   → New best validation loss: 0.0075
2025-11-22 22:11:14,958 - INFO - Epoch: 18, Training Loss: 0.0076, Validation Loss: 0.0087
2025-11-22 22:11:23,061 - INFO - Epoch: 19, Training Loss: 0.0063, Validation Loss: 0.0086
2025-11-22 22:11:32,510 - INFO - Epoch: 20, Training Loss: 0.0070, Validation Loss: 0.0089
2025-11-22 22:11:39,653 - INFO - Epoch: 21, Training Loss: 0.0072, Validation Loss: 0.0071
2025-11-22 22:11:39,654 - INFO -   → New best validation loss: 0.0071
2025-11-22 22:11:48,085 - INFO - Epoch: 22, Training Loss: 0.0070, Validation Loss: 0.0071
2025-11-22 22:11:48,087 - INFO -   → New best validation loss: 0.0071
2025-11-22 22:11:58,841 - INFO - Epoch: 23, Training Loss: 0.0059, Validation Loss: 0.0058
2025-11-22 22:11:58,842 - INFO -   → New best validation loss: 0.0058
2025-11-22 22:12:08,067 - INFO - Epoch: 24, Training Loss: 0.0052, Validation Loss: 0.0060
2025-11-22 22:12:17,441 - INFO - Epoch: 25, Training Loss: 0.0053, Validation Loss: 0.0067
2025-11-22 22:12:27,781 - INFO - Epoch: 26, Training Loss: 0.0060, Validation Loss: 0.0064
2025-11-22 22:12:38,795 - INFO - Epoch: 27, Training Loss: 0.0043, Validation Loss: 0.0044
2025-11-22 22:12:38,796 - INFO -   → New best validation loss: 0.0044
2025-11-22 22:12:46,006 - INFO - Epoch: 28, Training Loss: 0.0051, Validation Loss: 0.0049
2025-11-22 22:12:55,196 - INFO - Epoch: 29, Training Loss: 0.0054, Validation Loss: 0.0087
2025-11-22 22:13:04,398 - INFO - Epoch: 30, Training Loss: 0.0053, Validation Loss: 0.0063
2025-11-22 22:13:12,967 - INFO - Epoch: 31, Training Loss: 0.0058, Validation Loss: 0.0053
2025-11-22 22:13:21,751 - INFO - Epoch: 32, Training Loss: 0.0047, Validation Loss: 0.0055
2025-11-22 22:13:32,630 - INFO - Epoch: 33, Training Loss: 0.0039, Validation Loss: 0.0046
2025-11-22 22:13:42,547 - INFO - Epoch: 34, Training Loss: 0.0046, Validation Loss: 0.0054
2025-11-22 22:13:51,865 - INFO - Epoch: 35, Training Loss: 0.0046, Validation Loss: 0.0086
2025-11-22 22:14:00,101 - INFO - Epoch: 36, Training Loss: 0.0041, Validation Loss: 0.0053
2025-11-22 22:14:08,939 - INFO - Epoch: 37, Training Loss: 0.0032, Validation Loss: 0.0031
2025-11-22 22:14:08,940 - INFO -   → New best validation loss: 0.0031
2025-11-22 22:14:16,333 - INFO - Epoch: 38, Training Loss: 0.0028, Validation Loss: 0.0040
2025-11-22 22:14:24,451 - INFO - Epoch: 39, Training Loss: 0.0032, Validation Loss: 0.0033
2025-11-22 22:14:32,746 - INFO - Epoch: 40, Training Loss: 0.0028, Validation Loss: 0.0065
2025-11-22 22:14:42,744 - INFO - Epoch: 41, Training Loss: 0.0033, Validation Loss: 0.0023
2025-11-22 22:14:42,747 - INFO -   → New best validation loss: 0.0023
2025-11-22 22:14:51,481 - INFO - Epoch: 42, Training Loss: 0.0030, Validation Loss: 0.0031
2025-11-22 22:14:59,707 - INFO - Epoch: 43, Training Loss: 0.0037, Validation Loss: 0.0049
2025-11-22 22:15:05,923 - INFO - Epoch: 44, Training Loss: 0.0034, Validation Loss: 0.0032
2025-11-22 22:15:17,141 - INFO - Epoch: 45, Training Loss: 0.0030, Validation Loss: 0.0029
2025-11-22 22:15:26,195 - INFO - Epoch: 46, Training Loss: 0.0025, Validation Loss: 0.0035
2025-11-22 22:15:33,531 - INFO - Epoch: 47, Training Loss: 0.0023, Validation Loss: 0.0029
2025-11-22 22:15:41,466 - INFO - Epoch: 48, Training Loss: 0.0026, Validation Loss: 0.0033
2025-11-22 22:15:51,140 - INFO - Epoch: 49, Training Loss: 0.0024, Validation Loss: 0.0022
2025-11-22 22:15:51,145 - INFO -   → New best validation loss: 0.0022
2025-11-22 22:15:59,529 - INFO - Epoch: 50, Training Loss: 0.0022, Validation Loss: 0.0033
2025-11-22 22:16:09,402 - INFO - Epoch: 51, Training Loss: 0.0021, Validation Loss: 0.0029
2025-11-22 22:16:17,289 - INFO - Epoch: 52, Training Loss: 0.0027, Validation Loss: 0.0021
2025-11-22 22:16:17,291 - INFO -   → New best validation loss: 0.0021
2025-11-22 22:16:27,165 - INFO - Epoch: 53, Training Loss: 0.0022, Validation Loss: 0.0017
2025-11-22 22:16:27,166 - INFO -   → New best validation loss: 0.0017
2025-11-22 22:16:38,572 - INFO - Epoch: 54, Training Loss: 0.0018, Validation Loss: 0.0017
2025-11-22 22:16:38,573 - INFO -   → New best validation loss: 0.0017
2025-11-22 22:16:48,942 - INFO - Epoch: 55, Training Loss: 0.0016, Validation Loss: 0.0024
2025-11-22 22:16:58,255 - INFO - Epoch: 56, Training Loss: 0.0016, Validation Loss: 0.0026
2025-11-22 22:17:05,622 - INFO - Epoch: 57, Training Loss: 0.0023, Validation Loss: 0.0054
2025-11-22 22:17:13,116 - INFO - Epoch: 58, Training Loss: 0.0018, Validation Loss: 0.0018
2025-11-22 22:17:20,359 - INFO - Epoch: 59, Training Loss: 0.0017, Validation Loss: 0.0014
2025-11-22 22:17:20,360 - INFO -   → New best validation loss: 0.0014
2025-11-22 22:17:29,320 - INFO - Epoch: 60, Training Loss: 0.0022, Validation Loss: 0.0012
2025-11-22 22:17:29,321 - INFO -   → New best validation loss: 0.0012
2025-11-22 22:17:35,548 - INFO - Epoch: 61, Training Loss: 0.0018, Validation Loss: 0.0020
2025-11-22 22:17:44,598 - INFO - Epoch: 62, Training Loss: 0.0016, Validation Loss: 0.0036
2025-11-22 22:17:51,805 - INFO - Epoch: 63, Training Loss: 0.0021, Validation Loss: 0.0016
2025-11-22 22:17:58,438 - INFO - Epoch: 64, Training Loss: 0.0017, Validation Loss: 0.0033
2025-11-22 22:18:08,213 - INFO - Epoch: 65, Training Loss: 0.0017, Validation Loss: 0.0011
2025-11-22 22:18:08,214 - INFO -   → New best validation loss: 0.0011
2025-11-22 22:18:18,462 - INFO - Epoch: 66, Training Loss: 0.0015, Validation Loss: 0.0017
2025-11-22 22:18:28,263 - INFO - Epoch: 67, Training Loss: 0.0018, Validation Loss: 0.0026
2025-11-22 22:18:36,197 - INFO - Epoch: 68, Training Loss: 0.0015, Validation Loss: 0.0024
2025-11-22 22:18:43,571 - INFO - Epoch: 69, Training Loss: 0.0015, Validation Loss: 0.0035
2025-11-22 22:18:50,847 - INFO - Epoch: 70, Training Loss: 0.0012, Validation Loss: 0.0012
2025-11-22 22:18:59,344 - INFO - Epoch: 71, Training Loss: 0.0017, Validation Loss: 0.0021
2025-11-22 22:19:09,660 - INFO - Epoch: 72, Training Loss: 0.0021, Validation Loss: 0.0021
2025-11-22 22:19:21,014 - INFO - Epoch: 73, Training Loss: 0.0011, Validation Loss: 0.0023
2025-11-22 22:19:31,259 - INFO - Epoch: 74, Training Loss: 0.0012, Validation Loss: 0.0025
2025-11-22 22:19:39,103 - INFO - Epoch: 75, Training Loss: 0.0013, Validation Loss: 0.0012
2025-11-22 22:19:47,363 - INFO - Epoch: 76, Training Loss: 0.0024, Validation Loss: 0.0029
2025-11-22 22:19:55,992 - INFO - Epoch: 77, Training Loss: 0.0018, Validation Loss: 0.0016
2025-11-22 22:20:05,131 - INFO - Epoch: 78, Training Loss: 0.0030, Validation Loss: 0.0025
2025-11-22 22:20:14,519 - INFO - Epoch: 79, Training Loss: 0.0017, Validation Loss: 0.0020
2025-11-22 22:20:24,913 - INFO - Epoch: 80, Training Loss: 0.0010, Validation Loss: 0.0006
2025-11-22 22:20:24,918 - INFO -   → New best validation loss: 0.0006
2025-11-22 22:20:34,961 - INFO - Epoch: 81, Training Loss: 0.0014, Validation Loss: 0.0008
2025-11-22 22:20:41,807 - INFO - Epoch: 82, Training Loss: 0.0012, Validation Loss: 0.0020
2025-11-22 22:20:49,740 - INFO - Epoch: 83, Training Loss: 0.0025, Validation Loss: 0.0020
2025-11-22 22:20:57,404 - INFO - Epoch: 84, Training Loss: 0.0017, Validation Loss: 0.0014
2025-11-22 22:21:06,195 - INFO - Epoch: 85, Training Loss: 0.0013, Validation Loss: 0.0009
2025-11-22 22:21:12,800 - INFO - Epoch: 86, Training Loss: 0.0010, Validation Loss: 0.0013
2025-11-22 22:21:21,329 - INFO - Epoch: 87, Training Loss: 0.0013, Validation Loss: 0.0009
2025-11-22 22:21:29,885 - INFO - Epoch: 88, Training Loss: 0.0012, Validation Loss: 0.0012
2025-11-22 22:21:38,736 - INFO - Epoch: 89, Training Loss: 0.0015, Validation Loss: 0.0019
2025-11-22 22:21:48,287 - INFO - Epoch: 90, Training Loss: 0.0012, Validation Loss: 0.0015
2025-11-22 22:21:58,280 - INFO - Epoch: 91, Training Loss: 0.0011, Validation Loss: 0.0015
2025-11-22 22:22:08,824 - INFO - Epoch: 92, Training Loss: 0.0010, Validation Loss: 0.0011
2025-11-22 22:22:15,453 - INFO - Epoch: 93, Training Loss: 0.0010, Validation Loss: 0.0010
2025-11-22 22:22:23,435 - INFO - Epoch: 94, Training Loss: 0.0010, Validation Loss: 0.0010
2025-11-22 22:22:33,676 - INFO - Epoch: 95, Training Loss: 0.0009, Validation Loss: 0.0009
2025-11-22 22:22:44,357 - INFO - Epoch: 96, Training Loss: 0.0009, Validation Loss: 0.0008
2025-11-22 22:22:54,813 - INFO - Epoch: 97, Training Loss: 0.0010, Validation Loss: 0.0015
2025-11-22 22:23:05,329 - INFO - Epoch: 98, Training Loss: 0.0012, Validation Loss: 0.0025
2025-11-22 22:23:14,730 - INFO - Epoch: 99, Training Loss: 0.0011, Validation Loss: 0.0012
2025-11-22 22:23:24,026 - INFO - Epoch: 100, Training Loss: 0.0010, Validation Loss: 0.0012
2025-11-22 22:23:24,026 - INFO - Early stopping triggered at epoch 100
2025-11-22 22:23:24,026 - INFO - Best validation loss: 0.0006
2025-11-22 22:23:24,031 - INFO - Restored best model weights
2025-11-22 22:23:24,031 - INFO - Starting model save process...
2025-11-22 22:23:24,031 - INFO - Creating models directory: ./logs_fp_no_cv/models
2025-11-22 22:23:24,031 - INFO - Models directory created/verified: ./logs_fp_no_cv/models
2025-11-22 22:23:24,031 - INFO - Attempting to save model to: ./logs_fp_no_cv/models/trial3_best_model
2025-11-22 22:23:24,142 - WARNING - Failed to save model in SavedModel format: in user code:

    File "/home/vivian/miniconda3/envs/seed/lib/python3.8/site-packages/keras/src/saving/legacy/saving_utils.py", line 147, in _wrapped_model  *
        outputs = model(*args, **kwargs)
    File "/home/vivian/miniconda3/envs/seed/lib/python3.8/site-packages/keras/src/utils/traceback_utils.py", line 70, in error_handler  **
        raise e.with_traceback(filtered_tb) from None
    File "/tmp/__autograph_generated_file3t0ck_8q.py", line 10, in tf__call
        att1 = ag__.converted_call(ag__.ld(self).MHRSSA, (ag__.ld(x), 10), None, fscope)
    File "/tmp/__autograph_generated_file2szops_9.py", line 41, in tf__MHRSSA
        ag__.for_stmt(ag__.converted_call(ag__.ld(range), (ag__.ld(out_filter),), None, fscope), None, loop_body, get_state_1, set_state_1, ('MHRSSA',), {'iterate_names': 'i'})
    File "/tmp/__autograph_generated_file2szops_9.py", line 21, in loop_body
        tmp = ag__.converted_call(ag__.converted_call(ag__.ld(tf).keras.layers.Conv2D, (ag__.ld(num_channel), (ag__.ld(num_channel), 1)), dict(kernel_regularizer=ag__.ld(self).regularizer, activation=None), fscope), (ag__.ld(x),), None, fscope)

    ValueError: Exception encountered when calling layer 'vignet_fp_2' (type vignet_fp).
    
    in user code:
    
        File "/home/vivian/eeg/SEED_VIG/VIGNet/network_fp.py", line 56, in call  *
            att1 = self.MHRSSA(x, 10)
        File "/home/vivian/eeg/SEED_VIG/VIGNet/network_fp.py", line 44, in MHRSSA  *
            tmp = tf.keras.layers.Conv2D(num_channel, (num_channel, 1), kernel_regularizer=self.regularizer, activation=None)(x)
        File "/home/vivian/miniconda3/envs/seed/lib/python3.8/site-packages/keras/src/utils/traceback_utils.py", line 70, in error_handler  **
            raise e.with_traceback(filtered_tb) from None
    
        ValueError: tf.function only supports singleton tf.Variables created on the first call. Make sure the tf.Variable is only created once or created outside tf.function. See https://www.tensorflow.org/guide/function#creating_tfvariables for more information.
    
    
    Call arguments received by layer 'vignet_fp_2' (type vignet_fp):
      • x=tf.Tensor(shape=(None, 2, 25, 1), dtype=float64)
      • training=False

2025-11-22 22:23:24,142 - WARNING - Traceback (most recent call last):
  File "experiment_fp_no_cv.py", line 261, in _save_model
    model.save(model_save_path, save_format='tf')
  File "/home/vivian/miniconda3/envs/seed/lib/python3.8/site-packages/keras/src/utils/traceback_utils.py", line 70, in error_handler
    raise e.with_traceback(filtered_tb) from None
  File "/tmp/__autograph_generated_fileu3w_yla6.py", line 14, in tf___wrapped_model
    outputs = ag__.converted_call(ag__.ld(model), tuple(ag__.ld(args)), dict(**ag__.ld(kwargs)), fscope)
  File "/tmp/__autograph_generated_file3t0ck_8q.py", line 10, in tf__call
    att1 = ag__.converted_call(ag__.ld(self).MHRSSA, (ag__.ld(x), 10), None, fscope)
  File "/tmp/__autograph_generated_file2szops_9.py", line 41, in tf__MHRSSA
    ag__.for_stmt(ag__.converted_call(ag__.ld(range), (ag__.ld(out_filter),), None, fscope), None, loop_body, get_state_1, set_state_1, ('MHRSSA',), {'iterate_names': 'i'})
  File "/tmp/__autograph_generated_file2szops_9.py", line 21, in loop_body
    tmp = ag__.converted_call(ag__.converted_call(ag__.ld(tf).keras.layers.Conv2D, (ag__.ld(num_channel), (ag__.ld(num_channel), 1)), dict(kernel_regularizer=ag__.ld(self).regularizer, activation=None), fscope), (ag__.ld(x),), None, fscope)
ValueError: in user code:

    File "/home/vivian/miniconda3/envs/seed/lib/python3.8/site-packages/keras/src/saving/legacy/saving_utils.py", line 147, in _wrapped_model  *
        outputs = model(*args, **kwargs)
    File "/home/vivian/miniconda3/envs/seed/lib/python3.8/site-packages/keras/src/utils/traceback_utils.py", line 70, in error_handler  **
        raise e.with_traceback(filtered_tb) from None
    File "/tmp/__autograph_generated_file3t0ck_8q.py", line 10, in tf__call
        att1 = ag__.converted_call(ag__.ld(self).MHRSSA, (ag__.ld(x), 10), None, fscope)
    File "/tmp/__autograph_generated_file2szops_9.py", line 41, in tf__MHRSSA
        ag__.for_stmt(ag__.converted_call(ag__.ld(range), (ag__.ld(out_filter),), None, fscope), None, loop_body, get_state_1, set_state_1, ('MHRSSA',), {'iterate_names': 'i'})
    File "/tmp/__autograph_generated_file2szops_9.py", line 21, in loop_body
        tmp = ag__.converted_call(ag__.converted_call(ag__.ld(tf).keras.layers.Conv2D, (ag__.ld(num_channel), (ag__.ld(num_channel), 1)), dict(kernel_regularizer=ag__.ld(self).regularizer, activation=None), fscope), (ag__.ld(x),), None, fscope)

    ValueError: Exception encountered when calling layer 'vignet_fp_2' (type vignet_fp).
    
    in user code:
    
        File "/home/vivian/eeg/SEED_VIG/VIGNet/network_fp.py", line 56, in call  *
            att1 = self.MHRSSA(x, 10)
        File "/home/vivian/eeg/SEED_VIG/VIGNet/network_fp.py", line 44, in MHRSSA  *
            tmp = tf.keras.layers.Conv2D(num_channel, (num_channel, 1), kernel_regularizer=self.regularizer, activation=None)(x)
        File "/home/vivian/miniconda3/envs/seed/lib/python3.8/site-packages/keras/src/utils/traceback_utils.py", line 70, in error_handler  **
            raise e.with_traceback(filtered_tb) from None
    
        ValueError: tf.function only supports singleton tf.Variables created on the first call. Make sure the tf.Variable is only created once or created outside tf.function. See https://www.tensorflow.org/guide/function#creating_tfvariables for more information.
    
    
    Call arguments received by layer 'vignet_fp_2' (type vignet_fp):
      • x=tf.Tensor(shape=(None, 2, 25, 1), dtype=float64)
      • training=False


2025-11-22 22:23:24,142 - INFO - Attempting to save model weights to: ./logs_fp_no_cv/models/trial3_best_weights.h5
2025-11-22 22:23:24,148 - INFO - ✓ Saved model weights to: ./logs_fp_no_cv/models/trial3_best_weights.h5
2025-11-22 22:23:24,148 - INFO - Attempting to save scaler to: ./logs_fp_no_cv/models/trial3_scaler.pkl
2025-11-22 22:23:24,148 - INFO - ✓ Saved scaler to: ./logs_fp_no_cv/models/trial3_scaler.pkl
2025-11-22 22:23:24,148 - INFO - Attempting to save metadata to: ./logs_fp_no_cv/models/trial3_metadata.pkl
2025-11-22 22:23:24,148 - INFO - ✓ Saved model metadata to: ./logs_fp_no_cv/models/trial3_metadata.pkl
2025-11-22 22:23:24,148 - INFO - Model save process completed
2025-11-22 22:23:24,148 - INFO - 
============================================================
2025-11-22 22:23:24,148 - INFO - EVALUATION RESULTS
2025-11-22 22:23:24,148 - INFO - ============================================================
2025-11-22 22:23:24,195 - INFO - Validation Prediction Stats:
2025-11-22 22:23:24,195 - INFO -   Std: 0.162765, Range: 0.757740, Unique ratio: 0.7385
2025-11-22 22:23:24,195 - INFO - Validation Set - MSE: 0.000682, MAE: 0.020269, RMSE: 0.026115, Pearson Correlation: 0.987493 (p=0.000000)
2025-11-22 22:23:24,241 - INFO - Test Prediction Stats:
2025-11-22 22:23:24,241 - INFO -   Std: 0.166777, Range: 0.745443, Unique ratio: 0.7737
2025-11-22 22:23:24,242 - INFO - Test Set - MSE: 0.000932, MAE: 0.022663, RMSE: 0.030532, Pearson Correlation: 0.983747 (p=0.000000)
2025-11-22 22:23:24,242 - INFO - ============================================================

2025-11-22 22:23:24,242 - INFO - Trial completed successfully
2025-11-22 22:23:24,242 - INFO - ================================================================================
2025-11-22 22:23:24,242 - INFO - Trial 3 completed. End time: 2025-11-22 22:23:24
2025-11-22 22:23:24,242 - INFO - ================================================================================
