2025-11-17 12:36:52,044 - INFO - ================================================================================
2025-11-17 12:36:52,044 - INFO - TRIAL 11 - Task: RGS (FP1/FP2 only, no CV)
2025-11-17 12:36:52,044 - INFO - Log file: ./logs_fp_no_cv/trial11_RGS_20251117_093635.log
2025-11-17 12:36:52,044 - INFO - Start time: 2025-11-17 12:36:52
2025-11-17 12:36:52,044 - INFO - ================================================================================
2025-11-17 12:36:52,046 - INFO - START TRAINING - Task: RGS (FP1/FP2 only, no CV)
2025-11-17 12:36:52,046 - INFO - Learning rate: 0.005, Epochs: 200, Batches: 8
2025-11-17 12:36:52,046 - INFO - Data split: 70% train / 15% validation / 15% test
2025-11-17 12:36:52,046 - INFO - Loading dataset (FP1/FP2 channels only, fixed split)...
2025-11-17 12:36:52,058 - INFO - Dataset shapes - Train: (617, 2, 25, 1), Valid: (130, 2, 25, 1), Test: (138, 2, 25, 1)
2025-11-17 12:36:52,059 - INFO - Applied feature normalization (StandardScaler)
2025-11-17 12:36:52,059 - INFO - Initializing VIGNet-FP model (2 channels)...
2025-11-17 12:36:52,063 - INFO - Number of batch iterations per epoch: 77
2025-11-17 12:37:00,206 - INFO - Epoch: 1, Training Loss: 0.0269, Validation Loss: 0.0173
2025-11-17 12:37:00,211 - INFO -   → New best validation loss: 0.0173
2025-11-17 12:37:08,603 - INFO - Epoch: 2, Training Loss: 0.0177, Validation Loss: 0.0164
2025-11-17 12:37:08,604 - INFO -   → New best validation loss: 0.0164
2025-11-17 12:37:17,646 - INFO - Epoch: 3, Training Loss: 0.0163, Validation Loss: 0.0169
2025-11-17 12:37:25,295 - INFO - Epoch: 4, Training Loss: 0.0158, Validation Loss: 0.0311
2025-11-17 12:37:35,306 - INFO - Epoch: 5, Training Loss: 0.0155, Validation Loss: 0.0137
2025-11-17 12:37:35,310 - INFO -   → New best validation loss: 0.0137
2025-11-17 12:37:47,270 - INFO - Epoch: 6, Training Loss: 0.0131, Validation Loss: 0.0140
2025-11-17 12:37:55,592 - INFO - Epoch: 7, Training Loss: 0.0126, Validation Loss: 0.0130
2025-11-17 12:37:55,593 - INFO -   → New best validation loss: 0.0130
2025-11-17 12:38:03,196 - INFO - Epoch: 8, Training Loss: 0.0117, Validation Loss: 0.0109
2025-11-17 12:38:03,197 - INFO -   → New best validation loss: 0.0109
2025-11-17 12:38:11,909 - INFO - Epoch: 9, Training Loss: 0.0108, Validation Loss: 0.0134
2025-11-17 12:38:23,904 - INFO - Epoch: 10, Training Loss: 0.0113, Validation Loss: 0.0104
2025-11-17 12:38:23,910 - INFO -   → New best validation loss: 0.0104
2025-11-17 12:38:34,745 - INFO - Epoch: 11, Training Loss: 0.0100, Validation Loss: 0.0109
2025-11-17 12:38:42,710 - INFO - Epoch: 12, Training Loss: 0.0103, Validation Loss: 0.0100
2025-11-17 12:38:42,711 - INFO -   → New best validation loss: 0.0100
2025-11-17 12:38:50,442 - INFO - Epoch: 13, Training Loss: 0.0091, Validation Loss: 0.0100
2025-11-17 12:38:55,362 - INFO - Epoch: 14, Training Loss: 0.0108, Validation Loss: 0.0101
2025-11-17 12:39:05,192 - INFO - Epoch: 15, Training Loss: 0.0094, Validation Loss: 0.0103
2025-11-17 12:39:13,013 - INFO - Epoch: 16, Training Loss: 0.0094, Validation Loss: 0.0090
2025-11-17 12:39:13,017 - INFO -   → New best validation loss: 0.0090
2025-11-17 12:39:21,160 - INFO - Epoch: 17, Training Loss: 0.0086, Validation Loss: 0.0160
2025-11-17 12:39:29,188 - INFO - Epoch: 18, Training Loss: 0.0091, Validation Loss: 0.0110
2025-11-17 12:39:39,063 - INFO - Epoch: 19, Training Loss: 0.0084, Validation Loss: 0.0088
2025-11-17 12:39:39,068 - INFO -   → New best validation loss: 0.0088
2025-11-17 12:39:48,859 - INFO - Epoch: 20, Training Loss: 0.0077, Validation Loss: 0.0074
2025-11-17 12:39:48,860 - INFO -   → New best validation loss: 0.0074
2025-11-17 12:40:01,765 - INFO - Epoch: 21, Training Loss: 0.0073, Validation Loss: 0.0079
2025-11-17 12:40:10,229 - INFO - Epoch: 22, Training Loss: 0.0073, Validation Loss: 0.0070
2025-11-17 12:40:10,230 - INFO -   → New best validation loss: 0.0070
2025-11-17 12:40:20,358 - INFO - Epoch: 23, Training Loss: 0.0075, Validation Loss: 0.0075
2025-11-17 12:40:28,986 - INFO - Epoch: 24, Training Loss: 0.0063, Validation Loss: 0.0075
2025-11-17 12:40:40,165 - INFO - Epoch: 25, Training Loss: 0.0071, Validation Loss: 0.0068
2025-11-17 12:40:40,169 - INFO -   → New best validation loss: 0.0068
2025-11-17 12:40:48,859 - INFO - Epoch: 26, Training Loss: 0.0061, Validation Loss: 0.0055
2025-11-17 12:40:48,860 - INFO -   → New best validation loss: 0.0055
2025-11-17 12:40:55,839 - INFO - Epoch: 27, Training Loss: 0.0057, Validation Loss: 0.0065
2025-11-17 12:41:03,477 - INFO - Epoch: 28, Training Loss: 0.0051, Validation Loss: 0.0065
2025-11-17 12:41:11,085 - INFO - Epoch: 29, Training Loss: 0.0049, Validation Loss: 0.0063
2025-11-17 12:41:21,915 - INFO - Epoch: 30, Training Loss: 0.0053, Validation Loss: 0.0066
2025-11-17 12:41:32,588 - INFO - Epoch: 31, Training Loss: 0.0047, Validation Loss: 0.0074
2025-11-17 12:41:43,831 - INFO - Epoch: 32, Training Loss: 0.0045, Validation Loss: 0.0063
2025-11-17 12:41:53,287 - INFO - Epoch: 33, Training Loss: 0.0043, Validation Loss: 0.0045
2025-11-17 12:41:53,292 - INFO -   → New best validation loss: 0.0045
2025-11-17 12:42:02,638 - INFO - Epoch: 34, Training Loss: 0.0034, Validation Loss: 0.0059
2025-11-17 12:42:11,453 - INFO - Epoch: 35, Training Loss: 0.0037, Validation Loss: 0.0037
2025-11-17 12:42:11,454 - INFO -   → New best validation loss: 0.0037
2025-11-17 12:42:22,681 - INFO - Epoch: 36, Training Loss: 0.0034, Validation Loss: 0.0039
2025-11-17 12:42:30,773 - INFO - Epoch: 37, Training Loss: 0.0035, Validation Loss: 0.0057
2025-11-17 12:42:39,110 - INFO - Epoch: 38, Training Loss: 0.0034, Validation Loss: 0.0042
2025-11-17 12:42:49,842 - INFO - Epoch: 39, Training Loss: 0.0034, Validation Loss: 0.0032
2025-11-17 12:42:49,843 - INFO -   → New best validation loss: 0.0032
2025-11-17 12:43:02,238 - INFO - Epoch: 40, Training Loss: 0.0031, Validation Loss: 0.0035
2025-11-17 12:43:11,048 - INFO - Epoch: 41, Training Loss: 0.0030, Validation Loss: 0.0040
2025-11-17 12:43:20,542 - INFO - Epoch: 42, Training Loss: 0.0031, Validation Loss: 0.0055
2025-11-17 12:43:28,322 - INFO - Epoch: 43, Training Loss: 0.0028, Validation Loss: 0.0030
2025-11-17 12:43:28,326 - INFO -   → New best validation loss: 0.0030
2025-11-17 12:43:36,801 - INFO - Epoch: 44, Training Loss: 0.0022, Validation Loss: 0.0046
2025-11-17 12:43:45,666 - INFO - Epoch: 45, Training Loss: 0.0029, Validation Loss: 0.0052
2025-11-17 12:43:52,916 - INFO - Epoch: 46, Training Loss: 0.0023, Validation Loss: 0.0033
2025-11-17 12:44:01,727 - INFO - Epoch: 47, Training Loss: 0.0026, Validation Loss: 0.0035
2025-11-17 12:44:12,257 - INFO - Epoch: 48, Training Loss: 0.0021, Validation Loss: 0.0028
2025-11-17 12:44:12,261 - INFO -   → New best validation loss: 0.0028
2025-11-17 12:44:22,445 - INFO - Epoch: 49, Training Loss: 0.0019, Validation Loss: 0.0030
2025-11-17 12:44:31,303 - INFO - Epoch: 50, Training Loss: 0.0019, Validation Loss: 0.0025
2025-11-17 12:44:31,304 - INFO -   → New best validation loss: 0.0025
2025-11-17 12:44:41,385 - INFO - Epoch: 51, Training Loss: 0.0019, Validation Loss: 0.0029
2025-11-17 12:44:52,301 - INFO - Epoch: 52, Training Loss: 0.0020, Validation Loss: 0.0030
2025-11-17 12:45:01,762 - INFO - Epoch: 53, Training Loss: 0.0023, Validation Loss: 0.0035
2025-11-17 12:45:08,639 - INFO - Epoch: 54, Training Loss: 0.0032, Validation Loss: 0.0032
2025-11-17 12:45:17,214 - INFO - Epoch: 55, Training Loss: 0.0020, Validation Loss: 0.0034
2025-11-17 12:45:28,012 - INFO - Epoch: 56, Training Loss: 0.0021, Validation Loss: 0.0025
2025-11-17 12:45:38,391 - INFO - Epoch: 57, Training Loss: 0.0017, Validation Loss: 0.0034
2025-11-17 12:45:48,877 - INFO - Epoch: 58, Training Loss: 0.0016, Validation Loss: 0.0046
2025-11-17 12:45:54,749 - INFO - Epoch: 59, Training Loss: 0.0016, Validation Loss: 0.0030
2025-11-17 12:46:01,882 - INFO - Epoch: 60, Training Loss: 0.0018, Validation Loss: 0.0027
2025-11-17 12:46:10,122 - INFO - Epoch: 61, Training Loss: 0.0016, Validation Loss: 0.0023
2025-11-17 12:46:10,123 - INFO -   → New best validation loss: 0.0023
2025-11-17 12:46:20,354 - INFO - Epoch: 62, Training Loss: 0.0014, Validation Loss: 0.0027
2025-11-17 12:46:27,398 - INFO - Epoch: 63, Training Loss: 0.0016, Validation Loss: 0.0030
2025-11-17 12:46:35,165 - INFO - Epoch: 64, Training Loss: 0.0016, Validation Loss: 0.0022
2025-11-17 12:46:35,166 - INFO -   → New best validation loss: 0.0022
2025-11-17 12:46:45,387 - INFO - Epoch: 65, Training Loss: 0.0015, Validation Loss: 0.0020
2025-11-17 12:46:45,388 - INFO -   → New best validation loss: 0.0020
2025-11-17 12:46:51,627 - INFO - Epoch: 66, Training Loss: 0.0014, Validation Loss: 0.0023
2025-11-17 12:47:00,711 - INFO - Epoch: 67, Training Loss: 0.0020, Validation Loss: 0.0027
2025-11-17 12:47:08,255 - INFO - Epoch: 68, Training Loss: 0.0013, Validation Loss: 0.0028
2025-11-17 12:47:16,797 - INFO - Epoch: 69, Training Loss: 0.0016, Validation Loss: 0.0025
2025-11-17 12:47:25,436 - INFO - Epoch: 70, Training Loss: 0.0014, Validation Loss: 0.0029
2025-11-17 12:47:32,588 - INFO - Epoch: 71, Training Loss: 0.0012, Validation Loss: 0.0023
2025-11-17 12:47:40,592 - INFO - Epoch: 72, Training Loss: 0.0012, Validation Loss: 0.0031
2025-11-17 12:47:49,636 - INFO - Epoch: 73, Training Loss: 0.0014, Validation Loss: 0.0042
2025-11-17 12:48:00,098 - INFO - Epoch: 74, Training Loss: 0.0012, Validation Loss: 0.0024
2025-11-17 12:48:06,813 - INFO - Epoch: 75, Training Loss: 0.0013, Validation Loss: 0.0025
2025-11-17 12:48:17,190 - INFO - Epoch: 76, Training Loss: 0.0014, Validation Loss: 0.0019
2025-11-17 12:48:17,192 - INFO -   → New best validation loss: 0.0019
2025-11-17 12:48:25,272 - INFO - Epoch: 77, Training Loss: 0.0013, Validation Loss: 0.0021
2025-11-17 12:48:33,810 - INFO - Epoch: 78, Training Loss: 0.0016, Validation Loss: 0.0017
2025-11-17 12:48:33,812 - INFO -   → New best validation loss: 0.0017
2025-11-17 12:48:43,528 - INFO - Epoch: 79, Training Loss: 0.0013, Validation Loss: 0.0016
2025-11-17 12:48:43,529 - INFO -   → New best validation loss: 0.0016
2025-11-17 12:48:53,368 - INFO - Epoch: 80, Training Loss: 0.0011, Validation Loss: 0.0029
2025-11-17 12:49:02,880 - INFO - Epoch: 81, Training Loss: 0.0014, Validation Loss: 0.0016
2025-11-17 12:49:02,882 - INFO -   → New best validation loss: 0.0016
2025-11-17 12:49:11,998 - INFO - Epoch: 82, Training Loss: 0.0016, Validation Loss: 0.0026
2025-11-17 12:49:19,747 - INFO - Epoch: 83, Training Loss: 0.0013, Validation Loss: 0.0028
2025-11-17 12:49:29,039 - INFO - Epoch: 84, Training Loss: 0.0014, Validation Loss: 0.0027
2025-11-17 12:49:40,535 - INFO - Epoch: 85, Training Loss: 0.0013, Validation Loss: 0.0017
2025-11-17 12:49:48,395 - INFO - Epoch: 86, Training Loss: 0.0012, Validation Loss: 0.0025
2025-11-17 12:49:59,987 - INFO - Epoch: 87, Training Loss: 0.0011, Validation Loss: 0.0016
2025-11-17 12:49:59,988 - INFO -   → New best validation loss: 0.0016
2025-11-17 12:50:07,840 - INFO - Epoch: 88, Training Loss: 0.0013, Validation Loss: 0.0021
2025-11-17 12:50:17,686 - INFO - Epoch: 89, Training Loss: 0.0014, Validation Loss: 0.0021
2025-11-17 12:50:26,652 - INFO - Epoch: 90, Training Loss: 0.0010, Validation Loss: 0.0014
2025-11-17 12:50:26,652 - INFO -   → New best validation loss: 0.0014
2025-11-17 12:50:35,001 - INFO - Epoch: 91, Training Loss: 0.0015, Validation Loss: 0.0016
2025-11-17 12:50:45,271 - INFO - Epoch: 92, Training Loss: 0.0011, Validation Loss: 0.0017
2025-11-17 12:50:55,041 - INFO - Epoch: 93, Training Loss: 0.0011, Validation Loss: 0.0015
2025-11-17 12:51:04,233 - INFO - Epoch: 94, Training Loss: 0.0012, Validation Loss: 0.0015
2025-11-17 12:51:12,803 - INFO - Epoch: 95, Training Loss: 0.0013, Validation Loss: 0.0037
2025-11-17 12:51:22,738 - INFO - Epoch: 96, Training Loss: 0.0014, Validation Loss: 0.0023
2025-11-17 12:51:29,246 - INFO - Epoch: 97, Training Loss: 0.0013, Validation Loss: 0.0033
2025-11-17 12:51:39,673 - INFO - Epoch: 98, Training Loss: 0.0012, Validation Loss: 0.0017
2025-11-17 12:51:49,371 - INFO - Epoch: 99, Training Loss: 0.0014, Validation Loss: 0.0022
2025-11-17 12:52:01,236 - INFO - Epoch: 100, Training Loss: 0.0013, Validation Loss: 0.0020
2025-11-17 12:52:09,101 - INFO - Epoch: 101, Training Loss: 0.0011, Validation Loss: 0.0015
2025-11-17 12:52:16,842 - INFO - Epoch: 102, Training Loss: 0.0011, Validation Loss: 0.0015
2025-11-17 12:52:25,833 - INFO - Epoch: 103, Training Loss: 0.0011, Validation Loss: 0.0021
2025-11-17 12:52:33,361 - INFO - Epoch: 104, Training Loss: 0.0011, Validation Loss: 0.0019
2025-11-17 12:52:40,958 - INFO - Epoch: 105, Training Loss: 0.0014, Validation Loss: 0.0020
2025-11-17 12:52:49,267 - INFO - Epoch: 106, Training Loss: 0.0011, Validation Loss: 0.0014
2025-11-17 12:52:57,950 - INFO - Epoch: 107, Training Loss: 0.0009, Validation Loss: 0.0025
2025-11-17 12:53:06,620 - INFO - Epoch: 108, Training Loss: 0.0014, Validation Loss: 0.0019
2025-11-17 12:53:15,629 - INFO - Epoch: 109, Training Loss: 0.0013, Validation Loss: 0.0026
2025-11-17 12:53:25,754 - INFO - Epoch: 110, Training Loss: 0.0014, Validation Loss: 0.0016
2025-11-17 12:53:25,754 - INFO - Early stopping triggered at epoch 110
2025-11-17 12:53:25,754 - INFO - Best validation loss: 0.0014
2025-11-17 12:53:25,758 - INFO - Restored best model weights
2025-11-17 12:53:25,758 - INFO - 
============================================================
2025-11-17 12:53:25,758 - INFO - EVALUATION RESULTS
2025-11-17 12:53:25,758 - INFO - ============================================================
2025-11-17 12:53:25,802 - INFO - Validation Prediction Stats:
2025-11-17 12:53:25,802 - INFO -   Std: 0.122677, Range: 0.596620, Unique ratio: 0.6692
2025-11-17 12:53:25,803 - INFO - Validation Set - MSE: 0.001514, MAE: 0.029329, RMSE: 0.038908, Pearson Correlation: 0.956229 (p=0.000000)
2025-11-17 12:53:25,846 - INFO - Test Prediction Stats:
2025-11-17 12:53:25,846 - INFO -   Std: 0.122452, Range: 0.558732, Unique ratio: 0.7536
2025-11-17 12:53:25,847 - INFO - Test Set - MSE: 0.001364, MAE: 0.026762, RMSE: 0.036938, Pearson Correlation: 0.967397 (p=0.000000)
2025-11-17 12:53:25,847 - INFO - ============================================================

2025-11-17 12:53:25,847 - INFO - Trial completed successfully
2025-11-17 12:53:25,847 - INFO - ================================================================================
2025-11-17 12:53:25,847 - INFO - Trial 11 completed. End time: 2025-11-17 12:53:25
2025-11-17 12:53:25,847 - INFO - ================================================================================
