2025-11-17 14:29:43,664 - INFO - ================================================================================
2025-11-17 14:29:43,664 - INFO - TRIAL 17 - Task: RGS (FP1/FP2 only, no CV)
2025-11-17 14:29:43,664 - INFO - Log file: ./logs_fp_no_cv/trial17_RGS_20251117_093635.log
2025-11-17 14:29:43,664 - INFO - Start time: 2025-11-17 14:29:43
2025-11-17 14:29:43,664 - INFO - ================================================================================
2025-11-17 14:29:43,666 - INFO - START TRAINING - Task: RGS (FP1/FP2 only, no CV)
2025-11-17 14:29:43,666 - INFO - Learning rate: 0.005, Epochs: 200, Batches: 8
2025-11-17 14:29:43,666 - INFO - Data split: 70% train / 15% validation / 15% test
2025-11-17 14:29:43,666 - INFO - Loading dataset (FP1/FP2 channels only, fixed split)...
2025-11-17 14:29:43,679 - INFO - Dataset shapes - Train: (617, 2, 25, 1), Valid: (130, 2, 25, 1), Test: (138, 2, 25, 1)
2025-11-17 14:29:43,680 - INFO - Applied feature normalization (StandardScaler)
2025-11-17 14:29:43,681 - INFO - Initializing VIGNet-FP model (2 channels)...
2025-11-17 14:29:43,689 - INFO - Number of batch iterations per epoch: 77
2025-11-17 14:29:51,325 - INFO - Epoch: 1, Training Loss: 0.0623, Validation Loss: 0.0344
2025-11-17 14:29:51,328 - INFO -   → New best validation loss: 0.0344
2025-11-17 14:29:57,338 - INFO - Epoch: 2, Training Loss: 0.0288, Validation Loss: 0.0216
2025-11-17 14:29:57,339 - INFO -   → New best validation loss: 0.0216
2025-11-17 14:30:07,873 - INFO - Epoch: 3, Training Loss: 0.0104, Validation Loss: 0.0063
2025-11-17 14:30:07,874 - INFO -   → New best validation loss: 0.0063
2025-11-17 14:30:13,297 - INFO - Epoch: 4, Training Loss: 0.0078, Validation Loss: 0.0073
2025-11-17 14:30:21,796 - INFO - Epoch: 5, Training Loss: 0.0069, Validation Loss: 0.0065
2025-11-17 14:30:31,333 - INFO - Epoch: 6, Training Loss: 0.0061, Validation Loss: 0.0041
2025-11-17 14:30:31,334 - INFO -   → New best validation loss: 0.0041
2025-11-17 14:30:38,569 - INFO - Epoch: 7, Training Loss: 0.0057, Validation Loss: 0.0042
2025-11-17 14:30:47,213 - INFO - Epoch: 8, Training Loss: 0.0042, Validation Loss: 0.0040
2025-11-17 14:30:47,213 - INFO -   → New best validation loss: 0.0040
2025-11-17 14:30:58,967 - INFO - Epoch: 9, Training Loss: 0.0046, Validation Loss: 0.0031
2025-11-17 14:30:58,971 - INFO -   → New best validation loss: 0.0031
2025-11-17 14:31:11,749 - INFO - Epoch: 10, Training Loss: 0.0037, Validation Loss: 0.0023
2025-11-17 14:31:11,750 - INFO -   → New best validation loss: 0.0023
2025-11-17 14:31:20,268 - INFO - Epoch: 11, Training Loss: 0.0034, Validation Loss: 0.0038
2025-11-17 14:31:29,406 - INFO - Epoch: 12, Training Loss: 0.0033, Validation Loss: 0.0037
2025-11-17 14:31:38,010 - INFO - Epoch: 13, Training Loss: 0.0030, Validation Loss: 0.0022
2025-11-17 14:31:38,011 - INFO -   → New best validation loss: 0.0022
2025-11-17 14:31:46,793 - INFO - Epoch: 14, Training Loss: 0.0026, Validation Loss: 0.0027
2025-11-17 14:31:55,204 - INFO - Epoch: 15, Training Loss: 0.0027, Validation Loss: 0.0019
2025-11-17 14:31:55,205 - INFO -   → New best validation loss: 0.0019
2025-11-17 14:32:03,061 - INFO - Epoch: 16, Training Loss: 0.0020, Validation Loss: 0.0021
2025-11-17 14:32:12,437 - INFO - Epoch: 17, Training Loss: 0.0019, Validation Loss: 0.0024
2025-11-17 14:32:21,060 - INFO - Epoch: 18, Training Loss: 0.0023, Validation Loss: 0.0015
2025-11-17 14:32:21,064 - INFO -   → New best validation loss: 0.0015
2025-11-17 14:32:31,299 - INFO - Epoch: 19, Training Loss: 0.0019, Validation Loss: 0.0016
2025-11-17 14:32:41,070 - INFO - Epoch: 20, Training Loss: 0.0019, Validation Loss: 0.0015
2025-11-17 14:32:50,678 - INFO - Epoch: 21, Training Loss: 0.0018, Validation Loss: 0.0011
2025-11-17 14:32:50,682 - INFO -   → New best validation loss: 0.0011
2025-11-17 14:32:57,786 - INFO - Epoch: 22, Training Loss: 0.0017, Validation Loss: 0.0012
2025-11-17 14:33:05,792 - INFO - Epoch: 23, Training Loss: 0.0020, Validation Loss: 0.0016
2025-11-17 14:33:15,513 - INFO - Epoch: 24, Training Loss: 0.0016, Validation Loss: 0.0021
2025-11-17 14:33:26,892 - INFO - Epoch: 25, Training Loss: 0.0018, Validation Loss: 0.0016
2025-11-17 14:33:34,418 - INFO - Epoch: 26, Training Loss: 0.0015, Validation Loss: 0.0011
2025-11-17 14:33:34,419 - INFO -   → New best validation loss: 0.0011
2025-11-17 14:33:41,856 - INFO - Epoch: 27, Training Loss: 0.0014, Validation Loss: 0.0021
2025-11-17 14:33:49,796 - INFO - Epoch: 28, Training Loss: 0.0012, Validation Loss: 0.0012
2025-11-17 14:33:58,767 - INFO - Epoch: 29, Training Loss: 0.0012, Validation Loss: 0.0010
2025-11-17 14:33:58,768 - INFO -   → New best validation loss: 0.0010
2025-11-17 14:34:05,318 - INFO - Epoch: 30, Training Loss: 0.0012, Validation Loss: 0.0016
2025-11-17 14:34:12,973 - INFO - Epoch: 31, Training Loss: 0.0013, Validation Loss: 0.0013
2025-11-17 14:34:20,624 - INFO - Epoch: 32, Training Loss: 0.0011, Validation Loss: 0.0008
2025-11-17 14:34:20,626 - INFO -   → New best validation loss: 0.0008
2025-11-17 14:34:29,055 - INFO - Epoch: 33, Training Loss: 0.0011, Validation Loss: 0.0014
2025-11-17 14:34:38,868 - INFO - Epoch: 34, Training Loss: 0.0012, Validation Loss: 0.0024
2025-11-17 14:34:46,855 - INFO - Epoch: 35, Training Loss: 0.0011, Validation Loss: 0.0010
2025-11-17 14:34:54,407 - INFO - Epoch: 36, Training Loss: 0.0011, Validation Loss: 0.0008
2025-11-17 14:34:54,408 - INFO -   → New best validation loss: 0.0008
2025-11-17 14:34:59,628 - INFO - Epoch: 37, Training Loss: 0.0009, Validation Loss: 0.0010
2025-11-17 14:35:09,226 - INFO - Epoch: 38, Training Loss: 0.0014, Validation Loss: 0.0013
2025-11-17 14:35:18,528 - INFO - Epoch: 39, Training Loss: 0.0009, Validation Loss: 0.0008
2025-11-17 14:35:18,529 - INFO -   → New best validation loss: 0.0008
2025-11-17 14:35:28,128 - INFO - Epoch: 40, Training Loss: 0.0010, Validation Loss: 0.0012
2025-11-17 14:35:36,111 - INFO - Epoch: 41, Training Loss: 0.0011, Validation Loss: 0.0011
2025-11-17 14:35:46,639 - INFO - Epoch: 42, Training Loss: 0.0011, Validation Loss: 0.0008
2025-11-17 14:35:54,103 - INFO - Epoch: 43, Training Loss: 0.0010, Validation Loss: 0.0011
2025-11-17 14:36:04,611 - INFO - Epoch: 44, Training Loss: 0.0009, Validation Loss: 0.0008
2025-11-17 14:36:10,515 - INFO - Epoch: 45, Training Loss: 0.0010, Validation Loss: 0.0009
2025-11-17 14:36:17,126 - INFO - Epoch: 46, Training Loss: 0.0012, Validation Loss: 0.0006
2025-11-17 14:36:17,130 - INFO -   → New best validation loss: 0.0006
2025-11-17 14:36:27,455 - INFO - Epoch: 47, Training Loss: 0.0009, Validation Loss: 0.0012
2025-11-17 14:36:35,270 - INFO - Epoch: 48, Training Loss: 0.0010, Validation Loss: 0.0010
2025-11-17 14:36:44,044 - INFO - Epoch: 49, Training Loss: 0.0011, Validation Loss: 0.0007
2025-11-17 14:36:51,869 - INFO - Epoch: 50, Training Loss: 0.0010, Validation Loss: 0.0019
2025-11-17 14:37:00,826 - INFO - Epoch: 51, Training Loss: 0.0012, Validation Loss: 0.0008
2025-11-17 14:37:11,690 - INFO - Epoch: 52, Training Loss: 0.0008, Validation Loss: 0.0009
2025-11-17 14:37:20,599 - INFO - Epoch: 53, Training Loss: 0.0010, Validation Loss: 0.0010
2025-11-17 14:37:27,817 - INFO - Epoch: 54, Training Loss: 0.0009, Validation Loss: 0.0009
2025-11-17 14:37:35,285 - INFO - Epoch: 55, Training Loss: 0.0008, Validation Loss: 0.0006
2025-11-17 14:37:44,842 - INFO - Epoch: 56, Training Loss: 0.0009, Validation Loss: 0.0007
2025-11-17 14:37:54,393 - INFO - Epoch: 57, Training Loss: 0.0008, Validation Loss: 0.0010
2025-11-17 14:38:03,175 - INFO - Epoch: 58, Training Loss: 0.0009, Validation Loss: 0.0010
2025-11-17 14:38:09,750 - INFO - Epoch: 59, Training Loss: 0.0009, Validation Loss: 0.0017
2025-11-17 14:38:17,695 - INFO - Epoch: 60, Training Loss: 0.0007, Validation Loss: 0.0010
2025-11-17 14:38:26,465 - INFO - Epoch: 61, Training Loss: 0.0009, Validation Loss: 0.0010
2025-11-17 14:38:34,398 - INFO - Epoch: 62, Training Loss: 0.0008, Validation Loss: 0.0007
2025-11-17 14:38:44,810 - INFO - Epoch: 63, Training Loss: 0.0009, Validation Loss: 0.0008
2025-11-17 14:38:55,831 - INFO - Epoch: 64, Training Loss: 0.0010, Validation Loss: 0.0009
2025-11-17 14:39:05,515 - INFO - Epoch: 65, Training Loss: 0.0007, Validation Loss: 0.0012
2025-11-17 14:39:13,666 - INFO - Epoch: 66, Training Loss: 0.0008, Validation Loss: 0.0012
2025-11-17 14:39:13,666 - INFO - Early stopping triggered at epoch 66
2025-11-17 14:39:13,666 - INFO - Best validation loss: 0.0006
2025-11-17 14:39:13,671 - INFO - Restored best model weights
2025-11-17 14:39:13,671 - INFO - 
============================================================
2025-11-17 14:39:13,671 - INFO - EVALUATION RESULTS
2025-11-17 14:39:13,671 - INFO - ============================================================
2025-11-17 14:39:13,866 - INFO - Validation Prediction Stats:
2025-11-17 14:39:13,866 - INFO -   Std: 0.233183, Range: 0.849368, Unique ratio: 0.6615
2025-11-17 14:39:13,867 - INFO - Validation Set - MSE: 0.002752, MAE: 0.035437, RMSE: 0.052461, Pearson Correlation: 0.985324 (p=0.000000)
2025-11-17 14:39:13,977 - INFO - Test Prediction Stats:
2025-11-17 14:39:13,977 - INFO -   Std: 0.212122, Range: 0.719817, Unique ratio: 0.6232
2025-11-17 14:39:13,978 - INFO - Test Set - MSE: 0.000862, MAE: 0.021350, RMSE: 0.029367, Pearson Correlation: 0.992138 (p=0.000000)
2025-11-17 14:39:13,978 - INFO - ============================================================

2025-11-17 14:39:13,978 - INFO - Trial completed successfully
2025-11-17 14:39:13,978 - INFO - ================================================================================
2025-11-17 14:39:13,978 - INFO - Trial 17 completed. End time: 2025-11-17 14:39:13
2025-11-17 14:39:13,978 - INFO - ================================================================================
