2025-11-22 21:54:37,764 - INFO - ================================================================================
2025-11-22 21:54:37,764 - INFO - TRIAL 2 - Task: RGS (FP1/FP2 only, no CV)
2025-11-22 21:54:37,764 - INFO - Log file: ./logs_fp_no_cv/trial2_RGS_20251122_213534.log
2025-11-22 21:54:37,764 - INFO - Start time: 2025-11-22 21:54:37
2025-11-22 21:54:37,764 - INFO - ================================================================================
2025-11-22 21:54:37,771 - INFO - START TRAINING - Task: RGS (FP1/FP2 only, no CV)
2025-11-22 21:54:37,771 - INFO - Learning rate: 0.005, Epochs: 200, Batches: 8
2025-11-22 21:54:37,771 - INFO - Data split: 70% train / 15% validation / 15% test
2025-11-22 21:54:37,772 - INFO - Loading dataset (FP1/FP2 channels only, fixed split)...
2025-11-22 21:54:37,809 - INFO - Dataset shapes - Train: (616, 2, 25, 1), Valid: (130, 2, 25, 1), Test: (139, 2, 25, 1)
2025-11-22 21:54:37,809 - INFO - Applied feature normalization (StandardScaler)
2025-11-22 21:54:37,810 - INFO - Initializing VIGNet-FP model (2 channels)...
2025-11-22 21:54:37,817 - INFO - Number of batch iterations per epoch: 77
2025-11-22 21:54:46,147 - INFO - Epoch: 1, Training Loss: 0.0302, Validation Loss: 0.0250
2025-11-22 21:54:46,148 - INFO -   → New best validation loss: 0.0250
2025-11-22 21:54:56,993 - INFO - Epoch: 2, Training Loss: 0.0223, Validation Loss: 0.0140
2025-11-22 21:54:56,994 - INFO -   → New best validation loss: 0.0140
2025-11-22 21:55:04,243 - INFO - Epoch: 3, Training Loss: 0.0149, Validation Loss: 0.0146
2025-11-22 21:55:12,907 - INFO - Epoch: 4, Training Loss: 0.0113, Validation Loss: 0.0095
2025-11-22 21:55:12,908 - INFO -   → New best validation loss: 0.0095
2025-11-22 21:55:19,536 - INFO - Epoch: 5, Training Loss: 0.0109, Validation Loss: 0.0103
2025-11-22 21:55:28,942 - INFO - Epoch: 6, Training Loss: 0.0079, Validation Loss: 0.0065
2025-11-22 21:55:28,943 - INFO -   → New best validation loss: 0.0065
2025-11-22 21:55:38,342 - INFO - Epoch: 7, Training Loss: 0.0071, Validation Loss: 0.0049
2025-11-22 21:55:38,343 - INFO -   → New best validation loss: 0.0049
2025-11-22 21:55:47,349 - INFO - Epoch: 8, Training Loss: 0.0048, Validation Loss: 0.0049
2025-11-22 21:55:55,767 - INFO - Epoch: 9, Training Loss: 0.0043, Validation Loss: 0.0051
2025-11-22 21:56:03,942 - INFO - Epoch: 10, Training Loss: 0.0039, Validation Loss: 0.0031
2025-11-22 21:56:03,948 - INFO -   → New best validation loss: 0.0031
2025-11-22 21:56:11,631 - INFO - Epoch: 11, Training Loss: 0.0030, Validation Loss: 0.0038
2025-11-22 21:56:21,279 - INFO - Epoch: 12, Training Loss: 0.0031, Validation Loss: 0.0029
2025-11-22 21:56:21,280 - INFO -   → New best validation loss: 0.0029
2025-11-22 21:56:30,626 - INFO - Epoch: 13, Training Loss: 0.0025, Validation Loss: 0.0022
2025-11-22 21:56:30,630 - INFO -   → New best validation loss: 0.0022
2025-11-22 21:56:39,753 - INFO - Epoch: 14, Training Loss: 0.0022, Validation Loss: 0.0022
2025-11-22 21:56:51,845 - INFO - Epoch: 15, Training Loss: 0.0019, Validation Loss: 0.0044
2025-11-22 21:56:59,516 - INFO - Epoch: 16, Training Loss: 0.0021, Validation Loss: 0.0019
2025-11-22 21:56:59,521 - INFO -   → New best validation loss: 0.0019
2025-11-22 21:57:05,160 - INFO - Epoch: 17, Training Loss: 0.0019, Validation Loss: 0.0018
2025-11-22 21:57:05,161 - INFO -   → New best validation loss: 0.0018
2025-11-22 21:57:13,762 - INFO - Epoch: 18, Training Loss: 0.0018, Validation Loss: 0.0023
2025-11-22 21:57:20,548 - INFO - Epoch: 19, Training Loss: 0.0027, Validation Loss: 0.0018
2025-11-22 21:57:28,720 - INFO - Epoch: 20, Training Loss: 0.0014, Validation Loss: 0.0021
2025-11-22 21:57:38,116 - INFO - Epoch: 21, Training Loss: 0.0014, Validation Loss: 0.0016
2025-11-22 21:57:38,117 - INFO -   → New best validation loss: 0.0016
2025-11-22 21:57:47,330 - INFO - Epoch: 22, Training Loss: 0.0016, Validation Loss: 0.0014
2025-11-22 21:57:47,331 - INFO -   → New best validation loss: 0.0014
2025-11-22 21:57:57,133 - INFO - Epoch: 23, Training Loss: 0.0013, Validation Loss: 0.0014
2025-11-22 21:57:57,134 - INFO -   → New best validation loss: 0.0014
2025-11-22 21:58:07,476 - INFO - Epoch: 24, Training Loss: 0.0016, Validation Loss: 0.0019
2025-11-22 21:58:15,852 - INFO - Epoch: 25, Training Loss: 0.0016, Validation Loss: 0.0013
2025-11-22 21:58:15,853 - INFO -   → New best validation loss: 0.0013
2025-11-22 21:58:24,467 - INFO - Epoch: 26, Training Loss: 0.0012, Validation Loss: 0.0016
2025-11-22 21:58:34,365 - INFO - Epoch: 27, Training Loss: 0.0011, Validation Loss: 0.0020
2025-11-22 21:58:43,154 - INFO - Epoch: 28, Training Loss: 0.0011, Validation Loss: 0.0018
2025-11-22 21:58:53,134 - INFO - Epoch: 29, Training Loss: 0.0015, Validation Loss: 0.0013
2025-11-22 21:58:53,135 - INFO -   → New best validation loss: 0.0013
2025-11-22 21:59:04,700 - INFO - Epoch: 30, Training Loss: 0.0014, Validation Loss: 0.0020
2025-11-22 21:59:12,683 - INFO - Epoch: 31, Training Loss: 0.0012, Validation Loss: 0.0014
2025-11-22 21:59:21,983 - INFO - Epoch: 32, Training Loss: 0.0012, Validation Loss: 0.0020
2025-11-22 21:59:30,286 - INFO - Epoch: 33, Training Loss: 0.0015, Validation Loss: 0.0009
2025-11-22 21:59:30,290 - INFO -   → New best validation loss: 0.0009
2025-11-22 21:59:38,302 - INFO - Epoch: 34, Training Loss: 0.0012, Validation Loss: 0.0015
2025-11-22 21:59:46,936 - INFO - Epoch: 35, Training Loss: 0.0009, Validation Loss: 0.0008
2025-11-22 21:59:46,937 - INFO -   → New best validation loss: 0.0008
2025-11-22 21:59:57,933 - INFO - Epoch: 36, Training Loss: 0.0012, Validation Loss: 0.0021
2025-11-22 22:00:06,850 - INFO - Epoch: 37, Training Loss: 0.0012, Validation Loss: 0.0008
2025-11-22 22:00:16,061 - INFO - Epoch: 38, Training Loss: 0.0008, Validation Loss: 0.0007
2025-11-22 22:00:16,061 - INFO -   → New best validation loss: 0.0007
2025-11-22 22:00:25,163 - INFO - Epoch: 39, Training Loss: 0.0007, Validation Loss: 0.0010
2025-11-22 22:00:30,183 - INFO - Epoch: 40, Training Loss: 0.0009, Validation Loss: 0.0014
2025-11-22 22:00:39,678 - INFO - Epoch: 41, Training Loss: 0.0010, Validation Loss: 0.0009
2025-11-22 22:00:50,293 - INFO - Epoch: 42, Training Loss: 0.0014, Validation Loss: 0.0011
2025-11-22 22:00:58,193 - INFO - Epoch: 43, Training Loss: 0.0009, Validation Loss: 0.0011
2025-11-22 22:01:05,796 - INFO - Epoch: 44, Training Loss: 0.0014, Validation Loss: 0.0022
2025-11-22 22:01:16,461 - INFO - Epoch: 45, Training Loss: 0.0014, Validation Loss: 0.0014
2025-11-22 22:01:25,862 - INFO - Epoch: 46, Training Loss: 0.0010, Validation Loss: 0.0011
2025-11-22 22:01:35,766 - INFO - Epoch: 47, Training Loss: 0.0009, Validation Loss: 0.0014
2025-11-22 22:01:43,305 - INFO - Epoch: 48, Training Loss: 0.0009, Validation Loss: 0.0009
2025-11-22 22:01:51,197 - INFO - Epoch: 49, Training Loss: 0.0009, Validation Loss: 0.0013
2025-11-22 22:01:59,297 - INFO - Epoch: 50, Training Loss: 0.0009, Validation Loss: 0.0011
2025-11-22 22:02:07,373 - INFO - Epoch: 51, Training Loss: 0.0010, Validation Loss: 0.0016
2025-11-22 22:02:16,161 - INFO - Epoch: 52, Training Loss: 0.0008, Validation Loss: 0.0009
2025-11-22 22:02:23,858 - INFO - Epoch: 53, Training Loss: 0.0008, Validation Loss: 0.0011
2025-11-22 22:02:34,243 - INFO - Epoch: 54, Training Loss: 0.0009, Validation Loss: 0.0014
2025-11-22 22:02:42,672 - INFO - Epoch: 55, Training Loss: 0.0009, Validation Loss: 0.0019
2025-11-22 22:02:51,367 - INFO - Epoch: 56, Training Loss: 0.0009, Validation Loss: 0.0010
2025-11-22 22:02:58,583 - INFO - Epoch: 57, Training Loss: 0.0008, Validation Loss: 0.0006
2025-11-22 22:02:58,585 - INFO -   → New best validation loss: 0.0006
2025-11-22 22:03:08,852 - INFO - Epoch: 58, Training Loss: 0.0006, Validation Loss: 0.0007
2025-11-22 22:03:16,358 - INFO - Epoch: 59, Training Loss: 0.0007, Validation Loss: 0.0013
2025-11-22 22:03:26,653 - INFO - Epoch: 60, Training Loss: 0.0009, Validation Loss: 0.0012
2025-11-22 22:03:37,569 - INFO - Epoch: 61, Training Loss: 0.0013, Validation Loss: 0.0012
2025-11-22 22:03:45,329 - INFO - Epoch: 62, Training Loss: 0.0008, Validation Loss: 0.0010
2025-11-22 22:03:53,939 - INFO - Epoch: 63, Training Loss: 0.0007, Validation Loss: 0.0007
2025-11-22 22:04:01,242 - INFO - Epoch: 64, Training Loss: 0.0006, Validation Loss: 0.0008
2025-11-22 22:04:09,340 - INFO - Epoch: 65, Training Loss: 0.0011, Validation Loss: 0.0018
2025-11-22 22:04:17,146 - INFO - Epoch: 66, Training Loss: 0.0028, Validation Loss: 0.0011
2025-11-22 22:04:24,869 - INFO - Epoch: 67, Training Loss: 0.0011, Validation Loss: 0.0014
2025-11-22 22:04:32,315 - INFO - Epoch: 68, Training Loss: 0.0007, Validation Loss: 0.0010
2025-11-22 22:04:39,311 - INFO - Epoch: 69, Training Loss: 0.0007, Validation Loss: 0.0010
2025-11-22 22:04:47,852 - INFO - Epoch: 70, Training Loss: 0.0007, Validation Loss: 0.0011
2025-11-22 22:04:57,343 - INFO - Epoch: 71, Training Loss: 0.0008, Validation Loss: 0.0012
2025-11-22 22:05:04,490 - INFO - Epoch: 72, Training Loss: 0.0008, Validation Loss: 0.0007
2025-11-22 22:05:12,316 - INFO - Epoch: 73, Training Loss: 0.0008, Validation Loss: 0.0007
2025-11-22 22:05:20,646 - INFO - Epoch: 74, Training Loss: 0.0006, Validation Loss: 0.0010
2025-11-22 22:05:31,826 - INFO - Epoch: 75, Training Loss: 0.0007, Validation Loss: 0.0007
2025-11-22 22:05:41,481 - INFO - Epoch: 76, Training Loss: 0.0007, Validation Loss: 0.0005
2025-11-22 22:05:41,482 - INFO -   → New best validation loss: 0.0005
2025-11-22 22:05:50,396 - INFO - Epoch: 77, Training Loss: 0.0007, Validation Loss: 0.0009
2025-11-22 22:05:57,465 - INFO - Epoch: 78, Training Loss: 0.0009, Validation Loss: 0.0015
2025-11-22 22:06:08,595 - INFO - Epoch: 79, Training Loss: 0.0008, Validation Loss: 0.0009
2025-11-22 22:06:17,728 - INFO - Epoch: 80, Training Loss: 0.0008, Validation Loss: 0.0012
2025-11-22 22:06:26,734 - INFO - Epoch: 81, Training Loss: 0.0006, Validation Loss: 0.0011
2025-11-22 22:06:33,344 - INFO - Epoch: 82, Training Loss: 0.0006, Validation Loss: 0.0008
2025-11-22 22:06:41,965 - INFO - Epoch: 83, Training Loss: 0.0006, Validation Loss: 0.0007
2025-11-22 22:06:51,906 - INFO - Epoch: 84, Training Loss: 0.0008, Validation Loss: 0.0006
2025-11-22 22:07:00,234 - INFO - Epoch: 85, Training Loss: 0.0007, Validation Loss: 0.0010
2025-11-22 22:07:07,859 - INFO - Epoch: 86, Training Loss: 0.0007, Validation Loss: 0.0007
2025-11-22 22:07:19,167 - INFO - Epoch: 87, Training Loss: 0.0008, Validation Loss: 0.0010
2025-11-22 22:07:27,782 - INFO - Epoch: 88, Training Loss: 0.0009, Validation Loss: 0.0017
2025-11-22 22:07:34,931 - INFO - Epoch: 89, Training Loss: 0.0011, Validation Loss: 0.0009
2025-11-22 22:07:43,936 - INFO - Epoch: 90, Training Loss: 0.0009, Validation Loss: 0.0010
2025-11-22 22:07:52,956 - INFO - Epoch: 91, Training Loss: 0.0008, Validation Loss: 0.0008
2025-11-22 22:08:01,377 - INFO - Epoch: 92, Training Loss: 0.0008, Validation Loss: 0.0009
2025-11-22 22:08:09,552 - INFO - Epoch: 93, Training Loss: 0.0008, Validation Loss: 0.0009
2025-11-22 22:08:16,410 - INFO - Epoch: 94, Training Loss: 0.0007, Validation Loss: 0.0008
2025-11-22 22:08:25,713 - INFO - Epoch: 95, Training Loss: 0.0007, Validation Loss: 0.0007
2025-11-22 22:08:35,574 - INFO - Epoch: 96, Training Loss: 0.0007, Validation Loss: 0.0009
2025-11-22 22:08:35,574 - INFO - Early stopping triggered at epoch 96
2025-11-22 22:08:35,574 - INFO - Best validation loss: 0.0005
2025-11-22 22:08:35,579 - INFO - Restored best model weights
2025-11-22 22:08:35,579 - INFO - Starting model save process...
2025-11-22 22:08:35,579 - INFO - Creating models directory: ./logs_fp_no_cv/models
2025-11-22 22:08:35,579 - INFO - Models directory created/verified: ./logs_fp_no_cv/models
2025-11-22 22:08:35,579 - INFO - Attempting to save model to: ./logs_fp_no_cv/models/trial2_best_model
2025-11-22 22:08:35,686 - WARNING - Failed to save model in SavedModel format: in user code:

    File "/home/vivian/miniconda3/envs/seed/lib/python3.8/site-packages/keras/src/saving/legacy/saving_utils.py", line 147, in _wrapped_model  *
        outputs = model(*args, **kwargs)
    File "/home/vivian/miniconda3/envs/seed/lib/python3.8/site-packages/keras/src/utils/traceback_utils.py", line 70, in error_handler  **
        raise e.with_traceback(filtered_tb) from None
    File "/tmp/__autograph_generated_file3t0ck_8q.py", line 10, in tf__call
        att1 = ag__.converted_call(ag__.ld(self).MHRSSA, (ag__.ld(x), 10), None, fscope)
    File "/tmp/__autograph_generated_file2szops_9.py", line 41, in tf__MHRSSA
        ag__.for_stmt(ag__.converted_call(ag__.ld(range), (ag__.ld(out_filter),), None, fscope), None, loop_body, get_state_1, set_state_1, ('MHRSSA',), {'iterate_names': 'i'})
    File "/tmp/__autograph_generated_file2szops_9.py", line 21, in loop_body
        tmp = ag__.converted_call(ag__.converted_call(ag__.ld(tf).keras.layers.Conv2D, (ag__.ld(num_channel), (ag__.ld(num_channel), 1)), dict(kernel_regularizer=ag__.ld(self).regularizer, activation=None), fscope), (ag__.ld(x),), None, fscope)

    ValueError: Exception encountered when calling layer 'vignet_fp_1' (type vignet_fp).
    
    in user code:
    
        File "/home/vivian/eeg/SEED_VIG/VIGNet/network_fp.py", line 56, in call  *
            att1 = self.MHRSSA(x, 10)
        File "/home/vivian/eeg/SEED_VIG/VIGNet/network_fp.py", line 44, in MHRSSA  *
            tmp = tf.keras.layers.Conv2D(num_channel, (num_channel, 1), kernel_regularizer=self.regularizer, activation=None)(x)
        File "/home/vivian/miniconda3/envs/seed/lib/python3.8/site-packages/keras/src/utils/traceback_utils.py", line 70, in error_handler  **
            raise e.with_traceback(filtered_tb) from None
    
        ValueError: tf.function only supports singleton tf.Variables created on the first call. Make sure the tf.Variable is only created once or created outside tf.function. See https://www.tensorflow.org/guide/function#creating_tfvariables for more information.
    
    
    Call arguments received by layer 'vignet_fp_1' (type vignet_fp):
      • x=tf.Tensor(shape=(None, 2, 25, 1), dtype=float64)
      • training=False

2025-11-22 22:08:35,686 - WARNING - Traceback (most recent call last):
  File "experiment_fp_no_cv.py", line 261, in _save_model
    model.save(model_save_path, save_format='tf')
  File "/home/vivian/miniconda3/envs/seed/lib/python3.8/site-packages/keras/src/utils/traceback_utils.py", line 70, in error_handler
    raise e.with_traceback(filtered_tb) from None
  File "/tmp/__autograph_generated_fileu3w_yla6.py", line 14, in tf___wrapped_model
    outputs = ag__.converted_call(ag__.ld(model), tuple(ag__.ld(args)), dict(**ag__.ld(kwargs)), fscope)
  File "/tmp/__autograph_generated_file3t0ck_8q.py", line 10, in tf__call
    att1 = ag__.converted_call(ag__.ld(self).MHRSSA, (ag__.ld(x), 10), None, fscope)
  File "/tmp/__autograph_generated_file2szops_9.py", line 41, in tf__MHRSSA
    ag__.for_stmt(ag__.converted_call(ag__.ld(range), (ag__.ld(out_filter),), None, fscope), None, loop_body, get_state_1, set_state_1, ('MHRSSA',), {'iterate_names': 'i'})
  File "/tmp/__autograph_generated_file2szops_9.py", line 21, in loop_body
    tmp = ag__.converted_call(ag__.converted_call(ag__.ld(tf).keras.layers.Conv2D, (ag__.ld(num_channel), (ag__.ld(num_channel), 1)), dict(kernel_regularizer=ag__.ld(self).regularizer, activation=None), fscope), (ag__.ld(x),), None, fscope)
ValueError: in user code:

    File "/home/vivian/miniconda3/envs/seed/lib/python3.8/site-packages/keras/src/saving/legacy/saving_utils.py", line 147, in _wrapped_model  *
        outputs = model(*args, **kwargs)
    File "/home/vivian/miniconda3/envs/seed/lib/python3.8/site-packages/keras/src/utils/traceback_utils.py", line 70, in error_handler  **
        raise e.with_traceback(filtered_tb) from None
    File "/tmp/__autograph_generated_file3t0ck_8q.py", line 10, in tf__call
        att1 = ag__.converted_call(ag__.ld(self).MHRSSA, (ag__.ld(x), 10), None, fscope)
    File "/tmp/__autograph_generated_file2szops_9.py", line 41, in tf__MHRSSA
        ag__.for_stmt(ag__.converted_call(ag__.ld(range), (ag__.ld(out_filter),), None, fscope), None, loop_body, get_state_1, set_state_1, ('MHRSSA',), {'iterate_names': 'i'})
    File "/tmp/__autograph_generated_file2szops_9.py", line 21, in loop_body
        tmp = ag__.converted_call(ag__.converted_call(ag__.ld(tf).keras.layers.Conv2D, (ag__.ld(num_channel), (ag__.ld(num_channel), 1)), dict(kernel_regularizer=ag__.ld(self).regularizer, activation=None), fscope), (ag__.ld(x),), None, fscope)

    ValueError: Exception encountered when calling layer 'vignet_fp_1' (type vignet_fp).
    
    in user code:
    
        File "/home/vivian/eeg/SEED_VIG/VIGNet/network_fp.py", line 56, in call  *
            att1 = self.MHRSSA(x, 10)
        File "/home/vivian/eeg/SEED_VIG/VIGNet/network_fp.py", line 44, in MHRSSA  *
            tmp = tf.keras.layers.Conv2D(num_channel, (num_channel, 1), kernel_regularizer=self.regularizer, activation=None)(x)
        File "/home/vivian/miniconda3/envs/seed/lib/python3.8/site-packages/keras/src/utils/traceback_utils.py", line 70, in error_handler  **
            raise e.with_traceback(filtered_tb) from None
    
        ValueError: tf.function only supports singleton tf.Variables created on the first call. Make sure the tf.Variable is only created once or created outside tf.function. See https://www.tensorflow.org/guide/function#creating_tfvariables for more information.
    
    
    Call arguments received by layer 'vignet_fp_1' (type vignet_fp):
      • x=tf.Tensor(shape=(None, 2, 25, 1), dtype=float64)
      • training=False


2025-11-22 22:08:35,686 - INFO - Attempting to save model weights to: ./logs_fp_no_cv/models/trial2_best_weights.h5
2025-11-22 22:08:35,696 - INFO - ✓ Saved model weights to: ./logs_fp_no_cv/models/trial2_best_weights.h5
2025-11-22 22:08:35,696 - INFO - Attempting to save scaler to: ./logs_fp_no_cv/models/trial2_scaler.pkl
2025-11-22 22:08:35,696 - INFO - ✓ Saved scaler to: ./logs_fp_no_cv/models/trial2_scaler.pkl
2025-11-22 22:08:35,696 - INFO - Attempting to save metadata to: ./logs_fp_no_cv/models/trial2_metadata.pkl
2025-11-22 22:08:35,696 - INFO - ✓ Saved model metadata to: ./logs_fp_no_cv/models/trial2_metadata.pkl
2025-11-22 22:08:35,696 - INFO - Model save process completed
2025-11-22 22:08:35,696 - INFO - 
============================================================
2025-11-22 22:08:35,696 - INFO - EVALUATION RESULTS
2025-11-22 22:08:35,696 - INFO - ============================================================
2025-11-22 22:08:35,883 - INFO - Validation Prediction Stats:
2025-11-22 22:08:35,883 - INFO -   Std: 0.153606, Range: 0.790490, Unique ratio: 0.5846
2025-11-22 22:08:35,885 - INFO - Validation Set - MSE: 0.000395, MAE: 0.014573, RMSE: 0.019869, Pearson Correlation: 0.993087 (p=0.000000)
2025-11-22 22:08:35,992 - INFO - Test Prediction Stats:
2025-11-22 22:08:35,992 - INFO -   Std: 0.171179, Range: 0.815137, Unique ratio: 0.6259
2025-11-22 22:08:35,992 - INFO - Test Set - MSE: 0.000701, MAE: 0.020361, RMSE: 0.026484, Pearson Correlation: 0.989463 (p=0.000000)
2025-11-22 22:08:35,992 - INFO - ============================================================

2025-11-22 22:08:35,993 - INFO - Trial completed successfully
2025-11-22 22:08:35,993 - INFO - ================================================================================
2025-11-22 22:08:35,993 - INFO - Trial 2 completed. End time: 2025-11-22 22:08:35
2025-11-22 22:08:35,993 - INFO - ================================================================================
